[2024-10-13T14:08:06.552+0100] {processor.py:186} INFO - Started process (PID=67153) to work on /opt/homebrew/Caskroom/miniconda/base/envs/airflow_env/lib/python3.9/site-packages/airflow/example_dags/plugins/workday.py
[2024-10-13T14:08:06.553+0100] {processor.py:914} INFO - Processing file /opt/homebrew/Caskroom/miniconda/base/envs/airflow_env/lib/python3.9/site-packages/airflow/example_dags/plugins/workday.py for tasks to queue
[2024-10-13T14:08:06.553+0100] {logging_mixin.py:190} INFO - [2024-10-13T14:08:06.553+0100] {dagbag.py:588} INFO - Filling up the DagBag from /opt/homebrew/Caskroom/miniconda/base/envs/airflow_env/lib/python3.9/site-packages/airflow/example_dags/plugins/workday.py
[2024-10-13T14:08:06.574+0100] {logging_mixin.py:190} INFO - [2024-10-13T14:08:06.574+0100] {workday.py:41} WARNING - Could not import pandas. Holidays will not be considered.
[2024-10-13T14:08:06.574+0100] {processor.py:927} WARNING - No viable dags retrieved from /opt/homebrew/Caskroom/miniconda/base/envs/airflow_env/lib/python3.9/site-packages/airflow/example_dags/plugins/workday.py
[2024-10-13T14:08:06.607+0100] {processor.py:208} INFO - Processing /opt/homebrew/Caskroom/miniconda/base/envs/airflow_env/lib/python3.9/site-packages/airflow/example_dags/plugins/workday.py took 0.057 seconds
[2024-10-13T14:09:45.777+0100] {processor.py:186} INFO - Started process (PID=67273) to work on /opt/homebrew/Caskroom/miniconda/base/envs/airflow_env/lib/python3.9/site-packages/airflow/example_dags/plugins/workday.py
[2024-10-13T14:09:45.778+0100] {processor.py:914} INFO - Processing file /opt/homebrew/Caskroom/miniconda/base/envs/airflow_env/lib/python3.9/site-packages/airflow/example_dags/plugins/workday.py for tasks to queue
[2024-10-13T14:09:45.778+0100] {logging_mixin.py:190} INFO - [2024-10-13T14:09:45.778+0100] {dagbag.py:588} INFO - Filling up the DagBag from /opt/homebrew/Caskroom/miniconda/base/envs/airflow_env/lib/python3.9/site-packages/airflow/example_dags/plugins/workday.py
[2024-10-13T14:09:45.798+0100] {logging_mixin.py:190} INFO - [2024-10-13T14:09:45.797+0100] {workday.py:41} WARNING - Could not import pandas. Holidays will not be considered.
[2024-10-13T14:09:45.798+0100] {processor.py:927} WARNING - No viable dags retrieved from /opt/homebrew/Caskroom/miniconda/base/envs/airflow_env/lib/python3.9/site-packages/airflow/example_dags/plugins/workday.py
[2024-10-13T14:09:45.829+0100] {processor.py:208} INFO - Processing /opt/homebrew/Caskroom/miniconda/base/envs/airflow_env/lib/python3.9/site-packages/airflow/example_dags/plugins/workday.py took 0.053 seconds
[2024-10-13T14:10:52.988+0100] {processor.py:186} INFO - Started process (PID=67340) to work on /opt/homebrew/Caskroom/miniconda/base/envs/airflow_env/lib/python3.9/site-packages/airflow/example_dags/plugins/workday.py
[2024-10-13T14:10:52.988+0100] {processor.py:914} INFO - Processing file /opt/homebrew/Caskroom/miniconda/base/envs/airflow_env/lib/python3.9/site-packages/airflow/example_dags/plugins/workday.py for tasks to queue
[2024-10-13T14:10:52.989+0100] {logging_mixin.py:190} INFO - [2024-10-13T14:10:52.989+0100] {dagbag.py:588} INFO - Filling up the DagBag from /opt/homebrew/Caskroom/miniconda/base/envs/airflow_env/lib/python3.9/site-packages/airflow/example_dags/plugins/workday.py
[2024-10-13T14:10:53.008+0100] {logging_mixin.py:190} INFO - [2024-10-13T14:10:53.008+0100] {workday.py:41} WARNING - Could not import pandas. Holidays will not be considered.
[2024-10-13T14:10:53.008+0100] {processor.py:927} WARNING - No viable dags retrieved from /opt/homebrew/Caskroom/miniconda/base/envs/airflow_env/lib/python3.9/site-packages/airflow/example_dags/plugins/workday.py
[2024-10-13T14:10:53.039+0100] {processor.py:208} INFO - Processing /opt/homebrew/Caskroom/miniconda/base/envs/airflow_env/lib/python3.9/site-packages/airflow/example_dags/plugins/workday.py took 0.053 seconds
[2024-10-13T14:11:56.812+0100] {processor.py:186} INFO - Started process (PID=67416) to work on /opt/homebrew/Caskroom/miniconda/base/envs/airflow_env/lib/python3.9/site-packages/airflow/example_dags/plugins/workday.py
[2024-10-13T14:11:56.813+0100] {processor.py:914} INFO - Processing file /opt/homebrew/Caskroom/miniconda/base/envs/airflow_env/lib/python3.9/site-packages/airflow/example_dags/plugins/workday.py for tasks to queue
[2024-10-13T14:11:56.813+0100] {logging_mixin.py:190} INFO - [2024-10-13T14:11:56.813+0100] {dagbag.py:588} INFO - Filling up the DagBag from /opt/homebrew/Caskroom/miniconda/base/envs/airflow_env/lib/python3.9/site-packages/airflow/example_dags/plugins/workday.py
[2024-10-13T14:11:56.832+0100] {logging_mixin.py:190} INFO - [2024-10-13T14:11:56.832+0100] {workday.py:41} WARNING - Could not import pandas. Holidays will not be considered.
[2024-10-13T14:11:56.832+0100] {processor.py:927} WARNING - No viable dags retrieved from /opt/homebrew/Caskroom/miniconda/base/envs/airflow_env/lib/python3.9/site-packages/airflow/example_dags/plugins/workday.py
[2024-10-13T14:11:56.863+0100] {processor.py:208} INFO - Processing /opt/homebrew/Caskroom/miniconda/base/envs/airflow_env/lib/python3.9/site-packages/airflow/example_dags/plugins/workday.py took 0.052 seconds
[2024-10-13T14:12:59.543+0100] {processor.py:186} INFO - Started process (PID=67500) to work on /opt/homebrew/Caskroom/miniconda/base/envs/airflow_env/lib/python3.9/site-packages/airflow/example_dags/plugins/workday.py
[2024-10-13T14:12:59.543+0100] {processor.py:914} INFO - Processing file /opt/homebrew/Caskroom/miniconda/base/envs/airflow_env/lib/python3.9/site-packages/airflow/example_dags/plugins/workday.py for tasks to queue
[2024-10-13T14:12:59.544+0100] {logging_mixin.py:190} INFO - [2024-10-13T14:12:59.544+0100] {dagbag.py:588} INFO - Filling up the DagBag from /opt/homebrew/Caskroom/miniconda/base/envs/airflow_env/lib/python3.9/site-packages/airflow/example_dags/plugins/workday.py
[2024-10-13T14:12:59.562+0100] {logging_mixin.py:190} INFO - [2024-10-13T14:12:59.562+0100] {workday.py:41} WARNING - Could not import pandas. Holidays will not be considered.
[2024-10-13T14:12:59.562+0100] {processor.py:927} WARNING - No viable dags retrieved from /opt/homebrew/Caskroom/miniconda/base/envs/airflow_env/lib/python3.9/site-packages/airflow/example_dags/plugins/workday.py
[2024-10-13T14:12:59.594+0100] {processor.py:208} INFO - Processing /opt/homebrew/Caskroom/miniconda/base/envs/airflow_env/lib/python3.9/site-packages/airflow/example_dags/plugins/workday.py took 0.053 seconds
[2024-10-13T14:14:04.060+0100] {processor.py:186} INFO - Started process (PID=67580) to work on /opt/homebrew/Caskroom/miniconda/base/envs/airflow_env/lib/python3.9/site-packages/airflow/example_dags/plugins/workday.py
[2024-10-13T14:14:04.061+0100] {processor.py:914} INFO - Processing file /opt/homebrew/Caskroom/miniconda/base/envs/airflow_env/lib/python3.9/site-packages/airflow/example_dags/plugins/workday.py for tasks to queue
[2024-10-13T14:14:04.061+0100] {logging_mixin.py:190} INFO - [2024-10-13T14:14:04.061+0100] {dagbag.py:588} INFO - Filling up the DagBag from /opt/homebrew/Caskroom/miniconda/base/envs/airflow_env/lib/python3.9/site-packages/airflow/example_dags/plugins/workday.py
[2024-10-13T14:14:04.079+0100] {logging_mixin.py:190} INFO - [2024-10-13T14:14:04.079+0100] {workday.py:41} WARNING - Could not import pandas. Holidays will not be considered.
[2024-10-13T14:14:04.079+0100] {processor.py:927} WARNING - No viable dags retrieved from /opt/homebrew/Caskroom/miniconda/base/envs/airflow_env/lib/python3.9/site-packages/airflow/example_dags/plugins/workday.py
[2024-10-13T14:14:04.111+0100] {processor.py:208} INFO - Processing /opt/homebrew/Caskroom/miniconda/base/envs/airflow_env/lib/python3.9/site-packages/airflow/example_dags/plugins/workday.py took 0.052 seconds
[2024-10-13T14:15:08.940+0100] {processor.py:186} INFO - Started process (PID=67629) to work on /opt/homebrew/Caskroom/miniconda/base/envs/airflow_env/lib/python3.9/site-packages/airflow/example_dags/plugins/workday.py
[2024-10-13T14:15:08.942+0100] {processor.py:914} INFO - Processing file /opt/homebrew/Caskroom/miniconda/base/envs/airflow_env/lib/python3.9/site-packages/airflow/example_dags/plugins/workday.py for tasks to queue
[2024-10-13T14:15:08.942+0100] {logging_mixin.py:190} INFO - [2024-10-13T14:15:08.942+0100] {dagbag.py:588} INFO - Filling up the DagBag from /opt/homebrew/Caskroom/miniconda/base/envs/airflow_env/lib/python3.9/site-packages/airflow/example_dags/plugins/workday.py
[2024-10-13T14:15:08.960+0100] {logging_mixin.py:190} INFO - [2024-10-13T14:15:08.960+0100] {workday.py:41} WARNING - Could not import pandas. Holidays will not be considered.
[2024-10-13T14:15:08.960+0100] {processor.py:927} WARNING - No viable dags retrieved from /opt/homebrew/Caskroom/miniconda/base/envs/airflow_env/lib/python3.9/site-packages/airflow/example_dags/plugins/workday.py
[2024-10-13T14:15:08.990+0100] {processor.py:208} INFO - Processing /opt/homebrew/Caskroom/miniconda/base/envs/airflow_env/lib/python3.9/site-packages/airflow/example_dags/plugins/workday.py took 0.051 seconds
[2024-10-13T14:16:16.311+0100] {processor.py:186} INFO - Started process (PID=67694) to work on /opt/homebrew/Caskroom/miniconda/base/envs/airflow_env/lib/python3.9/site-packages/airflow/example_dags/plugins/workday.py
[2024-10-13T14:16:16.312+0100] {processor.py:914} INFO - Processing file /opt/homebrew/Caskroom/miniconda/base/envs/airflow_env/lib/python3.9/site-packages/airflow/example_dags/plugins/workday.py for tasks to queue
[2024-10-13T14:16:16.312+0100] {logging_mixin.py:190} INFO - [2024-10-13T14:16:16.312+0100] {dagbag.py:588} INFO - Filling up the DagBag from /opt/homebrew/Caskroom/miniconda/base/envs/airflow_env/lib/python3.9/site-packages/airflow/example_dags/plugins/workday.py
[2024-10-13T14:16:16.334+0100] {logging_mixin.py:190} INFO - [2024-10-13T14:16:16.334+0100] {workday.py:41} WARNING - Could not import pandas. Holidays will not be considered.
[2024-10-13T14:16:16.334+0100] {processor.py:927} WARNING - No viable dags retrieved from /opt/homebrew/Caskroom/miniconda/base/envs/airflow_env/lib/python3.9/site-packages/airflow/example_dags/plugins/workday.py
[2024-10-13T14:16:16.369+0100] {processor.py:208} INFO - Processing /opt/homebrew/Caskroom/miniconda/base/envs/airflow_env/lib/python3.9/site-packages/airflow/example_dags/plugins/workday.py took 0.059 seconds
[2024-10-13T14:18:31.178+0100] {processor.py:186} INFO - Started process (PID=67761) to work on /opt/homebrew/Caskroom/miniconda/base/envs/airflow_env/lib/python3.9/site-packages/airflow/example_dags/plugins/workday.py
[2024-10-13T14:18:31.178+0100] {processor.py:914} INFO - Processing file /opt/homebrew/Caskroom/miniconda/base/envs/airflow_env/lib/python3.9/site-packages/airflow/example_dags/plugins/workday.py for tasks to queue
[2024-10-13T14:18:31.179+0100] {logging_mixin.py:190} INFO - [2024-10-13T14:18:31.179+0100] {dagbag.py:588} INFO - Filling up the DagBag from /opt/homebrew/Caskroom/miniconda/base/envs/airflow_env/lib/python3.9/site-packages/airflow/example_dags/plugins/workday.py
[2024-10-13T14:18:31.196+0100] {logging_mixin.py:190} INFO - [2024-10-13T14:18:31.196+0100] {workday.py:41} WARNING - Could not import pandas. Holidays will not be considered.
[2024-10-13T14:18:31.196+0100] {processor.py:927} WARNING - No viable dags retrieved from /opt/homebrew/Caskroom/miniconda/base/envs/airflow_env/lib/python3.9/site-packages/airflow/example_dags/plugins/workday.py
[2024-10-13T14:18:31.228+0100] {processor.py:208} INFO - Processing /opt/homebrew/Caskroom/miniconda/base/envs/airflow_env/lib/python3.9/site-packages/airflow/example_dags/plugins/workday.py took 0.052 seconds
[2024-10-13T15:13:42.316+0100] {processor.py:186} INFO - Started process (PID=67907) to work on /opt/homebrew/Caskroom/miniconda/base/envs/airflow_env/lib/python3.9/site-packages/airflow/example_dags/plugins/workday.py
[2024-10-13T15:13:42.317+0100] {processor.py:914} INFO - Processing file /opt/homebrew/Caskroom/miniconda/base/envs/airflow_env/lib/python3.9/site-packages/airflow/example_dags/plugins/workday.py for tasks to queue
[2024-10-13T15:13:42.317+0100] {logging_mixin.py:190} INFO - [2024-10-13T15:13:42.317+0100] {dagbag.py:588} INFO - Filling up the DagBag from /opt/homebrew/Caskroom/miniconda/base/envs/airflow_env/lib/python3.9/site-packages/airflow/example_dags/plugins/workday.py
[2024-10-13T15:13:42.337+0100] {logging_mixin.py:190} INFO - [2024-10-13T15:13:42.337+0100] {workday.py:41} WARNING - Could not import pandas. Holidays will not be considered.
[2024-10-13T15:13:42.337+0100] {processor.py:927} WARNING - No viable dags retrieved from /opt/homebrew/Caskroom/miniconda/base/envs/airflow_env/lib/python3.9/site-packages/airflow/example_dags/plugins/workday.py
[2024-10-13T15:13:42.369+0100] {processor.py:208} INFO - Processing /opt/homebrew/Caskroom/miniconda/base/envs/airflow_env/lib/python3.9/site-packages/airflow/example_dags/plugins/workday.py took 0.054 seconds
[2024-10-13T15:14:57.367+0100] {processor.py:186} INFO - Started process (PID=68017) to work on /opt/homebrew/Caskroom/miniconda/base/envs/airflow_env/lib/python3.9/site-packages/airflow/example_dags/plugins/workday.py
[2024-10-13T15:14:57.367+0100] {processor.py:914} INFO - Processing file /opt/homebrew/Caskroom/miniconda/base/envs/airflow_env/lib/python3.9/site-packages/airflow/example_dags/plugins/workday.py for tasks to queue
[2024-10-13T15:14:57.368+0100] {logging_mixin.py:190} INFO - [2024-10-13T15:14:57.368+0100] {dagbag.py:588} INFO - Filling up the DagBag from /opt/homebrew/Caskroom/miniconda/base/envs/airflow_env/lib/python3.9/site-packages/airflow/example_dags/plugins/workday.py
[2024-10-13T15:14:57.387+0100] {logging_mixin.py:190} INFO - [2024-10-13T15:14:57.387+0100] {workday.py:41} WARNING - Could not import pandas. Holidays will not be considered.
[2024-10-13T15:14:57.387+0100] {processor.py:927} WARNING - No viable dags retrieved from /opt/homebrew/Caskroom/miniconda/base/envs/airflow_env/lib/python3.9/site-packages/airflow/example_dags/plugins/workday.py
[2024-10-13T15:14:57.417+0100] {processor.py:208} INFO - Processing /opt/homebrew/Caskroom/miniconda/base/envs/airflow_env/lib/python3.9/site-packages/airflow/example_dags/plugins/workday.py took 0.052 seconds
[2024-10-13T15:16:04.028+0100] {processor.py:186} INFO - Started process (PID=68072) to work on /opt/homebrew/Caskroom/miniconda/base/envs/airflow_env/lib/python3.9/site-packages/airflow/example_dags/plugins/workday.py
[2024-10-13T15:16:04.028+0100] {processor.py:914} INFO - Processing file /opt/homebrew/Caskroom/miniconda/base/envs/airflow_env/lib/python3.9/site-packages/airflow/example_dags/plugins/workday.py for tasks to queue
[2024-10-13T15:16:04.029+0100] {logging_mixin.py:190} INFO - [2024-10-13T15:16:04.029+0100] {dagbag.py:588} INFO - Filling up the DagBag from /opt/homebrew/Caskroom/miniconda/base/envs/airflow_env/lib/python3.9/site-packages/airflow/example_dags/plugins/workday.py
[2024-10-13T15:16:04.049+0100] {logging_mixin.py:190} INFO - [2024-10-13T15:16:04.048+0100] {workday.py:41} WARNING - Could not import pandas. Holidays will not be considered.
[2024-10-13T15:16:04.049+0100] {processor.py:927} WARNING - No viable dags retrieved from /opt/homebrew/Caskroom/miniconda/base/envs/airflow_env/lib/python3.9/site-packages/airflow/example_dags/plugins/workday.py
[2024-10-13T15:16:04.079+0100] {processor.py:208} INFO - Processing /opt/homebrew/Caskroom/miniconda/base/envs/airflow_env/lib/python3.9/site-packages/airflow/example_dags/plugins/workday.py took 0.053 seconds
[2024-10-13T15:17:08.756+0100] {processor.py:186} INFO - Started process (PID=68134) to work on /opt/homebrew/Caskroom/miniconda/base/envs/airflow_env/lib/python3.9/site-packages/airflow/example_dags/plugins/workday.py
[2024-10-13T15:17:08.757+0100] {processor.py:914} INFO - Processing file /opt/homebrew/Caskroom/miniconda/base/envs/airflow_env/lib/python3.9/site-packages/airflow/example_dags/plugins/workday.py for tasks to queue
[2024-10-13T15:17:08.757+0100] {logging_mixin.py:190} INFO - [2024-10-13T15:17:08.757+0100] {dagbag.py:588} INFO - Filling up the DagBag from /opt/homebrew/Caskroom/miniconda/base/envs/airflow_env/lib/python3.9/site-packages/airflow/example_dags/plugins/workday.py
[2024-10-13T15:17:08.777+0100] {logging_mixin.py:190} INFO - [2024-10-13T15:17:08.776+0100] {workday.py:41} WARNING - Could not import pandas. Holidays will not be considered.
[2024-10-13T15:17:08.777+0100] {processor.py:927} WARNING - No viable dags retrieved from /opt/homebrew/Caskroom/miniconda/base/envs/airflow_env/lib/python3.9/site-packages/airflow/example_dags/plugins/workday.py
[2024-10-13T15:17:08.807+0100] {processor.py:208} INFO - Processing /opt/homebrew/Caskroom/miniconda/base/envs/airflow_env/lib/python3.9/site-packages/airflow/example_dags/plugins/workday.py took 0.052 seconds
[2024-10-13T15:18:14.503+0100] {processor.py:186} INFO - Started process (PID=68193) to work on /opt/homebrew/Caskroom/miniconda/base/envs/airflow_env/lib/python3.9/site-packages/airflow/example_dags/plugins/workday.py
[2024-10-13T15:18:14.504+0100] {processor.py:914} INFO - Processing file /opt/homebrew/Caskroom/miniconda/base/envs/airflow_env/lib/python3.9/site-packages/airflow/example_dags/plugins/workday.py for tasks to queue
[2024-10-13T15:18:14.504+0100] {logging_mixin.py:190} INFO - [2024-10-13T15:18:14.504+0100] {dagbag.py:588} INFO - Filling up the DagBag from /opt/homebrew/Caskroom/miniconda/base/envs/airflow_env/lib/python3.9/site-packages/airflow/example_dags/plugins/workday.py
[2024-10-13T15:18:14.543+0100] {logging_mixin.py:190} INFO - [2024-10-13T15:18:14.542+0100] {workday.py:41} WARNING - Could not import pandas. Holidays will not be considered.
[2024-10-13T15:18:14.543+0100] {processor.py:927} WARNING - No viable dags retrieved from /opt/homebrew/Caskroom/miniconda/base/envs/airflow_env/lib/python3.9/site-packages/airflow/example_dags/plugins/workday.py
[2024-10-13T15:18:14.578+0100] {processor.py:208} INFO - Processing /opt/homebrew/Caskroom/miniconda/base/envs/airflow_env/lib/python3.9/site-packages/airflow/example_dags/plugins/workday.py took 0.078 seconds
[2024-10-13T15:19:22.082+0100] {processor.py:186} INFO - Started process (PID=68277) to work on /opt/homebrew/Caskroom/miniconda/base/envs/airflow_env/lib/python3.9/site-packages/airflow/example_dags/plugins/workday.py
[2024-10-13T15:19:22.083+0100] {processor.py:914} INFO - Processing file /opt/homebrew/Caskroom/miniconda/base/envs/airflow_env/lib/python3.9/site-packages/airflow/example_dags/plugins/workday.py for tasks to queue
[2024-10-13T15:19:22.083+0100] {logging_mixin.py:190} INFO - [2024-10-13T15:19:22.083+0100] {dagbag.py:588} INFO - Filling up the DagBag from /opt/homebrew/Caskroom/miniconda/base/envs/airflow_env/lib/python3.9/site-packages/airflow/example_dags/plugins/workday.py
[2024-10-13T15:19:22.102+0100] {logging_mixin.py:190} INFO - [2024-10-13T15:19:22.102+0100] {workday.py:41} WARNING - Could not import pandas. Holidays will not be considered.
[2024-10-13T15:19:22.102+0100] {processor.py:927} WARNING - No viable dags retrieved from /opt/homebrew/Caskroom/miniconda/base/envs/airflow_env/lib/python3.9/site-packages/airflow/example_dags/plugins/workday.py
[2024-10-13T15:19:22.132+0100] {processor.py:208} INFO - Processing /opt/homebrew/Caskroom/miniconda/base/envs/airflow_env/lib/python3.9/site-packages/airflow/example_dags/plugins/workday.py took 0.052 seconds
[2024-10-13T15:20:29.526+0100] {processor.py:186} INFO - Started process (PID=68331) to work on /opt/homebrew/Caskroom/miniconda/base/envs/airflow_env/lib/python3.9/site-packages/airflow/example_dags/plugins/workday.py
[2024-10-13T15:20:29.527+0100] {processor.py:914} INFO - Processing file /opt/homebrew/Caskroom/miniconda/base/envs/airflow_env/lib/python3.9/site-packages/airflow/example_dags/plugins/workday.py for tasks to queue
[2024-10-13T15:20:29.528+0100] {logging_mixin.py:190} INFO - [2024-10-13T15:20:29.527+0100] {dagbag.py:588} INFO - Filling up the DagBag from /opt/homebrew/Caskroom/miniconda/base/envs/airflow_env/lib/python3.9/site-packages/airflow/example_dags/plugins/workday.py
[2024-10-13T15:20:29.545+0100] {logging_mixin.py:190} INFO - [2024-10-13T15:20:29.545+0100] {workday.py:41} WARNING - Could not import pandas. Holidays will not be considered.
[2024-10-13T15:20:29.545+0100] {processor.py:927} WARNING - No viable dags retrieved from /opt/homebrew/Caskroom/miniconda/base/envs/airflow_env/lib/python3.9/site-packages/airflow/example_dags/plugins/workday.py
[2024-10-13T15:20:29.576+0100] {processor.py:208} INFO - Processing /opt/homebrew/Caskroom/miniconda/base/envs/airflow_env/lib/python3.9/site-packages/airflow/example_dags/plugins/workday.py took 0.051 seconds
[2024-10-13T15:21:33.264+0100] {processor.py:186} INFO - Started process (PID=68398) to work on /opt/homebrew/Caskroom/miniconda/base/envs/airflow_env/lib/python3.9/site-packages/airflow/example_dags/plugins/workday.py
[2024-10-13T15:21:33.265+0100] {processor.py:914} INFO - Processing file /opt/homebrew/Caskroom/miniconda/base/envs/airflow_env/lib/python3.9/site-packages/airflow/example_dags/plugins/workday.py for tasks to queue
[2024-10-13T15:21:33.265+0100] {logging_mixin.py:190} INFO - [2024-10-13T15:21:33.265+0100] {dagbag.py:588} INFO - Filling up the DagBag from /opt/homebrew/Caskroom/miniconda/base/envs/airflow_env/lib/python3.9/site-packages/airflow/example_dags/plugins/workday.py
[2024-10-13T15:21:33.284+0100] {logging_mixin.py:190} INFO - [2024-10-13T15:21:33.284+0100] {workday.py:41} WARNING - Could not import pandas. Holidays will not be considered.
[2024-10-13T15:21:33.284+0100] {processor.py:927} WARNING - No viable dags retrieved from /opt/homebrew/Caskroom/miniconda/base/envs/airflow_env/lib/python3.9/site-packages/airflow/example_dags/plugins/workday.py
[2024-10-13T15:21:33.317+0100] {processor.py:208} INFO - Processing /opt/homebrew/Caskroom/miniconda/base/envs/airflow_env/lib/python3.9/site-packages/airflow/example_dags/plugins/workday.py took 0.054 seconds
[2024-10-13T15:22:35.571+0100] {processor.py:186} INFO - Started process (PID=68536) to work on /opt/homebrew/Caskroom/miniconda/base/envs/airflow_env/lib/python3.9/site-packages/airflow/example_dags/plugins/workday.py
[2024-10-13T15:22:35.571+0100] {processor.py:914} INFO - Processing file /opt/homebrew/Caskroom/miniconda/base/envs/airflow_env/lib/python3.9/site-packages/airflow/example_dags/plugins/workday.py for tasks to queue
[2024-10-13T15:22:35.572+0100] {logging_mixin.py:190} INFO - [2024-10-13T15:22:35.572+0100] {dagbag.py:588} INFO - Filling up the DagBag from /opt/homebrew/Caskroom/miniconda/base/envs/airflow_env/lib/python3.9/site-packages/airflow/example_dags/plugins/workday.py
[2024-10-13T15:22:35.592+0100] {logging_mixin.py:190} INFO - [2024-10-13T15:22:35.592+0100] {workday.py:41} WARNING - Could not import pandas. Holidays will not be considered.
[2024-10-13T15:22:35.592+0100] {processor.py:927} WARNING - No viable dags retrieved from /opt/homebrew/Caskroom/miniconda/base/envs/airflow_env/lib/python3.9/site-packages/airflow/example_dags/plugins/workday.py
[2024-10-13T15:22:35.625+0100] {processor.py:208} INFO - Processing /opt/homebrew/Caskroom/miniconda/base/envs/airflow_env/lib/python3.9/site-packages/airflow/example_dags/plugins/workday.py took 0.056 seconds
[2024-10-13T15:23:38.325+0100] {processor.py:186} INFO - Started process (PID=68603) to work on /opt/homebrew/Caskroom/miniconda/base/envs/airflow_env/lib/python3.9/site-packages/airflow/example_dags/plugins/workday.py
[2024-10-13T15:23:38.325+0100] {processor.py:914} INFO - Processing file /opt/homebrew/Caskroom/miniconda/base/envs/airflow_env/lib/python3.9/site-packages/airflow/example_dags/plugins/workday.py for tasks to queue
[2024-10-13T15:23:38.325+0100] {logging_mixin.py:190} INFO - [2024-10-13T15:23:38.325+0100] {dagbag.py:588} INFO - Filling up the DagBag from /opt/homebrew/Caskroom/miniconda/base/envs/airflow_env/lib/python3.9/site-packages/airflow/example_dags/plugins/workday.py
[2024-10-13T15:23:38.344+0100] {logging_mixin.py:190} INFO - [2024-10-13T15:23:38.344+0100] {workday.py:41} WARNING - Could not import pandas. Holidays will not be considered.
[2024-10-13T15:23:38.344+0100] {processor.py:927} WARNING - No viable dags retrieved from /opt/homebrew/Caskroom/miniconda/base/envs/airflow_env/lib/python3.9/site-packages/airflow/example_dags/plugins/workday.py
[2024-10-13T15:23:38.375+0100] {processor.py:208} INFO - Processing /opt/homebrew/Caskroom/miniconda/base/envs/airflow_env/lib/python3.9/site-packages/airflow/example_dags/plugins/workday.py took 0.052 seconds
[2024-10-13T15:24:44.502+0100] {processor.py:186} INFO - Started process (PID=68662) to work on /opt/homebrew/Caskroom/miniconda/base/envs/airflow_env/lib/python3.9/site-packages/airflow/example_dags/plugins/workday.py
[2024-10-13T15:24:44.502+0100] {processor.py:914} INFO - Processing file /opt/homebrew/Caskroom/miniconda/base/envs/airflow_env/lib/python3.9/site-packages/airflow/example_dags/plugins/workday.py for tasks to queue
[2024-10-13T15:24:44.503+0100] {logging_mixin.py:190} INFO - [2024-10-13T15:24:44.502+0100] {dagbag.py:588} INFO - Filling up the DagBag from /opt/homebrew/Caskroom/miniconda/base/envs/airflow_env/lib/python3.9/site-packages/airflow/example_dags/plugins/workday.py
[2024-10-13T15:24:44.520+0100] {logging_mixin.py:190} INFO - [2024-10-13T15:24:44.520+0100] {workday.py:41} WARNING - Could not import pandas. Holidays will not be considered.
[2024-10-13T15:24:44.520+0100] {processor.py:927} WARNING - No viable dags retrieved from /opt/homebrew/Caskroom/miniconda/base/envs/airflow_env/lib/python3.9/site-packages/airflow/example_dags/plugins/workday.py
[2024-10-13T15:24:44.551+0100] {processor.py:208} INFO - Processing /opt/homebrew/Caskroom/miniconda/base/envs/airflow_env/lib/python3.9/site-packages/airflow/example_dags/plugins/workday.py took 0.051 seconds
[2024-10-13T15:25:50.590+0100] {processor.py:186} INFO - Started process (PID=68758) to work on /opt/homebrew/Caskroom/miniconda/base/envs/airflow_env/lib/python3.9/site-packages/airflow/example_dags/plugins/workday.py
[2024-10-13T15:25:50.591+0100] {processor.py:914} INFO - Processing file /opt/homebrew/Caskroom/miniconda/base/envs/airflow_env/lib/python3.9/site-packages/airflow/example_dags/plugins/workday.py for tasks to queue
[2024-10-13T15:25:50.591+0100] {logging_mixin.py:190} INFO - [2024-10-13T15:25:50.591+0100] {dagbag.py:588} INFO - Filling up the DagBag from /opt/homebrew/Caskroom/miniconda/base/envs/airflow_env/lib/python3.9/site-packages/airflow/example_dags/plugins/workday.py
[2024-10-13T15:25:50.610+0100] {logging_mixin.py:190} INFO - [2024-10-13T15:25:50.610+0100] {workday.py:41} WARNING - Could not import pandas. Holidays will not be considered.
[2024-10-13T15:25:50.610+0100] {processor.py:927} WARNING - No viable dags retrieved from /opt/homebrew/Caskroom/miniconda/base/envs/airflow_env/lib/python3.9/site-packages/airflow/example_dags/plugins/workday.py
[2024-10-13T15:25:50.641+0100] {processor.py:208} INFO - Processing /opt/homebrew/Caskroom/miniconda/base/envs/airflow_env/lib/python3.9/site-packages/airflow/example_dags/plugins/workday.py took 0.052 seconds
