[2024-10-13T14:08:04.741+0100] {processor.py:186} INFO - Started process (PID=67152) to work on /opt/homebrew/Caskroom/miniconda/base/envs/airflow_env/lib/python3.9/site-packages/airflow/example_dags/subdags/subdag.py
[2024-10-13T14:08:04.743+0100] {processor.py:914} INFO - Processing file /opt/homebrew/Caskroom/miniconda/base/envs/airflow_env/lib/python3.9/site-packages/airflow/example_dags/subdags/subdag.py for tasks to queue
[2024-10-13T14:08:04.743+0100] {logging_mixin.py:190} INFO - [2024-10-13T14:08:04.743+0100] {dagbag.py:588} INFO - Filling up the DagBag from /opt/homebrew/Caskroom/miniconda/base/envs/airflow_env/lib/python3.9/site-packages/airflow/example_dags/subdags/subdag.py
[2024-10-13T14:08:04.762+0100] {processor.py:927} WARNING - No viable dags retrieved from /opt/homebrew/Caskroom/miniconda/base/envs/airflow_env/lib/python3.9/site-packages/airflow/example_dags/subdags/subdag.py
[2024-10-13T14:08:04.791+0100] {processor.py:208} INFO - Processing /opt/homebrew/Caskroom/miniconda/base/envs/airflow_env/lib/python3.9/site-packages/airflow/example_dags/subdags/subdag.py took 0.052 seconds
[2024-10-13T14:09:43.971+0100] {processor.py:186} INFO - Started process (PID=67272) to work on /opt/homebrew/Caskroom/miniconda/base/envs/airflow_env/lib/python3.9/site-packages/airflow/example_dags/subdags/subdag.py
[2024-10-13T14:09:43.971+0100] {processor.py:914} INFO - Processing file /opt/homebrew/Caskroom/miniconda/base/envs/airflow_env/lib/python3.9/site-packages/airflow/example_dags/subdags/subdag.py for tasks to queue
[2024-10-13T14:09:43.972+0100] {logging_mixin.py:190} INFO - [2024-10-13T14:09:43.972+0100] {dagbag.py:588} INFO - Filling up the DagBag from /opt/homebrew/Caskroom/miniconda/base/envs/airflow_env/lib/python3.9/site-packages/airflow/example_dags/subdags/subdag.py
[2024-10-13T14:09:43.991+0100] {processor.py:927} WARNING - No viable dags retrieved from /opt/homebrew/Caskroom/miniconda/base/envs/airflow_env/lib/python3.9/site-packages/airflow/example_dags/subdags/subdag.py
[2024-10-13T14:09:44.021+0100] {processor.py:208} INFO - Processing /opt/homebrew/Caskroom/miniconda/base/envs/airflow_env/lib/python3.9/site-packages/airflow/example_dags/subdags/subdag.py took 0.052 seconds
[2024-10-13T14:10:51.216+0100] {processor.py:186} INFO - Started process (PID=67339) to work on /opt/homebrew/Caskroom/miniconda/base/envs/airflow_env/lib/python3.9/site-packages/airflow/example_dags/subdags/subdag.py
[2024-10-13T14:10:51.217+0100] {processor.py:914} INFO - Processing file /opt/homebrew/Caskroom/miniconda/base/envs/airflow_env/lib/python3.9/site-packages/airflow/example_dags/subdags/subdag.py for tasks to queue
[2024-10-13T14:10:51.217+0100] {logging_mixin.py:190} INFO - [2024-10-13T14:10:51.217+0100] {dagbag.py:588} INFO - Filling up the DagBag from /opt/homebrew/Caskroom/miniconda/base/envs/airflow_env/lib/python3.9/site-packages/airflow/example_dags/subdags/subdag.py
[2024-10-13T14:10:51.237+0100] {processor.py:927} WARNING - No viable dags retrieved from /opt/homebrew/Caskroom/miniconda/base/envs/airflow_env/lib/python3.9/site-packages/airflow/example_dags/subdags/subdag.py
[2024-10-13T14:10:51.268+0100] {processor.py:208} INFO - Processing /opt/homebrew/Caskroom/miniconda/base/envs/airflow_env/lib/python3.9/site-packages/airflow/example_dags/subdags/subdag.py took 0.053 seconds
[2024-10-13T14:11:55.033+0100] {processor.py:186} INFO - Started process (PID=67414) to work on /opt/homebrew/Caskroom/miniconda/base/envs/airflow_env/lib/python3.9/site-packages/airflow/example_dags/subdags/subdag.py
[2024-10-13T14:11:55.034+0100] {processor.py:914} INFO - Processing file /opt/homebrew/Caskroom/miniconda/base/envs/airflow_env/lib/python3.9/site-packages/airflow/example_dags/subdags/subdag.py for tasks to queue
[2024-10-13T14:11:55.034+0100] {logging_mixin.py:190} INFO - [2024-10-13T14:11:55.034+0100] {dagbag.py:588} INFO - Filling up the DagBag from /opt/homebrew/Caskroom/miniconda/base/envs/airflow_env/lib/python3.9/site-packages/airflow/example_dags/subdags/subdag.py
[2024-10-13T14:11:55.053+0100] {processor.py:927} WARNING - No viable dags retrieved from /opt/homebrew/Caskroom/miniconda/base/envs/airflow_env/lib/python3.9/site-packages/airflow/example_dags/subdags/subdag.py
[2024-10-13T14:11:55.084+0100] {processor.py:208} INFO - Processing /opt/homebrew/Caskroom/miniconda/base/envs/airflow_env/lib/python3.9/site-packages/airflow/example_dags/subdags/subdag.py took 0.052 seconds
[2024-10-13T14:12:57.704+0100] {processor.py:186} INFO - Started process (PID=67496) to work on /opt/homebrew/Caskroom/miniconda/base/envs/airflow_env/lib/python3.9/site-packages/airflow/example_dags/subdags/subdag.py
[2024-10-13T14:12:57.704+0100] {processor.py:914} INFO - Processing file /opt/homebrew/Caskroom/miniconda/base/envs/airflow_env/lib/python3.9/site-packages/airflow/example_dags/subdags/subdag.py for tasks to queue
[2024-10-13T14:12:57.705+0100] {logging_mixin.py:190} INFO - [2024-10-13T14:12:57.705+0100] {dagbag.py:588} INFO - Filling up the DagBag from /opt/homebrew/Caskroom/miniconda/base/envs/airflow_env/lib/python3.9/site-packages/airflow/example_dags/subdags/subdag.py
[2024-10-13T14:12:57.726+0100] {processor.py:927} WARNING - No viable dags retrieved from /opt/homebrew/Caskroom/miniconda/base/envs/airflow_env/lib/python3.9/site-packages/airflow/example_dags/subdags/subdag.py
[2024-10-13T14:12:57.759+0100] {processor.py:208} INFO - Processing /opt/homebrew/Caskroom/miniconda/base/envs/airflow_env/lib/python3.9/site-packages/airflow/example_dags/subdags/subdag.py took 0.056 seconds
[2024-10-13T14:14:02.306+0100] {processor.py:186} INFO - Started process (PID=67578) to work on /opt/homebrew/Caskroom/miniconda/base/envs/airflow_env/lib/python3.9/site-packages/airflow/example_dags/subdags/subdag.py
[2024-10-13T14:14:02.307+0100] {processor.py:914} INFO - Processing file /opt/homebrew/Caskroom/miniconda/base/envs/airflow_env/lib/python3.9/site-packages/airflow/example_dags/subdags/subdag.py for tasks to queue
[2024-10-13T14:14:02.307+0100] {logging_mixin.py:190} INFO - [2024-10-13T14:14:02.307+0100] {dagbag.py:588} INFO - Filling up the DagBag from /opt/homebrew/Caskroom/miniconda/base/envs/airflow_env/lib/python3.9/site-packages/airflow/example_dags/subdags/subdag.py
[2024-10-13T14:14:02.326+0100] {processor.py:927} WARNING - No viable dags retrieved from /opt/homebrew/Caskroom/miniconda/base/envs/airflow_env/lib/python3.9/site-packages/airflow/example_dags/subdags/subdag.py
[2024-10-13T14:14:02.356+0100] {processor.py:208} INFO - Processing /opt/homebrew/Caskroom/miniconda/base/envs/airflow_env/lib/python3.9/site-packages/airflow/example_dags/subdags/subdag.py took 0.052 seconds
[2024-10-13T14:15:07.442+0100] {processor.py:186} INFO - Started process (PID=67628) to work on /opt/homebrew/Caskroom/miniconda/base/envs/airflow_env/lib/python3.9/site-packages/airflow/example_dags/subdags/subdag.py
[2024-10-13T14:15:07.443+0100] {processor.py:914} INFO - Processing file /opt/homebrew/Caskroom/miniconda/base/envs/airflow_env/lib/python3.9/site-packages/airflow/example_dags/subdags/subdag.py for tasks to queue
[2024-10-13T14:15:07.444+0100] {logging_mixin.py:190} INFO - [2024-10-13T14:15:07.444+0100] {dagbag.py:588} INFO - Filling up the DagBag from /opt/homebrew/Caskroom/miniconda/base/envs/airflow_env/lib/python3.9/site-packages/airflow/example_dags/subdags/subdag.py
[2024-10-13T14:15:07.463+0100] {processor.py:927} WARNING - No viable dags retrieved from /opt/homebrew/Caskroom/miniconda/base/envs/airflow_env/lib/python3.9/site-packages/airflow/example_dags/subdags/subdag.py
[2024-10-13T14:15:07.495+0100] {processor.py:208} INFO - Processing /opt/homebrew/Caskroom/miniconda/base/envs/airflow_env/lib/python3.9/site-packages/airflow/example_dags/subdags/subdag.py took 0.054 seconds
[2024-10-13T14:16:14.461+0100] {processor.py:186} INFO - Started process (PID=67691) to work on /opt/homebrew/Caskroom/miniconda/base/envs/airflow_env/lib/python3.9/site-packages/airflow/example_dags/subdags/subdag.py
[2024-10-13T14:16:14.462+0100] {processor.py:914} INFO - Processing file /opt/homebrew/Caskroom/miniconda/base/envs/airflow_env/lib/python3.9/site-packages/airflow/example_dags/subdags/subdag.py for tasks to queue
[2024-10-13T14:16:14.462+0100] {logging_mixin.py:190} INFO - [2024-10-13T14:16:14.462+0100] {dagbag.py:588} INFO - Filling up the DagBag from /opt/homebrew/Caskroom/miniconda/base/envs/airflow_env/lib/python3.9/site-packages/airflow/example_dags/subdags/subdag.py
[2024-10-13T14:16:14.485+0100] {processor.py:927} WARNING - No viable dags retrieved from /opt/homebrew/Caskroom/miniconda/base/envs/airflow_env/lib/python3.9/site-packages/airflow/example_dags/subdags/subdag.py
[2024-10-13T14:16:14.520+0100] {processor.py:208} INFO - Processing /opt/homebrew/Caskroom/miniconda/base/envs/airflow_env/lib/python3.9/site-packages/airflow/example_dags/subdags/subdag.py took 0.061 seconds
[2024-10-13T14:18:29.454+0100] {processor.py:186} INFO - Started process (PID=67760) to work on /opt/homebrew/Caskroom/miniconda/base/envs/airflow_env/lib/python3.9/site-packages/airflow/example_dags/subdags/subdag.py
[2024-10-13T14:18:29.455+0100] {processor.py:914} INFO - Processing file /opt/homebrew/Caskroom/miniconda/base/envs/airflow_env/lib/python3.9/site-packages/airflow/example_dags/subdags/subdag.py for tasks to queue
[2024-10-13T14:18:29.455+0100] {logging_mixin.py:190} INFO - [2024-10-13T14:18:29.455+0100] {dagbag.py:588} INFO - Filling up the DagBag from /opt/homebrew/Caskroom/miniconda/base/envs/airflow_env/lib/python3.9/site-packages/airflow/example_dags/subdags/subdag.py
[2024-10-13T14:18:29.472+0100] {processor.py:927} WARNING - No viable dags retrieved from /opt/homebrew/Caskroom/miniconda/base/envs/airflow_env/lib/python3.9/site-packages/airflow/example_dags/subdags/subdag.py
[2024-10-13T14:18:29.501+0100] {processor.py:208} INFO - Processing /opt/homebrew/Caskroom/miniconda/base/envs/airflow_env/lib/python3.9/site-packages/airflow/example_dags/subdags/subdag.py took 0.049 seconds
[2024-10-13T15:13:40.543+0100] {processor.py:186} INFO - Started process (PID=67904) to work on /opt/homebrew/Caskroom/miniconda/base/envs/airflow_env/lib/python3.9/site-packages/airflow/example_dags/subdags/subdag.py
[2024-10-13T15:13:40.544+0100] {processor.py:914} INFO - Processing file /opt/homebrew/Caskroom/miniconda/base/envs/airflow_env/lib/python3.9/site-packages/airflow/example_dags/subdags/subdag.py for tasks to queue
[2024-10-13T15:13:40.544+0100] {logging_mixin.py:190} INFO - [2024-10-13T15:13:40.544+0100] {dagbag.py:588} INFO - Filling up the DagBag from /opt/homebrew/Caskroom/miniconda/base/envs/airflow_env/lib/python3.9/site-packages/airflow/example_dags/subdags/subdag.py
[2024-10-13T15:13:40.563+0100] {processor.py:927} WARNING - No viable dags retrieved from /opt/homebrew/Caskroom/miniconda/base/envs/airflow_env/lib/python3.9/site-packages/airflow/example_dags/subdags/subdag.py
[2024-10-13T15:13:40.594+0100] {processor.py:208} INFO - Processing /opt/homebrew/Caskroom/miniconda/base/envs/airflow_env/lib/python3.9/site-packages/airflow/example_dags/subdags/subdag.py took 0.053 seconds
[2024-10-13T15:14:55.521+0100] {processor.py:186} INFO - Started process (PID=68016) to work on /opt/homebrew/Caskroom/miniconda/base/envs/airflow_env/lib/python3.9/site-packages/airflow/example_dags/subdags/subdag.py
[2024-10-13T15:14:55.521+0100] {processor.py:914} INFO - Processing file /opt/homebrew/Caskroom/miniconda/base/envs/airflow_env/lib/python3.9/site-packages/airflow/example_dags/subdags/subdag.py for tasks to queue
[2024-10-13T15:14:55.521+0100] {logging_mixin.py:190} INFO - [2024-10-13T15:14:55.521+0100] {dagbag.py:588} INFO - Filling up the DagBag from /opt/homebrew/Caskroom/miniconda/base/envs/airflow_env/lib/python3.9/site-packages/airflow/example_dags/subdags/subdag.py
[2024-10-13T15:14:55.540+0100] {processor.py:927} WARNING - No viable dags retrieved from /opt/homebrew/Caskroom/miniconda/base/envs/airflow_env/lib/python3.9/site-packages/airflow/example_dags/subdags/subdag.py
[2024-10-13T15:14:55.569+0100] {processor.py:208} INFO - Processing /opt/homebrew/Caskroom/miniconda/base/envs/airflow_env/lib/python3.9/site-packages/airflow/example_dags/subdags/subdag.py took 0.050 seconds
[2024-10-13T15:16:02.815+0100] {processor.py:186} INFO - Started process (PID=68071) to work on /opt/homebrew/Caskroom/miniconda/base/envs/airflow_env/lib/python3.9/site-packages/airflow/example_dags/subdags/subdag.py
[2024-10-13T15:16:02.815+0100] {processor.py:914} INFO - Processing file /opt/homebrew/Caskroom/miniconda/base/envs/airflow_env/lib/python3.9/site-packages/airflow/example_dags/subdags/subdag.py for tasks to queue
[2024-10-13T15:16:02.816+0100] {logging_mixin.py:190} INFO - [2024-10-13T15:16:02.816+0100] {dagbag.py:588} INFO - Filling up the DagBag from /opt/homebrew/Caskroom/miniconda/base/envs/airflow_env/lib/python3.9/site-packages/airflow/example_dags/subdags/subdag.py
[2024-10-13T15:16:02.835+0100] {processor.py:927} WARNING - No viable dags retrieved from /opt/homebrew/Caskroom/miniconda/base/envs/airflow_env/lib/python3.9/site-packages/airflow/example_dags/subdags/subdag.py
[2024-10-13T15:16:02.867+0100] {processor.py:208} INFO - Processing /opt/homebrew/Caskroom/miniconda/base/envs/airflow_env/lib/python3.9/site-packages/airflow/example_dags/subdags/subdag.py took 0.055 seconds
[2024-10-13T15:17:06.929+0100] {processor.py:186} INFO - Started process (PID=68132) to work on /opt/homebrew/Caskroom/miniconda/base/envs/airflow_env/lib/python3.9/site-packages/airflow/example_dags/subdags/subdag.py
[2024-10-13T15:17:06.930+0100] {processor.py:914} INFO - Processing file /opt/homebrew/Caskroom/miniconda/base/envs/airflow_env/lib/python3.9/site-packages/airflow/example_dags/subdags/subdag.py for tasks to queue
[2024-10-13T15:17:06.930+0100] {logging_mixin.py:190} INFO - [2024-10-13T15:17:06.930+0100] {dagbag.py:588} INFO - Filling up the DagBag from /opt/homebrew/Caskroom/miniconda/base/envs/airflow_env/lib/python3.9/site-packages/airflow/example_dags/subdags/subdag.py
[2024-10-13T15:17:06.953+0100] {processor.py:927} WARNING - No viable dags retrieved from /opt/homebrew/Caskroom/miniconda/base/envs/airflow_env/lib/python3.9/site-packages/airflow/example_dags/subdags/subdag.py
[2024-10-13T15:17:06.985+0100] {processor.py:208} INFO - Processing /opt/homebrew/Caskroom/miniconda/base/envs/airflow_env/lib/python3.9/site-packages/airflow/example_dags/subdags/subdag.py took 0.058 seconds
[2024-10-13T15:18:13.032+0100] {processor.py:186} INFO - Started process (PID=68192) to work on /opt/homebrew/Caskroom/miniconda/base/envs/airflow_env/lib/python3.9/site-packages/airflow/example_dags/subdags/subdag.py
[2024-10-13T15:18:13.032+0100] {processor.py:914} INFO - Processing file /opt/homebrew/Caskroom/miniconda/base/envs/airflow_env/lib/python3.9/site-packages/airflow/example_dags/subdags/subdag.py for tasks to queue
[2024-10-13T15:18:13.033+0100] {logging_mixin.py:190} INFO - [2024-10-13T15:18:13.033+0100] {dagbag.py:588} INFO - Filling up the DagBag from /opt/homebrew/Caskroom/miniconda/base/envs/airflow_env/lib/python3.9/site-packages/airflow/example_dags/subdags/subdag.py
[2024-10-13T15:18:13.052+0100] {processor.py:927} WARNING - No viable dags retrieved from /opt/homebrew/Caskroom/miniconda/base/envs/airflow_env/lib/python3.9/site-packages/airflow/example_dags/subdags/subdag.py
[2024-10-13T15:18:13.082+0100] {processor.py:208} INFO - Processing /opt/homebrew/Caskroom/miniconda/base/envs/airflow_env/lib/python3.9/site-packages/airflow/example_dags/subdags/subdag.py took 0.051 seconds
[2024-10-13T15:19:20.295+0100] {processor.py:186} INFO - Started process (PID=68276) to work on /opt/homebrew/Caskroom/miniconda/base/envs/airflow_env/lib/python3.9/site-packages/airflow/example_dags/subdags/subdag.py
[2024-10-13T15:19:20.296+0100] {processor.py:914} INFO - Processing file /opt/homebrew/Caskroom/miniconda/base/envs/airflow_env/lib/python3.9/site-packages/airflow/example_dags/subdags/subdag.py for tasks to queue
[2024-10-13T15:19:20.296+0100] {logging_mixin.py:190} INFO - [2024-10-13T15:19:20.296+0100] {dagbag.py:588} INFO - Filling up the DagBag from /opt/homebrew/Caskroom/miniconda/base/envs/airflow_env/lib/python3.9/site-packages/airflow/example_dags/subdags/subdag.py
[2024-10-13T15:19:20.315+0100] {processor.py:927} WARNING - No viable dags retrieved from /opt/homebrew/Caskroom/miniconda/base/envs/airflow_env/lib/python3.9/site-packages/airflow/example_dags/subdags/subdag.py
[2024-10-13T15:19:20.345+0100] {processor.py:208} INFO - Processing /opt/homebrew/Caskroom/miniconda/base/envs/airflow_env/lib/python3.9/site-packages/airflow/example_dags/subdags/subdag.py took 0.052 seconds
[2024-10-13T15:20:27.736+0100] {processor.py:186} INFO - Started process (PID=68329) to work on /opt/homebrew/Caskroom/miniconda/base/envs/airflow_env/lib/python3.9/site-packages/airflow/example_dags/subdags/subdag.py
[2024-10-13T15:20:27.736+0100] {processor.py:914} INFO - Processing file /opt/homebrew/Caskroom/miniconda/base/envs/airflow_env/lib/python3.9/site-packages/airflow/example_dags/subdags/subdag.py for tasks to queue
[2024-10-13T15:20:27.737+0100] {logging_mixin.py:190} INFO - [2024-10-13T15:20:27.737+0100] {dagbag.py:588} INFO - Filling up the DagBag from /opt/homebrew/Caskroom/miniconda/base/envs/airflow_env/lib/python3.9/site-packages/airflow/example_dags/subdags/subdag.py
[2024-10-13T15:20:27.755+0100] {processor.py:927} WARNING - No viable dags retrieved from /opt/homebrew/Caskroom/miniconda/base/envs/airflow_env/lib/python3.9/site-packages/airflow/example_dags/subdags/subdag.py
[2024-10-13T15:20:27.787+0100] {processor.py:208} INFO - Processing /opt/homebrew/Caskroom/miniconda/base/envs/airflow_env/lib/python3.9/site-packages/airflow/example_dags/subdags/subdag.py took 0.052 seconds
[2024-10-13T15:21:32.023+0100] {processor.py:186} INFO - Started process (PID=68397) to work on /opt/homebrew/Caskroom/miniconda/base/envs/airflow_env/lib/python3.9/site-packages/airflow/example_dags/subdags/subdag.py
[2024-10-13T15:21:32.023+0100] {processor.py:914} INFO - Processing file /opt/homebrew/Caskroom/miniconda/base/envs/airflow_env/lib/python3.9/site-packages/airflow/example_dags/subdags/subdag.py for tasks to queue
[2024-10-13T15:21:32.024+0100] {logging_mixin.py:190} INFO - [2024-10-13T15:21:32.024+0100] {dagbag.py:588} INFO - Filling up the DagBag from /opt/homebrew/Caskroom/miniconda/base/envs/airflow_env/lib/python3.9/site-packages/airflow/example_dags/subdags/subdag.py
[2024-10-13T15:21:32.044+0100] {processor.py:927} WARNING - No viable dags retrieved from /opt/homebrew/Caskroom/miniconda/base/envs/airflow_env/lib/python3.9/site-packages/airflow/example_dags/subdags/subdag.py
[2024-10-13T15:21:32.075+0100] {processor.py:208} INFO - Processing /opt/homebrew/Caskroom/miniconda/base/envs/airflow_env/lib/python3.9/site-packages/airflow/example_dags/subdags/subdag.py took 0.054 seconds
[2024-10-13T15:22:34.001+0100] {processor.py:186} INFO - Started process (PID=68529) to work on /opt/homebrew/Caskroom/miniconda/base/envs/airflow_env/lib/python3.9/site-packages/airflow/example_dags/subdags/subdag.py
[2024-10-13T15:22:34.001+0100] {processor.py:914} INFO - Processing file /opt/homebrew/Caskroom/miniconda/base/envs/airflow_env/lib/python3.9/site-packages/airflow/example_dags/subdags/subdag.py for tasks to queue
[2024-10-13T15:22:34.001+0100] {logging_mixin.py:190} INFO - [2024-10-13T15:22:34.001+0100] {dagbag.py:588} INFO - Filling up the DagBag from /opt/homebrew/Caskroom/miniconda/base/envs/airflow_env/lib/python3.9/site-packages/airflow/example_dags/subdags/subdag.py
[2024-10-13T15:22:34.022+0100] {processor.py:927} WARNING - No viable dags retrieved from /opt/homebrew/Caskroom/miniconda/base/envs/airflow_env/lib/python3.9/site-packages/airflow/example_dags/subdags/subdag.py
[2024-10-13T15:22:34.054+0100] {processor.py:208} INFO - Processing /opt/homebrew/Caskroom/miniconda/base/envs/airflow_env/lib/python3.9/site-packages/airflow/example_dags/subdags/subdag.py took 0.055 seconds
[2024-10-13T15:23:37.111+0100] {processor.py:186} INFO - Started process (PID=68602) to work on /opt/homebrew/Caskroom/miniconda/base/envs/airflow_env/lib/python3.9/site-packages/airflow/example_dags/subdags/subdag.py
[2024-10-13T15:23:37.111+0100] {processor.py:914} INFO - Processing file /opt/homebrew/Caskroom/miniconda/base/envs/airflow_env/lib/python3.9/site-packages/airflow/example_dags/subdags/subdag.py for tasks to queue
[2024-10-13T15:23:37.112+0100] {logging_mixin.py:190} INFO - [2024-10-13T15:23:37.112+0100] {dagbag.py:588} INFO - Filling up the DagBag from /opt/homebrew/Caskroom/miniconda/base/envs/airflow_env/lib/python3.9/site-packages/airflow/example_dags/subdags/subdag.py
[2024-10-13T15:23:37.134+0100] {processor.py:927} WARNING - No viable dags retrieved from /opt/homebrew/Caskroom/miniconda/base/envs/airflow_env/lib/python3.9/site-packages/airflow/example_dags/subdags/subdag.py
[2024-10-13T15:23:37.168+0100] {processor.py:208} INFO - Processing /opt/homebrew/Caskroom/miniconda/base/envs/airflow_env/lib/python3.9/site-packages/airflow/example_dags/subdags/subdag.py took 0.059 seconds
[2024-10-13T15:24:42.730+0100] {processor.py:186} INFO - Started process (PID=68661) to work on /opt/homebrew/Caskroom/miniconda/base/envs/airflow_env/lib/python3.9/site-packages/airflow/example_dags/subdags/subdag.py
[2024-10-13T15:24:42.730+0100] {processor.py:914} INFO - Processing file /opt/homebrew/Caskroom/miniconda/base/envs/airflow_env/lib/python3.9/site-packages/airflow/example_dags/subdags/subdag.py for tasks to queue
[2024-10-13T15:24:42.731+0100] {logging_mixin.py:190} INFO - [2024-10-13T15:24:42.730+0100] {dagbag.py:588} INFO - Filling up the DagBag from /opt/homebrew/Caskroom/miniconda/base/envs/airflow_env/lib/python3.9/site-packages/airflow/example_dags/subdags/subdag.py
[2024-10-13T15:24:42.749+0100] {processor.py:927} WARNING - No viable dags retrieved from /opt/homebrew/Caskroom/miniconda/base/envs/airflow_env/lib/python3.9/site-packages/airflow/example_dags/subdags/subdag.py
[2024-10-13T15:24:42.779+0100] {processor.py:208} INFO - Processing /opt/homebrew/Caskroom/miniconda/base/envs/airflow_env/lib/python3.9/site-packages/airflow/example_dags/subdags/subdag.py took 0.051 seconds
[2024-10-13T15:25:48.805+0100] {processor.py:186} INFO - Started process (PID=68755) to work on /opt/homebrew/Caskroom/miniconda/base/envs/airflow_env/lib/python3.9/site-packages/airflow/example_dags/subdags/subdag.py
[2024-10-13T15:25:48.806+0100] {processor.py:914} INFO - Processing file /opt/homebrew/Caskroom/miniconda/base/envs/airflow_env/lib/python3.9/site-packages/airflow/example_dags/subdags/subdag.py for tasks to queue
[2024-10-13T15:25:48.807+0100] {logging_mixin.py:190} INFO - [2024-10-13T15:25:48.806+0100] {dagbag.py:588} INFO - Filling up the DagBag from /opt/homebrew/Caskroom/miniconda/base/envs/airflow_env/lib/python3.9/site-packages/airflow/example_dags/subdags/subdag.py
[2024-10-13T15:25:48.826+0100] {processor.py:927} WARNING - No viable dags retrieved from /opt/homebrew/Caskroom/miniconda/base/envs/airflow_env/lib/python3.9/site-packages/airflow/example_dags/subdags/subdag.py
[2024-10-13T15:25:48.857+0100] {processor.py:208} INFO - Processing /opt/homebrew/Caskroom/miniconda/base/envs/airflow_env/lib/python3.9/site-packages/airflow/example_dags/subdags/subdag.py took 0.054 seconds
[2024-10-13T15:26:50.693+0100] {processor.py:186} INFO - Started process (PID=68823) to work on /opt/homebrew/Caskroom/miniconda/base/envs/airflow_env/lib/python3.9/site-packages/airflow/example_dags/subdags/subdag.py
[2024-10-13T15:26:50.693+0100] {processor.py:914} INFO - Processing file /opt/homebrew/Caskroom/miniconda/base/envs/airflow_env/lib/python3.9/site-packages/airflow/example_dags/subdags/subdag.py for tasks to queue
[2024-10-13T15:26:50.694+0100] {logging_mixin.py:190} INFO - [2024-10-13T15:26:50.693+0100] {dagbag.py:588} INFO - Filling up the DagBag from /opt/homebrew/Caskroom/miniconda/base/envs/airflow_env/lib/python3.9/site-packages/airflow/example_dags/subdags/subdag.py
[2024-10-13T15:26:50.712+0100] {processor.py:927} WARNING - No viable dags retrieved from /opt/homebrew/Caskroom/miniconda/base/envs/airflow_env/lib/python3.9/site-packages/airflow/example_dags/subdags/subdag.py
[2024-10-13T15:26:50.742+0100] {processor.py:208} INFO - Processing /opt/homebrew/Caskroom/miniconda/base/envs/airflow_env/lib/python3.9/site-packages/airflow/example_dags/subdags/subdag.py took 0.051 seconds
