[2024-10-13T14:09:10.767+0100] {processor.py:186} INFO - Started process (PID=67231) to work on /opt/homebrew/Caskroom/miniconda/base/envs/airflow_env/lib/python3.9/site-packages/airflow/example_dags/example_kubernetes_executor.py
[2024-10-13T14:09:10.767+0100] {processor.py:914} INFO - Processing file /opt/homebrew/Caskroom/miniconda/base/envs/airflow_env/lib/python3.9/site-packages/airflow/example_dags/example_kubernetes_executor.py for tasks to queue
[2024-10-13T14:09:10.768+0100] {logging_mixin.py:190} INFO - [2024-10-13T14:09:10.768+0100] {dagbag.py:588} INFO - Filling up the DagBag from /opt/homebrew/Caskroom/miniconda/base/envs/airflow_env/lib/python3.9/site-packages/airflow/example_dags/example_kubernetes_executor.py
[2024-10-13T14:09:10.799+0100] {logging_mixin.py:190} INFO - [2024-10-13T14:09:10.799+0100] {example_kubernetes_executor.py:39} WARNING - The example_kubernetes_executor example DAG requires the kubernetes provider. Please install it with: pip install apache-airflow[cncf.kubernetes]
[2024-10-13T14:09:10.800+0100] {processor.py:927} WARNING - No viable dags retrieved from /opt/homebrew/Caskroom/miniconda/base/envs/airflow_env/lib/python3.9/site-packages/airflow/example_dags/example_kubernetes_executor.py
[2024-10-13T14:09:10.831+0100] {processor.py:208} INFO - Processing /opt/homebrew/Caskroom/miniconda/base/envs/airflow_env/lib/python3.9/site-packages/airflow/example_dags/example_kubernetes_executor.py took 0.065 seconds
[2024-10-13T14:10:47.566+0100] {processor.py:186} INFO - Started process (PID=67336) to work on /opt/homebrew/Caskroom/miniconda/base/envs/airflow_env/lib/python3.9/site-packages/airflow/example_dags/example_kubernetes_executor.py
[2024-10-13T14:10:47.567+0100] {processor.py:914} INFO - Processing file /opt/homebrew/Caskroom/miniconda/base/envs/airflow_env/lib/python3.9/site-packages/airflow/example_dags/example_kubernetes_executor.py for tasks to queue
[2024-10-13T14:10:47.567+0100] {logging_mixin.py:190} INFO - [2024-10-13T14:10:47.567+0100] {dagbag.py:588} INFO - Filling up the DagBag from /opt/homebrew/Caskroom/miniconda/base/envs/airflow_env/lib/python3.9/site-packages/airflow/example_dags/example_kubernetes_executor.py
[2024-10-13T14:10:47.598+0100] {logging_mixin.py:190} INFO - [2024-10-13T14:10:47.597+0100] {example_kubernetes_executor.py:39} WARNING - The example_kubernetes_executor example DAG requires the kubernetes provider. Please install it with: pip install apache-airflow[cncf.kubernetes]
[2024-10-13T14:10:47.598+0100] {processor.py:927} WARNING - No viable dags retrieved from /opt/homebrew/Caskroom/miniconda/base/envs/airflow_env/lib/python3.9/site-packages/airflow/example_dags/example_kubernetes_executor.py
[2024-10-13T14:10:47.627+0100] {processor.py:208} INFO - Processing /opt/homebrew/Caskroom/miniconda/base/envs/airflow_env/lib/python3.9/site-packages/airflow/example_dags/example_kubernetes_executor.py took 0.063 seconds
[2024-10-13T14:12:54.003+0100] {processor.py:186} INFO - Started process (PID=67487) to work on /opt/homebrew/Caskroom/miniconda/base/envs/airflow_env/lib/python3.9/site-packages/airflow/example_dags/example_kubernetes_executor.py
[2024-10-13T14:12:54.003+0100] {processor.py:914} INFO - Processing file /opt/homebrew/Caskroom/miniconda/base/envs/airflow_env/lib/python3.9/site-packages/airflow/example_dags/example_kubernetes_executor.py for tasks to queue
[2024-10-13T14:12:54.004+0100] {logging_mixin.py:190} INFO - [2024-10-13T14:12:54.004+0100] {dagbag.py:588} INFO - Filling up the DagBag from /opt/homebrew/Caskroom/miniconda/base/envs/airflow_env/lib/python3.9/site-packages/airflow/example_dags/example_kubernetes_executor.py
[2024-10-13T14:12:54.037+0100] {logging_mixin.py:190} INFO - [2024-10-13T14:12:54.036+0100] {example_kubernetes_executor.py:39} WARNING - The example_kubernetes_executor example DAG requires the kubernetes provider. Please install it with: pip install apache-airflow[cncf.kubernetes]
[2024-10-13T14:12:54.037+0100] {processor.py:927} WARNING - No viable dags retrieved from /opt/homebrew/Caskroom/miniconda/base/envs/airflow_env/lib/python3.9/site-packages/airflow/example_dags/example_kubernetes_executor.py
[2024-10-13T14:12:54.070+0100] {processor.py:208} INFO - Processing /opt/homebrew/Caskroom/miniconda/base/envs/airflow_env/lib/python3.9/site-packages/airflow/example_dags/example_kubernetes_executor.py took 0.068 seconds
[2024-10-13T14:15:04.244+0100] {processor.py:186} INFO - Started process (PID=67626) to work on /opt/homebrew/Caskroom/miniconda/base/envs/airflow_env/lib/python3.9/site-packages/airflow/example_dags/example_kubernetes_executor.py
[2024-10-13T14:15:04.244+0100] {processor.py:914} INFO - Processing file /opt/homebrew/Caskroom/miniconda/base/envs/airflow_env/lib/python3.9/site-packages/airflow/example_dags/example_kubernetes_executor.py for tasks to queue
[2024-10-13T14:15:04.245+0100] {logging_mixin.py:190} INFO - [2024-10-13T14:15:04.245+0100] {dagbag.py:588} INFO - Filling up the DagBag from /opt/homebrew/Caskroom/miniconda/base/envs/airflow_env/lib/python3.9/site-packages/airflow/example_dags/example_kubernetes_executor.py
[2024-10-13T14:15:04.281+0100] {logging_mixin.py:190} INFO - [2024-10-13T14:15:04.281+0100] {example_kubernetes_executor.py:39} WARNING - The example_kubernetes_executor example DAG requires the kubernetes provider. Please install it with: pip install apache-airflow[cncf.kubernetes]
[2024-10-13T14:15:04.282+0100] {processor.py:927} WARNING - No viable dags retrieved from /opt/homebrew/Caskroom/miniconda/base/envs/airflow_env/lib/python3.9/site-packages/airflow/example_dags/example_kubernetes_executor.py
[2024-10-13T14:15:04.315+0100] {processor.py:208} INFO - Processing /opt/homebrew/Caskroom/miniconda/base/envs/airflow_env/lib/python3.9/site-packages/airflow/example_dags/example_kubernetes_executor.py took 0.074 seconds
[2024-10-13T14:18:25.899+0100] {processor.py:186} INFO - Started process (PID=67757) to work on /opt/homebrew/Caskroom/miniconda/base/envs/airflow_env/lib/python3.9/site-packages/airflow/example_dags/example_kubernetes_executor.py
[2024-10-13T14:18:25.899+0100] {processor.py:914} INFO - Processing file /opt/homebrew/Caskroom/miniconda/base/envs/airflow_env/lib/python3.9/site-packages/airflow/example_dags/example_kubernetes_executor.py for tasks to queue
[2024-10-13T14:18:25.899+0100] {logging_mixin.py:190} INFO - [2024-10-13T14:18:25.899+0100] {dagbag.py:588} INFO - Filling up the DagBag from /opt/homebrew/Caskroom/miniconda/base/envs/airflow_env/lib/python3.9/site-packages/airflow/example_dags/example_kubernetes_executor.py
[2024-10-13T14:18:25.928+0100] {logging_mixin.py:190} INFO - [2024-10-13T14:18:25.927+0100] {example_kubernetes_executor.py:39} WARNING - The example_kubernetes_executor example DAG requires the kubernetes provider. Please install it with: pip install apache-airflow[cncf.kubernetes]
[2024-10-13T14:18:25.928+0100] {processor.py:927} WARNING - No viable dags retrieved from /opt/homebrew/Caskroom/miniconda/base/envs/airflow_env/lib/python3.9/site-packages/airflow/example_dags/example_kubernetes_executor.py
[2024-10-13T14:18:25.956+0100] {processor.py:208} INFO - Processing /opt/homebrew/Caskroom/miniconda/base/envs/airflow_env/lib/python3.9/site-packages/airflow/example_dags/example_kubernetes_executor.py took 0.059 seconds
[2024-10-13T15:14:42.838+0100] {processor.py:186} INFO - Started process (PID=67995) to work on /opt/homebrew/Caskroom/miniconda/base/envs/airflow_env/lib/python3.9/site-packages/airflow/example_dags/example_kubernetes_executor.py
[2024-10-13T15:14:42.839+0100] {processor.py:914} INFO - Processing file /opt/homebrew/Caskroom/miniconda/base/envs/airflow_env/lib/python3.9/site-packages/airflow/example_dags/example_kubernetes_executor.py for tasks to queue
[2024-10-13T15:14:42.839+0100] {logging_mixin.py:190} INFO - [2024-10-13T15:14:42.839+0100] {dagbag.py:588} INFO - Filling up the DagBag from /opt/homebrew/Caskroom/miniconda/base/envs/airflow_env/lib/python3.9/site-packages/airflow/example_dags/example_kubernetes_executor.py
[2024-10-13T15:14:42.870+0100] {logging_mixin.py:190} INFO - [2024-10-13T15:14:42.870+0100] {example_kubernetes_executor.py:39} WARNING - The example_kubernetes_executor example DAG requires the kubernetes provider. Please install it with: pip install apache-airflow[cncf.kubernetes]
[2024-10-13T15:14:42.870+0100] {processor.py:927} WARNING - No viable dags retrieved from /opt/homebrew/Caskroom/miniconda/base/envs/airflow_env/lib/python3.9/site-packages/airflow/example_dags/example_kubernetes_executor.py
[2024-10-13T15:14:42.901+0100] {processor.py:208} INFO - Processing /opt/homebrew/Caskroom/miniconda/base/envs/airflow_env/lib/python3.9/site-packages/airflow/example_dags/example_kubernetes_executor.py took 0.064 seconds
[2024-10-13T15:16:54.725+0100] {processor.py:186} INFO - Started process (PID=68125) to work on /opt/homebrew/Caskroom/miniconda/base/envs/airflow_env/lib/python3.9/site-packages/airflow/example_dags/example_kubernetes_executor.py
[2024-10-13T15:16:54.725+0100] {processor.py:914} INFO - Processing file /opt/homebrew/Caskroom/miniconda/base/envs/airflow_env/lib/python3.9/site-packages/airflow/example_dags/example_kubernetes_executor.py for tasks to queue
[2024-10-13T15:16:54.725+0100] {logging_mixin.py:190} INFO - [2024-10-13T15:16:54.725+0100] {dagbag.py:588} INFO - Filling up the DagBag from /opt/homebrew/Caskroom/miniconda/base/envs/airflow_env/lib/python3.9/site-packages/airflow/example_dags/example_kubernetes_executor.py
[2024-10-13T15:16:54.755+0100] {logging_mixin.py:190} INFO - [2024-10-13T15:16:54.755+0100] {example_kubernetes_executor.py:39} WARNING - The example_kubernetes_executor example DAG requires the kubernetes provider. Please install it with: pip install apache-airflow[cncf.kubernetes]
[2024-10-13T15:16:54.755+0100] {processor.py:927} WARNING - No viable dags retrieved from /opt/homebrew/Caskroom/miniconda/base/envs/airflow_env/lib/python3.9/site-packages/airflow/example_dags/example_kubernetes_executor.py
[2024-10-13T15:16:54.784+0100] {processor.py:208} INFO - Processing /opt/homebrew/Caskroom/miniconda/base/envs/airflow_env/lib/python3.9/site-packages/airflow/example_dags/example_kubernetes_executor.py took 0.061 seconds
[2024-10-13T15:19:09.449+0100] {processor.py:186} INFO - Started process (PID=68264) to work on /opt/homebrew/Caskroom/miniconda/base/envs/airflow_env/lib/python3.9/site-packages/airflow/example_dags/example_kubernetes_executor.py
[2024-10-13T15:19:09.450+0100] {processor.py:914} INFO - Processing file /opt/homebrew/Caskroom/miniconda/base/envs/airflow_env/lib/python3.9/site-packages/airflow/example_dags/example_kubernetes_executor.py for tasks to queue
[2024-10-13T15:19:09.450+0100] {logging_mixin.py:190} INFO - [2024-10-13T15:19:09.450+0100] {dagbag.py:588} INFO - Filling up the DagBag from /opt/homebrew/Caskroom/miniconda/base/envs/airflow_env/lib/python3.9/site-packages/airflow/example_dags/example_kubernetes_executor.py
[2024-10-13T15:19:09.481+0100] {logging_mixin.py:190} INFO - [2024-10-13T15:19:09.481+0100] {example_kubernetes_executor.py:39} WARNING - The example_kubernetes_executor example DAG requires the kubernetes provider. Please install it with: pip install apache-airflow[cncf.kubernetes]
[2024-10-13T15:19:09.482+0100] {processor.py:927} WARNING - No viable dags retrieved from /opt/homebrew/Caskroom/miniconda/base/envs/airflow_env/lib/python3.9/site-packages/airflow/example_dags/example_kubernetes_executor.py
[2024-10-13T15:19:09.511+0100] {processor.py:208} INFO - Processing /opt/homebrew/Caskroom/miniconda/base/envs/airflow_env/lib/python3.9/site-packages/airflow/example_dags/example_kubernetes_executor.py took 0.063 seconds
[2024-10-13T15:21:21.296+0100] {processor.py:186} INFO - Started process (PID=68386) to work on /opt/homebrew/Caskroom/miniconda/base/envs/airflow_env/lib/python3.9/site-packages/airflow/example_dags/example_kubernetes_executor.py
[2024-10-13T15:21:21.297+0100] {processor.py:914} INFO - Processing file /opt/homebrew/Caskroom/miniconda/base/envs/airflow_env/lib/python3.9/site-packages/airflow/example_dags/example_kubernetes_executor.py for tasks to queue
[2024-10-13T15:21:21.297+0100] {logging_mixin.py:190} INFO - [2024-10-13T15:21:21.297+0100] {dagbag.py:588} INFO - Filling up the DagBag from /opt/homebrew/Caskroom/miniconda/base/envs/airflow_env/lib/python3.9/site-packages/airflow/example_dags/example_kubernetes_executor.py
[2024-10-13T15:21:21.328+0100] {logging_mixin.py:190} INFO - [2024-10-13T15:21:21.328+0100] {example_kubernetes_executor.py:39} WARNING - The example_kubernetes_executor example DAG requires the kubernetes provider. Please install it with: pip install apache-airflow[cncf.kubernetes]
[2024-10-13T15:21:21.328+0100] {processor.py:927} WARNING - No viable dags retrieved from /opt/homebrew/Caskroom/miniconda/base/envs/airflow_env/lib/python3.9/site-packages/airflow/example_dags/example_kubernetes_executor.py
[2024-10-13T15:21:21.359+0100] {processor.py:208} INFO - Processing /opt/homebrew/Caskroom/miniconda/base/envs/airflow_env/lib/python3.9/site-packages/airflow/example_dags/example_kubernetes_executor.py took 0.065 seconds
[2024-10-13T15:23:26.328+0100] {processor.py:186} INFO - Started process (PID=68593) to work on /opt/homebrew/Caskroom/miniconda/base/envs/airflow_env/lib/python3.9/site-packages/airflow/example_dags/example_kubernetes_executor.py
[2024-10-13T15:23:26.329+0100] {processor.py:914} INFO - Processing file /opt/homebrew/Caskroom/miniconda/base/envs/airflow_env/lib/python3.9/site-packages/airflow/example_dags/example_kubernetes_executor.py for tasks to queue
[2024-10-13T15:23:26.329+0100] {logging_mixin.py:190} INFO - [2024-10-13T15:23:26.329+0100] {dagbag.py:588} INFO - Filling up the DagBag from /opt/homebrew/Caskroom/miniconda/base/envs/airflow_env/lib/python3.9/site-packages/airflow/example_dags/example_kubernetes_executor.py
[2024-10-13T15:23:26.360+0100] {logging_mixin.py:190} INFO - [2024-10-13T15:23:26.360+0100] {example_kubernetes_executor.py:39} WARNING - The example_kubernetes_executor example DAG requires the kubernetes provider. Please install it with: pip install apache-airflow[cncf.kubernetes]
[2024-10-13T15:23:26.360+0100] {processor.py:927} WARNING - No viable dags retrieved from /opt/homebrew/Caskroom/miniconda/base/envs/airflow_env/lib/python3.9/site-packages/airflow/example_dags/example_kubernetes_executor.py
[2024-10-13T15:23:26.392+0100] {processor.py:208} INFO - Processing /opt/homebrew/Caskroom/miniconda/base/envs/airflow_env/lib/python3.9/site-packages/airflow/example_dags/example_kubernetes_executor.py took 0.066 seconds
[2024-10-13T15:25:37.556+0100] {processor.py:186} INFO - Started process (PID=68728) to work on /opt/homebrew/Caskroom/miniconda/base/envs/airflow_env/lib/python3.9/site-packages/airflow/example_dags/example_kubernetes_executor.py
[2024-10-13T15:25:37.557+0100] {processor.py:914} INFO - Processing file /opt/homebrew/Caskroom/miniconda/base/envs/airflow_env/lib/python3.9/site-packages/airflow/example_dags/example_kubernetes_executor.py for tasks to queue
[2024-10-13T15:25:37.557+0100] {logging_mixin.py:190} INFO - [2024-10-13T15:25:37.557+0100] {dagbag.py:588} INFO - Filling up the DagBag from /opt/homebrew/Caskroom/miniconda/base/envs/airflow_env/lib/python3.9/site-packages/airflow/example_dags/example_kubernetes_executor.py
[2024-10-13T15:25:37.591+0100] {logging_mixin.py:190} INFO - [2024-10-13T15:25:37.591+0100] {example_kubernetes_executor.py:39} WARNING - The example_kubernetes_executor example DAG requires the kubernetes provider. Please install it with: pip install apache-airflow[cncf.kubernetes]
[2024-10-13T15:25:37.591+0100] {processor.py:927} WARNING - No viable dags retrieved from /opt/homebrew/Caskroom/miniconda/base/envs/airflow_env/lib/python3.9/site-packages/airflow/example_dags/example_kubernetes_executor.py
[2024-10-13T15:25:37.622+0100] {processor.py:208} INFO - Processing /opt/homebrew/Caskroom/miniconda/base/envs/airflow_env/lib/python3.9/site-packages/airflow/example_dags/example_kubernetes_executor.py took 0.068 seconds
