[2024-10-13T14:08:30.149+0100] {processor.py:186} INFO - Started process (PID=67185) to work on /opt/homebrew/Caskroom/miniconda/base/envs/airflow_env/lib/python3.9/site-packages/airflow/example_dags/example_trigger_controller_dag.py
[2024-10-13T14:08:30.149+0100] {processor.py:914} INFO - Processing file /opt/homebrew/Caskroom/miniconda/base/envs/airflow_env/lib/python3.9/site-packages/airflow/example_dags/example_trigger_controller_dag.py for tasks to queue
[2024-10-13T14:08:30.149+0100] {logging_mixin.py:190} INFO - [2024-10-13T14:08:30.149+0100] {dagbag.py:588} INFO - Filling up the DagBag from /opt/homebrew/Caskroom/miniconda/base/envs/airflow_env/lib/python3.9/site-packages/airflow/example_dags/example_trigger_controller_dag.py
[2024-10-13T14:08:30.177+0100] {processor.py:925} INFO - DAG(s) 'example_trigger_controller_dag' retrieved from /opt/homebrew/Caskroom/miniconda/base/envs/airflow_env/lib/python3.9/site-packages/airflow/example_dags/example_trigger_controller_dag.py
[2024-10-13T14:08:30.239+0100] {logging_mixin.py:190} INFO - [2024-10-13T14:08:30.239+0100] {override.py:1901} INFO - Created Permission View: can edit on DAG:example_trigger_controller_dag
[2024-10-13T14:08:30.242+0100] {logging_mixin.py:190} INFO - [2024-10-13T14:08:30.242+0100] {override.py:1901} INFO - Created Permission View: can delete on DAG:example_trigger_controller_dag
[2024-10-13T14:08:30.244+0100] {logging_mixin.py:190} INFO - [2024-10-13T14:08:30.244+0100] {override.py:1901} INFO - Created Permission View: can read on DAG:example_trigger_controller_dag
[2024-10-13T14:08:30.247+0100] {logging_mixin.py:190} INFO - [2024-10-13T14:08:30.247+0100] {override.py:1901} INFO - Created Permission View: can delete on DAG Run:example_trigger_controller_dag
[2024-10-13T14:08:30.250+0100] {logging_mixin.py:190} INFO - [2024-10-13T14:08:30.250+0100] {override.py:1901} INFO - Created Permission View: menu access on DAG Run:example_trigger_controller_dag
[2024-10-13T14:08:30.252+0100] {logging_mixin.py:190} INFO - [2024-10-13T14:08:30.252+0100] {override.py:1901} INFO - Created Permission View: can read on DAG Run:example_trigger_controller_dag
[2024-10-13T14:08:30.254+0100] {logging_mixin.py:190} INFO - [2024-10-13T14:08:30.254+0100] {override.py:1901} INFO - Created Permission View: can create on DAG Run:example_trigger_controller_dag
[2024-10-13T14:08:30.254+0100] {logging_mixin.py:190} INFO - [2024-10-13T14:08:30.254+0100] {dag.py:3239} INFO - Sync 1 DAGs
[2024-10-13T14:08:30.258+0100] {logging_mixin.py:190} INFO - [2024-10-13T14:08:30.258+0100] {dag.py:3262} INFO - Creating ORM DAG for example_trigger_controller_dag
[2024-10-13T14:08:30.261+0100] {logging_mixin.py:190} INFO - [2024-10-13T14:08:30.261+0100] {dag.py:4180} INFO - Setting next_dagrun for example_trigger_controller_dag to 2021-01-01 00:00:00+00:00, run_after=2021-01-01 00:00:00+00:00
[2024-10-13T14:08:30.267+0100] {processor.py:208} INFO - Processing /opt/homebrew/Caskroom/miniconda/base/envs/airflow_env/lib/python3.9/site-packages/airflow/example_dags/example_trigger_controller_dag.py took 0.120 seconds
[2024-10-13T14:10:07.878+0100] {processor.py:186} INFO - Started process (PID=67296) to work on /opt/homebrew/Caskroom/miniconda/base/envs/airflow_env/lib/python3.9/site-packages/airflow/example_dags/example_trigger_controller_dag.py
[2024-10-13T14:10:07.879+0100] {processor.py:914} INFO - Processing file /opt/homebrew/Caskroom/miniconda/base/envs/airflow_env/lib/python3.9/site-packages/airflow/example_dags/example_trigger_controller_dag.py for tasks to queue
[2024-10-13T14:10:07.879+0100] {logging_mixin.py:190} INFO - [2024-10-13T14:10:07.879+0100] {dagbag.py:588} INFO - Filling up the DagBag from /opt/homebrew/Caskroom/miniconda/base/envs/airflow_env/lib/python3.9/site-packages/airflow/example_dags/example_trigger_controller_dag.py
[2024-10-13T14:10:07.904+0100] {processor.py:925} INFO - DAG(s) 'example_trigger_controller_dag' retrieved from /opt/homebrew/Caskroom/miniconda/base/envs/airflow_env/lib/python3.9/site-packages/airflow/example_dags/example_trigger_controller_dag.py
[2024-10-13T14:10:07.937+0100] {logging_mixin.py:190} INFO - [2024-10-13T14:10:07.937+0100] {dag.py:3239} INFO - Sync 1 DAGs
[2024-10-13T14:10:07.946+0100] {logging_mixin.py:190} INFO - [2024-10-13T14:10:07.945+0100] {dag.py:4180} INFO - Setting next_dagrun for example_trigger_controller_dag to 2021-01-01 00:00:00+00:00, run_after=2021-01-01 00:00:00+00:00
[2024-10-13T14:10:07.951+0100] {processor.py:208} INFO - Processing /opt/homebrew/Caskroom/miniconda/base/envs/airflow_env/lib/python3.9/site-packages/airflow/example_dags/example_trigger_controller_dag.py took 0.075 seconds
[2024-10-13T14:11:14.596+0100] {processor.py:186} INFO - Started process (PID=67365) to work on /opt/homebrew/Caskroom/miniconda/base/envs/airflow_env/lib/python3.9/site-packages/airflow/example_dags/example_trigger_controller_dag.py
[2024-10-13T14:11:14.596+0100] {processor.py:914} INFO - Processing file /opt/homebrew/Caskroom/miniconda/base/envs/airflow_env/lib/python3.9/site-packages/airflow/example_dags/example_trigger_controller_dag.py for tasks to queue
[2024-10-13T14:11:14.597+0100] {logging_mixin.py:190} INFO - [2024-10-13T14:11:14.597+0100] {dagbag.py:588} INFO - Filling up the DagBag from /opt/homebrew/Caskroom/miniconda/base/envs/airflow_env/lib/python3.9/site-packages/airflow/example_dags/example_trigger_controller_dag.py
[2024-10-13T14:11:14.619+0100] {processor.py:925} INFO - DAG(s) 'example_trigger_controller_dag' retrieved from /opt/homebrew/Caskroom/miniconda/base/envs/airflow_env/lib/python3.9/site-packages/airflow/example_dags/example_trigger_controller_dag.py
[2024-10-13T14:11:14.650+0100] {logging_mixin.py:190} INFO - [2024-10-13T14:11:14.650+0100] {dag.py:3239} INFO - Sync 1 DAGs
[2024-10-13T14:11:14.656+0100] {logging_mixin.py:190} INFO - [2024-10-13T14:11:14.656+0100] {dag.py:4180} INFO - Setting next_dagrun for example_trigger_controller_dag to 2021-01-01 00:00:00+00:00, run_after=2021-01-01 00:00:00+00:00
[2024-10-13T14:11:14.662+0100] {processor.py:208} INFO - Processing /opt/homebrew/Caskroom/miniconda/base/envs/airflow_env/lib/python3.9/site-packages/airflow/example_dags/example_trigger_controller_dag.py took 0.068 seconds
[2024-10-13T14:12:17.618+0100] {processor.py:186} INFO - Started process (PID=67446) to work on /opt/homebrew/Caskroom/miniconda/base/envs/airflow_env/lib/python3.9/site-packages/airflow/example_dags/example_trigger_controller_dag.py
[2024-10-13T14:12:17.618+0100] {processor.py:914} INFO - Processing file /opt/homebrew/Caskroom/miniconda/base/envs/airflow_env/lib/python3.9/site-packages/airflow/example_dags/example_trigger_controller_dag.py for tasks to queue
[2024-10-13T14:12:17.619+0100] {logging_mixin.py:190} INFO - [2024-10-13T14:12:17.618+0100] {dagbag.py:588} INFO - Filling up the DagBag from /opt/homebrew/Caskroom/miniconda/base/envs/airflow_env/lib/python3.9/site-packages/airflow/example_dags/example_trigger_controller_dag.py
[2024-10-13T14:12:17.640+0100] {processor.py:925} INFO - DAG(s) 'example_trigger_controller_dag' retrieved from /opt/homebrew/Caskroom/miniconda/base/envs/airflow_env/lib/python3.9/site-packages/airflow/example_dags/example_trigger_controller_dag.py
[2024-10-13T14:12:17.671+0100] {logging_mixin.py:190} INFO - [2024-10-13T14:12:17.671+0100] {dag.py:3239} INFO - Sync 1 DAGs
[2024-10-13T14:12:17.676+0100] {logging_mixin.py:190} INFO - [2024-10-13T14:12:17.676+0100] {dag.py:4180} INFO - Setting next_dagrun for example_trigger_controller_dag to 2021-01-01 00:00:00+00:00, run_after=2021-01-01 00:00:00+00:00
[2024-10-13T14:12:17.683+0100] {processor.py:208} INFO - Processing /opt/homebrew/Caskroom/miniconda/base/envs/airflow_env/lib/python3.9/site-packages/airflow/example_dags/example_trigger_controller_dag.py took 0.067 seconds
[2024-10-13T14:13:20.270+0100] {processor.py:186} INFO - Started process (PID=67529) to work on /opt/homebrew/Caskroom/miniconda/base/envs/airflow_env/lib/python3.9/site-packages/airflow/example_dags/example_trigger_controller_dag.py
[2024-10-13T14:13:20.271+0100] {processor.py:914} INFO - Processing file /opt/homebrew/Caskroom/miniconda/base/envs/airflow_env/lib/python3.9/site-packages/airflow/example_dags/example_trigger_controller_dag.py for tasks to queue
[2024-10-13T14:13:20.271+0100] {logging_mixin.py:190} INFO - [2024-10-13T14:13:20.271+0100] {dagbag.py:588} INFO - Filling up the DagBag from /opt/homebrew/Caskroom/miniconda/base/envs/airflow_env/lib/python3.9/site-packages/airflow/example_dags/example_trigger_controller_dag.py
[2024-10-13T14:13:20.296+0100] {processor.py:925} INFO - DAG(s) 'example_trigger_controller_dag' retrieved from /opt/homebrew/Caskroom/miniconda/base/envs/airflow_env/lib/python3.9/site-packages/airflow/example_dags/example_trigger_controller_dag.py
[2024-10-13T14:13:20.329+0100] {logging_mixin.py:190} INFO - [2024-10-13T14:13:20.329+0100] {dag.py:3239} INFO - Sync 1 DAGs
[2024-10-13T14:13:20.336+0100] {logging_mixin.py:190} INFO - [2024-10-13T14:13:20.335+0100] {dag.py:4180} INFO - Setting next_dagrun for example_trigger_controller_dag to 2021-01-01 00:00:00+00:00, run_after=2021-01-01 00:00:00+00:00
[2024-10-13T14:13:20.342+0100] {processor.py:208} INFO - Processing /opt/homebrew/Caskroom/miniconda/base/envs/airflow_env/lib/python3.9/site-packages/airflow/example_dags/example_trigger_controller_dag.py took 0.074 seconds
[2024-10-13T14:14:24.973+0100] {processor.py:186} INFO - Started process (PID=67598) to work on /opt/homebrew/Caskroom/miniconda/base/envs/airflow_env/lib/python3.9/site-packages/airflow/example_dags/example_trigger_controller_dag.py
[2024-10-13T14:14:24.974+0100] {processor.py:914} INFO - Processing file /opt/homebrew/Caskroom/miniconda/base/envs/airflow_env/lib/python3.9/site-packages/airflow/example_dags/example_trigger_controller_dag.py for tasks to queue
[2024-10-13T14:14:24.974+0100] {logging_mixin.py:190} INFO - [2024-10-13T14:14:24.974+0100] {dagbag.py:588} INFO - Filling up the DagBag from /opt/homebrew/Caskroom/miniconda/base/envs/airflow_env/lib/python3.9/site-packages/airflow/example_dags/example_trigger_controller_dag.py
[2024-10-13T14:14:24.996+0100] {processor.py:925} INFO - DAG(s) 'example_trigger_controller_dag' retrieved from /opt/homebrew/Caskroom/miniconda/base/envs/airflow_env/lib/python3.9/site-packages/airflow/example_dags/example_trigger_controller_dag.py
[2024-10-13T14:14:25.027+0100] {logging_mixin.py:190} INFO - [2024-10-13T14:14:25.027+0100] {dag.py:3239} INFO - Sync 1 DAGs
[2024-10-13T14:14:25.033+0100] {logging_mixin.py:190} INFO - [2024-10-13T14:14:25.033+0100] {dag.py:4180} INFO - Setting next_dagrun for example_trigger_controller_dag to 2021-01-01 00:00:00+00:00, run_after=2021-01-01 00:00:00+00:00
[2024-10-13T14:14:25.039+0100] {processor.py:208} INFO - Processing /opt/homebrew/Caskroom/miniconda/base/envs/airflow_env/lib/python3.9/site-packages/airflow/example_dags/example_trigger_controller_dag.py took 0.067 seconds
[2024-10-13T14:15:30.424+0100] {processor.py:186} INFO - Started process (PID=67658) to work on /opt/homebrew/Caskroom/miniconda/base/envs/airflow_env/lib/python3.9/site-packages/airflow/example_dags/example_trigger_controller_dag.py
[2024-10-13T14:15:30.424+0100] {processor.py:914} INFO - Processing file /opt/homebrew/Caskroom/miniconda/base/envs/airflow_env/lib/python3.9/site-packages/airflow/example_dags/example_trigger_controller_dag.py for tasks to queue
[2024-10-13T14:15:30.425+0100] {logging_mixin.py:190} INFO - [2024-10-13T14:15:30.424+0100] {dagbag.py:588} INFO - Filling up the DagBag from /opt/homebrew/Caskroom/miniconda/base/envs/airflow_env/lib/python3.9/site-packages/airflow/example_dags/example_trigger_controller_dag.py
[2024-10-13T14:15:30.447+0100] {processor.py:925} INFO - DAG(s) 'example_trigger_controller_dag' retrieved from /opt/homebrew/Caskroom/miniconda/base/envs/airflow_env/lib/python3.9/site-packages/airflow/example_dags/example_trigger_controller_dag.py
[2024-10-13T14:15:30.478+0100] {logging_mixin.py:190} INFO - [2024-10-13T14:15:30.478+0100] {dag.py:3239} INFO - Sync 1 DAGs
[2024-10-13T14:15:30.484+0100] {logging_mixin.py:190} INFO - [2024-10-13T14:15:30.484+0100] {dag.py:4180} INFO - Setting next_dagrun for example_trigger_controller_dag to 2021-01-01 00:00:00+00:00, run_after=2021-01-01 00:00:00+00:00
[2024-10-13T14:15:30.491+0100] {processor.py:208} INFO - Processing /opt/homebrew/Caskroom/miniconda/base/envs/airflow_env/lib/python3.9/site-packages/airflow/example_dags/example_trigger_controller_dag.py took 0.069 seconds
[2024-10-13T14:16:38.849+0100] {processor.py:186} INFO - Started process (PID=67717) to work on /opt/homebrew/Caskroom/miniconda/base/envs/airflow_env/lib/python3.9/site-packages/airflow/example_dags/example_trigger_controller_dag.py
[2024-10-13T14:16:38.849+0100] {processor.py:914} INFO - Processing file /opt/homebrew/Caskroom/miniconda/base/envs/airflow_env/lib/python3.9/site-packages/airflow/example_dags/example_trigger_controller_dag.py for tasks to queue
[2024-10-13T14:16:38.850+0100] {logging_mixin.py:190} INFO - [2024-10-13T14:16:38.850+0100] {dagbag.py:588} INFO - Filling up the DagBag from /opt/homebrew/Caskroom/miniconda/base/envs/airflow_env/lib/python3.9/site-packages/airflow/example_dags/example_trigger_controller_dag.py
[2024-10-13T14:16:38.871+0100] {processor.py:925} INFO - DAG(s) 'example_trigger_controller_dag' retrieved from /opt/homebrew/Caskroom/miniconda/base/envs/airflow_env/lib/python3.9/site-packages/airflow/example_dags/example_trigger_controller_dag.py
[2024-10-13T14:16:38.902+0100] {logging_mixin.py:190} INFO - [2024-10-13T14:16:38.902+0100] {dag.py:3239} INFO - Sync 1 DAGs
[2024-10-13T14:16:38.909+0100] {logging_mixin.py:190} INFO - [2024-10-13T14:16:38.909+0100] {dag.py:4180} INFO - Setting next_dagrun for example_trigger_controller_dag to 2021-01-01 00:00:00+00:00, run_after=2021-01-01 00:00:00+00:00
[2024-10-13T14:16:38.916+0100] {processor.py:208} INFO - Processing /opt/homebrew/Caskroom/miniconda/base/envs/airflow_env/lib/python3.9/site-packages/airflow/example_dags/example_trigger_controller_dag.py took 0.069 seconds
[2024-10-13T14:19:43.947+0100] {processor.py:186} INFO - Started process (PID=67783) to work on /opt/homebrew/Caskroom/miniconda/base/envs/airflow_env/lib/python3.9/site-packages/airflow/example_dags/example_trigger_controller_dag.py
[2024-10-13T14:19:43.947+0100] {processor.py:914} INFO - Processing file /opt/homebrew/Caskroom/miniconda/base/envs/airflow_env/lib/python3.9/site-packages/airflow/example_dags/example_trigger_controller_dag.py for tasks to queue
[2024-10-13T14:19:43.947+0100] {logging_mixin.py:190} INFO - [2024-10-13T14:19:43.947+0100] {dagbag.py:588} INFO - Filling up the DagBag from /opt/homebrew/Caskroom/miniconda/base/envs/airflow_env/lib/python3.9/site-packages/airflow/example_dags/example_trigger_controller_dag.py
[2024-10-13T14:19:43.973+0100] {processor.py:925} INFO - DAG(s) 'example_trigger_controller_dag' retrieved from /opt/homebrew/Caskroom/miniconda/base/envs/airflow_env/lib/python3.9/site-packages/airflow/example_dags/example_trigger_controller_dag.py
[2024-10-13T14:19:44.005+0100] {logging_mixin.py:190} INFO - [2024-10-13T14:19:44.005+0100] {dag.py:3239} INFO - Sync 1 DAGs
[2024-10-13T14:19:44.011+0100] {logging_mixin.py:190} INFO - [2024-10-13T14:19:44.010+0100] {dag.py:4180} INFO - Setting next_dagrun for example_trigger_controller_dag to 2021-01-01 00:00:00+00:00, run_after=2021-01-01 00:00:00+00:00
[2024-10-13T14:19:44.016+0100] {processor.py:208} INFO - Processing /opt/homebrew/Caskroom/miniconda/base/envs/airflow_env/lib/python3.9/site-packages/airflow/example_dags/example_trigger_controller_dag.py took 0.072 seconds
[2024-10-13T15:14:05.633+0100] {processor.py:186} INFO - Started process (PID=67948) to work on /opt/homebrew/Caskroom/miniconda/base/envs/airflow_env/lib/python3.9/site-packages/airflow/example_dags/example_trigger_controller_dag.py
[2024-10-13T15:14:05.634+0100] {processor.py:914} INFO - Processing file /opt/homebrew/Caskroom/miniconda/base/envs/airflow_env/lib/python3.9/site-packages/airflow/example_dags/example_trigger_controller_dag.py for tasks to queue
[2024-10-13T15:14:05.634+0100] {logging_mixin.py:190} INFO - [2024-10-13T15:14:05.634+0100] {dagbag.py:588} INFO - Filling up the DagBag from /opt/homebrew/Caskroom/miniconda/base/envs/airflow_env/lib/python3.9/site-packages/airflow/example_dags/example_trigger_controller_dag.py
[2024-10-13T15:14:05.656+0100] {processor.py:925} INFO - DAG(s) 'example_trigger_controller_dag' retrieved from /opt/homebrew/Caskroom/miniconda/base/envs/airflow_env/lib/python3.9/site-packages/airflow/example_dags/example_trigger_controller_dag.py
[2024-10-13T15:14:05.688+0100] {logging_mixin.py:190} INFO - [2024-10-13T15:14:05.688+0100] {dag.py:3239} INFO - Sync 1 DAGs
[2024-10-13T15:14:05.694+0100] {logging_mixin.py:190} INFO - [2024-10-13T15:14:05.694+0100] {dag.py:4180} INFO - Setting next_dagrun for example_trigger_controller_dag to 2021-01-01 00:00:00+00:00, run_after=2021-01-01 00:00:00+00:00
[2024-10-13T15:14:05.701+0100] {processor.py:208} INFO - Processing /opt/homebrew/Caskroom/miniconda/base/envs/airflow_env/lib/python3.9/site-packages/airflow/example_dags/example_trigger_controller_dag.py took 0.070 seconds
[2024-10-13T15:15:20.264+0100] {processor.py:186} INFO - Started process (PID=68039) to work on /opt/homebrew/Caskroom/miniconda/base/envs/airflow_env/lib/python3.9/site-packages/airflow/example_dags/example_trigger_controller_dag.py
[2024-10-13T15:15:20.267+0100] {processor.py:914} INFO - Processing file /opt/homebrew/Caskroom/miniconda/base/envs/airflow_env/lib/python3.9/site-packages/airflow/example_dags/example_trigger_controller_dag.py for tasks to queue
[2024-10-13T15:15:20.268+0100] {logging_mixin.py:190} INFO - [2024-10-13T15:15:20.268+0100] {dagbag.py:588} INFO - Filling up the DagBag from /opt/homebrew/Caskroom/miniconda/base/envs/airflow_env/lib/python3.9/site-packages/airflow/example_dags/example_trigger_controller_dag.py
[2024-10-13T15:15:20.290+0100] {processor.py:925} INFO - DAG(s) 'example_trigger_controller_dag' retrieved from /opt/homebrew/Caskroom/miniconda/base/envs/airflow_env/lib/python3.9/site-packages/airflow/example_dags/example_trigger_controller_dag.py
[2024-10-13T15:15:20.321+0100] {logging_mixin.py:190} INFO - [2024-10-13T15:15:20.321+0100] {dag.py:3239} INFO - Sync 1 DAGs
[2024-10-13T15:15:20.326+0100] {logging_mixin.py:190} INFO - [2024-10-13T15:15:20.326+0100] {dag.py:4180} INFO - Setting next_dagrun for example_trigger_controller_dag to 2021-01-01 00:00:00+00:00, run_after=2021-01-01 00:00:00+00:00
[2024-10-13T15:15:20.333+0100] {processor.py:208} INFO - Processing /opt/homebrew/Caskroom/miniconda/base/envs/airflow_env/lib/python3.9/site-packages/airflow/example_dags/example_trigger_controller_dag.py took 0.071 seconds
[2024-10-13T15:16:26.422+0100] {processor.py:186} INFO - Started process (PID=68089) to work on /opt/homebrew/Caskroom/miniconda/base/envs/airflow_env/lib/python3.9/site-packages/airflow/example_dags/example_trigger_controller_dag.py
[2024-10-13T15:16:26.423+0100] {processor.py:914} INFO - Processing file /opt/homebrew/Caskroom/miniconda/base/envs/airflow_env/lib/python3.9/site-packages/airflow/example_dags/example_trigger_controller_dag.py for tasks to queue
[2024-10-13T15:16:26.423+0100] {logging_mixin.py:190} INFO - [2024-10-13T15:16:26.423+0100] {dagbag.py:588} INFO - Filling up the DagBag from /opt/homebrew/Caskroom/miniconda/base/envs/airflow_env/lib/python3.9/site-packages/airflow/example_dags/example_trigger_controller_dag.py
[2024-10-13T15:16:26.448+0100] {processor.py:925} INFO - DAG(s) 'example_trigger_controller_dag' retrieved from /opt/homebrew/Caskroom/miniconda/base/envs/airflow_env/lib/python3.9/site-packages/airflow/example_dags/example_trigger_controller_dag.py
[2024-10-13T15:16:26.480+0100] {logging_mixin.py:190} INFO - [2024-10-13T15:16:26.479+0100] {dag.py:3239} INFO - Sync 1 DAGs
[2024-10-13T15:16:26.486+0100] {logging_mixin.py:190} INFO - [2024-10-13T15:16:26.485+0100] {dag.py:4180} INFO - Setting next_dagrun for example_trigger_controller_dag to 2021-01-01 00:00:00+00:00, run_after=2021-01-01 00:00:00+00:00
[2024-10-13T15:16:26.492+0100] {processor.py:208} INFO - Processing /opt/homebrew/Caskroom/miniconda/base/envs/airflow_env/lib/python3.9/site-packages/airflow/example_dags/example_trigger_controller_dag.py took 0.071 seconds
[2024-10-13T15:17:30.800+0100] {processor.py:186} INFO - Started process (PID=68152) to work on /opt/homebrew/Caskroom/miniconda/base/envs/airflow_env/lib/python3.9/site-packages/airflow/example_dags/example_trigger_controller_dag.py
[2024-10-13T15:17:30.800+0100] {processor.py:914} INFO - Processing file /opt/homebrew/Caskroom/miniconda/base/envs/airflow_env/lib/python3.9/site-packages/airflow/example_dags/example_trigger_controller_dag.py for tasks to queue
[2024-10-13T15:17:30.801+0100] {logging_mixin.py:190} INFO - [2024-10-13T15:17:30.800+0100] {dagbag.py:588} INFO - Filling up the DagBag from /opt/homebrew/Caskroom/miniconda/base/envs/airflow_env/lib/python3.9/site-packages/airflow/example_dags/example_trigger_controller_dag.py
[2024-10-13T15:17:30.823+0100] {processor.py:925} INFO - DAG(s) 'example_trigger_controller_dag' retrieved from /opt/homebrew/Caskroom/miniconda/base/envs/airflow_env/lib/python3.9/site-packages/airflow/example_dags/example_trigger_controller_dag.py
[2024-10-13T15:17:30.854+0100] {logging_mixin.py:190} INFO - [2024-10-13T15:17:30.854+0100] {dag.py:3239} INFO - Sync 1 DAGs
[2024-10-13T15:17:30.859+0100] {logging_mixin.py:190} INFO - [2024-10-13T15:17:30.859+0100] {dag.py:4180} INFO - Setting next_dagrun for example_trigger_controller_dag to 2021-01-01 00:00:00+00:00, run_after=2021-01-01 00:00:00+00:00
[2024-10-13T15:17:30.865+0100] {processor.py:208} INFO - Processing /opt/homebrew/Caskroom/miniconda/base/envs/airflow_env/lib/python3.9/site-packages/airflow/example_dags/example_trigger_controller_dag.py took 0.067 seconds
[2024-10-13T15:18:38.163+0100] {processor.py:186} INFO - Started process (PID=68215) to work on /opt/homebrew/Caskroom/miniconda/base/envs/airflow_env/lib/python3.9/site-packages/airflow/example_dags/example_trigger_controller_dag.py
[2024-10-13T15:18:38.164+0100] {processor.py:914} INFO - Processing file /opt/homebrew/Caskroom/miniconda/base/envs/airflow_env/lib/python3.9/site-packages/airflow/example_dags/example_trigger_controller_dag.py for tasks to queue
[2024-10-13T15:18:38.164+0100] {logging_mixin.py:190} INFO - [2024-10-13T15:18:38.164+0100] {dagbag.py:588} INFO - Filling up the DagBag from /opt/homebrew/Caskroom/miniconda/base/envs/airflow_env/lib/python3.9/site-packages/airflow/example_dags/example_trigger_controller_dag.py
[2024-10-13T15:18:38.186+0100] {processor.py:925} INFO - DAG(s) 'example_trigger_controller_dag' retrieved from /opt/homebrew/Caskroom/miniconda/base/envs/airflow_env/lib/python3.9/site-packages/airflow/example_dags/example_trigger_controller_dag.py
[2024-10-13T15:18:38.217+0100] {logging_mixin.py:190} INFO - [2024-10-13T15:18:38.217+0100] {dag.py:3239} INFO - Sync 1 DAGs
[2024-10-13T15:18:38.223+0100] {logging_mixin.py:190} INFO - [2024-10-13T15:18:38.223+0100] {dag.py:4180} INFO - Setting next_dagrun for example_trigger_controller_dag to 2021-01-01 00:00:00+00:00, run_after=2021-01-01 00:00:00+00:00
[2024-10-13T15:18:38.229+0100] {processor.py:208} INFO - Processing /opt/homebrew/Caskroom/miniconda/base/envs/airflow_env/lib/python3.9/site-packages/airflow/example_dags/example_trigger_controller_dag.py took 0.067 seconds
[2024-10-13T15:19:45.178+0100] {processor.py:186} INFO - Started process (PID=68294) to work on /opt/homebrew/Caskroom/miniconda/base/envs/airflow_env/lib/python3.9/site-packages/airflow/example_dags/example_trigger_controller_dag.py
[2024-10-13T15:19:45.178+0100] {processor.py:914} INFO - Processing file /opt/homebrew/Caskroom/miniconda/base/envs/airflow_env/lib/python3.9/site-packages/airflow/example_dags/example_trigger_controller_dag.py for tasks to queue
[2024-10-13T15:19:45.179+0100] {logging_mixin.py:190} INFO - [2024-10-13T15:19:45.178+0100] {dagbag.py:588} INFO - Filling up the DagBag from /opt/homebrew/Caskroom/miniconda/base/envs/airflow_env/lib/python3.9/site-packages/airflow/example_dags/example_trigger_controller_dag.py
[2024-10-13T15:19:45.201+0100] {processor.py:925} INFO - DAG(s) 'example_trigger_controller_dag' retrieved from /opt/homebrew/Caskroom/miniconda/base/envs/airflow_env/lib/python3.9/site-packages/airflow/example_dags/example_trigger_controller_dag.py
[2024-10-13T15:19:45.233+0100] {logging_mixin.py:190} INFO - [2024-10-13T15:19:45.233+0100] {dag.py:3239} INFO - Sync 1 DAGs
[2024-10-13T15:19:45.239+0100] {logging_mixin.py:190} INFO - [2024-10-13T15:19:45.239+0100] {dag.py:4180} INFO - Setting next_dagrun for example_trigger_controller_dag to 2021-01-01 00:00:00+00:00, run_after=2021-01-01 00:00:00+00:00
[2024-10-13T15:19:45.245+0100] {processor.py:208} INFO - Processing /opt/homebrew/Caskroom/miniconda/base/envs/airflow_env/lib/python3.9/site-packages/airflow/example_dags/example_trigger_controller_dag.py took 0.069 seconds
[2024-10-13T15:20:51.256+0100] {processor.py:186} INFO - Started process (PID=68359) to work on /opt/homebrew/Caskroom/miniconda/base/envs/airflow_env/lib/python3.9/site-packages/airflow/example_dags/example_trigger_controller_dag.py
[2024-10-13T15:20:51.257+0100] {processor.py:914} INFO - Processing file /opt/homebrew/Caskroom/miniconda/base/envs/airflow_env/lib/python3.9/site-packages/airflow/example_dags/example_trigger_controller_dag.py for tasks to queue
[2024-10-13T15:20:51.257+0100] {logging_mixin.py:190} INFO - [2024-10-13T15:20:51.257+0100] {dagbag.py:588} INFO - Filling up the DagBag from /opt/homebrew/Caskroom/miniconda/base/envs/airflow_env/lib/python3.9/site-packages/airflow/example_dags/example_trigger_controller_dag.py
[2024-10-13T15:20:51.282+0100] {processor.py:925} INFO - DAG(s) 'example_trigger_controller_dag' retrieved from /opt/homebrew/Caskroom/miniconda/base/envs/airflow_env/lib/python3.9/site-packages/airflow/example_dags/example_trigger_controller_dag.py
[2024-10-13T15:20:51.314+0100] {logging_mixin.py:190} INFO - [2024-10-13T15:20:51.314+0100] {dag.py:3239} INFO - Sync 1 DAGs
[2024-10-13T15:20:51.320+0100] {logging_mixin.py:190} INFO - [2024-10-13T15:20:51.320+0100] {dag.py:4180} INFO - Setting next_dagrun for example_trigger_controller_dag to 2021-01-01 00:00:00+00:00, run_after=2021-01-01 00:00:00+00:00
[2024-10-13T15:20:51.326+0100] {processor.py:208} INFO - Processing /opt/homebrew/Caskroom/miniconda/base/envs/airflow_env/lib/python3.9/site-packages/airflow/example_dags/example_trigger_controller_dag.py took 0.072 seconds
[2024-10-13T15:21:55.952+0100] {processor.py:186} INFO - Started process (PID=68449) to work on /opt/homebrew/Caskroom/miniconda/base/envs/airflow_env/lib/python3.9/site-packages/airflow/example_dags/example_trigger_controller_dag.py
[2024-10-13T15:21:55.952+0100] {processor.py:914} INFO - Processing file /opt/homebrew/Caskroom/miniconda/base/envs/airflow_env/lib/python3.9/site-packages/airflow/example_dags/example_trigger_controller_dag.py for tasks to queue
[2024-10-13T15:21:55.953+0100] {logging_mixin.py:190} INFO - [2024-10-13T15:21:55.952+0100] {dagbag.py:588} INFO - Filling up the DagBag from /opt/homebrew/Caskroom/miniconda/base/envs/airflow_env/lib/python3.9/site-packages/airflow/example_dags/example_trigger_controller_dag.py
[2024-10-13T15:21:55.976+0100] {processor.py:925} INFO - DAG(s) 'example_trigger_controller_dag' retrieved from /opt/homebrew/Caskroom/miniconda/base/envs/airflow_env/lib/python3.9/site-packages/airflow/example_dags/example_trigger_controller_dag.py
[2024-10-13T15:21:56.008+0100] {logging_mixin.py:190} INFO - [2024-10-13T15:21:56.008+0100] {dag.py:3239} INFO - Sync 1 DAGs
[2024-10-13T15:21:56.015+0100] {logging_mixin.py:190} INFO - [2024-10-13T15:21:56.015+0100] {dag.py:4180} INFO - Setting next_dagrun for example_trigger_controller_dag to 2021-01-01 00:00:00+00:00, run_after=2021-01-01 00:00:00+00:00
[2024-10-13T15:21:56.021+0100] {processor.py:208} INFO - Processing /opt/homebrew/Caskroom/miniconda/base/envs/airflow_env/lib/python3.9/site-packages/airflow/example_dags/example_trigger_controller_dag.py took 0.071 seconds
[2024-10-13T15:22:57.711+0100] {processor.py:186} INFO - Started process (PID=68567) to work on /opt/homebrew/Caskroom/miniconda/base/envs/airflow_env/lib/python3.9/site-packages/airflow/example_dags/example_trigger_controller_dag.py
[2024-10-13T15:22:57.713+0100] {processor.py:914} INFO - Processing file /opt/homebrew/Caskroom/miniconda/base/envs/airflow_env/lib/python3.9/site-packages/airflow/example_dags/example_trigger_controller_dag.py for tasks to queue
[2024-10-13T15:22:57.713+0100] {logging_mixin.py:190} INFO - [2024-10-13T15:22:57.713+0100] {dagbag.py:588} INFO - Filling up the DagBag from /opt/homebrew/Caskroom/miniconda/base/envs/airflow_env/lib/python3.9/site-packages/airflow/example_dags/example_trigger_controller_dag.py
[2024-10-13T15:22:57.738+0100] {processor.py:925} INFO - DAG(s) 'example_trigger_controller_dag' retrieved from /opt/homebrew/Caskroom/miniconda/base/envs/airflow_env/lib/python3.9/site-packages/airflow/example_dags/example_trigger_controller_dag.py
[2024-10-13T15:22:57.772+0100] {logging_mixin.py:190} INFO - [2024-10-13T15:22:57.772+0100] {dag.py:3239} INFO - Sync 1 DAGs
[2024-10-13T15:22:57.779+0100] {logging_mixin.py:190} INFO - [2024-10-13T15:22:57.779+0100] {dag.py:4180} INFO - Setting next_dagrun for example_trigger_controller_dag to 2021-01-01 00:00:00+00:00, run_after=2021-01-01 00:00:00+00:00
[2024-10-13T15:22:57.786+0100] {processor.py:208} INFO - Processing /opt/homebrew/Caskroom/miniconda/base/envs/airflow_env/lib/python3.9/site-packages/airflow/example_dags/example_trigger_controller_dag.py took 0.077 seconds
[2024-10-13T15:24:00.004+0100] {processor.py:186} INFO - Started process (PID=68620) to work on /opt/homebrew/Caskroom/miniconda/base/envs/airflow_env/lib/python3.9/site-packages/airflow/example_dags/example_trigger_controller_dag.py
[2024-10-13T15:24:00.005+0100] {processor.py:914} INFO - Processing file /opt/homebrew/Caskroom/miniconda/base/envs/airflow_env/lib/python3.9/site-packages/airflow/example_dags/example_trigger_controller_dag.py for tasks to queue
[2024-10-13T15:24:00.006+0100] {logging_mixin.py:190} INFO - [2024-10-13T15:24:00.006+0100] {dagbag.py:588} INFO - Filling up the DagBag from /opt/homebrew/Caskroom/miniconda/base/envs/airflow_env/lib/python3.9/site-packages/airflow/example_dags/example_trigger_controller_dag.py
[2024-10-13T15:24:00.030+0100] {processor.py:925} INFO - DAG(s) 'example_trigger_controller_dag' retrieved from /opt/homebrew/Caskroom/miniconda/base/envs/airflow_env/lib/python3.9/site-packages/airflow/example_dags/example_trigger_controller_dag.py
[2024-10-13T15:24:00.063+0100] {logging_mixin.py:190} INFO - [2024-10-13T15:24:00.063+0100] {dag.py:3239} INFO - Sync 1 DAGs
[2024-10-13T15:24:00.071+0100] {logging_mixin.py:190} INFO - [2024-10-13T15:24:00.071+0100] {dag.py:4180} INFO - Setting next_dagrun for example_trigger_controller_dag to 2021-01-01 00:00:00+00:00, run_after=2021-01-01 00:00:00+00:00
[2024-10-13T15:24:00.077+0100] {processor.py:208} INFO - Processing /opt/homebrew/Caskroom/miniconda/base/envs/airflow_env/lib/python3.9/site-packages/airflow/example_dags/example_trigger_controller_dag.py took 0.075 seconds
[2024-10-13T15:25:07.886+0100] {processor.py:186} INFO - Started process (PID=68684) to work on /opt/homebrew/Caskroom/miniconda/base/envs/airflow_env/lib/python3.9/site-packages/airflow/example_dags/example_trigger_controller_dag.py
[2024-10-13T15:25:07.887+0100] {processor.py:914} INFO - Processing file /opt/homebrew/Caskroom/miniconda/base/envs/airflow_env/lib/python3.9/site-packages/airflow/example_dags/example_trigger_controller_dag.py for tasks to queue
[2024-10-13T15:25:07.888+0100] {logging_mixin.py:190} INFO - [2024-10-13T15:25:07.888+0100] {dagbag.py:588} INFO - Filling up the DagBag from /opt/homebrew/Caskroom/miniconda/base/envs/airflow_env/lib/python3.9/site-packages/airflow/example_dags/example_trigger_controller_dag.py
[2024-10-13T15:25:07.912+0100] {processor.py:925} INFO - DAG(s) 'example_trigger_controller_dag' retrieved from /opt/homebrew/Caskroom/miniconda/base/envs/airflow_env/lib/python3.9/site-packages/airflow/example_dags/example_trigger_controller_dag.py
[2024-10-13T15:25:07.946+0100] {logging_mixin.py:190} INFO - [2024-10-13T15:25:07.946+0100] {dag.py:3239} INFO - Sync 1 DAGs
[2024-10-13T15:25:07.952+0100] {logging_mixin.py:190} INFO - [2024-10-13T15:25:07.952+0100] {dag.py:4180} INFO - Setting next_dagrun for example_trigger_controller_dag to 2021-01-01 00:00:00+00:00, run_after=2021-01-01 00:00:00+00:00
[2024-10-13T15:25:07.958+0100] {processor.py:208} INFO - Processing /opt/homebrew/Caskroom/miniconda/base/envs/airflow_env/lib/python3.9/site-packages/airflow/example_dags/example_trigger_controller_dag.py took 0.074 seconds
[2024-10-13T15:26:10.805+0100] {processor.py:186} INFO - Started process (PID=68794) to work on /opt/homebrew/Caskroom/miniconda/base/envs/airflow_env/lib/python3.9/site-packages/airflow/example_dags/example_trigger_controller_dag.py
[2024-10-13T15:26:10.806+0100] {processor.py:914} INFO - Processing file /opt/homebrew/Caskroom/miniconda/base/envs/airflow_env/lib/python3.9/site-packages/airflow/example_dags/example_trigger_controller_dag.py for tasks to queue
[2024-10-13T15:26:10.806+0100] {logging_mixin.py:190} INFO - [2024-10-13T15:26:10.806+0100] {dagbag.py:588} INFO - Filling up the DagBag from /opt/homebrew/Caskroom/miniconda/base/envs/airflow_env/lib/python3.9/site-packages/airflow/example_dags/example_trigger_controller_dag.py
[2024-10-13T15:26:10.828+0100] {processor.py:925} INFO - DAG(s) 'example_trigger_controller_dag' retrieved from /opt/homebrew/Caskroom/miniconda/base/envs/airflow_env/lib/python3.9/site-packages/airflow/example_dags/example_trigger_controller_dag.py
[2024-10-13T15:26:10.860+0100] {logging_mixin.py:190} INFO - [2024-10-13T15:26:10.860+0100] {dag.py:3239} INFO - Sync 1 DAGs
[2024-10-13T15:26:10.866+0100] {logging_mixin.py:190} INFO - [2024-10-13T15:26:10.866+0100] {dag.py:4180} INFO - Setting next_dagrun for example_trigger_controller_dag to 2021-01-01 00:00:00+00:00, run_after=2021-01-01 00:00:00+00:00
[2024-10-13T15:26:10.873+0100] {processor.py:208} INFO - Processing /opt/homebrew/Caskroom/miniconda/base/envs/airflow_env/lib/python3.9/site-packages/airflow/example_dags/example_trigger_controller_dag.py took 0.069 seconds
