[2024-10-13T14:09:30.282+0100] {processor.py:186} INFO - Started process (PID=67258) to work on /opt/homebrew/Caskroom/miniconda/base/envs/airflow_env/lib/python3.9/site-packages/airflow/example_dags/example_branch_python_dop_operator_3.py
[2024-10-13T14:09:30.282+0100] {processor.py:914} INFO - Processing file /opt/homebrew/Caskroom/miniconda/base/envs/airflow_env/lib/python3.9/site-packages/airflow/example_dags/example_branch_python_dop_operator_3.py for tasks to queue
[2024-10-13T14:09:30.283+0100] {logging_mixin.py:190} INFO - [2024-10-13T14:09:30.283+0100] {dagbag.py:588} INFO - Filling up the DagBag from /opt/homebrew/Caskroom/miniconda/base/envs/airflow_env/lib/python3.9/site-packages/airflow/example_dags/example_branch_python_dop_operator_3.py
[2024-10-13T14:09:30.322+0100] {processor.py:925} INFO - DAG(s) 'example_branch_dop_operator_v3' retrieved from /opt/homebrew/Caskroom/miniconda/base/envs/airflow_env/lib/python3.9/site-packages/airflow/example_dags/example_branch_python_dop_operator_3.py
[2024-10-13T14:09:30.388+0100] {logging_mixin.py:190} INFO - [2024-10-13T14:09:30.388+0100] {override.py:1901} INFO - Created Permission View: can delete on DAG:example_branch_dop_operator_v3
[2024-10-13T14:09:30.391+0100] {logging_mixin.py:190} INFO - [2024-10-13T14:09:30.391+0100] {override.py:1901} INFO - Created Permission View: can read on DAG:example_branch_dop_operator_v3
[2024-10-13T14:09:30.393+0100] {logging_mixin.py:190} INFO - [2024-10-13T14:09:30.393+0100] {override.py:1901} INFO - Created Permission View: can edit on DAG:example_branch_dop_operator_v3
[2024-10-13T14:09:30.396+0100] {logging_mixin.py:190} INFO - [2024-10-13T14:09:30.396+0100] {override.py:1901} INFO - Created Permission View: can delete on DAG Run:example_branch_dop_operator_v3
[2024-10-13T14:09:30.397+0100] {logging_mixin.py:190} INFO - [2024-10-13T14:09:30.397+0100] {override.py:1901} INFO - Created Permission View: menu access on DAG Run:example_branch_dop_operator_v3
[2024-10-13T14:09:30.399+0100] {logging_mixin.py:190} INFO - [2024-10-13T14:09:30.399+0100] {override.py:1901} INFO - Created Permission View: can read on DAG Run:example_branch_dop_operator_v3
[2024-10-13T14:09:30.401+0100] {logging_mixin.py:190} INFO - [2024-10-13T14:09:30.401+0100] {override.py:1901} INFO - Created Permission View: can create on DAG Run:example_branch_dop_operator_v3
[2024-10-13T14:09:30.401+0100] {logging_mixin.py:190} INFO - [2024-10-13T14:09:30.401+0100] {dag.py:3239} INFO - Sync 1 DAGs
[2024-10-13T14:09:30.406+0100] {logging_mixin.py:190} INFO - [2024-10-13T14:09:30.406+0100] {dag.py:3262} INFO - Creating ORM DAG for example_branch_dop_operator_v3
[2024-10-13T14:09:30.410+0100] {logging_mixin.py:190} INFO - [2024-10-13T14:09:30.410+0100] {dag.py:4180} INFO - Setting next_dagrun for example_branch_dop_operator_v3 to 2024-10-13 13:08:00+00:00, run_after=2024-10-13 13:09:00+00:00
[2024-10-13T14:09:30.415+0100] {processor.py:208} INFO - Processing /opt/homebrew/Caskroom/miniconda/base/envs/airflow_env/lib/python3.9/site-packages/airflow/example_dags/example_branch_python_dop_operator_3.py took 0.135 seconds
[2024-10-13T14:11:43.260+0100] {processor.py:186} INFO - Started process (PID=67393) to work on /opt/homebrew/Caskroom/miniconda/base/envs/airflow_env/lib/python3.9/site-packages/airflow/example_dags/example_branch_python_dop_operator_3.py
[2024-10-13T14:11:43.260+0100] {processor.py:914} INFO - Processing file /opt/homebrew/Caskroom/miniconda/base/envs/airflow_env/lib/python3.9/site-packages/airflow/example_dags/example_branch_python_dop_operator_3.py for tasks to queue
[2024-10-13T14:11:43.261+0100] {logging_mixin.py:190} INFO - [2024-10-13T14:11:43.261+0100] {dagbag.py:588} INFO - Filling up the DagBag from /opt/homebrew/Caskroom/miniconda/base/envs/airflow_env/lib/python3.9/site-packages/airflow/example_dags/example_branch_python_dop_operator_3.py
[2024-10-13T14:11:43.297+0100] {processor.py:925} INFO - DAG(s) 'example_branch_dop_operator_v3' retrieved from /opt/homebrew/Caskroom/miniconda/base/envs/airflow_env/lib/python3.9/site-packages/airflow/example_dags/example_branch_python_dop_operator_3.py
[2024-10-13T14:11:43.334+0100] {logging_mixin.py:190} INFO - [2024-10-13T14:11:43.333+0100] {dag.py:3239} INFO - Sync 1 DAGs
[2024-10-13T14:11:43.343+0100] {logging_mixin.py:190} INFO - [2024-10-13T14:11:43.343+0100] {dag.py:4180} INFO - Setting next_dagrun for example_branch_dop_operator_v3 to 2024-10-13 13:10:00+00:00, run_after=2024-10-13 13:11:00+00:00
[2024-10-13T14:11:43.349+0100] {processor.py:208} INFO - Processing /opt/homebrew/Caskroom/miniconda/base/envs/airflow_env/lib/python3.9/site-packages/airflow/example_dags/example_branch_python_dop_operator_3.py took 0.091 seconds
[2024-10-13T14:13:48.009+0100] {processor.py:186} INFO - Started process (PID=67565) to work on /opt/homebrew/Caskroom/miniconda/base/envs/airflow_env/lib/python3.9/site-packages/airflow/example_dags/example_branch_python_dop_operator_3.py
[2024-10-13T14:13:48.010+0100] {processor.py:914} INFO - Processing file /opt/homebrew/Caskroom/miniconda/base/envs/airflow_env/lib/python3.9/site-packages/airflow/example_dags/example_branch_python_dop_operator_3.py for tasks to queue
[2024-10-13T14:13:48.010+0100] {logging_mixin.py:190} INFO - [2024-10-13T14:13:48.010+0100] {dagbag.py:588} INFO - Filling up the DagBag from /opt/homebrew/Caskroom/miniconda/base/envs/airflow_env/lib/python3.9/site-packages/airflow/example_dags/example_branch_python_dop_operator_3.py
[2024-10-13T14:13:48.045+0100] {processor.py:925} INFO - DAG(s) 'example_branch_dop_operator_v3' retrieved from /opt/homebrew/Caskroom/miniconda/base/envs/airflow_env/lib/python3.9/site-packages/airflow/example_dags/example_branch_python_dop_operator_3.py
[2024-10-13T14:13:48.078+0100] {logging_mixin.py:190} INFO - [2024-10-13T14:13:48.078+0100] {dag.py:3239} INFO - Sync 1 DAGs
[2024-10-13T14:13:48.086+0100] {logging_mixin.py:190} INFO - [2024-10-13T14:13:48.086+0100] {dag.py:4180} INFO - Setting next_dagrun for example_branch_dop_operator_v3 to 2024-10-13 13:12:00+00:00, run_after=2024-10-13 13:13:00+00:00
[2024-10-13T14:13:48.092+0100] {processor.py:208} INFO - Processing /opt/homebrew/Caskroom/miniconda/base/envs/airflow_env/lib/python3.9/site-packages/airflow/example_dags/example_branch_python_dop_operator_3.py took 0.084 seconds
[2024-10-13T14:16:00.418+0100] {processor.py:186} INFO - Started process (PID=67679) to work on /opt/homebrew/Caskroom/miniconda/base/envs/airflow_env/lib/python3.9/site-packages/airflow/example_dags/example_branch_python_dop_operator_3.py
[2024-10-13T14:16:00.419+0100] {processor.py:914} INFO - Processing file /opt/homebrew/Caskroom/miniconda/base/envs/airflow_env/lib/python3.9/site-packages/airflow/example_dags/example_branch_python_dop_operator_3.py for tasks to queue
[2024-10-13T14:16:00.419+0100] {logging_mixin.py:190} INFO - [2024-10-13T14:16:00.419+0100] {dagbag.py:588} INFO - Filling up the DagBag from /opt/homebrew/Caskroom/miniconda/base/envs/airflow_env/lib/python3.9/site-packages/airflow/example_dags/example_branch_python_dop_operator_3.py
[2024-10-13T14:16:00.456+0100] {processor.py:925} INFO - DAG(s) 'example_branch_dop_operator_v3' retrieved from /opt/homebrew/Caskroom/miniconda/base/envs/airflow_env/lib/python3.9/site-packages/airflow/example_dags/example_branch_python_dop_operator_3.py
[2024-10-13T14:16:00.492+0100] {logging_mixin.py:190} INFO - [2024-10-13T14:16:00.492+0100] {dag.py:3239} INFO - Sync 1 DAGs
[2024-10-13T14:16:00.502+0100] {logging_mixin.py:190} INFO - [2024-10-13T14:16:00.502+0100] {dag.py:4180} INFO - Setting next_dagrun for example_branch_dop_operator_v3 to 2024-10-13 13:15:00+00:00, run_after=2024-10-13 13:16:00+00:00
[2024-10-13T14:16:00.510+0100] {processor.py:208} INFO - Processing /opt/homebrew/Caskroom/miniconda/base/envs/airflow_env/lib/python3.9/site-packages/airflow/example_dags/example_branch_python_dop_operator_3.py took 0.094 seconds
[2024-10-13T15:13:26.679+0100] {processor.py:186} INFO - Started process (PID=67871) to work on /opt/homebrew/Caskroom/miniconda/base/envs/airflow_env/lib/python3.9/site-packages/airflow/example_dags/example_branch_python_dop_operator_3.py
[2024-10-13T15:13:26.679+0100] {processor.py:914} INFO - Processing file /opt/homebrew/Caskroom/miniconda/base/envs/airflow_env/lib/python3.9/site-packages/airflow/example_dags/example_branch_python_dop_operator_3.py for tasks to queue
[2024-10-13T15:13:26.680+0100] {logging_mixin.py:190} INFO - [2024-10-13T15:13:26.680+0100] {dagbag.py:588} INFO - Filling up the DagBag from /opt/homebrew/Caskroom/miniconda/base/envs/airflow_env/lib/python3.9/site-packages/airflow/example_dags/example_branch_python_dop_operator_3.py
[2024-10-13T15:13:26.722+0100] {processor.py:925} INFO - DAG(s) 'example_branch_dop_operator_v3' retrieved from /opt/homebrew/Caskroom/miniconda/base/envs/airflow_env/lib/python3.9/site-packages/airflow/example_dags/example_branch_python_dop_operator_3.py
[2024-10-13T15:13:26.760+0100] {logging_mixin.py:190} INFO - [2024-10-13T15:13:26.759+0100] {dag.py:3239} INFO - Sync 1 DAGs
[2024-10-13T15:13:26.768+0100] {logging_mixin.py:190} INFO - [2024-10-13T15:13:26.768+0100] {dag.py:4180} INFO - Setting next_dagrun for example_branch_dop_operator_v3 to 2024-10-13 14:12:00+00:00, run_after=2024-10-13 14:13:00+00:00
[2024-10-13T15:13:26.777+0100] {processor.py:208} INFO - Processing /opt/homebrew/Caskroom/miniconda/base/envs/airflow_env/lib/python3.9/site-packages/airflow/example_dags/example_branch_python_dop_operator_3.py took 0.100 seconds
[2024-10-13T15:15:48.191+0100] {processor.py:186} INFO - Started process (PID=68061) to work on /opt/homebrew/Caskroom/miniconda/base/envs/airflow_env/lib/python3.9/site-packages/airflow/example_dags/example_branch_python_dop_operator_3.py
[2024-10-13T15:15:48.192+0100] {processor.py:914} INFO - Processing file /opt/homebrew/Caskroom/miniconda/base/envs/airflow_env/lib/python3.9/site-packages/airflow/example_dags/example_branch_python_dop_operator_3.py for tasks to queue
[2024-10-13T15:15:48.192+0100] {logging_mixin.py:190} INFO - [2024-10-13T15:15:48.192+0100] {dagbag.py:588} INFO - Filling up the DagBag from /opt/homebrew/Caskroom/miniconda/base/envs/airflow_env/lib/python3.9/site-packages/airflow/example_dags/example_branch_python_dop_operator_3.py
[2024-10-13T15:15:48.225+0100] {processor.py:925} INFO - DAG(s) 'example_branch_dop_operator_v3' retrieved from /opt/homebrew/Caskroom/miniconda/base/envs/airflow_env/lib/python3.9/site-packages/airflow/example_dags/example_branch_python_dop_operator_3.py
[2024-10-13T15:15:48.258+0100] {logging_mixin.py:190} INFO - [2024-10-13T15:15:48.258+0100] {dag.py:3239} INFO - Sync 1 DAGs
[2024-10-13T15:15:48.266+0100] {logging_mixin.py:190} INFO - [2024-10-13T15:15:48.266+0100] {dag.py:4180} INFO - Setting next_dagrun for example_branch_dop_operator_v3 to 2024-10-13 14:14:00+00:00, run_after=2024-10-13 14:15:00+00:00
[2024-10-13T15:15:48.272+0100] {processor.py:208} INFO - Processing /opt/homebrew/Caskroom/miniconda/base/envs/airflow_env/lib/python3.9/site-packages/airflow/example_dags/example_branch_python_dop_operator_3.py took 0.083 seconds
[2024-10-13T15:17:59.967+0100] {processor.py:186} INFO - Started process (PID=68182) to work on /opt/homebrew/Caskroom/miniconda/base/envs/airflow_env/lib/python3.9/site-packages/airflow/example_dags/example_branch_python_dop_operator_3.py
[2024-10-13T15:17:59.967+0100] {processor.py:914} INFO - Processing file /opt/homebrew/Caskroom/miniconda/base/envs/airflow_env/lib/python3.9/site-packages/airflow/example_dags/example_branch_python_dop_operator_3.py for tasks to queue
[2024-10-13T15:17:59.967+0100] {logging_mixin.py:190} INFO - [2024-10-13T15:17:59.967+0100] {dagbag.py:588} INFO - Filling up the DagBag from /opt/homebrew/Caskroom/miniconda/base/envs/airflow_env/lib/python3.9/site-packages/airflow/example_dags/example_branch_python_dop_operator_3.py
[2024-10-13T15:18:00.001+0100] {processor.py:925} INFO - DAG(s) 'example_branch_dop_operator_v3' retrieved from /opt/homebrew/Caskroom/miniconda/base/envs/airflow_env/lib/python3.9/site-packages/airflow/example_dags/example_branch_python_dop_operator_3.py
[2024-10-13T15:18:00.035+0100] {logging_mixin.py:190} INFO - [2024-10-13T15:18:00.035+0100] {dag.py:3239} INFO - Sync 1 DAGs
[2024-10-13T15:18:00.043+0100] {logging_mixin.py:190} INFO - [2024-10-13T15:18:00.043+0100] {dag.py:4180} INFO - Setting next_dagrun for example_branch_dop_operator_v3 to 2024-10-13 14:17:00+00:00, run_after=2024-10-13 14:18:00+00:00
[2024-10-13T15:18:00.053+0100] {processor.py:208} INFO - Processing /opt/homebrew/Caskroom/miniconda/base/envs/airflow_env/lib/python3.9/site-packages/airflow/example_dags/example_branch_python_dop_operator_3.py took 0.088 seconds
[2024-10-13T15:20:13.217+0100] {processor.py:186} INFO - Started process (PID=68314) to work on /opt/homebrew/Caskroom/miniconda/base/envs/airflow_env/lib/python3.9/site-packages/airflow/example_dags/example_branch_python_dop_operator_3.py
[2024-10-13T15:20:13.218+0100] {processor.py:914} INFO - Processing file /opt/homebrew/Caskroom/miniconda/base/envs/airflow_env/lib/python3.9/site-packages/airflow/example_dags/example_branch_python_dop_operator_3.py for tasks to queue
[2024-10-13T15:20:13.218+0100] {logging_mixin.py:190} INFO - [2024-10-13T15:20:13.218+0100] {dagbag.py:588} INFO - Filling up the DagBag from /opt/homebrew/Caskroom/miniconda/base/envs/airflow_env/lib/python3.9/site-packages/airflow/example_dags/example_branch_python_dop_operator_3.py
[2024-10-13T15:20:13.254+0100] {processor.py:925} INFO - DAG(s) 'example_branch_dop_operator_v3' retrieved from /opt/homebrew/Caskroom/miniconda/base/envs/airflow_env/lib/python3.9/site-packages/airflow/example_dags/example_branch_python_dop_operator_3.py
[2024-10-13T15:20:13.287+0100] {logging_mixin.py:190} INFO - [2024-10-13T15:20:13.287+0100] {dag.py:3239} INFO - Sync 1 DAGs
[2024-10-13T15:20:13.295+0100] {logging_mixin.py:190} INFO - [2024-10-13T15:20:13.295+0100] {dag.py:4180} INFO - Setting next_dagrun for example_branch_dop_operator_v3 to 2024-10-13 14:19:00+00:00, run_after=2024-10-13 14:20:00+00:00
[2024-10-13T15:20:13.301+0100] {processor.py:208} INFO - Processing /opt/homebrew/Caskroom/miniconda/base/envs/airflow_env/lib/python3.9/site-packages/airflow/example_dags/example_branch_python_dop_operator_3.py took 0.086 seconds
[2024-10-13T15:22:21.250+0100] {processor.py:186} INFO - Started process (PID=68505) to work on /opt/homebrew/Caskroom/miniconda/base/envs/airflow_env/lib/python3.9/site-packages/airflow/example_dags/example_branch_python_dop_operator_3.py
[2024-10-13T15:22:21.250+0100] {processor.py:914} INFO - Processing file /opt/homebrew/Caskroom/miniconda/base/envs/airflow_env/lib/python3.9/site-packages/airflow/example_dags/example_branch_python_dop_operator_3.py for tasks to queue
[2024-10-13T15:22:21.251+0100] {logging_mixin.py:190} INFO - [2024-10-13T15:22:21.251+0100] {dagbag.py:588} INFO - Filling up the DagBag from /opt/homebrew/Caskroom/miniconda/base/envs/airflow_env/lib/python3.9/site-packages/airflow/example_dags/example_branch_python_dop_operator_3.py
[2024-10-13T15:22:21.282+0100] {processor.py:925} INFO - DAG(s) 'example_branch_dop_operator_v3' retrieved from /opt/homebrew/Caskroom/miniconda/base/envs/airflow_env/lib/python3.9/site-packages/airflow/example_dags/example_branch_python_dop_operator_3.py
[2024-10-13T15:22:21.314+0100] {logging_mixin.py:190} INFO - [2024-10-13T15:22:21.314+0100] {dag.py:3239} INFO - Sync 1 DAGs
[2024-10-13T15:22:21.321+0100] {logging_mixin.py:190} INFO - [2024-10-13T15:22:21.321+0100] {dag.py:4180} INFO - Setting next_dagrun for example_branch_dop_operator_v3 to 2024-10-13 14:21:00+00:00, run_after=2024-10-13 14:22:00+00:00
[2024-10-13T15:22:21.327+0100] {processor.py:208} INFO - Processing /opt/homebrew/Caskroom/miniconda/base/envs/airflow_env/lib/python3.9/site-packages/airflow/example_dags/example_branch_python_dop_operator_3.py took 0.079 seconds
[2024-10-13T15:24:28.258+0100] {processor.py:186} INFO - Started process (PID=68642) to work on /opt/homebrew/Caskroom/miniconda/base/envs/airflow_env/lib/python3.9/site-packages/airflow/example_dags/example_branch_python_dop_operator_3.py
[2024-10-13T15:24:28.258+0100] {processor.py:914} INFO - Processing file /opt/homebrew/Caskroom/miniconda/base/envs/airflow_env/lib/python3.9/site-packages/airflow/example_dags/example_branch_python_dop_operator_3.py for tasks to queue
[2024-10-13T15:24:28.259+0100] {logging_mixin.py:190} INFO - [2024-10-13T15:24:28.258+0100] {dagbag.py:588} INFO - Filling up the DagBag from /opt/homebrew/Caskroom/miniconda/base/envs/airflow_env/lib/python3.9/site-packages/airflow/example_dags/example_branch_python_dop_operator_3.py
[2024-10-13T15:24:28.293+0100] {processor.py:925} INFO - DAG(s) 'example_branch_dop_operator_v3' retrieved from /opt/homebrew/Caskroom/miniconda/base/envs/airflow_env/lib/python3.9/site-packages/airflow/example_dags/example_branch_python_dop_operator_3.py
[2024-10-13T15:24:28.326+0100] {logging_mixin.py:190} INFO - [2024-10-13T15:24:28.326+0100] {dag.py:3239} INFO - Sync 1 DAGs
[2024-10-13T15:24:28.333+0100] {logging_mixin.py:190} INFO - [2024-10-13T15:24:28.333+0100] {dag.py:4180} INFO - Setting next_dagrun for example_branch_dop_operator_v3 to 2024-10-13 14:23:00+00:00, run_after=2024-10-13 14:24:00+00:00
[2024-10-13T15:24:28.340+0100] {processor.py:208} INFO - Processing /opt/homebrew/Caskroom/miniconda/base/envs/airflow_env/lib/python3.9/site-packages/airflow/example_dags/example_branch_python_dop_operator_3.py took 0.084 seconds
[2024-10-13T15:26:36.567+0100] {processor.py:186} INFO - Started process (PID=68811) to work on /opt/homebrew/Caskroom/miniconda/base/envs/airflow_env/lib/python3.9/site-packages/airflow/example_dags/example_branch_python_dop_operator_3.py
[2024-10-13T15:26:36.567+0100] {processor.py:914} INFO - Processing file /opt/homebrew/Caskroom/miniconda/base/envs/airflow_env/lib/python3.9/site-packages/airflow/example_dags/example_branch_python_dop_operator_3.py for tasks to queue
[2024-10-13T15:26:36.568+0100] {logging_mixin.py:190} INFO - [2024-10-13T15:26:36.567+0100] {dagbag.py:588} INFO - Filling up the DagBag from /opt/homebrew/Caskroom/miniconda/base/envs/airflow_env/lib/python3.9/site-packages/airflow/example_dags/example_branch_python_dop_operator_3.py
[2024-10-13T15:26:36.602+0100] {processor.py:925} INFO - DAG(s) 'example_branch_dop_operator_v3' retrieved from /opt/homebrew/Caskroom/miniconda/base/envs/airflow_env/lib/python3.9/site-packages/airflow/example_dags/example_branch_python_dop_operator_3.py
[2024-10-13T15:26:36.640+0100] {logging_mixin.py:190} INFO - [2024-10-13T15:26:36.639+0100] {dag.py:3239} INFO - Sync 1 DAGs
[2024-10-13T15:26:36.648+0100] {logging_mixin.py:190} INFO - [2024-10-13T15:26:36.648+0100] {dag.py:4180} INFO - Setting next_dagrun for example_branch_dop_operator_v3 to 2024-10-13 14:25:00+00:00, run_after=2024-10-13 14:26:00+00:00
[2024-10-13T15:26:36.655+0100] {processor.py:208} INFO - Processing /opt/homebrew/Caskroom/miniconda/base/envs/airflow_env/lib/python3.9/site-packages/airflow/example_dags/example_branch_python_dop_operator_3.py took 0.090 seconds
