[2024-10-13T14:08:35.000+0100] {processor.py:186} INFO - Started process (PID=67188) to work on /opt/homebrew/Caskroom/miniconda/base/envs/airflow_env/lib/python3.9/site-packages/airflow/example_dags/example_task_group.py
[2024-10-13T14:08:35.000+0100] {processor.py:914} INFO - Processing file /opt/homebrew/Caskroom/miniconda/base/envs/airflow_env/lib/python3.9/site-packages/airflow/example_dags/example_task_group.py for tasks to queue
[2024-10-13T14:08:35.000+0100] {logging_mixin.py:190} INFO - [2024-10-13T14:08:35.000+0100] {dagbag.py:588} INFO - Filling up the DagBag from /opt/homebrew/Caskroom/miniconda/base/envs/airflow_env/lib/python3.9/site-packages/airflow/example_dags/example_task_group.py
[2024-10-13T14:08:35.024+0100] {processor.py:925} INFO - DAG(s) 'example_task_group' retrieved from /opt/homebrew/Caskroom/miniconda/base/envs/airflow_env/lib/python3.9/site-packages/airflow/example_dags/example_task_group.py
[2024-10-13T14:08:35.089+0100] {logging_mixin.py:190} INFO - [2024-10-13T14:08:35.089+0100] {override.py:1901} INFO - Created Permission View: can read on DAG:example_task_group
[2024-10-13T14:08:35.092+0100] {logging_mixin.py:190} INFO - [2024-10-13T14:08:35.092+0100] {override.py:1901} INFO - Created Permission View: can edit on DAG:example_task_group
[2024-10-13T14:08:35.094+0100] {logging_mixin.py:190} INFO - [2024-10-13T14:08:35.094+0100] {override.py:1901} INFO - Created Permission View: can delete on DAG:example_task_group
[2024-10-13T14:08:35.097+0100] {logging_mixin.py:190} INFO - [2024-10-13T14:08:35.097+0100] {override.py:1901} INFO - Created Permission View: can read on DAG Run:example_task_group
[2024-10-13T14:08:35.098+0100] {logging_mixin.py:190} INFO - [2024-10-13T14:08:35.098+0100] {override.py:1901} INFO - Created Permission View: can create on DAG Run:example_task_group
[2024-10-13T14:08:35.100+0100] {logging_mixin.py:190} INFO - [2024-10-13T14:08:35.100+0100] {override.py:1901} INFO - Created Permission View: menu access on DAG Run:example_task_group
[2024-10-13T14:08:35.102+0100] {logging_mixin.py:190} INFO - [2024-10-13T14:08:35.102+0100] {override.py:1901} INFO - Created Permission View: can delete on DAG Run:example_task_group
[2024-10-13T14:08:35.102+0100] {logging_mixin.py:190} INFO - [2024-10-13T14:08:35.102+0100] {dag.py:3239} INFO - Sync 1 DAGs
[2024-10-13T14:08:35.106+0100] {logging_mixin.py:190} INFO - [2024-10-13T14:08:35.106+0100] {dag.py:3262} INFO - Creating ORM DAG for example_task_group
[2024-10-13T14:08:35.106+0100] {logging_mixin.py:190} INFO - [2024-10-13T14:08:35.106+0100] {dag.py:4180} INFO - Setting next_dagrun for example_task_group to None, run_after=None
[2024-10-13T14:08:35.111+0100] {processor.py:208} INFO - Processing /opt/homebrew/Caskroom/miniconda/base/envs/airflow_env/lib/python3.9/site-packages/airflow/example_dags/example_task_group.py took 0.113 seconds
[2024-10-13T14:10:13.159+0100] {processor.py:186} INFO - Started process (PID=67299) to work on /opt/homebrew/Caskroom/miniconda/base/envs/airflow_env/lib/python3.9/site-packages/airflow/example_dags/example_task_group.py
[2024-10-13T14:10:13.160+0100] {processor.py:914} INFO - Processing file /opt/homebrew/Caskroom/miniconda/base/envs/airflow_env/lib/python3.9/site-packages/airflow/example_dags/example_task_group.py for tasks to queue
[2024-10-13T14:10:13.160+0100] {logging_mixin.py:190} INFO - [2024-10-13T14:10:13.160+0100] {dagbag.py:588} INFO - Filling up the DagBag from /opt/homebrew/Caskroom/miniconda/base/envs/airflow_env/lib/python3.9/site-packages/airflow/example_dags/example_task_group.py
[2024-10-13T14:10:13.184+0100] {processor.py:925} INFO - DAG(s) 'example_task_group' retrieved from /opt/homebrew/Caskroom/miniconda/base/envs/airflow_env/lib/python3.9/site-packages/airflow/example_dags/example_task_group.py
[2024-10-13T14:10:13.221+0100] {logging_mixin.py:190} INFO - [2024-10-13T14:10:13.221+0100] {dag.py:3239} INFO - Sync 1 DAGs
[2024-10-13T14:10:13.225+0100] {logging_mixin.py:190} INFO - [2024-10-13T14:10:13.225+0100] {dag.py:4180} INFO - Setting next_dagrun for example_task_group to None, run_after=None
[2024-10-13T14:10:13.232+0100] {processor.py:208} INFO - Processing /opt/homebrew/Caskroom/miniconda/base/envs/airflow_env/lib/python3.9/site-packages/airflow/example_dags/example_task_group.py took 0.075 seconds
[2024-10-13T14:11:19.137+0100] {processor.py:186} INFO - Started process (PID=67368) to work on /opt/homebrew/Caskroom/miniconda/base/envs/airflow_env/lib/python3.9/site-packages/airflow/example_dags/example_task_group.py
[2024-10-13T14:11:19.137+0100] {processor.py:914} INFO - Processing file /opt/homebrew/Caskroom/miniconda/base/envs/airflow_env/lib/python3.9/site-packages/airflow/example_dags/example_task_group.py for tasks to queue
[2024-10-13T14:11:19.138+0100] {logging_mixin.py:190} INFO - [2024-10-13T14:11:19.138+0100] {dagbag.py:588} INFO - Filling up the DagBag from /opt/homebrew/Caskroom/miniconda/base/envs/airflow_env/lib/python3.9/site-packages/airflow/example_dags/example_task_group.py
[2024-10-13T14:11:19.162+0100] {processor.py:925} INFO - DAG(s) 'example_task_group' retrieved from /opt/homebrew/Caskroom/miniconda/base/envs/airflow_env/lib/python3.9/site-packages/airflow/example_dags/example_task_group.py
[2024-10-13T14:11:19.198+0100] {logging_mixin.py:190} INFO - [2024-10-13T14:11:19.198+0100] {dag.py:3239} INFO - Sync 1 DAGs
[2024-10-13T14:11:19.202+0100] {logging_mixin.py:190} INFO - [2024-10-13T14:11:19.202+0100] {dag.py:4180} INFO - Setting next_dagrun for example_task_group to None, run_after=None
[2024-10-13T14:11:19.208+0100] {processor.py:208} INFO - Processing /opt/homebrew/Caskroom/miniconda/base/envs/airflow_env/lib/python3.9/site-packages/airflow/example_dags/example_task_group.py took 0.073 seconds
[2024-10-13T14:12:22.595+0100] {processor.py:186} INFO - Started process (PID=67451) to work on /opt/homebrew/Caskroom/miniconda/base/envs/airflow_env/lib/python3.9/site-packages/airflow/example_dags/example_task_group.py
[2024-10-13T14:12:22.596+0100] {processor.py:914} INFO - Processing file /opt/homebrew/Caskroom/miniconda/base/envs/airflow_env/lib/python3.9/site-packages/airflow/example_dags/example_task_group.py for tasks to queue
[2024-10-13T14:12:22.596+0100] {logging_mixin.py:190} INFO - [2024-10-13T14:12:22.596+0100] {dagbag.py:588} INFO - Filling up the DagBag from /opt/homebrew/Caskroom/miniconda/base/envs/airflow_env/lib/python3.9/site-packages/airflow/example_dags/example_task_group.py
[2024-10-13T14:12:22.619+0100] {processor.py:925} INFO - DAG(s) 'example_task_group' retrieved from /opt/homebrew/Caskroom/miniconda/base/envs/airflow_env/lib/python3.9/site-packages/airflow/example_dags/example_task_group.py
[2024-10-13T14:12:22.653+0100] {logging_mixin.py:190} INFO - [2024-10-13T14:12:22.653+0100] {dag.py:3239} INFO - Sync 1 DAGs
[2024-10-13T14:12:22.657+0100] {logging_mixin.py:190} INFO - [2024-10-13T14:12:22.657+0100] {dag.py:4180} INFO - Setting next_dagrun for example_task_group to None, run_after=None
[2024-10-13T14:12:22.663+0100] {processor.py:208} INFO - Processing /opt/homebrew/Caskroom/miniconda/base/envs/airflow_env/lib/python3.9/site-packages/airflow/example_dags/example_task_group.py took 0.070 seconds
[2024-10-13T14:13:24.985+0100] {processor.py:186} INFO - Started process (PID=67537) to work on /opt/homebrew/Caskroom/miniconda/base/envs/airflow_env/lib/python3.9/site-packages/airflow/example_dags/example_task_group.py
[2024-10-13T14:13:24.987+0100] {processor.py:914} INFO - Processing file /opt/homebrew/Caskroom/miniconda/base/envs/airflow_env/lib/python3.9/site-packages/airflow/example_dags/example_task_group.py for tasks to queue
[2024-10-13T14:13:24.987+0100] {logging_mixin.py:190} INFO - [2024-10-13T14:13:24.987+0100] {dagbag.py:588} INFO - Filling up the DagBag from /opt/homebrew/Caskroom/miniconda/base/envs/airflow_env/lib/python3.9/site-packages/airflow/example_dags/example_task_group.py
[2024-10-13T14:13:25.014+0100] {processor.py:925} INFO - DAG(s) 'example_task_group' retrieved from /opt/homebrew/Caskroom/miniconda/base/envs/airflow_env/lib/python3.9/site-packages/airflow/example_dags/example_task_group.py
[2024-10-13T14:13:25.050+0100] {logging_mixin.py:190} INFO - [2024-10-13T14:13:25.049+0100] {dag.py:3239} INFO - Sync 1 DAGs
[2024-10-13T14:13:25.053+0100] {logging_mixin.py:190} INFO - [2024-10-13T14:13:25.053+0100] {dag.py:4180} INFO - Setting next_dagrun for example_task_group to None, run_after=None
[2024-10-13T14:13:25.060+0100] {processor.py:208} INFO - Processing /opt/homebrew/Caskroom/miniconda/base/envs/airflow_env/lib/python3.9/site-packages/airflow/example_dags/example_task_group.py took 0.076 seconds
[2024-10-13T14:14:29.874+0100] {processor.py:186} INFO - Started process (PID=67601) to work on /opt/homebrew/Caskroom/miniconda/base/envs/airflow_env/lib/python3.9/site-packages/airflow/example_dags/example_task_group.py
[2024-10-13T14:14:29.875+0100] {processor.py:914} INFO - Processing file /opt/homebrew/Caskroom/miniconda/base/envs/airflow_env/lib/python3.9/site-packages/airflow/example_dags/example_task_group.py for tasks to queue
[2024-10-13T14:14:29.875+0100] {logging_mixin.py:190} INFO - [2024-10-13T14:14:29.875+0100] {dagbag.py:588} INFO - Filling up the DagBag from /opt/homebrew/Caskroom/miniconda/base/envs/airflow_env/lib/python3.9/site-packages/airflow/example_dags/example_task_group.py
[2024-10-13T14:14:29.898+0100] {processor.py:925} INFO - DAG(s) 'example_task_group' retrieved from /opt/homebrew/Caskroom/miniconda/base/envs/airflow_env/lib/python3.9/site-packages/airflow/example_dags/example_task_group.py
[2024-10-13T14:14:29.932+0100] {logging_mixin.py:190} INFO - [2024-10-13T14:14:29.932+0100] {dag.py:3239} INFO - Sync 1 DAGs
[2024-10-13T14:14:29.936+0100] {logging_mixin.py:190} INFO - [2024-10-13T14:14:29.936+0100] {dag.py:4180} INFO - Setting next_dagrun for example_task_group to None, run_after=None
[2024-10-13T14:14:29.942+0100] {processor.py:208} INFO - Processing /opt/homebrew/Caskroom/miniconda/base/envs/airflow_env/lib/python3.9/site-packages/airflow/example_dags/example_task_group.py took 0.070 seconds
[2024-10-13T14:15:36.043+0100] {processor.py:186} INFO - Started process (PID=67663) to work on /opt/homebrew/Caskroom/miniconda/base/envs/airflow_env/lib/python3.9/site-packages/airflow/example_dags/example_task_group.py
[2024-10-13T14:15:36.044+0100] {processor.py:914} INFO - Processing file /opt/homebrew/Caskroom/miniconda/base/envs/airflow_env/lib/python3.9/site-packages/airflow/example_dags/example_task_group.py for tasks to queue
[2024-10-13T14:15:36.044+0100] {logging_mixin.py:190} INFO - [2024-10-13T14:15:36.044+0100] {dagbag.py:588} INFO - Filling up the DagBag from /opt/homebrew/Caskroom/miniconda/base/envs/airflow_env/lib/python3.9/site-packages/airflow/example_dags/example_task_group.py
[2024-10-13T14:15:36.071+0100] {processor.py:925} INFO - DAG(s) 'example_task_group' retrieved from /opt/homebrew/Caskroom/miniconda/base/envs/airflow_env/lib/python3.9/site-packages/airflow/example_dags/example_task_group.py
[2024-10-13T14:15:36.109+0100] {logging_mixin.py:190} INFO - [2024-10-13T14:15:36.109+0100] {dag.py:3239} INFO - Sync 1 DAGs
[2024-10-13T14:15:36.113+0100] {logging_mixin.py:190} INFO - [2024-10-13T14:15:36.113+0100] {dag.py:4180} INFO - Setting next_dagrun for example_task_group to None, run_after=None
[2024-10-13T14:15:36.131+0100] {processor.py:208} INFO - Processing /opt/homebrew/Caskroom/miniconda/base/envs/airflow_env/lib/python3.9/site-packages/airflow/example_dags/example_task_group.py took 0.090 seconds
[2024-10-13T14:16:43.722+0100] {processor.py:186} INFO - Started process (PID=67724) to work on /opt/homebrew/Caskroom/miniconda/base/envs/airflow_env/lib/python3.9/site-packages/airflow/example_dags/example_task_group.py
[2024-10-13T14:16:43.723+0100] {processor.py:914} INFO - Processing file /opt/homebrew/Caskroom/miniconda/base/envs/airflow_env/lib/python3.9/site-packages/airflow/example_dags/example_task_group.py for tasks to queue
[2024-10-13T14:16:43.723+0100] {logging_mixin.py:190} INFO - [2024-10-13T14:16:43.723+0100] {dagbag.py:588} INFO - Filling up the DagBag from /opt/homebrew/Caskroom/miniconda/base/envs/airflow_env/lib/python3.9/site-packages/airflow/example_dags/example_task_group.py
[2024-10-13T14:16:43.746+0100] {processor.py:925} INFO - DAG(s) 'example_task_group' retrieved from /opt/homebrew/Caskroom/miniconda/base/envs/airflow_env/lib/python3.9/site-packages/airflow/example_dags/example_task_group.py
[2024-10-13T14:16:43.785+0100] {logging_mixin.py:190} INFO - [2024-10-13T14:16:43.785+0100] {dag.py:3239} INFO - Sync 1 DAGs
[2024-10-13T14:16:43.789+0100] {logging_mixin.py:190} INFO - [2024-10-13T14:16:43.789+0100] {dag.py:4180} INFO - Setting next_dagrun for example_task_group to None, run_after=None
[2024-10-13T14:16:43.796+0100] {processor.py:208} INFO - Processing /opt/homebrew/Caskroom/miniconda/base/envs/airflow_env/lib/python3.9/site-packages/airflow/example_dags/example_task_group.py took 0.076 seconds
[2024-10-13T14:19:48.513+0100] {processor.py:186} INFO - Started process (PID=67788) to work on /opt/homebrew/Caskroom/miniconda/base/envs/airflow_env/lib/python3.9/site-packages/airflow/example_dags/example_task_group.py
[2024-10-13T14:19:48.516+0100] {processor.py:914} INFO - Processing file /opt/homebrew/Caskroom/miniconda/base/envs/airflow_env/lib/python3.9/site-packages/airflow/example_dags/example_task_group.py for tasks to queue
[2024-10-13T14:19:48.516+0100] {logging_mixin.py:190} INFO - [2024-10-13T14:19:48.516+0100] {dagbag.py:588} INFO - Filling up the DagBag from /opt/homebrew/Caskroom/miniconda/base/envs/airflow_env/lib/python3.9/site-packages/airflow/example_dags/example_task_group.py
[2024-10-13T14:19:48.538+0100] {processor.py:925} INFO - DAG(s) 'example_task_group' retrieved from /opt/homebrew/Caskroom/miniconda/base/envs/airflow_env/lib/python3.9/site-packages/airflow/example_dags/example_task_group.py
[2024-10-13T14:19:48.571+0100] {logging_mixin.py:190} INFO - [2024-10-13T14:19:48.571+0100] {dag.py:3239} INFO - Sync 1 DAGs
[2024-10-13T14:19:48.574+0100] {logging_mixin.py:190} INFO - [2024-10-13T14:19:48.574+0100] {dag.py:4180} INFO - Setting next_dagrun for example_task_group to None, run_after=None
[2024-10-13T14:19:48.580+0100] {processor.py:208} INFO - Processing /opt/homebrew/Caskroom/miniconda/base/envs/airflow_env/lib/python3.9/site-packages/airflow/example_dags/example_task_group.py took 0.068 seconds
[2024-10-13T15:14:10.840+0100] {processor.py:186} INFO - Started process (PID=67959) to work on /opt/homebrew/Caskroom/miniconda/base/envs/airflow_env/lib/python3.9/site-packages/airflow/example_dags/example_task_group.py
[2024-10-13T15:14:10.841+0100] {processor.py:914} INFO - Processing file /opt/homebrew/Caskroom/miniconda/base/envs/airflow_env/lib/python3.9/site-packages/airflow/example_dags/example_task_group.py for tasks to queue
[2024-10-13T15:14:10.842+0100] {logging_mixin.py:190} INFO - [2024-10-13T15:14:10.842+0100] {dagbag.py:588} INFO - Filling up the DagBag from /opt/homebrew/Caskroom/miniconda/base/envs/airflow_env/lib/python3.9/site-packages/airflow/example_dags/example_task_group.py
[2024-10-13T15:14:10.866+0100] {processor.py:925} INFO - DAG(s) 'example_task_group' retrieved from /opt/homebrew/Caskroom/miniconda/base/envs/airflow_env/lib/python3.9/site-packages/airflow/example_dags/example_task_group.py
[2024-10-13T15:14:10.902+0100] {logging_mixin.py:190} INFO - [2024-10-13T15:14:10.902+0100] {dag.py:3239} INFO - Sync 1 DAGs
[2024-10-13T15:14:10.906+0100] {logging_mixin.py:190} INFO - [2024-10-13T15:14:10.906+0100] {dag.py:4180} INFO - Setting next_dagrun for example_task_group to None, run_after=None
[2024-10-13T15:14:10.913+0100] {processor.py:208} INFO - Processing /opt/homebrew/Caskroom/miniconda/base/envs/airflow_env/lib/python3.9/site-packages/airflow/example_dags/example_task_group.py took 0.074 seconds
[2024-10-13T15:15:25.656+0100] {processor.py:186} INFO - Started process (PID=68044) to work on /opt/homebrew/Caskroom/miniconda/base/envs/airflow_env/lib/python3.9/site-packages/airflow/example_dags/example_task_group.py
[2024-10-13T15:15:25.656+0100] {processor.py:914} INFO - Processing file /opt/homebrew/Caskroom/miniconda/base/envs/airflow_env/lib/python3.9/site-packages/airflow/example_dags/example_task_group.py for tasks to queue
[2024-10-13T15:15:25.657+0100] {logging_mixin.py:190} INFO - [2024-10-13T15:15:25.657+0100] {dagbag.py:588} INFO - Filling up the DagBag from /opt/homebrew/Caskroom/miniconda/base/envs/airflow_env/lib/python3.9/site-packages/airflow/example_dags/example_task_group.py
[2024-10-13T15:15:25.680+0100] {processor.py:925} INFO - DAG(s) 'example_task_group' retrieved from /opt/homebrew/Caskroom/miniconda/base/envs/airflow_env/lib/python3.9/site-packages/airflow/example_dags/example_task_group.py
[2024-10-13T15:15:25.716+0100] {logging_mixin.py:190} INFO - [2024-10-13T15:15:25.715+0100] {dag.py:3239} INFO - Sync 1 DAGs
[2024-10-13T15:15:25.719+0100] {logging_mixin.py:190} INFO - [2024-10-13T15:15:25.719+0100] {dag.py:4180} INFO - Setting next_dagrun for example_task_group to None, run_after=None
[2024-10-13T15:15:25.725+0100] {processor.py:208} INFO - Processing /opt/homebrew/Caskroom/miniconda/base/envs/airflow_env/lib/python3.9/site-packages/airflow/example_dags/example_task_group.py took 0.072 seconds
[2024-10-13T15:16:30.374+0100] {processor.py:186} INFO - Started process (PID=68093) to work on /opt/homebrew/Caskroom/miniconda/base/envs/airflow_env/lib/python3.9/site-packages/airflow/example_dags/example_task_group.py
[2024-10-13T15:16:30.374+0100] {processor.py:914} INFO - Processing file /opt/homebrew/Caskroom/miniconda/base/envs/airflow_env/lib/python3.9/site-packages/airflow/example_dags/example_task_group.py for tasks to queue
[2024-10-13T15:16:30.375+0100] {logging_mixin.py:190} INFO - [2024-10-13T15:16:30.375+0100] {dagbag.py:588} INFO - Filling up the DagBag from /opt/homebrew/Caskroom/miniconda/base/envs/airflow_env/lib/python3.9/site-packages/airflow/example_dags/example_task_group.py
[2024-10-13T15:16:30.395+0100] {processor.py:925} INFO - DAG(s) 'example_task_group' retrieved from /opt/homebrew/Caskroom/miniconda/base/envs/airflow_env/lib/python3.9/site-packages/airflow/example_dags/example_task_group.py
[2024-10-13T15:16:30.428+0100] {logging_mixin.py:190} INFO - [2024-10-13T15:16:30.428+0100] {dag.py:3239} INFO - Sync 1 DAGs
[2024-10-13T15:16:30.432+0100] {logging_mixin.py:190} INFO - [2024-10-13T15:16:30.432+0100] {dag.py:4180} INFO - Setting next_dagrun for example_task_group to None, run_after=None
[2024-10-13T15:16:30.439+0100] {processor.py:208} INFO - Processing /opt/homebrew/Caskroom/miniconda/base/envs/airflow_env/lib/python3.9/site-packages/airflow/example_dags/example_task_group.py took 0.067 seconds
[2024-10-13T15:17:34.761+0100] {processor.py:186} INFO - Started process (PID=68155) to work on /opt/homebrew/Caskroom/miniconda/base/envs/airflow_env/lib/python3.9/site-packages/airflow/example_dags/example_task_group.py
[2024-10-13T15:17:34.762+0100] {processor.py:914} INFO - Processing file /opt/homebrew/Caskroom/miniconda/base/envs/airflow_env/lib/python3.9/site-packages/airflow/example_dags/example_task_group.py for tasks to queue
[2024-10-13T15:17:34.762+0100] {logging_mixin.py:190} INFO - [2024-10-13T15:17:34.762+0100] {dagbag.py:588} INFO - Filling up the DagBag from /opt/homebrew/Caskroom/miniconda/base/envs/airflow_env/lib/python3.9/site-packages/airflow/example_dags/example_task_group.py
[2024-10-13T15:17:34.788+0100] {processor.py:925} INFO - DAG(s) 'example_task_group' retrieved from /opt/homebrew/Caskroom/miniconda/base/envs/airflow_env/lib/python3.9/site-packages/airflow/example_dags/example_task_group.py
[2024-10-13T15:17:34.825+0100] {logging_mixin.py:190} INFO - [2024-10-13T15:17:34.825+0100] {dag.py:3239} INFO - Sync 1 DAGs
[2024-10-13T15:17:34.829+0100] {logging_mixin.py:190} INFO - [2024-10-13T15:17:34.828+0100] {dag.py:4180} INFO - Setting next_dagrun for example_task_group to None, run_after=None
[2024-10-13T15:17:34.837+0100] {processor.py:208} INFO - Processing /opt/homebrew/Caskroom/miniconda/base/envs/airflow_env/lib/python3.9/site-packages/airflow/example_dags/example_task_group.py took 0.077 seconds
[2024-10-13T15:18:43.003+0100] {processor.py:186} INFO - Started process (PID=68231) to work on /opt/homebrew/Caskroom/miniconda/base/envs/airflow_env/lib/python3.9/site-packages/airflow/example_dags/example_task_group.py
[2024-10-13T15:18:43.004+0100] {processor.py:914} INFO - Processing file /opt/homebrew/Caskroom/miniconda/base/envs/airflow_env/lib/python3.9/site-packages/airflow/example_dags/example_task_group.py for tasks to queue
[2024-10-13T15:18:43.004+0100] {logging_mixin.py:190} INFO - [2024-10-13T15:18:43.004+0100] {dagbag.py:588} INFO - Filling up the DagBag from /opt/homebrew/Caskroom/miniconda/base/envs/airflow_env/lib/python3.9/site-packages/airflow/example_dags/example_task_group.py
[2024-10-13T15:18:43.032+0100] {processor.py:925} INFO - DAG(s) 'example_task_group' retrieved from /opt/homebrew/Caskroom/miniconda/base/envs/airflow_env/lib/python3.9/site-packages/airflow/example_dags/example_task_group.py
[2024-10-13T15:18:43.076+0100] {logging_mixin.py:190} INFO - [2024-10-13T15:18:43.075+0100] {dag.py:3239} INFO - Sync 1 DAGs
[2024-10-13T15:18:43.081+0100] {logging_mixin.py:190} INFO - [2024-10-13T15:18:43.081+0100] {dag.py:4180} INFO - Setting next_dagrun for example_task_group to None, run_after=None
[2024-10-13T15:18:43.089+0100] {processor.py:208} INFO - Processing /opt/homebrew/Caskroom/miniconda/base/envs/airflow_env/lib/python3.9/site-packages/airflow/example_dags/example_task_group.py took 0.087 seconds
[2024-10-13T15:19:50.729+0100] {processor.py:186} INFO - Started process (PID=68298) to work on /opt/homebrew/Caskroom/miniconda/base/envs/airflow_env/lib/python3.9/site-packages/airflow/example_dags/example_task_group.py
[2024-10-13T15:19:50.729+0100] {processor.py:914} INFO - Processing file /opt/homebrew/Caskroom/miniconda/base/envs/airflow_env/lib/python3.9/site-packages/airflow/example_dags/example_task_group.py for tasks to queue
[2024-10-13T15:19:50.730+0100] {logging_mixin.py:190} INFO - [2024-10-13T15:19:50.730+0100] {dagbag.py:588} INFO - Filling up the DagBag from /opt/homebrew/Caskroom/miniconda/base/envs/airflow_env/lib/python3.9/site-packages/airflow/example_dags/example_task_group.py
[2024-10-13T15:19:50.751+0100] {processor.py:925} INFO - DAG(s) 'example_task_group' retrieved from /opt/homebrew/Caskroom/miniconda/base/envs/airflow_env/lib/python3.9/site-packages/airflow/example_dags/example_task_group.py
[2024-10-13T15:19:50.785+0100] {logging_mixin.py:190} INFO - [2024-10-13T15:19:50.785+0100] {dag.py:3239} INFO - Sync 1 DAGs
[2024-10-13T15:19:50.788+0100] {logging_mixin.py:190} INFO - [2024-10-13T15:19:50.788+0100] {dag.py:4180} INFO - Setting next_dagrun for example_task_group to None, run_after=None
[2024-10-13T15:19:50.795+0100] {processor.py:208} INFO - Processing /opt/homebrew/Caskroom/miniconda/base/envs/airflow_env/lib/python3.9/site-packages/airflow/example_dags/example_task_group.py took 0.068 seconds
[2024-10-13T15:20:56.599+0100] {processor.py:186} INFO - Started process (PID=68362) to work on /opt/homebrew/Caskroom/miniconda/base/envs/airflow_env/lib/python3.9/site-packages/airflow/example_dags/example_task_group.py
[2024-10-13T15:20:56.599+0100] {processor.py:914} INFO - Processing file /opt/homebrew/Caskroom/miniconda/base/envs/airflow_env/lib/python3.9/site-packages/airflow/example_dags/example_task_group.py for tasks to queue
[2024-10-13T15:20:56.599+0100] {logging_mixin.py:190} INFO - [2024-10-13T15:20:56.599+0100] {dagbag.py:588} INFO - Filling up the DagBag from /opt/homebrew/Caskroom/miniconda/base/envs/airflow_env/lib/python3.9/site-packages/airflow/example_dags/example_task_group.py
[2024-10-13T15:20:56.621+0100] {processor.py:925} INFO - DAG(s) 'example_task_group' retrieved from /opt/homebrew/Caskroom/miniconda/base/envs/airflow_env/lib/python3.9/site-packages/airflow/example_dags/example_task_group.py
[2024-10-13T15:20:56.655+0100] {logging_mixin.py:190} INFO - [2024-10-13T15:20:56.655+0100] {dag.py:3239} INFO - Sync 1 DAGs
[2024-10-13T15:20:56.658+0100] {logging_mixin.py:190} INFO - [2024-10-13T15:20:56.658+0100] {dag.py:4180} INFO - Setting next_dagrun for example_task_group to None, run_after=None
[2024-10-13T15:20:56.664+0100] {processor.py:208} INFO - Processing /opt/homebrew/Caskroom/miniconda/base/envs/airflow_env/lib/python3.9/site-packages/airflow/example_dags/example_task_group.py took 0.068 seconds
[2024-10-13T15:22:01.407+0100] {processor.py:186} INFO - Started process (PID=68464) to work on /opt/homebrew/Caskroom/miniconda/base/envs/airflow_env/lib/python3.9/site-packages/airflow/example_dags/example_task_group.py
[2024-10-13T15:22:01.407+0100] {processor.py:914} INFO - Processing file /opt/homebrew/Caskroom/miniconda/base/envs/airflow_env/lib/python3.9/site-packages/airflow/example_dags/example_task_group.py for tasks to queue
[2024-10-13T15:22:01.408+0100] {logging_mixin.py:190} INFO - [2024-10-13T15:22:01.408+0100] {dagbag.py:588} INFO - Filling up the DagBag from /opt/homebrew/Caskroom/miniconda/base/envs/airflow_env/lib/python3.9/site-packages/airflow/example_dags/example_task_group.py
[2024-10-13T15:22:01.433+0100] {processor.py:925} INFO - DAG(s) 'example_task_group' retrieved from /opt/homebrew/Caskroom/miniconda/base/envs/airflow_env/lib/python3.9/site-packages/airflow/example_dags/example_task_group.py
[2024-10-13T15:22:01.470+0100] {logging_mixin.py:190} INFO - [2024-10-13T15:22:01.470+0100] {dag.py:3239} INFO - Sync 1 DAGs
[2024-10-13T15:22:01.474+0100] {logging_mixin.py:190} INFO - [2024-10-13T15:22:01.474+0100] {dag.py:4180} INFO - Setting next_dagrun for example_task_group to None, run_after=None
[2024-10-13T15:22:01.480+0100] {processor.py:208} INFO - Processing /opt/homebrew/Caskroom/miniconda/base/envs/airflow_env/lib/python3.9/site-packages/airflow/example_dags/example_task_group.py took 0.076 seconds
[2024-10-13T15:23:03.268+0100] {processor.py:186} INFO - Started process (PID=68572) to work on /opt/homebrew/Caskroom/miniconda/base/envs/airflow_env/lib/python3.9/site-packages/airflow/example_dags/example_task_group.py
[2024-10-13T15:23:03.269+0100] {processor.py:914} INFO - Processing file /opt/homebrew/Caskroom/miniconda/base/envs/airflow_env/lib/python3.9/site-packages/airflow/example_dags/example_task_group.py for tasks to queue
[2024-10-13T15:23:03.269+0100] {logging_mixin.py:190} INFO - [2024-10-13T15:23:03.269+0100] {dagbag.py:588} INFO - Filling up the DagBag from /opt/homebrew/Caskroom/miniconda/base/envs/airflow_env/lib/python3.9/site-packages/airflow/example_dags/example_task_group.py
[2024-10-13T15:23:03.291+0100] {processor.py:925} INFO - DAG(s) 'example_task_group' retrieved from /opt/homebrew/Caskroom/miniconda/base/envs/airflow_env/lib/python3.9/site-packages/airflow/example_dags/example_task_group.py
[2024-10-13T15:23:03.326+0100] {logging_mixin.py:190} INFO - [2024-10-13T15:23:03.325+0100] {dag.py:3239} INFO - Sync 1 DAGs
[2024-10-13T15:23:03.329+0100] {logging_mixin.py:190} INFO - [2024-10-13T15:23:03.329+0100] {dag.py:4180} INFO - Setting next_dagrun for example_task_group to None, run_after=None
[2024-10-13T15:23:03.335+0100] {processor.py:208} INFO - Processing /opt/homebrew/Caskroom/miniconda/base/envs/airflow_env/lib/python3.9/site-packages/airflow/example_dags/example_task_group.py took 0.069 seconds
[2024-10-13T15:24:04.610+0100] {processor.py:186} INFO - Started process (PID=68624) to work on /opt/homebrew/Caskroom/miniconda/base/envs/airflow_env/lib/python3.9/site-packages/airflow/example_dags/example_task_group.py
[2024-10-13T15:24:04.613+0100] {processor.py:914} INFO - Processing file /opt/homebrew/Caskroom/miniconda/base/envs/airflow_env/lib/python3.9/site-packages/airflow/example_dags/example_task_group.py for tasks to queue
[2024-10-13T15:24:04.613+0100] {logging_mixin.py:190} INFO - [2024-10-13T15:24:04.613+0100] {dagbag.py:588} INFO - Filling up the DagBag from /opt/homebrew/Caskroom/miniconda/base/envs/airflow_env/lib/python3.9/site-packages/airflow/example_dags/example_task_group.py
[2024-10-13T15:24:04.636+0100] {processor.py:925} INFO - DAG(s) 'example_task_group' retrieved from /opt/homebrew/Caskroom/miniconda/base/envs/airflow_env/lib/python3.9/site-packages/airflow/example_dags/example_task_group.py
[2024-10-13T15:24:04.673+0100] {logging_mixin.py:190} INFO - [2024-10-13T15:24:04.673+0100] {dag.py:3239} INFO - Sync 1 DAGs
[2024-10-13T15:24:04.677+0100] {logging_mixin.py:190} INFO - [2024-10-13T15:24:04.677+0100] {dag.py:4180} INFO - Setting next_dagrun for example_task_group to None, run_after=None
[2024-10-13T15:24:04.684+0100] {processor.py:208} INFO - Processing /opt/homebrew/Caskroom/miniconda/base/envs/airflow_env/lib/python3.9/site-packages/airflow/example_dags/example_task_group.py took 0.075 seconds
[2024-10-13T15:25:12.586+0100] {processor.py:186} INFO - Started process (PID=68690) to work on /opt/homebrew/Caskroom/miniconda/base/envs/airflow_env/lib/python3.9/site-packages/airflow/example_dags/example_task_group.py
[2024-10-13T15:25:12.587+0100] {processor.py:914} INFO - Processing file /opt/homebrew/Caskroom/miniconda/base/envs/airflow_env/lib/python3.9/site-packages/airflow/example_dags/example_task_group.py for tasks to queue
[2024-10-13T15:25:12.587+0100] {logging_mixin.py:190} INFO - [2024-10-13T15:25:12.587+0100] {dagbag.py:588} INFO - Filling up the DagBag from /opt/homebrew/Caskroom/miniconda/base/envs/airflow_env/lib/python3.9/site-packages/airflow/example_dags/example_task_group.py
[2024-10-13T15:25:12.609+0100] {processor.py:925} INFO - DAG(s) 'example_task_group' retrieved from /opt/homebrew/Caskroom/miniconda/base/envs/airflow_env/lib/python3.9/site-packages/airflow/example_dags/example_task_group.py
[2024-10-13T15:25:12.644+0100] {logging_mixin.py:190} INFO - [2024-10-13T15:25:12.644+0100] {dag.py:3239} INFO - Sync 1 DAGs
[2024-10-13T15:25:12.648+0100] {logging_mixin.py:190} INFO - [2024-10-13T15:25:12.648+0100] {dag.py:4180} INFO - Setting next_dagrun for example_task_group to None, run_after=None
[2024-10-13T15:25:12.654+0100] {processor.py:208} INFO - Processing /opt/homebrew/Caskroom/miniconda/base/envs/airflow_env/lib/python3.9/site-packages/airflow/example_dags/example_task_group.py took 0.070 seconds
[2024-10-13T15:26:15.372+0100] {processor.py:186} INFO - Started process (PID=68797) to work on /opt/homebrew/Caskroom/miniconda/base/envs/airflow_env/lib/python3.9/site-packages/airflow/example_dags/example_task_group.py
[2024-10-13T15:26:15.373+0100] {processor.py:914} INFO - Processing file /opt/homebrew/Caskroom/miniconda/base/envs/airflow_env/lib/python3.9/site-packages/airflow/example_dags/example_task_group.py for tasks to queue
[2024-10-13T15:26:15.373+0100] {logging_mixin.py:190} INFO - [2024-10-13T15:26:15.373+0100] {dagbag.py:588} INFO - Filling up the DagBag from /opt/homebrew/Caskroom/miniconda/base/envs/airflow_env/lib/python3.9/site-packages/airflow/example_dags/example_task_group.py
[2024-10-13T15:26:15.393+0100] {processor.py:925} INFO - DAG(s) 'example_task_group' retrieved from /opt/homebrew/Caskroom/miniconda/base/envs/airflow_env/lib/python3.9/site-packages/airflow/example_dags/example_task_group.py
[2024-10-13T15:26:15.427+0100] {logging_mixin.py:190} INFO - [2024-10-13T15:26:15.427+0100] {dag.py:3239} INFO - Sync 1 DAGs
[2024-10-13T15:26:15.430+0100] {logging_mixin.py:190} INFO - [2024-10-13T15:26:15.430+0100] {dag.py:4180} INFO - Setting next_dagrun for example_task_group to None, run_after=None
[2024-10-13T15:26:15.437+0100] {processor.py:208} INFO - Processing /opt/homebrew/Caskroom/miniconda/base/envs/airflow_env/lib/python3.9/site-packages/airflow/example_dags/example_task_group.py took 0.067 seconds
