[2024-10-13T14:08:45.256+0100] {processor.py:186} INFO - Started process (PID=67207) to work on /opt/homebrew/Caskroom/miniconda/base/envs/airflow_env/lib/python3.9/site-packages/airflow/example_dags/example_setup_teardown_taskflow.py
[2024-10-13T14:08:45.257+0100] {processor.py:914} INFO - Processing file /opt/homebrew/Caskroom/miniconda/base/envs/airflow_env/lib/python3.9/site-packages/airflow/example_dags/example_setup_teardown_taskflow.py for tasks to queue
[2024-10-13T14:08:45.257+0100] {logging_mixin.py:190} INFO - [2024-10-13T14:08:45.257+0100] {dagbag.py:588} INFO - Filling up the DagBag from /opt/homebrew/Caskroom/miniconda/base/envs/airflow_env/lib/python3.9/site-packages/airflow/example_dags/example_setup_teardown_taskflow.py
[2024-10-13T14:08:45.289+0100] {processor.py:925} INFO - DAG(s) 'example_setup_teardown_taskflow' retrieved from /opt/homebrew/Caskroom/miniconda/base/envs/airflow_env/lib/python3.9/site-packages/airflow/example_dags/example_setup_teardown_taskflow.py
[2024-10-13T14:08:45.353+0100] {logging_mixin.py:190} INFO - [2024-10-13T14:08:45.353+0100] {override.py:1901} INFO - Created Permission View: can edit on DAG:example_setup_teardown_taskflow
[2024-10-13T14:08:45.356+0100] {logging_mixin.py:190} INFO - [2024-10-13T14:08:45.356+0100] {override.py:1901} INFO - Created Permission View: can delete on DAG:example_setup_teardown_taskflow
[2024-10-13T14:08:45.358+0100] {logging_mixin.py:190} INFO - [2024-10-13T14:08:45.358+0100] {override.py:1901} INFO - Created Permission View: can read on DAG:example_setup_teardown_taskflow
[2024-10-13T14:08:45.361+0100] {logging_mixin.py:190} INFO - [2024-10-13T14:08:45.361+0100] {override.py:1901} INFO - Created Permission View: can create on DAG Run:example_setup_teardown_taskflow
[2024-10-13T14:08:45.363+0100] {logging_mixin.py:190} INFO - [2024-10-13T14:08:45.363+0100] {override.py:1901} INFO - Created Permission View: can read on DAG Run:example_setup_teardown_taskflow
[2024-10-13T14:08:45.365+0100] {logging_mixin.py:190} INFO - [2024-10-13T14:08:45.365+0100] {override.py:1901} INFO - Created Permission View: menu access on DAG Run:example_setup_teardown_taskflow
[2024-10-13T14:08:45.367+0100] {logging_mixin.py:190} INFO - [2024-10-13T14:08:45.367+0100] {override.py:1901} INFO - Created Permission View: can delete on DAG Run:example_setup_teardown_taskflow
[2024-10-13T14:08:45.367+0100] {logging_mixin.py:190} INFO - [2024-10-13T14:08:45.367+0100] {dag.py:3239} INFO - Sync 1 DAGs
[2024-10-13T14:08:45.373+0100] {logging_mixin.py:190} INFO - [2024-10-13T14:08:45.373+0100] {dag.py:3262} INFO - Creating ORM DAG for example_setup_teardown_taskflow
[2024-10-13T14:08:45.373+0100] {logging_mixin.py:190} INFO - [2024-10-13T14:08:45.373+0100] {dag.py:4180} INFO - Setting next_dagrun for example_setup_teardown_taskflow to None, run_after=None
[2024-10-13T14:08:45.382+0100] {processor.py:208} INFO - Processing /opt/homebrew/Caskroom/miniconda/base/envs/airflow_env/lib/python3.9/site-packages/airflow/example_dags/example_setup_teardown_taskflow.py took 0.127 seconds
[2024-10-13T14:10:23.954+0100] {processor.py:186} INFO - Started process (PID=67310) to work on /opt/homebrew/Caskroom/miniconda/base/envs/airflow_env/lib/python3.9/site-packages/airflow/example_dags/example_setup_teardown_taskflow.py
[2024-10-13T14:10:23.955+0100] {processor.py:914} INFO - Processing file /opt/homebrew/Caskroom/miniconda/base/envs/airflow_env/lib/python3.9/site-packages/airflow/example_dags/example_setup_teardown_taskflow.py for tasks to queue
[2024-10-13T14:10:23.955+0100] {logging_mixin.py:190} INFO - [2024-10-13T14:10:23.955+0100] {dagbag.py:588} INFO - Filling up the DagBag from /opt/homebrew/Caskroom/miniconda/base/envs/airflow_env/lib/python3.9/site-packages/airflow/example_dags/example_setup_teardown_taskflow.py
[2024-10-13T14:10:23.994+0100] {processor.py:925} INFO - DAG(s) 'example_setup_teardown_taskflow' retrieved from /opt/homebrew/Caskroom/miniconda/base/envs/airflow_env/lib/python3.9/site-packages/airflow/example_dags/example_setup_teardown_taskflow.py
[2024-10-13T14:10:24.028+0100] {logging_mixin.py:190} INFO - [2024-10-13T14:10:24.028+0100] {dag.py:3239} INFO - Sync 1 DAGs
[2024-10-13T14:10:24.032+0100] {logging_mixin.py:190} INFO - [2024-10-13T14:10:24.032+0100] {dag.py:4180} INFO - Setting next_dagrun for example_setup_teardown_taskflow to None, run_after=None
[2024-10-13T14:10:24.039+0100] {processor.py:208} INFO - Processing /opt/homebrew/Caskroom/miniconda/base/envs/airflow_env/lib/python3.9/site-packages/airflow/example_dags/example_setup_teardown_taskflow.py took 0.086 seconds
[2024-10-13T14:12:29.814+0100] {processor.py:186} INFO - Started process (PID=67455) to work on /opt/homebrew/Caskroom/miniconda/base/envs/airflow_env/lib/python3.9/site-packages/airflow/example_dags/example_setup_teardown_taskflow.py
[2024-10-13T14:12:29.815+0100] {processor.py:914} INFO - Processing file /opt/homebrew/Caskroom/miniconda/base/envs/airflow_env/lib/python3.9/site-packages/airflow/example_dags/example_setup_teardown_taskflow.py for tasks to queue
[2024-10-13T14:12:29.815+0100] {logging_mixin.py:190} INFO - [2024-10-13T14:12:29.815+0100] {dagbag.py:588} INFO - Filling up the DagBag from /opt/homebrew/Caskroom/miniconda/base/envs/airflow_env/lib/python3.9/site-packages/airflow/example_dags/example_setup_teardown_taskflow.py
[2024-10-13T14:12:29.846+0100] {processor.py:925} INFO - DAG(s) 'example_setup_teardown_taskflow' retrieved from /opt/homebrew/Caskroom/miniconda/base/envs/airflow_env/lib/python3.9/site-packages/airflow/example_dags/example_setup_teardown_taskflow.py
[2024-10-13T14:12:29.880+0100] {logging_mixin.py:190} INFO - [2024-10-13T14:12:29.879+0100] {dag.py:3239} INFO - Sync 1 DAGs
[2024-10-13T14:12:29.883+0100] {logging_mixin.py:190} INFO - [2024-10-13T14:12:29.883+0100] {dag.py:4180} INFO - Setting next_dagrun for example_setup_teardown_taskflow to None, run_after=None
[2024-10-13T14:12:29.890+0100] {processor.py:208} INFO - Processing /opt/homebrew/Caskroom/miniconda/base/envs/airflow_env/lib/python3.9/site-packages/airflow/example_dags/example_setup_teardown_taskflow.py took 0.078 seconds
[2024-10-13T14:14:39.097+0100] {processor.py:186} INFO - Started process (PID=67606) to work on /opt/homebrew/Caskroom/miniconda/base/envs/airflow_env/lib/python3.9/site-packages/airflow/example_dags/example_setup_teardown_taskflow.py
[2024-10-13T14:14:39.099+0100] {processor.py:914} INFO - Processing file /opt/homebrew/Caskroom/miniconda/base/envs/airflow_env/lib/python3.9/site-packages/airflow/example_dags/example_setup_teardown_taskflow.py for tasks to queue
[2024-10-13T14:14:39.099+0100] {logging_mixin.py:190} INFO - [2024-10-13T14:14:39.099+0100] {dagbag.py:588} INFO - Filling up the DagBag from /opt/homebrew/Caskroom/miniconda/base/envs/airflow_env/lib/python3.9/site-packages/airflow/example_dags/example_setup_teardown_taskflow.py
[2024-10-13T14:14:39.131+0100] {processor.py:925} INFO - DAG(s) 'example_setup_teardown_taskflow' retrieved from /opt/homebrew/Caskroom/miniconda/base/envs/airflow_env/lib/python3.9/site-packages/airflow/example_dags/example_setup_teardown_taskflow.py
[2024-10-13T14:14:39.164+0100] {logging_mixin.py:190} INFO - [2024-10-13T14:14:39.164+0100] {dag.py:3239} INFO - Sync 1 DAGs
[2024-10-13T14:14:39.168+0100] {logging_mixin.py:190} INFO - [2024-10-13T14:14:39.168+0100] {dag.py:4180} INFO - Setting next_dagrun for example_setup_teardown_taskflow to None, run_after=None
[2024-10-13T14:14:39.174+0100] {processor.py:208} INFO - Processing /opt/homebrew/Caskroom/miniconda/base/envs/airflow_env/lib/python3.9/site-packages/airflow/example_dags/example_setup_teardown_taskflow.py took 0.079 seconds
[2024-10-13T14:16:54.067+0100] {processor.py:186} INFO - Started process (PID=67734) to work on /opt/homebrew/Caskroom/miniconda/base/envs/airflow_env/lib/python3.9/site-packages/airflow/example_dags/example_setup_teardown_taskflow.py
[2024-10-13T14:16:54.067+0100] {processor.py:914} INFO - Processing file /opt/homebrew/Caskroom/miniconda/base/envs/airflow_env/lib/python3.9/site-packages/airflow/example_dags/example_setup_teardown_taskflow.py for tasks to queue
[2024-10-13T14:16:54.068+0100] {logging_mixin.py:190} INFO - [2024-10-13T14:16:54.068+0100] {dagbag.py:588} INFO - Filling up the DagBag from /opt/homebrew/Caskroom/miniconda/base/envs/airflow_env/lib/python3.9/site-packages/airflow/example_dags/example_setup_teardown_taskflow.py
[2024-10-13T14:16:54.099+0100] {processor.py:925} INFO - DAG(s) 'example_setup_teardown_taskflow' retrieved from /opt/homebrew/Caskroom/miniconda/base/envs/airflow_env/lib/python3.9/site-packages/airflow/example_dags/example_setup_teardown_taskflow.py
[2024-10-13T14:16:54.133+0100] {logging_mixin.py:190} INFO - [2024-10-13T14:16:54.133+0100] {dag.py:3239} INFO - Sync 1 DAGs
[2024-10-13T14:16:54.137+0100] {logging_mixin.py:190} INFO - [2024-10-13T14:16:54.137+0100] {dag.py:4180} INFO - Setting next_dagrun for example_setup_teardown_taskflow to None, run_after=None
[2024-10-13T14:16:54.143+0100] {processor.py:208} INFO - Processing /opt/homebrew/Caskroom/miniconda/base/envs/airflow_env/lib/python3.9/site-packages/airflow/example_dags/example_setup_teardown_taskflow.py took 0.078 seconds
[2024-10-13T14:53:37.762+0100] {processor.py:186} INFO - Started process (PID=67805) to work on /opt/homebrew/Caskroom/miniconda/base/envs/airflow_env/lib/python3.9/site-packages/airflow/example_dags/example_setup_teardown_taskflow.py
[2024-10-13T14:53:37.762+0100] {processor.py:914} INFO - Processing file /opt/homebrew/Caskroom/miniconda/base/envs/airflow_env/lib/python3.9/site-packages/airflow/example_dags/example_setup_teardown_taskflow.py for tasks to queue
[2024-10-13T14:53:37.763+0100] {logging_mixin.py:190} INFO - [2024-10-13T14:53:37.762+0100] {dagbag.py:588} INFO - Filling up the DagBag from /opt/homebrew/Caskroom/miniconda/base/envs/airflow_env/lib/python3.9/site-packages/airflow/example_dags/example_setup_teardown_taskflow.py
[2024-10-13T14:53:37.796+0100] {processor.py:925} INFO - DAG(s) 'example_setup_teardown_taskflow' retrieved from /opt/homebrew/Caskroom/miniconda/base/envs/airflow_env/lib/python3.9/site-packages/airflow/example_dags/example_setup_teardown_taskflow.py
[2024-10-13T14:53:37.831+0100] {logging_mixin.py:190} INFO - [2024-10-13T14:53:37.831+0100] {dag.py:3239} INFO - Sync 1 DAGs
[2024-10-13T14:53:37.835+0100] {logging_mixin.py:190} INFO - [2024-10-13T14:53:37.835+0100] {dag.py:4180} INFO - Setting next_dagrun for example_setup_teardown_taskflow to None, run_after=None
[2024-10-13T14:53:37.841+0100] {processor.py:208} INFO - Processing /opt/homebrew/Caskroom/miniconda/base/envs/airflow_env/lib/python3.9/site-packages/airflow/example_dags/example_setup_teardown_taskflow.py took 0.081 seconds
[2024-10-13T15:14:19.838+0100] {processor.py:186} INFO - Started process (PID=67973) to work on /opt/homebrew/Caskroom/miniconda/base/envs/airflow_env/lib/python3.9/site-packages/airflow/example_dags/example_setup_teardown_taskflow.py
[2024-10-13T15:14:19.839+0100] {processor.py:914} INFO - Processing file /opt/homebrew/Caskroom/miniconda/base/envs/airflow_env/lib/python3.9/site-packages/airflow/example_dags/example_setup_teardown_taskflow.py for tasks to queue
[2024-10-13T15:14:19.839+0100] {logging_mixin.py:190} INFO - [2024-10-13T15:14:19.839+0100] {dagbag.py:588} INFO - Filling up the DagBag from /opt/homebrew/Caskroom/miniconda/base/envs/airflow_env/lib/python3.9/site-packages/airflow/example_dags/example_setup_teardown_taskflow.py
[2024-10-13T15:14:19.873+0100] {processor.py:925} INFO - DAG(s) 'example_setup_teardown_taskflow' retrieved from /opt/homebrew/Caskroom/miniconda/base/envs/airflow_env/lib/python3.9/site-packages/airflow/example_dags/example_setup_teardown_taskflow.py
[2024-10-13T15:14:19.909+0100] {logging_mixin.py:190} INFO - [2024-10-13T15:14:19.909+0100] {dag.py:3239} INFO - Sync 1 DAGs
[2024-10-13T15:14:19.913+0100] {logging_mixin.py:190} INFO - [2024-10-13T15:14:19.913+0100] {dag.py:4180} INFO - Setting next_dagrun for example_setup_teardown_taskflow to None, run_after=None
[2024-10-13T15:14:19.920+0100] {processor.py:208} INFO - Processing /opt/homebrew/Caskroom/miniconda/base/envs/airflow_env/lib/python3.9/site-packages/airflow/example_dags/example_setup_teardown_taskflow.py took 0.084 seconds
[2024-10-13T15:15:34.616+0100] {processor.py:186} INFO - Started process (PID=68052) to work on /opt/homebrew/Caskroom/miniconda/base/envs/airflow_env/lib/python3.9/site-packages/airflow/example_dags/example_setup_teardown_taskflow.py
[2024-10-13T15:15:34.617+0100] {processor.py:914} INFO - Processing file /opt/homebrew/Caskroom/miniconda/base/envs/airflow_env/lib/python3.9/site-packages/airflow/example_dags/example_setup_teardown_taskflow.py for tasks to queue
[2024-10-13T15:15:34.618+0100] {logging_mixin.py:190} INFO - [2024-10-13T15:15:34.617+0100] {dagbag.py:588} INFO - Filling up the DagBag from /opt/homebrew/Caskroom/miniconda/base/envs/airflow_env/lib/python3.9/site-packages/airflow/example_dags/example_setup_teardown_taskflow.py
[2024-10-13T15:15:34.654+0100] {processor.py:925} INFO - DAG(s) 'example_setup_teardown_taskflow' retrieved from /opt/homebrew/Caskroom/miniconda/base/envs/airflow_env/lib/python3.9/site-packages/airflow/example_dags/example_setup_teardown_taskflow.py
[2024-10-13T15:15:34.689+0100] {logging_mixin.py:190} INFO - [2024-10-13T15:15:34.689+0100] {dag.py:3239} INFO - Sync 1 DAGs
[2024-10-13T15:15:34.694+0100] {logging_mixin.py:190} INFO - [2024-10-13T15:15:34.694+0100] {dag.py:4180} INFO - Setting next_dagrun for example_setup_teardown_taskflow to None, run_after=None
[2024-10-13T15:15:34.702+0100] {processor.py:208} INFO - Processing /opt/homebrew/Caskroom/miniconda/base/envs/airflow_env/lib/python3.9/site-packages/airflow/example_dags/example_setup_teardown_taskflow.py took 0.088 seconds
[2024-10-13T15:17:45.769+0100] {processor.py:186} INFO - Started process (PID=68171) to work on /opt/homebrew/Caskroom/miniconda/base/envs/airflow_env/lib/python3.9/site-packages/airflow/example_dags/example_setup_teardown_taskflow.py
[2024-10-13T15:17:45.769+0100] {processor.py:914} INFO - Processing file /opt/homebrew/Caskroom/miniconda/base/envs/airflow_env/lib/python3.9/site-packages/airflow/example_dags/example_setup_teardown_taskflow.py for tasks to queue
[2024-10-13T15:17:45.770+0100] {logging_mixin.py:190} INFO - [2024-10-13T15:17:45.770+0100] {dagbag.py:588} INFO - Filling up the DagBag from /opt/homebrew/Caskroom/miniconda/base/envs/airflow_env/lib/python3.9/site-packages/airflow/example_dags/example_setup_teardown_taskflow.py
[2024-10-13T15:17:45.804+0100] {processor.py:925} INFO - DAG(s) 'example_setup_teardown_taskflow' retrieved from /opt/homebrew/Caskroom/miniconda/base/envs/airflow_env/lib/python3.9/site-packages/airflow/example_dags/example_setup_teardown_taskflow.py
[2024-10-13T15:17:45.840+0100] {logging_mixin.py:190} INFO - [2024-10-13T15:17:45.839+0100] {dag.py:3239} INFO - Sync 1 DAGs
[2024-10-13T15:17:45.844+0100] {logging_mixin.py:190} INFO - [2024-10-13T15:17:45.844+0100] {dag.py:4180} INFO - Setting next_dagrun for example_setup_teardown_taskflow to None, run_after=None
[2024-10-13T15:17:45.850+0100] {processor.py:208} INFO - Processing /opt/homebrew/Caskroom/miniconda/base/envs/airflow_env/lib/python3.9/site-packages/airflow/example_dags/example_setup_teardown_taskflow.py took 0.083 seconds
[2024-10-13T15:19:59.146+0100] {processor.py:186} INFO - Started process (PID=68303) to work on /opt/homebrew/Caskroom/miniconda/base/envs/airflow_env/lib/python3.9/site-packages/airflow/example_dags/example_setup_teardown_taskflow.py
[2024-10-13T15:19:59.146+0100] {processor.py:914} INFO - Processing file /opt/homebrew/Caskroom/miniconda/base/envs/airflow_env/lib/python3.9/site-packages/airflow/example_dags/example_setup_teardown_taskflow.py for tasks to queue
[2024-10-13T15:19:59.147+0100] {logging_mixin.py:190} INFO - [2024-10-13T15:19:59.147+0100] {dagbag.py:588} INFO - Filling up the DagBag from /opt/homebrew/Caskroom/miniconda/base/envs/airflow_env/lib/python3.9/site-packages/airflow/example_dags/example_setup_teardown_taskflow.py
[2024-10-13T15:19:59.177+0100] {processor.py:925} INFO - DAG(s) 'example_setup_teardown_taskflow' retrieved from /opt/homebrew/Caskroom/miniconda/base/envs/airflow_env/lib/python3.9/site-packages/airflow/example_dags/example_setup_teardown_taskflow.py
[2024-10-13T15:19:59.209+0100] {logging_mixin.py:190} INFO - [2024-10-13T15:19:59.209+0100] {dag.py:3239} INFO - Sync 1 DAGs
[2024-10-13T15:19:59.213+0100] {logging_mixin.py:190} INFO - [2024-10-13T15:19:59.213+0100] {dag.py:4180} INFO - Setting next_dagrun for example_setup_teardown_taskflow to None, run_after=None
[2024-10-13T15:19:59.220+0100] {processor.py:208} INFO - Processing /opt/homebrew/Caskroom/miniconda/base/envs/airflow_env/lib/python3.9/site-packages/airflow/example_dags/example_setup_teardown_taskflow.py took 0.075 seconds
[2024-10-13T15:22:07.165+0100] {processor.py:186} INFO - Started process (PID=68470) to work on /opt/homebrew/Caskroom/miniconda/base/envs/airflow_env/lib/python3.9/site-packages/airflow/example_dags/example_setup_teardown_taskflow.py
[2024-10-13T15:22:07.165+0100] {processor.py:914} INFO - Processing file /opt/homebrew/Caskroom/miniconda/base/envs/airflow_env/lib/python3.9/site-packages/airflow/example_dags/example_setup_teardown_taskflow.py for tasks to queue
[2024-10-13T15:22:07.166+0100] {logging_mixin.py:190} INFO - [2024-10-13T15:22:07.166+0100] {dagbag.py:588} INFO - Filling up the DagBag from /opt/homebrew/Caskroom/miniconda/base/envs/airflow_env/lib/python3.9/site-packages/airflow/example_dags/example_setup_teardown_taskflow.py
[2024-10-13T15:22:07.199+0100] {processor.py:925} INFO - DAG(s) 'example_setup_teardown_taskflow' retrieved from /opt/homebrew/Caskroom/miniconda/base/envs/airflow_env/lib/python3.9/site-packages/airflow/example_dags/example_setup_teardown_taskflow.py
[2024-10-13T15:22:07.233+0100] {logging_mixin.py:190} INFO - [2024-10-13T15:22:07.233+0100] {dag.py:3239} INFO - Sync 1 DAGs
[2024-10-13T15:22:07.238+0100] {logging_mixin.py:190} INFO - [2024-10-13T15:22:07.238+0100] {dag.py:4180} INFO - Setting next_dagrun for example_setup_teardown_taskflow to None, run_after=None
[2024-10-13T15:22:07.244+0100] {processor.py:208} INFO - Processing /opt/homebrew/Caskroom/miniconda/base/envs/airflow_env/lib/python3.9/site-packages/airflow/example_dags/example_setup_teardown_taskflow.py took 0.082 seconds
[2024-10-13T15:24:13.679+0100] {processor.py:186} INFO - Started process (PID=68632) to work on /opt/homebrew/Caskroom/miniconda/base/envs/airflow_env/lib/python3.9/site-packages/airflow/example_dags/example_setup_teardown_taskflow.py
[2024-10-13T15:24:13.679+0100] {processor.py:914} INFO - Processing file /opt/homebrew/Caskroom/miniconda/base/envs/airflow_env/lib/python3.9/site-packages/airflow/example_dags/example_setup_teardown_taskflow.py for tasks to queue
[2024-10-13T15:24:13.680+0100] {logging_mixin.py:190} INFO - [2024-10-13T15:24:13.680+0100] {dagbag.py:588} INFO - Filling up the DagBag from /opt/homebrew/Caskroom/miniconda/base/envs/airflow_env/lib/python3.9/site-packages/airflow/example_dags/example_setup_teardown_taskflow.py
[2024-10-13T15:24:13.713+0100] {processor.py:925} INFO - DAG(s) 'example_setup_teardown_taskflow' retrieved from /opt/homebrew/Caskroom/miniconda/base/envs/airflow_env/lib/python3.9/site-packages/airflow/example_dags/example_setup_teardown_taskflow.py
[2024-10-13T15:24:13.747+0100] {logging_mixin.py:190} INFO - [2024-10-13T15:24:13.746+0100] {dag.py:3239} INFO - Sync 1 DAGs
[2024-10-13T15:24:13.750+0100] {logging_mixin.py:190} INFO - [2024-10-13T15:24:13.750+0100] {dag.py:4180} INFO - Setting next_dagrun for example_setup_teardown_taskflow to None, run_after=None
[2024-10-13T15:24:13.756+0100] {processor.py:208} INFO - Processing /opt/homebrew/Caskroom/miniconda/base/envs/airflow_env/lib/python3.9/site-packages/airflow/example_dags/example_setup_teardown_taskflow.py took 0.080 seconds
[2024-10-13T15:26:22.108+0100] {processor.py:186} INFO - Started process (PID=68801) to work on /opt/homebrew/Caskroom/miniconda/base/envs/airflow_env/lib/python3.9/site-packages/airflow/example_dags/example_setup_teardown_taskflow.py
[2024-10-13T15:26:22.108+0100] {processor.py:914} INFO - Processing file /opt/homebrew/Caskroom/miniconda/base/envs/airflow_env/lib/python3.9/site-packages/airflow/example_dags/example_setup_teardown_taskflow.py for tasks to queue
[2024-10-13T15:26:22.109+0100] {logging_mixin.py:190} INFO - [2024-10-13T15:26:22.108+0100] {dagbag.py:588} INFO - Filling up the DagBag from /opt/homebrew/Caskroom/miniconda/base/envs/airflow_env/lib/python3.9/site-packages/airflow/example_dags/example_setup_teardown_taskflow.py
[2024-10-13T15:26:22.139+0100] {processor.py:925} INFO - DAG(s) 'example_setup_teardown_taskflow' retrieved from /opt/homebrew/Caskroom/miniconda/base/envs/airflow_env/lib/python3.9/site-packages/airflow/example_dags/example_setup_teardown_taskflow.py
[2024-10-13T15:26:22.173+0100] {logging_mixin.py:190} INFO - [2024-10-13T15:26:22.173+0100] {dag.py:3239} INFO - Sync 1 DAGs
[2024-10-13T15:26:22.177+0100] {logging_mixin.py:190} INFO - [2024-10-13T15:26:22.177+0100] {dag.py:4180} INFO - Setting next_dagrun for example_setup_teardown_taskflow to None, run_after=None
[2024-10-13T15:26:22.183+0100] {processor.py:208} INFO - Processing /opt/homebrew/Caskroom/miniconda/base/envs/airflow_env/lib/python3.9/site-packages/airflow/example_dags/example_setup_teardown_taskflow.py took 0.077 seconds
