[2024-10-13T14:09:43.042+0100] {processor.py:186} INFO - Started process (PID=67271) to work on /opt/homebrew/Caskroom/miniconda/base/envs/airflow_env/lib/python3.9/site-packages/airflow/example_dags/example_bash_decorator.py
[2024-10-13T14:09:43.042+0100] {processor.py:914} INFO - Processing file /opt/homebrew/Caskroom/miniconda/base/envs/airflow_env/lib/python3.9/site-packages/airflow/example_dags/example_bash_decorator.py for tasks to queue
[2024-10-13T14:09:43.043+0100] {logging_mixin.py:190} INFO - [2024-10-13T14:09:43.043+0100] {dagbag.py:588} INFO - Filling up the DagBag from /opt/homebrew/Caskroom/miniconda/base/envs/airflow_env/lib/python3.9/site-packages/airflow/example_dags/example_bash_decorator.py
[2024-10-13T14:09:43.078+0100] {processor.py:925} INFO - DAG(s) 'example_bash_decorator' retrieved from /opt/homebrew/Caskroom/miniconda/base/envs/airflow_env/lib/python3.9/site-packages/airflow/example_dags/example_bash_decorator.py
[2024-10-13T14:09:43.142+0100] {logging_mixin.py:190} INFO - [2024-10-13T14:09:43.142+0100] {override.py:1901} INFO - Created Permission View: can read on DAG:example_bash_decorator
[2024-10-13T14:09:43.145+0100] {logging_mixin.py:190} INFO - [2024-10-13T14:09:43.145+0100] {override.py:1901} INFO - Created Permission View: can edit on DAG:example_bash_decorator
[2024-10-13T14:09:43.147+0100] {logging_mixin.py:190} INFO - [2024-10-13T14:09:43.147+0100] {override.py:1901} INFO - Created Permission View: can delete on DAG:example_bash_decorator
[2024-10-13T14:09:43.150+0100] {logging_mixin.py:190} INFO - [2024-10-13T14:09:43.150+0100] {override.py:1901} INFO - Created Permission View: can read on DAG Run:example_bash_decorator
[2024-10-13T14:09:43.152+0100] {logging_mixin.py:190} INFO - [2024-10-13T14:09:43.152+0100] {override.py:1901} INFO - Created Permission View: menu access on DAG Run:example_bash_decorator
[2024-10-13T14:09:43.154+0100] {logging_mixin.py:190} INFO - [2024-10-13T14:09:43.154+0100] {override.py:1901} INFO - Created Permission View: can delete on DAG Run:example_bash_decorator
[2024-10-13T14:09:43.156+0100] {logging_mixin.py:190} INFO - [2024-10-13T14:09:43.156+0100] {override.py:1901} INFO - Created Permission View: can create on DAG Run:example_bash_decorator
[2024-10-13T14:09:43.156+0100] {logging_mixin.py:190} INFO - [2024-10-13T14:09:43.156+0100] {dag.py:3239} INFO - Sync 1 DAGs
[2024-10-13T14:09:43.160+0100] {logging_mixin.py:190} INFO - [2024-10-13T14:09:43.160+0100] {dag.py:3262} INFO - Creating ORM DAG for example_bash_decorator
[2024-10-13T14:09:43.160+0100] {logging_mixin.py:190} INFO - [2024-10-13T14:09:43.160+0100] {dag.py:4180} INFO - Setting next_dagrun for example_bash_decorator to None, run_after=None
[2024-10-13T14:09:43.165+0100] {processor.py:208} INFO - Processing /opt/homebrew/Caskroom/miniconda/base/envs/airflow_env/lib/python3.9/site-packages/airflow/example_dags/example_bash_decorator.py took 0.125 seconds
[2024-10-13T14:11:53.125+0100] {processor.py:186} INFO - Started process (PID=67407) to work on /opt/homebrew/Caskroom/miniconda/base/envs/airflow_env/lib/python3.9/site-packages/airflow/example_dags/example_bash_decorator.py
[2024-10-13T14:11:53.125+0100] {processor.py:914} INFO - Processing file /opt/homebrew/Caskroom/miniconda/base/envs/airflow_env/lib/python3.9/site-packages/airflow/example_dags/example_bash_decorator.py for tasks to queue
[2024-10-13T14:11:53.125+0100] {logging_mixin.py:190} INFO - [2024-10-13T14:11:53.125+0100] {dagbag.py:588} INFO - Filling up the DagBag from /opt/homebrew/Caskroom/miniconda/base/envs/airflow_env/lib/python3.9/site-packages/airflow/example_dags/example_bash_decorator.py
[2024-10-13T14:11:53.170+0100] {processor.py:925} INFO - DAG(s) 'example_bash_decorator' retrieved from /opt/homebrew/Caskroom/miniconda/base/envs/airflow_env/lib/python3.9/site-packages/airflow/example_dags/example_bash_decorator.py
[2024-10-13T14:11:53.250+0100] {logging_mixin.py:190} INFO - [2024-10-13T14:11:53.250+0100] {dag.py:3239} INFO - Sync 1 DAGs
[2024-10-13T14:11:53.255+0100] {logging_mixin.py:190} INFO - [2024-10-13T14:11:53.255+0100] {dag.py:4180} INFO - Setting next_dagrun for example_bash_decorator to None, run_after=None
[2024-10-13T14:11:53.261+0100] {processor.py:208} INFO - Processing /opt/homebrew/Caskroom/miniconda/base/envs/airflow_env/lib/python3.9/site-packages/airflow/example_dags/example_bash_decorator.py took 0.138 seconds
[2024-10-13T14:14:00.462+0100] {processor.py:186} INFO - Started process (PID=67575) to work on /opt/homebrew/Caskroom/miniconda/base/envs/airflow_env/lib/python3.9/site-packages/airflow/example_dags/example_bash_decorator.py
[2024-10-13T14:14:00.463+0100] {processor.py:914} INFO - Processing file /opt/homebrew/Caskroom/miniconda/base/envs/airflow_env/lib/python3.9/site-packages/airflow/example_dags/example_bash_decorator.py for tasks to queue
[2024-10-13T14:14:00.463+0100] {logging_mixin.py:190} INFO - [2024-10-13T14:14:00.463+0100] {dagbag.py:588} INFO - Filling up the DagBag from /opt/homebrew/Caskroom/miniconda/base/envs/airflow_env/lib/python3.9/site-packages/airflow/example_dags/example_bash_decorator.py
[2024-10-13T14:14:00.497+0100] {processor.py:925} INFO - DAG(s) 'example_bash_decorator' retrieved from /opt/homebrew/Caskroom/miniconda/base/envs/airflow_env/lib/python3.9/site-packages/airflow/example_dags/example_bash_decorator.py
[2024-10-13T14:14:00.569+0100] {logging_mixin.py:190} INFO - [2024-10-13T14:14:00.569+0100] {dag.py:3239} INFO - Sync 1 DAGs
[2024-10-13T14:14:00.573+0100] {logging_mixin.py:190} INFO - [2024-10-13T14:14:00.573+0100] {dag.py:4180} INFO - Setting next_dagrun for example_bash_decorator to None, run_after=None
[2024-10-13T14:14:00.582+0100] {processor.py:208} INFO - Processing /opt/homebrew/Caskroom/miniconda/base/envs/airflow_env/lib/python3.9/site-packages/airflow/example_dags/example_bash_decorator.py took 0.121 seconds
[2024-10-13T14:16:12.528+0100] {processor.py:186} INFO - Started process (PID=67689) to work on /opt/homebrew/Caskroom/miniconda/base/envs/airflow_env/lib/python3.9/site-packages/airflow/example_dags/example_bash_decorator.py
[2024-10-13T14:16:12.529+0100] {processor.py:914} INFO - Processing file /opt/homebrew/Caskroom/miniconda/base/envs/airflow_env/lib/python3.9/site-packages/airflow/example_dags/example_bash_decorator.py for tasks to queue
[2024-10-13T14:16:12.529+0100] {logging_mixin.py:190} INFO - [2024-10-13T14:16:12.529+0100] {dagbag.py:588} INFO - Filling up the DagBag from /opt/homebrew/Caskroom/miniconda/base/envs/airflow_env/lib/python3.9/site-packages/airflow/example_dags/example_bash_decorator.py
[2024-10-13T14:16:12.568+0100] {processor.py:925} INFO - DAG(s) 'example_bash_decorator' retrieved from /opt/homebrew/Caskroom/miniconda/base/envs/airflow_env/lib/python3.9/site-packages/airflow/example_dags/example_bash_decorator.py
[2024-10-13T14:16:12.649+0100] {logging_mixin.py:190} INFO - [2024-10-13T14:16:12.649+0100] {dag.py:3239} INFO - Sync 1 DAGs
[2024-10-13T14:16:12.653+0100] {logging_mixin.py:190} INFO - [2024-10-13T14:16:12.653+0100] {dag.py:4180} INFO - Setting next_dagrun for example_bash_decorator to None, run_after=None
[2024-10-13T14:16:12.661+0100] {processor.py:208} INFO - Processing /opt/homebrew/Caskroom/miniconda/base/envs/airflow_env/lib/python3.9/site-packages/airflow/example_dags/example_bash_decorator.py took 0.135 seconds
[2024-10-13T15:13:38.670+0100] {processor.py:186} INFO - Started process (PID=67899) to work on /opt/homebrew/Caskroom/miniconda/base/envs/airflow_env/lib/python3.9/site-packages/airflow/example_dags/example_bash_decorator.py
[2024-10-13T15:13:38.670+0100] {processor.py:914} INFO - Processing file /opt/homebrew/Caskroom/miniconda/base/envs/airflow_env/lib/python3.9/site-packages/airflow/example_dags/example_bash_decorator.py for tasks to queue
[2024-10-13T15:13:38.671+0100] {logging_mixin.py:190} INFO - [2024-10-13T15:13:38.670+0100] {dagbag.py:588} INFO - Filling up the DagBag from /opt/homebrew/Caskroom/miniconda/base/envs/airflow_env/lib/python3.9/site-packages/airflow/example_dags/example_bash_decorator.py
[2024-10-13T15:13:38.705+0100] {processor.py:925} INFO - DAG(s) 'example_bash_decorator' retrieved from /opt/homebrew/Caskroom/miniconda/base/envs/airflow_env/lib/python3.9/site-packages/airflow/example_dags/example_bash_decorator.py
[2024-10-13T15:13:38.779+0100] {logging_mixin.py:190} INFO - [2024-10-13T15:13:38.779+0100] {dag.py:3239} INFO - Sync 1 DAGs
[2024-10-13T15:13:38.783+0100] {logging_mixin.py:190} INFO - [2024-10-13T15:13:38.783+0100] {dag.py:4180} INFO - Setting next_dagrun for example_bash_decorator to None, run_after=None
[2024-10-13T15:13:38.790+0100] {processor.py:208} INFO - Processing /opt/homebrew/Caskroom/miniconda/base/envs/airflow_env/lib/python3.9/site-packages/airflow/example_dags/example_bash_decorator.py took 0.122 seconds
[2024-10-13T15:16:00.952+0100] {processor.py:186} INFO - Started process (PID=68070) to work on /opt/homebrew/Caskroom/miniconda/base/envs/airflow_env/lib/python3.9/site-packages/airflow/example_dags/example_bash_decorator.py
[2024-10-13T15:16:00.952+0100] {processor.py:914} INFO - Processing file /opt/homebrew/Caskroom/miniconda/base/envs/airflow_env/lib/python3.9/site-packages/airflow/example_dags/example_bash_decorator.py for tasks to queue
[2024-10-13T15:16:00.953+0100] {logging_mixin.py:190} INFO - [2024-10-13T15:16:00.953+0100] {dagbag.py:588} INFO - Filling up the DagBag from /opt/homebrew/Caskroom/miniconda/base/envs/airflow_env/lib/python3.9/site-packages/airflow/example_dags/example_bash_decorator.py
[2024-10-13T15:16:00.988+0100] {processor.py:925} INFO - DAG(s) 'example_bash_decorator' retrieved from /opt/homebrew/Caskroom/miniconda/base/envs/airflow_env/lib/python3.9/site-packages/airflow/example_dags/example_bash_decorator.py
[2024-10-13T15:16:01.063+0100] {logging_mixin.py:190} INFO - [2024-10-13T15:16:01.063+0100] {dag.py:3239} INFO - Sync 1 DAGs
[2024-10-13T15:16:01.067+0100] {logging_mixin.py:190} INFO - [2024-10-13T15:16:01.067+0100] {dag.py:4180} INFO - Setting next_dagrun for example_bash_decorator to None, run_after=None
[2024-10-13T15:16:01.073+0100] {processor.py:208} INFO - Processing /opt/homebrew/Caskroom/miniconda/base/envs/airflow_env/lib/python3.9/site-packages/airflow/example_dags/example_bash_decorator.py took 0.124 seconds
[2024-10-13T15:18:11.829+0100] {processor.py:186} INFO - Started process (PID=68191) to work on /opt/homebrew/Caskroom/miniconda/base/envs/airflow_env/lib/python3.9/site-packages/airflow/example_dags/example_bash_decorator.py
[2024-10-13T15:18:11.831+0100] {processor.py:914} INFO - Processing file /opt/homebrew/Caskroom/miniconda/base/envs/airflow_env/lib/python3.9/site-packages/airflow/example_dags/example_bash_decorator.py for tasks to queue
[2024-10-13T15:18:11.831+0100] {logging_mixin.py:190} INFO - [2024-10-13T15:18:11.831+0100] {dagbag.py:588} INFO - Filling up the DagBag from /opt/homebrew/Caskroom/miniconda/base/envs/airflow_env/lib/python3.9/site-packages/airflow/example_dags/example_bash_decorator.py
[2024-10-13T15:18:11.864+0100] {processor.py:925} INFO - DAG(s) 'example_bash_decorator' retrieved from /opt/homebrew/Caskroom/miniconda/base/envs/airflow_env/lib/python3.9/site-packages/airflow/example_dags/example_bash_decorator.py
[2024-10-13T15:18:11.938+0100] {logging_mixin.py:190} INFO - [2024-10-13T15:18:11.938+0100] {dag.py:3239} INFO - Sync 1 DAGs
[2024-10-13T15:18:11.943+0100] {logging_mixin.py:190} INFO - [2024-10-13T15:18:11.943+0100] {dag.py:4180} INFO - Setting next_dagrun for example_bash_decorator to None, run_after=None
[2024-10-13T15:18:11.950+0100] {processor.py:208} INFO - Processing /opt/homebrew/Caskroom/miniconda/base/envs/airflow_env/lib/python3.9/site-packages/airflow/example_dags/example_bash_decorator.py took 0.122 seconds
[2024-10-13T15:20:25.849+0100] {processor.py:186} INFO - Started process (PID=68326) to work on /opt/homebrew/Caskroom/miniconda/base/envs/airflow_env/lib/python3.9/site-packages/airflow/example_dags/example_bash_decorator.py
[2024-10-13T15:20:25.850+0100] {processor.py:914} INFO - Processing file /opt/homebrew/Caskroom/miniconda/base/envs/airflow_env/lib/python3.9/site-packages/airflow/example_dags/example_bash_decorator.py for tasks to queue
[2024-10-13T15:20:25.850+0100] {logging_mixin.py:190} INFO - [2024-10-13T15:20:25.850+0100] {dagbag.py:588} INFO - Filling up the DagBag from /opt/homebrew/Caskroom/miniconda/base/envs/airflow_env/lib/python3.9/site-packages/airflow/example_dags/example_bash_decorator.py
[2024-10-13T15:20:25.890+0100] {processor.py:925} INFO - DAG(s) 'example_bash_decorator' retrieved from /opt/homebrew/Caskroom/miniconda/base/envs/airflow_env/lib/python3.9/site-packages/airflow/example_dags/example_bash_decorator.py
[2024-10-13T15:20:25.971+0100] {logging_mixin.py:190} INFO - [2024-10-13T15:20:25.971+0100] {dag.py:3239} INFO - Sync 1 DAGs
[2024-10-13T15:20:25.975+0100] {logging_mixin.py:190} INFO - [2024-10-13T15:20:25.975+0100] {dag.py:4180} INFO - Setting next_dagrun for example_bash_decorator to None, run_after=None
[2024-10-13T15:20:25.981+0100] {processor.py:208} INFO - Processing /opt/homebrew/Caskroom/miniconda/base/envs/airflow_env/lib/python3.9/site-packages/airflow/example_dags/example_bash_decorator.py took 0.134 seconds
[2024-10-13T15:22:32.060+0100] {processor.py:186} INFO - Started process (PID=68528) to work on /opt/homebrew/Caskroom/miniconda/base/envs/airflow_env/lib/python3.9/site-packages/airflow/example_dags/example_bash_decorator.py
[2024-10-13T15:22:32.061+0100] {processor.py:914} INFO - Processing file /opt/homebrew/Caskroom/miniconda/base/envs/airflow_env/lib/python3.9/site-packages/airflow/example_dags/example_bash_decorator.py for tasks to queue
[2024-10-13T15:22:32.061+0100] {logging_mixin.py:190} INFO - [2024-10-13T15:22:32.061+0100] {dagbag.py:588} INFO - Filling up the DagBag from /opt/homebrew/Caskroom/miniconda/base/envs/airflow_env/lib/python3.9/site-packages/airflow/example_dags/example_bash_decorator.py
[2024-10-13T15:22:32.100+0100] {processor.py:925} INFO - DAG(s) 'example_bash_decorator' retrieved from /opt/homebrew/Caskroom/miniconda/base/envs/airflow_env/lib/python3.9/site-packages/airflow/example_dags/example_bash_decorator.py
[2024-10-13T15:22:32.177+0100] {logging_mixin.py:190} INFO - [2024-10-13T15:22:32.177+0100] {dag.py:3239} INFO - Sync 1 DAGs
[2024-10-13T15:22:32.181+0100] {logging_mixin.py:190} INFO - [2024-10-13T15:22:32.180+0100] {dag.py:4180} INFO - Setting next_dagrun for example_bash_decorator to None, run_after=None
[2024-10-13T15:22:32.187+0100] {processor.py:208} INFO - Processing /opt/homebrew/Caskroom/miniconda/base/envs/airflow_env/lib/python3.9/site-packages/airflow/example_dags/example_bash_decorator.py took 0.128 seconds
[2024-10-13T15:24:40.865+0100] {processor.py:186} INFO - Started process (PID=68658) to work on /opt/homebrew/Caskroom/miniconda/base/envs/airflow_env/lib/python3.9/site-packages/airflow/example_dags/example_bash_decorator.py
[2024-10-13T15:24:40.866+0100] {processor.py:914} INFO - Processing file /opt/homebrew/Caskroom/miniconda/base/envs/airflow_env/lib/python3.9/site-packages/airflow/example_dags/example_bash_decorator.py for tasks to queue
[2024-10-13T15:24:40.866+0100] {logging_mixin.py:190} INFO - [2024-10-13T15:24:40.866+0100] {dagbag.py:588} INFO - Filling up the DagBag from /opt/homebrew/Caskroom/miniconda/base/envs/airflow_env/lib/python3.9/site-packages/airflow/example_dags/example_bash_decorator.py
[2024-10-13T15:24:40.903+0100] {processor.py:925} INFO - DAG(s) 'example_bash_decorator' retrieved from /opt/homebrew/Caskroom/miniconda/base/envs/airflow_env/lib/python3.9/site-packages/airflow/example_dags/example_bash_decorator.py
[2024-10-13T15:24:40.978+0100] {logging_mixin.py:190} INFO - [2024-10-13T15:24:40.978+0100] {dag.py:3239} INFO - Sync 1 DAGs
[2024-10-13T15:24:40.982+0100] {logging_mixin.py:190} INFO - [2024-10-13T15:24:40.982+0100] {dag.py:4180} INFO - Setting next_dagrun for example_bash_decorator to None, run_after=None
[2024-10-13T15:24:40.989+0100] {processor.py:208} INFO - Processing /opt/homebrew/Caskroom/miniconda/base/envs/airflow_env/lib/python3.9/site-packages/airflow/example_dags/example_bash_decorator.py took 0.126 seconds
[2024-10-13T15:26:48.818+0100] {processor.py:186} INFO - Started process (PID=68821) to work on /opt/homebrew/Caskroom/miniconda/base/envs/airflow_env/lib/python3.9/site-packages/airflow/example_dags/example_bash_decorator.py
[2024-10-13T15:26:48.818+0100] {processor.py:914} INFO - Processing file /opt/homebrew/Caskroom/miniconda/base/envs/airflow_env/lib/python3.9/site-packages/airflow/example_dags/example_bash_decorator.py for tasks to queue
[2024-10-13T15:26:48.819+0100] {logging_mixin.py:190} INFO - [2024-10-13T15:26:48.819+0100] {dagbag.py:588} INFO - Filling up the DagBag from /opt/homebrew/Caskroom/miniconda/base/envs/airflow_env/lib/python3.9/site-packages/airflow/example_dags/example_bash_decorator.py
[2024-10-13T15:26:48.854+0100] {processor.py:925} INFO - DAG(s) 'example_bash_decorator' retrieved from /opt/homebrew/Caskroom/miniconda/base/envs/airflow_env/lib/python3.9/site-packages/airflow/example_dags/example_bash_decorator.py
[2024-10-13T15:26:48.929+0100] {logging_mixin.py:190} INFO - [2024-10-13T15:26:48.929+0100] {dag.py:3239} INFO - Sync 1 DAGs
[2024-10-13T15:26:48.934+0100] {logging_mixin.py:190} INFO - [2024-10-13T15:26:48.933+0100] {dag.py:4180} INFO - Setting next_dagrun for example_bash_decorator to None, run_after=None
[2024-10-13T15:26:48.942+0100] {processor.py:208} INFO - Processing /opt/homebrew/Caskroom/miniconda/base/envs/airflow_env/lib/python3.9/site-packages/airflow/example_dags/example_bash_decorator.py took 0.126 seconds
