[2024-10-13T14:08:33.889+0100] {processor.py:186} INFO - Started process (PID=67187) to work on /opt/homebrew/Caskroom/miniconda/base/envs/airflow_env/lib/python3.9/site-packages/airflow/example_dags/example_task_group_decorator.py
[2024-10-13T14:08:33.893+0100] {processor.py:914} INFO - Processing file /opt/homebrew/Caskroom/miniconda/base/envs/airflow_env/lib/python3.9/site-packages/airflow/example_dags/example_task_group_decorator.py for tasks to queue
[2024-10-13T14:08:33.893+0100] {logging_mixin.py:190} INFO - [2024-10-13T14:08:33.893+0100] {dagbag.py:588} INFO - Filling up the DagBag from /opt/homebrew/Caskroom/miniconda/base/envs/airflow_env/lib/python3.9/site-packages/airflow/example_dags/example_task_group_decorator.py
[2024-10-13T14:08:33.929+0100] {processor.py:925} INFO - DAG(s) 'example_task_group_decorator' retrieved from /opt/homebrew/Caskroom/miniconda/base/envs/airflow_env/lib/python3.9/site-packages/airflow/example_dags/example_task_group_decorator.py
[2024-10-13T14:08:33.999+0100] {logging_mixin.py:190} INFO - [2024-10-13T14:08:33.998+0100] {override.py:1901} INFO - Created Permission View: can delete on DAG:example_task_group_decorator
[2024-10-13T14:08:34.002+0100] {logging_mixin.py:190} INFO - [2024-10-13T14:08:34.002+0100] {override.py:1901} INFO - Created Permission View: can edit on DAG:example_task_group_decorator
[2024-10-13T14:08:34.004+0100] {logging_mixin.py:190} INFO - [2024-10-13T14:08:34.004+0100] {override.py:1901} INFO - Created Permission View: can read on DAG:example_task_group_decorator
[2024-10-13T14:08:34.007+0100] {logging_mixin.py:190} INFO - [2024-10-13T14:08:34.006+0100] {override.py:1901} INFO - Created Permission View: can delete on DAG Run:example_task_group_decorator
[2024-10-13T14:08:34.008+0100] {logging_mixin.py:190} INFO - [2024-10-13T14:08:34.008+0100] {override.py:1901} INFO - Created Permission View: can read on DAG Run:example_task_group_decorator
[2024-10-13T14:08:34.010+0100] {logging_mixin.py:190} INFO - [2024-10-13T14:08:34.010+0100] {override.py:1901} INFO - Created Permission View: can create on DAG Run:example_task_group_decorator
[2024-10-13T14:08:34.012+0100] {logging_mixin.py:190} INFO - [2024-10-13T14:08:34.012+0100] {override.py:1901} INFO - Created Permission View: menu access on DAG Run:example_task_group_decorator
[2024-10-13T14:08:34.012+0100] {logging_mixin.py:190} INFO - [2024-10-13T14:08:34.012+0100] {dag.py:3239} INFO - Sync 1 DAGs
[2024-10-13T14:08:34.017+0100] {logging_mixin.py:190} INFO - [2024-10-13T14:08:34.017+0100] {dag.py:3262} INFO - Creating ORM DAG for example_task_group_decorator
[2024-10-13T14:08:34.017+0100] {logging_mixin.py:190} INFO - [2024-10-13T14:08:34.017+0100] {dag.py:4180} INFO - Setting next_dagrun for example_task_group_decorator to None, run_after=None
[2024-10-13T14:08:34.023+0100] {processor.py:208} INFO - Processing /opt/homebrew/Caskroom/miniconda/base/envs/airflow_env/lib/python3.9/site-packages/airflow/example_dags/example_task_group_decorator.py took 0.136 seconds
[2024-10-13T14:10:11.308+0100] {processor.py:186} INFO - Started process (PID=67298) to work on /opt/homebrew/Caskroom/miniconda/base/envs/airflow_env/lib/python3.9/site-packages/airflow/example_dags/example_task_group_decorator.py
[2024-10-13T14:10:11.308+0100] {processor.py:914} INFO - Processing file /opt/homebrew/Caskroom/miniconda/base/envs/airflow_env/lib/python3.9/site-packages/airflow/example_dags/example_task_group_decorator.py for tasks to queue
[2024-10-13T14:10:11.309+0100] {logging_mixin.py:190} INFO - [2024-10-13T14:10:11.309+0100] {dagbag.py:588} INFO - Filling up the DagBag from /opt/homebrew/Caskroom/miniconda/base/envs/airflow_env/lib/python3.9/site-packages/airflow/example_dags/example_task_group_decorator.py
[2024-10-13T14:10:11.341+0100] {processor.py:925} INFO - DAG(s) 'example_task_group_decorator' retrieved from /opt/homebrew/Caskroom/miniconda/base/envs/airflow_env/lib/python3.9/site-packages/airflow/example_dags/example_task_group_decorator.py
[2024-10-13T14:10:11.376+0100] {logging_mixin.py:190} INFO - [2024-10-13T14:10:11.376+0100] {dag.py:3239} INFO - Sync 1 DAGs
[2024-10-13T14:10:11.380+0100] {logging_mixin.py:190} INFO - [2024-10-13T14:10:11.380+0100] {dag.py:4180} INFO - Setting next_dagrun for example_task_group_decorator to None, run_after=None
[2024-10-13T14:10:11.386+0100] {processor.py:208} INFO - Processing /opt/homebrew/Caskroom/miniconda/base/envs/airflow_env/lib/python3.9/site-packages/airflow/example_dags/example_task_group_decorator.py took 0.080 seconds
[2024-10-13T14:11:17.294+0100] {processor.py:186} INFO - Started process (PID=67367) to work on /opt/homebrew/Caskroom/miniconda/base/envs/airflow_env/lib/python3.9/site-packages/airflow/example_dags/example_task_group_decorator.py
[2024-10-13T14:11:17.295+0100] {processor.py:914} INFO - Processing file /opt/homebrew/Caskroom/miniconda/base/envs/airflow_env/lib/python3.9/site-packages/airflow/example_dags/example_task_group_decorator.py for tasks to queue
[2024-10-13T14:11:17.295+0100] {logging_mixin.py:190} INFO - [2024-10-13T14:11:17.295+0100] {dagbag.py:588} INFO - Filling up the DagBag from /opt/homebrew/Caskroom/miniconda/base/envs/airflow_env/lib/python3.9/site-packages/airflow/example_dags/example_task_group_decorator.py
[2024-10-13T14:11:17.328+0100] {processor.py:925} INFO - DAG(s) 'example_task_group_decorator' retrieved from /opt/homebrew/Caskroom/miniconda/base/envs/airflow_env/lib/python3.9/site-packages/airflow/example_dags/example_task_group_decorator.py
[2024-10-13T14:11:17.365+0100] {logging_mixin.py:190} INFO - [2024-10-13T14:11:17.364+0100] {dag.py:3239} INFO - Sync 1 DAGs
[2024-10-13T14:11:17.369+0100] {logging_mixin.py:190} INFO - [2024-10-13T14:11:17.369+0100] {dag.py:4180} INFO - Setting next_dagrun for example_task_group_decorator to None, run_after=None
[2024-10-13T14:11:17.375+0100] {processor.py:208} INFO - Processing /opt/homebrew/Caskroom/miniconda/base/envs/airflow_env/lib/python3.9/site-packages/airflow/example_dags/example_task_group_decorator.py took 0.083 seconds
[2024-10-13T14:12:20.787+0100] {processor.py:186} INFO - Started process (PID=67450) to work on /opt/homebrew/Caskroom/miniconda/base/envs/airflow_env/lib/python3.9/site-packages/airflow/example_dags/example_task_group_decorator.py
[2024-10-13T14:12:20.788+0100] {processor.py:914} INFO - Processing file /opt/homebrew/Caskroom/miniconda/base/envs/airflow_env/lib/python3.9/site-packages/airflow/example_dags/example_task_group_decorator.py for tasks to queue
[2024-10-13T14:12:20.788+0100] {logging_mixin.py:190} INFO - [2024-10-13T14:12:20.788+0100] {dagbag.py:588} INFO - Filling up the DagBag from /opt/homebrew/Caskroom/miniconda/base/envs/airflow_env/lib/python3.9/site-packages/airflow/example_dags/example_task_group_decorator.py
[2024-10-13T14:12:20.822+0100] {processor.py:925} INFO - DAG(s) 'example_task_group_decorator' retrieved from /opt/homebrew/Caskroom/miniconda/base/envs/airflow_env/lib/python3.9/site-packages/airflow/example_dags/example_task_group_decorator.py
[2024-10-13T14:12:20.858+0100] {logging_mixin.py:190} INFO - [2024-10-13T14:12:20.858+0100] {dag.py:3239} INFO - Sync 1 DAGs
[2024-10-13T14:12:20.863+0100] {logging_mixin.py:190} INFO - [2024-10-13T14:12:20.863+0100] {dag.py:4180} INFO - Setting next_dagrun for example_task_group_decorator to None, run_after=None
[2024-10-13T14:12:20.869+0100] {processor.py:208} INFO - Processing /opt/homebrew/Caskroom/miniconda/base/envs/airflow_env/lib/python3.9/site-packages/airflow/example_dags/example_task_group_decorator.py took 0.083 seconds
[2024-10-13T14:13:23.136+0100] {processor.py:186} INFO - Started process (PID=67536) to work on /opt/homebrew/Caskroom/miniconda/base/envs/airflow_env/lib/python3.9/site-packages/airflow/example_dags/example_task_group_decorator.py
[2024-10-13T14:13:23.136+0100] {processor.py:914} INFO - Processing file /opt/homebrew/Caskroom/miniconda/base/envs/airflow_env/lib/python3.9/site-packages/airflow/example_dags/example_task_group_decorator.py for tasks to queue
[2024-10-13T14:13:23.137+0100] {logging_mixin.py:190} INFO - [2024-10-13T14:13:23.136+0100] {dagbag.py:588} INFO - Filling up the DagBag from /opt/homebrew/Caskroom/miniconda/base/envs/airflow_env/lib/python3.9/site-packages/airflow/example_dags/example_task_group_decorator.py
[2024-10-13T14:13:23.169+0100] {processor.py:925} INFO - DAG(s) 'example_task_group_decorator' retrieved from /opt/homebrew/Caskroom/miniconda/base/envs/airflow_env/lib/python3.9/site-packages/airflow/example_dags/example_task_group_decorator.py
[2024-10-13T14:13:23.204+0100] {logging_mixin.py:190} INFO - [2024-10-13T14:13:23.204+0100] {dag.py:3239} INFO - Sync 1 DAGs
[2024-10-13T14:13:23.209+0100] {logging_mixin.py:190} INFO - [2024-10-13T14:13:23.208+0100] {dag.py:4180} INFO - Setting next_dagrun for example_task_group_decorator to None, run_after=None
[2024-10-13T14:13:23.216+0100] {processor.py:208} INFO - Processing /opt/homebrew/Caskroom/miniconda/base/envs/airflow_env/lib/python3.9/site-packages/airflow/example_dags/example_task_group_decorator.py took 0.082 seconds
[2024-10-13T14:14:28.057+0100] {processor.py:186} INFO - Started process (PID=67600) to work on /opt/homebrew/Caskroom/miniconda/base/envs/airflow_env/lib/python3.9/site-packages/airflow/example_dags/example_task_group_decorator.py
[2024-10-13T14:14:28.057+0100] {processor.py:914} INFO - Processing file /opt/homebrew/Caskroom/miniconda/base/envs/airflow_env/lib/python3.9/site-packages/airflow/example_dags/example_task_group_decorator.py for tasks to queue
[2024-10-13T14:14:28.058+0100] {logging_mixin.py:190} INFO - [2024-10-13T14:14:28.057+0100] {dagbag.py:588} INFO - Filling up the DagBag from /opt/homebrew/Caskroom/miniconda/base/envs/airflow_env/lib/python3.9/site-packages/airflow/example_dags/example_task_group_decorator.py
[2024-10-13T14:14:28.091+0100] {processor.py:925} INFO - DAG(s) 'example_task_group_decorator' retrieved from /opt/homebrew/Caskroom/miniconda/base/envs/airflow_env/lib/python3.9/site-packages/airflow/example_dags/example_task_group_decorator.py
[2024-10-13T14:14:28.126+0100] {logging_mixin.py:190} INFO - [2024-10-13T14:14:28.126+0100] {dag.py:3239} INFO - Sync 1 DAGs
[2024-10-13T14:14:28.130+0100] {logging_mixin.py:190} INFO - [2024-10-13T14:14:28.130+0100] {dag.py:4180} INFO - Setting next_dagrun for example_task_group_decorator to None, run_after=None
[2024-10-13T14:14:28.136+0100] {processor.py:208} INFO - Processing /opt/homebrew/Caskroom/miniconda/base/envs/airflow_env/lib/python3.9/site-packages/airflow/example_dags/example_task_group_decorator.py took 0.081 seconds
[2024-10-13T14:15:34.132+0100] {processor.py:186} INFO - Started process (PID=67662) to work on /opt/homebrew/Caskroom/miniconda/base/envs/airflow_env/lib/python3.9/site-packages/airflow/example_dags/example_task_group_decorator.py
[2024-10-13T14:15:34.133+0100] {processor.py:914} INFO - Processing file /opt/homebrew/Caskroom/miniconda/base/envs/airflow_env/lib/python3.9/site-packages/airflow/example_dags/example_task_group_decorator.py for tasks to queue
[2024-10-13T14:15:34.134+0100] {logging_mixin.py:190} INFO - [2024-10-13T14:15:34.134+0100] {dagbag.py:588} INFO - Filling up the DagBag from /opt/homebrew/Caskroom/miniconda/base/envs/airflow_env/lib/python3.9/site-packages/airflow/example_dags/example_task_group_decorator.py
[2024-10-13T14:15:34.176+0100] {processor.py:925} INFO - DAG(s) 'example_task_group_decorator' retrieved from /opt/homebrew/Caskroom/miniconda/base/envs/airflow_env/lib/python3.9/site-packages/airflow/example_dags/example_task_group_decorator.py
[2024-10-13T14:15:34.216+0100] {logging_mixin.py:190} INFO - [2024-10-13T14:15:34.216+0100] {dag.py:3239} INFO - Sync 1 DAGs
[2024-10-13T14:15:34.220+0100] {logging_mixin.py:190} INFO - [2024-10-13T14:15:34.220+0100] {dag.py:4180} INFO - Setting next_dagrun for example_task_group_decorator to None, run_after=None
[2024-10-13T14:15:34.227+0100] {processor.py:208} INFO - Processing /opt/homebrew/Caskroom/miniconda/base/envs/airflow_env/lib/python3.9/site-packages/airflow/example_dags/example_task_group_decorator.py took 0.098 seconds
[2024-10-13T14:16:42.451+0100] {processor.py:186} INFO - Started process (PID=67722) to work on /opt/homebrew/Caskroom/miniconda/base/envs/airflow_env/lib/python3.9/site-packages/airflow/example_dags/example_task_group_decorator.py
[2024-10-13T14:16:42.452+0100] {processor.py:914} INFO - Processing file /opt/homebrew/Caskroom/miniconda/base/envs/airflow_env/lib/python3.9/site-packages/airflow/example_dags/example_task_group_decorator.py for tasks to queue
[2024-10-13T14:16:42.452+0100] {logging_mixin.py:190} INFO - [2024-10-13T14:16:42.452+0100] {dagbag.py:588} INFO - Filling up the DagBag from /opt/homebrew/Caskroom/miniconda/base/envs/airflow_env/lib/python3.9/site-packages/airflow/example_dags/example_task_group_decorator.py
[2024-10-13T14:16:42.487+0100] {processor.py:925} INFO - DAG(s) 'example_task_group_decorator' retrieved from /opt/homebrew/Caskroom/miniconda/base/envs/airflow_env/lib/python3.9/site-packages/airflow/example_dags/example_task_group_decorator.py
[2024-10-13T14:16:42.523+0100] {logging_mixin.py:190} INFO - [2024-10-13T14:16:42.523+0100] {dag.py:3239} INFO - Sync 1 DAGs
[2024-10-13T14:16:42.527+0100] {logging_mixin.py:190} INFO - [2024-10-13T14:16:42.527+0100] {dag.py:4180} INFO - Setting next_dagrun for example_task_group_decorator to None, run_after=None
[2024-10-13T14:16:42.533+0100] {processor.py:208} INFO - Processing /opt/homebrew/Caskroom/miniconda/base/envs/airflow_env/lib/python3.9/site-packages/airflow/example_dags/example_task_group_decorator.py took 0.083 seconds
[2024-10-13T14:19:46.716+0100] {processor.py:186} INFO - Started process (PID=67787) to work on /opt/homebrew/Caskroom/miniconda/base/envs/airflow_env/lib/python3.9/site-packages/airflow/example_dags/example_task_group_decorator.py
[2024-10-13T14:19:46.717+0100] {processor.py:914} INFO - Processing file /opt/homebrew/Caskroom/miniconda/base/envs/airflow_env/lib/python3.9/site-packages/airflow/example_dags/example_task_group_decorator.py for tasks to queue
[2024-10-13T14:19:46.717+0100] {logging_mixin.py:190} INFO - [2024-10-13T14:19:46.717+0100] {dagbag.py:588} INFO - Filling up the DagBag from /opt/homebrew/Caskroom/miniconda/base/envs/airflow_env/lib/python3.9/site-packages/airflow/example_dags/example_task_group_decorator.py
[2024-10-13T14:19:46.749+0100] {processor.py:925} INFO - DAG(s) 'example_task_group_decorator' retrieved from /opt/homebrew/Caskroom/miniconda/base/envs/airflow_env/lib/python3.9/site-packages/airflow/example_dags/example_task_group_decorator.py
[2024-10-13T14:19:46.783+0100] {logging_mixin.py:190} INFO - [2024-10-13T14:19:46.783+0100] {dag.py:3239} INFO - Sync 1 DAGs
[2024-10-13T14:19:46.787+0100] {logging_mixin.py:190} INFO - [2024-10-13T14:19:46.787+0100] {dag.py:4180} INFO - Setting next_dagrun for example_task_group_decorator to None, run_after=None
[2024-10-13T14:19:46.793+0100] {processor.py:208} INFO - Processing /opt/homebrew/Caskroom/miniconda/base/envs/airflow_env/lib/python3.9/site-packages/airflow/example_dags/example_task_group_decorator.py took 0.079 seconds
[2024-10-13T15:14:08.980+0100] {processor.py:186} INFO - Started process (PID=67957) to work on /opt/homebrew/Caskroom/miniconda/base/envs/airflow_env/lib/python3.9/site-packages/airflow/example_dags/example_task_group_decorator.py
[2024-10-13T15:14:08.981+0100] {processor.py:914} INFO - Processing file /opt/homebrew/Caskroom/miniconda/base/envs/airflow_env/lib/python3.9/site-packages/airflow/example_dags/example_task_group_decorator.py for tasks to queue
[2024-10-13T15:14:08.981+0100] {logging_mixin.py:190} INFO - [2024-10-13T15:14:08.981+0100] {dagbag.py:588} INFO - Filling up the DagBag from /opt/homebrew/Caskroom/miniconda/base/envs/airflow_env/lib/python3.9/site-packages/airflow/example_dags/example_task_group_decorator.py
[2024-10-13T15:14:09.017+0100] {processor.py:925} INFO - DAG(s) 'example_task_group_decorator' retrieved from /opt/homebrew/Caskroom/miniconda/base/envs/airflow_env/lib/python3.9/site-packages/airflow/example_dags/example_task_group_decorator.py
[2024-10-13T15:14:09.057+0100] {logging_mixin.py:190} INFO - [2024-10-13T15:14:09.057+0100] {dag.py:3239} INFO - Sync 1 DAGs
[2024-10-13T15:14:09.062+0100] {logging_mixin.py:190} INFO - [2024-10-13T15:14:09.061+0100] {dag.py:4180} INFO - Setting next_dagrun for example_task_group_decorator to None, run_after=None
[2024-10-13T15:14:09.069+0100] {processor.py:208} INFO - Processing /opt/homebrew/Caskroom/miniconda/base/envs/airflow_env/lib/python3.9/site-packages/airflow/example_dags/example_task_group_decorator.py took 0.091 seconds
[2024-10-13T15:15:23.824+0100] {processor.py:186} INFO - Started process (PID=68043) to work on /opt/homebrew/Caskroom/miniconda/base/envs/airflow_env/lib/python3.9/site-packages/airflow/example_dags/example_task_group_decorator.py
[2024-10-13T15:15:23.825+0100] {processor.py:914} INFO - Processing file /opt/homebrew/Caskroom/miniconda/base/envs/airflow_env/lib/python3.9/site-packages/airflow/example_dags/example_task_group_decorator.py for tasks to queue
[2024-10-13T15:15:23.825+0100] {logging_mixin.py:190} INFO - [2024-10-13T15:15:23.825+0100] {dagbag.py:588} INFO - Filling up the DagBag from /opt/homebrew/Caskroom/miniconda/base/envs/airflow_env/lib/python3.9/site-packages/airflow/example_dags/example_task_group_decorator.py
[2024-10-13T15:15:23.857+0100] {processor.py:925} INFO - DAG(s) 'example_task_group_decorator' retrieved from /opt/homebrew/Caskroom/miniconda/base/envs/airflow_env/lib/python3.9/site-packages/airflow/example_dags/example_task_group_decorator.py
[2024-10-13T15:15:23.892+0100] {logging_mixin.py:190} INFO - [2024-10-13T15:15:23.892+0100] {dag.py:3239} INFO - Sync 1 DAGs
[2024-10-13T15:15:23.896+0100] {logging_mixin.py:190} INFO - [2024-10-13T15:15:23.896+0100] {dag.py:4180} INFO - Setting next_dagrun for example_task_group_decorator to None, run_after=None
[2024-10-13T15:15:23.902+0100] {processor.py:208} INFO - Processing /opt/homebrew/Caskroom/miniconda/base/envs/airflow_env/lib/python3.9/site-packages/airflow/example_dags/example_task_group_decorator.py took 0.080 seconds
[2024-10-13T15:16:28.593+0100] {processor.py:186} INFO - Started process (PID=68092) to work on /opt/homebrew/Caskroom/miniconda/base/envs/airflow_env/lib/python3.9/site-packages/airflow/example_dags/example_task_group_decorator.py
[2024-10-13T15:16:28.594+0100] {processor.py:914} INFO - Processing file /opt/homebrew/Caskroom/miniconda/base/envs/airflow_env/lib/python3.9/site-packages/airflow/example_dags/example_task_group_decorator.py for tasks to queue
[2024-10-13T15:16:28.594+0100] {logging_mixin.py:190} INFO - [2024-10-13T15:16:28.594+0100] {dagbag.py:588} INFO - Filling up the DagBag from /opt/homebrew/Caskroom/miniconda/base/envs/airflow_env/lib/python3.9/site-packages/airflow/example_dags/example_task_group_decorator.py
[2024-10-13T15:16:28.626+0100] {processor.py:925} INFO - DAG(s) 'example_task_group_decorator' retrieved from /opt/homebrew/Caskroom/miniconda/base/envs/airflow_env/lib/python3.9/site-packages/airflow/example_dags/example_task_group_decorator.py
[2024-10-13T15:16:28.660+0100] {logging_mixin.py:190} INFO - [2024-10-13T15:16:28.660+0100] {dag.py:3239} INFO - Sync 1 DAGs
[2024-10-13T15:16:28.664+0100] {logging_mixin.py:190} INFO - [2024-10-13T15:16:28.664+0100] {dag.py:4180} INFO - Setting next_dagrun for example_task_group_decorator to None, run_after=None
[2024-10-13T15:16:28.670+0100] {processor.py:208} INFO - Processing /opt/homebrew/Caskroom/miniconda/base/envs/airflow_env/lib/python3.9/site-packages/airflow/example_dags/example_task_group_decorator.py took 0.078 seconds
[2024-10-13T15:17:33.969+0100] {processor.py:186} INFO - Started process (PID=68154) to work on /opt/homebrew/Caskroom/miniconda/base/envs/airflow_env/lib/python3.9/site-packages/airflow/example_dags/example_task_group_decorator.py
[2024-10-13T15:17:33.970+0100] {processor.py:914} INFO - Processing file /opt/homebrew/Caskroom/miniconda/base/envs/airflow_env/lib/python3.9/site-packages/airflow/example_dags/example_task_group_decorator.py for tasks to queue
[2024-10-13T15:17:33.970+0100] {logging_mixin.py:190} INFO - [2024-10-13T15:17:33.970+0100] {dagbag.py:588} INFO - Filling up the DagBag from /opt/homebrew/Caskroom/miniconda/base/envs/airflow_env/lib/python3.9/site-packages/airflow/example_dags/example_task_group_decorator.py
[2024-10-13T15:17:34.004+0100] {processor.py:925} INFO - DAG(s) 'example_task_group_decorator' retrieved from /opt/homebrew/Caskroom/miniconda/base/envs/airflow_env/lib/python3.9/site-packages/airflow/example_dags/example_task_group_decorator.py
[2024-10-13T15:17:34.040+0100] {logging_mixin.py:190} INFO - [2024-10-13T15:17:34.040+0100] {dag.py:3239} INFO - Sync 1 DAGs
[2024-10-13T15:17:34.044+0100] {logging_mixin.py:190} INFO - [2024-10-13T15:17:34.044+0100] {dag.py:4180} INFO - Setting next_dagrun for example_task_group_decorator to None, run_after=None
[2024-10-13T15:17:34.050+0100] {processor.py:208} INFO - Processing /opt/homebrew/Caskroom/miniconda/base/envs/airflow_env/lib/python3.9/site-packages/airflow/example_dags/example_task_group_decorator.py took 0.082 seconds
[2024-10-13T15:18:40.943+0100] {processor.py:186} INFO - Started process (PID=68224) to work on /opt/homebrew/Caskroom/miniconda/base/envs/airflow_env/lib/python3.9/site-packages/airflow/example_dags/example_task_group_decorator.py
[2024-10-13T15:18:40.944+0100] {processor.py:914} INFO - Processing file /opt/homebrew/Caskroom/miniconda/base/envs/airflow_env/lib/python3.9/site-packages/airflow/example_dags/example_task_group_decorator.py for tasks to queue
[2024-10-13T15:18:40.944+0100] {logging_mixin.py:190} INFO - [2024-10-13T15:18:40.944+0100] {dagbag.py:588} INFO - Filling up the DagBag from /opt/homebrew/Caskroom/miniconda/base/envs/airflow_env/lib/python3.9/site-packages/airflow/example_dags/example_task_group_decorator.py
[2024-10-13T15:18:40.981+0100] {processor.py:925} INFO - DAG(s) 'example_task_group_decorator' retrieved from /opt/homebrew/Caskroom/miniconda/base/envs/airflow_env/lib/python3.9/site-packages/airflow/example_dags/example_task_group_decorator.py
[2024-10-13T15:18:41.019+0100] {logging_mixin.py:190} INFO - [2024-10-13T15:18:41.019+0100] {dag.py:3239} INFO - Sync 1 DAGs
[2024-10-13T15:18:41.024+0100] {logging_mixin.py:190} INFO - [2024-10-13T15:18:41.024+0100] {dag.py:4180} INFO - Setting next_dagrun for example_task_group_decorator to None, run_after=None
[2024-10-13T15:18:41.031+0100] {processor.py:208} INFO - Processing /opt/homebrew/Caskroom/miniconda/base/envs/airflow_env/lib/python3.9/site-packages/airflow/example_dags/example_task_group_decorator.py took 0.089 seconds
[2024-10-13T15:19:48.896+0100] {processor.py:186} INFO - Started process (PID=68297) to work on /opt/homebrew/Caskroom/miniconda/base/envs/airflow_env/lib/python3.9/site-packages/airflow/example_dags/example_task_group_decorator.py
[2024-10-13T15:19:48.896+0100] {processor.py:914} INFO - Processing file /opt/homebrew/Caskroom/miniconda/base/envs/airflow_env/lib/python3.9/site-packages/airflow/example_dags/example_task_group_decorator.py for tasks to queue
[2024-10-13T15:19:48.897+0100] {logging_mixin.py:190} INFO - [2024-10-13T15:19:48.897+0100] {dagbag.py:588} INFO - Filling up the DagBag from /opt/homebrew/Caskroom/miniconda/base/envs/airflow_env/lib/python3.9/site-packages/airflow/example_dags/example_task_group_decorator.py
[2024-10-13T15:19:48.938+0100] {processor.py:925} INFO - DAG(s) 'example_task_group_decorator' retrieved from /opt/homebrew/Caskroom/miniconda/base/envs/airflow_env/lib/python3.9/site-packages/airflow/example_dags/example_task_group_decorator.py
[2024-10-13T15:19:48.976+0100] {logging_mixin.py:190} INFO - [2024-10-13T15:19:48.976+0100] {dag.py:3239} INFO - Sync 1 DAGs
[2024-10-13T15:19:48.981+0100] {logging_mixin.py:190} INFO - [2024-10-13T15:19:48.981+0100] {dag.py:4180} INFO - Setting next_dagrun for example_task_group_decorator to None, run_after=None
[2024-10-13T15:19:48.988+0100] {processor.py:208} INFO - Processing /opt/homebrew/Caskroom/miniconda/base/envs/airflow_env/lib/python3.9/site-packages/airflow/example_dags/example_task_group_decorator.py took 0.094 seconds
[2024-10-13T15:20:54.801+0100] {processor.py:186} INFO - Started process (PID=68361) to work on /opt/homebrew/Caskroom/miniconda/base/envs/airflow_env/lib/python3.9/site-packages/airflow/example_dags/example_task_group_decorator.py
[2024-10-13T15:20:54.801+0100] {processor.py:914} INFO - Processing file /opt/homebrew/Caskroom/miniconda/base/envs/airflow_env/lib/python3.9/site-packages/airflow/example_dags/example_task_group_decorator.py for tasks to queue
[2024-10-13T15:20:54.802+0100] {logging_mixin.py:190} INFO - [2024-10-13T15:20:54.802+0100] {dagbag.py:588} INFO - Filling up the DagBag from /opt/homebrew/Caskroom/miniconda/base/envs/airflow_env/lib/python3.9/site-packages/airflow/example_dags/example_task_group_decorator.py
[2024-10-13T15:20:54.835+0100] {processor.py:925} INFO - DAG(s) 'example_task_group_decorator' retrieved from /opt/homebrew/Caskroom/miniconda/base/envs/airflow_env/lib/python3.9/site-packages/airflow/example_dags/example_task_group_decorator.py
[2024-10-13T15:20:54.871+0100] {logging_mixin.py:190} INFO - [2024-10-13T15:20:54.870+0100] {dag.py:3239} INFO - Sync 1 DAGs
[2024-10-13T15:20:54.875+0100] {logging_mixin.py:190} INFO - [2024-10-13T15:20:54.875+0100] {dag.py:4180} INFO - Setting next_dagrun for example_task_group_decorator to None, run_after=None
[2024-10-13T15:20:54.881+0100] {processor.py:208} INFO - Processing /opt/homebrew/Caskroom/miniconda/base/envs/airflow_env/lib/python3.9/site-packages/airflow/example_dags/example_task_group_decorator.py took 0.082 seconds
[2024-10-13T15:21:59.561+0100] {processor.py:186} INFO - Started process (PID=68451) to work on /opt/homebrew/Caskroom/miniconda/base/envs/airflow_env/lib/python3.9/site-packages/airflow/example_dags/example_task_group_decorator.py
[2024-10-13T15:21:59.561+0100] {processor.py:914} INFO - Processing file /opt/homebrew/Caskroom/miniconda/base/envs/airflow_env/lib/python3.9/site-packages/airflow/example_dags/example_task_group_decorator.py for tasks to queue
[2024-10-13T15:21:59.561+0100] {logging_mixin.py:190} INFO - [2024-10-13T15:21:59.561+0100] {dagbag.py:588} INFO - Filling up the DagBag from /opt/homebrew/Caskroom/miniconda/base/envs/airflow_env/lib/python3.9/site-packages/airflow/example_dags/example_task_group_decorator.py
[2024-10-13T15:21:59.596+0100] {processor.py:925} INFO - DAG(s) 'example_task_group_decorator' retrieved from /opt/homebrew/Caskroom/miniconda/base/envs/airflow_env/lib/python3.9/site-packages/airflow/example_dags/example_task_group_decorator.py
[2024-10-13T15:21:59.631+0100] {logging_mixin.py:190} INFO - [2024-10-13T15:21:59.631+0100] {dag.py:3239} INFO - Sync 1 DAGs
[2024-10-13T15:21:59.635+0100] {logging_mixin.py:190} INFO - [2024-10-13T15:21:59.635+0100] {dag.py:4180} INFO - Setting next_dagrun for example_task_group_decorator to None, run_after=None
[2024-10-13T15:21:59.642+0100] {processor.py:208} INFO - Processing /opt/homebrew/Caskroom/miniconda/base/envs/airflow_env/lib/python3.9/site-packages/airflow/example_dags/example_task_group_decorator.py took 0.083 seconds
[2024-10-13T15:23:01.386+0100] {processor.py:186} INFO - Started process (PID=68570) to work on /opt/homebrew/Caskroom/miniconda/base/envs/airflow_env/lib/python3.9/site-packages/airflow/example_dags/example_task_group_decorator.py
[2024-10-13T15:23:01.387+0100] {processor.py:914} INFO - Processing file /opt/homebrew/Caskroom/miniconda/base/envs/airflow_env/lib/python3.9/site-packages/airflow/example_dags/example_task_group_decorator.py for tasks to queue
[2024-10-13T15:23:01.388+0100] {logging_mixin.py:190} INFO - [2024-10-13T15:23:01.387+0100] {dagbag.py:588} INFO - Filling up the DagBag from /opt/homebrew/Caskroom/miniconda/base/envs/airflow_env/lib/python3.9/site-packages/airflow/example_dags/example_task_group_decorator.py
[2024-10-13T15:23:01.425+0100] {processor.py:925} INFO - DAG(s) 'example_task_group_decorator' retrieved from /opt/homebrew/Caskroom/miniconda/base/envs/airflow_env/lib/python3.9/site-packages/airflow/example_dags/example_task_group_decorator.py
[2024-10-13T15:23:01.470+0100] {logging_mixin.py:190} INFO - [2024-10-13T15:23:01.469+0100] {dag.py:3239} INFO - Sync 1 DAGs
[2024-10-13T15:23:01.475+0100] {logging_mixin.py:190} INFO - [2024-10-13T15:23:01.475+0100] {dag.py:4180} INFO - Setting next_dagrun for example_task_group_decorator to None, run_after=None
[2024-10-13T15:23:01.483+0100] {processor.py:208} INFO - Processing /opt/homebrew/Caskroom/miniconda/base/envs/airflow_env/lib/python3.9/site-packages/airflow/example_dags/example_task_group_decorator.py took 0.099 seconds
[2024-10-13T15:24:02.775+0100] {processor.py:186} INFO - Started process (PID=68623) to work on /opt/homebrew/Caskroom/miniconda/base/envs/airflow_env/lib/python3.9/site-packages/airflow/example_dags/example_task_group_decorator.py
[2024-10-13T15:24:02.776+0100] {processor.py:914} INFO - Processing file /opt/homebrew/Caskroom/miniconda/base/envs/airflow_env/lib/python3.9/site-packages/airflow/example_dags/example_task_group_decorator.py for tasks to queue
[2024-10-13T15:24:02.776+0100] {logging_mixin.py:190} INFO - [2024-10-13T15:24:02.776+0100] {dagbag.py:588} INFO - Filling up the DagBag from /opt/homebrew/Caskroom/miniconda/base/envs/airflow_env/lib/python3.9/site-packages/airflow/example_dags/example_task_group_decorator.py
[2024-10-13T15:24:02.814+0100] {processor.py:925} INFO - DAG(s) 'example_task_group_decorator' retrieved from /opt/homebrew/Caskroom/miniconda/base/envs/airflow_env/lib/python3.9/site-packages/airflow/example_dags/example_task_group_decorator.py
[2024-10-13T15:24:02.851+0100] {logging_mixin.py:190} INFO - [2024-10-13T15:24:02.851+0100] {dag.py:3239} INFO - Sync 1 DAGs
[2024-10-13T15:24:02.856+0100] {logging_mixin.py:190} INFO - [2024-10-13T15:24:02.855+0100] {dag.py:4180} INFO - Setting next_dagrun for example_task_group_decorator to None, run_after=None
[2024-10-13T15:24:02.863+0100] {processor.py:208} INFO - Processing /opt/homebrew/Caskroom/miniconda/base/envs/airflow_env/lib/python3.9/site-packages/airflow/example_dags/example_task_group_decorator.py took 0.091 seconds
[2024-10-13T15:25:11.433+0100] {processor.py:186} INFO - Started process (PID=68688) to work on /opt/homebrew/Caskroom/miniconda/base/envs/airflow_env/lib/python3.9/site-packages/airflow/example_dags/example_task_group_decorator.py
[2024-10-13T15:25:11.433+0100] {processor.py:914} INFO - Processing file /opt/homebrew/Caskroom/miniconda/base/envs/airflow_env/lib/python3.9/site-packages/airflow/example_dags/example_task_group_decorator.py for tasks to queue
[2024-10-13T15:25:11.434+0100] {logging_mixin.py:190} INFO - [2024-10-13T15:25:11.434+0100] {dagbag.py:588} INFO - Filling up the DagBag from /opt/homebrew/Caskroom/miniconda/base/envs/airflow_env/lib/python3.9/site-packages/airflow/example_dags/example_task_group_decorator.py
[2024-10-13T15:25:11.467+0100] {processor.py:925} INFO - DAG(s) 'example_task_group_decorator' retrieved from /opt/homebrew/Caskroom/miniconda/base/envs/airflow_env/lib/python3.9/site-packages/airflow/example_dags/example_task_group_decorator.py
[2024-10-13T15:25:11.502+0100] {logging_mixin.py:190} INFO - [2024-10-13T15:25:11.502+0100] {dag.py:3239} INFO - Sync 1 DAGs
[2024-10-13T15:25:11.507+0100] {logging_mixin.py:190} INFO - [2024-10-13T15:25:11.506+0100] {dag.py:4180} INFO - Setting next_dagrun for example_task_group_decorator to None, run_after=None
[2024-10-13T15:25:11.513+0100] {processor.py:208} INFO - Processing /opt/homebrew/Caskroom/miniconda/base/envs/airflow_env/lib/python3.9/site-packages/airflow/example_dags/example_task_group_decorator.py took 0.082 seconds
[2024-10-13T15:26:14.395+0100] {processor.py:186} INFO - Started process (PID=68796) to work on /opt/homebrew/Caskroom/miniconda/base/envs/airflow_env/lib/python3.9/site-packages/airflow/example_dags/example_task_group_decorator.py
[2024-10-13T15:26:14.396+0100] {processor.py:914} INFO - Processing file /opt/homebrew/Caskroom/miniconda/base/envs/airflow_env/lib/python3.9/site-packages/airflow/example_dags/example_task_group_decorator.py for tasks to queue
[2024-10-13T15:26:14.396+0100] {logging_mixin.py:190} INFO - [2024-10-13T15:26:14.396+0100] {dagbag.py:588} INFO - Filling up the DagBag from /opt/homebrew/Caskroom/miniconda/base/envs/airflow_env/lib/python3.9/site-packages/airflow/example_dags/example_task_group_decorator.py
[2024-10-13T15:26:14.429+0100] {processor.py:925} INFO - DAG(s) 'example_task_group_decorator' retrieved from /opt/homebrew/Caskroom/miniconda/base/envs/airflow_env/lib/python3.9/site-packages/airflow/example_dags/example_task_group_decorator.py
[2024-10-13T15:26:14.463+0100] {logging_mixin.py:190} INFO - [2024-10-13T15:26:14.463+0100] {dag.py:3239} INFO - Sync 1 DAGs
[2024-10-13T15:26:14.467+0100] {logging_mixin.py:190} INFO - [2024-10-13T15:26:14.467+0100] {dag.py:4180} INFO - Setting next_dagrun for example_task_group_decorator to None, run_after=None
[2024-10-13T15:26:14.473+0100] {processor.py:208} INFO - Processing /opt/homebrew/Caskroom/miniconda/base/envs/airflow_env/lib/python3.9/site-packages/airflow/example_dags/example_task_group_decorator.py took 0.079 seconds
