[2024-10-13T14:08:59.847+0100] {processor.py:186} INFO - Started process (PID=67220) to work on /opt/homebrew/Caskroom/miniconda/base/envs/airflow_env/lib/python3.9/site-packages/airflow/example_dags/example_params_trigger_ui.py
[2024-10-13T14:08:59.847+0100] {processor.py:914} INFO - Processing file /opt/homebrew/Caskroom/miniconda/base/envs/airflow_env/lib/python3.9/site-packages/airflow/example_dags/example_params_trigger_ui.py for tasks to queue
[2024-10-13T14:08:59.847+0100] {logging_mixin.py:190} INFO - [2024-10-13T14:08:59.847+0100] {dagbag.py:588} INFO - Filling up the DagBag from /opt/homebrew/Caskroom/miniconda/base/envs/airflow_env/lib/python3.9/site-packages/airflow/example_dags/example_params_trigger_ui.py
[2024-10-13T14:08:59.881+0100] {processor.py:925} INFO - DAG(s) 'example_params_trigger_ui' retrieved from /opt/homebrew/Caskroom/miniconda/base/envs/airflow_env/lib/python3.9/site-packages/airflow/example_dags/example_params_trigger_ui.py
[2024-10-13T14:08:59.952+0100] {logging_mixin.py:190} INFO - [2024-10-13T14:08:59.952+0100] {override.py:1901} INFO - Created Permission View: can edit on DAG:example_params_trigger_ui
[2024-10-13T14:08:59.955+0100] {logging_mixin.py:190} INFO - [2024-10-13T14:08:59.955+0100] {override.py:1901} INFO - Created Permission View: can read on DAG:example_params_trigger_ui
[2024-10-13T14:08:59.957+0100] {logging_mixin.py:190} INFO - [2024-10-13T14:08:59.957+0100] {override.py:1901} INFO - Created Permission View: can delete on DAG:example_params_trigger_ui
[2024-10-13T14:08:59.960+0100] {logging_mixin.py:190} INFO - [2024-10-13T14:08:59.960+0100] {override.py:1901} INFO - Created Permission View: can read on DAG Run:example_params_trigger_ui
[2024-10-13T14:08:59.962+0100] {logging_mixin.py:190} INFO - [2024-10-13T14:08:59.962+0100] {override.py:1901} INFO - Created Permission View: menu access on DAG Run:example_params_trigger_ui
[2024-10-13T14:08:59.964+0100] {logging_mixin.py:190} INFO - [2024-10-13T14:08:59.964+0100] {override.py:1901} INFO - Created Permission View: can create on DAG Run:example_params_trigger_ui
[2024-10-13T14:08:59.966+0100] {logging_mixin.py:190} INFO - [2024-10-13T14:08:59.966+0100] {override.py:1901} INFO - Created Permission View: can delete on DAG Run:example_params_trigger_ui
[2024-10-13T14:08:59.966+0100] {logging_mixin.py:190} INFO - [2024-10-13T14:08:59.966+0100] {dag.py:3239} INFO - Sync 1 DAGs
[2024-10-13T14:08:59.971+0100] {logging_mixin.py:190} INFO - [2024-10-13T14:08:59.971+0100] {dag.py:3262} INFO - Creating ORM DAG for example_params_trigger_ui
[2024-10-13T14:08:59.971+0100] {logging_mixin.py:190} INFO - [2024-10-13T14:08:59.971+0100] {dag.py:4180} INFO - Setting next_dagrun for example_params_trigger_ui to None, run_after=None
[2024-10-13T14:08:59.978+0100] {processor.py:208} INFO - Processing /opt/homebrew/Caskroom/miniconda/base/envs/airflow_env/lib/python3.9/site-packages/airflow/example_dags/example_params_trigger_ui.py took 0.133 seconds
[2024-10-13T14:10:38.113+0100] {processor.py:186} INFO - Started process (PID=67325) to work on /opt/homebrew/Caskroom/miniconda/base/envs/airflow_env/lib/python3.9/site-packages/airflow/example_dags/example_params_trigger_ui.py
[2024-10-13T14:10:38.114+0100] {processor.py:914} INFO - Processing file /opt/homebrew/Caskroom/miniconda/base/envs/airflow_env/lib/python3.9/site-packages/airflow/example_dags/example_params_trigger_ui.py for tasks to queue
[2024-10-13T14:10:38.114+0100] {logging_mixin.py:190} INFO - [2024-10-13T14:10:38.114+0100] {dagbag.py:588} INFO - Filling up the DagBag from /opt/homebrew/Caskroom/miniconda/base/envs/airflow_env/lib/python3.9/site-packages/airflow/example_dags/example_params_trigger_ui.py
[2024-10-13T14:10:38.146+0100] {processor.py:925} INFO - DAG(s) 'example_params_trigger_ui' retrieved from /opt/homebrew/Caskroom/miniconda/base/envs/airflow_env/lib/python3.9/site-packages/airflow/example_dags/example_params_trigger_ui.py
[2024-10-13T14:10:38.189+0100] {logging_mixin.py:190} INFO - [2024-10-13T14:10:38.189+0100] {dag.py:3239} INFO - Sync 1 DAGs
[2024-10-13T14:10:38.193+0100] {logging_mixin.py:190} INFO - [2024-10-13T14:10:38.193+0100] {dag.py:4180} INFO - Setting next_dagrun for example_params_trigger_ui to None, run_after=None
[2024-10-13T14:10:38.199+0100] {processor.py:208} INFO - Processing /opt/homebrew/Caskroom/miniconda/base/envs/airflow_env/lib/python3.9/site-packages/airflow/example_dags/example_params_trigger_ui.py took 0.087 seconds
[2024-10-13T14:12:44.447+0100] {processor.py:186} INFO - Started process (PID=67471) to work on /opt/homebrew/Caskroom/miniconda/base/envs/airflow_env/lib/python3.9/site-packages/airflow/example_dags/example_params_trigger_ui.py
[2024-10-13T14:12:44.448+0100] {processor.py:914} INFO - Processing file /opt/homebrew/Caskroom/miniconda/base/envs/airflow_env/lib/python3.9/site-packages/airflow/example_dags/example_params_trigger_ui.py for tasks to queue
[2024-10-13T14:12:44.448+0100] {logging_mixin.py:190} INFO - [2024-10-13T14:12:44.448+0100] {dagbag.py:588} INFO - Filling up the DagBag from /opt/homebrew/Caskroom/miniconda/base/envs/airflow_env/lib/python3.9/site-packages/airflow/example_dags/example_params_trigger_ui.py
[2024-10-13T14:12:44.484+0100] {processor.py:925} INFO - DAG(s) 'example_params_trigger_ui' retrieved from /opt/homebrew/Caskroom/miniconda/base/envs/airflow_env/lib/python3.9/site-packages/airflow/example_dags/example_params_trigger_ui.py
[2024-10-13T14:12:44.529+0100] {logging_mixin.py:190} INFO - [2024-10-13T14:12:44.529+0100] {dag.py:3239} INFO - Sync 1 DAGs
[2024-10-13T14:12:44.534+0100] {logging_mixin.py:190} INFO - [2024-10-13T14:12:44.534+0100] {dag.py:4180} INFO - Setting next_dagrun for example_params_trigger_ui to None, run_after=None
[2024-10-13T14:12:44.541+0100] {processor.py:208} INFO - Processing /opt/homebrew/Caskroom/miniconda/base/envs/airflow_env/lib/python3.9/site-packages/airflow/example_dags/example_params_trigger_ui.py took 0.096 seconds
[2024-10-13T14:14:53.091+0100] {processor.py:186} INFO - Started process (PID=67619) to work on /opt/homebrew/Caskroom/miniconda/base/envs/airflow_env/lib/python3.9/site-packages/airflow/example_dags/example_params_trigger_ui.py
[2024-10-13T14:14:53.092+0100] {processor.py:914} INFO - Processing file /opt/homebrew/Caskroom/miniconda/base/envs/airflow_env/lib/python3.9/site-packages/airflow/example_dags/example_params_trigger_ui.py for tasks to queue
[2024-10-13T14:14:53.092+0100] {logging_mixin.py:190} INFO - [2024-10-13T14:14:53.092+0100] {dagbag.py:588} INFO - Filling up the DagBag from /opt/homebrew/Caskroom/miniconda/base/envs/airflow_env/lib/python3.9/site-packages/airflow/example_dags/example_params_trigger_ui.py
[2024-10-13T14:14:53.128+0100] {processor.py:925} INFO - DAG(s) 'example_params_trigger_ui' retrieved from /opt/homebrew/Caskroom/miniconda/base/envs/airflow_env/lib/python3.9/site-packages/airflow/example_dags/example_params_trigger_ui.py
[2024-10-13T14:14:53.172+0100] {logging_mixin.py:190} INFO - [2024-10-13T14:14:53.172+0100] {dag.py:3239} INFO - Sync 1 DAGs
[2024-10-13T14:14:53.176+0100] {logging_mixin.py:190} INFO - [2024-10-13T14:14:53.176+0100] {dag.py:4180} INFO - Setting next_dagrun for example_params_trigger_ui to None, run_after=None
[2024-10-13T14:14:53.183+0100] {processor.py:208} INFO - Processing /opt/homebrew/Caskroom/miniconda/base/envs/airflow_env/lib/python3.9/site-packages/airflow/example_dags/example_params_trigger_ui.py took 0.094 seconds
[2024-10-13T14:18:16.509+0100] {processor.py:186} INFO - Started process (PID=67749) to work on /opt/homebrew/Caskroom/miniconda/base/envs/airflow_env/lib/python3.9/site-packages/airflow/example_dags/example_params_trigger_ui.py
[2024-10-13T14:18:16.510+0100] {processor.py:914} INFO - Processing file /opt/homebrew/Caskroom/miniconda/base/envs/airflow_env/lib/python3.9/site-packages/airflow/example_dags/example_params_trigger_ui.py for tasks to queue
[2024-10-13T14:18:16.510+0100] {logging_mixin.py:190} INFO - [2024-10-13T14:18:16.510+0100] {dagbag.py:588} INFO - Filling up the DagBag from /opt/homebrew/Caskroom/miniconda/base/envs/airflow_env/lib/python3.9/site-packages/airflow/example_dags/example_params_trigger_ui.py
[2024-10-13T14:18:16.541+0100] {processor.py:925} INFO - DAG(s) 'example_params_trigger_ui' retrieved from /opt/homebrew/Caskroom/miniconda/base/envs/airflow_env/lib/python3.9/site-packages/airflow/example_dags/example_params_trigger_ui.py
[2024-10-13T14:18:16.581+0100] {logging_mixin.py:190} INFO - [2024-10-13T14:18:16.581+0100] {dag.py:3239} INFO - Sync 1 DAGs
[2024-10-13T14:18:16.585+0100] {logging_mixin.py:190} INFO - [2024-10-13T14:18:16.585+0100] {dag.py:4180} INFO - Setting next_dagrun for example_params_trigger_ui to None, run_after=None
[2024-10-13T14:18:16.594+0100] {processor.py:208} INFO - Processing /opt/homebrew/Caskroom/miniconda/base/envs/airflow_env/lib/python3.9/site-packages/airflow/example_dags/example_params_trigger_ui.py took 0.086 seconds
[2024-10-13T15:14:32.526+0100] {processor.py:186} INFO - Started process (PID=67986) to work on /opt/homebrew/Caskroom/miniconda/base/envs/airflow_env/lib/python3.9/site-packages/airflow/example_dags/example_params_trigger_ui.py
[2024-10-13T15:14:32.527+0100] {processor.py:914} INFO - Processing file /opt/homebrew/Caskroom/miniconda/base/envs/airflow_env/lib/python3.9/site-packages/airflow/example_dags/example_params_trigger_ui.py for tasks to queue
[2024-10-13T15:14:32.527+0100] {logging_mixin.py:190} INFO - [2024-10-13T15:14:32.527+0100] {dagbag.py:588} INFO - Filling up the DagBag from /opt/homebrew/Caskroom/miniconda/base/envs/airflow_env/lib/python3.9/site-packages/airflow/example_dags/example_params_trigger_ui.py
[2024-10-13T15:14:32.561+0100] {processor.py:925} INFO - DAG(s) 'example_params_trigger_ui' retrieved from /opt/homebrew/Caskroom/miniconda/base/envs/airflow_env/lib/python3.9/site-packages/airflow/example_dags/example_params_trigger_ui.py
[2024-10-13T15:14:32.604+0100] {logging_mixin.py:190} INFO - [2024-10-13T15:14:32.604+0100] {dag.py:3239} INFO - Sync 1 DAGs
[2024-10-13T15:14:32.608+0100] {logging_mixin.py:190} INFO - [2024-10-13T15:14:32.608+0100] {dag.py:4180} INFO - Setting next_dagrun for example_params_trigger_ui to None, run_after=None
[2024-10-13T15:14:32.615+0100] {processor.py:208} INFO - Processing /opt/homebrew/Caskroom/miniconda/base/envs/airflow_env/lib/python3.9/site-packages/airflow/example_dags/example_params_trigger_ui.py took 0.091 seconds
[2024-10-13T15:16:43.606+0100] {processor.py:186} INFO - Started process (PID=68116) to work on /opt/homebrew/Caskroom/miniconda/base/envs/airflow_env/lib/python3.9/site-packages/airflow/example_dags/example_params_trigger_ui.py
[2024-10-13T15:16:43.607+0100] {processor.py:914} INFO - Processing file /opt/homebrew/Caskroom/miniconda/base/envs/airflow_env/lib/python3.9/site-packages/airflow/example_dags/example_params_trigger_ui.py for tasks to queue
[2024-10-13T15:16:43.608+0100] {logging_mixin.py:190} INFO - [2024-10-13T15:16:43.608+0100] {dagbag.py:588} INFO - Filling up the DagBag from /opt/homebrew/Caskroom/miniconda/base/envs/airflow_env/lib/python3.9/site-packages/airflow/example_dags/example_params_trigger_ui.py
[2024-10-13T15:16:43.643+0100] {processor.py:925} INFO - DAG(s) 'example_params_trigger_ui' retrieved from /opt/homebrew/Caskroom/miniconda/base/envs/airflow_env/lib/python3.9/site-packages/airflow/example_dags/example_params_trigger_ui.py
[2024-10-13T15:16:43.686+0100] {logging_mixin.py:190} INFO - [2024-10-13T15:16:43.686+0100] {dag.py:3239} INFO - Sync 1 DAGs
[2024-10-13T15:16:43.690+0100] {logging_mixin.py:190} INFO - [2024-10-13T15:16:43.690+0100] {dag.py:4180} INFO - Setting next_dagrun for example_params_trigger_ui to None, run_after=None
[2024-10-13T15:16:43.696+0100] {processor.py:208} INFO - Processing /opt/homebrew/Caskroom/miniconda/base/envs/airflow_env/lib/python3.9/site-packages/airflow/example_dags/example_params_trigger_ui.py took 0.092 seconds
[2024-10-13T15:18:58.089+0100] {processor.py:186} INFO - Started process (PID=68252) to work on /opt/homebrew/Caskroom/miniconda/base/envs/airflow_env/lib/python3.9/site-packages/airflow/example_dags/example_params_trigger_ui.py
[2024-10-13T15:18:58.089+0100] {processor.py:914} INFO - Processing file /opt/homebrew/Caskroom/miniconda/base/envs/airflow_env/lib/python3.9/site-packages/airflow/example_dags/example_params_trigger_ui.py for tasks to queue
[2024-10-13T15:18:58.089+0100] {logging_mixin.py:190} INFO - [2024-10-13T15:18:58.089+0100] {dagbag.py:588} INFO - Filling up the DagBag from /opt/homebrew/Caskroom/miniconda/base/envs/airflow_env/lib/python3.9/site-packages/airflow/example_dags/example_params_trigger_ui.py
[2024-10-13T15:18:58.120+0100] {processor.py:925} INFO - DAG(s) 'example_params_trigger_ui' retrieved from /opt/homebrew/Caskroom/miniconda/base/envs/airflow_env/lib/python3.9/site-packages/airflow/example_dags/example_params_trigger_ui.py
[2024-10-13T15:18:58.162+0100] {logging_mixin.py:190} INFO - [2024-10-13T15:18:58.162+0100] {dag.py:3239} INFO - Sync 1 DAGs
[2024-10-13T15:18:58.166+0100] {logging_mixin.py:190} INFO - [2024-10-13T15:18:58.166+0100] {dag.py:4180} INFO - Setting next_dagrun for example_params_trigger_ui to None, run_after=None
[2024-10-13T15:18:58.172+0100] {processor.py:208} INFO - Processing /opt/homebrew/Caskroom/miniconda/base/envs/airflow_env/lib/python3.9/site-packages/airflow/example_dags/example_params_trigger_ui.py took 0.085 seconds
[2024-10-13T15:21:12.779+0100] {processor.py:186} INFO - Started process (PID=68378) to work on /opt/homebrew/Caskroom/miniconda/base/envs/airflow_env/lib/python3.9/site-packages/airflow/example_dags/example_params_trigger_ui.py
[2024-10-13T15:21:12.780+0100] {processor.py:914} INFO - Processing file /opt/homebrew/Caskroom/miniconda/base/envs/airflow_env/lib/python3.9/site-packages/airflow/example_dags/example_params_trigger_ui.py for tasks to queue
[2024-10-13T15:21:12.780+0100] {logging_mixin.py:190} INFO - [2024-10-13T15:21:12.780+0100] {dagbag.py:588} INFO - Filling up the DagBag from /opt/homebrew/Caskroom/miniconda/base/envs/airflow_env/lib/python3.9/site-packages/airflow/example_dags/example_params_trigger_ui.py
[2024-10-13T15:21:12.810+0100] {processor.py:925} INFO - DAG(s) 'example_params_trigger_ui' retrieved from /opt/homebrew/Caskroom/miniconda/base/envs/airflow_env/lib/python3.9/site-packages/airflow/example_dags/example_params_trigger_ui.py
[2024-10-13T15:21:12.850+0100] {logging_mixin.py:190} INFO - [2024-10-13T15:21:12.850+0100] {dag.py:3239} INFO - Sync 1 DAGs
[2024-10-13T15:21:12.854+0100] {logging_mixin.py:190} INFO - [2024-10-13T15:21:12.854+0100] {dag.py:4180} INFO - Setting next_dagrun for example_params_trigger_ui to None, run_after=None
[2024-10-13T15:21:12.861+0100] {processor.py:208} INFO - Processing /opt/homebrew/Caskroom/miniconda/base/envs/airflow_env/lib/python3.9/site-packages/airflow/example_dags/example_params_trigger_ui.py took 0.083 seconds
[2024-10-13T15:23:15.705+0100] {processor.py:186} INFO - Started process (PID=68585) to work on /opt/homebrew/Caskroom/miniconda/base/envs/airflow_env/lib/python3.9/site-packages/airflow/example_dags/example_params_trigger_ui.py
[2024-10-13T15:23:15.706+0100] {processor.py:914} INFO - Processing file /opt/homebrew/Caskroom/miniconda/base/envs/airflow_env/lib/python3.9/site-packages/airflow/example_dags/example_params_trigger_ui.py for tasks to queue
[2024-10-13T15:23:15.706+0100] {logging_mixin.py:190} INFO - [2024-10-13T15:23:15.706+0100] {dagbag.py:588} INFO - Filling up the DagBag from /opt/homebrew/Caskroom/miniconda/base/envs/airflow_env/lib/python3.9/site-packages/airflow/example_dags/example_params_trigger_ui.py
[2024-10-13T15:23:15.740+0100] {processor.py:925} INFO - DAG(s) 'example_params_trigger_ui' retrieved from /opt/homebrew/Caskroom/miniconda/base/envs/airflow_env/lib/python3.9/site-packages/airflow/example_dags/example_params_trigger_ui.py
[2024-10-13T15:23:15.781+0100] {logging_mixin.py:190} INFO - [2024-10-13T15:23:15.781+0100] {dag.py:3239} INFO - Sync 1 DAGs
[2024-10-13T15:23:15.785+0100] {logging_mixin.py:190} INFO - [2024-10-13T15:23:15.785+0100] {dag.py:4180} INFO - Setting next_dagrun for example_params_trigger_ui to None, run_after=None
[2024-10-13T15:23:15.792+0100] {processor.py:208} INFO - Processing /opt/homebrew/Caskroom/miniconda/base/envs/airflow_env/lib/python3.9/site-packages/airflow/example_dags/example_params_trigger_ui.py took 0.088 seconds
[2024-10-13T15:25:27.530+0100] {processor.py:186} INFO - Started process (PID=68710) to work on /opt/homebrew/Caskroom/miniconda/base/envs/airflow_env/lib/python3.9/site-packages/airflow/example_dags/example_params_trigger_ui.py
[2024-10-13T15:25:27.531+0100] {processor.py:914} INFO - Processing file /opt/homebrew/Caskroom/miniconda/base/envs/airflow_env/lib/python3.9/site-packages/airflow/example_dags/example_params_trigger_ui.py for tasks to queue
[2024-10-13T15:25:27.532+0100] {logging_mixin.py:190} INFO - [2024-10-13T15:25:27.531+0100] {dagbag.py:588} INFO - Filling up the DagBag from /opt/homebrew/Caskroom/miniconda/base/envs/airflow_env/lib/python3.9/site-packages/airflow/example_dags/example_params_trigger_ui.py
[2024-10-13T15:25:27.562+0100] {processor.py:925} INFO - DAG(s) 'example_params_trigger_ui' retrieved from /opt/homebrew/Caskroom/miniconda/base/envs/airflow_env/lib/python3.9/site-packages/airflow/example_dags/example_params_trigger_ui.py
[2024-10-13T15:25:27.602+0100] {logging_mixin.py:190} INFO - [2024-10-13T15:25:27.602+0100] {dag.py:3239} INFO - Sync 1 DAGs
[2024-10-13T15:25:27.606+0100] {logging_mixin.py:190} INFO - [2024-10-13T15:25:27.606+0100] {dag.py:4180} INFO - Setting next_dagrun for example_params_trigger_ui to None, run_after=None
[2024-10-13T15:25:27.613+0100] {processor.py:208} INFO - Processing /opt/homebrew/Caskroom/miniconda/base/envs/airflow_env/lib/python3.9/site-packages/airflow/example_dags/example_params_trigger_ui.py took 0.084 seconds
