[2024-10-13T14:09:36.230+0100] {processor.py:186} INFO - Started process (PID=67261) to work on /opt/homebrew/Caskroom/miniconda/base/envs/airflow_env/lib/python3.9/site-packages/airflow/example_dags/example_branch_labels.py
[2024-10-13T14:09:36.231+0100] {processor.py:914} INFO - Processing file /opt/homebrew/Caskroom/miniconda/base/envs/airflow_env/lib/python3.9/site-packages/airflow/example_dags/example_branch_labels.py for tasks to queue
[2024-10-13T14:09:36.231+0100] {logging_mixin.py:190} INFO - [2024-10-13T14:09:36.231+0100] {dagbag.py:588} INFO - Filling up the DagBag from /opt/homebrew/Caskroom/miniconda/base/envs/airflow_env/lib/python3.9/site-packages/airflow/example_dags/example_branch_labels.py
[2024-10-13T14:09:36.258+0100] {processor.py:925} INFO - DAG(s) 'example_branch_labels' retrieved from /opt/homebrew/Caskroom/miniconda/base/envs/airflow_env/lib/python3.9/site-packages/airflow/example_dags/example_branch_labels.py
[2024-10-13T14:09:36.325+0100] {logging_mixin.py:190} INFO - [2024-10-13T14:09:36.325+0100] {override.py:1901} INFO - Created Permission View: can edit on DAG:example_branch_labels
[2024-10-13T14:09:36.329+0100] {logging_mixin.py:190} INFO - [2024-10-13T14:09:36.329+0100] {override.py:1901} INFO - Created Permission View: can delete on DAG:example_branch_labels
[2024-10-13T14:09:36.331+0100] {logging_mixin.py:190} INFO - [2024-10-13T14:09:36.330+0100] {override.py:1901} INFO - Created Permission View: can read on DAG:example_branch_labels
[2024-10-13T14:09:36.333+0100] {logging_mixin.py:190} INFO - [2024-10-13T14:09:36.333+0100] {override.py:1901} INFO - Created Permission View: can create on DAG Run:example_branch_labels
[2024-10-13T14:09:36.335+0100] {logging_mixin.py:190} INFO - [2024-10-13T14:09:36.335+0100] {override.py:1901} INFO - Created Permission View: menu access on DAG Run:example_branch_labels
[2024-10-13T14:09:36.337+0100] {logging_mixin.py:190} INFO - [2024-10-13T14:09:36.337+0100] {override.py:1901} INFO - Created Permission View: can delete on DAG Run:example_branch_labels
[2024-10-13T14:09:36.339+0100] {logging_mixin.py:190} INFO - [2024-10-13T14:09:36.339+0100] {override.py:1901} INFO - Created Permission View: can read on DAG Run:example_branch_labels
[2024-10-13T14:09:36.340+0100] {logging_mixin.py:190} INFO - [2024-10-13T14:09:36.339+0100] {dag.py:3239} INFO - Sync 1 DAGs
[2024-10-13T14:09:36.344+0100] {logging_mixin.py:190} INFO - [2024-10-13T14:09:36.344+0100] {dag.py:3262} INFO - Creating ORM DAG for example_branch_labels
[2024-10-13T14:09:36.347+0100] {logging_mixin.py:190} INFO - [2024-10-13T14:09:36.347+0100] {dag.py:4180} INFO - Setting next_dagrun for example_branch_labels to 2024-10-12 00:00:00+00:00, run_after=2024-10-13 00:00:00+00:00
[2024-10-13T14:09:36.353+0100] {processor.py:208} INFO - Processing /opt/homebrew/Caskroom/miniconda/base/envs/airflow_env/lib/python3.9/site-packages/airflow/example_dags/example_branch_labels.py took 0.125 seconds
[2024-10-13T14:11:46.677+0100] {processor.py:186} INFO - Started process (PID=67397) to work on /opt/homebrew/Caskroom/miniconda/base/envs/airflow_env/lib/python3.9/site-packages/airflow/example_dags/example_branch_labels.py
[2024-10-13T14:11:46.678+0100] {processor.py:914} INFO - Processing file /opt/homebrew/Caskroom/miniconda/base/envs/airflow_env/lib/python3.9/site-packages/airflow/example_dags/example_branch_labels.py for tasks to queue
[2024-10-13T14:11:46.678+0100] {logging_mixin.py:190} INFO - [2024-10-13T14:11:46.678+0100] {dagbag.py:588} INFO - Filling up the DagBag from /opt/homebrew/Caskroom/miniconda/base/envs/airflow_env/lib/python3.9/site-packages/airflow/example_dags/example_branch_labels.py
[2024-10-13T14:11:46.699+0100] {processor.py:925} INFO - DAG(s) 'example_branch_labels' retrieved from /opt/homebrew/Caskroom/miniconda/base/envs/airflow_env/lib/python3.9/site-packages/airflow/example_dags/example_branch_labels.py
[2024-10-13T14:11:46.733+0100] {logging_mixin.py:190} INFO - [2024-10-13T14:11:46.733+0100] {dag.py:3239} INFO - Sync 1 DAGs
[2024-10-13T14:11:46.739+0100] {logging_mixin.py:190} INFO - [2024-10-13T14:11:46.739+0100] {dag.py:4180} INFO - Setting next_dagrun for example_branch_labels to 2024-10-12 00:00:00+00:00, run_after=2024-10-13 00:00:00+00:00
[2024-10-13T14:11:46.745+0100] {processor.py:208} INFO - Processing /opt/homebrew/Caskroom/miniconda/base/envs/airflow_env/lib/python3.9/site-packages/airflow/example_dags/example_branch_labels.py took 0.070 seconds
[2024-10-13T14:13:53.270+0100] {processor.py:186} INFO - Started process (PID=67570) to work on /opt/homebrew/Caskroom/miniconda/base/envs/airflow_env/lib/python3.9/site-packages/airflow/example_dags/example_branch_labels.py
[2024-10-13T14:13:53.270+0100] {processor.py:914} INFO - Processing file /opt/homebrew/Caskroom/miniconda/base/envs/airflow_env/lib/python3.9/site-packages/airflow/example_dags/example_branch_labels.py for tasks to queue
[2024-10-13T14:13:53.271+0100] {logging_mixin.py:190} INFO - [2024-10-13T14:13:53.271+0100] {dagbag.py:588} INFO - Filling up the DagBag from /opt/homebrew/Caskroom/miniconda/base/envs/airflow_env/lib/python3.9/site-packages/airflow/example_dags/example_branch_labels.py
[2024-10-13T14:13:53.295+0100] {processor.py:925} INFO - DAG(s) 'example_branch_labels' retrieved from /opt/homebrew/Caskroom/miniconda/base/envs/airflow_env/lib/python3.9/site-packages/airflow/example_dags/example_branch_labels.py
[2024-10-13T14:13:53.330+0100] {logging_mixin.py:190} INFO - [2024-10-13T14:13:53.330+0100] {dag.py:3239} INFO - Sync 1 DAGs
[2024-10-13T14:13:53.337+0100] {logging_mixin.py:190} INFO - [2024-10-13T14:13:53.337+0100] {dag.py:4180} INFO - Setting next_dagrun for example_branch_labels to 2024-10-12 00:00:00+00:00, run_after=2024-10-13 00:00:00+00:00
[2024-10-13T14:13:53.343+0100] {processor.py:208} INFO - Processing /opt/homebrew/Caskroom/miniconda/base/envs/airflow_env/lib/python3.9/site-packages/airflow/example_dags/example_branch_labels.py took 0.075 seconds
[2024-10-13T14:16:06.178+0100] {processor.py:186} INFO - Started process (PID=67682) to work on /opt/homebrew/Caskroom/miniconda/base/envs/airflow_env/lib/python3.9/site-packages/airflow/example_dags/example_branch_labels.py
[2024-10-13T14:16:06.179+0100] {processor.py:914} INFO - Processing file /opt/homebrew/Caskroom/miniconda/base/envs/airflow_env/lib/python3.9/site-packages/airflow/example_dags/example_branch_labels.py for tasks to queue
[2024-10-13T14:16:06.179+0100] {logging_mixin.py:190} INFO - [2024-10-13T14:16:06.179+0100] {dagbag.py:588} INFO - Filling up the DagBag from /opt/homebrew/Caskroom/miniconda/base/envs/airflow_env/lib/python3.9/site-packages/airflow/example_dags/example_branch_labels.py
[2024-10-13T14:16:06.208+0100] {processor.py:925} INFO - DAG(s) 'example_branch_labels' retrieved from /opt/homebrew/Caskroom/miniconda/base/envs/airflow_env/lib/python3.9/site-packages/airflow/example_dags/example_branch_labels.py
[2024-10-13T14:16:06.248+0100] {logging_mixin.py:190} INFO - [2024-10-13T14:16:06.248+0100] {dag.py:3239} INFO - Sync 1 DAGs
[2024-10-13T14:16:06.255+0100] {logging_mixin.py:190} INFO - [2024-10-13T14:16:06.255+0100] {dag.py:4180} INFO - Setting next_dagrun for example_branch_labels to 2024-10-12 00:00:00+00:00, run_after=2024-10-13 00:00:00+00:00
[2024-10-13T14:16:06.262+0100] {processor.py:208} INFO - Processing /opt/homebrew/Caskroom/miniconda/base/envs/airflow_env/lib/python3.9/site-packages/airflow/example_dags/example_branch_labels.py took 0.088 seconds
[2024-10-13T15:13:31.237+0100] {processor.py:186} INFO - Started process (PID=67882) to work on /opt/homebrew/Caskroom/miniconda/base/envs/airflow_env/lib/python3.9/site-packages/airflow/example_dags/example_branch_labels.py
[2024-10-13T15:13:31.238+0100] {processor.py:914} INFO - Processing file /opt/homebrew/Caskroom/miniconda/base/envs/airflow_env/lib/python3.9/site-packages/airflow/example_dags/example_branch_labels.py for tasks to queue
[2024-10-13T15:13:31.238+0100] {logging_mixin.py:190} INFO - [2024-10-13T15:13:31.238+0100] {dagbag.py:588} INFO - Filling up the DagBag from /opt/homebrew/Caskroom/miniconda/base/envs/airflow_env/lib/python3.9/site-packages/airflow/example_dags/example_branch_labels.py
[2024-10-13T15:13:31.261+0100] {processor.py:925} INFO - DAG(s) 'example_branch_labels' retrieved from /opt/homebrew/Caskroom/miniconda/base/envs/airflow_env/lib/python3.9/site-packages/airflow/example_dags/example_branch_labels.py
[2024-10-13T15:13:31.297+0100] {logging_mixin.py:190} INFO - [2024-10-13T15:13:31.297+0100] {dag.py:3239} INFO - Sync 1 DAGs
[2024-10-13T15:13:31.303+0100] {logging_mixin.py:190} INFO - [2024-10-13T15:13:31.303+0100] {dag.py:4180} INFO - Setting next_dagrun for example_branch_labels to 2024-10-12 00:00:00+00:00, run_after=2024-10-13 00:00:00+00:00
[2024-10-13T15:13:31.309+0100] {processor.py:208} INFO - Processing /opt/homebrew/Caskroom/miniconda/base/envs/airflow_env/lib/python3.9/site-packages/airflow/example_dags/example_branch_labels.py took 0.074 seconds
[2024-10-13T15:15:53.694+0100] {processor.py:186} INFO - Started process (PID=68065) to work on /opt/homebrew/Caskroom/miniconda/base/envs/airflow_env/lib/python3.9/site-packages/airflow/example_dags/example_branch_labels.py
[2024-10-13T15:15:53.695+0100] {processor.py:914} INFO - Processing file /opt/homebrew/Caskroom/miniconda/base/envs/airflow_env/lib/python3.9/site-packages/airflow/example_dags/example_branch_labels.py for tasks to queue
[2024-10-13T15:15:53.695+0100] {logging_mixin.py:190} INFO - [2024-10-13T15:15:53.695+0100] {dagbag.py:588} INFO - Filling up the DagBag from /opt/homebrew/Caskroom/miniconda/base/envs/airflow_env/lib/python3.9/site-packages/airflow/example_dags/example_branch_labels.py
[2024-10-13T15:15:53.717+0100] {processor.py:925} INFO - DAG(s) 'example_branch_labels' retrieved from /opt/homebrew/Caskroom/miniconda/base/envs/airflow_env/lib/python3.9/site-packages/airflow/example_dags/example_branch_labels.py
[2024-10-13T15:15:53.751+0100] {logging_mixin.py:190} INFO - [2024-10-13T15:15:53.751+0100] {dag.py:3239} INFO - Sync 1 DAGs
[2024-10-13T15:15:53.757+0100] {logging_mixin.py:190} INFO - [2024-10-13T15:15:53.757+0100] {dag.py:4180} INFO - Setting next_dagrun for example_branch_labels to 2024-10-12 00:00:00+00:00, run_after=2024-10-13 00:00:00+00:00
[2024-10-13T15:15:53.763+0100] {processor.py:208} INFO - Processing /opt/homebrew/Caskroom/miniconda/base/envs/airflow_env/lib/python3.9/site-packages/airflow/example_dags/example_branch_labels.py took 0.071 seconds
[2024-10-13T15:18:05.462+0100] {processor.py:186} INFO - Started process (PID=68186) to work on /opt/homebrew/Caskroom/miniconda/base/envs/airflow_env/lib/python3.9/site-packages/airflow/example_dags/example_branch_labels.py
[2024-10-13T15:18:05.462+0100] {processor.py:914} INFO - Processing file /opt/homebrew/Caskroom/miniconda/base/envs/airflow_env/lib/python3.9/site-packages/airflow/example_dags/example_branch_labels.py for tasks to queue
[2024-10-13T15:18:05.462+0100] {logging_mixin.py:190} INFO - [2024-10-13T15:18:05.462+0100] {dagbag.py:588} INFO - Filling up the DagBag from /opt/homebrew/Caskroom/miniconda/base/envs/airflow_env/lib/python3.9/site-packages/airflow/example_dags/example_branch_labels.py
[2024-10-13T15:18:05.485+0100] {processor.py:925} INFO - DAG(s) 'example_branch_labels' retrieved from /opt/homebrew/Caskroom/miniconda/base/envs/airflow_env/lib/python3.9/site-packages/airflow/example_dags/example_branch_labels.py
[2024-10-13T15:18:05.518+0100] {logging_mixin.py:190} INFO - [2024-10-13T15:18:05.518+0100] {dag.py:3239} INFO - Sync 1 DAGs
[2024-10-13T15:18:05.524+0100] {logging_mixin.py:190} INFO - [2024-10-13T15:18:05.524+0100] {dag.py:4180} INFO - Setting next_dagrun for example_branch_labels to 2024-10-12 00:00:00+00:00, run_after=2024-10-13 00:00:00+00:00
[2024-10-13T15:18:05.530+0100] {processor.py:208} INFO - Processing /opt/homebrew/Caskroom/miniconda/base/envs/airflow_env/lib/python3.9/site-packages/airflow/example_dags/example_branch_labels.py took 0.070 seconds
[2024-10-13T15:20:18.664+0100] {processor.py:186} INFO - Started process (PID=68320) to work on /opt/homebrew/Caskroom/miniconda/base/envs/airflow_env/lib/python3.9/site-packages/airflow/example_dags/example_branch_labels.py
[2024-10-13T15:20:18.665+0100] {processor.py:914} INFO - Processing file /opt/homebrew/Caskroom/miniconda/base/envs/airflow_env/lib/python3.9/site-packages/airflow/example_dags/example_branch_labels.py for tasks to queue
[2024-10-13T15:20:18.665+0100] {logging_mixin.py:190} INFO - [2024-10-13T15:20:18.665+0100] {dagbag.py:588} INFO - Filling up the DagBag from /opt/homebrew/Caskroom/miniconda/base/envs/airflow_env/lib/python3.9/site-packages/airflow/example_dags/example_branch_labels.py
[2024-10-13T15:20:18.688+0100] {processor.py:925} INFO - DAG(s) 'example_branch_labels' retrieved from /opt/homebrew/Caskroom/miniconda/base/envs/airflow_env/lib/python3.9/site-packages/airflow/example_dags/example_branch_labels.py
[2024-10-13T15:20:18.721+0100] {logging_mixin.py:190} INFO - [2024-10-13T15:20:18.721+0100] {dag.py:3239} INFO - Sync 1 DAGs
[2024-10-13T15:20:18.727+0100] {logging_mixin.py:190} INFO - [2024-10-13T15:20:18.727+0100] {dag.py:4180} INFO - Setting next_dagrun for example_branch_labels to 2024-10-12 00:00:00+00:00, run_after=2024-10-13 00:00:00+00:00
[2024-10-13T15:20:18.733+0100] {processor.py:208} INFO - Processing /opt/homebrew/Caskroom/miniconda/base/envs/airflow_env/lib/python3.9/site-packages/airflow/example_dags/example_branch_labels.py took 0.070 seconds
[2024-10-13T15:22:25.636+0100] {processor.py:186} INFO - Started process (PID=68514) to work on /opt/homebrew/Caskroom/miniconda/base/envs/airflow_env/lib/python3.9/site-packages/airflow/example_dags/example_branch_labels.py
[2024-10-13T15:22:25.636+0100] {processor.py:914} INFO - Processing file /opt/homebrew/Caskroom/miniconda/base/envs/airflow_env/lib/python3.9/site-packages/airflow/example_dags/example_branch_labels.py for tasks to queue
[2024-10-13T15:22:25.637+0100] {logging_mixin.py:190} INFO - [2024-10-13T15:22:25.637+0100] {dagbag.py:588} INFO - Filling up the DagBag from /opt/homebrew/Caskroom/miniconda/base/envs/airflow_env/lib/python3.9/site-packages/airflow/example_dags/example_branch_labels.py
[2024-10-13T15:22:25.658+0100] {processor.py:925} INFO - DAG(s) 'example_branch_labels' retrieved from /opt/homebrew/Caskroom/miniconda/base/envs/airflow_env/lib/python3.9/site-packages/airflow/example_dags/example_branch_labels.py
[2024-10-13T15:22:25.695+0100] {logging_mixin.py:190} INFO - [2024-10-13T15:22:25.694+0100] {dag.py:3239} INFO - Sync 1 DAGs
[2024-10-13T15:22:25.701+0100] {logging_mixin.py:190} INFO - [2024-10-13T15:22:25.701+0100] {dag.py:4180} INFO - Setting next_dagrun for example_branch_labels to 2024-10-12 00:00:00+00:00, run_after=2024-10-13 00:00:00+00:00
[2024-10-13T15:22:25.708+0100] {processor.py:208} INFO - Processing /opt/homebrew/Caskroom/miniconda/base/envs/airflow_env/lib/python3.9/site-packages/airflow/example_dags/example_branch_labels.py took 0.074 seconds
[2024-10-13T15:24:33.688+0100] {processor.py:186} INFO - Started process (PID=68645) to work on /opt/homebrew/Caskroom/miniconda/base/envs/airflow_env/lib/python3.9/site-packages/airflow/example_dags/example_branch_labels.py
[2024-10-13T15:24:33.689+0100] {processor.py:914} INFO - Processing file /opt/homebrew/Caskroom/miniconda/base/envs/airflow_env/lib/python3.9/site-packages/airflow/example_dags/example_branch_labels.py for tasks to queue
[2024-10-13T15:24:33.689+0100] {logging_mixin.py:190} INFO - [2024-10-13T15:24:33.689+0100] {dagbag.py:588} INFO - Filling up the DagBag from /opt/homebrew/Caskroom/miniconda/base/envs/airflow_env/lib/python3.9/site-packages/airflow/example_dags/example_branch_labels.py
[2024-10-13T15:24:33.711+0100] {processor.py:925} INFO - DAG(s) 'example_branch_labels' retrieved from /opt/homebrew/Caskroom/miniconda/base/envs/airflow_env/lib/python3.9/site-packages/airflow/example_dags/example_branch_labels.py
[2024-10-13T15:24:33.745+0100] {logging_mixin.py:190} INFO - [2024-10-13T15:24:33.745+0100] {dag.py:3239} INFO - Sync 1 DAGs
[2024-10-13T15:24:33.751+0100] {logging_mixin.py:190} INFO - [2024-10-13T15:24:33.751+0100] {dag.py:4180} INFO - Setting next_dagrun for example_branch_labels to 2024-10-12 00:00:00+00:00, run_after=2024-10-13 00:00:00+00:00
[2024-10-13T15:24:33.757+0100] {processor.py:208} INFO - Processing /opt/homebrew/Caskroom/miniconda/base/envs/airflow_env/lib/python3.9/site-packages/airflow/example_dags/example_branch_labels.py took 0.071 seconds
[2024-10-13T15:26:42.018+0100] {processor.py:186} INFO - Started process (PID=68816) to work on /opt/homebrew/Caskroom/miniconda/base/envs/airflow_env/lib/python3.9/site-packages/airflow/example_dags/example_branch_labels.py
[2024-10-13T15:26:42.018+0100] {processor.py:914} INFO - Processing file /opt/homebrew/Caskroom/miniconda/base/envs/airflow_env/lib/python3.9/site-packages/airflow/example_dags/example_branch_labels.py for tasks to queue
[2024-10-13T15:26:42.018+0100] {logging_mixin.py:190} INFO - [2024-10-13T15:26:42.018+0100] {dagbag.py:588} INFO - Filling up the DagBag from /opt/homebrew/Caskroom/miniconda/base/envs/airflow_env/lib/python3.9/site-packages/airflow/example_dags/example_branch_labels.py
[2024-10-13T15:26:42.044+0100] {processor.py:925} INFO - DAG(s) 'example_branch_labels' retrieved from /opt/homebrew/Caskroom/miniconda/base/envs/airflow_env/lib/python3.9/site-packages/airflow/example_dags/example_branch_labels.py
[2024-10-13T15:26:42.083+0100] {logging_mixin.py:190} INFO - [2024-10-13T15:26:42.083+0100] {dag.py:3239} INFO - Sync 1 DAGs
[2024-10-13T15:26:42.090+0100] {logging_mixin.py:190} INFO - [2024-10-13T15:26:42.090+0100] {dag.py:4180} INFO - Setting next_dagrun for example_branch_labels to 2024-10-12 00:00:00+00:00, run_after=2024-10-13 00:00:00+00:00
[2024-10-13T15:26:42.096+0100] {processor.py:208} INFO - Processing /opt/homebrew/Caskroom/miniconda/base/envs/airflow_env/lib/python3.9/site-packages/airflow/example_dags/example_branch_labels.py took 0.081 seconds
