[2024-10-13T14:08:39.772+0100] {processor.py:186} INFO - Started process (PID=67197) to work on /opt/homebrew/Caskroom/miniconda/base/envs/airflow_env/lib/python3.9/site-packages/airflow/example_dags/example_skip_dag.py
[2024-10-13T14:08:39.772+0100] {processor.py:914} INFO - Processing file /opt/homebrew/Caskroom/miniconda/base/envs/airflow_env/lib/python3.9/site-packages/airflow/example_dags/example_skip_dag.py for tasks to queue
[2024-10-13T14:08:39.772+0100] {logging_mixin.py:190} INFO - [2024-10-13T14:08:39.772+0100] {dagbag.py:588} INFO - Filling up the DagBag from /opt/homebrew/Caskroom/miniconda/base/envs/airflow_env/lib/python3.9/site-packages/airflow/example_dags/example_skip_dag.py
[2024-10-13T14:08:39.794+0100] {processor.py:925} INFO - DAG(s) 'example_skip_dag' retrieved from /opt/homebrew/Caskroom/miniconda/base/envs/airflow_env/lib/python3.9/site-packages/airflow/example_dags/example_skip_dag.py
[2024-10-13T14:08:39.856+0100] {logging_mixin.py:190} INFO - [2024-10-13T14:08:39.855+0100] {override.py:1901} INFO - Created Permission View: can delete on DAG:example_skip_dag
[2024-10-13T14:08:39.859+0100] {logging_mixin.py:190} INFO - [2024-10-13T14:08:39.859+0100] {override.py:1901} INFO - Created Permission View: can read on DAG:example_skip_dag
[2024-10-13T14:08:39.861+0100] {logging_mixin.py:190} INFO - [2024-10-13T14:08:39.861+0100] {override.py:1901} INFO - Created Permission View: can edit on DAG:example_skip_dag
[2024-10-13T14:08:39.866+0100] {logging_mixin.py:190} INFO - [2024-10-13T14:08:39.866+0100] {override.py:1901} INFO - Created Permission View: can create on DAG Run:example_skip_dag
[2024-10-13T14:08:39.868+0100] {logging_mixin.py:190} INFO - [2024-10-13T14:08:39.868+0100] {override.py:1901} INFO - Created Permission View: can read on DAG Run:example_skip_dag
[2024-10-13T14:08:39.872+0100] {logging_mixin.py:190} INFO - [2024-10-13T14:08:39.872+0100] {override.py:1901} INFO - Created Permission View: can delete on DAG Run:example_skip_dag
[2024-10-13T14:08:39.874+0100] {logging_mixin.py:190} INFO - [2024-10-13T14:08:39.874+0100] {override.py:1901} INFO - Created Permission View: menu access on DAG Run:example_skip_dag
[2024-10-13T14:08:39.874+0100] {logging_mixin.py:190} INFO - [2024-10-13T14:08:39.874+0100] {dag.py:3239} INFO - Sync 1 DAGs
[2024-10-13T14:08:39.878+0100] {logging_mixin.py:190} INFO - [2024-10-13T14:08:39.878+0100] {dag.py:3262} INFO - Creating ORM DAG for example_skip_dag
[2024-10-13T14:08:39.881+0100] {logging_mixin.py:190} INFO - [2024-10-13T14:08:39.881+0100] {dag.py:4180} INFO - Setting next_dagrun for example_skip_dag to 2024-10-12 00:00:00+00:00, run_after=2024-10-13 00:00:00+00:00
[2024-10-13T14:08:39.886+0100] {processor.py:208} INFO - Processing /opt/homebrew/Caskroom/miniconda/base/envs/airflow_env/lib/python3.9/site-packages/airflow/example_dags/example_skip_dag.py took 0.117 seconds
[2024-10-13T14:10:18.591+0100] {processor.py:186} INFO - Started process (PID=67302) to work on /opt/homebrew/Caskroom/miniconda/base/envs/airflow_env/lib/python3.9/site-packages/airflow/example_dags/example_skip_dag.py
[2024-10-13T14:10:18.592+0100] {processor.py:914} INFO - Processing file /opt/homebrew/Caskroom/miniconda/base/envs/airflow_env/lib/python3.9/site-packages/airflow/example_dags/example_skip_dag.py for tasks to queue
[2024-10-13T14:10:18.592+0100] {logging_mixin.py:190} INFO - [2024-10-13T14:10:18.592+0100] {dagbag.py:588} INFO - Filling up the DagBag from /opt/homebrew/Caskroom/miniconda/base/envs/airflow_env/lib/python3.9/site-packages/airflow/example_dags/example_skip_dag.py
[2024-10-13T14:10:18.612+0100] {processor.py:925} INFO - DAG(s) 'example_skip_dag' retrieved from /opt/homebrew/Caskroom/miniconda/base/envs/airflow_env/lib/python3.9/site-packages/airflow/example_dags/example_skip_dag.py
[2024-10-13T14:10:18.647+0100] {logging_mixin.py:190} INFO - [2024-10-13T14:10:18.646+0100] {dag.py:3239} INFO - Sync 1 DAGs
[2024-10-13T14:10:18.652+0100] {logging_mixin.py:190} INFO - [2024-10-13T14:10:18.652+0100] {dag.py:4180} INFO - Setting next_dagrun for example_skip_dag to 2024-10-12 00:00:00+00:00, run_after=2024-10-13 00:00:00+00:00
[2024-10-13T14:10:18.658+0100] {processor.py:208} INFO - Processing /opt/homebrew/Caskroom/miniconda/base/envs/airflow_env/lib/python3.9/site-packages/airflow/example_dags/example_skip_dag.py took 0.069 seconds
[2024-10-13T14:11:24.561+0100] {processor.py:186} INFO - Started process (PID=67375) to work on /opt/homebrew/Caskroom/miniconda/base/envs/airflow_env/lib/python3.9/site-packages/airflow/example_dags/example_skip_dag.py
[2024-10-13T14:11:24.561+0100] {processor.py:914} INFO - Processing file /opt/homebrew/Caskroom/miniconda/base/envs/airflow_env/lib/python3.9/site-packages/airflow/example_dags/example_skip_dag.py for tasks to queue
[2024-10-13T14:11:24.562+0100] {logging_mixin.py:190} INFO - [2024-10-13T14:11:24.562+0100] {dagbag.py:588} INFO - Filling up the DagBag from /opt/homebrew/Caskroom/miniconda/base/envs/airflow_env/lib/python3.9/site-packages/airflow/example_dags/example_skip_dag.py
[2024-10-13T14:11:24.585+0100] {processor.py:925} INFO - DAG(s) 'example_skip_dag' retrieved from /opt/homebrew/Caskroom/miniconda/base/envs/airflow_env/lib/python3.9/site-packages/airflow/example_dags/example_skip_dag.py
[2024-10-13T14:11:24.620+0100] {logging_mixin.py:190} INFO - [2024-10-13T14:11:24.620+0100] {dag.py:3239} INFO - Sync 1 DAGs
[2024-10-13T14:11:24.626+0100] {logging_mixin.py:190} INFO - [2024-10-13T14:11:24.626+0100] {dag.py:4180} INFO - Setting next_dagrun for example_skip_dag to 2024-10-12 00:00:00+00:00, run_after=2024-10-13 00:00:00+00:00
[2024-10-13T14:11:24.633+0100] {processor.py:208} INFO - Processing /opt/homebrew/Caskroom/miniconda/base/envs/airflow_env/lib/python3.9/site-packages/airflow/example_dags/example_skip_dag.py took 0.074 seconds
[2024-10-13T14:13:29.785+0100] {processor.py:186} INFO - Started process (PID=67543) to work on /opt/homebrew/Caskroom/miniconda/base/envs/airflow_env/lib/python3.9/site-packages/airflow/example_dags/example_skip_dag.py
[2024-10-13T14:13:29.786+0100] {processor.py:914} INFO - Processing file /opt/homebrew/Caskroom/miniconda/base/envs/airflow_env/lib/python3.9/site-packages/airflow/example_dags/example_skip_dag.py for tasks to queue
[2024-10-13T14:13:29.786+0100] {logging_mixin.py:190} INFO - [2024-10-13T14:13:29.786+0100] {dagbag.py:588} INFO - Filling up the DagBag from /opt/homebrew/Caskroom/miniconda/base/envs/airflow_env/lib/python3.9/site-packages/airflow/example_dags/example_skip_dag.py
[2024-10-13T14:13:29.807+0100] {processor.py:925} INFO - DAG(s) 'example_skip_dag' retrieved from /opt/homebrew/Caskroom/miniconda/base/envs/airflow_env/lib/python3.9/site-packages/airflow/example_dags/example_skip_dag.py
[2024-10-13T14:13:29.843+0100] {logging_mixin.py:190} INFO - [2024-10-13T14:13:29.843+0100] {dag.py:3239} INFO - Sync 1 DAGs
[2024-10-13T14:13:29.849+0100] {logging_mixin.py:190} INFO - [2024-10-13T14:13:29.849+0100] {dag.py:4180} INFO - Setting next_dagrun for example_skip_dag to 2024-10-12 00:00:00+00:00, run_after=2024-10-13 00:00:00+00:00
[2024-10-13T14:13:29.855+0100] {processor.py:208} INFO - Processing /opt/homebrew/Caskroom/miniconda/base/envs/airflow_env/lib/python3.9/site-packages/airflow/example_dags/example_skip_dag.py took 0.071 seconds
[2024-10-13T14:14:35.348+0100] {processor.py:186} INFO - Started process (PID=67604) to work on /opt/homebrew/Caskroom/miniconda/base/envs/airflow_env/lib/python3.9/site-packages/airflow/example_dags/example_skip_dag.py
[2024-10-13T14:14:35.348+0100] {processor.py:914} INFO - Processing file /opt/homebrew/Caskroom/miniconda/base/envs/airflow_env/lib/python3.9/site-packages/airflow/example_dags/example_skip_dag.py for tasks to queue
[2024-10-13T14:14:35.349+0100] {logging_mixin.py:190} INFO - [2024-10-13T14:14:35.349+0100] {dagbag.py:588} INFO - Filling up the DagBag from /opt/homebrew/Caskroom/miniconda/base/envs/airflow_env/lib/python3.9/site-packages/airflow/example_dags/example_skip_dag.py
[2024-10-13T14:14:35.374+0100] {processor.py:925} INFO - DAG(s) 'example_skip_dag' retrieved from /opt/homebrew/Caskroom/miniconda/base/envs/airflow_env/lib/python3.9/site-packages/airflow/example_dags/example_skip_dag.py
[2024-10-13T14:14:35.411+0100] {logging_mixin.py:190} INFO - [2024-10-13T14:14:35.411+0100] {dag.py:3239} INFO - Sync 1 DAGs
[2024-10-13T14:14:35.418+0100] {logging_mixin.py:190} INFO - [2024-10-13T14:14:35.418+0100] {dag.py:4180} INFO - Setting next_dagrun for example_skip_dag to 2024-10-12 00:00:00+00:00, run_after=2024-10-13 00:00:00+00:00
[2024-10-13T14:14:35.425+0100] {processor.py:208} INFO - Processing /opt/homebrew/Caskroom/miniconda/base/envs/airflow_env/lib/python3.9/site-packages/airflow/example_dags/example_skip_dag.py took 0.079 seconds
[2024-10-13T14:15:40.634+0100] {processor.py:186} INFO - Started process (PID=67667) to work on /opt/homebrew/Caskroom/miniconda/base/envs/airflow_env/lib/python3.9/site-packages/airflow/example_dags/example_skip_dag.py
[2024-10-13T14:15:40.634+0100] {processor.py:914} INFO - Processing file /opt/homebrew/Caskroom/miniconda/base/envs/airflow_env/lib/python3.9/site-packages/airflow/example_dags/example_skip_dag.py for tasks to queue
[2024-10-13T14:15:40.634+0100] {logging_mixin.py:190} INFO - [2024-10-13T14:15:40.634+0100] {dagbag.py:588} INFO - Filling up the DagBag from /opt/homebrew/Caskroom/miniconda/base/envs/airflow_env/lib/python3.9/site-packages/airflow/example_dags/example_skip_dag.py
[2024-10-13T14:15:40.658+0100] {processor.py:925} INFO - DAG(s) 'example_skip_dag' retrieved from /opt/homebrew/Caskroom/miniconda/base/envs/airflow_env/lib/python3.9/site-packages/airflow/example_dags/example_skip_dag.py
[2024-10-13T14:15:40.697+0100] {logging_mixin.py:190} INFO - [2024-10-13T14:15:40.696+0100] {dag.py:3239} INFO - Sync 1 DAGs
[2024-10-13T14:15:40.704+0100] {logging_mixin.py:190} INFO - [2024-10-13T14:15:40.704+0100] {dag.py:4180} INFO - Setting next_dagrun for example_skip_dag to 2024-10-12 00:00:00+00:00, run_after=2024-10-13 00:00:00+00:00
[2024-10-13T14:15:40.711+0100] {processor.py:208} INFO - Processing /opt/homebrew/Caskroom/miniconda/base/envs/airflow_env/lib/python3.9/site-packages/airflow/example_dags/example_skip_dag.py took 0.079 seconds
[2024-10-13T14:16:48.633+0100] {processor.py:186} INFO - Started process (PID=67728) to work on /opt/homebrew/Caskroom/miniconda/base/envs/airflow_env/lib/python3.9/site-packages/airflow/example_dags/example_skip_dag.py
[2024-10-13T14:16:48.633+0100] {processor.py:914} INFO - Processing file /opt/homebrew/Caskroom/miniconda/base/envs/airflow_env/lib/python3.9/site-packages/airflow/example_dags/example_skip_dag.py for tasks to queue
[2024-10-13T14:16:48.634+0100] {logging_mixin.py:190} INFO - [2024-10-13T14:16:48.634+0100] {dagbag.py:588} INFO - Filling up the DagBag from /opt/homebrew/Caskroom/miniconda/base/envs/airflow_env/lib/python3.9/site-packages/airflow/example_dags/example_skip_dag.py
[2024-10-13T14:16:48.657+0100] {processor.py:925} INFO - DAG(s) 'example_skip_dag' retrieved from /opt/homebrew/Caskroom/miniconda/base/envs/airflow_env/lib/python3.9/site-packages/airflow/example_dags/example_skip_dag.py
[2024-10-13T14:16:48.695+0100] {logging_mixin.py:190} INFO - [2024-10-13T14:16:48.694+0100] {dag.py:3239} INFO - Sync 1 DAGs
[2024-10-13T14:16:48.700+0100] {logging_mixin.py:190} INFO - [2024-10-13T14:16:48.700+0100] {dag.py:4180} INFO - Setting next_dagrun for example_skip_dag to 2024-10-12 00:00:00+00:00, run_after=2024-10-13 00:00:00+00:00
[2024-10-13T14:16:48.708+0100] {processor.py:208} INFO - Processing /opt/homebrew/Caskroom/miniconda/base/envs/airflow_env/lib/python3.9/site-packages/airflow/example_dags/example_skip_dag.py took 0.078 seconds
[2024-10-13T14:19:53.309+0100] {processor.py:186} INFO - Started process (PID=67791) to work on /opt/homebrew/Caskroom/miniconda/base/envs/airflow_env/lib/python3.9/site-packages/airflow/example_dags/example_skip_dag.py
[2024-10-13T14:19:53.309+0100] {processor.py:914} INFO - Processing file /opt/homebrew/Caskroom/miniconda/base/envs/airflow_env/lib/python3.9/site-packages/airflow/example_dags/example_skip_dag.py for tasks to queue
[2024-10-13T14:19:53.310+0100] {logging_mixin.py:190} INFO - [2024-10-13T14:19:53.310+0100] {dagbag.py:588} INFO - Filling up the DagBag from /opt/homebrew/Caskroom/miniconda/base/envs/airflow_env/lib/python3.9/site-packages/airflow/example_dags/example_skip_dag.py
[2024-10-13T14:19:53.335+0100] {processor.py:925} INFO - DAG(s) 'example_skip_dag' retrieved from /opt/homebrew/Caskroom/miniconda/base/envs/airflow_env/lib/python3.9/site-packages/airflow/example_dags/example_skip_dag.py
[2024-10-13T14:19:53.370+0100] {logging_mixin.py:190} INFO - [2024-10-13T14:19:53.370+0100] {dag.py:3239} INFO - Sync 1 DAGs
[2024-10-13T14:19:53.376+0100] {logging_mixin.py:190} INFO - [2024-10-13T14:19:53.376+0100] {dag.py:4180} INFO - Setting next_dagrun for example_skip_dag to 2024-10-12 00:00:00+00:00, run_after=2024-10-13 00:00:00+00:00
[2024-10-13T14:36:38.293+0100] {processor.py:208} INFO - Processing /opt/homebrew/Caskroom/miniconda/base/envs/airflow_env/lib/python3.9/site-packages/airflow/example_dags/example_skip_dag.py took 0.407 seconds
[2024-10-13T15:14:15.754+0100] {processor.py:186} INFO - Started process (PID=67964) to work on /opt/homebrew/Caskroom/miniconda/base/envs/airflow_env/lib/python3.9/site-packages/airflow/example_dags/example_skip_dag.py
[2024-10-13T15:14:15.756+0100] {processor.py:914} INFO - Processing file /opt/homebrew/Caskroom/miniconda/base/envs/airflow_env/lib/python3.9/site-packages/airflow/example_dags/example_skip_dag.py for tasks to queue
[2024-10-13T15:14:15.756+0100] {logging_mixin.py:190} INFO - [2024-10-13T15:14:15.756+0100] {dagbag.py:588} INFO - Filling up the DagBag from /opt/homebrew/Caskroom/miniconda/base/envs/airflow_env/lib/python3.9/site-packages/airflow/example_dags/example_skip_dag.py
[2024-10-13T15:14:15.777+0100] {processor.py:925} INFO - DAG(s) 'example_skip_dag' retrieved from /opt/homebrew/Caskroom/miniconda/base/envs/airflow_env/lib/python3.9/site-packages/airflow/example_dags/example_skip_dag.py
[2024-10-13T15:14:15.856+0100] {logging_mixin.py:190} INFO - [2024-10-13T15:14:15.856+0100] {dag.py:3239} INFO - Sync 1 DAGs
[2024-10-13T15:14:15.861+0100] {logging_mixin.py:190} INFO - [2024-10-13T15:14:15.861+0100] {dag.py:4180} INFO - Setting next_dagrun for example_skip_dag to 2024-10-12 00:00:00+00:00, run_after=2024-10-13 00:00:00+00:00
[2024-10-13T15:14:15.868+0100] {processor.py:208} INFO - Processing /opt/homebrew/Caskroom/miniconda/base/envs/airflow_env/lib/python3.9/site-packages/airflow/example_dags/example_skip_dag.py took 0.116 seconds
[2024-10-13T15:15:31.092+0100] {processor.py:186} INFO - Started process (PID=68049) to work on /opt/homebrew/Caskroom/miniconda/base/envs/airflow_env/lib/python3.9/site-packages/airflow/example_dags/example_skip_dag.py
[2024-10-13T15:15:31.093+0100] {processor.py:914} INFO - Processing file /opt/homebrew/Caskroom/miniconda/base/envs/airflow_env/lib/python3.9/site-packages/airflow/example_dags/example_skip_dag.py for tasks to queue
[2024-10-13T15:15:31.093+0100] {logging_mixin.py:190} INFO - [2024-10-13T15:15:31.093+0100] {dagbag.py:588} INFO - Filling up the DagBag from /opt/homebrew/Caskroom/miniconda/base/envs/airflow_env/lib/python3.9/site-packages/airflow/example_dags/example_skip_dag.py
[2024-10-13T15:15:31.115+0100] {processor.py:925} INFO - DAG(s) 'example_skip_dag' retrieved from /opt/homebrew/Caskroom/miniconda/base/envs/airflow_env/lib/python3.9/site-packages/airflow/example_dags/example_skip_dag.py
[2024-10-13T15:15:31.151+0100] {logging_mixin.py:190} INFO - [2024-10-13T15:15:31.150+0100] {dag.py:3239} INFO - Sync 1 DAGs
[2024-10-13T15:15:31.157+0100] {logging_mixin.py:190} INFO - [2024-10-13T15:15:31.157+0100] {dag.py:4180} INFO - Setting next_dagrun for example_skip_dag to 2024-10-12 00:00:00+00:00, run_after=2024-10-13 00:00:00+00:00
[2024-10-13T15:15:31.163+0100] {processor.py:208} INFO - Processing /opt/homebrew/Caskroom/miniconda/base/envs/airflow_env/lib/python3.9/site-packages/airflow/example_dags/example_skip_dag.py took 0.072 seconds
[2024-10-13T15:16:35.662+0100] {processor.py:186} INFO - Started process (PID=68102) to work on /opt/homebrew/Caskroom/miniconda/base/envs/airflow_env/lib/python3.9/site-packages/airflow/example_dags/example_skip_dag.py
[2024-10-13T15:16:35.663+0100] {processor.py:914} INFO - Processing file /opt/homebrew/Caskroom/miniconda/base/envs/airflow_env/lib/python3.9/site-packages/airflow/example_dags/example_skip_dag.py for tasks to queue
[2024-10-13T15:16:35.663+0100] {logging_mixin.py:190} INFO - [2024-10-13T15:16:35.663+0100] {dagbag.py:588} INFO - Filling up the DagBag from /opt/homebrew/Caskroom/miniconda/base/envs/airflow_env/lib/python3.9/site-packages/airflow/example_dags/example_skip_dag.py
[2024-10-13T15:16:35.690+0100] {processor.py:925} INFO - DAG(s) 'example_skip_dag' retrieved from /opt/homebrew/Caskroom/miniconda/base/envs/airflow_env/lib/python3.9/site-packages/airflow/example_dags/example_skip_dag.py
[2024-10-13T15:16:35.727+0100] {logging_mixin.py:190} INFO - [2024-10-13T15:16:35.727+0100] {dag.py:3239} INFO - Sync 1 DAGs
[2024-10-13T15:16:35.734+0100] {logging_mixin.py:190} INFO - [2024-10-13T15:16:35.733+0100] {dag.py:4180} INFO - Setting next_dagrun for example_skip_dag to 2024-10-12 00:00:00+00:00, run_after=2024-10-13 00:00:00+00:00
[2024-10-13T15:16:35.740+0100] {processor.py:208} INFO - Processing /opt/homebrew/Caskroom/miniconda/base/envs/airflow_env/lib/python3.9/site-packages/airflow/example_dags/example_skip_dag.py took 0.080 seconds
[2024-10-13T15:17:40.245+0100] {processor.py:186} INFO - Started process (PID=68168) to work on /opt/homebrew/Caskroom/miniconda/base/envs/airflow_env/lib/python3.9/site-packages/airflow/example_dags/example_skip_dag.py
[2024-10-13T15:17:40.246+0100] {processor.py:914} INFO - Processing file /opt/homebrew/Caskroom/miniconda/base/envs/airflow_env/lib/python3.9/site-packages/airflow/example_dags/example_skip_dag.py for tasks to queue
[2024-10-13T15:17:40.246+0100] {logging_mixin.py:190} INFO - [2024-10-13T15:17:40.246+0100] {dagbag.py:588} INFO - Filling up the DagBag from /opt/homebrew/Caskroom/miniconda/base/envs/airflow_env/lib/python3.9/site-packages/airflow/example_dags/example_skip_dag.py
[2024-10-13T15:17:40.270+0100] {processor.py:925} INFO - DAG(s) 'example_skip_dag' retrieved from /opt/homebrew/Caskroom/miniconda/base/envs/airflow_env/lib/python3.9/site-packages/airflow/example_dags/example_skip_dag.py
[2024-10-13T15:17:40.305+0100] {logging_mixin.py:190} INFO - [2024-10-13T15:17:40.304+0100] {dag.py:3239} INFO - Sync 1 DAGs
[2024-10-13T15:17:40.310+0100] {logging_mixin.py:190} INFO - [2024-10-13T15:17:40.310+0100] {dag.py:4180} INFO - Setting next_dagrun for example_skip_dag to 2024-10-12 00:00:00+00:00, run_after=2024-10-13 00:00:00+00:00
[2024-10-13T15:17:40.316+0100] {processor.py:208} INFO - Processing /opt/homebrew/Caskroom/miniconda/base/envs/airflow_env/lib/python3.9/site-packages/airflow/example_dags/example_skip_dag.py took 0.074 seconds
[2024-10-13T15:18:48.618+0100] {processor.py:186} INFO - Started process (PID=68241) to work on /opt/homebrew/Caskroom/miniconda/base/envs/airflow_env/lib/python3.9/site-packages/airflow/example_dags/example_skip_dag.py
[2024-10-13T15:18:48.618+0100] {processor.py:914} INFO - Processing file /opt/homebrew/Caskroom/miniconda/base/envs/airflow_env/lib/python3.9/site-packages/airflow/example_dags/example_skip_dag.py for tasks to queue
[2024-10-13T15:18:48.619+0100] {logging_mixin.py:190} INFO - [2024-10-13T15:18:48.619+0100] {dagbag.py:588} INFO - Filling up the DagBag from /opt/homebrew/Caskroom/miniconda/base/envs/airflow_env/lib/python3.9/site-packages/airflow/example_dags/example_skip_dag.py
[2024-10-13T15:18:48.644+0100] {processor.py:925} INFO - DAG(s) 'example_skip_dag' retrieved from /opt/homebrew/Caskroom/miniconda/base/envs/airflow_env/lib/python3.9/site-packages/airflow/example_dags/example_skip_dag.py
[2024-10-13T15:18:48.680+0100] {logging_mixin.py:190} INFO - [2024-10-13T15:18:48.680+0100] {dag.py:3239} INFO - Sync 1 DAGs
[2024-10-13T15:18:48.687+0100] {logging_mixin.py:190} INFO - [2024-10-13T15:18:48.687+0100] {dag.py:4180} INFO - Setting next_dagrun for example_skip_dag to 2024-10-12 00:00:00+00:00, run_after=2024-10-13 00:00:00+00:00
[2024-10-13T15:18:48.693+0100] {processor.py:208} INFO - Processing /opt/homebrew/Caskroom/miniconda/base/envs/airflow_env/lib/python3.9/site-packages/airflow/example_dags/example_skip_dag.py took 0.076 seconds
[2024-10-13T15:19:56.192+0100] {processor.py:186} INFO - Started process (PID=68301) to work on /opt/homebrew/Caskroom/miniconda/base/envs/airflow_env/lib/python3.9/site-packages/airflow/example_dags/example_skip_dag.py
[2024-10-13T15:19:56.193+0100] {processor.py:914} INFO - Processing file /opt/homebrew/Caskroom/miniconda/base/envs/airflow_env/lib/python3.9/site-packages/airflow/example_dags/example_skip_dag.py for tasks to queue
[2024-10-13T15:19:56.193+0100] {logging_mixin.py:190} INFO - [2024-10-13T15:19:56.193+0100] {dagbag.py:588} INFO - Filling up the DagBag from /opt/homebrew/Caskroom/miniconda/base/envs/airflow_env/lib/python3.9/site-packages/airflow/example_dags/example_skip_dag.py
[2024-10-13T15:19:56.214+0100] {processor.py:925} INFO - DAG(s) 'example_skip_dag' retrieved from /opt/homebrew/Caskroom/miniconda/base/envs/airflow_env/lib/python3.9/site-packages/airflow/example_dags/example_skip_dag.py
[2024-10-13T15:19:56.248+0100] {logging_mixin.py:190} INFO - [2024-10-13T15:19:56.248+0100] {dag.py:3239} INFO - Sync 1 DAGs
[2024-10-13T15:19:56.255+0100] {logging_mixin.py:190} INFO - [2024-10-13T15:19:56.255+0100] {dag.py:4180} INFO - Setting next_dagrun for example_skip_dag to 2024-10-12 00:00:00+00:00, run_after=2024-10-13 00:00:00+00:00
[2024-10-13T15:19:56.261+0100] {processor.py:208} INFO - Processing /opt/homebrew/Caskroom/miniconda/base/envs/airflow_env/lib/python3.9/site-packages/airflow/example_dags/example_skip_dag.py took 0.070 seconds
[2024-10-13T15:21:01.664+0100] {processor.py:186} INFO - Started process (PID=68365) to work on /opt/homebrew/Caskroom/miniconda/base/envs/airflow_env/lib/python3.9/site-packages/airflow/example_dags/example_skip_dag.py
[2024-10-13T15:21:01.665+0100] {processor.py:914} INFO - Processing file /opt/homebrew/Caskroom/miniconda/base/envs/airflow_env/lib/python3.9/site-packages/airflow/example_dags/example_skip_dag.py for tasks to queue
[2024-10-13T15:21:01.666+0100] {logging_mixin.py:190} INFO - [2024-10-13T15:21:01.666+0100] {dagbag.py:588} INFO - Filling up the DagBag from /opt/homebrew/Caskroom/miniconda/base/envs/airflow_env/lib/python3.9/site-packages/airflow/example_dags/example_skip_dag.py
[2024-10-13T15:21:01.688+0100] {processor.py:925} INFO - DAG(s) 'example_skip_dag' retrieved from /opt/homebrew/Caskroom/miniconda/base/envs/airflow_env/lib/python3.9/site-packages/airflow/example_dags/example_skip_dag.py
[2024-10-13T15:21:01.722+0100] {logging_mixin.py:190} INFO - [2024-10-13T15:21:01.722+0100] {dag.py:3239} INFO - Sync 1 DAGs
[2024-10-13T15:21:01.729+0100] {logging_mixin.py:190} INFO - [2024-10-13T15:21:01.729+0100] {dag.py:4180} INFO - Setting next_dagrun for example_skip_dag to 2024-10-12 00:00:00+00:00, run_after=2024-10-13 00:00:00+00:00
[2024-10-13T15:21:01.735+0100] {processor.py:208} INFO - Processing /opt/homebrew/Caskroom/miniconda/base/envs/airflow_env/lib/python3.9/site-packages/airflow/example_dags/example_skip_dag.py took 0.072 seconds
[2024-10-13T15:23:05.075+0100] {processor.py:186} INFO - Started process (PID=68576) to work on /opt/homebrew/Caskroom/miniconda/base/envs/airflow_env/lib/python3.9/site-packages/airflow/example_dags/example_skip_dag.py
[2024-10-13T15:23:05.076+0100] {processor.py:914} INFO - Processing file /opt/homebrew/Caskroom/miniconda/base/envs/airflow_env/lib/python3.9/site-packages/airflow/example_dags/example_skip_dag.py for tasks to queue
[2024-10-13T15:23:05.076+0100] {logging_mixin.py:190} INFO - [2024-10-13T15:23:05.076+0100] {dagbag.py:588} INFO - Filling up the DagBag from /opt/homebrew/Caskroom/miniconda/base/envs/airflow_env/lib/python3.9/site-packages/airflow/example_dags/example_skip_dag.py
[2024-10-13T15:23:05.098+0100] {processor.py:925} INFO - DAG(s) 'example_skip_dag' retrieved from /opt/homebrew/Caskroom/miniconda/base/envs/airflow_env/lib/python3.9/site-packages/airflow/example_dags/example_skip_dag.py
[2024-10-13T15:23:05.133+0100] {logging_mixin.py:190} INFO - [2024-10-13T15:23:05.133+0100] {dag.py:3239} INFO - Sync 1 DAGs
[2024-10-13T15:23:05.139+0100] {logging_mixin.py:190} INFO - [2024-10-13T15:23:05.139+0100] {dag.py:4180} INFO - Setting next_dagrun for example_skip_dag to 2024-10-12 00:00:00+00:00, run_after=2024-10-13 00:00:00+00:00
[2024-10-13T15:23:05.145+0100] {processor.py:208} INFO - Processing /opt/homebrew/Caskroom/miniconda/base/envs/airflow_env/lib/python3.9/site-packages/airflow/example_dags/example_skip_dag.py took 0.072 seconds
[2024-10-13T15:24:09.917+0100] {processor.py:186} INFO - Started process (PID=68628) to work on /opt/homebrew/Caskroom/miniconda/base/envs/airflow_env/lib/python3.9/site-packages/airflow/example_dags/example_skip_dag.py
[2024-10-13T15:24:09.918+0100] {processor.py:914} INFO - Processing file /opt/homebrew/Caskroom/miniconda/base/envs/airflow_env/lib/python3.9/site-packages/airflow/example_dags/example_skip_dag.py for tasks to queue
[2024-10-13T15:24:09.918+0100] {logging_mixin.py:190} INFO - [2024-10-13T15:24:09.918+0100] {dagbag.py:588} INFO - Filling up the DagBag from /opt/homebrew/Caskroom/miniconda/base/envs/airflow_env/lib/python3.9/site-packages/airflow/example_dags/example_skip_dag.py
[2024-10-13T15:24:09.942+0100] {processor.py:925} INFO - DAG(s) 'example_skip_dag' retrieved from /opt/homebrew/Caskroom/miniconda/base/envs/airflow_env/lib/python3.9/site-packages/airflow/example_dags/example_skip_dag.py
[2024-10-13T15:24:09.982+0100] {logging_mixin.py:190} INFO - [2024-10-13T15:24:09.982+0100] {dag.py:3239} INFO - Sync 1 DAGs
[2024-10-13T15:24:09.989+0100] {logging_mixin.py:190} INFO - [2024-10-13T15:24:09.989+0100] {dag.py:4180} INFO - Setting next_dagrun for example_skip_dag to 2024-10-12 00:00:00+00:00, run_after=2024-10-13 00:00:00+00:00
[2024-10-13T15:24:09.997+0100] {processor.py:208} INFO - Processing /opt/homebrew/Caskroom/miniconda/base/envs/airflow_env/lib/python3.9/site-packages/airflow/example_dags/example_skip_dag.py took 0.082 seconds
[2024-10-13T15:25:17.251+0100] {processor.py:186} INFO - Started process (PID=68697) to work on /opt/homebrew/Caskroom/miniconda/base/envs/airflow_env/lib/python3.9/site-packages/airflow/example_dags/example_skip_dag.py
[2024-10-13T15:25:17.252+0100] {processor.py:914} INFO - Processing file /opt/homebrew/Caskroom/miniconda/base/envs/airflow_env/lib/python3.9/site-packages/airflow/example_dags/example_skip_dag.py for tasks to queue
[2024-10-13T15:25:17.252+0100] {logging_mixin.py:190} INFO - [2024-10-13T15:25:17.252+0100] {dagbag.py:588} INFO - Filling up the DagBag from /opt/homebrew/Caskroom/miniconda/base/envs/airflow_env/lib/python3.9/site-packages/airflow/example_dags/example_skip_dag.py
[2024-10-13T15:25:17.276+0100] {processor.py:925} INFO - DAG(s) 'example_skip_dag' retrieved from /opt/homebrew/Caskroom/miniconda/base/envs/airflow_env/lib/python3.9/site-packages/airflow/example_dags/example_skip_dag.py
[2024-10-13T15:25:17.312+0100] {logging_mixin.py:190} INFO - [2024-10-13T15:25:17.312+0100] {dag.py:3239} INFO - Sync 1 DAGs
[2024-10-13T15:25:17.319+0100] {logging_mixin.py:190} INFO - [2024-10-13T15:25:17.318+0100] {dag.py:4180} INFO - Setting next_dagrun for example_skip_dag to 2024-10-12 00:00:00+00:00, run_after=2024-10-13 00:00:00+00:00
[2024-10-13T15:25:17.325+0100] {processor.py:208} INFO - Processing /opt/homebrew/Caskroom/miniconda/base/envs/airflow_env/lib/python3.9/site-packages/airflow/example_dags/example_skip_dag.py took 0.076 seconds
[2024-10-13T15:26:20.290+0100] {processor.py:186} INFO - Started process (PID=68800) to work on /opt/homebrew/Caskroom/miniconda/base/envs/airflow_env/lib/python3.9/site-packages/airflow/example_dags/example_skip_dag.py
[2024-10-13T15:26:20.290+0100] {processor.py:914} INFO - Processing file /opt/homebrew/Caskroom/miniconda/base/envs/airflow_env/lib/python3.9/site-packages/airflow/example_dags/example_skip_dag.py for tasks to queue
[2024-10-13T15:26:20.291+0100] {logging_mixin.py:190} INFO - [2024-10-13T15:26:20.290+0100] {dagbag.py:588} INFO - Filling up the DagBag from /opt/homebrew/Caskroom/miniconda/base/envs/airflow_env/lib/python3.9/site-packages/airflow/example_dags/example_skip_dag.py
[2024-10-13T15:26:20.312+0100] {processor.py:925} INFO - DAG(s) 'example_skip_dag' retrieved from /opt/homebrew/Caskroom/miniconda/base/envs/airflow_env/lib/python3.9/site-packages/airflow/example_dags/example_skip_dag.py
[2024-10-13T15:26:20.347+0100] {logging_mixin.py:190} INFO - [2024-10-13T15:26:20.346+0100] {dag.py:3239} INFO - Sync 1 DAGs
[2024-10-13T15:26:20.352+0100] {logging_mixin.py:190} INFO - [2024-10-13T15:26:20.352+0100] {dag.py:4180} INFO - Setting next_dagrun for example_skip_dag to 2024-10-12 00:00:00+00:00, run_after=2024-10-13 00:00:00+00:00
[2024-10-13T15:26:20.358+0100] {processor.py:208} INFO - Processing /opt/homebrew/Caskroom/miniconda/base/envs/airflow_env/lib/python3.9/site-packages/airflow/example_dags/example_skip_dag.py took 0.070 seconds
