[2024-10-13T14:08:36.014+0100] {processor.py:186} INFO - Started process (PID=67190) to work on /opt/homebrew/Caskroom/miniconda/base/envs/airflow_env/lib/python3.9/site-packages/airflow/example_dags/example_subdag_operator.py
[2024-10-13T14:08:36.014+0100] {processor.py:914} INFO - Processing file /opt/homebrew/Caskroom/miniconda/base/envs/airflow_env/lib/python3.9/site-packages/airflow/example_dags/example_subdag_operator.py for tasks to queue
[2024-10-13T14:08:36.014+0100] {logging_mixin.py:190} INFO - [2024-10-13T14:08:36.014+0100] {dagbag.py:588} INFO - Filling up the DagBag from /opt/homebrew/Caskroom/miniconda/base/envs/airflow_env/lib/python3.9/site-packages/airflow/example_dags/example_subdag_operator.py
[2024-10-13T14:08:36.067+0100] {processor.py:925} INFO - DAG(s) 'example_subdag_operator.section-1', 'example_subdag_operator.section-2', 'example_subdag_operator' retrieved from /opt/homebrew/Caskroom/miniconda/base/envs/airflow_env/lib/python3.9/site-packages/airflow/example_dags/example_subdag_operator.py
[2024-10-13T14:08:36.072+0100] {logging_mixin.py:190} INFO - [2024-10-13T14:08:36.072+0100] {workday.py:41} WARNING - Could not import pandas. Holidays will not be considered.
[2024-10-13T14:08:36.106+0100] {logging_mixin.py:190} INFO - [2024-10-13T14:08:36.106+0100] {override.py:1901} INFO - Created Permission View: can delete on DAG:example_subdag_operator
[2024-10-13T14:08:36.109+0100] {logging_mixin.py:190} INFO - [2024-10-13T14:08:36.109+0100] {override.py:1901} INFO - Created Permission View: can read on DAG:example_subdag_operator
[2024-10-13T14:08:36.111+0100] {logging_mixin.py:190} INFO - [2024-10-13T14:08:36.111+0100] {override.py:1901} INFO - Created Permission View: can edit on DAG:example_subdag_operator
[2024-10-13T14:08:36.113+0100] {logging_mixin.py:190} INFO - [2024-10-13T14:08:36.113+0100] {override.py:1901} INFO - Created Permission View: can delete on DAG Run:example_subdag_operator
[2024-10-13T14:08:36.115+0100] {logging_mixin.py:190} INFO - [2024-10-13T14:08:36.115+0100] {override.py:1901} INFO - Created Permission View: menu access on DAG Run:example_subdag_operator
[2024-10-13T14:08:36.117+0100] {logging_mixin.py:190} INFO - [2024-10-13T14:08:36.117+0100] {override.py:1901} INFO - Created Permission View: can read on DAG Run:example_subdag_operator
[2024-10-13T14:08:36.119+0100] {logging_mixin.py:190} INFO - [2024-10-13T14:08:36.119+0100] {override.py:1901} INFO - Created Permission View: can create on DAG Run:example_subdag_operator
[2024-10-13T14:08:36.119+0100] {logging_mixin.py:190} INFO - [2024-10-13T14:08:36.119+0100] {dag.py:3239} INFO - Sync 3 DAGs
[2024-10-13T14:08:36.123+0100] {logging_mixin.py:190} INFO - [2024-10-13T14:08:36.123+0100] {dag.py:3262} INFO - Creating ORM DAG for example_subdag_operator
[2024-10-13T14:08:36.123+0100] {logging_mixin.py:190} INFO - [2024-10-13T14:08:36.123+0100] {dag.py:3262} INFO - Creating ORM DAG for example_subdag_operator.section-2
[2024-10-13T14:08:36.123+0100] {logging_mixin.py:190} INFO - [2024-10-13T14:08:36.123+0100] {dag.py:3262} INFO - Creating ORM DAG for example_subdag_operator.section-1
[2024-10-13T14:08:36.125+0100] {logging_mixin.py:190} INFO - [2024-10-13T14:08:36.125+0100] {dag.py:4180} INFO - Setting next_dagrun for example_subdag_operator to 2022-01-01 00:00:00+00:00, run_after=2022-01-01 00:00:00+00:00
[2024-10-13T14:08:36.125+0100] {logging_mixin.py:190} INFO - [2024-10-13T14:08:36.125+0100] {dag.py:4180} INFO - Setting next_dagrun for example_subdag_operator.section-1 to None, run_after=None
[2024-10-13T14:08:36.126+0100] {logging_mixin.py:190} INFO - [2024-10-13T14:08:36.126+0100] {dag.py:4180} INFO - Setting next_dagrun for example_subdag_operator.section-2 to None, run_after=None
[2024-10-13T14:08:36.128+0100] {logging_mixin.py:190} INFO - [2024-10-13T14:08:36.128+0100] {dag.py:3239} INFO - Sync 2 DAGs
[2024-10-13T14:08:36.129+0100] {logging_mixin.py:190} INFO - [2024-10-13T14:08:36.129+0100] {dag.py:4180} INFO - Setting next_dagrun for example_subdag_operator.section-1 to None, run_after=None
[2024-10-13T14:08:36.130+0100] {logging_mixin.py:190} INFO - [2024-10-13T14:08:36.130+0100] {dag.py:4180} INFO - Setting next_dagrun for example_subdag_operator.section-2 to None, run_after=None
[2024-10-13T14:08:36.135+0100] {processor.py:208} INFO - Processing /opt/homebrew/Caskroom/miniconda/base/envs/airflow_env/lib/python3.9/site-packages/airflow/example_dags/example_subdag_operator.py took 0.123 seconds
[2024-10-13T14:10:14.952+0100] {processor.py:186} INFO - Started process (PID=67300) to work on /opt/homebrew/Caskroom/miniconda/base/envs/airflow_env/lib/python3.9/site-packages/airflow/example_dags/example_subdag_operator.py
[2024-10-13T14:10:14.953+0100] {processor.py:914} INFO - Processing file /opt/homebrew/Caskroom/miniconda/base/envs/airflow_env/lib/python3.9/site-packages/airflow/example_dags/example_subdag_operator.py for tasks to queue
[2024-10-13T14:10:14.953+0100] {logging_mixin.py:190} INFO - [2024-10-13T14:10:14.953+0100] {dagbag.py:588} INFO - Filling up the DagBag from /opt/homebrew/Caskroom/miniconda/base/envs/airflow_env/lib/python3.9/site-packages/airflow/example_dags/example_subdag_operator.py
[2024-10-13T14:10:15.005+0100] {processor.py:925} INFO - DAG(s) 'example_subdag_operator.section-1', 'example_subdag_operator.section-2', 'example_subdag_operator' retrieved from /opt/homebrew/Caskroom/miniconda/base/envs/airflow_env/lib/python3.9/site-packages/airflow/example_dags/example_subdag_operator.py
[2024-10-13T14:10:15.010+0100] {logging_mixin.py:190} INFO - [2024-10-13T14:10:15.010+0100] {workday.py:41} WARNING - Could not import pandas. Holidays will not be considered.
[2024-10-13T14:10:15.015+0100] {logging_mixin.py:190} INFO - [2024-10-13T14:10:15.015+0100] {dag.py:3239} INFO - Sync 3 DAGs
[2024-10-13T14:10:15.020+0100] {logging_mixin.py:190} INFO - [2024-10-13T14:10:15.020+0100] {dag.py:4180} INFO - Setting next_dagrun for example_subdag_operator to 2022-01-01 00:00:00+00:00, run_after=2022-01-01 00:00:00+00:00
[2024-10-13T14:10:15.021+0100] {logging_mixin.py:190} INFO - [2024-10-13T14:10:15.021+0100] {dag.py:4180} INFO - Setting next_dagrun for example_subdag_operator.section-1 to None, run_after=None
[2024-10-13T14:10:15.022+0100] {logging_mixin.py:190} INFO - [2024-10-13T14:10:15.022+0100] {dag.py:4180} INFO - Setting next_dagrun for example_subdag_operator.section-2 to None, run_after=None
[2024-10-13T14:10:15.024+0100] {logging_mixin.py:190} INFO - [2024-10-13T14:10:15.024+0100] {dag.py:3239} INFO - Sync 2 DAGs
[2024-10-13T14:10:15.025+0100] {logging_mixin.py:190} INFO - [2024-10-13T14:10:15.025+0100] {dag.py:4180} INFO - Setting next_dagrun for example_subdag_operator.section-1 to None, run_after=None
[2024-10-13T14:10:15.025+0100] {logging_mixin.py:190} INFO - [2024-10-13T14:10:15.025+0100] {dag.py:4180} INFO - Setting next_dagrun for example_subdag_operator.section-2 to None, run_after=None
[2024-10-13T14:10:15.029+0100] {processor.py:208} INFO - Processing /opt/homebrew/Caskroom/miniconda/base/envs/airflow_env/lib/python3.9/site-packages/airflow/example_dags/example_subdag_operator.py took 0.078 seconds
[2024-10-13T14:11:20.941+0100] {processor.py:186} INFO - Started process (PID=67370) to work on /opt/homebrew/Caskroom/miniconda/base/envs/airflow_env/lib/python3.9/site-packages/airflow/example_dags/example_subdag_operator.py
[2024-10-13T14:11:20.941+0100] {processor.py:914} INFO - Processing file /opt/homebrew/Caskroom/miniconda/base/envs/airflow_env/lib/python3.9/site-packages/airflow/example_dags/example_subdag_operator.py for tasks to queue
[2024-10-13T14:11:20.941+0100] {logging_mixin.py:190} INFO - [2024-10-13T14:11:20.941+0100] {dagbag.py:588} INFO - Filling up the DagBag from /opt/homebrew/Caskroom/miniconda/base/envs/airflow_env/lib/python3.9/site-packages/airflow/example_dags/example_subdag_operator.py
[2024-10-13T14:11:20.995+0100] {processor.py:925} INFO - DAG(s) 'example_subdag_operator.section-1', 'example_subdag_operator.section-2', 'example_subdag_operator' retrieved from /opt/homebrew/Caskroom/miniconda/base/envs/airflow_env/lib/python3.9/site-packages/airflow/example_dags/example_subdag_operator.py
[2024-10-13T14:11:21.000+0100] {logging_mixin.py:190} INFO - [2024-10-13T14:11:21.000+0100] {workday.py:41} WARNING - Could not import pandas. Holidays will not be considered.
[2024-10-13T14:11:21.005+0100] {logging_mixin.py:190} INFO - [2024-10-13T14:11:21.005+0100] {dag.py:3239} INFO - Sync 3 DAGs
[2024-10-13T14:11:21.010+0100] {logging_mixin.py:190} INFO - [2024-10-13T14:11:21.010+0100] {dag.py:4180} INFO - Setting next_dagrun for example_subdag_operator to 2022-01-01 00:00:00+00:00, run_after=2022-01-01 00:00:00+00:00
[2024-10-13T14:11:21.012+0100] {logging_mixin.py:190} INFO - [2024-10-13T14:11:21.011+0100] {dag.py:4180} INFO - Setting next_dagrun for example_subdag_operator.section-1 to None, run_after=None
[2024-10-13T14:11:21.012+0100] {logging_mixin.py:190} INFO - [2024-10-13T14:11:21.012+0100] {dag.py:4180} INFO - Setting next_dagrun for example_subdag_operator.section-2 to None, run_after=None
[2024-10-13T14:11:21.014+0100] {logging_mixin.py:190} INFO - [2024-10-13T14:11:21.014+0100] {dag.py:3239} INFO - Sync 2 DAGs
[2024-10-13T14:11:21.016+0100] {logging_mixin.py:190} INFO - [2024-10-13T14:11:21.015+0100] {dag.py:4180} INFO - Setting next_dagrun for example_subdag_operator.section-1 to None, run_after=None
[2024-10-13T14:11:21.016+0100] {logging_mixin.py:190} INFO - [2024-10-13T14:11:21.016+0100] {dag.py:4180} INFO - Setting next_dagrun for example_subdag_operator.section-2 to None, run_after=None
[2024-10-13T14:11:21.020+0100] {processor.py:208} INFO - Processing /opt/homebrew/Caskroom/miniconda/base/envs/airflow_env/lib/python3.9/site-packages/airflow/example_dags/example_subdag_operator.py took 0.081 seconds
[2024-10-13T14:12:24.386+0100] {processor.py:186} INFO - Started process (PID=67452) to work on /opt/homebrew/Caskroom/miniconda/base/envs/airflow_env/lib/python3.9/site-packages/airflow/example_dags/example_subdag_operator.py
[2024-10-13T14:12:24.386+0100] {processor.py:914} INFO - Processing file /opt/homebrew/Caskroom/miniconda/base/envs/airflow_env/lib/python3.9/site-packages/airflow/example_dags/example_subdag_operator.py for tasks to queue
[2024-10-13T14:12:24.387+0100] {logging_mixin.py:190} INFO - [2024-10-13T14:12:24.387+0100] {dagbag.py:588} INFO - Filling up the DagBag from /opt/homebrew/Caskroom/miniconda/base/envs/airflow_env/lib/python3.9/site-packages/airflow/example_dags/example_subdag_operator.py
[2024-10-13T14:12:24.442+0100] {processor.py:925} INFO - DAG(s) 'example_subdag_operator.section-1', 'example_subdag_operator.section-2', 'example_subdag_operator' retrieved from /opt/homebrew/Caskroom/miniconda/base/envs/airflow_env/lib/python3.9/site-packages/airflow/example_dags/example_subdag_operator.py
[2024-10-13T14:12:24.447+0100] {logging_mixin.py:190} INFO - [2024-10-13T14:12:24.447+0100] {workday.py:41} WARNING - Could not import pandas. Holidays will not be considered.
[2024-10-13T14:12:24.452+0100] {logging_mixin.py:190} INFO - [2024-10-13T14:12:24.452+0100] {dag.py:3239} INFO - Sync 3 DAGs
[2024-10-13T14:12:24.457+0100] {logging_mixin.py:190} INFO - [2024-10-13T14:12:24.457+0100] {dag.py:4180} INFO - Setting next_dagrun for example_subdag_operator to 2022-01-01 00:00:00+00:00, run_after=2022-01-01 00:00:00+00:00
[2024-10-13T14:12:24.459+0100] {logging_mixin.py:190} INFO - [2024-10-13T14:12:24.458+0100] {dag.py:4180} INFO - Setting next_dagrun for example_subdag_operator.section-1 to None, run_after=None
[2024-10-13T14:12:24.459+0100] {logging_mixin.py:190} INFO - [2024-10-13T14:12:24.459+0100] {dag.py:4180} INFO - Setting next_dagrun for example_subdag_operator.section-2 to None, run_after=None
[2024-10-13T14:12:24.461+0100] {logging_mixin.py:190} INFO - [2024-10-13T14:12:24.461+0100] {dag.py:3239} INFO - Sync 2 DAGs
[2024-10-13T14:12:24.462+0100] {logging_mixin.py:190} INFO - [2024-10-13T14:12:24.462+0100] {dag.py:4180} INFO - Setting next_dagrun for example_subdag_operator.section-1 to None, run_after=None
[2024-10-13T14:12:24.463+0100] {logging_mixin.py:190} INFO - [2024-10-13T14:12:24.462+0100] {dag.py:4180} INFO - Setting next_dagrun for example_subdag_operator.section-2 to None, run_after=None
[2024-10-13T14:12:24.466+0100] {processor.py:208} INFO - Processing /opt/homebrew/Caskroom/miniconda/base/envs/airflow_env/lib/python3.9/site-packages/airflow/example_dags/example_subdag_operator.py took 0.082 seconds
[2024-10-13T14:13:26.126+0100] {processor.py:186} INFO - Started process (PID=67539) to work on /opt/homebrew/Caskroom/miniconda/base/envs/airflow_env/lib/python3.9/site-packages/airflow/example_dags/example_subdag_operator.py
[2024-10-13T14:13:26.127+0100] {processor.py:914} INFO - Processing file /opt/homebrew/Caskroom/miniconda/base/envs/airflow_env/lib/python3.9/site-packages/airflow/example_dags/example_subdag_operator.py for tasks to queue
[2024-10-13T14:13:26.127+0100] {logging_mixin.py:190} INFO - [2024-10-13T14:13:26.127+0100] {dagbag.py:588} INFO - Filling up the DagBag from /opt/homebrew/Caskroom/miniconda/base/envs/airflow_env/lib/python3.9/site-packages/airflow/example_dags/example_subdag_operator.py
[2024-10-13T14:13:26.185+0100] {processor.py:925} INFO - DAG(s) 'example_subdag_operator.section-1', 'example_subdag_operator.section-2', 'example_subdag_operator' retrieved from /opt/homebrew/Caskroom/miniconda/base/envs/airflow_env/lib/python3.9/site-packages/airflow/example_dags/example_subdag_operator.py
[2024-10-13T14:13:26.191+0100] {logging_mixin.py:190} INFO - [2024-10-13T14:13:26.191+0100] {workday.py:41} WARNING - Could not import pandas. Holidays will not be considered.
[2024-10-13T14:13:26.197+0100] {logging_mixin.py:190} INFO - [2024-10-13T14:13:26.197+0100] {dag.py:3239} INFO - Sync 3 DAGs
[2024-10-13T14:13:26.203+0100] {logging_mixin.py:190} INFO - [2024-10-13T14:13:26.202+0100] {dag.py:4180} INFO - Setting next_dagrun for example_subdag_operator to 2022-01-01 00:00:00+00:00, run_after=2022-01-01 00:00:00+00:00
[2024-10-13T14:13:26.204+0100] {logging_mixin.py:190} INFO - [2024-10-13T14:13:26.203+0100] {dag.py:4180} INFO - Setting next_dagrun for example_subdag_operator.section-1 to None, run_after=None
[2024-10-13T14:13:26.204+0100] {logging_mixin.py:190} INFO - [2024-10-13T14:13:26.204+0100] {dag.py:4180} INFO - Setting next_dagrun for example_subdag_operator.section-2 to None, run_after=None
[2024-10-13T14:13:26.206+0100] {logging_mixin.py:190} INFO - [2024-10-13T14:13:26.206+0100] {dag.py:3239} INFO - Sync 2 DAGs
[2024-10-13T14:13:26.208+0100] {logging_mixin.py:190} INFO - [2024-10-13T14:13:26.207+0100] {dag.py:4180} INFO - Setting next_dagrun for example_subdag_operator.section-1 to None, run_after=None
[2024-10-13T14:13:26.208+0100] {logging_mixin.py:190} INFO - [2024-10-13T14:13:26.208+0100] {dag.py:4180} INFO - Setting next_dagrun for example_subdag_operator.section-2 to None, run_after=None
[2024-10-13T14:13:26.212+0100] {processor.py:208} INFO - Processing /opt/homebrew/Caskroom/miniconda/base/envs/airflow_env/lib/python3.9/site-packages/airflow/example_dags/example_subdag_operator.py took 0.087 seconds
[2024-10-13T14:14:31.689+0100] {processor.py:186} INFO - Started process (PID=67602) to work on /opt/homebrew/Caskroom/miniconda/base/envs/airflow_env/lib/python3.9/site-packages/airflow/example_dags/example_subdag_operator.py
[2024-10-13T14:14:31.690+0100] {processor.py:914} INFO - Processing file /opt/homebrew/Caskroom/miniconda/base/envs/airflow_env/lib/python3.9/site-packages/airflow/example_dags/example_subdag_operator.py for tasks to queue
[2024-10-13T14:14:31.691+0100] {logging_mixin.py:190} INFO - [2024-10-13T14:14:31.691+0100] {dagbag.py:588} INFO - Filling up the DagBag from /opt/homebrew/Caskroom/miniconda/base/envs/airflow_env/lib/python3.9/site-packages/airflow/example_dags/example_subdag_operator.py
[2024-10-13T14:14:31.749+0100] {processor.py:925} INFO - DAG(s) 'example_subdag_operator.section-1', 'example_subdag_operator.section-2', 'example_subdag_operator' retrieved from /opt/homebrew/Caskroom/miniconda/base/envs/airflow_env/lib/python3.9/site-packages/airflow/example_dags/example_subdag_operator.py
[2024-10-13T14:14:31.754+0100] {logging_mixin.py:190} INFO - [2024-10-13T14:14:31.754+0100] {workday.py:41} WARNING - Could not import pandas. Holidays will not be considered.
[2024-10-13T14:14:31.759+0100] {logging_mixin.py:190} INFO - [2024-10-13T14:14:31.759+0100] {dag.py:3239} INFO - Sync 3 DAGs
[2024-10-13T14:14:31.765+0100] {logging_mixin.py:190} INFO - [2024-10-13T14:14:31.765+0100] {dag.py:4180} INFO - Setting next_dagrun for example_subdag_operator to 2022-01-01 00:00:00+00:00, run_after=2022-01-01 00:00:00+00:00
[2024-10-13T14:14:31.766+0100] {logging_mixin.py:190} INFO - [2024-10-13T14:14:31.766+0100] {dag.py:4180} INFO - Setting next_dagrun for example_subdag_operator.section-1 to None, run_after=None
[2024-10-13T14:14:31.766+0100] {logging_mixin.py:190} INFO - [2024-10-13T14:14:31.766+0100] {dag.py:4180} INFO - Setting next_dagrun for example_subdag_operator.section-2 to None, run_after=None
[2024-10-13T14:14:31.769+0100] {logging_mixin.py:190} INFO - [2024-10-13T14:14:31.769+0100] {dag.py:3239} INFO - Sync 2 DAGs
[2024-10-13T14:14:31.770+0100] {logging_mixin.py:190} INFO - [2024-10-13T14:14:31.770+0100] {dag.py:4180} INFO - Setting next_dagrun for example_subdag_operator.section-1 to None, run_after=None
[2024-10-13T14:14:31.770+0100] {logging_mixin.py:190} INFO - [2024-10-13T14:14:31.770+0100] {dag.py:4180} INFO - Setting next_dagrun for example_subdag_operator.section-2 to None, run_after=None
[2024-10-13T14:14:31.774+0100] {processor.py:208} INFO - Processing /opt/homebrew/Caskroom/miniconda/base/envs/airflow_env/lib/python3.9/site-packages/airflow/example_dags/example_subdag_operator.py took 0.087 seconds
[2024-10-13T14:15:37.937+0100] {processor.py:186} INFO - Started process (PID=67664) to work on /opt/homebrew/Caskroom/miniconda/base/envs/airflow_env/lib/python3.9/site-packages/airflow/example_dags/example_subdag_operator.py
[2024-10-13T14:15:37.938+0100] {processor.py:914} INFO - Processing file /opt/homebrew/Caskroom/miniconda/base/envs/airflow_env/lib/python3.9/site-packages/airflow/example_dags/example_subdag_operator.py for tasks to queue
[2024-10-13T14:15:37.939+0100] {logging_mixin.py:190} INFO - [2024-10-13T14:15:37.939+0100] {dagbag.py:588} INFO - Filling up the DagBag from /opt/homebrew/Caskroom/miniconda/base/envs/airflow_env/lib/python3.9/site-packages/airflow/example_dags/example_subdag_operator.py
[2024-10-13T14:15:37.998+0100] {processor.py:925} INFO - DAG(s) 'example_subdag_operator.section-1', 'example_subdag_operator.section-2', 'example_subdag_operator' retrieved from /opt/homebrew/Caskroom/miniconda/base/envs/airflow_env/lib/python3.9/site-packages/airflow/example_dags/example_subdag_operator.py
[2024-10-13T14:15:38.003+0100] {logging_mixin.py:190} INFO - [2024-10-13T14:15:38.003+0100] {workday.py:41} WARNING - Could not import pandas. Holidays will not be considered.
[2024-10-13T14:15:38.008+0100] {logging_mixin.py:190} INFO - [2024-10-13T14:15:38.008+0100] {dag.py:3239} INFO - Sync 3 DAGs
[2024-10-13T14:15:38.015+0100] {logging_mixin.py:190} INFO - [2024-10-13T14:15:38.015+0100] {dag.py:4180} INFO - Setting next_dagrun for example_subdag_operator to 2022-01-01 00:00:00+00:00, run_after=2022-01-01 00:00:00+00:00
[2024-10-13T14:15:38.016+0100] {logging_mixin.py:190} INFO - [2024-10-13T14:15:38.016+0100] {dag.py:4180} INFO - Setting next_dagrun for example_subdag_operator.section-1 to None, run_after=None
[2024-10-13T14:15:38.016+0100] {logging_mixin.py:190} INFO - [2024-10-13T14:15:38.016+0100] {dag.py:4180} INFO - Setting next_dagrun for example_subdag_operator.section-2 to None, run_after=None
[2024-10-13T14:15:38.019+0100] {logging_mixin.py:190} INFO - [2024-10-13T14:15:38.018+0100] {dag.py:3239} INFO - Sync 2 DAGs
[2024-10-13T14:15:38.020+0100] {logging_mixin.py:190} INFO - [2024-10-13T14:15:38.020+0100] {dag.py:4180} INFO - Setting next_dagrun for example_subdag_operator.section-1 to None, run_after=None
[2024-10-13T14:15:38.020+0100] {logging_mixin.py:190} INFO - [2024-10-13T14:15:38.020+0100] {dag.py:4180} INFO - Setting next_dagrun for example_subdag_operator.section-2 to None, run_after=None
[2024-10-13T14:15:38.025+0100] {processor.py:208} INFO - Processing /opt/homebrew/Caskroom/miniconda/base/envs/airflow_env/lib/python3.9/site-packages/airflow/example_dags/example_subdag_operator.py took 0.089 seconds
[2024-10-13T14:16:44.711+0100] {processor.py:186} INFO - Started process (PID=67725) to work on /opt/homebrew/Caskroom/miniconda/base/envs/airflow_env/lib/python3.9/site-packages/airflow/example_dags/example_subdag_operator.py
[2024-10-13T14:16:44.712+0100] {processor.py:914} INFO - Processing file /opt/homebrew/Caskroom/miniconda/base/envs/airflow_env/lib/python3.9/site-packages/airflow/example_dags/example_subdag_operator.py for tasks to queue
[2024-10-13T14:16:44.712+0100] {logging_mixin.py:190} INFO - [2024-10-13T14:16:44.712+0100] {dagbag.py:588} INFO - Filling up the DagBag from /opt/homebrew/Caskroom/miniconda/base/envs/airflow_env/lib/python3.9/site-packages/airflow/example_dags/example_subdag_operator.py
[2024-10-13T14:16:44.776+0100] {processor.py:925} INFO - DAG(s) 'example_subdag_operator.section-1', 'example_subdag_operator.section-2', 'example_subdag_operator' retrieved from /opt/homebrew/Caskroom/miniconda/base/envs/airflow_env/lib/python3.9/site-packages/airflow/example_dags/example_subdag_operator.py
[2024-10-13T14:16:44.781+0100] {logging_mixin.py:190} INFO - [2024-10-13T14:16:44.781+0100] {workday.py:41} WARNING - Could not import pandas. Holidays will not be considered.
[2024-10-13T14:16:44.787+0100] {logging_mixin.py:190} INFO - [2024-10-13T14:16:44.787+0100] {dag.py:3239} INFO - Sync 3 DAGs
[2024-10-13T14:16:44.794+0100] {logging_mixin.py:190} INFO - [2024-10-13T14:16:44.794+0100] {dag.py:4180} INFO - Setting next_dagrun for example_subdag_operator to 2022-01-01 00:00:00+00:00, run_after=2022-01-01 00:00:00+00:00
[2024-10-13T14:16:44.795+0100] {logging_mixin.py:190} INFO - [2024-10-13T14:16:44.795+0100] {dag.py:4180} INFO - Setting next_dagrun for example_subdag_operator.section-1 to None, run_after=None
[2024-10-13T14:16:44.795+0100] {logging_mixin.py:190} INFO - [2024-10-13T14:16:44.795+0100] {dag.py:4180} INFO - Setting next_dagrun for example_subdag_operator.section-2 to None, run_after=None
[2024-10-13T14:16:44.799+0100] {logging_mixin.py:190} INFO - [2024-10-13T14:16:44.798+0100] {dag.py:3239} INFO - Sync 2 DAGs
[2024-10-13T14:16:44.800+0100] {logging_mixin.py:190} INFO - [2024-10-13T14:16:44.800+0100] {dag.py:4180} INFO - Setting next_dagrun for example_subdag_operator.section-1 to None, run_after=None
[2024-10-13T14:16:44.800+0100] {logging_mixin.py:190} INFO - [2024-10-13T14:16:44.800+0100] {dag.py:4180} INFO - Setting next_dagrun for example_subdag_operator.section-2 to None, run_after=None
[2024-10-13T14:16:44.806+0100] {processor.py:208} INFO - Processing /opt/homebrew/Caskroom/miniconda/base/envs/airflow_env/lib/python3.9/site-packages/airflow/example_dags/example_subdag_operator.py took 0.096 seconds
[2024-10-13T14:19:49.752+0100] {processor.py:186} INFO - Started process (PID=67789) to work on /opt/homebrew/Caskroom/miniconda/base/envs/airflow_env/lib/python3.9/site-packages/airflow/example_dags/example_subdag_operator.py
[2024-10-13T14:19:49.752+0100] {processor.py:914} INFO - Processing file /opt/homebrew/Caskroom/miniconda/base/envs/airflow_env/lib/python3.9/site-packages/airflow/example_dags/example_subdag_operator.py for tasks to queue
[2024-10-13T14:19:49.752+0100] {logging_mixin.py:190} INFO - [2024-10-13T14:19:49.752+0100] {dagbag.py:588} INFO - Filling up the DagBag from /opt/homebrew/Caskroom/miniconda/base/envs/airflow_env/lib/python3.9/site-packages/airflow/example_dags/example_subdag_operator.py
[2024-10-13T14:19:49.804+0100] {processor.py:925} INFO - DAG(s) 'example_subdag_operator.section-1', 'example_subdag_operator.section-2', 'example_subdag_operator' retrieved from /opt/homebrew/Caskroom/miniconda/base/envs/airflow_env/lib/python3.9/site-packages/airflow/example_dags/example_subdag_operator.py
[2024-10-13T14:19:49.808+0100] {logging_mixin.py:190} INFO - [2024-10-13T14:19:49.808+0100] {workday.py:41} WARNING - Could not import pandas. Holidays will not be considered.
[2024-10-13T14:19:49.813+0100] {logging_mixin.py:190} INFO - [2024-10-13T14:19:49.813+0100] {dag.py:3239} INFO - Sync 3 DAGs
[2024-10-13T14:19:49.818+0100] {logging_mixin.py:190} INFO - [2024-10-13T14:19:49.818+0100] {dag.py:4180} INFO - Setting next_dagrun for example_subdag_operator to 2022-01-01 00:00:00+00:00, run_after=2022-01-01 00:00:00+00:00
[2024-10-13T14:19:49.819+0100] {logging_mixin.py:190} INFO - [2024-10-13T14:19:49.819+0100] {dag.py:4180} INFO - Setting next_dagrun for example_subdag_operator.section-1 to None, run_after=None
[2024-10-13T14:19:49.819+0100] {logging_mixin.py:190} INFO - [2024-10-13T14:19:49.819+0100] {dag.py:4180} INFO - Setting next_dagrun for example_subdag_operator.section-2 to None, run_after=None
[2024-10-13T14:19:49.822+0100] {logging_mixin.py:190} INFO - [2024-10-13T14:19:49.822+0100] {dag.py:3239} INFO - Sync 2 DAGs
[2024-10-13T14:19:49.823+0100] {logging_mixin.py:190} INFO - [2024-10-13T14:19:49.823+0100] {dag.py:4180} INFO - Setting next_dagrun for example_subdag_operator.section-1 to None, run_after=None
[2024-10-13T14:19:49.823+0100] {logging_mixin.py:190} INFO - [2024-10-13T14:19:49.823+0100] {dag.py:4180} INFO - Setting next_dagrun for example_subdag_operator.section-2 to None, run_after=None
[2024-10-13T14:19:49.827+0100] {processor.py:208} INFO - Processing /opt/homebrew/Caskroom/miniconda/base/envs/airflow_env/lib/python3.9/site-packages/airflow/example_dags/example_subdag_operator.py took 0.077 seconds
[2024-10-13T15:14:12.655+0100] {processor.py:186} INFO - Started process (PID=67962) to work on /opt/homebrew/Caskroom/miniconda/base/envs/airflow_env/lib/python3.9/site-packages/airflow/example_dags/example_subdag_operator.py
[2024-10-13T15:14:12.655+0100] {processor.py:914} INFO - Processing file /opt/homebrew/Caskroom/miniconda/base/envs/airflow_env/lib/python3.9/site-packages/airflow/example_dags/example_subdag_operator.py for tasks to queue
[2024-10-13T15:14:12.656+0100] {logging_mixin.py:190} INFO - [2024-10-13T15:14:12.656+0100] {dagbag.py:588} INFO - Filling up the DagBag from /opt/homebrew/Caskroom/miniconda/base/envs/airflow_env/lib/python3.9/site-packages/airflow/example_dags/example_subdag_operator.py
[2024-10-13T15:14:12.716+0100] {processor.py:925} INFO - DAG(s) 'example_subdag_operator.section-1', 'example_subdag_operator.section-2', 'example_subdag_operator' retrieved from /opt/homebrew/Caskroom/miniconda/base/envs/airflow_env/lib/python3.9/site-packages/airflow/example_dags/example_subdag_operator.py
[2024-10-13T15:14:12.721+0100] {logging_mixin.py:190} INFO - [2024-10-13T15:14:12.721+0100] {workday.py:41} WARNING - Could not import pandas. Holidays will not be considered.
[2024-10-13T15:14:12.726+0100] {logging_mixin.py:190} INFO - [2024-10-13T15:14:12.726+0100] {dag.py:3239} INFO - Sync 3 DAGs
[2024-10-13T15:14:12.733+0100] {logging_mixin.py:190} INFO - [2024-10-13T15:14:12.733+0100] {dag.py:4180} INFO - Setting next_dagrun for example_subdag_operator to 2022-01-01 00:00:00+00:00, run_after=2022-01-01 00:00:00+00:00
[2024-10-13T15:14:12.734+0100] {logging_mixin.py:190} INFO - [2024-10-13T15:14:12.734+0100] {dag.py:4180} INFO - Setting next_dagrun for example_subdag_operator.section-1 to None, run_after=None
[2024-10-13T15:14:12.734+0100] {logging_mixin.py:190} INFO - [2024-10-13T15:14:12.734+0100] {dag.py:4180} INFO - Setting next_dagrun for example_subdag_operator.section-2 to None, run_after=None
[2024-10-13T15:14:12.737+0100] {logging_mixin.py:190} INFO - [2024-10-13T15:14:12.737+0100] {dag.py:3239} INFO - Sync 2 DAGs
[2024-10-13T15:14:12.738+0100] {logging_mixin.py:190} INFO - [2024-10-13T15:14:12.738+0100] {dag.py:4180} INFO - Setting next_dagrun for example_subdag_operator.section-1 to None, run_after=None
[2024-10-13T15:14:12.739+0100] {logging_mixin.py:190} INFO - [2024-10-13T15:14:12.739+0100] {dag.py:4180} INFO - Setting next_dagrun for example_subdag_operator.section-2 to None, run_after=None
[2024-10-13T15:14:12.743+0100] {processor.py:208} INFO - Processing /opt/homebrew/Caskroom/miniconda/base/envs/airflow_env/lib/python3.9/site-packages/airflow/example_dags/example_subdag_operator.py took 0.091 seconds
[2024-10-13T15:15:27.455+0100] {processor.py:186} INFO - Started process (PID=68045) to work on /opt/homebrew/Caskroom/miniconda/base/envs/airflow_env/lib/python3.9/site-packages/airflow/example_dags/example_subdag_operator.py
[2024-10-13T15:15:27.456+0100] {processor.py:914} INFO - Processing file /opt/homebrew/Caskroom/miniconda/base/envs/airflow_env/lib/python3.9/site-packages/airflow/example_dags/example_subdag_operator.py for tasks to queue
[2024-10-13T15:15:27.456+0100] {logging_mixin.py:190} INFO - [2024-10-13T15:15:27.456+0100] {dagbag.py:588} INFO - Filling up the DagBag from /opt/homebrew/Caskroom/miniconda/base/envs/airflow_env/lib/python3.9/site-packages/airflow/example_dags/example_subdag_operator.py
[2024-10-13T15:15:27.509+0100] {processor.py:925} INFO - DAG(s) 'example_subdag_operator.section-1', 'example_subdag_operator.section-2', 'example_subdag_operator' retrieved from /opt/homebrew/Caskroom/miniconda/base/envs/airflow_env/lib/python3.9/site-packages/airflow/example_dags/example_subdag_operator.py
[2024-10-13T15:15:27.514+0100] {logging_mixin.py:190} INFO - [2024-10-13T15:15:27.514+0100] {workday.py:41} WARNING - Could not import pandas. Holidays will not be considered.
[2024-10-13T15:15:27.518+0100] {logging_mixin.py:190} INFO - [2024-10-13T15:15:27.518+0100] {dag.py:3239} INFO - Sync 3 DAGs
[2024-10-13T15:15:27.524+0100] {logging_mixin.py:190} INFO - [2024-10-13T15:15:27.524+0100] {dag.py:4180} INFO - Setting next_dagrun for example_subdag_operator to 2022-01-01 00:00:00+00:00, run_after=2022-01-01 00:00:00+00:00
[2024-10-13T15:15:27.525+0100] {logging_mixin.py:190} INFO - [2024-10-13T15:15:27.525+0100] {dag.py:4180} INFO - Setting next_dagrun for example_subdag_operator.section-1 to None, run_after=None
[2024-10-13T15:15:27.525+0100] {logging_mixin.py:190} INFO - [2024-10-13T15:15:27.525+0100] {dag.py:4180} INFO - Setting next_dagrun for example_subdag_operator.section-2 to None, run_after=None
[2024-10-13T15:15:27.528+0100] {logging_mixin.py:190} INFO - [2024-10-13T15:15:27.528+0100] {dag.py:3239} INFO - Sync 2 DAGs
[2024-10-13T15:15:27.529+0100] {logging_mixin.py:190} INFO - [2024-10-13T15:15:27.529+0100] {dag.py:4180} INFO - Setting next_dagrun for example_subdag_operator.section-1 to None, run_after=None
[2024-10-13T15:15:27.529+0100] {logging_mixin.py:190} INFO - [2024-10-13T15:15:27.529+0100] {dag.py:4180} INFO - Setting next_dagrun for example_subdag_operator.section-2 to None, run_after=None
[2024-10-13T15:15:27.533+0100] {processor.py:208} INFO - Processing /opt/homebrew/Caskroom/miniconda/base/envs/airflow_env/lib/python3.9/site-packages/airflow/example_dags/example_subdag_operator.py took 0.080 seconds
[2024-10-13T15:16:32.174+0100] {processor.py:186} INFO - Started process (PID=68097) to work on /opt/homebrew/Caskroom/miniconda/base/envs/airflow_env/lib/python3.9/site-packages/airflow/example_dags/example_subdag_operator.py
[2024-10-13T15:16:32.174+0100] {processor.py:914} INFO - Processing file /opt/homebrew/Caskroom/miniconda/base/envs/airflow_env/lib/python3.9/site-packages/airflow/example_dags/example_subdag_operator.py for tasks to queue
[2024-10-13T15:16:32.174+0100] {logging_mixin.py:190} INFO - [2024-10-13T15:16:32.174+0100] {dagbag.py:588} INFO - Filling up the DagBag from /opt/homebrew/Caskroom/miniconda/base/envs/airflow_env/lib/python3.9/site-packages/airflow/example_dags/example_subdag_operator.py
[2024-10-13T15:16:32.231+0100] {processor.py:925} INFO - DAG(s) 'example_subdag_operator.section-1', 'example_subdag_operator.section-2', 'example_subdag_operator' retrieved from /opt/homebrew/Caskroom/miniconda/base/envs/airflow_env/lib/python3.9/site-packages/airflow/example_dags/example_subdag_operator.py
[2024-10-13T15:16:32.236+0100] {logging_mixin.py:190} INFO - [2024-10-13T15:16:32.236+0100] {workday.py:41} WARNING - Could not import pandas. Holidays will not be considered.
[2024-10-13T15:16:32.241+0100] {logging_mixin.py:190} INFO - [2024-10-13T15:16:32.240+0100] {dag.py:3239} INFO - Sync 3 DAGs
[2024-10-13T15:16:32.246+0100] {logging_mixin.py:190} INFO - [2024-10-13T15:16:32.246+0100] {dag.py:4180} INFO - Setting next_dagrun for example_subdag_operator to 2022-01-01 00:00:00+00:00, run_after=2022-01-01 00:00:00+00:00
[2024-10-13T15:16:32.247+0100] {logging_mixin.py:190} INFO - [2024-10-13T15:16:32.247+0100] {dag.py:4180} INFO - Setting next_dagrun for example_subdag_operator.section-1 to None, run_after=None
[2024-10-13T15:16:32.248+0100] {logging_mixin.py:190} INFO - [2024-10-13T15:16:32.248+0100] {dag.py:4180} INFO - Setting next_dagrun for example_subdag_operator.section-2 to None, run_after=None
[2024-10-13T15:16:32.250+0100] {logging_mixin.py:190} INFO - [2024-10-13T15:16:32.250+0100] {dag.py:3239} INFO - Sync 2 DAGs
[2024-10-13T15:16:32.251+0100] {logging_mixin.py:190} INFO - [2024-10-13T15:16:32.251+0100] {dag.py:4180} INFO - Setting next_dagrun for example_subdag_operator.section-1 to None, run_after=None
[2024-10-13T15:16:32.252+0100] {logging_mixin.py:190} INFO - [2024-10-13T15:16:32.252+0100] {dag.py:4180} INFO - Setting next_dagrun for example_subdag_operator.section-2 to None, run_after=None
[2024-10-13T15:16:32.256+0100] {processor.py:208} INFO - Processing /opt/homebrew/Caskroom/miniconda/base/envs/airflow_env/lib/python3.9/site-packages/airflow/example_dags/example_subdag_operator.py took 0.084 seconds
[2024-10-13T15:17:36.593+0100] {processor.py:186} INFO - Started process (PID=68156) to work on /opt/homebrew/Caskroom/miniconda/base/envs/airflow_env/lib/python3.9/site-packages/airflow/example_dags/example_subdag_operator.py
[2024-10-13T15:17:36.593+0100] {processor.py:914} INFO - Processing file /opt/homebrew/Caskroom/miniconda/base/envs/airflow_env/lib/python3.9/site-packages/airflow/example_dags/example_subdag_operator.py for tasks to queue
[2024-10-13T15:17:36.594+0100] {logging_mixin.py:190} INFO - [2024-10-13T15:17:36.594+0100] {dagbag.py:588} INFO - Filling up the DagBag from /opt/homebrew/Caskroom/miniconda/base/envs/airflow_env/lib/python3.9/site-packages/airflow/example_dags/example_subdag_operator.py
[2024-10-13T15:17:36.654+0100] {processor.py:925} INFO - DAG(s) 'example_subdag_operator.section-1', 'example_subdag_operator.section-2', 'example_subdag_operator' retrieved from /opt/homebrew/Caskroom/miniconda/base/envs/airflow_env/lib/python3.9/site-packages/airflow/example_dags/example_subdag_operator.py
[2024-10-13T15:17:36.660+0100] {logging_mixin.py:190} INFO - [2024-10-13T15:17:36.660+0100] {workday.py:41} WARNING - Could not import pandas. Holidays will not be considered.
[2024-10-13T15:17:36.665+0100] {logging_mixin.py:190} INFO - [2024-10-13T15:17:36.665+0100] {dag.py:3239} INFO - Sync 3 DAGs
[2024-10-13T15:17:36.672+0100] {logging_mixin.py:190} INFO - [2024-10-13T15:17:36.672+0100] {dag.py:4180} INFO - Setting next_dagrun for example_subdag_operator to 2022-01-01 00:00:00+00:00, run_after=2022-01-01 00:00:00+00:00
[2024-10-13T15:17:36.673+0100] {logging_mixin.py:190} INFO - [2024-10-13T15:17:36.673+0100] {dag.py:4180} INFO - Setting next_dagrun for example_subdag_operator.section-1 to None, run_after=None
[2024-10-13T15:17:36.673+0100] {logging_mixin.py:190} INFO - [2024-10-13T15:17:36.673+0100] {dag.py:4180} INFO - Setting next_dagrun for example_subdag_operator.section-2 to None, run_after=None
[2024-10-13T15:17:36.677+0100] {logging_mixin.py:190} INFO - [2024-10-13T15:17:36.677+0100] {dag.py:3239} INFO - Sync 2 DAGs
[2024-10-13T15:17:36.678+0100] {logging_mixin.py:190} INFO - [2024-10-13T15:17:36.678+0100] {dag.py:4180} INFO - Setting next_dagrun for example_subdag_operator.section-1 to None, run_after=None
[2024-10-13T15:17:36.678+0100] {logging_mixin.py:190} INFO - [2024-10-13T15:17:36.678+0100] {dag.py:4180} INFO - Setting next_dagrun for example_subdag_operator.section-2 to None, run_after=None
[2024-10-13T15:17:36.682+0100] {processor.py:208} INFO - Processing /opt/homebrew/Caskroom/miniconda/base/envs/airflow_env/lib/python3.9/site-packages/airflow/example_dags/example_subdag_operator.py took 0.091 seconds
[2024-10-13T15:18:44.948+0100] {processor.py:186} INFO - Started process (PID=68234) to work on /opt/homebrew/Caskroom/miniconda/base/envs/airflow_env/lib/python3.9/site-packages/airflow/example_dags/example_subdag_operator.py
[2024-10-13T15:18:44.949+0100] {processor.py:914} INFO - Processing file /opt/homebrew/Caskroom/miniconda/base/envs/airflow_env/lib/python3.9/site-packages/airflow/example_dags/example_subdag_operator.py for tasks to queue
[2024-10-13T15:18:44.949+0100] {logging_mixin.py:190} INFO - [2024-10-13T15:18:44.949+0100] {dagbag.py:588} INFO - Filling up the DagBag from /opt/homebrew/Caskroom/miniconda/base/envs/airflow_env/lib/python3.9/site-packages/airflow/example_dags/example_subdag_operator.py
[2024-10-13T15:18:45.010+0100] {processor.py:925} INFO - DAG(s) 'example_subdag_operator.section-1', 'example_subdag_operator.section-2', 'example_subdag_operator' retrieved from /opt/homebrew/Caskroom/miniconda/base/envs/airflow_env/lib/python3.9/site-packages/airflow/example_dags/example_subdag_operator.py
[2024-10-13T15:18:45.015+0100] {logging_mixin.py:190} INFO - [2024-10-13T15:18:45.015+0100] {workday.py:41} WARNING - Could not import pandas. Holidays will not be considered.
[2024-10-13T15:18:45.020+0100] {logging_mixin.py:190} INFO - [2024-10-13T15:18:45.020+0100] {dag.py:3239} INFO - Sync 3 DAGs
[2024-10-13T15:18:45.026+0100] {logging_mixin.py:190} INFO - [2024-10-13T15:18:45.026+0100] {dag.py:4180} INFO - Setting next_dagrun for example_subdag_operator to 2022-01-01 00:00:00+00:00, run_after=2022-01-01 00:00:00+00:00
[2024-10-13T15:18:45.027+0100] {logging_mixin.py:190} INFO - [2024-10-13T15:18:45.027+0100] {dag.py:4180} INFO - Setting next_dagrun for example_subdag_operator.section-1 to None, run_after=None
[2024-10-13T15:18:45.027+0100] {logging_mixin.py:190} INFO - [2024-10-13T15:18:45.027+0100] {dag.py:4180} INFO - Setting next_dagrun for example_subdag_operator.section-2 to None, run_after=None
[2024-10-13T15:18:45.030+0100] {logging_mixin.py:190} INFO - [2024-10-13T15:18:45.030+0100] {dag.py:3239} INFO - Sync 2 DAGs
[2024-10-13T15:18:45.032+0100] {logging_mixin.py:190} INFO - [2024-10-13T15:18:45.032+0100] {dag.py:4180} INFO - Setting next_dagrun for example_subdag_operator.section-1 to None, run_after=None
[2024-10-13T15:18:45.032+0100] {logging_mixin.py:190} INFO - [2024-10-13T15:18:45.032+0100] {dag.py:4180} INFO - Setting next_dagrun for example_subdag_operator.section-2 to None, run_after=None
[2024-10-13T15:18:45.037+0100] {processor.py:208} INFO - Processing /opt/homebrew/Caskroom/miniconda/base/envs/airflow_env/lib/python3.9/site-packages/airflow/example_dags/example_subdag_operator.py took 0.090 seconds
[2024-10-13T15:19:52.531+0100] {processor.py:186} INFO - Started process (PID=68299) to work on /opt/homebrew/Caskroom/miniconda/base/envs/airflow_env/lib/python3.9/site-packages/airflow/example_dags/example_subdag_operator.py
[2024-10-13T15:19:52.532+0100] {processor.py:914} INFO - Processing file /opt/homebrew/Caskroom/miniconda/base/envs/airflow_env/lib/python3.9/site-packages/airflow/example_dags/example_subdag_operator.py for tasks to queue
[2024-10-13T15:19:52.532+0100] {logging_mixin.py:190} INFO - [2024-10-13T15:19:52.532+0100] {dagbag.py:588} INFO - Filling up the DagBag from /opt/homebrew/Caskroom/miniconda/base/envs/airflow_env/lib/python3.9/site-packages/airflow/example_dags/example_subdag_operator.py
[2024-10-13T15:19:52.588+0100] {processor.py:925} INFO - DAG(s) 'example_subdag_operator.section-1', 'example_subdag_operator.section-2', 'example_subdag_operator' retrieved from /opt/homebrew/Caskroom/miniconda/base/envs/airflow_env/lib/python3.9/site-packages/airflow/example_dags/example_subdag_operator.py
[2024-10-13T15:19:52.593+0100] {logging_mixin.py:190} INFO - [2024-10-13T15:19:52.593+0100] {workday.py:41} WARNING - Could not import pandas. Holidays will not be considered.
[2024-10-13T15:19:52.598+0100] {logging_mixin.py:190} INFO - [2024-10-13T15:19:52.598+0100] {dag.py:3239} INFO - Sync 3 DAGs
[2024-10-13T15:19:52.603+0100] {logging_mixin.py:190} INFO - [2024-10-13T15:19:52.603+0100] {dag.py:4180} INFO - Setting next_dagrun for example_subdag_operator to 2022-01-01 00:00:00+00:00, run_after=2022-01-01 00:00:00+00:00
[2024-10-13T15:19:52.604+0100] {logging_mixin.py:190} INFO - [2024-10-13T15:19:52.604+0100] {dag.py:4180} INFO - Setting next_dagrun for example_subdag_operator.section-1 to None, run_after=None
[2024-10-13T15:19:52.605+0100] {logging_mixin.py:190} INFO - [2024-10-13T15:19:52.605+0100] {dag.py:4180} INFO - Setting next_dagrun for example_subdag_operator.section-2 to None, run_after=None
[2024-10-13T15:19:52.607+0100] {logging_mixin.py:190} INFO - [2024-10-13T15:19:52.607+0100] {dag.py:3239} INFO - Sync 2 DAGs
[2024-10-13T15:19:52.608+0100] {logging_mixin.py:190} INFO - [2024-10-13T15:19:52.608+0100] {dag.py:4180} INFO - Setting next_dagrun for example_subdag_operator.section-1 to None, run_after=None
[2024-10-13T15:19:52.608+0100] {logging_mixin.py:190} INFO - [2024-10-13T15:19:52.608+0100] {dag.py:4180} INFO - Setting next_dagrun for example_subdag_operator.section-2 to None, run_after=None
[2024-10-13T15:19:52.612+0100] {processor.py:208} INFO - Processing /opt/homebrew/Caskroom/miniconda/base/envs/airflow_env/lib/python3.9/site-packages/airflow/example_dags/example_subdag_operator.py took 0.082 seconds
[2024-10-13T15:20:58.372+0100] {processor.py:186} INFO - Started process (PID=68363) to work on /opt/homebrew/Caskroom/miniconda/base/envs/airflow_env/lib/python3.9/site-packages/airflow/example_dags/example_subdag_operator.py
[2024-10-13T15:20:58.373+0100] {processor.py:914} INFO - Processing file /opt/homebrew/Caskroom/miniconda/base/envs/airflow_env/lib/python3.9/site-packages/airflow/example_dags/example_subdag_operator.py for tasks to queue
[2024-10-13T15:20:58.373+0100] {logging_mixin.py:190} INFO - [2024-10-13T15:20:58.373+0100] {dagbag.py:588} INFO - Filling up the DagBag from /opt/homebrew/Caskroom/miniconda/base/envs/airflow_env/lib/python3.9/site-packages/airflow/example_dags/example_subdag_operator.py
[2024-10-13T15:20:58.428+0100] {processor.py:925} INFO - DAG(s) 'example_subdag_operator.section-1', 'example_subdag_operator.section-2', 'example_subdag_operator' retrieved from /opt/homebrew/Caskroom/miniconda/base/envs/airflow_env/lib/python3.9/site-packages/airflow/example_dags/example_subdag_operator.py
[2024-10-13T15:20:58.433+0100] {logging_mixin.py:190} INFO - [2024-10-13T15:20:58.433+0100] {workday.py:41} WARNING - Could not import pandas. Holidays will not be considered.
[2024-10-13T15:20:58.437+0100] {logging_mixin.py:190} INFO - [2024-10-13T15:20:58.437+0100] {dag.py:3239} INFO - Sync 3 DAGs
[2024-10-13T15:20:58.443+0100] {logging_mixin.py:190} INFO - [2024-10-13T15:20:58.443+0100] {dag.py:4180} INFO - Setting next_dagrun for example_subdag_operator to 2022-01-01 00:00:00+00:00, run_after=2022-01-01 00:00:00+00:00
[2024-10-13T15:20:58.444+0100] {logging_mixin.py:190} INFO - [2024-10-13T15:20:58.444+0100] {dag.py:4180} INFO - Setting next_dagrun for example_subdag_operator.section-1 to None, run_after=None
[2024-10-13T15:20:58.444+0100] {logging_mixin.py:190} INFO - [2024-10-13T15:20:58.444+0100] {dag.py:4180} INFO - Setting next_dagrun for example_subdag_operator.section-2 to None, run_after=None
[2024-10-13T15:20:58.447+0100] {logging_mixin.py:190} INFO - [2024-10-13T15:20:58.447+0100] {dag.py:3239} INFO - Sync 2 DAGs
[2024-10-13T15:20:58.448+0100] {logging_mixin.py:190} INFO - [2024-10-13T15:20:58.448+0100] {dag.py:4180} INFO - Setting next_dagrun for example_subdag_operator.section-1 to None, run_after=None
[2024-10-13T15:20:58.448+0100] {logging_mixin.py:190} INFO - [2024-10-13T15:20:58.448+0100] {dag.py:4180} INFO - Setting next_dagrun for example_subdag_operator.section-2 to None, run_after=None
[2024-10-13T15:20:58.452+0100] {processor.py:208} INFO - Processing /opt/homebrew/Caskroom/miniconda/base/envs/airflow_env/lib/python3.9/site-packages/airflow/example_dags/example_subdag_operator.py took 0.081 seconds
[2024-10-13T15:22:03.221+0100] {processor.py:186} INFO - Started process (PID=68467) to work on /opt/homebrew/Caskroom/miniconda/base/envs/airflow_env/lib/python3.9/site-packages/airflow/example_dags/example_subdag_operator.py
[2024-10-13T15:22:03.221+0100] {processor.py:914} INFO - Processing file /opt/homebrew/Caskroom/miniconda/base/envs/airflow_env/lib/python3.9/site-packages/airflow/example_dags/example_subdag_operator.py for tasks to queue
[2024-10-13T15:22:03.222+0100] {logging_mixin.py:190} INFO - [2024-10-13T15:22:03.222+0100] {dagbag.py:588} INFO - Filling up the DagBag from /opt/homebrew/Caskroom/miniconda/base/envs/airflow_env/lib/python3.9/site-packages/airflow/example_dags/example_subdag_operator.py
[2024-10-13T15:22:03.275+0100] {processor.py:925} INFO - DAG(s) 'example_subdag_operator.section-1', 'example_subdag_operator.section-2', 'example_subdag_operator' retrieved from /opt/homebrew/Caskroom/miniconda/base/envs/airflow_env/lib/python3.9/site-packages/airflow/example_dags/example_subdag_operator.py
[2024-10-13T15:22:03.281+0100] {logging_mixin.py:190} INFO - [2024-10-13T15:22:03.280+0100] {workday.py:41} WARNING - Could not import pandas. Holidays will not be considered.
[2024-10-13T15:22:03.286+0100] {logging_mixin.py:190} INFO - [2024-10-13T15:22:03.286+0100] {dag.py:3239} INFO - Sync 3 DAGs
[2024-10-13T15:22:03.292+0100] {logging_mixin.py:190} INFO - [2024-10-13T15:22:03.292+0100] {dag.py:4180} INFO - Setting next_dagrun for example_subdag_operator to 2022-01-01 00:00:00+00:00, run_after=2022-01-01 00:00:00+00:00
[2024-10-13T15:22:03.293+0100] {logging_mixin.py:190} INFO - [2024-10-13T15:22:03.293+0100] {dag.py:4180} INFO - Setting next_dagrun for example_subdag_operator.section-1 to None, run_after=None
[2024-10-13T15:22:03.294+0100] {logging_mixin.py:190} INFO - [2024-10-13T15:22:03.294+0100] {dag.py:4180} INFO - Setting next_dagrun for example_subdag_operator.section-2 to None, run_after=None
[2024-10-13T15:22:03.297+0100] {logging_mixin.py:190} INFO - [2024-10-13T15:22:03.297+0100] {dag.py:3239} INFO - Sync 2 DAGs
[2024-10-13T15:22:03.299+0100] {logging_mixin.py:190} INFO - [2024-10-13T15:22:03.299+0100] {dag.py:4180} INFO - Setting next_dagrun for example_subdag_operator.section-1 to None, run_after=None
[2024-10-13T15:22:03.299+0100] {logging_mixin.py:190} INFO - [2024-10-13T15:22:03.299+0100] {dag.py:4180} INFO - Setting next_dagrun for example_subdag_operator.section-2 to None, run_after=None
[2024-10-13T15:22:03.304+0100] {processor.py:208} INFO - Processing /opt/homebrew/Caskroom/miniconda/base/envs/airflow_env/lib/python3.9/site-packages/airflow/example_dags/example_subdag_operator.py took 0.085 seconds
[2024-10-13T15:24:06.459+0100] {processor.py:186} INFO - Started process (PID=68625) to work on /opt/homebrew/Caskroom/miniconda/base/envs/airflow_env/lib/python3.9/site-packages/airflow/example_dags/example_subdag_operator.py
[2024-10-13T15:24:06.459+0100] {processor.py:914} INFO - Processing file /opt/homebrew/Caskroom/miniconda/base/envs/airflow_env/lib/python3.9/site-packages/airflow/example_dags/example_subdag_operator.py for tasks to queue
[2024-10-13T15:24:06.459+0100] {logging_mixin.py:190} INFO - [2024-10-13T15:24:06.459+0100] {dagbag.py:588} INFO - Filling up the DagBag from /opt/homebrew/Caskroom/miniconda/base/envs/airflow_env/lib/python3.9/site-packages/airflow/example_dags/example_subdag_operator.py
[2024-10-13T15:24:06.515+0100] {processor.py:925} INFO - DAG(s) 'example_subdag_operator.section-1', 'example_subdag_operator.section-2', 'example_subdag_operator' retrieved from /opt/homebrew/Caskroom/miniconda/base/envs/airflow_env/lib/python3.9/site-packages/airflow/example_dags/example_subdag_operator.py
[2024-10-13T15:24:06.520+0100] {logging_mixin.py:190} INFO - [2024-10-13T15:24:06.520+0100] {workday.py:41} WARNING - Could not import pandas. Holidays will not be considered.
[2024-10-13T15:24:06.525+0100] {logging_mixin.py:190} INFO - [2024-10-13T15:24:06.525+0100] {dag.py:3239} INFO - Sync 3 DAGs
[2024-10-13T15:24:06.531+0100] {logging_mixin.py:190} INFO - [2024-10-13T15:24:06.531+0100] {dag.py:4180} INFO - Setting next_dagrun for example_subdag_operator to 2022-01-01 00:00:00+00:00, run_after=2022-01-01 00:00:00+00:00
[2024-10-13T15:24:06.532+0100] {logging_mixin.py:190} INFO - [2024-10-13T15:24:06.532+0100] {dag.py:4180} INFO - Setting next_dagrun for example_subdag_operator.section-1 to None, run_after=None
[2024-10-13T15:24:06.532+0100] {logging_mixin.py:190} INFO - [2024-10-13T15:24:06.532+0100] {dag.py:4180} INFO - Setting next_dagrun for example_subdag_operator.section-2 to None, run_after=None
[2024-10-13T15:24:06.534+0100] {logging_mixin.py:190} INFO - [2024-10-13T15:24:06.534+0100] {dag.py:3239} INFO - Sync 2 DAGs
[2024-10-13T15:24:06.536+0100] {logging_mixin.py:190} INFO - [2024-10-13T15:24:06.536+0100] {dag.py:4180} INFO - Setting next_dagrun for example_subdag_operator.section-1 to None, run_after=None
[2024-10-13T15:24:06.536+0100] {logging_mixin.py:190} INFO - [2024-10-13T15:24:06.536+0100] {dag.py:4180} INFO - Setting next_dagrun for example_subdag_operator.section-2 to None, run_after=None
[2024-10-13T15:24:06.540+0100] {processor.py:208} INFO - Processing /opt/homebrew/Caskroom/miniconda/base/envs/airflow_env/lib/python3.9/site-packages/airflow/example_dags/example_subdag_operator.py took 0.084 seconds
[2024-10-13T15:25:14.424+0100] {processor.py:186} INFO - Started process (PID=68692) to work on /opt/homebrew/Caskroom/miniconda/base/envs/airflow_env/lib/python3.9/site-packages/airflow/example_dags/example_subdag_operator.py
[2024-10-13T15:25:14.426+0100] {processor.py:914} INFO - Processing file /opt/homebrew/Caskroom/miniconda/base/envs/airflow_env/lib/python3.9/site-packages/airflow/example_dags/example_subdag_operator.py for tasks to queue
[2024-10-13T15:25:14.426+0100] {logging_mixin.py:190} INFO - [2024-10-13T15:25:14.426+0100] {dagbag.py:588} INFO - Filling up the DagBag from /opt/homebrew/Caskroom/miniconda/base/envs/airflow_env/lib/python3.9/site-packages/airflow/example_dags/example_subdag_operator.py
[2024-10-13T15:25:14.483+0100] {processor.py:925} INFO - DAG(s) 'example_subdag_operator.section-1', 'example_subdag_operator.section-2', 'example_subdag_operator' retrieved from /opt/homebrew/Caskroom/miniconda/base/envs/airflow_env/lib/python3.9/site-packages/airflow/example_dags/example_subdag_operator.py
[2024-10-13T15:25:14.488+0100] {logging_mixin.py:190} INFO - [2024-10-13T15:25:14.488+0100] {workday.py:41} WARNING - Could not import pandas. Holidays will not be considered.
[2024-10-13T15:25:14.493+0100] {logging_mixin.py:190} INFO - [2024-10-13T15:25:14.492+0100] {dag.py:3239} INFO - Sync 3 DAGs
[2024-10-13T15:25:14.498+0100] {logging_mixin.py:190} INFO - [2024-10-13T15:25:14.498+0100] {dag.py:4180} INFO - Setting next_dagrun for example_subdag_operator to 2022-01-01 00:00:00+00:00, run_after=2022-01-01 00:00:00+00:00
[2024-10-13T15:25:14.499+0100] {logging_mixin.py:190} INFO - [2024-10-13T15:25:14.499+0100] {dag.py:4180} INFO - Setting next_dagrun for example_subdag_operator.section-1 to None, run_after=None
[2024-10-13T15:25:14.500+0100] {logging_mixin.py:190} INFO - [2024-10-13T15:25:14.500+0100] {dag.py:4180} INFO - Setting next_dagrun for example_subdag_operator.section-2 to None, run_after=None
[2024-10-13T15:25:14.502+0100] {logging_mixin.py:190} INFO - [2024-10-13T15:25:14.502+0100] {dag.py:3239} INFO - Sync 2 DAGs
[2024-10-13T15:25:14.503+0100] {logging_mixin.py:190} INFO - [2024-10-13T15:25:14.503+0100] {dag.py:4180} INFO - Setting next_dagrun for example_subdag_operator.section-1 to None, run_after=None
[2024-10-13T15:25:14.503+0100] {logging_mixin.py:190} INFO - [2024-10-13T15:25:14.503+0100] {dag.py:4180} INFO - Setting next_dagrun for example_subdag_operator.section-2 to None, run_after=None
[2024-10-13T15:25:14.508+0100] {processor.py:208} INFO - Processing /opt/homebrew/Caskroom/miniconda/base/envs/airflow_env/lib/python3.9/site-packages/airflow/example_dags/example_subdag_operator.py took 0.086 seconds
[2024-10-13T15:26:17.157+0100] {processor.py:186} INFO - Started process (PID=68798) to work on /opt/homebrew/Caskroom/miniconda/base/envs/airflow_env/lib/python3.9/site-packages/airflow/example_dags/example_subdag_operator.py
[2024-10-13T15:26:17.159+0100] {processor.py:914} INFO - Processing file /opt/homebrew/Caskroom/miniconda/base/envs/airflow_env/lib/python3.9/site-packages/airflow/example_dags/example_subdag_operator.py for tasks to queue
[2024-10-13T15:26:17.159+0100] {logging_mixin.py:190} INFO - [2024-10-13T15:26:17.159+0100] {dagbag.py:588} INFO - Filling up the DagBag from /opt/homebrew/Caskroom/miniconda/base/envs/airflow_env/lib/python3.9/site-packages/airflow/example_dags/example_subdag_operator.py
[2024-10-13T15:26:17.218+0100] {processor.py:925} INFO - DAG(s) 'example_subdag_operator.section-1', 'example_subdag_operator.section-2', 'example_subdag_operator' retrieved from /opt/homebrew/Caskroom/miniconda/base/envs/airflow_env/lib/python3.9/site-packages/airflow/example_dags/example_subdag_operator.py
[2024-10-13T15:26:17.223+0100] {logging_mixin.py:190} INFO - [2024-10-13T15:26:17.223+0100] {workday.py:41} WARNING - Could not import pandas. Holidays will not be considered.
[2024-10-13T15:26:17.229+0100] {logging_mixin.py:190} INFO - [2024-10-13T15:26:17.229+0100] {dag.py:3239} INFO - Sync 3 DAGs
[2024-10-13T15:26:17.235+0100] {logging_mixin.py:190} INFO - [2024-10-13T15:26:17.235+0100] {dag.py:4180} INFO - Setting next_dagrun for example_subdag_operator to 2022-01-01 00:00:00+00:00, run_after=2022-01-01 00:00:00+00:00
[2024-10-13T15:26:17.236+0100] {logging_mixin.py:190} INFO - [2024-10-13T15:26:17.236+0100] {dag.py:4180} INFO - Setting next_dagrun for example_subdag_operator.section-1 to None, run_after=None
[2024-10-13T15:26:17.236+0100] {logging_mixin.py:190} INFO - [2024-10-13T15:26:17.236+0100] {dag.py:4180} INFO - Setting next_dagrun for example_subdag_operator.section-2 to None, run_after=None
[2024-10-13T15:26:17.239+0100] {logging_mixin.py:190} INFO - [2024-10-13T15:26:17.239+0100] {dag.py:3239} INFO - Sync 2 DAGs
[2024-10-13T15:26:17.241+0100] {logging_mixin.py:190} INFO - [2024-10-13T15:26:17.241+0100] {dag.py:4180} INFO - Setting next_dagrun for example_subdag_operator.section-1 to None, run_after=None
[2024-10-13T15:26:17.241+0100] {logging_mixin.py:190} INFO - [2024-10-13T15:26:17.241+0100] {dag.py:4180} INFO - Setting next_dagrun for example_subdag_operator.section-2 to None, run_after=None
[2024-10-13T15:26:17.245+0100] {processor.py:208} INFO - Processing /opt/homebrew/Caskroom/miniconda/base/envs/airflow_env/lib/python3.9/site-packages/airflow/example_dags/example_subdag_operator.py took 0.090 seconds
