[2024-10-13T14:09:41.173+0100] {processor.py:186} INFO - Started process (PID=67266) to work on /opt/homebrew/Caskroom/miniconda/base/envs/airflow_env/lib/python3.9/site-packages/airflow/example_dags/example_bash_operator.py
[2024-10-13T14:09:41.174+0100] {processor.py:914} INFO - Processing file /opt/homebrew/Caskroom/miniconda/base/envs/airflow_env/lib/python3.9/site-packages/airflow/example_dags/example_bash_operator.py for tasks to queue
[2024-10-13T14:09:41.174+0100] {logging_mixin.py:190} INFO - [2024-10-13T14:09:41.174+0100] {dagbag.py:588} INFO - Filling up the DagBag from /opt/homebrew/Caskroom/miniconda/base/envs/airflow_env/lib/python3.9/site-packages/airflow/example_dags/example_bash_operator.py
[2024-10-13T14:09:41.201+0100] {processor.py:925} INFO - DAG(s) 'example_bash_operator' retrieved from /opt/homebrew/Caskroom/miniconda/base/envs/airflow_env/lib/python3.9/site-packages/airflow/example_dags/example_bash_operator.py
[2024-10-13T14:09:41.268+0100] {logging_mixin.py:190} INFO - [2024-10-13T14:09:41.267+0100] {override.py:1901} INFO - Created Permission View: can edit on DAG:example_bash_operator
[2024-10-13T14:09:41.271+0100] {logging_mixin.py:190} INFO - [2024-10-13T14:09:41.271+0100] {override.py:1901} INFO - Created Permission View: can read on DAG:example_bash_operator
[2024-10-13T14:09:41.273+0100] {logging_mixin.py:190} INFO - [2024-10-13T14:09:41.273+0100] {override.py:1901} INFO - Created Permission View: can delete on DAG:example_bash_operator
[2024-10-13T14:09:41.276+0100] {logging_mixin.py:190} INFO - [2024-10-13T14:09:41.276+0100] {override.py:1901} INFO - Created Permission View: menu access on DAG Run:example_bash_operator
[2024-10-13T14:09:41.278+0100] {logging_mixin.py:190} INFO - [2024-10-13T14:09:41.277+0100] {override.py:1901} INFO - Created Permission View: can read on DAG Run:example_bash_operator
[2024-10-13T14:09:41.279+0100] {logging_mixin.py:190} INFO - [2024-10-13T14:09:41.279+0100] {override.py:1901} INFO - Created Permission View: can create on DAG Run:example_bash_operator
[2024-10-13T14:09:41.281+0100] {logging_mixin.py:190} INFO - [2024-10-13T14:09:41.281+0100] {override.py:1901} INFO - Created Permission View: can delete on DAG Run:example_bash_operator
[2024-10-13T14:09:41.281+0100] {logging_mixin.py:190} INFO - [2024-10-13T14:09:41.281+0100] {dag.py:3239} INFO - Sync 1 DAGs
[2024-10-13T14:09:41.285+0100] {logging_mixin.py:190} INFO - [2024-10-13T14:09:41.285+0100] {dag.py:3262} INFO - Creating ORM DAG for example_bash_operator
[2024-10-13T14:09:41.288+0100] {logging_mixin.py:190} INFO - [2024-10-13T14:09:41.288+0100] {dag.py:4180} INFO - Setting next_dagrun for example_bash_operator to 2024-10-12 00:00:00+00:00, run_after=2024-10-13 00:00:00+00:00
[2024-10-13T14:09:41.293+0100] {processor.py:208} INFO - Processing /opt/homebrew/Caskroom/miniconda/base/envs/airflow_env/lib/python3.9/site-packages/airflow/example_dags/example_bash_operator.py took 0.122 seconds
[2024-10-13T14:11:51.282+0100] {processor.py:186} INFO - Started process (PID=67404) to work on /opt/homebrew/Caskroom/miniconda/base/envs/airflow_env/lib/python3.9/site-packages/airflow/example_dags/example_bash_operator.py
[2024-10-13T14:11:51.282+0100] {processor.py:914} INFO - Processing file /opt/homebrew/Caskroom/miniconda/base/envs/airflow_env/lib/python3.9/site-packages/airflow/example_dags/example_bash_operator.py for tasks to queue
[2024-10-13T14:11:51.283+0100] {logging_mixin.py:190} INFO - [2024-10-13T14:11:51.283+0100] {dagbag.py:588} INFO - Filling up the DagBag from /opt/homebrew/Caskroom/miniconda/base/envs/airflow_env/lib/python3.9/site-packages/airflow/example_dags/example_bash_operator.py
[2024-10-13T14:11:51.308+0100] {processor.py:925} INFO - DAG(s) 'example_bash_operator' retrieved from /opt/homebrew/Caskroom/miniconda/base/envs/airflow_env/lib/python3.9/site-packages/airflow/example_dags/example_bash_operator.py
[2024-10-13T14:11:51.348+0100] {logging_mixin.py:190} INFO - [2024-10-13T14:11:51.347+0100] {dag.py:3239} INFO - Sync 1 DAGs
[2024-10-13T14:11:51.354+0100] {logging_mixin.py:190} INFO - [2024-10-13T14:11:51.354+0100] {dag.py:4180} INFO - Setting next_dagrun for example_bash_operator to 2024-10-12 00:00:00+00:00, run_after=2024-10-13 00:00:00+00:00
[2024-10-13T14:11:51.361+0100] {processor.py:208} INFO - Processing /opt/homebrew/Caskroom/miniconda/base/envs/airflow_env/lib/python3.9/site-packages/airflow/example_dags/example_bash_operator.py took 0.082 seconds
[2024-10-13T14:13:58.686+0100] {processor.py:186} INFO - Started process (PID=67573) to work on /opt/homebrew/Caskroom/miniconda/base/envs/airflow_env/lib/python3.9/site-packages/airflow/example_dags/example_bash_operator.py
[2024-10-13T14:13:58.688+0100] {processor.py:914} INFO - Processing file /opt/homebrew/Caskroom/miniconda/base/envs/airflow_env/lib/python3.9/site-packages/airflow/example_dags/example_bash_operator.py for tasks to queue
[2024-10-13T14:13:58.688+0100] {logging_mixin.py:190} INFO - [2024-10-13T14:13:58.688+0100] {dagbag.py:588} INFO - Filling up the DagBag from /opt/homebrew/Caskroom/miniconda/base/envs/airflow_env/lib/python3.9/site-packages/airflow/example_dags/example_bash_operator.py
[2024-10-13T14:13:58.711+0100] {processor.py:925} INFO - DAG(s) 'example_bash_operator' retrieved from /opt/homebrew/Caskroom/miniconda/base/envs/airflow_env/lib/python3.9/site-packages/airflow/example_dags/example_bash_operator.py
[2024-10-13T14:13:58.747+0100] {logging_mixin.py:190} INFO - [2024-10-13T14:13:58.747+0100] {dag.py:3239} INFO - Sync 1 DAGs
[2024-10-13T14:13:58.753+0100] {logging_mixin.py:190} INFO - [2024-10-13T14:13:58.753+0100] {dag.py:4180} INFO - Setting next_dagrun for example_bash_operator to 2024-10-12 00:00:00+00:00, run_after=2024-10-13 00:00:00+00:00
[2024-10-13T14:13:58.760+0100] {processor.py:208} INFO - Processing /opt/homebrew/Caskroom/miniconda/base/envs/airflow_env/lib/python3.9/site-packages/airflow/example_dags/example_bash_operator.py took 0.076 seconds
[2024-10-13T14:16:11.320+0100] {processor.py:186} INFO - Started process (PID=67688) to work on /opt/homebrew/Caskroom/miniconda/base/envs/airflow_env/lib/python3.9/site-packages/airflow/example_dags/example_bash_operator.py
[2024-10-13T14:16:11.320+0100] {processor.py:914} INFO - Processing file /opt/homebrew/Caskroom/miniconda/base/envs/airflow_env/lib/python3.9/site-packages/airflow/example_dags/example_bash_operator.py for tasks to queue
[2024-10-13T14:16:11.321+0100] {logging_mixin.py:190} INFO - [2024-10-13T14:16:11.321+0100] {dagbag.py:588} INFO - Filling up the DagBag from /opt/homebrew/Caskroom/miniconda/base/envs/airflow_env/lib/python3.9/site-packages/airflow/example_dags/example_bash_operator.py
[2024-10-13T14:16:11.350+0100] {processor.py:925} INFO - DAG(s) 'example_bash_operator' retrieved from /opt/homebrew/Caskroom/miniconda/base/envs/airflow_env/lib/python3.9/site-packages/airflow/example_dags/example_bash_operator.py
[2024-10-13T14:16:11.392+0100] {logging_mixin.py:190} INFO - [2024-10-13T14:16:11.392+0100] {dag.py:3239} INFO - Sync 1 DAGs
[2024-10-13T14:16:11.398+0100] {logging_mixin.py:190} INFO - [2024-10-13T14:16:11.398+0100] {dag.py:4180} INFO - Setting next_dagrun for example_bash_operator to 2024-10-12 00:00:00+00:00, run_after=2024-10-13 00:00:00+00:00
[2024-10-13T14:16:11.405+0100] {processor.py:208} INFO - Processing /opt/homebrew/Caskroom/miniconda/base/envs/airflow_env/lib/python3.9/site-packages/airflow/example_dags/example_bash_operator.py took 0.087 seconds
[2024-10-13T15:13:36.741+0100] {processor.py:186} INFO - Started process (PID=67889) to work on /opt/homebrew/Caskroom/miniconda/base/envs/airflow_env/lib/python3.9/site-packages/airflow/example_dags/example_bash_operator.py
[2024-10-13T15:13:36.742+0100] {processor.py:914} INFO - Processing file /opt/homebrew/Caskroom/miniconda/base/envs/airflow_env/lib/python3.9/site-packages/airflow/example_dags/example_bash_operator.py for tasks to queue
[2024-10-13T15:13:36.742+0100] {logging_mixin.py:190} INFO - [2024-10-13T15:13:36.742+0100] {dagbag.py:588} INFO - Filling up the DagBag from /opt/homebrew/Caskroom/miniconda/base/envs/airflow_env/lib/python3.9/site-packages/airflow/example_dags/example_bash_operator.py
[2024-10-13T15:13:36.769+0100] {processor.py:925} INFO - DAG(s) 'example_bash_operator' retrieved from /opt/homebrew/Caskroom/miniconda/base/envs/airflow_env/lib/python3.9/site-packages/airflow/example_dags/example_bash_operator.py
[2024-10-13T15:13:36.812+0100] {logging_mixin.py:190} INFO - [2024-10-13T15:13:36.812+0100] {dag.py:3239} INFO - Sync 1 DAGs
[2024-10-13T15:13:36.819+0100] {logging_mixin.py:190} INFO - [2024-10-13T15:13:36.819+0100] {dag.py:4180} INFO - Setting next_dagrun for example_bash_operator to 2024-10-12 00:00:00+00:00, run_after=2024-10-13 00:00:00+00:00
[2024-10-13T15:13:36.827+0100] {processor.py:208} INFO - Processing /opt/homebrew/Caskroom/miniconda/base/envs/airflow_env/lib/python3.9/site-packages/airflow/example_dags/example_bash_operator.py took 0.088 seconds
[2024-10-13T15:15:59.157+0100] {processor.py:186} INFO - Started process (PID=68069) to work on /opt/homebrew/Caskroom/miniconda/base/envs/airflow_env/lib/python3.9/site-packages/airflow/example_dags/example_bash_operator.py
[2024-10-13T15:15:59.158+0100] {processor.py:914} INFO - Processing file /opt/homebrew/Caskroom/miniconda/base/envs/airflow_env/lib/python3.9/site-packages/airflow/example_dags/example_bash_operator.py for tasks to queue
[2024-10-13T15:15:59.158+0100] {logging_mixin.py:190} INFO - [2024-10-13T15:15:59.158+0100] {dagbag.py:588} INFO - Filling up the DagBag from /opt/homebrew/Caskroom/miniconda/base/envs/airflow_env/lib/python3.9/site-packages/airflow/example_dags/example_bash_operator.py
[2024-10-13T15:15:59.185+0100] {processor.py:925} INFO - DAG(s) 'example_bash_operator' retrieved from /opt/homebrew/Caskroom/miniconda/base/envs/airflow_env/lib/python3.9/site-packages/airflow/example_dags/example_bash_operator.py
[2024-10-13T15:15:59.222+0100] {logging_mixin.py:190} INFO - [2024-10-13T15:15:59.222+0100] {dag.py:3239} INFO - Sync 1 DAGs
[2024-10-13T15:15:59.228+0100] {logging_mixin.py:190} INFO - [2024-10-13T15:15:59.228+0100] {dag.py:4180} INFO - Setting next_dagrun for example_bash_operator to 2024-10-12 00:00:00+00:00, run_after=2024-10-13 00:00:00+00:00
[2024-10-13T15:15:59.236+0100] {processor.py:208} INFO - Processing /opt/homebrew/Caskroom/miniconda/base/envs/airflow_env/lib/python3.9/site-packages/airflow/example_dags/example_bash_operator.py took 0.080 seconds
[2024-10-13T15:18:10.064+0100] {processor.py:186} INFO - Started process (PID=68190) to work on /opt/homebrew/Caskroom/miniconda/base/envs/airflow_env/lib/python3.9/site-packages/airflow/example_dags/example_bash_operator.py
[2024-10-13T15:18:10.065+0100] {processor.py:914} INFO - Processing file /opt/homebrew/Caskroom/miniconda/base/envs/airflow_env/lib/python3.9/site-packages/airflow/example_dags/example_bash_operator.py for tasks to queue
[2024-10-13T15:18:10.065+0100] {logging_mixin.py:190} INFO - [2024-10-13T15:18:10.065+0100] {dagbag.py:588} INFO - Filling up the DagBag from /opt/homebrew/Caskroom/miniconda/base/envs/airflow_env/lib/python3.9/site-packages/airflow/example_dags/example_bash_operator.py
[2024-10-13T15:18:10.087+0100] {processor.py:925} INFO - DAG(s) 'example_bash_operator' retrieved from /opt/homebrew/Caskroom/miniconda/base/envs/airflow_env/lib/python3.9/site-packages/airflow/example_dags/example_bash_operator.py
[2024-10-13T15:18:10.123+0100] {logging_mixin.py:190} INFO - [2024-10-13T15:18:10.123+0100] {dag.py:3239} INFO - Sync 1 DAGs
[2024-10-13T15:18:10.129+0100] {logging_mixin.py:190} INFO - [2024-10-13T15:18:10.129+0100] {dag.py:4180} INFO - Setting next_dagrun for example_bash_operator to 2024-10-12 00:00:00+00:00, run_after=2024-10-13 00:00:00+00:00
[2024-10-13T15:18:10.135+0100] {processor.py:208} INFO - Processing /opt/homebrew/Caskroom/miniconda/base/envs/airflow_env/lib/python3.9/site-packages/airflow/example_dags/example_bash_operator.py took 0.073 seconds
[2024-10-13T15:20:24.027+0100] {processor.py:186} INFO - Started process (PID=68324) to work on /opt/homebrew/Caskroom/miniconda/base/envs/airflow_env/lib/python3.9/site-packages/airflow/example_dags/example_bash_operator.py
[2024-10-13T15:20:24.028+0100] {processor.py:914} INFO - Processing file /opt/homebrew/Caskroom/miniconda/base/envs/airflow_env/lib/python3.9/site-packages/airflow/example_dags/example_bash_operator.py for tasks to queue
[2024-10-13T15:20:24.028+0100] {logging_mixin.py:190} INFO - [2024-10-13T15:20:24.028+0100] {dagbag.py:588} INFO - Filling up the DagBag from /opt/homebrew/Caskroom/miniconda/base/envs/airflow_env/lib/python3.9/site-packages/airflow/example_dags/example_bash_operator.py
[2024-10-13T15:20:24.055+0100] {processor.py:925} INFO - DAG(s) 'example_bash_operator' retrieved from /opt/homebrew/Caskroom/miniconda/base/envs/airflow_env/lib/python3.9/site-packages/airflow/example_dags/example_bash_operator.py
[2024-10-13T15:20:24.093+0100] {logging_mixin.py:190} INFO - [2024-10-13T15:20:24.093+0100] {dag.py:3239} INFO - Sync 1 DAGs
[2024-10-13T15:20:24.099+0100] {logging_mixin.py:190} INFO - [2024-10-13T15:20:24.099+0100] {dag.py:4180} INFO - Setting next_dagrun for example_bash_operator to 2024-10-12 00:00:00+00:00, run_after=2024-10-13 00:00:00+00:00
[2024-10-13T15:20:24.107+0100] {processor.py:208} INFO - Processing /opt/homebrew/Caskroom/miniconda/base/envs/airflow_env/lib/python3.9/site-packages/airflow/example_dags/example_bash_operator.py took 0.081 seconds
[2024-10-13T15:22:30.704+0100] {processor.py:186} INFO - Started process (PID=68527) to work on /opt/homebrew/Caskroom/miniconda/base/envs/airflow_env/lib/python3.9/site-packages/airflow/example_dags/example_bash_operator.py
[2024-10-13T15:22:30.705+0100] {processor.py:914} INFO - Processing file /opt/homebrew/Caskroom/miniconda/base/envs/airflow_env/lib/python3.9/site-packages/airflow/example_dags/example_bash_operator.py for tasks to queue
[2024-10-13T15:22:30.705+0100] {logging_mixin.py:190} INFO - [2024-10-13T15:22:30.705+0100] {dagbag.py:588} INFO - Filling up the DagBag from /opt/homebrew/Caskroom/miniconda/base/envs/airflow_env/lib/python3.9/site-packages/airflow/example_dags/example_bash_operator.py
[2024-10-13T15:22:30.728+0100] {processor.py:925} INFO - DAG(s) 'example_bash_operator' retrieved from /opt/homebrew/Caskroom/miniconda/base/envs/airflow_env/lib/python3.9/site-packages/airflow/example_dags/example_bash_operator.py
[2024-10-13T15:22:30.766+0100] {logging_mixin.py:190} INFO - [2024-10-13T15:22:30.766+0100] {dag.py:3239} INFO - Sync 1 DAGs
[2024-10-13T15:22:30.772+0100] {logging_mixin.py:190} INFO - [2024-10-13T15:22:30.772+0100] {dag.py:4180} INFO - Setting next_dagrun for example_bash_operator to 2024-10-12 00:00:00+00:00, run_after=2024-10-13 00:00:00+00:00
[2024-10-13T15:22:30.780+0100] {processor.py:208} INFO - Processing /opt/homebrew/Caskroom/miniconda/base/envs/airflow_env/lib/python3.9/site-packages/airflow/example_dags/example_bash_operator.py took 0.077 seconds
[2024-10-13T15:24:39.120+0100] {processor.py:186} INFO - Started process (PID=68653) to work on /opt/homebrew/Caskroom/miniconda/base/envs/airflow_env/lib/python3.9/site-packages/airflow/example_dags/example_bash_operator.py
[2024-10-13T15:24:39.121+0100] {processor.py:914} INFO - Processing file /opt/homebrew/Caskroom/miniconda/base/envs/airflow_env/lib/python3.9/site-packages/airflow/example_dags/example_bash_operator.py for tasks to queue
[2024-10-13T15:24:39.121+0100] {logging_mixin.py:190} INFO - [2024-10-13T15:24:39.121+0100] {dagbag.py:588} INFO - Filling up the DagBag from /opt/homebrew/Caskroom/miniconda/base/envs/airflow_env/lib/python3.9/site-packages/airflow/example_dags/example_bash_operator.py
[2024-10-13T15:24:39.144+0100] {processor.py:925} INFO - DAG(s) 'example_bash_operator' retrieved from /opt/homebrew/Caskroom/miniconda/base/envs/airflow_env/lib/python3.9/site-packages/airflow/example_dags/example_bash_operator.py
[2024-10-13T15:24:39.182+0100] {logging_mixin.py:190} INFO - [2024-10-13T15:24:39.182+0100] {dag.py:3239} INFO - Sync 1 DAGs
[2024-10-13T15:24:39.188+0100] {logging_mixin.py:190} INFO - [2024-10-13T15:24:39.188+0100] {dag.py:4180} INFO - Setting next_dagrun for example_bash_operator to 2024-10-12 00:00:00+00:00, run_after=2024-10-13 00:00:00+00:00
[2024-10-13T15:24:39.195+0100] {processor.py:208} INFO - Processing /opt/homebrew/Caskroom/miniconda/base/envs/airflow_env/lib/python3.9/site-packages/airflow/example_dags/example_bash_operator.py took 0.076 seconds
[2024-10-13T15:26:47.001+0100] {processor.py:186} INFO - Started process (PID=68819) to work on /opt/homebrew/Caskroom/miniconda/base/envs/airflow_env/lib/python3.9/site-packages/airflow/example_dags/example_bash_operator.py
[2024-10-13T15:26:47.001+0100] {processor.py:914} INFO - Processing file /opt/homebrew/Caskroom/miniconda/base/envs/airflow_env/lib/python3.9/site-packages/airflow/example_dags/example_bash_operator.py for tasks to queue
[2024-10-13T15:26:47.002+0100] {logging_mixin.py:190} INFO - [2024-10-13T15:26:47.002+0100] {dagbag.py:588} INFO - Filling up the DagBag from /opt/homebrew/Caskroom/miniconda/base/envs/airflow_env/lib/python3.9/site-packages/airflow/example_dags/example_bash_operator.py
[2024-10-13T15:26:47.027+0100] {processor.py:925} INFO - DAG(s) 'example_bash_operator' retrieved from /opt/homebrew/Caskroom/miniconda/base/envs/airflow_env/lib/python3.9/site-packages/airflow/example_dags/example_bash_operator.py
[2024-10-13T15:26:47.066+0100] {logging_mixin.py:190} INFO - [2024-10-13T15:26:47.066+0100] {dag.py:3239} INFO - Sync 1 DAGs
[2024-10-13T15:26:47.072+0100] {logging_mixin.py:190} INFO - [2024-10-13T15:26:47.072+0100] {dag.py:4180} INFO - Setting next_dagrun for example_bash_operator to 2024-10-12 00:00:00+00:00, run_after=2024-10-13 00:00:00+00:00
[2024-10-13T15:26:47.079+0100] {processor.py:208} INFO - Processing /opt/homebrew/Caskroom/miniconda/base/envs/airflow_env/lib/python3.9/site-packages/airflow/example_dags/example_bash_operator.py took 0.080 seconds
