[2024-10-13T14:09:14.496+0100] {processor.py:186} INFO - Started process (PID=67236) to work on /opt/homebrew/Caskroom/miniconda/base/envs/airflow_env/lib/python3.9/site-packages/airflow/example_dags/example_external_task_marker_dag.py
[2024-10-13T14:09:14.496+0100] {processor.py:914} INFO - Processing file /opt/homebrew/Caskroom/miniconda/base/envs/airflow_env/lib/python3.9/site-packages/airflow/example_dags/example_external_task_marker_dag.py for tasks to queue
[2024-10-13T14:09:14.497+0100] {logging_mixin.py:190} INFO - [2024-10-13T14:09:14.496+0100] {dagbag.py:588} INFO - Filling up the DagBag from /opt/homebrew/Caskroom/miniconda/base/envs/airflow_env/lib/python3.9/site-packages/airflow/example_dags/example_external_task_marker_dag.py
[2024-10-13T14:09:14.518+0100] {processor.py:925} INFO - DAG(s) 'example_external_task_marker_parent', 'example_external_task_marker_child' retrieved from /opt/homebrew/Caskroom/miniconda/base/envs/airflow_env/lib/python3.9/site-packages/airflow/example_dags/example_external_task_marker_dag.py
[2024-10-13T14:09:14.602+0100] {logging_mixin.py:190} INFO - [2024-10-13T14:09:14.602+0100] {override.py:1901} INFO - Created Permission View: can read on DAG:example_external_task_marker_parent
[2024-10-13T14:09:14.605+0100] {logging_mixin.py:190} INFO - [2024-10-13T14:09:14.605+0100] {override.py:1901} INFO - Created Permission View: can edit on DAG:example_external_task_marker_parent
[2024-10-13T14:09:14.607+0100] {logging_mixin.py:190} INFO - [2024-10-13T14:09:14.607+0100] {override.py:1901} INFO - Created Permission View: can delete on DAG:example_external_task_marker_parent
[2024-10-13T14:09:14.610+0100] {logging_mixin.py:190} INFO - [2024-10-13T14:09:14.610+0100] {override.py:1901} INFO - Created Permission View: can read on DAG Run:example_external_task_marker_parent
[2024-10-13T14:09:14.612+0100] {logging_mixin.py:190} INFO - [2024-10-13T14:09:14.612+0100] {override.py:1901} INFO - Created Permission View: menu access on DAG Run:example_external_task_marker_parent
[2024-10-13T14:09:14.614+0100] {logging_mixin.py:190} INFO - [2024-10-13T14:09:14.614+0100] {override.py:1901} INFO - Created Permission View: can create on DAG Run:example_external_task_marker_parent
[2024-10-13T14:09:14.615+0100] {logging_mixin.py:190} INFO - [2024-10-13T14:09:14.615+0100] {override.py:1901} INFO - Created Permission View: can delete on DAG Run:example_external_task_marker_parent
[2024-10-13T14:09:14.618+0100] {logging_mixin.py:190} INFO - [2024-10-13T14:09:14.618+0100] {workday.py:41} WARNING - Could not import pandas. Holidays will not be considered.
[2024-10-13T14:09:14.624+0100] {logging_mixin.py:190} INFO - [2024-10-13T14:09:14.624+0100] {override.py:1901} INFO - Created Permission View: can read on DAG:example_external_task_marker_child
[2024-10-13T14:09:14.626+0100] {logging_mixin.py:190} INFO - [2024-10-13T14:09:14.625+0100] {override.py:1901} INFO - Created Permission View: can edit on DAG:example_external_task_marker_child
[2024-10-13T14:09:14.627+0100] {logging_mixin.py:190} INFO - [2024-10-13T14:09:14.627+0100] {override.py:1901} INFO - Created Permission View: can delete on DAG:example_external_task_marker_child
[2024-10-13T14:09:14.630+0100] {logging_mixin.py:190} INFO - [2024-10-13T14:09:14.630+0100] {override.py:1901} INFO - Created Permission View: can read on DAG Run:example_external_task_marker_child
[2024-10-13T14:09:14.632+0100] {logging_mixin.py:190} INFO - [2024-10-13T14:09:14.632+0100] {override.py:1901} INFO - Created Permission View: menu access on DAG Run:example_external_task_marker_child
[2024-10-13T14:09:14.634+0100] {logging_mixin.py:190} INFO - [2024-10-13T14:09:14.634+0100] {override.py:1901} INFO - Created Permission View: can create on DAG Run:example_external_task_marker_child
[2024-10-13T14:09:14.635+0100] {logging_mixin.py:190} INFO - [2024-10-13T14:09:14.635+0100] {override.py:1901} INFO - Created Permission View: can delete on DAG Run:example_external_task_marker_child
[2024-10-13T14:09:14.636+0100] {logging_mixin.py:190} INFO - [2024-10-13T14:09:14.635+0100] {dag.py:3239} INFO - Sync 2 DAGs
[2024-10-13T14:09:14.639+0100] {logging_mixin.py:190} INFO - [2024-10-13T14:09:14.639+0100] {dag.py:3262} INFO - Creating ORM DAG for example_external_task_marker_parent
[2024-10-13T14:09:14.639+0100] {logging_mixin.py:190} INFO - [2024-10-13T14:09:14.639+0100] {dag.py:3262} INFO - Creating ORM DAG for example_external_task_marker_child
[2024-10-13T14:09:14.640+0100] {logging_mixin.py:190} INFO - [2024-10-13T14:09:14.640+0100] {dag.py:4180} INFO - Setting next_dagrun for example_external_task_marker_child to None, run_after=None
[2024-10-13T14:09:14.640+0100] {logging_mixin.py:190} INFO - [2024-10-13T14:09:14.640+0100] {dag.py:4180} INFO - Setting next_dagrun for example_external_task_marker_parent to None, run_after=None
[2024-10-13T14:09:14.645+0100] {processor.py:208} INFO - Processing /opt/homebrew/Caskroom/miniconda/base/envs/airflow_env/lib/python3.9/site-packages/airflow/example_dags/example_external_task_marker_dag.py took 0.151 seconds
[2024-10-13T14:11:27.195+0100] {processor.py:186} INFO - Started process (PID=67377) to work on /opt/homebrew/Caskroom/miniconda/base/envs/airflow_env/lib/python3.9/site-packages/airflow/example_dags/example_external_task_marker_dag.py
[2024-10-13T14:11:27.196+0100] {processor.py:914} INFO - Processing file /opt/homebrew/Caskroom/miniconda/base/envs/airflow_env/lib/python3.9/site-packages/airflow/example_dags/example_external_task_marker_dag.py for tasks to queue
[2024-10-13T14:11:27.196+0100] {logging_mixin.py:190} INFO - [2024-10-13T14:11:27.196+0100] {dagbag.py:588} INFO - Filling up the DagBag from /opt/homebrew/Caskroom/miniconda/base/envs/airflow_env/lib/python3.9/site-packages/airflow/example_dags/example_external_task_marker_dag.py
[2024-10-13T14:11:27.218+0100] {processor.py:925} INFO - DAG(s) 'example_external_task_marker_child', 'example_external_task_marker_parent' retrieved from /opt/homebrew/Caskroom/miniconda/base/envs/airflow_env/lib/python3.9/site-packages/airflow/example_dags/example_external_task_marker_dag.py
[2024-10-13T14:11:27.250+0100] {logging_mixin.py:190} INFO - [2024-10-13T14:11:27.249+0100] {workday.py:41} WARNING - Could not import pandas. Holidays will not be considered.
[2024-10-13T14:11:27.255+0100] {logging_mixin.py:190} INFO - [2024-10-13T14:11:27.255+0100] {dag.py:3239} INFO - Sync 2 DAGs
[2024-10-13T14:11:27.259+0100] {logging_mixin.py:190} INFO - [2024-10-13T14:11:27.259+0100] {dag.py:4180} INFO - Setting next_dagrun for example_external_task_marker_child to None, run_after=None
[2024-10-13T14:11:27.261+0100] {logging_mixin.py:190} INFO - [2024-10-13T14:11:27.261+0100] {dag.py:4180} INFO - Setting next_dagrun for example_external_task_marker_parent to None, run_after=None
[2024-10-13T14:11:27.267+0100] {processor.py:208} INFO - Processing /opt/homebrew/Caskroom/miniconda/base/envs/airflow_env/lib/python3.9/site-packages/airflow/example_dags/example_external_task_marker_dag.py took 0.073 seconds
[2024-10-13T14:13:33.426+0100] {processor.py:186} INFO - Started process (PID=67547) to work on /opt/homebrew/Caskroom/miniconda/base/envs/airflow_env/lib/python3.9/site-packages/airflow/example_dags/example_external_task_marker_dag.py
[2024-10-13T14:13:33.427+0100] {processor.py:914} INFO - Processing file /opt/homebrew/Caskroom/miniconda/base/envs/airflow_env/lib/python3.9/site-packages/airflow/example_dags/example_external_task_marker_dag.py for tasks to queue
[2024-10-13T14:13:33.427+0100] {logging_mixin.py:190} INFO - [2024-10-13T14:13:33.427+0100] {dagbag.py:588} INFO - Filling up the DagBag from /opt/homebrew/Caskroom/miniconda/base/envs/airflow_env/lib/python3.9/site-packages/airflow/example_dags/example_external_task_marker_dag.py
[2024-10-13T14:13:33.451+0100] {processor.py:925} INFO - DAG(s) 'example_external_task_marker_parent', 'example_external_task_marker_child' retrieved from /opt/homebrew/Caskroom/miniconda/base/envs/airflow_env/lib/python3.9/site-packages/airflow/example_dags/example_external_task_marker_dag.py
[2024-10-13T14:13:33.486+0100] {logging_mixin.py:190} INFO - [2024-10-13T14:13:33.486+0100] {workday.py:41} WARNING - Could not import pandas. Holidays will not be considered.
[2024-10-13T14:13:33.490+0100] {logging_mixin.py:190} INFO - [2024-10-13T14:13:33.490+0100] {dag.py:3239} INFO - Sync 2 DAGs
[2024-10-13T14:13:33.493+0100] {logging_mixin.py:190} INFO - [2024-10-13T14:13:33.493+0100] {dag.py:4180} INFO - Setting next_dagrun for example_external_task_marker_child to None, run_after=None
[2024-10-13T14:13:33.494+0100] {logging_mixin.py:190} INFO - [2024-10-13T14:13:33.494+0100] {dag.py:4180} INFO - Setting next_dagrun for example_external_task_marker_parent to None, run_after=None
[2024-10-13T14:13:33.500+0100] {processor.py:208} INFO - Processing /opt/homebrew/Caskroom/miniconda/base/envs/airflow_env/lib/python3.9/site-packages/airflow/example_dags/example_external_task_marker_dag.py took 0.076 seconds
[2024-10-13T14:15:43.812+0100] {processor.py:186} INFO - Started process (PID=67669) to work on /opt/homebrew/Caskroom/miniconda/base/envs/airflow_env/lib/python3.9/site-packages/airflow/example_dags/example_external_task_marker_dag.py
[2024-10-13T14:15:43.813+0100] {processor.py:914} INFO - Processing file /opt/homebrew/Caskroom/miniconda/base/envs/airflow_env/lib/python3.9/site-packages/airflow/example_dags/example_external_task_marker_dag.py for tasks to queue
[2024-10-13T14:15:43.813+0100] {logging_mixin.py:190} INFO - [2024-10-13T14:15:43.813+0100] {dagbag.py:588} INFO - Filling up the DagBag from /opt/homebrew/Caskroom/miniconda/base/envs/airflow_env/lib/python3.9/site-packages/airflow/example_dags/example_external_task_marker_dag.py
[2024-10-13T14:15:43.838+0100] {processor.py:925} INFO - DAG(s) 'example_external_task_marker_child', 'example_external_task_marker_parent' retrieved from /opt/homebrew/Caskroom/miniconda/base/envs/airflow_env/lib/python3.9/site-packages/airflow/example_dags/example_external_task_marker_dag.py
[2024-10-13T14:15:43.869+0100] {logging_mixin.py:190} INFO - [2024-10-13T14:15:43.869+0100] {workday.py:41} WARNING - Could not import pandas. Holidays will not be considered.
[2024-10-13T14:15:43.874+0100] {logging_mixin.py:190} INFO - [2024-10-13T14:15:43.874+0100] {dag.py:3239} INFO - Sync 2 DAGs
[2024-10-13T14:15:43.878+0100] {logging_mixin.py:190} INFO - [2024-10-13T14:15:43.878+0100] {dag.py:4180} INFO - Setting next_dagrun for example_external_task_marker_child to None, run_after=None
[2024-10-13T14:15:43.879+0100] {logging_mixin.py:190} INFO - [2024-10-13T14:15:43.879+0100] {dag.py:4180} INFO - Setting next_dagrun for example_external_task_marker_parent to None, run_after=None
[2024-10-13T14:15:43.885+0100] {processor.py:208} INFO - Processing /opt/homebrew/Caskroom/miniconda/base/envs/airflow_env/lib/python3.9/site-packages/airflow/example_dags/example_external_task_marker_dag.py took 0.075 seconds
[2024-10-13T14:53:38.855+0100] {processor.py:186} INFO - Started process (PID=67808) to work on /opt/homebrew/Caskroom/miniconda/base/envs/airflow_env/lib/python3.9/site-packages/airflow/example_dags/example_external_task_marker_dag.py
[2024-10-13T14:53:38.856+0100] {processor.py:914} INFO - Processing file /opt/homebrew/Caskroom/miniconda/base/envs/airflow_env/lib/python3.9/site-packages/airflow/example_dags/example_external_task_marker_dag.py for tasks to queue
[2024-10-13T14:53:38.856+0100] {logging_mixin.py:190} INFO - [2024-10-13T14:53:38.856+0100] {dagbag.py:588} INFO - Filling up the DagBag from /opt/homebrew/Caskroom/miniconda/base/envs/airflow_env/lib/python3.9/site-packages/airflow/example_dags/example_external_task_marker_dag.py
[2024-10-13T14:53:38.880+0100] {processor.py:925} INFO - DAG(s) 'example_external_task_marker_parent', 'example_external_task_marker_child' retrieved from /opt/homebrew/Caskroom/miniconda/base/envs/airflow_env/lib/python3.9/site-packages/airflow/example_dags/example_external_task_marker_dag.py
[2024-10-13T14:53:38.912+0100] {logging_mixin.py:190} INFO - [2024-10-13T14:53:38.912+0100] {workday.py:41} WARNING - Could not import pandas. Holidays will not be considered.
[2024-10-13T14:53:38.915+0100] {logging_mixin.py:190} INFO - [2024-10-13T14:53:38.915+0100] {dag.py:3239} INFO - Sync 2 DAGs
[2024-10-13T14:53:38.919+0100] {logging_mixin.py:190} INFO - [2024-10-13T14:53:38.919+0100] {dag.py:4180} INFO - Setting next_dagrun for example_external_task_marker_child to None, run_after=None
[2024-10-13T14:53:38.920+0100] {logging_mixin.py:190} INFO - [2024-10-13T14:53:38.920+0100] {dag.py:4180} INFO - Setting next_dagrun for example_external_task_marker_parent to None, run_after=None
[2024-10-13T14:53:38.925+0100] {processor.py:208} INFO - Processing /opt/homebrew/Caskroom/miniconda/base/envs/airflow_env/lib/python3.9/site-packages/airflow/example_dags/example_external_task_marker_dag.py took 0.072 seconds
[2024-10-13T15:14:46.717+0100] {processor.py:186} INFO - Started process (PID=68004) to work on /opt/homebrew/Caskroom/miniconda/base/envs/airflow_env/lib/python3.9/site-packages/airflow/example_dags/example_external_task_marker_dag.py
[2024-10-13T15:14:46.718+0100] {processor.py:914} INFO - Processing file /opt/homebrew/Caskroom/miniconda/base/envs/airflow_env/lib/python3.9/site-packages/airflow/example_dags/example_external_task_marker_dag.py for tasks to queue
[2024-10-13T15:14:46.718+0100] {logging_mixin.py:190} INFO - [2024-10-13T15:14:46.718+0100] {dagbag.py:588} INFO - Filling up the DagBag from /opt/homebrew/Caskroom/miniconda/base/envs/airflow_env/lib/python3.9/site-packages/airflow/example_dags/example_external_task_marker_dag.py
[2024-10-13T15:14:46.743+0100] {processor.py:925} INFO - DAG(s) 'example_external_task_marker_child', 'example_external_task_marker_parent' retrieved from /opt/homebrew/Caskroom/miniconda/base/envs/airflow_env/lib/python3.9/site-packages/airflow/example_dags/example_external_task_marker_dag.py
[2024-10-13T15:14:46.778+0100] {logging_mixin.py:190} INFO - [2024-10-13T15:14:46.778+0100] {workday.py:41} WARNING - Could not import pandas. Holidays will not be considered.
[2024-10-13T15:14:46.784+0100] {logging_mixin.py:190} INFO - [2024-10-13T15:14:46.784+0100] {dag.py:3239} INFO - Sync 2 DAGs
[2024-10-13T15:14:46.788+0100] {logging_mixin.py:190} INFO - [2024-10-13T15:14:46.788+0100] {dag.py:4180} INFO - Setting next_dagrun for example_external_task_marker_child to None, run_after=None
[2024-10-13T15:14:46.789+0100] {logging_mixin.py:190} INFO - [2024-10-13T15:14:46.789+0100] {dag.py:4180} INFO - Setting next_dagrun for example_external_task_marker_parent to None, run_after=None
[2024-10-13T15:14:46.795+0100] {processor.py:208} INFO - Processing /opt/homebrew/Caskroom/miniconda/base/envs/airflow_env/lib/python3.9/site-packages/airflow/example_dags/example_external_task_marker_dag.py took 0.080 seconds
[2024-10-13T15:16:58.306+0100] {processor.py:186} INFO - Started process (PID=68127) to work on /opt/homebrew/Caskroom/miniconda/base/envs/airflow_env/lib/python3.9/site-packages/airflow/example_dags/example_external_task_marker_dag.py
[2024-10-13T15:16:58.307+0100] {processor.py:914} INFO - Processing file /opt/homebrew/Caskroom/miniconda/base/envs/airflow_env/lib/python3.9/site-packages/airflow/example_dags/example_external_task_marker_dag.py for tasks to queue
[2024-10-13T15:16:58.307+0100] {logging_mixin.py:190} INFO - [2024-10-13T15:16:58.307+0100] {dagbag.py:588} INFO - Filling up the DagBag from /opt/homebrew/Caskroom/miniconda/base/envs/airflow_env/lib/python3.9/site-packages/airflow/example_dags/example_external_task_marker_dag.py
[2024-10-13T15:16:58.331+0100] {processor.py:925} INFO - DAG(s) 'example_external_task_marker_parent', 'example_external_task_marker_child' retrieved from /opt/homebrew/Caskroom/miniconda/base/envs/airflow_env/lib/python3.9/site-packages/airflow/example_dags/example_external_task_marker_dag.py
[2024-10-13T15:16:58.363+0100] {logging_mixin.py:190} INFO - [2024-10-13T15:16:58.363+0100] {workday.py:41} WARNING - Could not import pandas. Holidays will not be considered.
[2024-10-13T15:16:58.367+0100] {logging_mixin.py:190} INFO - [2024-10-13T15:16:58.367+0100] {dag.py:3239} INFO - Sync 2 DAGs
[2024-10-13T15:16:58.371+0100] {logging_mixin.py:190} INFO - [2024-10-13T15:16:58.370+0100] {dag.py:4180} INFO - Setting next_dagrun for example_external_task_marker_child to None, run_after=None
[2024-10-13T15:16:58.371+0100] {logging_mixin.py:190} INFO - [2024-10-13T15:16:58.371+0100] {dag.py:4180} INFO - Setting next_dagrun for example_external_task_marker_parent to None, run_after=None
[2024-10-13T15:16:58.377+0100] {processor.py:208} INFO - Processing /opt/homebrew/Caskroom/miniconda/base/envs/airflow_env/lib/python3.9/site-packages/airflow/example_dags/example_external_task_marker_dag.py took 0.072 seconds
[2024-10-13T15:19:12.569+0100] {processor.py:186} INFO - Started process (PID=68268) to work on /opt/homebrew/Caskroom/miniconda/base/envs/airflow_env/lib/python3.9/site-packages/airflow/example_dags/example_external_task_marker_dag.py
[2024-10-13T15:19:12.569+0100] {processor.py:914} INFO - Processing file /opt/homebrew/Caskroom/miniconda/base/envs/airflow_env/lib/python3.9/site-packages/airflow/example_dags/example_external_task_marker_dag.py for tasks to queue
[2024-10-13T15:19:12.570+0100] {logging_mixin.py:190} INFO - [2024-10-13T15:19:12.570+0100] {dagbag.py:588} INFO - Filling up the DagBag from /opt/homebrew/Caskroom/miniconda/base/envs/airflow_env/lib/python3.9/site-packages/airflow/example_dags/example_external_task_marker_dag.py
[2024-10-13T15:19:12.593+0100] {processor.py:925} INFO - DAG(s) 'example_external_task_marker_parent', 'example_external_task_marker_child' retrieved from /opt/homebrew/Caskroom/miniconda/base/envs/airflow_env/lib/python3.9/site-packages/airflow/example_dags/example_external_task_marker_dag.py
[2024-10-13T15:19:12.626+0100] {logging_mixin.py:190} INFO - [2024-10-13T15:19:12.626+0100] {workday.py:41} WARNING - Could not import pandas. Holidays will not be considered.
[2024-10-13T15:19:12.630+0100] {logging_mixin.py:190} INFO - [2024-10-13T15:19:12.629+0100] {dag.py:3239} INFO - Sync 2 DAGs
[2024-10-13T15:19:12.633+0100] {logging_mixin.py:190} INFO - [2024-10-13T15:19:12.633+0100] {dag.py:4180} INFO - Setting next_dagrun for example_external_task_marker_child to None, run_after=None
[2024-10-13T15:19:12.634+0100] {logging_mixin.py:190} INFO - [2024-10-13T15:19:12.634+0100] {dag.py:4180} INFO - Setting next_dagrun for example_external_task_marker_parent to None, run_after=None
[2024-10-13T15:19:12.640+0100] {processor.py:208} INFO - Processing /opt/homebrew/Caskroom/miniconda/base/envs/airflow_env/lib/python3.9/site-packages/airflow/example_dags/example_external_task_marker_dag.py took 0.072 seconds
[2024-10-13T15:21:24.945+0100] {processor.py:186} INFO - Started process (PID=68390) to work on /opt/homebrew/Caskroom/miniconda/base/envs/airflow_env/lib/python3.9/site-packages/airflow/example_dags/example_external_task_marker_dag.py
[2024-10-13T15:21:24.945+0100] {processor.py:914} INFO - Processing file /opt/homebrew/Caskroom/miniconda/base/envs/airflow_env/lib/python3.9/site-packages/airflow/example_dags/example_external_task_marker_dag.py for tasks to queue
[2024-10-13T15:21:24.946+0100] {logging_mixin.py:190} INFO - [2024-10-13T15:21:24.946+0100] {dagbag.py:588} INFO - Filling up the DagBag from /opt/homebrew/Caskroom/miniconda/base/envs/airflow_env/lib/python3.9/site-packages/airflow/example_dags/example_external_task_marker_dag.py
[2024-10-13T15:21:24.968+0100] {processor.py:925} INFO - DAG(s) 'example_external_task_marker_child', 'example_external_task_marker_parent' retrieved from /opt/homebrew/Caskroom/miniconda/base/envs/airflow_env/lib/python3.9/site-packages/airflow/example_dags/example_external_task_marker_dag.py
[2024-10-13T15:21:24.999+0100] {logging_mixin.py:190} INFO - [2024-10-13T15:21:24.999+0100] {workday.py:41} WARNING - Could not import pandas. Holidays will not be considered.
[2024-10-13T15:21:25.004+0100] {logging_mixin.py:190} INFO - [2024-10-13T15:21:25.004+0100] {dag.py:3239} INFO - Sync 2 DAGs
[2024-10-13T15:21:25.007+0100] {logging_mixin.py:190} INFO - [2024-10-13T15:21:25.007+0100] {dag.py:4180} INFO - Setting next_dagrun for example_external_task_marker_child to None, run_after=None
[2024-10-13T15:21:25.008+0100] {logging_mixin.py:190} INFO - [2024-10-13T15:21:25.008+0100] {dag.py:4180} INFO - Setting next_dagrun for example_external_task_marker_parent to None, run_after=None
[2024-10-13T15:21:25.014+0100] {processor.py:208} INFO - Processing /opt/homebrew/Caskroom/miniconda/base/envs/airflow_env/lib/python3.9/site-packages/airflow/example_dags/example_external_task_marker_dag.py took 0.071 seconds
[2024-10-13T15:23:28.908+0100] {processor.py:186} INFO - Started process (PID=68596) to work on /opt/homebrew/Caskroom/miniconda/base/envs/airflow_env/lib/python3.9/site-packages/airflow/example_dags/example_external_task_marker_dag.py
[2024-10-13T15:23:28.908+0100] {processor.py:914} INFO - Processing file /opt/homebrew/Caskroom/miniconda/base/envs/airflow_env/lib/python3.9/site-packages/airflow/example_dags/example_external_task_marker_dag.py for tasks to queue
[2024-10-13T15:23:28.909+0100] {logging_mixin.py:190} INFO - [2024-10-13T15:23:28.909+0100] {dagbag.py:588} INFO - Filling up the DagBag from /opt/homebrew/Caskroom/miniconda/base/envs/airflow_env/lib/python3.9/site-packages/airflow/example_dags/example_external_task_marker_dag.py
[2024-10-13T15:23:28.932+0100] {processor.py:925} INFO - DAG(s) 'example_external_task_marker_parent', 'example_external_task_marker_child' retrieved from /opt/homebrew/Caskroom/miniconda/base/envs/airflow_env/lib/python3.9/site-packages/airflow/example_dags/example_external_task_marker_dag.py
[2024-10-13T15:23:28.966+0100] {logging_mixin.py:190} INFO - [2024-10-13T15:23:28.966+0100] {workday.py:41} WARNING - Could not import pandas. Holidays will not be considered.
[2024-10-13T15:23:28.970+0100] {logging_mixin.py:190} INFO - [2024-10-13T15:23:28.970+0100] {dag.py:3239} INFO - Sync 2 DAGs
[2024-10-13T15:23:28.974+0100] {logging_mixin.py:190} INFO - [2024-10-13T15:23:28.974+0100] {dag.py:4180} INFO - Setting next_dagrun for example_external_task_marker_child to None, run_after=None
[2024-10-13T15:23:28.975+0100] {logging_mixin.py:190} INFO - [2024-10-13T15:23:28.975+0100] {dag.py:4180} INFO - Setting next_dagrun for example_external_task_marker_parent to None, run_after=None
[2024-10-13T15:23:28.980+0100] {processor.py:208} INFO - Processing /opt/homebrew/Caskroom/miniconda/base/envs/airflow_env/lib/python3.9/site-packages/airflow/example_dags/example_external_task_marker_dag.py took 0.074 seconds
[2024-10-13T15:25:41.183+0100] {processor.py:186} INFO - Started process (PID=68732) to work on /opt/homebrew/Caskroom/miniconda/base/envs/airflow_env/lib/python3.9/site-packages/airflow/example_dags/example_external_task_marker_dag.py
[2024-10-13T15:25:41.184+0100] {processor.py:914} INFO - Processing file /opt/homebrew/Caskroom/miniconda/base/envs/airflow_env/lib/python3.9/site-packages/airflow/example_dags/example_external_task_marker_dag.py for tasks to queue
[2024-10-13T15:25:41.184+0100] {logging_mixin.py:190} INFO - [2024-10-13T15:25:41.184+0100] {dagbag.py:588} INFO - Filling up the DagBag from /opt/homebrew/Caskroom/miniconda/base/envs/airflow_env/lib/python3.9/site-packages/airflow/example_dags/example_external_task_marker_dag.py
[2024-10-13T15:25:41.209+0100] {processor.py:925} INFO - DAG(s) 'example_external_task_marker_child', 'example_external_task_marker_parent' retrieved from /opt/homebrew/Caskroom/miniconda/base/envs/airflow_env/lib/python3.9/site-packages/airflow/example_dags/example_external_task_marker_dag.py
[2024-10-13T15:25:41.243+0100] {logging_mixin.py:190} INFO - [2024-10-13T15:25:41.243+0100] {workday.py:41} WARNING - Could not import pandas. Holidays will not be considered.
[2024-10-13T15:25:41.249+0100] {logging_mixin.py:190} INFO - [2024-10-13T15:25:41.249+0100] {dag.py:3239} INFO - Sync 2 DAGs
[2024-10-13T15:25:41.252+0100] {logging_mixin.py:190} INFO - [2024-10-13T15:25:41.252+0100] {dag.py:4180} INFO - Setting next_dagrun for example_external_task_marker_child to None, run_after=None
[2024-10-13T15:25:41.253+0100] {logging_mixin.py:190} INFO - [2024-10-13T15:25:41.253+0100] {dag.py:4180} INFO - Setting next_dagrun for example_external_task_marker_parent to None, run_after=None
[2024-10-13T15:25:41.260+0100] {processor.py:208} INFO - Processing /opt/homebrew/Caskroom/miniconda/base/envs/airflow_env/lib/python3.9/site-packages/airflow/example_dags/example_external_task_marker_dag.py took 0.078 seconds
