[2024-10-13T14:09:20.350+0100] {processor.py:186} INFO - Started process (PID=67243) to work on /opt/homebrew/Caskroom/miniconda/base/envs/airflow_env/lib/python3.9/site-packages/airflow/example_dags/example_datasets.py
[2024-10-13T14:09:20.350+0100] {processor.py:914} INFO - Processing file /opt/homebrew/Caskroom/miniconda/base/envs/airflow_env/lib/python3.9/site-packages/airflow/example_dags/example_datasets.py for tasks to queue
[2024-10-13T14:09:20.350+0100] {logging_mixin.py:190} INFO - [2024-10-13T14:09:20.350+0100] {dagbag.py:588} INFO - Filling up the DagBag from /opt/homebrew/Caskroom/miniconda/base/envs/airflow_env/lib/python3.9/site-packages/airflow/example_dags/example_datasets.py
[2024-10-13T14:09:20.388+0100] {processor.py:925} INFO - DAG(s) 'dataset_produces_1', 'dataset_consumes_unknown_never_scheduled', 'dataset_consumes_1_never_scheduled', 'dataset_consumes_1', 'dataset_produces_2', 'dataset_consumes_1_and_2', 'conditional_dataset_and_time_based_timetable', 'consume_1_or_2_with_dataset_expressions', 'consume_1_or_both_2_and_3_with_dataset_expressions', 'consume_1_and_2_with_dataset_expressions' retrieved from /opt/homebrew/Caskroom/miniconda/base/envs/airflow_env/lib/python3.9/site-packages/airflow/example_dags/example_datasets.py
[2024-10-13T14:09:20.453+0100] {logging_mixin.py:190} INFO - [2024-10-13T14:09:20.452+0100] {override.py:1901} INFO - Created Permission View: can delete on DAG:dataset_produces_1
[2024-10-13T14:09:20.456+0100] {logging_mixin.py:190} INFO - [2024-10-13T14:09:20.456+0100] {override.py:1901} INFO - Created Permission View: can read on DAG:dataset_produces_1
[2024-10-13T14:09:20.458+0100] {logging_mixin.py:190} INFO - [2024-10-13T14:09:20.458+0100] {override.py:1901} INFO - Created Permission View: can edit on DAG:dataset_produces_1
[2024-10-13T14:09:20.460+0100] {logging_mixin.py:190} INFO - [2024-10-13T14:09:20.460+0100] {override.py:1901} INFO - Created Permission View: can create on DAG Run:dataset_produces_1
[2024-10-13T14:09:20.462+0100] {logging_mixin.py:190} INFO - [2024-10-13T14:09:20.462+0100] {override.py:1901} INFO - Created Permission View: can delete on DAG Run:dataset_produces_1
[2024-10-13T14:09:20.464+0100] {logging_mixin.py:190} INFO - [2024-10-13T14:09:20.464+0100] {override.py:1901} INFO - Created Permission View: can read on DAG Run:dataset_produces_1
[2024-10-13T14:09:20.466+0100] {logging_mixin.py:190} INFO - [2024-10-13T14:09:20.466+0100] {override.py:1901} INFO - Created Permission View: menu access on DAG Run:dataset_produces_1
[2024-10-13T14:09:20.470+0100] {logging_mixin.py:190} INFO - [2024-10-13T14:09:20.469+0100] {override.py:1901} INFO - Created Permission View: can delete on DAG:dataset_consumes_unknown_never_scheduled
[2024-10-13T14:09:20.471+0100] {logging_mixin.py:190} INFO - [2024-10-13T14:09:20.471+0100] {override.py:1901} INFO - Created Permission View: can read on DAG:dataset_consumes_unknown_never_scheduled
[2024-10-13T14:09:20.473+0100] {logging_mixin.py:190} INFO - [2024-10-13T14:09:20.473+0100] {override.py:1901} INFO - Created Permission View: can edit on DAG:dataset_consumes_unknown_never_scheduled
[2024-10-13T14:09:20.476+0100] {logging_mixin.py:190} INFO - [2024-10-13T14:09:20.475+0100] {override.py:1901} INFO - Created Permission View: can create on DAG Run:dataset_consumes_unknown_never_scheduled
[2024-10-13T14:09:20.477+0100] {logging_mixin.py:190} INFO - [2024-10-13T14:09:20.477+0100] {override.py:1901} INFO - Created Permission View: can delete on DAG Run:dataset_consumes_unknown_never_scheduled
[2024-10-13T14:09:20.479+0100] {logging_mixin.py:190} INFO - [2024-10-13T14:09:20.479+0100] {override.py:1901} INFO - Created Permission View: can read on DAG Run:dataset_consumes_unknown_never_scheduled
[2024-10-13T14:09:20.481+0100] {logging_mixin.py:190} INFO - [2024-10-13T14:09:20.481+0100] {override.py:1901} INFO - Created Permission View: menu access on DAG Run:dataset_consumes_unknown_never_scheduled
[2024-10-13T14:09:20.485+0100] {logging_mixin.py:190} INFO - [2024-10-13T14:09:20.485+0100] {override.py:1901} INFO - Created Permission View: can delete on DAG:dataset_consumes_1_never_scheduled
[2024-10-13T14:09:20.486+0100] {logging_mixin.py:190} INFO - [2024-10-13T14:09:20.486+0100] {override.py:1901} INFO - Created Permission View: can read on DAG:dataset_consumes_1_never_scheduled
[2024-10-13T14:09:20.488+0100] {logging_mixin.py:190} INFO - [2024-10-13T14:09:20.488+0100] {override.py:1901} INFO - Created Permission View: can edit on DAG:dataset_consumes_1_never_scheduled
[2024-10-13T14:09:20.491+0100] {logging_mixin.py:190} INFO - [2024-10-13T14:09:20.491+0100] {override.py:1901} INFO - Created Permission View: can create on DAG Run:dataset_consumes_1_never_scheduled
[2024-10-13T14:09:20.492+0100] {logging_mixin.py:190} INFO - [2024-10-13T14:09:20.492+0100] {override.py:1901} INFO - Created Permission View: can delete on DAG Run:dataset_consumes_1_never_scheduled
[2024-10-13T14:09:20.494+0100] {logging_mixin.py:190} INFO - [2024-10-13T14:09:20.494+0100] {override.py:1901} INFO - Created Permission View: can read on DAG Run:dataset_consumes_1_never_scheduled
[2024-10-13T14:09:20.496+0100] {logging_mixin.py:190} INFO - [2024-10-13T14:09:20.496+0100] {override.py:1901} INFO - Created Permission View: menu access on DAG Run:dataset_consumes_1_never_scheduled
[2024-10-13T14:09:20.500+0100] {logging_mixin.py:190} INFO - [2024-10-13T14:09:20.499+0100] {override.py:1901} INFO - Created Permission View: can delete on DAG:dataset_consumes_1
[2024-10-13T14:09:20.501+0100] {logging_mixin.py:190} INFO - [2024-10-13T14:09:20.501+0100] {override.py:1901} INFO - Created Permission View: can read on DAG:dataset_consumes_1
[2024-10-13T14:09:20.503+0100] {logging_mixin.py:190} INFO - [2024-10-13T14:09:20.503+0100] {override.py:1901} INFO - Created Permission View: can edit on DAG:dataset_consumes_1
[2024-10-13T14:09:20.506+0100] {logging_mixin.py:190} INFO - [2024-10-13T14:09:20.506+0100] {override.py:1901} INFO - Created Permission View: can create on DAG Run:dataset_consumes_1
[2024-10-13T14:09:20.507+0100] {logging_mixin.py:190} INFO - [2024-10-13T14:09:20.507+0100] {override.py:1901} INFO - Created Permission View: can delete on DAG Run:dataset_consumes_1
[2024-10-13T14:09:20.509+0100] {logging_mixin.py:190} INFO - [2024-10-13T14:09:20.509+0100] {override.py:1901} INFO - Created Permission View: can read on DAG Run:dataset_consumes_1
[2024-10-13T14:09:20.511+0100] {logging_mixin.py:190} INFO - [2024-10-13T14:09:20.511+0100] {override.py:1901} INFO - Created Permission View: menu access on DAG Run:dataset_consumes_1
[2024-10-13T14:09:20.515+0100] {logging_mixin.py:190} INFO - [2024-10-13T14:09:20.515+0100] {override.py:1901} INFO - Created Permission View: can delete on DAG:dataset_produces_2
[2024-10-13T14:09:20.516+0100] {logging_mixin.py:190} INFO - [2024-10-13T14:09:20.516+0100] {override.py:1901} INFO - Created Permission View: can read on DAG:dataset_produces_2
[2024-10-13T14:09:20.518+0100] {logging_mixin.py:190} INFO - [2024-10-13T14:09:20.518+0100] {override.py:1901} INFO - Created Permission View: can edit on DAG:dataset_produces_2
[2024-10-13T14:09:20.521+0100] {logging_mixin.py:190} INFO - [2024-10-13T14:09:20.521+0100] {override.py:1901} INFO - Created Permission View: can create on DAG Run:dataset_produces_2
[2024-10-13T14:09:20.522+0100] {logging_mixin.py:190} INFO - [2024-10-13T14:09:20.522+0100] {override.py:1901} INFO - Created Permission View: can delete on DAG Run:dataset_produces_2
[2024-10-13T14:09:20.524+0100] {logging_mixin.py:190} INFO - [2024-10-13T14:09:20.524+0100] {override.py:1901} INFO - Created Permission View: can read on DAG Run:dataset_produces_2
[2024-10-13T14:09:20.526+0100] {logging_mixin.py:190} INFO - [2024-10-13T14:09:20.526+0100] {override.py:1901} INFO - Created Permission View: menu access on DAG Run:dataset_produces_2
[2024-10-13T14:09:20.530+0100] {logging_mixin.py:190} INFO - [2024-10-13T14:09:20.530+0100] {override.py:1901} INFO - Created Permission View: can delete on DAG:dataset_consumes_1_and_2
[2024-10-13T14:09:20.532+0100] {logging_mixin.py:190} INFO - [2024-10-13T14:09:20.532+0100] {override.py:1901} INFO - Created Permission View: can read on DAG:dataset_consumes_1_and_2
[2024-10-13T14:09:20.533+0100] {logging_mixin.py:190} INFO - [2024-10-13T14:09:20.533+0100] {override.py:1901} INFO - Created Permission View: can edit on DAG:dataset_consumes_1_and_2
[2024-10-13T14:09:20.536+0100] {logging_mixin.py:190} INFO - [2024-10-13T14:09:20.536+0100] {override.py:1901} INFO - Created Permission View: can create on DAG Run:dataset_consumes_1_and_2
[2024-10-13T14:09:20.538+0100] {logging_mixin.py:190} INFO - [2024-10-13T14:09:20.538+0100] {override.py:1901} INFO - Created Permission View: can delete on DAG Run:dataset_consumes_1_and_2
[2024-10-13T14:09:20.539+0100] {logging_mixin.py:190} INFO - [2024-10-13T14:09:20.539+0100] {override.py:1901} INFO - Created Permission View: can read on DAG Run:dataset_consumes_1_and_2
[2024-10-13T14:09:20.542+0100] {logging_mixin.py:190} INFO - [2024-10-13T14:09:20.542+0100] {override.py:1901} INFO - Created Permission View: menu access on DAG Run:dataset_consumes_1_and_2
[2024-10-13T14:09:20.546+0100] {logging_mixin.py:190} INFO - [2024-10-13T14:09:20.546+0100] {override.py:1901} INFO - Created Permission View: can delete on DAG:conditional_dataset_and_time_based_timetable
[2024-10-13T14:09:20.548+0100] {logging_mixin.py:190} INFO - [2024-10-13T14:09:20.548+0100] {override.py:1901} INFO - Created Permission View: can read on DAG:conditional_dataset_and_time_based_timetable
[2024-10-13T14:09:20.549+0100] {logging_mixin.py:190} INFO - [2024-10-13T14:09:20.549+0100] {override.py:1901} INFO - Created Permission View: can edit on DAG:conditional_dataset_and_time_based_timetable
[2024-10-13T14:09:20.552+0100] {logging_mixin.py:190} INFO - [2024-10-13T14:09:20.552+0100] {override.py:1901} INFO - Created Permission View: can create on DAG Run:conditional_dataset_and_time_based_timetable
[2024-10-13T14:09:20.554+0100] {logging_mixin.py:190} INFO - [2024-10-13T14:09:20.554+0100] {override.py:1901} INFO - Created Permission View: can delete on DAG Run:conditional_dataset_and_time_based_timetable
[2024-10-13T14:09:20.555+0100] {logging_mixin.py:190} INFO - [2024-10-13T14:09:20.555+0100] {override.py:1901} INFO - Created Permission View: can read on DAG Run:conditional_dataset_and_time_based_timetable
[2024-10-13T14:09:20.557+0100] {logging_mixin.py:190} INFO - [2024-10-13T14:09:20.557+0100] {override.py:1901} INFO - Created Permission View: menu access on DAG Run:conditional_dataset_and_time_based_timetable
[2024-10-13T14:09:20.561+0100] {logging_mixin.py:190} INFO - [2024-10-13T14:09:20.561+0100] {override.py:1901} INFO - Created Permission View: can delete on DAG:consume_1_or_2_with_dataset_expressions
[2024-10-13T14:09:20.563+0100] {logging_mixin.py:190} INFO - [2024-10-13T14:09:20.563+0100] {override.py:1901} INFO - Created Permission View: can read on DAG:consume_1_or_2_with_dataset_expressions
[2024-10-13T14:09:20.564+0100] {logging_mixin.py:190} INFO - [2024-10-13T14:09:20.564+0100] {override.py:1901} INFO - Created Permission View: can edit on DAG:consume_1_or_2_with_dataset_expressions
[2024-10-13T14:09:20.567+0100] {logging_mixin.py:190} INFO - [2024-10-13T14:09:20.567+0100] {override.py:1901} INFO - Created Permission View: can create on DAG Run:consume_1_or_2_with_dataset_expressions
[2024-10-13T14:09:20.569+0100] {logging_mixin.py:190} INFO - [2024-10-13T14:09:20.569+0100] {override.py:1901} INFO - Created Permission View: can delete on DAG Run:consume_1_or_2_with_dataset_expressions
[2024-10-13T14:09:20.571+0100] {logging_mixin.py:190} INFO - [2024-10-13T14:09:20.571+0100] {override.py:1901} INFO - Created Permission View: can read on DAG Run:consume_1_or_2_with_dataset_expressions
[2024-10-13T14:09:20.573+0100] {logging_mixin.py:190} INFO - [2024-10-13T14:09:20.573+0100] {override.py:1901} INFO - Created Permission View: menu access on DAG Run:consume_1_or_2_with_dataset_expressions
[2024-10-13T14:09:20.576+0100] {logging_mixin.py:190} INFO - [2024-10-13T14:09:20.576+0100] {override.py:1901} INFO - Created Permission View: can delete on DAG:consume_1_or_both_2_and_3_with_dataset_expressions
[2024-10-13T14:09:20.578+0100] {logging_mixin.py:190} INFO - [2024-10-13T14:09:20.578+0100] {override.py:1901} INFO - Created Permission View: can read on DAG:consume_1_or_both_2_and_3_with_dataset_expressions
[2024-10-13T14:09:20.580+0100] {logging_mixin.py:190} INFO - [2024-10-13T14:09:20.580+0100] {override.py:1901} INFO - Created Permission View: can edit on DAG:consume_1_or_both_2_and_3_with_dataset_expressions
[2024-10-13T14:09:20.582+0100] {logging_mixin.py:190} INFO - [2024-10-13T14:09:20.582+0100] {override.py:1901} INFO - Created Permission View: can create on DAG Run:consume_1_or_both_2_and_3_with_dataset_expressions
[2024-10-13T14:09:20.584+0100] {logging_mixin.py:190} INFO - [2024-10-13T14:09:20.584+0100] {override.py:1901} INFO - Created Permission View: can delete on DAG Run:consume_1_or_both_2_and_3_with_dataset_expressions
[2024-10-13T14:09:20.586+0100] {logging_mixin.py:190} INFO - [2024-10-13T14:09:20.586+0100] {override.py:1901} INFO - Created Permission View: can read on DAG Run:consume_1_or_both_2_and_3_with_dataset_expressions
[2024-10-13T14:09:20.588+0100] {logging_mixin.py:190} INFO - [2024-10-13T14:09:20.588+0100] {override.py:1901} INFO - Created Permission View: menu access on DAG Run:consume_1_or_both_2_and_3_with_dataset_expressions
[2024-10-13T14:09:20.591+0100] {logging_mixin.py:190} INFO - [2024-10-13T14:09:20.591+0100] {override.py:1901} INFO - Created Permission View: can delete on DAG:consume_1_and_2_with_dataset_expressions
[2024-10-13T14:09:20.593+0100] {logging_mixin.py:190} INFO - [2024-10-13T14:09:20.593+0100] {override.py:1901} INFO - Created Permission View: can read on DAG:consume_1_and_2_with_dataset_expressions
[2024-10-13T14:09:20.595+0100] {logging_mixin.py:190} INFO - [2024-10-13T14:09:20.595+0100] {override.py:1901} INFO - Created Permission View: can edit on DAG:consume_1_and_2_with_dataset_expressions
[2024-10-13T14:09:20.597+0100] {logging_mixin.py:190} INFO - [2024-10-13T14:09:20.597+0100] {override.py:1901} INFO - Created Permission View: can create on DAG Run:consume_1_and_2_with_dataset_expressions
[2024-10-13T14:09:20.599+0100] {logging_mixin.py:190} INFO - [2024-10-13T14:09:20.599+0100] {override.py:1901} INFO - Created Permission View: can delete on DAG Run:consume_1_and_2_with_dataset_expressions
[2024-10-13T14:09:20.601+0100] {logging_mixin.py:190} INFO - [2024-10-13T14:09:20.601+0100] {override.py:1901} INFO - Created Permission View: can read on DAG Run:consume_1_and_2_with_dataset_expressions
[2024-10-13T14:09:20.602+0100] {logging_mixin.py:190} INFO - [2024-10-13T14:09:20.602+0100] {override.py:1901} INFO - Created Permission View: menu access on DAG Run:consume_1_and_2_with_dataset_expressions
[2024-10-13T14:09:20.603+0100] {logging_mixin.py:190} INFO - [2024-10-13T14:09:20.602+0100] {dag.py:3239} INFO - Sync 10 DAGs
[2024-10-13T14:09:20.607+0100] {logging_mixin.py:190} INFO - [2024-10-13T14:09:20.607+0100] {dag.py:3262} INFO - Creating ORM DAG for consume_1_or_both_2_and_3_with_dataset_expressions
[2024-10-13T14:09:20.607+0100] {logging_mixin.py:190} INFO - [2024-10-13T14:09:20.607+0100] {dag.py:3262} INFO - Creating ORM DAG for conditional_dataset_and_time_based_timetable
[2024-10-13T14:09:20.607+0100] {logging_mixin.py:190} INFO - [2024-10-13T14:09:20.607+0100] {dag.py:3262} INFO - Creating ORM DAG for consume_1_and_2_with_dataset_expressions
[2024-10-13T14:09:20.607+0100] {logging_mixin.py:190} INFO - [2024-10-13T14:09:20.607+0100] {dag.py:3262} INFO - Creating ORM DAG for dataset_produces_2
[2024-10-13T14:09:20.607+0100] {logging_mixin.py:190} INFO - [2024-10-13T14:09:20.607+0100] {dag.py:3262} INFO - Creating ORM DAG for dataset_consumes_1_and_2
[2024-10-13T14:09:20.607+0100] {logging_mixin.py:190} INFO - [2024-10-13T14:09:20.607+0100] {dag.py:3262} INFO - Creating ORM DAG for dataset_consumes_1
[2024-10-13T14:09:20.608+0100] {logging_mixin.py:190} INFO - [2024-10-13T14:09:20.608+0100] {dag.py:3262} INFO - Creating ORM DAG for consume_1_or_2_with_dataset_expressions
[2024-10-13T14:09:20.608+0100] {logging_mixin.py:190} INFO - [2024-10-13T14:09:20.608+0100] {dag.py:3262} INFO - Creating ORM DAG for dataset_consumes_1_never_scheduled
[2024-10-13T14:09:20.608+0100] {logging_mixin.py:190} INFO - [2024-10-13T14:09:20.608+0100] {dag.py:3262} INFO - Creating ORM DAG for dataset_produces_1
[2024-10-13T14:09:20.608+0100] {logging_mixin.py:190} INFO - [2024-10-13T14:09:20.608+0100] {dag.py:3262} INFO - Creating ORM DAG for dataset_consumes_unknown_never_scheduled
[2024-10-13T14:09:20.611+0100] {logging_mixin.py:190} INFO - [2024-10-13T14:09:20.611+0100] {dag.py:4180} INFO - Setting next_dagrun for conditional_dataset_and_time_based_timetable to 2024-10-09 01:00:00+00:00, run_after=2024-10-09 01:00:00+00:00
[2024-10-13T14:09:20.611+0100] {logging_mixin.py:190} INFO - [2024-10-13T14:09:20.611+0100] {dag.py:4180} INFO - Setting next_dagrun for consume_1_and_2_with_dataset_expressions to None, run_after=None
[2024-10-13T14:09:20.612+0100] {logging_mixin.py:190} INFO - [2024-10-13T14:09:20.612+0100] {dag.py:4180} INFO - Setting next_dagrun for consume_1_or_2_with_dataset_expressions to None, run_after=None
[2024-10-13T14:09:20.612+0100] {logging_mixin.py:190} INFO - [2024-10-13T14:09:20.612+0100] {dag.py:4180} INFO - Setting next_dagrun for consume_1_or_both_2_and_3_with_dataset_expressions to None, run_after=None
[2024-10-13T14:09:20.612+0100] {logging_mixin.py:190} INFO - [2024-10-13T14:09:20.612+0100] {dag.py:4180} INFO - Setting next_dagrun for dataset_consumes_1 to None, run_after=None
[2024-10-13T14:09:20.612+0100] {logging_mixin.py:190} INFO - [2024-10-13T14:09:20.612+0100] {dag.py:4180} INFO - Setting next_dagrun for dataset_consumes_1_and_2 to None, run_after=None
[2024-10-13T14:09:20.612+0100] {logging_mixin.py:190} INFO - [2024-10-13T14:09:20.612+0100] {dag.py:4180} INFO - Setting next_dagrun for dataset_consumes_1_never_scheduled to None, run_after=None
[2024-10-13T14:09:20.612+0100] {logging_mixin.py:190} INFO - [2024-10-13T14:09:20.612+0100] {dag.py:4180} INFO - Setting next_dagrun for dataset_consumes_unknown_never_scheduled to None, run_after=None
[2024-10-13T14:09:20.613+0100] {logging_mixin.py:190} INFO - [2024-10-13T14:09:20.613+0100] {dag.py:4180} INFO - Setting next_dagrun for dataset_produces_1 to 2024-10-12 00:00:00+00:00, run_after=2024-10-13 00:00:00+00:00
[2024-10-13T14:09:20.613+0100] {logging_mixin.py:190} INFO - [2024-10-13T14:09:20.613+0100] {dag.py:4180} INFO - Setting next_dagrun for dataset_produces_2 to None, run_after=None
[2024-10-13T14:09:20.621+0100] {logging_mixin.py:190} INFO - [2024-10-13T14:09:20.621+0100] {workday.py:41} WARNING - Could not import pandas. Holidays will not be considered.
[2024-10-13T14:09:20.627+0100] {processor.py:208} INFO - Processing /opt/homebrew/Caskroom/miniconda/base/envs/airflow_env/lib/python3.9/site-packages/airflow/example_dags/example_datasets.py took 0.279 seconds
[2024-10-13T14:11:34.001+0100] {processor.py:186} INFO - Started process (PID=67381) to work on /opt/homebrew/Caskroom/miniconda/base/envs/airflow_env/lib/python3.9/site-packages/airflow/example_dags/example_datasets.py
[2024-10-13T14:11:34.002+0100] {processor.py:914} INFO - Processing file /opt/homebrew/Caskroom/miniconda/base/envs/airflow_env/lib/python3.9/site-packages/airflow/example_dags/example_datasets.py for tasks to queue
[2024-10-13T14:11:34.002+0100] {logging_mixin.py:190} INFO - [2024-10-13T14:11:34.002+0100] {dagbag.py:588} INFO - Filling up the DagBag from /opt/homebrew/Caskroom/miniconda/base/envs/airflow_env/lib/python3.9/site-packages/airflow/example_dags/example_datasets.py
[2024-10-13T14:11:34.055+0100] {processor.py:925} INFO - DAG(s) 'dataset_consumes_unknown_never_scheduled', 'dataset_produces_2', 'dataset_consumes_1_and_2', 'consume_1_or_both_2_and_3_with_dataset_expressions', 'dataset_consumes_1', 'conditional_dataset_and_time_based_timetable', 'consume_1_or_2_with_dataset_expressions', 'consume_1_and_2_with_dataset_expressions', 'dataset_consumes_1_never_scheduled', 'dataset_produces_1' retrieved from /opt/homebrew/Caskroom/miniconda/base/envs/airflow_env/lib/python3.9/site-packages/airflow/example_dags/example_datasets.py
[2024-10-13T14:11:34.097+0100] {logging_mixin.py:190} INFO - [2024-10-13T14:11:34.097+0100] {dag.py:3239} INFO - Sync 10 DAGs
[2024-10-13T14:11:34.106+0100] {logging_mixin.py:190} INFO - [2024-10-13T14:11:34.106+0100] {dag.py:4180} INFO - Setting next_dagrun for conditional_dataset_and_time_based_timetable to 2024-10-09 01:00:00+00:00, run_after=2024-10-09 01:00:00+00:00
[2024-10-13T14:11:34.108+0100] {logging_mixin.py:190} INFO - [2024-10-13T14:11:34.107+0100] {dag.py:4180} INFO - Setting next_dagrun for consume_1_and_2_with_dataset_expressions to None, run_after=None
[2024-10-13T14:11:34.108+0100] {logging_mixin.py:190} INFO - [2024-10-13T14:11:34.108+0100] {dag.py:4180} INFO - Setting next_dagrun for consume_1_or_2_with_dataset_expressions to None, run_after=None
[2024-10-13T14:11:34.108+0100] {logging_mixin.py:190} INFO - [2024-10-13T14:11:34.108+0100] {dag.py:4180} INFO - Setting next_dagrun for consume_1_or_both_2_and_3_with_dataset_expressions to None, run_after=None
[2024-10-13T14:11:34.109+0100] {logging_mixin.py:190} INFO - [2024-10-13T14:11:34.108+0100] {dag.py:4180} INFO - Setting next_dagrun for dataset_consumes_1 to None, run_after=None
[2024-10-13T14:11:34.109+0100] {logging_mixin.py:190} INFO - [2024-10-13T14:11:34.109+0100] {dag.py:4180} INFO - Setting next_dagrun for dataset_consumes_1_and_2 to None, run_after=None
[2024-10-13T14:11:34.109+0100] {logging_mixin.py:190} INFO - [2024-10-13T14:11:34.109+0100] {dag.py:4180} INFO - Setting next_dagrun for dataset_consumes_1_never_scheduled to None, run_after=None
[2024-10-13T14:11:34.109+0100] {logging_mixin.py:190} INFO - [2024-10-13T14:11:34.109+0100] {dag.py:4180} INFO - Setting next_dagrun for dataset_consumes_unknown_never_scheduled to None, run_after=None
[2024-10-13T14:11:34.110+0100] {logging_mixin.py:190} INFO - [2024-10-13T14:11:34.110+0100] {dag.py:4180} INFO - Setting next_dagrun for dataset_produces_1 to 2024-10-12 00:00:00+00:00, run_after=2024-10-13 00:00:00+00:00
[2024-10-13T14:11:34.110+0100] {logging_mixin.py:190} INFO - [2024-10-13T14:11:34.110+0100] {dag.py:4180} INFO - Setting next_dagrun for dataset_produces_2 to None, run_after=None
[2024-10-13T14:11:34.120+0100] {processor.py:208} INFO - Processing /opt/homebrew/Caskroom/miniconda/base/envs/airflow_env/lib/python3.9/site-packages/airflow/example_dags/example_datasets.py took 0.121 seconds
[2024-10-13T14:13:39.267+0100] {processor.py:186} INFO - Started process (PID=67554) to work on /opt/homebrew/Caskroom/miniconda/base/envs/airflow_env/lib/python3.9/site-packages/airflow/example_dags/example_datasets.py
[2024-10-13T14:13:39.267+0100] {processor.py:914} INFO - Processing file /opt/homebrew/Caskroom/miniconda/base/envs/airflow_env/lib/python3.9/site-packages/airflow/example_dags/example_datasets.py for tasks to queue
[2024-10-13T14:13:39.268+0100] {logging_mixin.py:190} INFO - [2024-10-13T14:13:39.268+0100] {dagbag.py:588} INFO - Filling up the DagBag from /opt/homebrew/Caskroom/miniconda/base/envs/airflow_env/lib/python3.9/site-packages/airflow/example_dags/example_datasets.py
[2024-10-13T14:13:39.317+0100] {processor.py:925} INFO - DAG(s) 'consume_1_or_both_2_and_3_with_dataset_expressions', 'consume_1_or_2_with_dataset_expressions', 'dataset_consumes_1', 'dataset_consumes_unknown_never_scheduled', 'consume_1_and_2_with_dataset_expressions', 'dataset_consumes_1_and_2', 'conditional_dataset_and_time_based_timetable', 'dataset_produces_1', 'dataset_consumes_1_never_scheduled', 'dataset_produces_2' retrieved from /opt/homebrew/Caskroom/miniconda/base/envs/airflow_env/lib/python3.9/site-packages/airflow/example_dags/example_datasets.py
[2024-10-13T14:13:39.359+0100] {logging_mixin.py:190} INFO - [2024-10-13T14:13:39.359+0100] {dag.py:3239} INFO - Sync 10 DAGs
[2024-10-13T14:13:39.367+0100] {logging_mixin.py:190} INFO - [2024-10-13T14:13:39.367+0100] {dag.py:4180} INFO - Setting next_dagrun for conditional_dataset_and_time_based_timetable to 2024-10-09 01:00:00+00:00, run_after=2024-10-09 01:00:00+00:00
[2024-10-13T14:13:39.368+0100] {logging_mixin.py:190} INFO - [2024-10-13T14:13:39.368+0100] {dag.py:4180} INFO - Setting next_dagrun for consume_1_and_2_with_dataset_expressions to None, run_after=None
[2024-10-13T14:13:39.369+0100] {logging_mixin.py:190} INFO - [2024-10-13T14:13:39.369+0100] {dag.py:4180} INFO - Setting next_dagrun for consume_1_or_2_with_dataset_expressions to None, run_after=None
[2024-10-13T14:13:39.369+0100] {logging_mixin.py:190} INFO - [2024-10-13T14:13:39.369+0100] {dag.py:4180} INFO - Setting next_dagrun for consume_1_or_both_2_and_3_with_dataset_expressions to None, run_after=None
[2024-10-13T14:13:39.370+0100] {logging_mixin.py:190} INFO - [2024-10-13T14:13:39.369+0100] {dag.py:4180} INFO - Setting next_dagrun for dataset_consumes_1 to None, run_after=None
[2024-10-13T14:13:39.370+0100] {logging_mixin.py:190} INFO - [2024-10-13T14:13:39.370+0100] {dag.py:4180} INFO - Setting next_dagrun for dataset_consumes_1_and_2 to None, run_after=None
[2024-10-13T14:13:39.370+0100] {logging_mixin.py:190} INFO - [2024-10-13T14:13:39.370+0100] {dag.py:4180} INFO - Setting next_dagrun for dataset_consumes_1_never_scheduled to None, run_after=None
[2024-10-13T14:13:39.370+0100] {logging_mixin.py:190} INFO - [2024-10-13T14:13:39.370+0100] {dag.py:4180} INFO - Setting next_dagrun for dataset_consumes_unknown_never_scheduled to None, run_after=None
[2024-10-13T14:13:39.371+0100] {logging_mixin.py:190} INFO - [2024-10-13T14:13:39.371+0100] {dag.py:4180} INFO - Setting next_dagrun for dataset_produces_1 to 2024-10-12 00:00:00+00:00, run_after=2024-10-13 00:00:00+00:00
[2024-10-13T14:13:39.372+0100] {logging_mixin.py:190} INFO - [2024-10-13T14:13:39.371+0100] {dag.py:4180} INFO - Setting next_dagrun for dataset_produces_2 to None, run_after=None
[2024-10-13T14:13:39.382+0100] {processor.py:208} INFO - Processing /opt/homebrew/Caskroom/miniconda/base/envs/airflow_env/lib/python3.9/site-packages/airflow/example_dags/example_datasets.py took 0.117 seconds
[2024-10-13T14:15:51.421+0100] {processor.py:186} INFO - Started process (PID=67673) to work on /opt/homebrew/Caskroom/miniconda/base/envs/airflow_env/lib/python3.9/site-packages/airflow/example_dags/example_datasets.py
[2024-10-13T14:15:51.421+0100] {processor.py:914} INFO - Processing file /opt/homebrew/Caskroom/miniconda/base/envs/airflow_env/lib/python3.9/site-packages/airflow/example_dags/example_datasets.py for tasks to queue
[2024-10-13T14:15:51.422+0100] {logging_mixin.py:190} INFO - [2024-10-13T14:15:51.422+0100] {dagbag.py:588} INFO - Filling up the DagBag from /opt/homebrew/Caskroom/miniconda/base/envs/airflow_env/lib/python3.9/site-packages/airflow/example_dags/example_datasets.py
[2024-10-13T14:15:51.474+0100] {processor.py:925} INFO - DAG(s) 'dataset_consumes_1_and_2', 'consume_1_or_both_2_and_3_with_dataset_expressions', 'dataset_consumes_1_never_scheduled', 'dataset_produces_1', 'dataset_consumes_1', 'consume_1_and_2_with_dataset_expressions', 'dataset_produces_2', 'conditional_dataset_and_time_based_timetable', 'consume_1_or_2_with_dataset_expressions', 'dataset_consumes_unknown_never_scheduled' retrieved from /opt/homebrew/Caskroom/miniconda/base/envs/airflow_env/lib/python3.9/site-packages/airflow/example_dags/example_datasets.py
[2024-10-13T14:15:51.518+0100] {logging_mixin.py:190} INFO - [2024-10-13T14:15:51.518+0100] {dag.py:3239} INFO - Sync 10 DAGs
[2024-10-13T14:15:51.526+0100] {logging_mixin.py:190} INFO - [2024-10-13T14:15:51.526+0100] {dag.py:4180} INFO - Setting next_dagrun for conditional_dataset_and_time_based_timetable to 2024-10-09 01:00:00+00:00, run_after=2024-10-09 01:00:00+00:00
[2024-10-13T14:15:51.527+0100] {logging_mixin.py:190} INFO - [2024-10-13T14:15:51.527+0100] {dag.py:4180} INFO - Setting next_dagrun for consume_1_and_2_with_dataset_expressions to None, run_after=None
[2024-10-13T14:15:51.527+0100] {logging_mixin.py:190} INFO - [2024-10-13T14:15:51.527+0100] {dag.py:4180} INFO - Setting next_dagrun for consume_1_or_2_with_dataset_expressions to None, run_after=None
[2024-10-13T14:15:51.528+0100] {logging_mixin.py:190} INFO - [2024-10-13T14:15:51.528+0100] {dag.py:4180} INFO - Setting next_dagrun for consume_1_or_both_2_and_3_with_dataset_expressions to None, run_after=None
[2024-10-13T14:15:51.528+0100] {logging_mixin.py:190} INFO - [2024-10-13T14:15:51.528+0100] {dag.py:4180} INFO - Setting next_dagrun for dataset_consumes_1 to None, run_after=None
[2024-10-13T14:15:51.528+0100] {logging_mixin.py:190} INFO - [2024-10-13T14:15:51.528+0100] {dag.py:4180} INFO - Setting next_dagrun for dataset_consumes_1_and_2 to None, run_after=None
[2024-10-13T14:15:51.529+0100] {logging_mixin.py:190} INFO - [2024-10-13T14:15:51.529+0100] {dag.py:4180} INFO - Setting next_dagrun for dataset_consumes_1_never_scheduled to None, run_after=None
[2024-10-13T14:15:51.529+0100] {logging_mixin.py:190} INFO - [2024-10-13T14:15:51.529+0100] {dag.py:4180} INFO - Setting next_dagrun for dataset_consumes_unknown_never_scheduled to None, run_after=None
[2024-10-13T14:15:51.530+0100] {logging_mixin.py:190} INFO - [2024-10-13T14:15:51.530+0100] {dag.py:4180} INFO - Setting next_dagrun for dataset_produces_1 to 2024-10-12 00:00:00+00:00, run_after=2024-10-13 00:00:00+00:00
[2024-10-13T14:15:51.530+0100] {logging_mixin.py:190} INFO - [2024-10-13T14:15:51.530+0100] {dag.py:4180} INFO - Setting next_dagrun for dataset_produces_2 to None, run_after=None
[2024-10-13T14:15:51.540+0100] {processor.py:208} INFO - Processing /opt/homebrew/Caskroom/miniconda/base/envs/airflow_env/lib/python3.9/site-packages/airflow/example_dags/example_datasets.py took 0.121 seconds
[2024-10-13T15:09:14.404+0100] {processor.py:186} INFO - Started process (PID=67827) to work on /opt/homebrew/Caskroom/miniconda/base/envs/airflow_env/lib/python3.9/site-packages/airflow/example_dags/example_datasets.py
[2024-10-13T15:09:14.404+0100] {processor.py:914} INFO - Processing file /opt/homebrew/Caskroom/miniconda/base/envs/airflow_env/lib/python3.9/site-packages/airflow/example_dags/example_datasets.py for tasks to queue
[2024-10-13T15:09:14.405+0100] {logging_mixin.py:190} INFO - [2024-10-13T15:09:14.404+0100] {dagbag.py:588} INFO - Filling up the DagBag from /opt/homebrew/Caskroom/miniconda/base/envs/airflow_env/lib/python3.9/site-packages/airflow/example_dags/example_datasets.py
[2024-10-13T15:09:14.448+0100] {processor.py:925} INFO - DAG(s) 'conditional_dataset_and_time_based_timetable', 'dataset_produces_1', 'consume_1_or_both_2_and_3_with_dataset_expressions', 'dataset_produces_2', 'consume_1_or_2_with_dataset_expressions', 'consume_1_and_2_with_dataset_expressions', 'dataset_consumes_unknown_never_scheduled', 'dataset_consumes_1_never_scheduled', 'dataset_consumes_1_and_2', 'dataset_consumes_1' retrieved from /opt/homebrew/Caskroom/miniconda/base/envs/airflow_env/lib/python3.9/site-packages/airflow/example_dags/example_datasets.py
[2024-10-13T15:09:14.486+0100] {logging_mixin.py:190} INFO - [2024-10-13T15:09:14.486+0100] {dag.py:3239} INFO - Sync 10 DAGs
[2024-10-13T15:09:14.493+0100] {logging_mixin.py:190} INFO - [2024-10-13T15:09:14.493+0100] {dag.py:4180} INFO - Setting next_dagrun for conditional_dataset_and_time_based_timetable to 2024-10-09 01:00:00+00:00, run_after=2024-10-09 01:00:00+00:00
[2024-10-13T15:09:14.494+0100] {logging_mixin.py:190} INFO - [2024-10-13T15:09:14.494+0100] {dag.py:4180} INFO - Setting next_dagrun for consume_1_and_2_with_dataset_expressions to None, run_after=None
[2024-10-13T15:09:14.494+0100] {logging_mixin.py:190} INFO - [2024-10-13T15:09:14.494+0100] {dag.py:4180} INFO - Setting next_dagrun for consume_1_or_2_with_dataset_expressions to None, run_after=None
[2024-10-13T15:09:14.494+0100] {logging_mixin.py:190} INFO - [2024-10-13T15:09:14.494+0100] {dag.py:4180} INFO - Setting next_dagrun for consume_1_or_both_2_and_3_with_dataset_expressions to None, run_after=None
[2024-10-13T15:09:14.495+0100] {logging_mixin.py:190} INFO - [2024-10-13T15:09:14.495+0100] {dag.py:4180} INFO - Setting next_dagrun for dataset_consumes_1 to None, run_after=None
[2024-10-13T15:09:14.495+0100] {logging_mixin.py:190} INFO - [2024-10-13T15:09:14.495+0100] {dag.py:4180} INFO - Setting next_dagrun for dataset_consumes_1_and_2 to None, run_after=None
[2024-10-13T15:09:14.495+0100] {logging_mixin.py:190} INFO - [2024-10-13T15:09:14.495+0100] {dag.py:4180} INFO - Setting next_dagrun for dataset_consumes_1_never_scheduled to None, run_after=None
[2024-10-13T15:09:14.495+0100] {logging_mixin.py:190} INFO - [2024-10-13T15:09:14.495+0100] {dag.py:4180} INFO - Setting next_dagrun for dataset_consumes_unknown_never_scheduled to None, run_after=None
[2024-10-13T15:09:14.496+0100] {logging_mixin.py:190} INFO - [2024-10-13T15:09:14.496+0100] {dag.py:4180} INFO - Setting next_dagrun for dataset_produces_1 to 2024-10-12 00:00:00+00:00, run_after=2024-10-13 00:00:00+00:00
[2024-10-13T15:09:14.496+0100] {logging_mixin.py:190} INFO - [2024-10-13T15:09:14.496+0100] {dag.py:4180} INFO - Setting next_dagrun for dataset_produces_2 to None, run_after=None
[2024-10-13T15:09:14.505+0100] {processor.py:208} INFO - Processing /opt/homebrew/Caskroom/miniconda/base/envs/airflow_env/lib/python3.9/site-packages/airflow/example_dags/example_datasets.py took 0.103 seconds
[2024-10-13T15:14:53.715+0100] {processor.py:186} INFO - Started process (PID=68015) to work on /opt/homebrew/Caskroom/miniconda/base/envs/airflow_env/lib/python3.9/site-packages/airflow/example_dags/example_datasets.py
[2024-10-13T15:14:53.715+0100] {processor.py:914} INFO - Processing file /opt/homebrew/Caskroom/miniconda/base/envs/airflow_env/lib/python3.9/site-packages/airflow/example_dags/example_datasets.py for tasks to queue
[2024-10-13T15:14:53.716+0100] {logging_mixin.py:190} INFO - [2024-10-13T15:14:53.716+0100] {dagbag.py:588} INFO - Filling up the DagBag from /opt/homebrew/Caskroom/miniconda/base/envs/airflow_env/lib/python3.9/site-packages/airflow/example_dags/example_datasets.py
[2024-10-13T15:14:53.754+0100] {processor.py:925} INFO - DAG(s) 'dataset_produces_2', 'conditional_dataset_and_time_based_timetable', 'consume_1_and_2_with_dataset_expressions', 'dataset_consumes_1', 'dataset_produces_1', 'consume_1_or_both_2_and_3_with_dataset_expressions', 'dataset_consumes_1_and_2', 'dataset_consumes_1_never_scheduled', 'consume_1_or_2_with_dataset_expressions', 'dataset_consumes_unknown_never_scheduled' retrieved from /opt/homebrew/Caskroom/miniconda/base/envs/airflow_env/lib/python3.9/site-packages/airflow/example_dags/example_datasets.py
[2024-10-13T15:14:53.793+0100] {logging_mixin.py:190} INFO - [2024-10-13T15:14:53.793+0100] {dag.py:3239} INFO - Sync 10 DAGs
[2024-10-13T15:14:53.800+0100] {logging_mixin.py:190} INFO - [2024-10-13T15:14:53.800+0100] {dag.py:4180} INFO - Setting next_dagrun for conditional_dataset_and_time_based_timetable to 2024-10-09 01:00:00+00:00, run_after=2024-10-09 01:00:00+00:00
[2024-10-13T15:14:53.801+0100] {logging_mixin.py:190} INFO - [2024-10-13T15:14:53.801+0100] {dag.py:4180} INFO - Setting next_dagrun for consume_1_and_2_with_dataset_expressions to None, run_after=None
[2024-10-13T15:14:53.801+0100] {logging_mixin.py:190} INFO - [2024-10-13T15:14:53.801+0100] {dag.py:4180} INFO - Setting next_dagrun for consume_1_or_2_with_dataset_expressions to None, run_after=None
[2024-10-13T15:14:53.802+0100] {logging_mixin.py:190} INFO - [2024-10-13T15:14:53.802+0100] {dag.py:4180} INFO - Setting next_dagrun for consume_1_or_both_2_and_3_with_dataset_expressions to None, run_after=None
[2024-10-13T15:14:53.802+0100] {logging_mixin.py:190} INFO - [2024-10-13T15:14:53.802+0100] {dag.py:4180} INFO - Setting next_dagrun for dataset_consumes_1 to None, run_after=None
[2024-10-13T15:14:53.802+0100] {logging_mixin.py:190} INFO - [2024-10-13T15:14:53.802+0100] {dag.py:4180} INFO - Setting next_dagrun for dataset_consumes_1_and_2 to None, run_after=None
[2024-10-13T15:14:53.802+0100] {logging_mixin.py:190} INFO - [2024-10-13T15:14:53.802+0100] {dag.py:4180} INFO - Setting next_dagrun for dataset_consumes_1_never_scheduled to None, run_after=None
[2024-10-13T15:14:53.803+0100] {logging_mixin.py:190} INFO - [2024-10-13T15:14:53.803+0100] {dag.py:4180} INFO - Setting next_dagrun for dataset_consumes_unknown_never_scheduled to None, run_after=None
[2024-10-13T15:14:53.803+0100] {logging_mixin.py:190} INFO - [2024-10-13T15:14:53.803+0100] {dag.py:4180} INFO - Setting next_dagrun for dataset_produces_1 to 2024-10-12 00:00:00+00:00, run_after=2024-10-13 00:00:00+00:00
[2024-10-13T15:14:53.804+0100] {logging_mixin.py:190} INFO - [2024-10-13T15:14:53.804+0100] {dag.py:4180} INFO - Setting next_dagrun for dataset_produces_2 to None, run_after=None
[2024-10-13T15:14:53.813+0100] {processor.py:208} INFO - Processing /opt/homebrew/Caskroom/miniconda/base/envs/airflow_env/lib/python3.9/site-packages/airflow/example_dags/example_datasets.py took 0.100 seconds
[2024-10-13T15:17:05.470+0100] {processor.py:186} INFO - Started process (PID=68131) to work on /opt/homebrew/Caskroom/miniconda/base/envs/airflow_env/lib/python3.9/site-packages/airflow/example_dags/example_datasets.py
[2024-10-13T15:17:05.473+0100] {processor.py:914} INFO - Processing file /opt/homebrew/Caskroom/miniconda/base/envs/airflow_env/lib/python3.9/site-packages/airflow/example_dags/example_datasets.py for tasks to queue
[2024-10-13T15:17:05.473+0100] {logging_mixin.py:190} INFO - [2024-10-13T15:17:05.473+0100] {dagbag.py:588} INFO - Filling up the DagBag from /opt/homebrew/Caskroom/miniconda/base/envs/airflow_env/lib/python3.9/site-packages/airflow/example_dags/example_datasets.py
[2024-10-13T15:17:05.512+0100] {processor.py:925} INFO - DAG(s) 'dataset_consumes_1', 'consume_1_and_2_with_dataset_expressions', 'conditional_dataset_and_time_based_timetable', 'dataset_consumes_1_never_scheduled', 'consume_1_or_2_with_dataset_expressions', 'consume_1_or_both_2_and_3_with_dataset_expressions', 'dataset_produces_2', 'dataset_consumes_unknown_never_scheduled', 'dataset_produces_1', 'dataset_consumes_1_and_2' retrieved from /opt/homebrew/Caskroom/miniconda/base/envs/airflow_env/lib/python3.9/site-packages/airflow/example_dags/example_datasets.py
[2024-10-13T15:17:05.553+0100] {logging_mixin.py:190} INFO - [2024-10-13T15:17:05.553+0100] {dag.py:3239} INFO - Sync 10 DAGs
[2024-10-13T15:17:05.561+0100] {logging_mixin.py:190} INFO - [2024-10-13T15:17:05.561+0100] {dag.py:4180} INFO - Setting next_dagrun for conditional_dataset_and_time_based_timetable to 2024-10-09 01:00:00+00:00, run_after=2024-10-09 01:00:00+00:00
[2024-10-13T15:17:05.562+0100] {logging_mixin.py:190} INFO - [2024-10-13T15:17:05.562+0100] {dag.py:4180} INFO - Setting next_dagrun for consume_1_and_2_with_dataset_expressions to None, run_after=None
[2024-10-13T15:17:05.562+0100] {logging_mixin.py:190} INFO - [2024-10-13T15:17:05.562+0100] {dag.py:4180} INFO - Setting next_dagrun for consume_1_or_2_with_dataset_expressions to None, run_after=None
[2024-10-13T15:17:05.563+0100] {logging_mixin.py:190} INFO - [2024-10-13T15:17:05.563+0100] {dag.py:4180} INFO - Setting next_dagrun for consume_1_or_both_2_and_3_with_dataset_expressions to None, run_after=None
[2024-10-13T15:17:05.563+0100] {logging_mixin.py:190} INFO - [2024-10-13T15:17:05.563+0100] {dag.py:4180} INFO - Setting next_dagrun for dataset_consumes_1 to None, run_after=None
[2024-10-13T15:17:05.563+0100] {logging_mixin.py:190} INFO - [2024-10-13T15:17:05.563+0100] {dag.py:4180} INFO - Setting next_dagrun for dataset_consumes_1_and_2 to None, run_after=None
[2024-10-13T15:17:05.563+0100] {logging_mixin.py:190} INFO - [2024-10-13T15:17:05.563+0100] {dag.py:4180} INFO - Setting next_dagrun for dataset_consumes_1_never_scheduled to None, run_after=None
[2024-10-13T15:17:05.564+0100] {logging_mixin.py:190} INFO - [2024-10-13T15:17:05.564+0100] {dag.py:4180} INFO - Setting next_dagrun for dataset_consumes_unknown_never_scheduled to None, run_after=None
[2024-10-13T15:17:05.564+0100] {logging_mixin.py:190} INFO - [2024-10-13T15:17:05.564+0100] {dag.py:4180} INFO - Setting next_dagrun for dataset_produces_1 to 2024-10-12 00:00:00+00:00, run_after=2024-10-13 00:00:00+00:00
[2024-10-13T15:17:05.565+0100] {logging_mixin.py:190} INFO - [2024-10-13T15:17:05.564+0100] {dag.py:4180} INFO - Setting next_dagrun for dataset_produces_2 to None, run_after=None
[2024-10-13T15:17:05.574+0100] {processor.py:208} INFO - Processing /opt/homebrew/Caskroom/miniconda/base/envs/airflow_env/lib/python3.9/site-packages/airflow/example_dags/example_datasets.py took 0.105 seconds
[2024-10-13T15:19:18.466+0100] {processor.py:186} INFO - Started process (PID=68275) to work on /opt/homebrew/Caskroom/miniconda/base/envs/airflow_env/lib/python3.9/site-packages/airflow/example_dags/example_datasets.py
[2024-10-13T15:19:18.466+0100] {processor.py:914} INFO - Processing file /opt/homebrew/Caskroom/miniconda/base/envs/airflow_env/lib/python3.9/site-packages/airflow/example_dags/example_datasets.py for tasks to queue
[2024-10-13T15:19:18.467+0100] {logging_mixin.py:190} INFO - [2024-10-13T15:19:18.467+0100] {dagbag.py:588} INFO - Filling up the DagBag from /opt/homebrew/Caskroom/miniconda/base/envs/airflow_env/lib/python3.9/site-packages/airflow/example_dags/example_datasets.py
[2024-10-13T15:19:18.504+0100] {processor.py:925} INFO - DAG(s) 'dataset_produces_1', 'dataset_consumes_unknown_never_scheduled', 'consume_1_or_both_2_and_3_with_dataset_expressions', 'consume_1_or_2_with_dataset_expressions', 'consume_1_and_2_with_dataset_expressions', 'dataset_consumes_1', 'dataset_consumes_1_and_2', 'dataset_consumes_1_never_scheduled', 'dataset_produces_2', 'conditional_dataset_and_time_based_timetable' retrieved from /opt/homebrew/Caskroom/miniconda/base/envs/airflow_env/lib/python3.9/site-packages/airflow/example_dags/example_datasets.py
[2024-10-13T15:19:18.543+0100] {logging_mixin.py:190} INFO - [2024-10-13T15:19:18.543+0100] {dag.py:3239} INFO - Sync 10 DAGs
[2024-10-13T15:19:18.550+0100] {logging_mixin.py:190} INFO - [2024-10-13T15:19:18.550+0100] {dag.py:4180} INFO - Setting next_dagrun for conditional_dataset_and_time_based_timetable to 2024-10-09 01:00:00+00:00, run_after=2024-10-09 01:00:00+00:00
[2024-10-13T15:19:18.551+0100] {logging_mixin.py:190} INFO - [2024-10-13T15:19:18.551+0100] {dag.py:4180} INFO - Setting next_dagrun for consume_1_and_2_with_dataset_expressions to None, run_after=None
[2024-10-13T15:19:18.552+0100] {logging_mixin.py:190} INFO - [2024-10-13T15:19:18.552+0100] {dag.py:4180} INFO - Setting next_dagrun for consume_1_or_2_with_dataset_expressions to None, run_after=None
[2024-10-13T15:19:18.552+0100] {logging_mixin.py:190} INFO - [2024-10-13T15:19:18.552+0100] {dag.py:4180} INFO - Setting next_dagrun for consume_1_or_both_2_and_3_with_dataset_expressions to None, run_after=None
[2024-10-13T15:19:18.552+0100] {logging_mixin.py:190} INFO - [2024-10-13T15:19:18.552+0100] {dag.py:4180} INFO - Setting next_dagrun for dataset_consumes_1 to None, run_after=None
[2024-10-13T15:19:18.553+0100] {logging_mixin.py:190} INFO - [2024-10-13T15:19:18.552+0100] {dag.py:4180} INFO - Setting next_dagrun for dataset_consumes_1_and_2 to None, run_after=None
[2024-10-13T15:19:18.553+0100] {logging_mixin.py:190} INFO - [2024-10-13T15:19:18.553+0100] {dag.py:4180} INFO - Setting next_dagrun for dataset_consumes_1_never_scheduled to None, run_after=None
[2024-10-13T15:19:18.553+0100] {logging_mixin.py:190} INFO - [2024-10-13T15:19:18.553+0100] {dag.py:4180} INFO - Setting next_dagrun for dataset_consumes_unknown_never_scheduled to None, run_after=None
[2024-10-13T15:19:18.554+0100] {logging_mixin.py:190} INFO - [2024-10-13T15:19:18.554+0100] {dag.py:4180} INFO - Setting next_dagrun for dataset_produces_1 to 2024-10-12 00:00:00+00:00, run_after=2024-10-13 00:00:00+00:00
[2024-10-13T15:19:18.554+0100] {logging_mixin.py:190} INFO - [2024-10-13T15:19:18.554+0100] {dag.py:4180} INFO - Setting next_dagrun for dataset_produces_2 to None, run_after=None
[2024-10-13T15:19:18.563+0100] {processor.py:208} INFO - Processing /opt/homebrew/Caskroom/miniconda/base/envs/airflow_env/lib/python3.9/site-packages/airflow/example_dags/example_datasets.py took 0.099 seconds
[2024-10-13T15:21:30.660+0100] {processor.py:186} INFO - Started process (PID=68396) to work on /opt/homebrew/Caskroom/miniconda/base/envs/airflow_env/lib/python3.9/site-packages/airflow/example_dags/example_datasets.py
[2024-10-13T15:21:30.660+0100] {processor.py:914} INFO - Processing file /opt/homebrew/Caskroom/miniconda/base/envs/airflow_env/lib/python3.9/site-packages/airflow/example_dags/example_datasets.py for tasks to queue
[2024-10-13T15:21:30.661+0100] {logging_mixin.py:190} INFO - [2024-10-13T15:21:30.661+0100] {dagbag.py:588} INFO - Filling up the DagBag from /opt/homebrew/Caskroom/miniconda/base/envs/airflow_env/lib/python3.9/site-packages/airflow/example_dags/example_datasets.py
[2024-10-13T15:21:30.704+0100] {processor.py:925} INFO - DAG(s) 'dataset_consumes_unknown_never_scheduled', 'dataset_produces_2', 'dataset_consumes_1_and_2', 'consume_1_and_2_with_dataset_expressions', 'dataset_produces_1', 'consume_1_or_both_2_and_3_with_dataset_expressions', 'dataset_consumes_1', 'dataset_consumes_1_never_scheduled', 'consume_1_or_2_with_dataset_expressions', 'conditional_dataset_and_time_based_timetable' retrieved from /opt/homebrew/Caskroom/miniconda/base/envs/airflow_env/lib/python3.9/site-packages/airflow/example_dags/example_datasets.py
[2024-10-13T15:21:30.746+0100] {logging_mixin.py:190} INFO - [2024-10-13T15:21:30.746+0100] {dag.py:3239} INFO - Sync 10 DAGs
[2024-10-13T15:21:30.753+0100] {logging_mixin.py:190} INFO - [2024-10-13T15:21:30.753+0100] {dag.py:4180} INFO - Setting next_dagrun for conditional_dataset_and_time_based_timetable to 2024-10-09 01:00:00+00:00, run_after=2024-10-09 01:00:00+00:00
[2024-10-13T15:21:30.755+0100] {logging_mixin.py:190} INFO - [2024-10-13T15:21:30.755+0100] {dag.py:4180} INFO - Setting next_dagrun for consume_1_and_2_with_dataset_expressions to None, run_after=None
[2024-10-13T15:21:30.755+0100] {logging_mixin.py:190} INFO - [2024-10-13T15:21:30.755+0100] {dag.py:4180} INFO - Setting next_dagrun for consume_1_or_2_with_dataset_expressions to None, run_after=None
[2024-10-13T15:21:30.755+0100] {logging_mixin.py:190} INFO - [2024-10-13T15:21:30.755+0100] {dag.py:4180} INFO - Setting next_dagrun for consume_1_or_both_2_and_3_with_dataset_expressions to None, run_after=None
[2024-10-13T15:21:30.756+0100] {logging_mixin.py:190} INFO - [2024-10-13T15:21:30.756+0100] {dag.py:4180} INFO - Setting next_dagrun for dataset_consumes_1 to None, run_after=None
[2024-10-13T15:21:30.756+0100] {logging_mixin.py:190} INFO - [2024-10-13T15:21:30.756+0100] {dag.py:4180} INFO - Setting next_dagrun for dataset_consumes_1_and_2 to None, run_after=None
[2024-10-13T15:21:30.756+0100] {logging_mixin.py:190} INFO - [2024-10-13T15:21:30.756+0100] {dag.py:4180} INFO - Setting next_dagrun for dataset_consumes_1_never_scheduled to None, run_after=None
[2024-10-13T15:21:30.756+0100] {logging_mixin.py:190} INFO - [2024-10-13T15:21:30.756+0100] {dag.py:4180} INFO - Setting next_dagrun for dataset_consumes_unknown_never_scheduled to None, run_after=None
[2024-10-13T15:21:30.757+0100] {logging_mixin.py:190} INFO - [2024-10-13T15:21:30.757+0100] {dag.py:4180} INFO - Setting next_dagrun for dataset_produces_1 to 2024-10-12 00:00:00+00:00, run_after=2024-10-13 00:00:00+00:00
[2024-10-13T15:21:30.757+0100] {logging_mixin.py:190} INFO - [2024-10-13T15:21:30.757+0100] {dag.py:4180} INFO - Setting next_dagrun for dataset_produces_2 to None, run_after=None
[2024-10-13T15:21:30.768+0100] {processor.py:208} INFO - Processing /opt/homebrew/Caskroom/miniconda/base/envs/airflow_env/lib/python3.9/site-packages/airflow/example_dags/example_datasets.py took 0.110 seconds
[2024-10-13T15:23:35.291+0100] {processor.py:186} INFO - Started process (PID=68601) to work on /opt/homebrew/Caskroom/miniconda/base/envs/airflow_env/lib/python3.9/site-packages/airflow/example_dags/example_datasets.py
[2024-10-13T15:23:35.292+0100] {processor.py:914} INFO - Processing file /opt/homebrew/Caskroom/miniconda/base/envs/airflow_env/lib/python3.9/site-packages/airflow/example_dags/example_datasets.py for tasks to queue
[2024-10-13T15:23:35.292+0100] {logging_mixin.py:190} INFO - [2024-10-13T15:23:35.292+0100] {dagbag.py:588} INFO - Filling up the DagBag from /opt/homebrew/Caskroom/miniconda/base/envs/airflow_env/lib/python3.9/site-packages/airflow/example_dags/example_datasets.py
[2024-10-13T15:23:35.329+0100] {processor.py:925} INFO - DAG(s) 'dataset_consumes_1_and_2', 'consume_1_or_2_with_dataset_expressions', 'dataset_consumes_1_never_scheduled', 'dataset_produces_1', 'dataset_produces_2', 'dataset_consumes_unknown_never_scheduled', 'dataset_consumes_1', 'conditional_dataset_and_time_based_timetable', 'consume_1_and_2_with_dataset_expressions', 'consume_1_or_both_2_and_3_with_dataset_expressions' retrieved from /opt/homebrew/Caskroom/miniconda/base/envs/airflow_env/lib/python3.9/site-packages/airflow/example_dags/example_datasets.py
[2024-10-13T15:23:35.368+0100] {logging_mixin.py:190} INFO - [2024-10-13T15:23:35.368+0100] {dag.py:3239} INFO - Sync 10 DAGs
[2024-10-13T15:23:35.375+0100] {logging_mixin.py:190} INFO - [2024-10-13T15:23:35.375+0100] {dag.py:4180} INFO - Setting next_dagrun for conditional_dataset_and_time_based_timetable to 2024-10-09 01:00:00+00:00, run_after=2024-10-09 01:00:00+00:00
[2024-10-13T15:23:35.376+0100] {logging_mixin.py:190} INFO - [2024-10-13T15:23:35.376+0100] {dag.py:4180} INFO - Setting next_dagrun for consume_1_and_2_with_dataset_expressions to None, run_after=None
[2024-10-13T15:23:35.377+0100] {logging_mixin.py:190} INFO - [2024-10-13T15:23:35.377+0100] {dag.py:4180} INFO - Setting next_dagrun for consume_1_or_2_with_dataset_expressions to None, run_after=None
[2024-10-13T15:23:35.377+0100] {logging_mixin.py:190} INFO - [2024-10-13T15:23:35.377+0100] {dag.py:4180} INFO - Setting next_dagrun for consume_1_or_both_2_and_3_with_dataset_expressions to None, run_after=None
[2024-10-13T15:23:35.377+0100] {logging_mixin.py:190} INFO - [2024-10-13T15:23:35.377+0100] {dag.py:4180} INFO - Setting next_dagrun for dataset_consumes_1 to None, run_after=None
[2024-10-13T15:23:35.377+0100] {logging_mixin.py:190} INFO - [2024-10-13T15:23:35.377+0100] {dag.py:4180} INFO - Setting next_dagrun for dataset_consumes_1_and_2 to None, run_after=None
[2024-10-13T15:23:35.378+0100] {logging_mixin.py:190} INFO - [2024-10-13T15:23:35.378+0100] {dag.py:4180} INFO - Setting next_dagrun for dataset_consumes_1_never_scheduled to None, run_after=None
[2024-10-13T15:23:35.378+0100] {logging_mixin.py:190} INFO - [2024-10-13T15:23:35.378+0100] {dag.py:4180} INFO - Setting next_dagrun for dataset_consumes_unknown_never_scheduled to None, run_after=None
[2024-10-13T15:23:35.378+0100] {logging_mixin.py:190} INFO - [2024-10-13T15:23:35.378+0100] {dag.py:4180} INFO - Setting next_dagrun for dataset_produces_1 to 2024-10-12 00:00:00+00:00, run_after=2024-10-13 00:00:00+00:00
[2024-10-13T15:23:35.379+0100] {logging_mixin.py:190} INFO - [2024-10-13T15:23:35.379+0100] {dag.py:4180} INFO - Setting next_dagrun for dataset_produces_2 to None, run_after=None
[2024-10-13T15:23:35.388+0100] {processor.py:208} INFO - Processing /opt/homebrew/Caskroom/miniconda/base/envs/airflow_env/lib/python3.9/site-packages/airflow/example_dags/example_datasets.py took 0.098 seconds
[2024-10-13T15:25:46.957+0100] {processor.py:186} INFO - Started process (PID=68748) to work on /opt/homebrew/Caskroom/miniconda/base/envs/airflow_env/lib/python3.9/site-packages/airflow/example_dags/example_datasets.py
[2024-10-13T15:25:46.957+0100] {processor.py:914} INFO - Processing file /opt/homebrew/Caskroom/miniconda/base/envs/airflow_env/lib/python3.9/site-packages/airflow/example_dags/example_datasets.py for tasks to queue
[2024-10-13T15:25:46.957+0100] {logging_mixin.py:190} INFO - [2024-10-13T15:25:46.957+0100] {dagbag.py:588} INFO - Filling up the DagBag from /opt/homebrew/Caskroom/miniconda/base/envs/airflow_env/lib/python3.9/site-packages/airflow/example_dags/example_datasets.py
[2024-10-13T15:25:46.995+0100] {processor.py:925} INFO - DAG(s) 'dataset_produces_2', 'dataset_consumes_1_never_scheduled', 'dataset_consumes_1', 'dataset_consumes_unknown_never_scheduled', 'dataset_produces_1', 'consume_1_or_both_2_and_3_with_dataset_expressions', 'dataset_consumes_1_and_2', 'consume_1_or_2_with_dataset_expressions', 'conditional_dataset_and_time_based_timetable', 'consume_1_and_2_with_dataset_expressions' retrieved from /opt/homebrew/Caskroom/miniconda/base/envs/airflow_env/lib/python3.9/site-packages/airflow/example_dags/example_datasets.py
[2024-10-13T15:25:47.034+0100] {logging_mixin.py:190} INFO - [2024-10-13T15:25:47.034+0100] {dag.py:3239} INFO - Sync 10 DAGs
[2024-10-13T15:25:47.041+0100] {logging_mixin.py:190} INFO - [2024-10-13T15:25:47.041+0100] {dag.py:4180} INFO - Setting next_dagrun for conditional_dataset_and_time_based_timetable to 2024-10-09 01:00:00+00:00, run_after=2024-10-09 01:00:00+00:00
[2024-10-13T15:25:47.042+0100] {logging_mixin.py:190} INFO - [2024-10-13T15:25:47.042+0100] {dag.py:4180} INFO - Setting next_dagrun for consume_1_and_2_with_dataset_expressions to None, run_after=None
[2024-10-13T15:25:47.043+0100] {logging_mixin.py:190} INFO - [2024-10-13T15:25:47.042+0100] {dag.py:4180} INFO - Setting next_dagrun for consume_1_or_2_with_dataset_expressions to None, run_after=None
[2024-10-13T15:25:47.043+0100] {logging_mixin.py:190} INFO - [2024-10-13T15:25:47.043+0100] {dag.py:4180} INFO - Setting next_dagrun for consume_1_or_both_2_and_3_with_dataset_expressions to None, run_after=None
[2024-10-13T15:25:47.043+0100] {logging_mixin.py:190} INFO - [2024-10-13T15:25:47.043+0100] {dag.py:4180} INFO - Setting next_dagrun for dataset_consumes_1 to None, run_after=None
[2024-10-13T15:25:47.043+0100] {logging_mixin.py:190} INFO - [2024-10-13T15:25:47.043+0100] {dag.py:4180} INFO - Setting next_dagrun for dataset_consumes_1_and_2 to None, run_after=None
[2024-10-13T15:25:47.044+0100] {logging_mixin.py:190} INFO - [2024-10-13T15:25:47.044+0100] {dag.py:4180} INFO - Setting next_dagrun for dataset_consumes_1_never_scheduled to None, run_after=None
[2024-10-13T15:25:47.044+0100] {logging_mixin.py:190} INFO - [2024-10-13T15:25:47.044+0100] {dag.py:4180} INFO - Setting next_dagrun for dataset_consumes_unknown_never_scheduled to None, run_after=None
[2024-10-13T15:25:47.044+0100] {logging_mixin.py:190} INFO - [2024-10-13T15:25:47.044+0100] {dag.py:4180} INFO - Setting next_dagrun for dataset_produces_1 to 2024-10-12 00:00:00+00:00, run_after=2024-10-13 00:00:00+00:00
[2024-10-13T15:25:47.045+0100] {logging_mixin.py:190} INFO - [2024-10-13T15:25:47.045+0100] {dag.py:4180} INFO - Setting next_dagrun for dataset_produces_2 to None, run_after=None
[2024-10-13T15:25:47.054+0100] {processor.py:208} INFO - Processing /opt/homebrew/Caskroom/miniconda/base/envs/airflow_env/lib/python3.9/site-packages/airflow/example_dags/example_datasets.py took 0.099 seconds
