[2024-10-13T14:08:43.426+0100] {processor.py:186} INFO - Started process (PID=67206) to work on /opt/homebrew/Caskroom/miniconda/base/envs/airflow_env/lib/python3.9/site-packages/airflow/example_dags/example_short_circuit_decorator.py
[2024-10-13T14:08:43.426+0100] {processor.py:914} INFO - Processing file /opt/homebrew/Caskroom/miniconda/base/envs/airflow_env/lib/python3.9/site-packages/airflow/example_dags/example_short_circuit_decorator.py for tasks to queue
[2024-10-13T14:08:43.426+0100] {logging_mixin.py:190} INFO - [2024-10-13T14:08:43.426+0100] {dagbag.py:588} INFO - Filling up the DagBag from /opt/homebrew/Caskroom/miniconda/base/envs/airflow_env/lib/python3.9/site-packages/airflow/example_dags/example_short_circuit_decorator.py
[2024-10-13T14:08:43.457+0100] {processor.py:925} INFO - DAG(s) 'example_short_circuit_decorator' retrieved from /opt/homebrew/Caskroom/miniconda/base/envs/airflow_env/lib/python3.9/site-packages/airflow/example_dags/example_short_circuit_decorator.py
[2024-10-13T14:08:43.520+0100] {logging_mixin.py:190} INFO - [2024-10-13T14:08:43.519+0100] {override.py:1901} INFO - Created Permission View: can delete on DAG:example_short_circuit_decorator
[2024-10-13T14:08:43.522+0100] {logging_mixin.py:190} INFO - [2024-10-13T14:08:43.522+0100] {override.py:1901} INFO - Created Permission View: can edit on DAG:example_short_circuit_decorator
[2024-10-13T14:08:43.524+0100] {logging_mixin.py:190} INFO - [2024-10-13T14:08:43.524+0100] {override.py:1901} INFO - Created Permission View: can read on DAG:example_short_circuit_decorator
[2024-10-13T14:08:43.527+0100] {logging_mixin.py:190} INFO - [2024-10-13T14:08:43.527+0100] {override.py:1901} INFO - Created Permission View: menu access on DAG Run:example_short_circuit_decorator
[2024-10-13T14:08:43.529+0100] {logging_mixin.py:190} INFO - [2024-10-13T14:08:43.529+0100] {override.py:1901} INFO - Created Permission View: can delete on DAG Run:example_short_circuit_decorator
[2024-10-13T14:08:43.531+0100] {logging_mixin.py:190} INFO - [2024-10-13T14:08:43.531+0100] {override.py:1901} INFO - Created Permission View: can create on DAG Run:example_short_circuit_decorator
[2024-10-13T14:08:43.533+0100] {logging_mixin.py:190} INFO - [2024-10-13T14:08:43.532+0100] {override.py:1901} INFO - Created Permission View: can read on DAG Run:example_short_circuit_decorator
[2024-10-13T14:08:43.533+0100] {logging_mixin.py:190} INFO - [2024-10-13T14:08:43.533+0100] {dag.py:3239} INFO - Sync 1 DAGs
[2024-10-13T14:08:43.536+0100] {logging_mixin.py:190} INFO - [2024-10-13T14:08:43.536+0100] {dag.py:3262} INFO - Creating ORM DAG for example_short_circuit_decorator
[2024-10-13T14:08:43.536+0100] {logging_mixin.py:190} INFO - [2024-10-13T14:08:43.536+0100] {dag.py:4180} INFO - Setting next_dagrun for example_short_circuit_decorator to None, run_after=None
[2024-10-13T14:08:43.542+0100] {processor.py:208} INFO - Processing /opt/homebrew/Caskroom/miniconda/base/envs/airflow_env/lib/python3.9/site-packages/airflow/example_dags/example_short_circuit_decorator.py took 0.118 seconds
[2024-10-13T14:10:22.152+0100] {processor.py:186} INFO - Started process (PID=67305) to work on /opt/homebrew/Caskroom/miniconda/base/envs/airflow_env/lib/python3.9/site-packages/airflow/example_dags/example_short_circuit_decorator.py
[2024-10-13T14:10:22.153+0100] {processor.py:914} INFO - Processing file /opt/homebrew/Caskroom/miniconda/base/envs/airflow_env/lib/python3.9/site-packages/airflow/example_dags/example_short_circuit_decorator.py for tasks to queue
[2024-10-13T14:10:22.153+0100] {logging_mixin.py:190} INFO - [2024-10-13T14:10:22.153+0100] {dagbag.py:588} INFO - Filling up the DagBag from /opt/homebrew/Caskroom/miniconda/base/envs/airflow_env/lib/python3.9/site-packages/airflow/example_dags/example_short_circuit_decorator.py
[2024-10-13T14:10:22.185+0100] {processor.py:925} INFO - DAG(s) 'example_short_circuit_decorator' retrieved from /opt/homebrew/Caskroom/miniconda/base/envs/airflow_env/lib/python3.9/site-packages/airflow/example_dags/example_short_circuit_decorator.py
[2024-10-13T14:10:22.219+0100] {logging_mixin.py:190} INFO - [2024-10-13T14:10:22.219+0100] {dag.py:3239} INFO - Sync 1 DAGs
[2024-10-13T14:10:22.223+0100] {logging_mixin.py:190} INFO - [2024-10-13T14:10:22.223+0100] {dag.py:4180} INFO - Setting next_dagrun for example_short_circuit_decorator to None, run_after=None
[2024-10-13T14:10:22.230+0100] {processor.py:208} INFO - Processing /opt/homebrew/Caskroom/miniconda/base/envs/airflow_env/lib/python3.9/site-packages/airflow/example_dags/example_short_circuit_decorator.py took 0.080 seconds
[2024-10-13T14:12:28.013+0100] {processor.py:186} INFO - Started process (PID=67454) to work on /opt/homebrew/Caskroom/miniconda/base/envs/airflow_env/lib/python3.9/site-packages/airflow/example_dags/example_short_circuit_decorator.py
[2024-10-13T14:12:28.014+0100] {processor.py:914} INFO - Processing file /opt/homebrew/Caskroom/miniconda/base/envs/airflow_env/lib/python3.9/site-packages/airflow/example_dags/example_short_circuit_decorator.py for tasks to queue
[2024-10-13T14:12:28.015+0100] {logging_mixin.py:190} INFO - [2024-10-13T14:12:28.015+0100] {dagbag.py:588} INFO - Filling up the DagBag from /opt/homebrew/Caskroom/miniconda/base/envs/airflow_env/lib/python3.9/site-packages/airflow/example_dags/example_short_circuit_decorator.py
[2024-10-13T14:12:28.047+0100] {processor.py:925} INFO - DAG(s) 'example_short_circuit_decorator' retrieved from /opt/homebrew/Caskroom/miniconda/base/envs/airflow_env/lib/python3.9/site-packages/airflow/example_dags/example_short_circuit_decorator.py
[2024-10-13T14:12:28.081+0100] {logging_mixin.py:190} INFO - [2024-10-13T14:12:28.081+0100] {dag.py:3239} INFO - Sync 1 DAGs
[2024-10-13T14:12:28.084+0100] {logging_mixin.py:190} INFO - [2024-10-13T14:12:28.084+0100] {dag.py:4180} INFO - Setting next_dagrun for example_short_circuit_decorator to None, run_after=None
[2024-10-13T14:12:28.091+0100] {processor.py:208} INFO - Processing /opt/homebrew/Caskroom/miniconda/base/envs/airflow_env/lib/python3.9/site-packages/airflow/example_dags/example_short_circuit_decorator.py took 0.079 seconds
[2024-10-13T14:14:37.215+0100] {processor.py:186} INFO - Started process (PID=67605) to work on /opt/homebrew/Caskroom/miniconda/base/envs/airflow_env/lib/python3.9/site-packages/airflow/example_dags/example_short_circuit_decorator.py
[2024-10-13T14:14:37.216+0100] {processor.py:914} INFO - Processing file /opt/homebrew/Caskroom/miniconda/base/envs/airflow_env/lib/python3.9/site-packages/airflow/example_dags/example_short_circuit_decorator.py for tasks to queue
[2024-10-13T14:14:37.216+0100] {logging_mixin.py:190} INFO - [2024-10-13T14:14:37.216+0100] {dagbag.py:588} INFO - Filling up the DagBag from /opt/homebrew/Caskroom/miniconda/base/envs/airflow_env/lib/python3.9/site-packages/airflow/example_dags/example_short_circuit_decorator.py
[2024-10-13T14:14:37.256+0100] {processor.py:925} INFO - DAG(s) 'example_short_circuit_decorator' retrieved from /opt/homebrew/Caskroom/miniconda/base/envs/airflow_env/lib/python3.9/site-packages/airflow/example_dags/example_short_circuit_decorator.py
[2024-10-13T14:14:37.294+0100] {logging_mixin.py:190} INFO - [2024-10-13T14:14:37.293+0100] {dag.py:3239} INFO - Sync 1 DAGs
[2024-10-13T14:14:37.298+0100] {logging_mixin.py:190} INFO - [2024-10-13T14:14:37.297+0100] {dag.py:4180} INFO - Setting next_dagrun for example_short_circuit_decorator to None, run_after=None
[2024-10-13T14:14:37.304+0100] {processor.py:208} INFO - Processing /opt/homebrew/Caskroom/miniconda/base/envs/airflow_env/lib/python3.9/site-packages/airflow/example_dags/example_short_circuit_decorator.py took 0.091 seconds
[2024-10-13T14:16:52.270+0100] {processor.py:186} INFO - Started process (PID=67733) to work on /opt/homebrew/Caskroom/miniconda/base/envs/airflow_env/lib/python3.9/site-packages/airflow/example_dags/example_short_circuit_decorator.py
[2024-10-13T14:16:52.271+0100] {processor.py:914} INFO - Processing file /opt/homebrew/Caskroom/miniconda/base/envs/airflow_env/lib/python3.9/site-packages/airflow/example_dags/example_short_circuit_decorator.py for tasks to queue
[2024-10-13T14:16:52.271+0100] {logging_mixin.py:190} INFO - [2024-10-13T14:16:52.271+0100] {dagbag.py:588} INFO - Filling up the DagBag from /opt/homebrew/Caskroom/miniconda/base/envs/airflow_env/lib/python3.9/site-packages/airflow/example_dags/example_short_circuit_decorator.py
[2024-10-13T14:16:52.302+0100] {processor.py:925} INFO - DAG(s) 'example_short_circuit_decorator' retrieved from /opt/homebrew/Caskroom/miniconda/base/envs/airflow_env/lib/python3.9/site-packages/airflow/example_dags/example_short_circuit_decorator.py
[2024-10-13T14:16:52.335+0100] {logging_mixin.py:190} INFO - [2024-10-13T14:16:52.335+0100] {dag.py:3239} INFO - Sync 1 DAGs
[2024-10-13T14:16:52.339+0100] {logging_mixin.py:190} INFO - [2024-10-13T14:16:52.339+0100] {dag.py:4180} INFO - Setting next_dagrun for example_short_circuit_decorator to None, run_after=None
[2024-10-13T14:16:52.345+0100] {processor.py:208} INFO - Processing /opt/homebrew/Caskroom/miniconda/base/envs/airflow_env/lib/python3.9/site-packages/airflow/example_dags/example_short_circuit_decorator.py took 0.077 seconds
[2024-10-13T14:36:41.970+0100] {processor.py:186} INFO - Started process (PID=67803) to work on /opt/homebrew/Caskroom/miniconda/base/envs/airflow_env/lib/python3.9/site-packages/airflow/example_dags/example_short_circuit_decorator.py
[2024-10-13T14:36:41.971+0100] {processor.py:914} INFO - Processing file /opt/homebrew/Caskroom/miniconda/base/envs/airflow_env/lib/python3.9/site-packages/airflow/example_dags/example_short_circuit_decorator.py for tasks to queue
[2024-10-13T14:36:41.971+0100] {logging_mixin.py:190} INFO - [2024-10-13T14:36:41.971+0100] {dagbag.py:588} INFO - Filling up the DagBag from /opt/homebrew/Caskroom/miniconda/base/envs/airflow_env/lib/python3.9/site-packages/airflow/example_dags/example_short_circuit_decorator.py
[2024-10-13T14:36:42.005+0100] {processor.py:925} INFO - DAG(s) 'example_short_circuit_decorator' retrieved from /opt/homebrew/Caskroom/miniconda/base/envs/airflow_env/lib/python3.9/site-packages/airflow/example_dags/example_short_circuit_decorator.py
[2024-10-13T14:36:42.040+0100] {logging_mixin.py:190} INFO - [2024-10-13T14:36:42.040+0100] {dag.py:3239} INFO - Sync 1 DAGs
[2024-10-13T14:36:42.044+0100] {logging_mixin.py:190} INFO - [2024-10-13T14:36:42.044+0100] {dag.py:4180} INFO - Setting next_dagrun for example_short_circuit_decorator to None, run_after=None
[2024-10-13T14:36:42.051+0100] {processor.py:208} INFO - Processing /opt/homebrew/Caskroom/miniconda/base/envs/airflow_env/lib/python3.9/site-packages/airflow/example_dags/example_short_circuit_decorator.py took 0.082 seconds
[2024-10-13T15:14:18.280+0100] {processor.py:186} INFO - Started process (PID=67970) to work on /opt/homebrew/Caskroom/miniconda/base/envs/airflow_env/lib/python3.9/site-packages/airflow/example_dags/example_short_circuit_decorator.py
[2024-10-13T15:14:18.281+0100] {processor.py:914} INFO - Processing file /opt/homebrew/Caskroom/miniconda/base/envs/airflow_env/lib/python3.9/site-packages/airflow/example_dags/example_short_circuit_decorator.py for tasks to queue
[2024-10-13T15:14:18.281+0100] {logging_mixin.py:190} INFO - [2024-10-13T15:14:18.281+0100] {dagbag.py:588} INFO - Filling up the DagBag from /opt/homebrew/Caskroom/miniconda/base/envs/airflow_env/lib/python3.9/site-packages/airflow/example_dags/example_short_circuit_decorator.py
[2024-10-13T15:14:18.314+0100] {processor.py:925} INFO - DAG(s) 'example_short_circuit_decorator' retrieved from /opt/homebrew/Caskroom/miniconda/base/envs/airflow_env/lib/python3.9/site-packages/airflow/example_dags/example_short_circuit_decorator.py
[2024-10-13T15:14:18.348+0100] {logging_mixin.py:190} INFO - [2024-10-13T15:14:18.348+0100] {dag.py:3239} INFO - Sync 1 DAGs
[2024-10-13T15:14:18.352+0100] {logging_mixin.py:190} INFO - [2024-10-13T15:14:18.352+0100] {dag.py:4180} INFO - Setting next_dagrun for example_short_circuit_decorator to None, run_after=None
[2024-10-13T15:14:18.358+0100] {processor.py:208} INFO - Processing /opt/homebrew/Caskroom/miniconda/base/envs/airflow_env/lib/python3.9/site-packages/airflow/example_dags/example_short_circuit_decorator.py took 0.079 seconds
[2024-10-13T15:15:33.285+0100] {processor.py:186} INFO - Started process (PID=68051) to work on /opt/homebrew/Caskroom/miniconda/base/envs/airflow_env/lib/python3.9/site-packages/airflow/example_dags/example_short_circuit_decorator.py
[2024-10-13T15:15:33.286+0100] {processor.py:914} INFO - Processing file /opt/homebrew/Caskroom/miniconda/base/envs/airflow_env/lib/python3.9/site-packages/airflow/example_dags/example_short_circuit_decorator.py for tasks to queue
[2024-10-13T15:15:33.286+0100] {logging_mixin.py:190} INFO - [2024-10-13T15:15:33.286+0100] {dagbag.py:588} INFO - Filling up the DagBag from /opt/homebrew/Caskroom/miniconda/base/envs/airflow_env/lib/python3.9/site-packages/airflow/example_dags/example_short_circuit_decorator.py
[2024-10-13T15:15:33.324+0100] {processor.py:925} INFO - DAG(s) 'example_short_circuit_decorator' retrieved from /opt/homebrew/Caskroom/miniconda/base/envs/airflow_env/lib/python3.9/site-packages/airflow/example_dags/example_short_circuit_decorator.py
[2024-10-13T15:15:33.360+0100] {logging_mixin.py:190} INFO - [2024-10-13T15:15:33.360+0100] {dag.py:3239} INFO - Sync 1 DAGs
[2024-10-13T15:15:33.364+0100] {logging_mixin.py:190} INFO - [2024-10-13T15:15:33.364+0100] {dag.py:4180} INFO - Setting next_dagrun for example_short_circuit_decorator to None, run_after=None
[2024-10-13T15:15:33.371+0100] {processor.py:208} INFO - Processing /opt/homebrew/Caskroom/miniconda/base/envs/airflow_env/lib/python3.9/site-packages/airflow/example_dags/example_short_circuit_decorator.py took 0.088 seconds
[2024-10-13T15:17:43.926+0100] {processor.py:186} INFO - Started process (PID=68170) to work on /opt/homebrew/Caskroom/miniconda/base/envs/airflow_env/lib/python3.9/site-packages/airflow/example_dags/example_short_circuit_decorator.py
[2024-10-13T15:17:43.926+0100] {processor.py:914} INFO - Processing file /opt/homebrew/Caskroom/miniconda/base/envs/airflow_env/lib/python3.9/site-packages/airflow/example_dags/example_short_circuit_decorator.py for tasks to queue
[2024-10-13T15:17:43.926+0100] {logging_mixin.py:190} INFO - [2024-10-13T15:17:43.926+0100] {dagbag.py:588} INFO - Filling up the DagBag from /opt/homebrew/Caskroom/miniconda/base/envs/airflow_env/lib/python3.9/site-packages/airflow/example_dags/example_short_circuit_decorator.py
[2024-10-13T15:17:43.958+0100] {processor.py:925} INFO - DAG(s) 'example_short_circuit_decorator' retrieved from /opt/homebrew/Caskroom/miniconda/base/envs/airflow_env/lib/python3.9/site-packages/airflow/example_dags/example_short_circuit_decorator.py
[2024-10-13T15:17:43.991+0100] {logging_mixin.py:190} INFO - [2024-10-13T15:17:43.991+0100] {dag.py:3239} INFO - Sync 1 DAGs
[2024-10-13T15:17:43.995+0100] {logging_mixin.py:190} INFO - [2024-10-13T15:17:43.995+0100] {dag.py:4180} INFO - Setting next_dagrun for example_short_circuit_decorator to None, run_after=None
[2024-10-13T15:17:44.002+0100] {processor.py:208} INFO - Processing /opt/homebrew/Caskroom/miniconda/base/envs/airflow_env/lib/python3.9/site-packages/airflow/example_dags/example_short_circuit_decorator.py took 0.078 seconds
[2024-10-13T15:19:57.989+0100] {processor.py:186} INFO - Started process (PID=68302) to work on /opt/homebrew/Caskroom/miniconda/base/envs/airflow_env/lib/python3.9/site-packages/airflow/example_dags/example_short_circuit_decorator.py
[2024-10-13T15:19:57.990+0100] {processor.py:914} INFO - Processing file /opt/homebrew/Caskroom/miniconda/base/envs/airflow_env/lib/python3.9/site-packages/airflow/example_dags/example_short_circuit_decorator.py for tasks to queue
[2024-10-13T15:19:57.990+0100] {logging_mixin.py:190} INFO - [2024-10-13T15:19:57.990+0100] {dagbag.py:588} INFO - Filling up the DagBag from /opt/homebrew/Caskroom/miniconda/base/envs/airflow_env/lib/python3.9/site-packages/airflow/example_dags/example_short_circuit_decorator.py
[2024-10-13T15:19:58.022+0100] {processor.py:925} INFO - DAG(s) 'example_short_circuit_decorator' retrieved from /opt/homebrew/Caskroom/miniconda/base/envs/airflow_env/lib/python3.9/site-packages/airflow/example_dags/example_short_circuit_decorator.py
[2024-10-13T15:19:58.055+0100] {logging_mixin.py:190} INFO - [2024-10-13T15:19:58.055+0100] {dag.py:3239} INFO - Sync 1 DAGs
[2024-10-13T15:19:58.059+0100] {logging_mixin.py:190} INFO - [2024-10-13T15:19:58.059+0100] {dag.py:4180} INFO - Setting next_dagrun for example_short_circuit_decorator to None, run_after=None
[2024-10-13T15:19:58.065+0100] {processor.py:208} INFO - Processing /opt/homebrew/Caskroom/miniconda/base/envs/airflow_env/lib/python3.9/site-packages/airflow/example_dags/example_short_circuit_decorator.py took 0.078 seconds
[2024-10-13T15:22:05.355+0100] {processor.py:186} INFO - Started process (PID=68469) to work on /opt/homebrew/Caskroom/miniconda/base/envs/airflow_env/lib/python3.9/site-packages/airflow/example_dags/example_short_circuit_decorator.py
[2024-10-13T15:22:05.356+0100] {processor.py:914} INFO - Processing file /opt/homebrew/Caskroom/miniconda/base/envs/airflow_env/lib/python3.9/site-packages/airflow/example_dags/example_short_circuit_decorator.py for tasks to queue
[2024-10-13T15:22:05.356+0100] {logging_mixin.py:190} INFO - [2024-10-13T15:22:05.356+0100] {dagbag.py:588} INFO - Filling up the DagBag from /opt/homebrew/Caskroom/miniconda/base/envs/airflow_env/lib/python3.9/site-packages/airflow/example_dags/example_short_circuit_decorator.py
[2024-10-13T15:22:05.390+0100] {processor.py:925} INFO - DAG(s) 'example_short_circuit_decorator' retrieved from /opt/homebrew/Caskroom/miniconda/base/envs/airflow_env/lib/python3.9/site-packages/airflow/example_dags/example_short_circuit_decorator.py
[2024-10-13T15:22:05.424+0100] {logging_mixin.py:190} INFO - [2024-10-13T15:22:05.424+0100] {dag.py:3239} INFO - Sync 1 DAGs
[2024-10-13T15:22:05.428+0100] {logging_mixin.py:190} INFO - [2024-10-13T15:22:05.428+0100] {dag.py:4180} INFO - Setting next_dagrun for example_short_circuit_decorator to None, run_after=None
[2024-10-13T15:22:05.434+0100] {processor.py:208} INFO - Processing /opt/homebrew/Caskroom/miniconda/base/envs/airflow_env/lib/python3.9/site-packages/airflow/example_dags/example_short_circuit_decorator.py took 0.081 seconds
[2024-10-13T15:24:11.805+0100] {processor.py:186} INFO - Started process (PID=68629) to work on /opt/homebrew/Caskroom/miniconda/base/envs/airflow_env/lib/python3.9/site-packages/airflow/example_dags/example_short_circuit_decorator.py
[2024-10-13T15:24:11.806+0100] {processor.py:914} INFO - Processing file /opt/homebrew/Caskroom/miniconda/base/envs/airflow_env/lib/python3.9/site-packages/airflow/example_dags/example_short_circuit_decorator.py for tasks to queue
[2024-10-13T15:24:11.806+0100] {logging_mixin.py:190} INFO - [2024-10-13T15:24:11.806+0100] {dagbag.py:588} INFO - Filling up the DagBag from /opt/homebrew/Caskroom/miniconda/base/envs/airflow_env/lib/python3.9/site-packages/airflow/example_dags/example_short_circuit_decorator.py
[2024-10-13T15:24:11.836+0100] {processor.py:925} INFO - DAG(s) 'example_short_circuit_decorator' retrieved from /opt/homebrew/Caskroom/miniconda/base/envs/airflow_env/lib/python3.9/site-packages/airflow/example_dags/example_short_circuit_decorator.py
[2024-10-13T15:24:11.869+0100] {logging_mixin.py:190} INFO - [2024-10-13T15:24:11.869+0100] {dag.py:3239} INFO - Sync 1 DAGs
[2024-10-13T15:24:11.873+0100] {logging_mixin.py:190} INFO - [2024-10-13T15:24:11.873+0100] {dag.py:4180} INFO - Setting next_dagrun for example_short_circuit_decorator to None, run_after=None
[2024-10-13T15:24:11.880+0100] {processor.py:208} INFO - Processing /opt/homebrew/Caskroom/miniconda/base/envs/airflow_env/lib/python3.9/site-packages/airflow/example_dags/example_short_circuit_decorator.py took 0.076 seconds
[2024-10-13T15:25:20.231+0100] {processor.py:186} INFO - Started process (PID=68700) to work on /opt/homebrew/Caskroom/miniconda/base/envs/airflow_env/lib/python3.9/site-packages/airflow/example_dags/example_short_circuit_decorator.py
[2024-10-13T15:25:20.231+0100] {processor.py:914} INFO - Processing file /opt/homebrew/Caskroom/miniconda/base/envs/airflow_env/lib/python3.9/site-packages/airflow/example_dags/example_short_circuit_decorator.py for tasks to queue
[2024-10-13T15:25:20.231+0100] {logging_mixin.py:190} INFO - [2024-10-13T15:25:20.231+0100] {dagbag.py:588} INFO - Filling up the DagBag from /opt/homebrew/Caskroom/miniconda/base/envs/airflow_env/lib/python3.9/site-packages/airflow/example_dags/example_short_circuit_decorator.py
[2024-10-13T15:25:20.263+0100] {processor.py:925} INFO - DAG(s) 'example_short_circuit_decorator' retrieved from /opt/homebrew/Caskroom/miniconda/base/envs/airflow_env/lib/python3.9/site-packages/airflow/example_dags/example_short_circuit_decorator.py
[2024-10-13T15:25:20.299+0100] {logging_mixin.py:190} INFO - [2024-10-13T15:25:20.299+0100] {dag.py:3239} INFO - Sync 1 DAGs
[2024-10-13T15:25:20.303+0100] {logging_mixin.py:190} INFO - [2024-10-13T15:25:20.303+0100] {dag.py:4180} INFO - Setting next_dagrun for example_short_circuit_decorator to None, run_after=None
[2024-10-13T15:25:20.310+0100] {processor.py:208} INFO - Processing /opt/homebrew/Caskroom/miniconda/base/envs/airflow_env/lib/python3.9/site-packages/airflow/example_dags/example_short_circuit_decorator.py took 0.081 seconds
