[2024-10-13T14:08:50.844+0100] {processor.py:186} INFO - Started process (PID=67212) to work on /opt/homebrew/Caskroom/miniconda/base/envs/airflow_env/lib/python3.9/site-packages/airflow/example_dags/example_sensor_decorator.py
[2024-10-13T14:08:50.844+0100] {processor.py:914} INFO - Processing file /opt/homebrew/Caskroom/miniconda/base/envs/airflow_env/lib/python3.9/site-packages/airflow/example_dags/example_sensor_decorator.py for tasks to queue
[2024-10-13T14:08:50.845+0100] {logging_mixin.py:190} INFO - [2024-10-13T14:08:50.845+0100] {dagbag.py:588} INFO - Filling up the DagBag from /opt/homebrew/Caskroom/miniconda/base/envs/airflow_env/lib/python3.9/site-packages/airflow/example_dags/example_sensor_decorator.py
[2024-10-13T14:08:50.875+0100] {processor.py:925} INFO - DAG(s) 'example_sensor_decorator' retrieved from /opt/homebrew/Caskroom/miniconda/base/envs/airflow_env/lib/python3.9/site-packages/airflow/example_dags/example_sensor_decorator.py
[2024-10-13T14:08:50.904+0100] {logging_mixin.py:190} INFO - [2024-10-13T14:08:50.904+0100] {workday.py:41} WARNING - Could not import pandas. Holidays will not be considered.
[2024-10-13T14:08:50.941+0100] {logging_mixin.py:190} INFO - [2024-10-13T14:08:50.941+0100] {override.py:1901} INFO - Created Permission View: can read on DAG:example_sensor_decorator
[2024-10-13T14:08:50.944+0100] {logging_mixin.py:190} INFO - [2024-10-13T14:08:50.944+0100] {override.py:1901} INFO - Created Permission View: can edit on DAG:example_sensor_decorator
[2024-10-13T14:08:50.946+0100] {logging_mixin.py:190} INFO - [2024-10-13T14:08:50.946+0100] {override.py:1901} INFO - Created Permission View: can delete on DAG:example_sensor_decorator
[2024-10-13T14:08:50.949+0100] {logging_mixin.py:190} INFO - [2024-10-13T14:08:50.949+0100] {override.py:1901} INFO - Created Permission View: can create on DAG Run:example_sensor_decorator
[2024-10-13T14:08:50.951+0100] {logging_mixin.py:190} INFO - [2024-10-13T14:08:50.951+0100] {override.py:1901} INFO - Created Permission View: can read on DAG Run:example_sensor_decorator
[2024-10-13T14:08:50.953+0100] {logging_mixin.py:190} INFO - [2024-10-13T14:08:50.953+0100] {override.py:1901} INFO - Created Permission View: can delete on DAG Run:example_sensor_decorator
[2024-10-13T14:08:50.954+0100] {logging_mixin.py:190} INFO - [2024-10-13T14:08:50.954+0100] {override.py:1901} INFO - Created Permission View: menu access on DAG Run:example_sensor_decorator
[2024-10-13T14:08:50.955+0100] {logging_mixin.py:190} INFO - [2024-10-13T14:08:50.955+0100] {dag.py:3239} INFO - Sync 1 DAGs
[2024-10-13T14:08:50.959+0100] {logging_mixin.py:190} INFO - [2024-10-13T14:08:50.959+0100] {dag.py:3262} INFO - Creating ORM DAG for example_sensor_decorator
[2024-10-13T14:08:50.960+0100] {logging_mixin.py:190} INFO - [2024-10-13T14:08:50.960+0100] {dag.py:4180} INFO - Setting next_dagrun for example_sensor_decorator to None, run_after=None
[2024-10-13T14:08:50.965+0100] {processor.py:208} INFO - Processing /opt/homebrew/Caskroom/miniconda/base/envs/airflow_env/lib/python3.9/site-packages/airflow/example_dags/example_sensor_decorator.py took 0.123 seconds
[2024-10-13T14:10:29.042+0100] {processor.py:186} INFO - Started process (PID=67316) to work on /opt/homebrew/Caskroom/miniconda/base/envs/airflow_env/lib/python3.9/site-packages/airflow/example_dags/example_sensor_decorator.py
[2024-10-13T14:10:29.043+0100] {processor.py:914} INFO - Processing file /opt/homebrew/Caskroom/miniconda/base/envs/airflow_env/lib/python3.9/site-packages/airflow/example_dags/example_sensor_decorator.py for tasks to queue
[2024-10-13T14:10:29.044+0100] {logging_mixin.py:190} INFO - [2024-10-13T14:10:29.044+0100] {dagbag.py:588} INFO - Filling up the DagBag from /opt/homebrew/Caskroom/miniconda/base/envs/airflow_env/lib/python3.9/site-packages/airflow/example_dags/example_sensor_decorator.py
[2024-10-13T14:10:29.075+0100] {processor.py:925} INFO - DAG(s) 'example_sensor_decorator' retrieved from /opt/homebrew/Caskroom/miniconda/base/envs/airflow_env/lib/python3.9/site-packages/airflow/example_dags/example_sensor_decorator.py
[2024-10-13T14:10:29.105+0100] {logging_mixin.py:190} INFO - [2024-10-13T14:10:29.105+0100] {workday.py:41} WARNING - Could not import pandas. Holidays will not be considered.
[2024-10-13T14:10:29.111+0100] {logging_mixin.py:190} INFO - [2024-10-13T14:10:29.111+0100] {dag.py:3239} INFO - Sync 1 DAGs
[2024-10-13T14:10:29.115+0100] {logging_mixin.py:190} INFO - [2024-10-13T14:10:29.115+0100] {dag.py:4180} INFO - Setting next_dagrun for example_sensor_decorator to None, run_after=None
[2024-10-13T14:10:29.121+0100] {processor.py:208} INFO - Processing /opt/homebrew/Caskroom/miniconda/base/envs/airflow_env/lib/python3.9/site-packages/airflow/example_dags/example_sensor_decorator.py took 0.080 seconds
[2024-10-13T14:12:35.369+0100] {processor.py:186} INFO - Started process (PID=67460) to work on /opt/homebrew/Caskroom/miniconda/base/envs/airflow_env/lib/python3.9/site-packages/airflow/example_dags/example_sensor_decorator.py
[2024-10-13T14:12:35.370+0100] {processor.py:914} INFO - Processing file /opt/homebrew/Caskroom/miniconda/base/envs/airflow_env/lib/python3.9/site-packages/airflow/example_dags/example_sensor_decorator.py for tasks to queue
[2024-10-13T14:12:35.370+0100] {logging_mixin.py:190} INFO - [2024-10-13T14:12:35.370+0100] {dagbag.py:588} INFO - Filling up the DagBag from /opt/homebrew/Caskroom/miniconda/base/envs/airflow_env/lib/python3.9/site-packages/airflow/example_dags/example_sensor_decorator.py
[2024-10-13T14:12:35.401+0100] {processor.py:925} INFO - DAG(s) 'example_sensor_decorator' retrieved from /opt/homebrew/Caskroom/miniconda/base/envs/airflow_env/lib/python3.9/site-packages/airflow/example_dags/example_sensor_decorator.py
[2024-10-13T14:12:35.430+0100] {logging_mixin.py:190} INFO - [2024-10-13T14:12:35.430+0100] {workday.py:41} WARNING - Could not import pandas. Holidays will not be considered.
[2024-10-13T14:12:35.436+0100] {logging_mixin.py:190} INFO - [2024-10-13T14:12:35.436+0100] {dag.py:3239} INFO - Sync 1 DAGs
[2024-10-13T14:12:35.440+0100] {logging_mixin.py:190} INFO - [2024-10-13T14:12:35.440+0100] {dag.py:4180} INFO - Setting next_dagrun for example_sensor_decorator to None, run_after=None
[2024-10-13T14:12:35.446+0100] {processor.py:208} INFO - Processing /opt/homebrew/Caskroom/miniconda/base/envs/airflow_env/lib/python3.9/site-packages/airflow/example_dags/example_sensor_decorator.py took 0.078 seconds
[2024-10-13T14:14:44.504+0100] {processor.py:186} INFO - Started process (PID=67612) to work on /opt/homebrew/Caskroom/miniconda/base/envs/airflow_env/lib/python3.9/site-packages/airflow/example_dags/example_sensor_decorator.py
[2024-10-13T14:14:44.504+0100] {processor.py:914} INFO - Processing file /opt/homebrew/Caskroom/miniconda/base/envs/airflow_env/lib/python3.9/site-packages/airflow/example_dags/example_sensor_decorator.py for tasks to queue
[2024-10-13T14:14:44.505+0100] {logging_mixin.py:190} INFO - [2024-10-13T14:14:44.504+0100] {dagbag.py:588} INFO - Filling up the DagBag from /opt/homebrew/Caskroom/miniconda/base/envs/airflow_env/lib/python3.9/site-packages/airflow/example_dags/example_sensor_decorator.py
[2024-10-13T14:14:44.535+0100] {processor.py:925} INFO - DAG(s) 'example_sensor_decorator' retrieved from /opt/homebrew/Caskroom/miniconda/base/envs/airflow_env/lib/python3.9/site-packages/airflow/example_dags/example_sensor_decorator.py
[2024-10-13T14:14:44.565+0100] {logging_mixin.py:190} INFO - [2024-10-13T14:14:44.565+0100] {workday.py:41} WARNING - Could not import pandas. Holidays will not be considered.
[2024-10-13T14:14:44.571+0100] {logging_mixin.py:190} INFO - [2024-10-13T14:14:44.570+0100] {dag.py:3239} INFO - Sync 1 DAGs
[2024-10-13T14:14:44.574+0100] {logging_mixin.py:190} INFO - [2024-10-13T14:14:44.574+0100] {dag.py:4180} INFO - Setting next_dagrun for example_sensor_decorator to None, run_after=None
[2024-10-13T14:14:44.580+0100] {processor.py:208} INFO - Processing /opt/homebrew/Caskroom/miniconda/base/envs/airflow_env/lib/python3.9/site-packages/airflow/example_dags/example_sensor_decorator.py took 0.078 seconds
[2024-10-13T14:18:07.456+0100] {processor.py:186} INFO - Started process (PID=67741) to work on /opt/homebrew/Caskroom/miniconda/base/envs/airflow_env/lib/python3.9/site-packages/airflow/example_dags/example_sensor_decorator.py
[2024-10-13T14:18:07.457+0100] {processor.py:914} INFO - Processing file /opt/homebrew/Caskroom/miniconda/base/envs/airflow_env/lib/python3.9/site-packages/airflow/example_dags/example_sensor_decorator.py for tasks to queue
[2024-10-13T14:18:07.457+0100] {logging_mixin.py:190} INFO - [2024-10-13T14:18:07.457+0100] {dagbag.py:588} INFO - Filling up the DagBag from /opt/homebrew/Caskroom/miniconda/base/envs/airflow_env/lib/python3.9/site-packages/airflow/example_dags/example_sensor_decorator.py
[2024-10-13T14:18:07.486+0100] {processor.py:925} INFO - DAG(s) 'example_sensor_decorator' retrieved from /opt/homebrew/Caskroom/miniconda/base/envs/airflow_env/lib/python3.9/site-packages/airflow/example_dags/example_sensor_decorator.py
[2024-10-13T14:18:07.515+0100] {logging_mixin.py:190} INFO - [2024-10-13T14:18:07.515+0100] {workday.py:41} WARNING - Could not import pandas. Holidays will not be considered.
[2024-10-13T14:18:07.520+0100] {logging_mixin.py:190} INFO - [2024-10-13T14:18:07.520+0100] {dag.py:3239} INFO - Sync 1 DAGs
[2024-10-13T14:18:07.524+0100] {logging_mixin.py:190} INFO - [2024-10-13T14:18:07.524+0100] {dag.py:4180} INFO - Setting next_dagrun for example_sensor_decorator to None, run_after=None
[2024-10-13T14:18:07.530+0100] {processor.py:208} INFO - Processing /opt/homebrew/Caskroom/miniconda/base/envs/airflow_env/lib/python3.9/site-packages/airflow/example_dags/example_sensor_decorator.py took 0.075 seconds
[2024-10-13T15:14:24.270+0100] {processor.py:186} INFO - Started process (PID=67977) to work on /opt/homebrew/Caskroom/miniconda/base/envs/airflow_env/lib/python3.9/site-packages/airflow/example_dags/example_sensor_decorator.py
[2024-10-13T15:14:24.270+0100] {processor.py:914} INFO - Processing file /opt/homebrew/Caskroom/miniconda/base/envs/airflow_env/lib/python3.9/site-packages/airflow/example_dags/example_sensor_decorator.py for tasks to queue
[2024-10-13T15:14:24.271+0100] {logging_mixin.py:190} INFO - [2024-10-13T15:14:24.271+0100] {dagbag.py:588} INFO - Filling up the DagBag from /opt/homebrew/Caskroom/miniconda/base/envs/airflow_env/lib/python3.9/site-packages/airflow/example_dags/example_sensor_decorator.py
[2024-10-13T15:14:24.303+0100] {processor.py:925} INFO - DAG(s) 'example_sensor_decorator' retrieved from /opt/homebrew/Caskroom/miniconda/base/envs/airflow_env/lib/python3.9/site-packages/airflow/example_dags/example_sensor_decorator.py
[2024-10-13T15:14:24.334+0100] {logging_mixin.py:190} INFO - [2024-10-13T15:14:24.333+0100] {workday.py:41} WARNING - Could not import pandas. Holidays will not be considered.
[2024-10-13T15:14:24.341+0100] {logging_mixin.py:190} INFO - [2024-10-13T15:14:24.341+0100] {dag.py:3239} INFO - Sync 1 DAGs
[2024-10-13T15:14:24.345+0100] {logging_mixin.py:190} INFO - [2024-10-13T15:14:24.345+0100] {dag.py:4180} INFO - Setting next_dagrun for example_sensor_decorator to None, run_after=None
[2024-10-13T15:14:24.351+0100] {processor.py:208} INFO - Processing /opt/homebrew/Caskroom/miniconda/base/envs/airflow_env/lib/python3.9/site-packages/airflow/example_dags/example_sensor_decorator.py took 0.083 seconds
[2024-10-13T15:15:39.080+0100] {processor.py:186} INFO - Started process (PID=68055) to work on /opt/homebrew/Caskroom/miniconda/base/envs/airflow_env/lib/python3.9/site-packages/airflow/example_dags/example_sensor_decorator.py
[2024-10-13T15:15:39.080+0100] {processor.py:914} INFO - Processing file /opt/homebrew/Caskroom/miniconda/base/envs/airflow_env/lib/python3.9/site-packages/airflow/example_dags/example_sensor_decorator.py for tasks to queue
[2024-10-13T15:15:39.081+0100] {logging_mixin.py:190} INFO - [2024-10-13T15:15:39.081+0100] {dagbag.py:588} INFO - Filling up the DagBag from /opt/homebrew/Caskroom/miniconda/base/envs/airflow_env/lib/python3.9/site-packages/airflow/example_dags/example_sensor_decorator.py
[2024-10-13T15:15:39.117+0100] {processor.py:925} INFO - DAG(s) 'example_sensor_decorator' retrieved from /opt/homebrew/Caskroom/miniconda/base/envs/airflow_env/lib/python3.9/site-packages/airflow/example_dags/example_sensor_decorator.py
[2024-10-13T15:15:39.150+0100] {logging_mixin.py:190} INFO - [2024-10-13T15:15:39.149+0100] {workday.py:41} WARNING - Could not import pandas. Holidays will not be considered.
[2024-10-13T15:15:39.156+0100] {logging_mixin.py:190} INFO - [2024-10-13T15:15:39.156+0100] {dag.py:3239} INFO - Sync 1 DAGs
[2024-10-13T15:15:39.160+0100] {logging_mixin.py:190} INFO - [2024-10-13T15:15:39.160+0100] {dag.py:4180} INFO - Setting next_dagrun for example_sensor_decorator to None, run_after=None
[2024-10-13T15:15:39.167+0100] {processor.py:208} INFO - Processing /opt/homebrew/Caskroom/miniconda/base/envs/airflow_env/lib/python3.9/site-packages/airflow/example_dags/example_sensor_decorator.py took 0.089 seconds
[2024-10-13T15:17:51.227+0100] {processor.py:186} INFO - Started process (PID=68175) to work on /opt/homebrew/Caskroom/miniconda/base/envs/airflow_env/lib/python3.9/site-packages/airflow/example_dags/example_sensor_decorator.py
[2024-10-13T15:17:51.227+0100] {processor.py:914} INFO - Processing file /opt/homebrew/Caskroom/miniconda/base/envs/airflow_env/lib/python3.9/site-packages/airflow/example_dags/example_sensor_decorator.py for tasks to queue
[2024-10-13T15:17:51.227+0100] {logging_mixin.py:190} INFO - [2024-10-13T15:17:51.227+0100] {dagbag.py:588} INFO - Filling up the DagBag from /opt/homebrew/Caskroom/miniconda/base/envs/airflow_env/lib/python3.9/site-packages/airflow/example_dags/example_sensor_decorator.py
[2024-10-13T15:17:51.260+0100] {processor.py:925} INFO - DAG(s) 'example_sensor_decorator' retrieved from /opt/homebrew/Caskroom/miniconda/base/envs/airflow_env/lib/python3.9/site-packages/airflow/example_dags/example_sensor_decorator.py
[2024-10-13T15:17:51.289+0100] {logging_mixin.py:190} INFO - [2024-10-13T15:17:51.289+0100] {workday.py:41} WARNING - Could not import pandas. Holidays will not be considered.
[2024-10-13T15:17:51.295+0100] {logging_mixin.py:190} INFO - [2024-10-13T15:17:51.295+0100] {dag.py:3239} INFO - Sync 1 DAGs
[2024-10-13T15:17:51.299+0100] {logging_mixin.py:190} INFO - [2024-10-13T15:17:51.299+0100] {dag.py:4180} INFO - Setting next_dagrun for example_sensor_decorator to None, run_after=None
[2024-10-13T15:17:51.305+0100] {processor.py:208} INFO - Processing /opt/homebrew/Caskroom/miniconda/base/envs/airflow_env/lib/python3.9/site-packages/airflow/example_dags/example_sensor_decorator.py took 0.080 seconds
[2024-10-13T15:20:03.826+0100] {processor.py:186} INFO - Started process (PID=68307) to work on /opt/homebrew/Caskroom/miniconda/base/envs/airflow_env/lib/python3.9/site-packages/airflow/example_dags/example_sensor_decorator.py
[2024-10-13T15:20:03.827+0100] {processor.py:914} INFO - Processing file /opt/homebrew/Caskroom/miniconda/base/envs/airflow_env/lib/python3.9/site-packages/airflow/example_dags/example_sensor_decorator.py for tasks to queue
[2024-10-13T15:20:03.827+0100] {logging_mixin.py:190} INFO - [2024-10-13T15:20:03.827+0100] {dagbag.py:588} INFO - Filling up the DagBag from /opt/homebrew/Caskroom/miniconda/base/envs/airflow_env/lib/python3.9/site-packages/airflow/example_dags/example_sensor_decorator.py
[2024-10-13T15:20:03.858+0100] {processor.py:925} INFO - DAG(s) 'example_sensor_decorator' retrieved from /opt/homebrew/Caskroom/miniconda/base/envs/airflow_env/lib/python3.9/site-packages/airflow/example_dags/example_sensor_decorator.py
[2024-10-13T15:20:03.888+0100] {logging_mixin.py:190} INFO - [2024-10-13T15:20:03.888+0100] {workday.py:41} WARNING - Could not import pandas. Holidays will not be considered.
[2024-10-13T15:20:03.894+0100] {logging_mixin.py:190} INFO - [2024-10-13T15:20:03.894+0100] {dag.py:3239} INFO - Sync 1 DAGs
[2024-10-13T15:20:03.898+0100] {logging_mixin.py:190} INFO - [2024-10-13T15:20:03.898+0100] {dag.py:4180} INFO - Setting next_dagrun for example_sensor_decorator to None, run_after=None
[2024-10-13T15:20:03.903+0100] {processor.py:208} INFO - Processing /opt/homebrew/Caskroom/miniconda/base/envs/airflow_env/lib/python3.9/site-packages/airflow/example_dags/example_sensor_decorator.py took 0.079 seconds
[2024-10-13T15:22:12.242+0100] {processor.py:186} INFO - Started process (PID=68485) to work on /opt/homebrew/Caskroom/miniconda/base/envs/airflow_env/lib/python3.9/site-packages/airflow/example_dags/example_sensor_decorator.py
[2024-10-13T15:22:12.243+0100] {processor.py:914} INFO - Processing file /opt/homebrew/Caskroom/miniconda/base/envs/airflow_env/lib/python3.9/site-packages/airflow/example_dags/example_sensor_decorator.py for tasks to queue
[2024-10-13T15:22:12.243+0100] {logging_mixin.py:190} INFO - [2024-10-13T15:22:12.243+0100] {dagbag.py:588} INFO - Filling up the DagBag from /opt/homebrew/Caskroom/miniconda/base/envs/airflow_env/lib/python3.9/site-packages/airflow/example_dags/example_sensor_decorator.py
[2024-10-13T15:22:12.275+0100] {processor.py:925} INFO - DAG(s) 'example_sensor_decorator' retrieved from /opt/homebrew/Caskroom/miniconda/base/envs/airflow_env/lib/python3.9/site-packages/airflow/example_dags/example_sensor_decorator.py
[2024-10-13T15:22:12.304+0100] {logging_mixin.py:190} INFO - [2024-10-13T15:22:12.304+0100] {workday.py:41} WARNING - Could not import pandas. Holidays will not be considered.
[2024-10-13T15:22:12.310+0100] {logging_mixin.py:190} INFO - [2024-10-13T15:22:12.310+0100] {dag.py:3239} INFO - Sync 1 DAGs
[2024-10-13T15:22:12.314+0100] {logging_mixin.py:190} INFO - [2024-10-13T15:22:12.314+0100] {dag.py:4180} INFO - Setting next_dagrun for example_sensor_decorator to None, run_after=None
[2024-10-13T15:22:12.321+0100] {processor.py:208} INFO - Processing /opt/homebrew/Caskroom/miniconda/base/envs/airflow_env/lib/python3.9/site-packages/airflow/example_dags/example_sensor_decorator.py took 0.080 seconds
[2024-10-13T15:24:19.356+0100] {processor.py:186} INFO - Started process (PID=68636) to work on /opt/homebrew/Caskroom/miniconda/base/envs/airflow_env/lib/python3.9/site-packages/airflow/example_dags/example_sensor_decorator.py
[2024-10-13T15:24:19.357+0100] {processor.py:914} INFO - Processing file /opt/homebrew/Caskroom/miniconda/base/envs/airflow_env/lib/python3.9/site-packages/airflow/example_dags/example_sensor_decorator.py for tasks to queue
[2024-10-13T15:24:19.357+0100] {logging_mixin.py:190} INFO - [2024-10-13T15:24:19.357+0100] {dagbag.py:588} INFO - Filling up the DagBag from /opt/homebrew/Caskroom/miniconda/base/envs/airflow_env/lib/python3.9/site-packages/airflow/example_dags/example_sensor_decorator.py
[2024-10-13T15:24:19.389+0100] {processor.py:925} INFO - DAG(s) 'example_sensor_decorator' retrieved from /opt/homebrew/Caskroom/miniconda/base/envs/airflow_env/lib/python3.9/site-packages/airflow/example_dags/example_sensor_decorator.py
[2024-10-13T15:24:19.419+0100] {logging_mixin.py:190} INFO - [2024-10-13T15:24:19.419+0100] {workday.py:41} WARNING - Could not import pandas. Holidays will not be considered.
[2024-10-13T15:24:19.426+0100] {logging_mixin.py:190} INFO - [2024-10-13T15:24:19.426+0100] {dag.py:3239} INFO - Sync 1 DAGs
[2024-10-13T15:24:19.430+0100] {logging_mixin.py:190} INFO - [2024-10-13T15:24:19.430+0100] {dag.py:4180} INFO - Setting next_dagrun for example_sensor_decorator to None, run_after=None
[2024-10-13T15:24:19.436+0100] {processor.py:208} INFO - Processing /opt/homebrew/Caskroom/miniconda/base/envs/airflow_env/lib/python3.9/site-packages/airflow/example_dags/example_sensor_decorator.py took 0.081 seconds
[2024-10-13T15:26:27.539+0100] {processor.py:186} INFO - Started process (PID=68805) to work on /opt/homebrew/Caskroom/miniconda/base/envs/airflow_env/lib/python3.9/site-packages/airflow/example_dags/example_sensor_decorator.py
[2024-10-13T15:26:27.539+0100] {processor.py:914} INFO - Processing file /opt/homebrew/Caskroom/miniconda/base/envs/airflow_env/lib/python3.9/site-packages/airflow/example_dags/example_sensor_decorator.py for tasks to queue
[2024-10-13T15:26:27.540+0100] {logging_mixin.py:190} INFO - [2024-10-13T15:26:27.540+0100] {dagbag.py:588} INFO - Filling up the DagBag from /opt/homebrew/Caskroom/miniconda/base/envs/airflow_env/lib/python3.9/site-packages/airflow/example_dags/example_sensor_decorator.py
[2024-10-13T15:26:27.574+0100] {processor.py:925} INFO - DAG(s) 'example_sensor_decorator' retrieved from /opt/homebrew/Caskroom/miniconda/base/envs/airflow_env/lib/python3.9/site-packages/airflow/example_dags/example_sensor_decorator.py
[2024-10-13T15:26:27.605+0100] {logging_mixin.py:190} INFO - [2024-10-13T15:26:27.605+0100] {workday.py:41} WARNING - Could not import pandas. Holidays will not be considered.
[2024-10-13T15:26:27.611+0100] {logging_mixin.py:190} INFO - [2024-10-13T15:26:27.611+0100] {dag.py:3239} INFO - Sync 1 DAGs
[2024-10-13T15:26:27.615+0100] {logging_mixin.py:190} INFO - [2024-10-13T15:26:27.615+0100] {dag.py:4180} INFO - Setting next_dagrun for example_sensor_decorator to None, run_after=None
[2024-10-13T15:26:27.622+0100] {processor.py:208} INFO - Processing /opt/homebrew/Caskroom/miniconda/base/envs/airflow_env/lib/python3.9/site-packages/airflow/example_dags/example_sensor_decorator.py took 0.085 seconds
