[2024-10-13T14:09:17.562+0100] {processor.py:186} INFO - Started process (PID=67240) to work on /opt/homebrew/Caskroom/miniconda/base/envs/airflow_env/lib/python3.9/site-packages/airflow/example_dags/example_dynamic_task_mapping.py
[2024-10-13T14:09:17.562+0100] {processor.py:914} INFO - Processing file /opt/homebrew/Caskroom/miniconda/base/envs/airflow_env/lib/python3.9/site-packages/airflow/example_dags/example_dynamic_task_mapping.py for tasks to queue
[2024-10-13T14:09:17.562+0100] {logging_mixin.py:190} INFO - [2024-10-13T14:09:17.562+0100] {dagbag.py:588} INFO - Filling up the DagBag from /opt/homebrew/Caskroom/miniconda/base/envs/airflow_env/lib/python3.9/site-packages/airflow/example_dags/example_dynamic_task_mapping.py
[2024-10-13T14:09:17.598+0100] {processor.py:925} INFO - DAG(s) 'example_dynamic_task_mapping' retrieved from /opt/homebrew/Caskroom/miniconda/base/envs/airflow_env/lib/python3.9/site-packages/airflow/example_dags/example_dynamic_task_mapping.py
[2024-10-13T14:09:17.667+0100] {logging_mixin.py:190} INFO - [2024-10-13T14:09:17.667+0100] {override.py:1901} INFO - Created Permission View: can read on DAG:example_dynamic_task_mapping
[2024-10-13T14:09:17.671+0100] {logging_mixin.py:190} INFO - [2024-10-13T14:09:17.671+0100] {override.py:1901} INFO - Created Permission View: can delete on DAG:example_dynamic_task_mapping
[2024-10-13T14:09:17.673+0100] {logging_mixin.py:190} INFO - [2024-10-13T14:09:17.673+0100] {override.py:1901} INFO - Created Permission View: can edit on DAG:example_dynamic_task_mapping
[2024-10-13T14:09:17.676+0100] {logging_mixin.py:190} INFO - [2024-10-13T14:09:17.676+0100] {override.py:1901} INFO - Created Permission View: can read on DAG Run:example_dynamic_task_mapping
[2024-10-13T14:09:17.678+0100] {logging_mixin.py:190} INFO - [2024-10-13T14:09:17.678+0100] {override.py:1901} INFO - Created Permission View: can delete on DAG Run:example_dynamic_task_mapping
[2024-10-13T14:09:17.680+0100] {logging_mixin.py:190} INFO - [2024-10-13T14:09:17.680+0100] {override.py:1901} INFO - Created Permission View: can create on DAG Run:example_dynamic_task_mapping
[2024-10-13T14:09:17.683+0100] {logging_mixin.py:190} INFO - [2024-10-13T14:09:17.683+0100] {override.py:1901} INFO - Created Permission View: menu access on DAG Run:example_dynamic_task_mapping
[2024-10-13T14:09:17.683+0100] {logging_mixin.py:190} INFO - [2024-10-13T14:09:17.683+0100] {dag.py:3239} INFO - Sync 1 DAGs
[2024-10-13T14:09:17.688+0100] {logging_mixin.py:190} INFO - [2024-10-13T14:09:17.687+0100] {dag.py:3262} INFO - Creating ORM DAG for example_dynamic_task_mapping
[2024-10-13T14:09:17.688+0100] {logging_mixin.py:190} INFO - [2024-10-13T14:09:17.688+0100] {dag.py:4180} INFO - Setting next_dagrun for example_dynamic_task_mapping to None, run_after=None
[2024-10-13T14:09:17.693+0100] {processor.py:208} INFO - Processing /opt/homebrew/Caskroom/miniconda/base/envs/airflow_env/lib/python3.9/site-packages/airflow/example_dags/example_dynamic_task_mapping.py took 0.134 seconds
[2024-10-13T14:11:30.355+0100] {processor.py:186} INFO - Started process (PID=67379) to work on /opt/homebrew/Caskroom/miniconda/base/envs/airflow_env/lib/python3.9/site-packages/airflow/example_dags/example_dynamic_task_mapping.py
[2024-10-13T14:11:30.355+0100] {processor.py:914} INFO - Processing file /opt/homebrew/Caskroom/miniconda/base/envs/airflow_env/lib/python3.9/site-packages/airflow/example_dags/example_dynamic_task_mapping.py for tasks to queue
[2024-10-13T14:11:30.356+0100] {logging_mixin.py:190} INFO - [2024-10-13T14:11:30.356+0100] {dagbag.py:588} INFO - Filling up the DagBag from /opt/homebrew/Caskroom/miniconda/base/envs/airflow_env/lib/python3.9/site-packages/airflow/example_dags/example_dynamic_task_mapping.py
[2024-10-13T14:11:30.387+0100] {processor.py:925} INFO - DAG(s) 'example_dynamic_task_mapping' retrieved from /opt/homebrew/Caskroom/miniconda/base/envs/airflow_env/lib/python3.9/site-packages/airflow/example_dags/example_dynamic_task_mapping.py
[2024-10-13T14:11:30.419+0100] {logging_mixin.py:190} INFO - [2024-10-13T14:11:30.419+0100] {dag.py:3239} INFO - Sync 1 DAGs
[2024-10-13T14:11:30.423+0100] {logging_mixin.py:190} INFO - [2024-10-13T14:11:30.423+0100] {dag.py:4180} INFO - Setting next_dagrun for example_dynamic_task_mapping to None, run_after=None
[2024-10-13T14:11:30.429+0100] {processor.py:208} INFO - Processing /opt/homebrew/Caskroom/miniconda/base/envs/airflow_env/lib/python3.9/site-packages/airflow/example_dags/example_dynamic_task_mapping.py took 0.076 seconds
[2024-10-13T14:13:36.004+0100] {processor.py:186} INFO - Started process (PID=67551) to work on /opt/homebrew/Caskroom/miniconda/base/envs/airflow_env/lib/python3.9/site-packages/airflow/example_dags/example_dynamic_task_mapping.py
[2024-10-13T14:13:36.005+0100] {processor.py:914} INFO - Processing file /opt/homebrew/Caskroom/miniconda/base/envs/airflow_env/lib/python3.9/site-packages/airflow/example_dags/example_dynamic_task_mapping.py for tasks to queue
[2024-10-13T14:13:36.005+0100] {logging_mixin.py:190} INFO - [2024-10-13T14:13:36.005+0100] {dagbag.py:588} INFO - Filling up the DagBag from /opt/homebrew/Caskroom/miniconda/base/envs/airflow_env/lib/python3.9/site-packages/airflow/example_dags/example_dynamic_task_mapping.py
[2024-10-13T14:13:36.036+0100] {processor.py:925} INFO - DAG(s) 'example_dynamic_task_mapping' retrieved from /opt/homebrew/Caskroom/miniconda/base/envs/airflow_env/lib/python3.9/site-packages/airflow/example_dags/example_dynamic_task_mapping.py
[2024-10-13T14:13:36.069+0100] {logging_mixin.py:190} INFO - [2024-10-13T14:13:36.069+0100] {dag.py:3239} INFO - Sync 1 DAGs
[2024-10-13T14:13:36.073+0100] {logging_mixin.py:190} INFO - [2024-10-13T14:13:36.073+0100] {dag.py:4180} INFO - Setting next_dagrun for example_dynamic_task_mapping to None, run_after=None
[2024-10-13T14:13:36.079+0100] {processor.py:208} INFO - Processing /opt/homebrew/Caskroom/miniconda/base/envs/airflow_env/lib/python3.9/site-packages/airflow/example_dags/example_dynamic_task_mapping.py took 0.076 seconds
[2024-10-13T14:15:47.616+0100] {processor.py:186} INFO - Started process (PID=67671) to work on /opt/homebrew/Caskroom/miniconda/base/envs/airflow_env/lib/python3.9/site-packages/airflow/example_dags/example_dynamic_task_mapping.py
[2024-10-13T14:15:47.617+0100] {processor.py:914} INFO - Processing file /opt/homebrew/Caskroom/miniconda/base/envs/airflow_env/lib/python3.9/site-packages/airflow/example_dags/example_dynamic_task_mapping.py for tasks to queue
[2024-10-13T14:15:47.617+0100] {logging_mixin.py:190} INFO - [2024-10-13T14:15:47.617+0100] {dagbag.py:588} INFO - Filling up the DagBag from /opt/homebrew/Caskroom/miniconda/base/envs/airflow_env/lib/python3.9/site-packages/airflow/example_dags/example_dynamic_task_mapping.py
[2024-10-13T14:15:47.653+0100] {processor.py:925} INFO - DAG(s) 'example_dynamic_task_mapping' retrieved from /opt/homebrew/Caskroom/miniconda/base/envs/airflow_env/lib/python3.9/site-packages/airflow/example_dags/example_dynamic_task_mapping.py
[2024-10-13T14:15:47.690+0100] {logging_mixin.py:190} INFO - [2024-10-13T14:15:47.690+0100] {dag.py:3239} INFO - Sync 1 DAGs
[2024-10-13T14:15:47.694+0100] {logging_mixin.py:190} INFO - [2024-10-13T14:15:47.694+0100] {dag.py:4180} INFO - Setting next_dagrun for example_dynamic_task_mapping to None, run_after=None
[2024-10-13T14:15:47.701+0100] {processor.py:208} INFO - Processing /opt/homebrew/Caskroom/miniconda/base/envs/airflow_env/lib/python3.9/site-packages/airflow/example_dags/example_dynamic_task_mapping.py took 0.087 seconds
[2024-10-13T15:09:11.373+0100] {processor.py:186} INFO - Started process (PID=67813) to work on /opt/homebrew/Caskroom/miniconda/base/envs/airflow_env/lib/python3.9/site-packages/airflow/example_dags/example_dynamic_task_mapping.py
[2024-10-13T15:09:11.373+0100] {processor.py:914} INFO - Processing file /opt/homebrew/Caskroom/miniconda/base/envs/airflow_env/lib/python3.9/site-packages/airflow/example_dags/example_dynamic_task_mapping.py for tasks to queue
[2024-10-13T15:09:11.374+0100] {logging_mixin.py:190} INFO - [2024-10-13T15:09:11.374+0100] {dagbag.py:588} INFO - Filling up the DagBag from /opt/homebrew/Caskroom/miniconda/base/envs/airflow_env/lib/python3.9/site-packages/airflow/example_dags/example_dynamic_task_mapping.py
[2024-10-13T15:09:11.410+0100] {processor.py:925} INFO - DAG(s) 'example_dynamic_task_mapping' retrieved from /opt/homebrew/Caskroom/miniconda/base/envs/airflow_env/lib/python3.9/site-packages/airflow/example_dags/example_dynamic_task_mapping.py
[2024-10-13T15:09:11.446+0100] {logging_mixin.py:190} INFO - [2024-10-13T15:09:11.446+0100] {dag.py:3239} INFO - Sync 1 DAGs
[2024-10-13T15:09:11.450+0100] {logging_mixin.py:190} INFO - [2024-10-13T15:09:11.450+0100] {dag.py:4180} INFO - Setting next_dagrun for example_dynamic_task_mapping to None, run_after=None
[2024-10-13T15:09:11.457+0100] {processor.py:208} INFO - Processing /opt/homebrew/Caskroom/miniconda/base/envs/airflow_env/lib/python3.9/site-packages/airflow/example_dags/example_dynamic_task_mapping.py took 0.086 seconds
[2024-10-13T15:14:50.481+0100] {processor.py:186} INFO - Started process (PID=68013) to work on /opt/homebrew/Caskroom/miniconda/base/envs/airflow_env/lib/python3.9/site-packages/airflow/example_dags/example_dynamic_task_mapping.py
[2024-10-13T15:14:50.481+0100] {processor.py:914} INFO - Processing file /opt/homebrew/Caskroom/miniconda/base/envs/airflow_env/lib/python3.9/site-packages/airflow/example_dags/example_dynamic_task_mapping.py for tasks to queue
[2024-10-13T15:14:50.482+0100] {logging_mixin.py:190} INFO - [2024-10-13T15:14:50.482+0100] {dagbag.py:588} INFO - Filling up the DagBag from /opt/homebrew/Caskroom/miniconda/base/envs/airflow_env/lib/python3.9/site-packages/airflow/example_dags/example_dynamic_task_mapping.py
[2024-10-13T15:14:50.515+0100] {processor.py:925} INFO - DAG(s) 'example_dynamic_task_mapping' retrieved from /opt/homebrew/Caskroom/miniconda/base/envs/airflow_env/lib/python3.9/site-packages/airflow/example_dags/example_dynamic_task_mapping.py
[2024-10-13T15:14:50.548+0100] {logging_mixin.py:190} INFO - [2024-10-13T15:14:50.548+0100] {dag.py:3239} INFO - Sync 1 DAGs
[2024-10-13T15:14:50.552+0100] {logging_mixin.py:190} INFO - [2024-10-13T15:14:50.552+0100] {dag.py:4180} INFO - Setting next_dagrun for example_dynamic_task_mapping to None, run_after=None
[2024-10-13T15:14:50.560+0100] {processor.py:208} INFO - Processing /opt/homebrew/Caskroom/miniconda/base/envs/airflow_env/lib/python3.9/site-packages/airflow/example_dags/example_dynamic_task_mapping.py took 0.080 seconds
[2024-10-13T15:17:01.836+0100] {processor.py:186} INFO - Started process (PID=68129) to work on /opt/homebrew/Caskroom/miniconda/base/envs/airflow_env/lib/python3.9/site-packages/airflow/example_dags/example_dynamic_task_mapping.py
[2024-10-13T15:17:01.837+0100] {processor.py:914} INFO - Processing file /opt/homebrew/Caskroom/miniconda/base/envs/airflow_env/lib/python3.9/site-packages/airflow/example_dags/example_dynamic_task_mapping.py for tasks to queue
[2024-10-13T15:17:01.837+0100] {logging_mixin.py:190} INFO - [2024-10-13T15:17:01.837+0100] {dagbag.py:588} INFO - Filling up the DagBag from /opt/homebrew/Caskroom/miniconda/base/envs/airflow_env/lib/python3.9/site-packages/airflow/example_dags/example_dynamic_task_mapping.py
[2024-10-13T15:17:01.868+0100] {processor.py:925} INFO - DAG(s) 'example_dynamic_task_mapping' retrieved from /opt/homebrew/Caskroom/miniconda/base/envs/airflow_env/lib/python3.9/site-packages/airflow/example_dags/example_dynamic_task_mapping.py
[2024-10-13T15:17:01.900+0100] {logging_mixin.py:190} INFO - [2024-10-13T15:17:01.900+0100] {dag.py:3239} INFO - Sync 1 DAGs
[2024-10-13T15:17:01.904+0100] {logging_mixin.py:190} INFO - [2024-10-13T15:17:01.904+0100] {dag.py:4180} INFO - Setting next_dagrun for example_dynamic_task_mapping to None, run_after=None
[2024-10-13T15:17:01.909+0100] {processor.py:208} INFO - Processing /opt/homebrew/Caskroom/miniconda/base/envs/airflow_env/lib/python3.9/site-packages/airflow/example_dags/example_dynamic_task_mapping.py took 0.075 seconds
[2024-10-13T15:19:15.228+0100] {processor.py:186} INFO - Started process (PID=68271) to work on /opt/homebrew/Caskroom/miniconda/base/envs/airflow_env/lib/python3.9/site-packages/airflow/example_dags/example_dynamic_task_mapping.py
[2024-10-13T15:19:15.230+0100] {processor.py:914} INFO - Processing file /opt/homebrew/Caskroom/miniconda/base/envs/airflow_env/lib/python3.9/site-packages/airflow/example_dags/example_dynamic_task_mapping.py for tasks to queue
[2024-10-13T15:19:15.230+0100] {logging_mixin.py:190} INFO - [2024-10-13T15:19:15.230+0100] {dagbag.py:588} INFO - Filling up the DagBag from /opt/homebrew/Caskroom/miniconda/base/envs/airflow_env/lib/python3.9/site-packages/airflow/example_dags/example_dynamic_task_mapping.py
[2024-10-13T15:19:15.261+0100] {processor.py:925} INFO - DAG(s) 'example_dynamic_task_mapping' retrieved from /opt/homebrew/Caskroom/miniconda/base/envs/airflow_env/lib/python3.9/site-packages/airflow/example_dags/example_dynamic_task_mapping.py
[2024-10-13T15:19:15.294+0100] {logging_mixin.py:190} INFO - [2024-10-13T15:19:15.294+0100] {dag.py:3239} INFO - Sync 1 DAGs
[2024-10-13T15:19:15.298+0100] {logging_mixin.py:190} INFO - [2024-10-13T15:19:15.298+0100] {dag.py:4180} INFO - Setting next_dagrun for example_dynamic_task_mapping to None, run_after=None
[2024-10-13T15:19:15.303+0100] {processor.py:208} INFO - Processing /opt/homebrew/Caskroom/miniconda/base/envs/airflow_env/lib/python3.9/site-packages/airflow/example_dags/example_dynamic_task_mapping.py took 0.078 seconds
[2024-10-13T15:21:27.017+0100] {processor.py:186} INFO - Started process (PID=68392) to work on /opt/homebrew/Caskroom/miniconda/base/envs/airflow_env/lib/python3.9/site-packages/airflow/example_dags/example_dynamic_task_mapping.py
[2024-10-13T15:21:27.017+0100] {processor.py:914} INFO - Processing file /opt/homebrew/Caskroom/miniconda/base/envs/airflow_env/lib/python3.9/site-packages/airflow/example_dags/example_dynamic_task_mapping.py for tasks to queue
[2024-10-13T15:21:27.018+0100] {logging_mixin.py:190} INFO - [2024-10-13T15:21:27.018+0100] {dagbag.py:588} INFO - Filling up the DagBag from /opt/homebrew/Caskroom/miniconda/base/envs/airflow_env/lib/python3.9/site-packages/airflow/example_dags/example_dynamic_task_mapping.py
[2024-10-13T15:21:27.048+0100] {processor.py:925} INFO - DAG(s) 'example_dynamic_task_mapping' retrieved from /opt/homebrew/Caskroom/miniconda/base/envs/airflow_env/lib/python3.9/site-packages/airflow/example_dags/example_dynamic_task_mapping.py
[2024-10-13T15:21:27.081+0100] {logging_mixin.py:190} INFO - [2024-10-13T15:21:27.081+0100] {dag.py:3239} INFO - Sync 1 DAGs
[2024-10-13T15:21:27.086+0100] {logging_mixin.py:190} INFO - [2024-10-13T15:21:27.086+0100] {dag.py:4180} INFO - Setting next_dagrun for example_dynamic_task_mapping to None, run_after=None
[2024-10-13T15:21:27.092+0100] {processor.py:208} INFO - Processing /opt/homebrew/Caskroom/miniconda/base/envs/airflow_env/lib/python3.9/site-packages/airflow/example_dags/example_dynamic_task_mapping.py took 0.077 seconds
[2024-10-13T15:23:32.496+0100] {processor.py:186} INFO - Started process (PID=68599) to work on /opt/homebrew/Caskroom/miniconda/base/envs/airflow_env/lib/python3.9/site-packages/airflow/example_dags/example_dynamic_task_mapping.py
[2024-10-13T15:23:32.497+0100] {processor.py:914} INFO - Processing file /opt/homebrew/Caskroom/miniconda/base/envs/airflow_env/lib/python3.9/site-packages/airflow/example_dags/example_dynamic_task_mapping.py for tasks to queue
[2024-10-13T15:23:32.497+0100] {logging_mixin.py:190} INFO - [2024-10-13T15:23:32.497+0100] {dagbag.py:588} INFO - Filling up the DagBag from /opt/homebrew/Caskroom/miniconda/base/envs/airflow_env/lib/python3.9/site-packages/airflow/example_dags/example_dynamic_task_mapping.py
[2024-10-13T15:23:32.535+0100] {processor.py:925} INFO - DAG(s) 'example_dynamic_task_mapping' retrieved from /opt/homebrew/Caskroom/miniconda/base/envs/airflow_env/lib/python3.9/site-packages/airflow/example_dags/example_dynamic_task_mapping.py
[2024-10-13T15:23:32.571+0100] {logging_mixin.py:190} INFO - [2024-10-13T15:23:32.571+0100] {dag.py:3239} INFO - Sync 1 DAGs
[2024-10-13T15:23:32.575+0100] {logging_mixin.py:190} INFO - [2024-10-13T15:23:32.575+0100] {dag.py:4180} INFO - Setting next_dagrun for example_dynamic_task_mapping to None, run_after=None
[2024-10-13T15:23:32.583+0100] {processor.py:208} INFO - Processing /opt/homebrew/Caskroom/miniconda/base/envs/airflow_env/lib/python3.9/site-packages/airflow/example_dags/example_dynamic_task_mapping.py took 0.088 seconds
[2024-10-13T15:25:44.325+0100] {processor.py:186} INFO - Started process (PID=68744) to work on /opt/homebrew/Caskroom/miniconda/base/envs/airflow_env/lib/python3.9/site-packages/airflow/example_dags/example_dynamic_task_mapping.py
[2024-10-13T15:25:44.325+0100] {processor.py:914} INFO - Processing file /opt/homebrew/Caskroom/miniconda/base/envs/airflow_env/lib/python3.9/site-packages/airflow/example_dags/example_dynamic_task_mapping.py for tasks to queue
[2024-10-13T15:25:44.326+0100] {logging_mixin.py:190} INFO - [2024-10-13T15:25:44.326+0100] {dagbag.py:588} INFO - Filling up the DagBag from /opt/homebrew/Caskroom/miniconda/base/envs/airflow_env/lib/python3.9/site-packages/airflow/example_dags/example_dynamic_task_mapping.py
[2024-10-13T15:25:44.357+0100] {processor.py:925} INFO - DAG(s) 'example_dynamic_task_mapping' retrieved from /opt/homebrew/Caskroom/miniconda/base/envs/airflow_env/lib/python3.9/site-packages/airflow/example_dags/example_dynamic_task_mapping.py
[2024-10-13T15:25:44.389+0100] {logging_mixin.py:190} INFO - [2024-10-13T15:25:44.389+0100] {dag.py:3239} INFO - Sync 1 DAGs
[2024-10-13T15:25:44.393+0100] {logging_mixin.py:190} INFO - [2024-10-13T15:25:44.393+0100] {dag.py:4180} INFO - Setting next_dagrun for example_dynamic_task_mapping to None, run_after=None
[2024-10-13T15:25:44.399+0100] {processor.py:208} INFO - Processing /opt/homebrew/Caskroom/miniconda/base/envs/airflow_env/lib/python3.9/site-packages/airflow/example_dags/example_dynamic_task_mapping.py took 0.076 seconds
