[2024-10-13T14:08:26.451+0100] {processor.py:186} INFO - Started process (PID=67179) to work on /opt/homebrew/Caskroom/miniconda/base/envs/airflow_env/lib/python3.9/site-packages/airflow/example_dags/example_workday_timetable.py
[2024-10-13T14:08:26.452+0100] {processor.py:914} INFO - Processing file /opt/homebrew/Caskroom/miniconda/base/envs/airflow_env/lib/python3.9/site-packages/airflow/example_dags/example_workday_timetable.py for tasks to queue
[2024-10-13T14:08:26.452+0100] {logging_mixin.py:190} INFO - [2024-10-13T14:08:26.452+0100] {dagbag.py:588} INFO - Filling up the DagBag from /opt/homebrew/Caskroom/miniconda/base/envs/airflow_env/lib/python3.9/site-packages/airflow/example_dags/example_workday_timetable.py
[2024-10-13T14:08:26.475+0100] {logging_mixin.py:190} INFO - [2024-10-13T14:08:26.475+0100] {workday.py:41} WARNING - Could not import pandas. Holidays will not be considered.
[2024-10-13T14:08:26.478+0100] {processor.py:925} INFO - DAG(s) 'example_workday_timetable' retrieved from /opt/homebrew/Caskroom/miniconda/base/envs/airflow_env/lib/python3.9/site-packages/airflow/example_dags/example_workday_timetable.py
[2024-10-13T14:08:26.510+0100] {logging_mixin.py:190} INFO - [2024-10-13T14:08:26.510+0100] {workday.py:41} WARNING - Could not import pandas. Holidays will not be considered.
[2024-10-13T14:08:26.548+0100] {logging_mixin.py:190} INFO - [2024-10-13T14:08:26.548+0100] {override.py:1901} INFO - Created Permission View: can read on DAG:example_workday_timetable
[2024-10-13T14:08:26.553+0100] {logging_mixin.py:190} INFO - [2024-10-13T14:08:26.553+0100] {override.py:1901} INFO - Created Permission View: can delete on DAG:example_workday_timetable
[2024-10-13T14:08:26.555+0100] {logging_mixin.py:190} INFO - [2024-10-13T14:08:26.555+0100] {override.py:1901} INFO - Created Permission View: can edit on DAG:example_workday_timetable
[2024-10-13T14:08:26.558+0100] {logging_mixin.py:190} INFO - [2024-10-13T14:08:26.558+0100] {override.py:1901} INFO - Created Permission View: menu access on DAG Run:example_workday_timetable
[2024-10-13T14:08:26.560+0100] {logging_mixin.py:190} INFO - [2024-10-13T14:08:26.560+0100] {override.py:1901} INFO - Created Permission View: can read on DAG Run:example_workday_timetable
[2024-10-13T14:08:26.562+0100] {logging_mixin.py:190} INFO - [2024-10-13T14:08:26.562+0100] {override.py:1901} INFO - Created Permission View: can create on DAG Run:example_workday_timetable
[2024-10-13T14:08:26.564+0100] {logging_mixin.py:190} INFO - [2024-10-13T14:08:26.564+0100] {override.py:1901} INFO - Created Permission View: can delete on DAG Run:example_workday_timetable
[2024-10-13T14:08:26.564+0100] {logging_mixin.py:190} INFO - [2024-10-13T14:08:26.564+0100] {dag.py:3239} INFO - Sync 1 DAGs
[2024-10-13T14:08:26.568+0100] {logging_mixin.py:190} INFO - [2024-10-13T14:08:26.568+0100] {dag.py:3262} INFO - Creating ORM DAG for example_workday_timetable
[2024-10-13T14:08:26.571+0100] {logging_mixin.py:190} INFO - [2024-10-13T14:08:26.571+0100] {dag.py:4180} INFO - Setting next_dagrun for example_workday_timetable to 2021-01-01 00:00:00+00:00, run_after=2021-01-02 00:00:00+00:00
[2024-10-13T14:08:26.577+0100] {processor.py:208} INFO - Processing /opt/homebrew/Caskroom/miniconda/base/envs/airflow_env/lib/python3.9/site-packages/airflow/example_dags/example_workday_timetable.py took 0.128 seconds
[2024-10-13T14:10:04.160+0100] {processor.py:186} INFO - Started process (PID=67294) to work on /opt/homebrew/Caskroom/miniconda/base/envs/airflow_env/lib/python3.9/site-packages/airflow/example_dags/example_workday_timetable.py
[2024-10-13T14:10:04.161+0100] {processor.py:914} INFO - Processing file /opt/homebrew/Caskroom/miniconda/base/envs/airflow_env/lib/python3.9/site-packages/airflow/example_dags/example_workday_timetable.py for tasks to queue
[2024-10-13T14:10:04.161+0100] {logging_mixin.py:190} INFO - [2024-10-13T14:10:04.161+0100] {dagbag.py:588} INFO - Filling up the DagBag from /opt/homebrew/Caskroom/miniconda/base/envs/airflow_env/lib/python3.9/site-packages/airflow/example_dags/example_workday_timetable.py
[2024-10-13T14:10:04.184+0100] {logging_mixin.py:190} INFO - [2024-10-13T14:10:04.183+0100] {workday.py:41} WARNING - Could not import pandas. Holidays will not be considered.
[2024-10-13T14:10:04.186+0100] {processor.py:925} INFO - DAG(s) 'example_workday_timetable' retrieved from /opt/homebrew/Caskroom/miniconda/base/envs/airflow_env/lib/python3.9/site-packages/airflow/example_dags/example_workday_timetable.py
[2024-10-13T14:10:04.225+0100] {logging_mixin.py:190} INFO - [2024-10-13T14:10:04.224+0100] {workday.py:41} WARNING - Could not import pandas. Holidays will not be considered.
[2024-10-13T14:10:04.231+0100] {logging_mixin.py:190} INFO - [2024-10-13T14:10:04.231+0100] {dag.py:3239} INFO - Sync 1 DAGs
[2024-10-13T14:10:04.237+0100] {logging_mixin.py:190} INFO - [2024-10-13T14:10:04.237+0100] {dag.py:4180} INFO - Setting next_dagrun for example_workday_timetable to 2021-01-01 00:00:00+00:00, run_after=2021-01-02 00:00:00+00:00
[2024-10-13T14:10:04.245+0100] {processor.py:208} INFO - Processing /opt/homebrew/Caskroom/miniconda/base/envs/airflow_env/lib/python3.9/site-packages/airflow/example_dags/example_workday_timetable.py took 0.087 seconds
[2024-10-13T14:11:11.518+0100] {processor.py:186} INFO - Started process (PID=67359) to work on /opt/homebrew/Caskroom/miniconda/base/envs/airflow_env/lib/python3.9/site-packages/airflow/example_dags/example_workday_timetable.py
[2024-10-13T14:11:11.518+0100] {processor.py:914} INFO - Processing file /opt/homebrew/Caskroom/miniconda/base/envs/airflow_env/lib/python3.9/site-packages/airflow/example_dags/example_workday_timetable.py for tasks to queue
[2024-10-13T14:11:11.519+0100] {logging_mixin.py:190} INFO - [2024-10-13T14:11:11.519+0100] {dagbag.py:588} INFO - Filling up the DagBag from /opt/homebrew/Caskroom/miniconda/base/envs/airflow_env/lib/python3.9/site-packages/airflow/example_dags/example_workday_timetable.py
[2024-10-13T14:11:11.538+0100] {logging_mixin.py:190} INFO - [2024-10-13T14:11:11.537+0100] {workday.py:41} WARNING - Could not import pandas. Holidays will not be considered.
[2024-10-13T14:11:11.539+0100] {processor.py:925} INFO - DAG(s) 'example_workday_timetable' retrieved from /opt/homebrew/Caskroom/miniconda/base/envs/airflow_env/lib/python3.9/site-packages/airflow/example_dags/example_workday_timetable.py
[2024-10-13T14:11:11.570+0100] {logging_mixin.py:190} INFO - [2024-10-13T14:11:11.569+0100] {workday.py:41} WARNING - Could not import pandas. Holidays will not be considered.
[2024-10-13T14:11:11.575+0100] {logging_mixin.py:190} INFO - [2024-10-13T14:11:11.575+0100] {dag.py:3239} INFO - Sync 1 DAGs
[2024-10-13T14:11:11.581+0100] {logging_mixin.py:190} INFO - [2024-10-13T14:11:11.581+0100] {dag.py:4180} INFO - Setting next_dagrun for example_workday_timetable to 2021-01-01 00:00:00+00:00, run_after=2021-01-02 00:00:00+00:00
[2024-10-13T14:11:11.587+0100] {processor.py:208} INFO - Processing /opt/homebrew/Caskroom/miniconda/base/envs/airflow_env/lib/python3.9/site-packages/airflow/example_dags/example_workday_timetable.py took 0.071 seconds
[2024-10-13T14:12:15.001+0100] {processor.py:186} INFO - Started process (PID=67444) to work on /opt/homebrew/Caskroom/miniconda/base/envs/airflow_env/lib/python3.9/site-packages/airflow/example_dags/example_workday_timetable.py
[2024-10-13T14:12:15.002+0100] {processor.py:914} INFO - Processing file /opt/homebrew/Caskroom/miniconda/base/envs/airflow_env/lib/python3.9/site-packages/airflow/example_dags/example_workday_timetable.py for tasks to queue
[2024-10-13T14:12:15.002+0100] {logging_mixin.py:190} INFO - [2024-10-13T14:12:15.002+0100] {dagbag.py:588} INFO - Filling up the DagBag from /opt/homebrew/Caskroom/miniconda/base/envs/airflow_env/lib/python3.9/site-packages/airflow/example_dags/example_workday_timetable.py
[2024-10-13T14:12:15.021+0100] {logging_mixin.py:190} INFO - [2024-10-13T14:12:15.021+0100] {workday.py:41} WARNING - Could not import pandas. Holidays will not be considered.
[2024-10-13T14:12:15.023+0100] {processor.py:925} INFO - DAG(s) 'example_workday_timetable' retrieved from /opt/homebrew/Caskroom/miniconda/base/envs/airflow_env/lib/python3.9/site-packages/airflow/example_dags/example_workday_timetable.py
[2024-10-13T14:12:15.055+0100] {logging_mixin.py:190} INFO - [2024-10-13T14:12:15.055+0100] {workday.py:41} WARNING - Could not import pandas. Holidays will not be considered.
[2024-10-13T14:12:15.061+0100] {logging_mixin.py:190} INFO - [2024-10-13T14:12:15.061+0100] {dag.py:3239} INFO - Sync 1 DAGs
[2024-10-13T14:12:15.067+0100] {logging_mixin.py:190} INFO - [2024-10-13T14:12:15.067+0100] {dag.py:4180} INFO - Setting next_dagrun for example_workday_timetable to 2021-01-01 00:00:00+00:00, run_after=2021-01-02 00:00:00+00:00
[2024-10-13T14:12:15.073+0100] {processor.py:208} INFO - Processing /opt/homebrew/Caskroom/miniconda/base/envs/airflow_env/lib/python3.9/site-packages/airflow/example_dags/example_workday_timetable.py took 0.074 seconds
[2024-10-13T14:13:16.586+0100] {processor.py:186} INFO - Started process (PID=67525) to work on /opt/homebrew/Caskroom/miniconda/base/envs/airflow_env/lib/python3.9/site-packages/airflow/example_dags/example_workday_timetable.py
[2024-10-13T14:13:16.587+0100] {processor.py:914} INFO - Processing file /opt/homebrew/Caskroom/miniconda/base/envs/airflow_env/lib/python3.9/site-packages/airflow/example_dags/example_workday_timetable.py for tasks to queue
[2024-10-13T14:13:16.587+0100] {logging_mixin.py:190} INFO - [2024-10-13T14:13:16.587+0100] {dagbag.py:588} INFO - Filling up the DagBag from /opt/homebrew/Caskroom/miniconda/base/envs/airflow_env/lib/python3.9/site-packages/airflow/example_dags/example_workday_timetable.py
[2024-10-13T14:13:16.608+0100] {logging_mixin.py:190} INFO - [2024-10-13T14:13:16.607+0100] {workday.py:41} WARNING - Could not import pandas. Holidays will not be considered.
[2024-10-13T14:13:16.610+0100] {processor.py:925} INFO - DAG(s) 'example_workday_timetable' retrieved from /opt/homebrew/Caskroom/miniconda/base/envs/airflow_env/lib/python3.9/site-packages/airflow/example_dags/example_workday_timetable.py
[2024-10-13T14:13:16.641+0100] {logging_mixin.py:190} INFO - [2024-10-13T14:13:16.641+0100] {workday.py:41} WARNING - Could not import pandas. Holidays will not be considered.
[2024-10-13T14:13:16.648+0100] {logging_mixin.py:190} INFO - [2024-10-13T14:13:16.647+0100] {dag.py:3239} INFO - Sync 1 DAGs
[2024-10-13T14:13:16.654+0100] {logging_mixin.py:190} INFO - [2024-10-13T14:13:16.653+0100] {dag.py:4180} INFO - Setting next_dagrun for example_workday_timetable to 2021-01-01 00:00:00+00:00, run_after=2021-01-02 00:00:00+00:00
[2024-10-13T14:13:16.660+0100] {processor.py:208} INFO - Processing /opt/homebrew/Caskroom/miniconda/base/envs/airflow_env/lib/python3.9/site-packages/airflow/example_dags/example_workday_timetable.py took 0.076 seconds
[2024-10-13T14:14:21.382+0100] {processor.py:186} INFO - Started process (PID=67596) to work on /opt/homebrew/Caskroom/miniconda/base/envs/airflow_env/lib/python3.9/site-packages/airflow/example_dags/example_workday_timetable.py
[2024-10-13T14:14:21.382+0100] {processor.py:914} INFO - Processing file /opt/homebrew/Caskroom/miniconda/base/envs/airflow_env/lib/python3.9/site-packages/airflow/example_dags/example_workday_timetable.py for tasks to queue
[2024-10-13T14:14:21.383+0100] {logging_mixin.py:190} INFO - [2024-10-13T14:14:21.383+0100] {dagbag.py:588} INFO - Filling up the DagBag from /opt/homebrew/Caskroom/miniconda/base/envs/airflow_env/lib/python3.9/site-packages/airflow/example_dags/example_workday_timetable.py
[2024-10-13T14:14:21.402+0100] {logging_mixin.py:190} INFO - [2024-10-13T14:14:21.402+0100] {workday.py:41} WARNING - Could not import pandas. Holidays will not be considered.
[2024-10-13T14:14:21.404+0100] {processor.py:925} INFO - DAG(s) 'example_workday_timetable' retrieved from /opt/homebrew/Caskroom/miniconda/base/envs/airflow_env/lib/python3.9/site-packages/airflow/example_dags/example_workday_timetable.py
[2024-10-13T14:14:21.435+0100] {logging_mixin.py:190} INFO - [2024-10-13T14:14:21.435+0100] {workday.py:41} WARNING - Could not import pandas. Holidays will not be considered.
[2024-10-13T14:14:21.441+0100] {logging_mixin.py:190} INFO - [2024-10-13T14:14:21.441+0100] {dag.py:3239} INFO - Sync 1 DAGs
[2024-10-13T14:14:21.447+0100] {logging_mixin.py:190} INFO - [2024-10-13T14:14:21.447+0100] {dag.py:4180} INFO - Setting next_dagrun for example_workday_timetable to 2021-01-01 00:00:00+00:00, run_after=2021-01-02 00:00:00+00:00
[2024-10-13T14:14:21.454+0100] {processor.py:208} INFO - Processing /opt/homebrew/Caskroom/miniconda/base/envs/airflow_env/lib/python3.9/site-packages/airflow/example_dags/example_workday_timetable.py took 0.073 seconds
[2024-10-13T14:15:26.663+0100] {processor.py:186} INFO - Started process (PID=67651) to work on /opt/homebrew/Caskroom/miniconda/base/envs/airflow_env/lib/python3.9/site-packages/airflow/example_dags/example_workday_timetable.py
[2024-10-13T14:15:26.664+0100] {processor.py:914} INFO - Processing file /opt/homebrew/Caskroom/miniconda/base/envs/airflow_env/lib/python3.9/site-packages/airflow/example_dags/example_workday_timetable.py for tasks to queue
[2024-10-13T14:15:26.664+0100] {logging_mixin.py:190} INFO - [2024-10-13T14:15:26.664+0100] {dagbag.py:588} INFO - Filling up the DagBag from /opt/homebrew/Caskroom/miniconda/base/envs/airflow_env/lib/python3.9/site-packages/airflow/example_dags/example_workday_timetable.py
[2024-10-13T14:15:26.688+0100] {logging_mixin.py:190} INFO - [2024-10-13T14:15:26.688+0100] {workday.py:41} WARNING - Could not import pandas. Holidays will not be considered.
[2024-10-13T14:15:26.690+0100] {processor.py:925} INFO - DAG(s) 'example_workday_timetable' retrieved from /opt/homebrew/Caskroom/miniconda/base/envs/airflow_env/lib/python3.9/site-packages/airflow/example_dags/example_workday_timetable.py
[2024-10-13T14:15:26.723+0100] {logging_mixin.py:190} INFO - [2024-10-13T14:15:26.723+0100] {workday.py:41} WARNING - Could not import pandas. Holidays will not be considered.
[2024-10-13T14:15:26.729+0100] {logging_mixin.py:190} INFO - [2024-10-13T14:15:26.729+0100] {dag.py:3239} INFO - Sync 1 DAGs
[2024-10-13T14:15:26.736+0100] {logging_mixin.py:190} INFO - [2024-10-13T14:15:26.736+0100] {dag.py:4180} INFO - Setting next_dagrun for example_workday_timetable to 2021-01-01 00:00:00+00:00, run_after=2021-01-02 00:00:00+00:00
[2024-10-13T14:15:26.743+0100] {processor.py:208} INFO - Processing /opt/homebrew/Caskroom/miniconda/base/envs/airflow_env/lib/python3.9/site-packages/airflow/example_dags/example_workday_timetable.py took 0.082 seconds
[2024-10-13T14:16:35.043+0100] {processor.py:186} INFO - Started process (PID=67715) to work on /opt/homebrew/Caskroom/miniconda/base/envs/airflow_env/lib/python3.9/site-packages/airflow/example_dags/example_workday_timetable.py
[2024-10-13T14:16:35.044+0100] {processor.py:914} INFO - Processing file /opt/homebrew/Caskroom/miniconda/base/envs/airflow_env/lib/python3.9/site-packages/airflow/example_dags/example_workday_timetable.py for tasks to queue
[2024-10-13T14:16:35.044+0100] {logging_mixin.py:190} INFO - [2024-10-13T14:16:35.044+0100] {dagbag.py:588} INFO - Filling up the DagBag from /opt/homebrew/Caskroom/miniconda/base/envs/airflow_env/lib/python3.9/site-packages/airflow/example_dags/example_workday_timetable.py
[2024-10-13T14:16:35.068+0100] {logging_mixin.py:190} INFO - [2024-10-13T14:16:35.068+0100] {workday.py:41} WARNING - Could not import pandas. Holidays will not be considered.
[2024-10-13T14:16:35.070+0100] {processor.py:925} INFO - DAG(s) 'example_workday_timetable' retrieved from /opt/homebrew/Caskroom/miniconda/base/envs/airflow_env/lib/python3.9/site-packages/airflow/example_dags/example_workday_timetable.py
[2024-10-13T14:16:35.131+0100] {logging_mixin.py:190} INFO - [2024-10-13T14:16:35.130+0100] {workday.py:41} WARNING - Could not import pandas. Holidays will not be considered.
[2024-10-13T14:16:35.155+0100] {logging_mixin.py:190} INFO - [2024-10-13T14:16:35.154+0100] {dag.py:3239} INFO - Sync 1 DAGs
[2024-10-13T14:16:35.162+0100] {logging_mixin.py:190} INFO - [2024-10-13T14:16:35.162+0100] {dag.py:4180} INFO - Setting next_dagrun for example_workday_timetable to 2021-01-01 00:00:00+00:00, run_after=2021-01-02 00:00:00+00:00
[2024-10-13T14:16:35.170+0100] {processor.py:208} INFO - Processing /opt/homebrew/Caskroom/miniconda/base/envs/airflow_env/lib/python3.9/site-packages/airflow/example_dags/example_workday_timetable.py took 0.129 seconds
[2024-10-13T14:18:49.359+0100] {processor.py:186} INFO - Started process (PID=67778) to work on /opt/homebrew/Caskroom/miniconda/base/envs/airflow_env/lib/python3.9/site-packages/airflow/example_dags/example_workday_timetable.py
[2024-10-13T14:18:49.359+0100] {processor.py:914} INFO - Processing file /opt/homebrew/Caskroom/miniconda/base/envs/airflow_env/lib/python3.9/site-packages/airflow/example_dags/example_workday_timetable.py for tasks to queue
[2024-10-13T14:18:49.359+0100] {logging_mixin.py:190} INFO - [2024-10-13T14:18:49.359+0100] {dagbag.py:588} INFO - Filling up the DagBag from /opt/homebrew/Caskroom/miniconda/base/envs/airflow_env/lib/python3.9/site-packages/airflow/example_dags/example_workday_timetable.py
[2024-10-13T14:18:49.378+0100] {logging_mixin.py:190} INFO - [2024-10-13T14:18:49.377+0100] {workday.py:41} WARNING - Could not import pandas. Holidays will not be considered.
[2024-10-13T14:18:49.380+0100] {processor.py:925} INFO - DAG(s) 'example_workday_timetable' retrieved from /opt/homebrew/Caskroom/miniconda/base/envs/airflow_env/lib/python3.9/site-packages/airflow/example_dags/example_workday_timetable.py
[2024-10-13T14:18:49.408+0100] {logging_mixin.py:190} INFO - [2024-10-13T14:18:49.408+0100] {workday.py:41} WARNING - Could not import pandas. Holidays will not be considered.
[2024-10-13T14:18:49.414+0100] {logging_mixin.py:190} INFO - [2024-10-13T14:18:49.414+0100] {dag.py:3239} INFO - Sync 1 DAGs
[2024-10-13T14:18:49.419+0100] {logging_mixin.py:190} INFO - [2024-10-13T14:18:49.419+0100] {dag.py:4180} INFO - Setting next_dagrun for example_workday_timetable to 2021-01-01 00:00:00+00:00, run_after=2021-01-02 00:00:00+00:00
[2024-10-13T14:18:49.426+0100] {processor.py:208} INFO - Processing /opt/homebrew/Caskroom/miniconda/base/envs/airflow_env/lib/python3.9/site-packages/airflow/example_dags/example_workday_timetable.py took 0.069 seconds
[2024-10-13T15:14:01.914+0100] {processor.py:186} INFO - Started process (PID=67944) to work on /opt/homebrew/Caskroom/miniconda/base/envs/airflow_env/lib/python3.9/site-packages/airflow/example_dags/example_workday_timetable.py
[2024-10-13T15:14:01.914+0100] {processor.py:914} INFO - Processing file /opt/homebrew/Caskroom/miniconda/base/envs/airflow_env/lib/python3.9/site-packages/airflow/example_dags/example_workday_timetable.py for tasks to queue
[2024-10-13T15:14:01.915+0100] {logging_mixin.py:190} INFO - [2024-10-13T15:14:01.915+0100] {dagbag.py:588} INFO - Filling up the DagBag from /opt/homebrew/Caskroom/miniconda/base/envs/airflow_env/lib/python3.9/site-packages/airflow/example_dags/example_workday_timetable.py
[2024-10-13T15:14:01.935+0100] {logging_mixin.py:190} INFO - [2024-10-13T15:14:01.935+0100] {workday.py:41} WARNING - Could not import pandas. Holidays will not be considered.
[2024-10-13T15:14:01.937+0100] {processor.py:925} INFO - DAG(s) 'example_workday_timetable' retrieved from /opt/homebrew/Caskroom/miniconda/base/envs/airflow_env/lib/python3.9/site-packages/airflow/example_dags/example_workday_timetable.py
[2024-10-13T15:14:01.968+0100] {logging_mixin.py:190} INFO - [2024-10-13T15:14:01.968+0100] {workday.py:41} WARNING - Could not import pandas. Holidays will not be considered.
[2024-10-13T15:14:01.974+0100] {logging_mixin.py:190} INFO - [2024-10-13T15:14:01.974+0100] {dag.py:3239} INFO - Sync 1 DAGs
[2024-10-13T15:14:01.980+0100] {logging_mixin.py:190} INFO - [2024-10-13T15:14:01.980+0100] {dag.py:4180} INFO - Setting next_dagrun for example_workday_timetable to 2021-01-01 00:00:00+00:00, run_after=2021-01-02 00:00:00+00:00
[2024-10-13T15:14:01.987+0100] {processor.py:208} INFO - Processing /opt/homebrew/Caskroom/miniconda/base/envs/airflow_env/lib/python3.9/site-packages/airflow/example_dags/example_workday_timetable.py took 0.075 seconds
[2024-10-13T15:15:16.578+0100] {processor.py:186} INFO - Started process (PID=68031) to work on /opt/homebrew/Caskroom/miniconda/base/envs/airflow_env/lib/python3.9/site-packages/airflow/example_dags/example_workday_timetable.py
[2024-10-13T15:15:16.578+0100] {processor.py:914} INFO - Processing file /opt/homebrew/Caskroom/miniconda/base/envs/airflow_env/lib/python3.9/site-packages/airflow/example_dags/example_workday_timetable.py for tasks to queue
[2024-10-13T15:15:16.579+0100] {logging_mixin.py:190} INFO - [2024-10-13T15:15:16.579+0100] {dagbag.py:588} INFO - Filling up the DagBag from /opt/homebrew/Caskroom/miniconda/base/envs/airflow_env/lib/python3.9/site-packages/airflow/example_dags/example_workday_timetable.py
[2024-10-13T15:15:16.603+0100] {logging_mixin.py:190} INFO - [2024-10-13T15:15:16.603+0100] {workday.py:41} WARNING - Could not import pandas. Holidays will not be considered.
[2024-10-13T15:15:16.605+0100] {processor.py:925} INFO - DAG(s) 'example_workday_timetable' retrieved from /opt/homebrew/Caskroom/miniconda/base/envs/airflow_env/lib/python3.9/site-packages/airflow/example_dags/example_workday_timetable.py
[2024-10-13T15:15:16.639+0100] {logging_mixin.py:190} INFO - [2024-10-13T15:15:16.639+0100] {workday.py:41} WARNING - Could not import pandas. Holidays will not be considered.
[2024-10-13T15:15:16.646+0100] {logging_mixin.py:190} INFO - [2024-10-13T15:15:16.646+0100] {dag.py:3239} INFO - Sync 1 DAGs
[2024-10-13T15:15:16.652+0100] {logging_mixin.py:190} INFO - [2024-10-13T15:15:16.652+0100] {dag.py:4180} INFO - Setting next_dagrun for example_workday_timetable to 2021-01-01 00:00:00+00:00, run_after=2021-01-02 00:00:00+00:00
[2024-10-13T15:15:16.660+0100] {processor.py:208} INFO - Processing /opt/homebrew/Caskroom/miniconda/base/envs/airflow_env/lib/python3.9/site-packages/airflow/example_dags/example_workday_timetable.py took 0.084 seconds
[2024-10-13T15:16:22.831+0100] {processor.py:186} INFO - Started process (PID=68087) to work on /opt/homebrew/Caskroom/miniconda/base/envs/airflow_env/lib/python3.9/site-packages/airflow/example_dags/example_workday_timetable.py
[2024-10-13T15:16:22.832+0100] {processor.py:914} INFO - Processing file /opt/homebrew/Caskroom/miniconda/base/envs/airflow_env/lib/python3.9/site-packages/airflow/example_dags/example_workday_timetable.py for tasks to queue
[2024-10-13T15:16:22.832+0100] {logging_mixin.py:190} INFO - [2024-10-13T15:16:22.832+0100] {dagbag.py:588} INFO - Filling up the DagBag from /opt/homebrew/Caskroom/miniconda/base/envs/airflow_env/lib/python3.9/site-packages/airflow/example_dags/example_workday_timetable.py
[2024-10-13T15:16:22.852+0100] {logging_mixin.py:190} INFO - [2024-10-13T15:16:22.852+0100] {workday.py:41} WARNING - Could not import pandas. Holidays will not be considered.
[2024-10-13T15:16:22.854+0100] {processor.py:925} INFO - DAG(s) 'example_workday_timetable' retrieved from /opt/homebrew/Caskroom/miniconda/base/envs/airflow_env/lib/python3.9/site-packages/airflow/example_dags/example_workday_timetable.py
[2024-10-13T15:16:22.883+0100] {logging_mixin.py:190} INFO - [2024-10-13T15:16:22.883+0100] {workday.py:41} WARNING - Could not import pandas. Holidays will not be considered.
[2024-10-13T15:16:22.889+0100] {logging_mixin.py:190} INFO - [2024-10-13T15:16:22.889+0100] {dag.py:3239} INFO - Sync 1 DAGs
[2024-10-13T15:16:22.894+0100] {logging_mixin.py:190} INFO - [2024-10-13T15:16:22.894+0100] {dag.py:4180} INFO - Setting next_dagrun for example_workday_timetable to 2021-01-01 00:00:00+00:00, run_after=2021-01-02 00:00:00+00:00
[2024-10-13T15:16:22.901+0100] {processor.py:208} INFO - Processing /opt/homebrew/Caskroom/miniconda/base/envs/airflow_env/lib/python3.9/site-packages/airflow/example_dags/example_workday_timetable.py took 0.071 seconds
[2024-10-13T15:17:27.106+0100] {processor.py:186} INFO - Started process (PID=68149) to work on /opt/homebrew/Caskroom/miniconda/base/envs/airflow_env/lib/python3.9/site-packages/airflow/example_dags/example_workday_timetable.py
[2024-10-13T15:17:27.107+0100] {processor.py:914} INFO - Processing file /opt/homebrew/Caskroom/miniconda/base/envs/airflow_env/lib/python3.9/site-packages/airflow/example_dags/example_workday_timetable.py for tasks to queue
[2024-10-13T15:17:27.107+0100] {logging_mixin.py:190} INFO - [2024-10-13T15:17:27.107+0100] {dagbag.py:588} INFO - Filling up the DagBag from /opt/homebrew/Caskroom/miniconda/base/envs/airflow_env/lib/python3.9/site-packages/airflow/example_dags/example_workday_timetable.py
[2024-10-13T15:17:27.127+0100] {logging_mixin.py:190} INFO - [2024-10-13T15:17:27.127+0100] {workday.py:41} WARNING - Could not import pandas. Holidays will not be considered.
[2024-10-13T15:17:27.129+0100] {processor.py:925} INFO - DAG(s) 'example_workday_timetable' retrieved from /opt/homebrew/Caskroom/miniconda/base/envs/airflow_env/lib/python3.9/site-packages/airflow/example_dags/example_workday_timetable.py
[2024-10-13T15:17:27.159+0100] {logging_mixin.py:190} INFO - [2024-10-13T15:17:27.159+0100] {workday.py:41} WARNING - Could not import pandas. Holidays will not be considered.
[2024-10-13T15:17:27.165+0100] {logging_mixin.py:190} INFO - [2024-10-13T15:17:27.165+0100] {dag.py:3239} INFO - Sync 1 DAGs
[2024-10-13T15:17:27.170+0100] {logging_mixin.py:190} INFO - [2024-10-13T15:17:27.170+0100] {dag.py:4180} INFO - Setting next_dagrun for example_workday_timetable to 2021-01-01 00:00:00+00:00, run_after=2021-01-02 00:00:00+00:00
[2024-10-13T15:17:27.176+0100] {processor.py:208} INFO - Processing /opt/homebrew/Caskroom/miniconda/base/envs/airflow_env/lib/python3.9/site-packages/airflow/example_dags/example_workday_timetable.py took 0.072 seconds
[2024-10-13T15:18:35.105+0100] {processor.py:186} INFO - Started process (PID=68213) to work on /opt/homebrew/Caskroom/miniconda/base/envs/airflow_env/lib/python3.9/site-packages/airflow/example_dags/example_workday_timetable.py
[2024-10-13T15:18:35.106+0100] {processor.py:914} INFO - Processing file /opt/homebrew/Caskroom/miniconda/base/envs/airflow_env/lib/python3.9/site-packages/airflow/example_dags/example_workday_timetable.py for tasks to queue
[2024-10-13T15:18:35.106+0100] {logging_mixin.py:190} INFO - [2024-10-13T15:18:35.106+0100] {dagbag.py:588} INFO - Filling up the DagBag from /opt/homebrew/Caskroom/miniconda/base/envs/airflow_env/lib/python3.9/site-packages/airflow/example_dags/example_workday_timetable.py
[2024-10-13T15:18:35.126+0100] {logging_mixin.py:190} INFO - [2024-10-13T15:18:35.126+0100] {workday.py:41} WARNING - Could not import pandas. Holidays will not be considered.
[2024-10-13T15:18:35.128+0100] {processor.py:925} INFO - DAG(s) 'example_workday_timetable' retrieved from /opt/homebrew/Caskroom/miniconda/base/envs/airflow_env/lib/python3.9/site-packages/airflow/example_dags/example_workday_timetable.py
[2024-10-13T15:18:35.158+0100] {logging_mixin.py:190} INFO - [2024-10-13T15:18:35.158+0100] {workday.py:41} WARNING - Could not import pandas. Holidays will not be considered.
[2024-10-13T15:18:35.164+0100] {logging_mixin.py:190} INFO - [2024-10-13T15:18:35.164+0100] {dag.py:3239} INFO - Sync 1 DAGs
[2024-10-13T15:18:35.170+0100] {logging_mixin.py:190} INFO - [2024-10-13T15:18:35.170+0100] {dag.py:4180} INFO - Setting next_dagrun for example_workday_timetable to 2021-01-01 00:00:00+00:00, run_after=2021-01-02 00:00:00+00:00
[2024-10-13T15:18:35.176+0100] {processor.py:208} INFO - Processing /opt/homebrew/Caskroom/miniconda/base/envs/airflow_env/lib/python3.9/site-packages/airflow/example_dags/example_workday_timetable.py took 0.072 seconds
[2024-10-13T15:19:41.926+0100] {processor.py:186} INFO - Started process (PID=68292) to work on /opt/homebrew/Caskroom/miniconda/base/envs/airflow_env/lib/python3.9/site-packages/airflow/example_dags/example_workday_timetable.py
[2024-10-13T15:19:41.926+0100] {processor.py:914} INFO - Processing file /opt/homebrew/Caskroom/miniconda/base/envs/airflow_env/lib/python3.9/site-packages/airflow/example_dags/example_workday_timetable.py for tasks to queue
[2024-10-13T15:19:41.927+0100] {logging_mixin.py:190} INFO - [2024-10-13T15:19:41.927+0100] {dagbag.py:588} INFO - Filling up the DagBag from /opt/homebrew/Caskroom/miniconda/base/envs/airflow_env/lib/python3.9/site-packages/airflow/example_dags/example_workday_timetable.py
[2024-10-13T15:19:41.947+0100] {logging_mixin.py:190} INFO - [2024-10-13T15:19:41.947+0100] {workday.py:41} WARNING - Could not import pandas. Holidays will not be considered.
[2024-10-13T15:19:41.950+0100] {processor.py:925} INFO - DAG(s) 'example_workday_timetable' retrieved from /opt/homebrew/Caskroom/miniconda/base/envs/airflow_env/lib/python3.9/site-packages/airflow/example_dags/example_workday_timetable.py
[2024-10-13T15:19:41.980+0100] {logging_mixin.py:190} INFO - [2024-10-13T15:19:41.980+0100] {workday.py:41} WARNING - Could not import pandas. Holidays will not be considered.
[2024-10-13T15:19:41.986+0100] {logging_mixin.py:190} INFO - [2024-10-13T15:19:41.986+0100] {dag.py:3239} INFO - Sync 1 DAGs
[2024-10-13T15:19:41.991+0100] {logging_mixin.py:190} INFO - [2024-10-13T15:19:41.991+0100] {dag.py:4180} INFO - Setting next_dagrun for example_workday_timetable to 2021-01-01 00:00:00+00:00, run_after=2021-01-02 00:00:00+00:00
[2024-10-13T15:19:41.998+0100] {processor.py:208} INFO - Processing /opt/homebrew/Caskroom/miniconda/base/envs/airflow_env/lib/python3.9/site-packages/airflow/example_dags/example_workday_timetable.py took 0.074 seconds
[2024-10-13T15:20:47.617+0100] {processor.py:186} INFO - Started process (PID=68356) to work on /opt/homebrew/Caskroom/miniconda/base/envs/airflow_env/lib/python3.9/site-packages/airflow/example_dags/example_workday_timetable.py
[2024-10-13T15:20:47.617+0100] {processor.py:914} INFO - Processing file /opt/homebrew/Caskroom/miniconda/base/envs/airflow_env/lib/python3.9/site-packages/airflow/example_dags/example_workday_timetable.py for tasks to queue
[2024-10-13T15:20:47.618+0100] {logging_mixin.py:190} INFO - [2024-10-13T15:20:47.617+0100] {dagbag.py:588} INFO - Filling up the DagBag from /opt/homebrew/Caskroom/miniconda/base/envs/airflow_env/lib/python3.9/site-packages/airflow/example_dags/example_workday_timetable.py
[2024-10-13T15:20:47.637+0100] {logging_mixin.py:190} INFO - [2024-10-13T15:20:47.637+0100] {workday.py:41} WARNING - Could not import pandas. Holidays will not be considered.
[2024-10-13T15:20:47.639+0100] {processor.py:925} INFO - DAG(s) 'example_workday_timetable' retrieved from /opt/homebrew/Caskroom/miniconda/base/envs/airflow_env/lib/python3.9/site-packages/airflow/example_dags/example_workday_timetable.py
[2024-10-13T15:20:47.669+0100] {logging_mixin.py:190} INFO - [2024-10-13T15:20:47.669+0100] {workday.py:41} WARNING - Could not import pandas. Holidays will not be considered.
[2024-10-13T15:20:47.675+0100] {logging_mixin.py:190} INFO - [2024-10-13T15:20:47.675+0100] {dag.py:3239} INFO - Sync 1 DAGs
[2024-10-13T15:20:47.681+0100] {logging_mixin.py:190} INFO - [2024-10-13T15:20:47.681+0100] {dag.py:4180} INFO - Setting next_dagrun for example_workday_timetable to 2021-01-01 00:00:00+00:00, run_after=2021-01-02 00:00:00+00:00
[2024-10-13T15:20:47.687+0100] {processor.py:208} INFO - Processing /opt/homebrew/Caskroom/miniconda/base/envs/airflow_env/lib/python3.9/site-packages/airflow/example_dags/example_workday_timetable.py took 0.072 seconds
[2024-10-13T15:21:52.360+0100] {processor.py:186} INFO - Started process (PID=68443) to work on /opt/homebrew/Caskroom/miniconda/base/envs/airflow_env/lib/python3.9/site-packages/airflow/example_dags/example_workday_timetable.py
[2024-10-13T15:21:52.360+0100] {processor.py:914} INFO - Processing file /opt/homebrew/Caskroom/miniconda/base/envs/airflow_env/lib/python3.9/site-packages/airflow/example_dags/example_workday_timetable.py for tasks to queue
[2024-10-13T15:21:52.360+0100] {logging_mixin.py:190} INFO - [2024-10-13T15:21:52.360+0100] {dagbag.py:588} INFO - Filling up the DagBag from /opt/homebrew/Caskroom/miniconda/base/envs/airflow_env/lib/python3.9/site-packages/airflow/example_dags/example_workday_timetable.py
[2024-10-13T15:21:52.380+0100] {logging_mixin.py:190} INFO - [2024-10-13T15:21:52.380+0100] {workday.py:41} WARNING - Could not import pandas. Holidays will not be considered.
[2024-10-13T15:21:52.382+0100] {processor.py:925} INFO - DAG(s) 'example_workday_timetable' retrieved from /opt/homebrew/Caskroom/miniconda/base/envs/airflow_env/lib/python3.9/site-packages/airflow/example_dags/example_workday_timetable.py
[2024-10-13T15:21:52.414+0100] {logging_mixin.py:190} INFO - [2024-10-13T15:21:52.414+0100] {workday.py:41} WARNING - Could not import pandas. Holidays will not be considered.
[2024-10-13T15:21:52.421+0100] {logging_mixin.py:190} INFO - [2024-10-13T15:21:52.420+0100] {dag.py:3239} INFO - Sync 1 DAGs
[2024-10-13T15:21:52.427+0100] {logging_mixin.py:190} INFO - [2024-10-13T15:21:52.427+0100] {dag.py:4180} INFO - Setting next_dagrun for example_workday_timetable to 2021-01-01 00:00:00+00:00, run_after=2021-01-02 00:00:00+00:00
[2024-10-13T15:21:52.433+0100] {processor.py:208} INFO - Processing /opt/homebrew/Caskroom/miniconda/base/envs/airflow_env/lib/python3.9/site-packages/airflow/example_dags/example_workday_timetable.py took 0.076 seconds
[2024-10-13T15:22:54.079+0100] {processor.py:186} INFO - Started process (PID=68564) to work on /opt/homebrew/Caskroom/miniconda/base/envs/airflow_env/lib/python3.9/site-packages/airflow/example_dags/example_workday_timetable.py
[2024-10-13T15:22:54.079+0100] {processor.py:914} INFO - Processing file /opt/homebrew/Caskroom/miniconda/base/envs/airflow_env/lib/python3.9/site-packages/airflow/example_dags/example_workday_timetable.py for tasks to queue
[2024-10-13T15:22:54.080+0100] {logging_mixin.py:190} INFO - [2024-10-13T15:22:54.079+0100] {dagbag.py:588} INFO - Filling up the DagBag from /opt/homebrew/Caskroom/miniconda/base/envs/airflow_env/lib/python3.9/site-packages/airflow/example_dags/example_workday_timetable.py
[2024-10-13T15:22:54.098+0100] {logging_mixin.py:190} INFO - [2024-10-13T15:22:54.098+0100] {workday.py:41} WARNING - Could not import pandas. Holidays will not be considered.
[2024-10-13T15:22:54.100+0100] {processor.py:925} INFO - DAG(s) 'example_workday_timetable' retrieved from /opt/homebrew/Caskroom/miniconda/base/envs/airflow_env/lib/python3.9/site-packages/airflow/example_dags/example_workday_timetable.py
[2024-10-13T15:22:54.130+0100] {logging_mixin.py:190} INFO - [2024-10-13T15:22:54.130+0100] {workday.py:41} WARNING - Could not import pandas. Holidays will not be considered.
[2024-10-13T15:22:54.136+0100] {logging_mixin.py:190} INFO - [2024-10-13T15:22:54.136+0100] {dag.py:3239} INFO - Sync 1 DAGs
[2024-10-13T15:22:54.142+0100] {logging_mixin.py:190} INFO - [2024-10-13T15:22:54.141+0100] {dag.py:4180} INFO - Setting next_dagrun for example_workday_timetable to 2021-01-01 00:00:00+00:00, run_after=2021-01-02 00:00:00+00:00
[2024-10-13T15:22:54.148+0100] {processor.py:208} INFO - Processing /opt/homebrew/Caskroom/miniconda/base/envs/airflow_env/lib/python3.9/site-packages/airflow/example_dags/example_workday_timetable.py took 0.071 seconds
[2024-10-13T15:23:56.342+0100] {processor.py:186} INFO - Started process (PID=68618) to work on /opt/homebrew/Caskroom/miniconda/base/envs/airflow_env/lib/python3.9/site-packages/airflow/example_dags/example_workday_timetable.py
[2024-10-13T15:23:56.342+0100] {processor.py:914} INFO - Processing file /opt/homebrew/Caskroom/miniconda/base/envs/airflow_env/lib/python3.9/site-packages/airflow/example_dags/example_workday_timetable.py for tasks to queue
[2024-10-13T15:23:56.343+0100] {logging_mixin.py:190} INFO - [2024-10-13T15:23:56.342+0100] {dagbag.py:588} INFO - Filling up the DagBag from /opt/homebrew/Caskroom/miniconda/base/envs/airflow_env/lib/python3.9/site-packages/airflow/example_dags/example_workday_timetable.py
[2024-10-13T15:23:56.362+0100] {logging_mixin.py:190} INFO - [2024-10-13T15:23:56.362+0100] {workday.py:41} WARNING - Could not import pandas. Holidays will not be considered.
[2024-10-13T15:23:56.365+0100] {processor.py:925} INFO - DAG(s) 'example_workday_timetable' retrieved from /opt/homebrew/Caskroom/miniconda/base/envs/airflow_env/lib/python3.9/site-packages/airflow/example_dags/example_workday_timetable.py
[2024-10-13T15:23:56.396+0100] {logging_mixin.py:190} INFO - [2024-10-13T15:23:56.395+0100] {workday.py:41} WARNING - Could not import pandas. Holidays will not be considered.
[2024-10-13T15:23:56.402+0100] {logging_mixin.py:190} INFO - [2024-10-13T15:23:56.401+0100] {dag.py:3239} INFO - Sync 1 DAGs
[2024-10-13T15:23:56.407+0100] {logging_mixin.py:190} INFO - [2024-10-13T15:23:56.407+0100] {dag.py:4180} INFO - Setting next_dagrun for example_workday_timetable to 2021-01-01 00:00:00+00:00, run_after=2021-01-02 00:00:00+00:00
[2024-10-13T15:23:56.414+0100] {processor.py:208} INFO - Processing /opt/homebrew/Caskroom/miniconda/base/envs/airflow_env/lib/python3.9/site-packages/airflow/example_dags/example_workday_timetable.py took 0.074 seconds
[2024-10-13T15:25:04.217+0100] {processor.py:186} INFO - Started process (PID=68682) to work on /opt/homebrew/Caskroom/miniconda/base/envs/airflow_env/lib/python3.9/site-packages/airflow/example_dags/example_workday_timetable.py
[2024-10-13T15:25:04.217+0100] {processor.py:914} INFO - Processing file /opt/homebrew/Caskroom/miniconda/base/envs/airflow_env/lib/python3.9/site-packages/airflow/example_dags/example_workday_timetable.py for tasks to queue
[2024-10-13T15:25:04.218+0100] {logging_mixin.py:190} INFO - [2024-10-13T15:25:04.218+0100] {dagbag.py:588} INFO - Filling up the DagBag from /opt/homebrew/Caskroom/miniconda/base/envs/airflow_env/lib/python3.9/site-packages/airflow/example_dags/example_workday_timetable.py
[2024-10-13T15:25:04.237+0100] {logging_mixin.py:190} INFO - [2024-10-13T15:25:04.237+0100] {workday.py:41} WARNING - Could not import pandas. Holidays will not be considered.
[2024-10-13T15:25:04.239+0100] {processor.py:925} INFO - DAG(s) 'example_workday_timetable' retrieved from /opt/homebrew/Caskroom/miniconda/base/envs/airflow_env/lib/python3.9/site-packages/airflow/example_dags/example_workday_timetable.py
[2024-10-13T15:25:04.271+0100] {logging_mixin.py:190} INFO - [2024-10-13T15:25:04.271+0100] {workday.py:41} WARNING - Could not import pandas. Holidays will not be considered.
[2024-10-13T15:25:04.277+0100] {logging_mixin.py:190} INFO - [2024-10-13T15:25:04.276+0100] {dag.py:3239} INFO - Sync 1 DAGs
[2024-10-13T15:25:04.283+0100] {logging_mixin.py:190} INFO - [2024-10-13T15:25:04.283+0100] {dag.py:4180} INFO - Setting next_dagrun for example_workday_timetable to 2021-01-01 00:00:00+00:00, run_after=2021-01-02 00:00:00+00:00
[2024-10-13T15:25:04.289+0100] {processor.py:208} INFO - Processing /opt/homebrew/Caskroom/miniconda/base/envs/airflow_env/lib/python3.9/site-packages/airflow/example_dags/example_workday_timetable.py took 0.074 seconds
[2024-10-13T15:26:07.204+0100] {processor.py:186} INFO - Started process (PID=68791) to work on /opt/homebrew/Caskroom/miniconda/base/envs/airflow_env/lib/python3.9/site-packages/airflow/example_dags/example_workday_timetable.py
[2024-10-13T15:26:07.204+0100] {processor.py:914} INFO - Processing file /opt/homebrew/Caskroom/miniconda/base/envs/airflow_env/lib/python3.9/site-packages/airflow/example_dags/example_workday_timetable.py for tasks to queue
[2024-10-13T15:26:07.205+0100] {logging_mixin.py:190} INFO - [2024-10-13T15:26:07.205+0100] {dagbag.py:588} INFO - Filling up the DagBag from /opt/homebrew/Caskroom/miniconda/base/envs/airflow_env/lib/python3.9/site-packages/airflow/example_dags/example_workday_timetable.py
[2024-10-13T15:26:07.225+0100] {logging_mixin.py:190} INFO - [2024-10-13T15:26:07.225+0100] {workday.py:41} WARNING - Could not import pandas. Holidays will not be considered.
[2024-10-13T15:26:07.227+0100] {processor.py:925} INFO - DAG(s) 'example_workday_timetable' retrieved from /opt/homebrew/Caskroom/miniconda/base/envs/airflow_env/lib/python3.9/site-packages/airflow/example_dags/example_workday_timetable.py
[2024-10-13T15:26:07.259+0100] {logging_mixin.py:190} INFO - [2024-10-13T15:26:07.258+0100] {workday.py:41} WARNING - Could not import pandas. Holidays will not be considered.
[2024-10-13T15:26:07.265+0100] {logging_mixin.py:190} INFO - [2024-10-13T15:26:07.265+0100] {dag.py:3239} INFO - Sync 1 DAGs
[2024-10-13T15:26:07.271+0100] {logging_mixin.py:190} INFO - [2024-10-13T15:26:07.271+0100] {dag.py:4180} INFO - Setting next_dagrun for example_workday_timetable to 2021-01-01 00:00:00+00:00, run_after=2021-01-02 00:00:00+00:00
[2024-10-13T15:26:07.277+0100] {processor.py:208} INFO - Processing /opt/homebrew/Caskroom/miniconda/base/envs/airflow_env/lib/python3.9/site-packages/airflow/example_dags/example_workday_timetable.py took 0.075 seconds
