[2024-10-13T14:09:19.472+0100] {processor.py:186} INFO - Started process (PID=67241) to work on /opt/homebrew/Caskroom/miniconda/base/envs/airflow_env/lib/python3.9/site-packages/airflow/example_dags/example_display_name.py
[2024-10-13T14:09:19.472+0100] {processor.py:914} INFO - Processing file /opt/homebrew/Caskroom/miniconda/base/envs/airflow_env/lib/python3.9/site-packages/airflow/example_dags/example_display_name.py for tasks to queue
[2024-10-13T14:09:19.472+0100] {logging_mixin.py:190} INFO - [2024-10-13T14:09:19.472+0100] {dagbag.py:588} INFO - Filling up the DagBag from /opt/homebrew/Caskroom/miniconda/base/envs/airflow_env/lib/python3.9/site-packages/airflow/example_dags/example_display_name.py
[2024-10-13T14:09:19.504+0100] {processor.py:925} INFO - DAG(s) 'example_display_name' retrieved from /opt/homebrew/Caskroom/miniconda/base/envs/airflow_env/lib/python3.9/site-packages/airflow/example_dags/example_display_name.py
[2024-10-13T14:09:19.567+0100] {logging_mixin.py:190} INFO - [2024-10-13T14:09:19.567+0100] {override.py:1901} INFO - Created Permission View: can delete on DAG:example_display_name
[2024-10-13T14:09:19.571+0100] {logging_mixin.py:190} INFO - [2024-10-13T14:09:19.571+0100] {override.py:1901} INFO - Created Permission View: can read on DAG:example_display_name
[2024-10-13T14:09:19.573+0100] {logging_mixin.py:190} INFO - [2024-10-13T14:09:19.573+0100] {override.py:1901} INFO - Created Permission View: can edit on DAG:example_display_name
[2024-10-13T14:09:19.575+0100] {logging_mixin.py:190} INFO - [2024-10-13T14:09:19.575+0100] {override.py:1901} INFO - Created Permission View: can create on DAG Run:example_display_name
[2024-10-13T14:09:19.577+0100] {logging_mixin.py:190} INFO - [2024-10-13T14:09:19.577+0100] {override.py:1901} INFO - Created Permission View: can read on DAG Run:example_display_name
[2024-10-13T14:09:19.579+0100] {logging_mixin.py:190} INFO - [2024-10-13T14:09:19.579+0100] {override.py:1901} INFO - Created Permission View: can delete on DAG Run:example_display_name
[2024-10-13T14:09:19.582+0100] {logging_mixin.py:190} INFO - [2024-10-13T14:09:19.581+0100] {override.py:1901} INFO - Created Permission View: menu access on DAG Run:example_display_name
[2024-10-13T14:09:19.582+0100] {logging_mixin.py:190} INFO - [2024-10-13T14:09:19.582+0100] {dag.py:3239} INFO - Sync 1 DAGs
[2024-10-13T14:09:19.586+0100] {logging_mixin.py:190} INFO - [2024-10-13T14:09:19.586+0100] {dag.py:3262} INFO - Creating ORM DAG for example_display_name
[2024-10-13T14:09:19.586+0100] {logging_mixin.py:190} INFO - [2024-10-13T14:09:19.586+0100] {dag.py:4180} INFO - Setting next_dagrun for example_display_name to None, run_after=None
[2024-10-13T14:09:19.592+0100] {processor.py:208} INFO - Processing /opt/homebrew/Caskroom/miniconda/base/envs/airflow_env/lib/python3.9/site-packages/airflow/example_dags/example_display_name.py took 0.122 seconds
[2024-10-13T14:11:32.155+0100] {processor.py:186} INFO - Started process (PID=67380) to work on /opt/homebrew/Caskroom/miniconda/base/envs/airflow_env/lib/python3.9/site-packages/airflow/example_dags/example_display_name.py
[2024-10-13T14:11:32.156+0100] {processor.py:914} INFO - Processing file /opt/homebrew/Caskroom/miniconda/base/envs/airflow_env/lib/python3.9/site-packages/airflow/example_dags/example_display_name.py for tasks to queue
[2024-10-13T14:11:32.157+0100] {logging_mixin.py:190} INFO - [2024-10-13T14:11:32.157+0100] {dagbag.py:588} INFO - Filling up the DagBag from /opt/homebrew/Caskroom/miniconda/base/envs/airflow_env/lib/python3.9/site-packages/airflow/example_dags/example_display_name.py
[2024-10-13T14:11:32.190+0100] {processor.py:925} INFO - DAG(s) 'example_display_name' retrieved from /opt/homebrew/Caskroom/miniconda/base/envs/airflow_env/lib/python3.9/site-packages/airflow/example_dags/example_display_name.py
[2024-10-13T14:11:32.225+0100] {logging_mixin.py:190} INFO - [2024-10-13T14:11:32.225+0100] {dag.py:3239} INFO - Sync 1 DAGs
[2024-10-13T14:11:32.229+0100] {logging_mixin.py:190} INFO - [2024-10-13T14:11:32.229+0100] {dag.py:4180} INFO - Setting next_dagrun for example_display_name to None, run_after=None
[2024-10-13T14:11:32.236+0100] {processor.py:208} INFO - Processing /opt/homebrew/Caskroom/miniconda/base/envs/airflow_env/lib/python3.9/site-packages/airflow/example_dags/example_display_name.py took 0.083 seconds
[2024-10-13T14:13:37.402+0100] {processor.py:186} INFO - Started process (PID=67552) to work on /opt/homebrew/Caskroom/miniconda/base/envs/airflow_env/lib/python3.9/site-packages/airflow/example_dags/example_display_name.py
[2024-10-13T14:13:37.402+0100] {processor.py:914} INFO - Processing file /opt/homebrew/Caskroom/miniconda/base/envs/airflow_env/lib/python3.9/site-packages/airflow/example_dags/example_display_name.py for tasks to queue
[2024-10-13T14:13:37.402+0100] {logging_mixin.py:190} INFO - [2024-10-13T14:13:37.402+0100] {dagbag.py:588} INFO - Filling up the DagBag from /opt/homebrew/Caskroom/miniconda/base/envs/airflow_env/lib/python3.9/site-packages/airflow/example_dags/example_display_name.py
[2024-10-13T14:13:37.437+0100] {processor.py:925} INFO - DAG(s) 'example_display_name' retrieved from /opt/homebrew/Caskroom/miniconda/base/envs/airflow_env/lib/python3.9/site-packages/airflow/example_dags/example_display_name.py
[2024-10-13T14:13:37.471+0100] {logging_mixin.py:190} INFO - [2024-10-13T14:13:37.471+0100] {dag.py:3239} INFO - Sync 1 DAGs
[2024-10-13T14:13:37.475+0100] {logging_mixin.py:190} INFO - [2024-10-13T14:13:37.475+0100] {dag.py:4180} INFO - Setting next_dagrun for example_display_name to None, run_after=None
[2024-10-13T14:13:37.482+0100] {processor.py:208} INFO - Processing /opt/homebrew/Caskroom/miniconda/base/envs/airflow_env/lib/python3.9/site-packages/airflow/example_dags/example_display_name.py took 0.083 seconds
[2024-10-13T14:15:49.507+0100] {processor.py:186} INFO - Started process (PID=67672) to work on /opt/homebrew/Caskroom/miniconda/base/envs/airflow_env/lib/python3.9/site-packages/airflow/example_dags/example_display_name.py
[2024-10-13T14:15:49.508+0100] {processor.py:914} INFO - Processing file /opt/homebrew/Caskroom/miniconda/base/envs/airflow_env/lib/python3.9/site-packages/airflow/example_dags/example_display_name.py for tasks to queue
[2024-10-13T14:15:49.509+0100] {logging_mixin.py:190} INFO - [2024-10-13T14:15:49.508+0100] {dagbag.py:588} INFO - Filling up the DagBag from /opt/homebrew/Caskroom/miniconda/base/envs/airflow_env/lib/python3.9/site-packages/airflow/example_dags/example_display_name.py
[2024-10-13T14:15:49.547+0100] {processor.py:925} INFO - DAG(s) 'example_display_name' retrieved from /opt/homebrew/Caskroom/miniconda/base/envs/airflow_env/lib/python3.9/site-packages/airflow/example_dags/example_display_name.py
[2024-10-13T14:15:49.583+0100] {logging_mixin.py:190} INFO - [2024-10-13T14:15:49.583+0100] {dag.py:3239} INFO - Sync 1 DAGs
[2024-10-13T14:15:49.588+0100] {logging_mixin.py:190} INFO - [2024-10-13T14:15:49.587+0100] {dag.py:4180} INFO - Setting next_dagrun for example_display_name to None, run_after=None
[2024-10-13T14:15:49.595+0100] {processor.py:208} INFO - Processing /opt/homebrew/Caskroom/miniconda/base/envs/airflow_env/lib/python3.9/site-packages/airflow/example_dags/example_display_name.py took 0.090 seconds
[2024-10-13T15:09:13.184+0100] {processor.py:186} INFO - Started process (PID=67819) to work on /opt/homebrew/Caskroom/miniconda/base/envs/airflow_env/lib/python3.9/site-packages/airflow/example_dags/example_display_name.py
[2024-10-13T15:09:13.184+0100] {processor.py:914} INFO - Processing file /opt/homebrew/Caskroom/miniconda/base/envs/airflow_env/lib/python3.9/site-packages/airflow/example_dags/example_display_name.py for tasks to queue
[2024-10-13T15:09:13.185+0100] {logging_mixin.py:190} INFO - [2024-10-13T15:09:13.184+0100] {dagbag.py:588} INFO - Filling up the DagBag from /opt/homebrew/Caskroom/miniconda/base/envs/airflow_env/lib/python3.9/site-packages/airflow/example_dags/example_display_name.py
[2024-10-13T15:09:13.256+0100] {processor.py:925} INFO - DAG(s) 'example_display_name' retrieved from /opt/homebrew/Caskroom/miniconda/base/envs/airflow_env/lib/python3.9/site-packages/airflow/example_dags/example_display_name.py
[2024-10-13T15:09:13.329+0100] {logging_mixin.py:190} INFO - [2024-10-13T15:09:13.328+0100] {dag.py:3239} INFO - Sync 1 DAGs
[2024-10-13T15:09:13.334+0100] {logging_mixin.py:190} INFO - [2024-10-13T15:09:13.334+0100] {dag.py:4180} INFO - Setting next_dagrun for example_display_name to None, run_after=None
[2024-10-13T15:09:13.350+0100] {processor.py:208} INFO - Processing /opt/homebrew/Caskroom/miniconda/base/envs/airflow_env/lib/python3.9/site-packages/airflow/example_dags/example_display_name.py took 0.168 seconds
[2024-10-13T15:14:51.909+0100] {processor.py:186} INFO - Started process (PID=68014) to work on /opt/homebrew/Caskroom/miniconda/base/envs/airflow_env/lib/python3.9/site-packages/airflow/example_dags/example_display_name.py
[2024-10-13T15:14:51.909+0100] {processor.py:914} INFO - Processing file /opt/homebrew/Caskroom/miniconda/base/envs/airflow_env/lib/python3.9/site-packages/airflow/example_dags/example_display_name.py for tasks to queue
[2024-10-13T15:14:51.910+0100] {logging_mixin.py:190} INFO - [2024-10-13T15:14:51.909+0100] {dagbag.py:588} INFO - Filling up the DagBag from /opt/homebrew/Caskroom/miniconda/base/envs/airflow_env/lib/python3.9/site-packages/airflow/example_dags/example_display_name.py
[2024-10-13T15:14:51.941+0100] {processor.py:925} INFO - DAG(s) 'example_display_name' retrieved from /opt/homebrew/Caskroom/miniconda/base/envs/airflow_env/lib/python3.9/site-packages/airflow/example_dags/example_display_name.py
[2024-10-13T15:14:51.974+0100] {logging_mixin.py:190} INFO - [2024-10-13T15:14:51.974+0100] {dag.py:3239} INFO - Sync 1 DAGs
[2024-10-13T15:14:51.978+0100] {logging_mixin.py:190} INFO - [2024-10-13T15:14:51.978+0100] {dag.py:4180} INFO - Setting next_dagrun for example_display_name to None, run_after=None
[2024-10-13T15:14:51.984+0100] {processor.py:208} INFO - Processing /opt/homebrew/Caskroom/miniconda/base/envs/airflow_env/lib/python3.9/site-packages/airflow/example_dags/example_display_name.py took 0.077 seconds
[2024-10-13T15:17:03.643+0100] {processor.py:186} INFO - Started process (PID=68130) to work on /opt/homebrew/Caskroom/miniconda/base/envs/airflow_env/lib/python3.9/site-packages/airflow/example_dags/example_display_name.py
[2024-10-13T15:17:03.644+0100] {processor.py:914} INFO - Processing file /opt/homebrew/Caskroom/miniconda/base/envs/airflow_env/lib/python3.9/site-packages/airflow/example_dags/example_display_name.py for tasks to queue
[2024-10-13T15:17:03.644+0100] {logging_mixin.py:190} INFO - [2024-10-13T15:17:03.644+0100] {dagbag.py:588} INFO - Filling up the DagBag from /opt/homebrew/Caskroom/miniconda/base/envs/airflow_env/lib/python3.9/site-packages/airflow/example_dags/example_display_name.py
[2024-10-13T15:17:03.677+0100] {processor.py:925} INFO - DAG(s) 'example_display_name' retrieved from /opt/homebrew/Caskroom/miniconda/base/envs/airflow_env/lib/python3.9/site-packages/airflow/example_dags/example_display_name.py
[2024-10-13T15:17:03.711+0100] {logging_mixin.py:190} INFO - [2024-10-13T15:17:03.710+0100] {dag.py:3239} INFO - Sync 1 DAGs
[2024-10-13T15:17:03.715+0100] {logging_mixin.py:190} INFO - [2024-10-13T15:17:03.715+0100] {dag.py:4180} INFO - Setting next_dagrun for example_display_name to None, run_after=None
[2024-10-13T15:17:03.721+0100] {processor.py:208} INFO - Processing /opt/homebrew/Caskroom/miniconda/base/envs/airflow_env/lib/python3.9/site-packages/airflow/example_dags/example_display_name.py took 0.080 seconds
[2024-10-13T15:19:16.754+0100] {processor.py:186} INFO - Started process (PID=68274) to work on /opt/homebrew/Caskroom/miniconda/base/envs/airflow_env/lib/python3.9/site-packages/airflow/example_dags/example_display_name.py
[2024-10-13T15:19:16.755+0100] {processor.py:914} INFO - Processing file /opt/homebrew/Caskroom/miniconda/base/envs/airflow_env/lib/python3.9/site-packages/airflow/example_dags/example_display_name.py for tasks to queue
[2024-10-13T15:19:16.755+0100] {logging_mixin.py:190} INFO - [2024-10-13T15:19:16.755+0100] {dagbag.py:588} INFO - Filling up the DagBag from /opt/homebrew/Caskroom/miniconda/base/envs/airflow_env/lib/python3.9/site-packages/airflow/example_dags/example_display_name.py
[2024-10-13T15:19:16.786+0100] {processor.py:925} INFO - DAG(s) 'example_display_name' retrieved from /opt/homebrew/Caskroom/miniconda/base/envs/airflow_env/lib/python3.9/site-packages/airflow/example_dags/example_display_name.py
[2024-10-13T15:19:16.819+0100] {logging_mixin.py:190} INFO - [2024-10-13T15:19:16.819+0100] {dag.py:3239} INFO - Sync 1 DAGs
[2024-10-13T15:19:16.824+0100] {logging_mixin.py:190} INFO - [2024-10-13T15:19:16.824+0100] {dag.py:4180} INFO - Setting next_dagrun for example_display_name to None, run_after=None
[2024-10-13T15:19:16.830+0100] {processor.py:208} INFO - Processing /opt/homebrew/Caskroom/miniconda/base/envs/airflow_env/lib/python3.9/site-packages/airflow/example_dags/example_display_name.py took 0.078 seconds
[2024-10-13T15:21:28.832+0100] {processor.py:186} INFO - Started process (PID=68394) to work on /opt/homebrew/Caskroom/miniconda/base/envs/airflow_env/lib/python3.9/site-packages/airflow/example_dags/example_display_name.py
[2024-10-13T15:21:28.832+0100] {processor.py:914} INFO - Processing file /opt/homebrew/Caskroom/miniconda/base/envs/airflow_env/lib/python3.9/site-packages/airflow/example_dags/example_display_name.py for tasks to queue
[2024-10-13T15:21:28.833+0100] {logging_mixin.py:190} INFO - [2024-10-13T15:21:28.833+0100] {dagbag.py:588} INFO - Filling up the DagBag from /opt/homebrew/Caskroom/miniconda/base/envs/airflow_env/lib/python3.9/site-packages/airflow/example_dags/example_display_name.py
[2024-10-13T15:21:28.863+0100] {processor.py:925} INFO - DAG(s) 'example_display_name' retrieved from /opt/homebrew/Caskroom/miniconda/base/envs/airflow_env/lib/python3.9/site-packages/airflow/example_dags/example_display_name.py
[2024-10-13T15:21:28.895+0100] {logging_mixin.py:190} INFO - [2024-10-13T15:21:28.894+0100] {dag.py:3239} INFO - Sync 1 DAGs
[2024-10-13T15:21:28.898+0100] {logging_mixin.py:190} INFO - [2024-10-13T15:21:28.898+0100] {dag.py:4180} INFO - Setting next_dagrun for example_display_name to None, run_after=None
[2024-10-13T15:21:28.904+0100] {processor.py:208} INFO - Processing /opt/homebrew/Caskroom/miniconda/base/envs/airflow_env/lib/python3.9/site-packages/airflow/example_dags/example_display_name.py took 0.074 seconds
[2024-10-13T15:23:34.412+0100] {processor.py:186} INFO - Started process (PID=68600) to work on /opt/homebrew/Caskroom/miniconda/base/envs/airflow_env/lib/python3.9/site-packages/airflow/example_dags/example_display_name.py
[2024-10-13T15:23:34.412+0100] {processor.py:914} INFO - Processing file /opt/homebrew/Caskroom/miniconda/base/envs/airflow_env/lib/python3.9/site-packages/airflow/example_dags/example_display_name.py for tasks to queue
[2024-10-13T15:23:34.413+0100] {logging_mixin.py:190} INFO - [2024-10-13T15:23:34.413+0100] {dagbag.py:588} INFO - Filling up the DagBag from /opt/homebrew/Caskroom/miniconda/base/envs/airflow_env/lib/python3.9/site-packages/airflow/example_dags/example_display_name.py
[2024-10-13T15:23:34.445+0100] {processor.py:925} INFO - DAG(s) 'example_display_name' retrieved from /opt/homebrew/Caskroom/miniconda/base/envs/airflow_env/lib/python3.9/site-packages/airflow/example_dags/example_display_name.py
[2024-10-13T15:23:34.477+0100] {logging_mixin.py:190} INFO - [2024-10-13T15:23:34.477+0100] {dag.py:3239} INFO - Sync 1 DAGs
[2024-10-13T15:23:34.481+0100] {logging_mixin.py:190} INFO - [2024-10-13T15:23:34.481+0100] {dag.py:4180} INFO - Setting next_dagrun for example_display_name to None, run_after=None
[2024-10-13T15:23:34.487+0100] {processor.py:208} INFO - Processing /opt/homebrew/Caskroom/miniconda/base/envs/airflow_env/lib/python3.9/site-packages/airflow/example_dags/example_display_name.py took 0.077 seconds
[2024-10-13T15:25:45.152+0100] {processor.py:186} INFO - Started process (PID=68745) to work on /opt/homebrew/Caskroom/miniconda/base/envs/airflow_env/lib/python3.9/site-packages/airflow/example_dags/example_display_name.py
[2024-10-13T15:25:45.152+0100] {processor.py:914} INFO - Processing file /opt/homebrew/Caskroom/miniconda/base/envs/airflow_env/lib/python3.9/site-packages/airflow/example_dags/example_display_name.py for tasks to queue
[2024-10-13T15:25:45.153+0100] {logging_mixin.py:190} INFO - [2024-10-13T15:25:45.153+0100] {dagbag.py:588} INFO - Filling up the DagBag from /opt/homebrew/Caskroom/miniconda/base/envs/airflow_env/lib/python3.9/site-packages/airflow/example_dags/example_display_name.py
[2024-10-13T15:25:45.182+0100] {processor.py:925} INFO - DAG(s) 'example_display_name' retrieved from /opt/homebrew/Caskroom/miniconda/base/envs/airflow_env/lib/python3.9/site-packages/airflow/example_dags/example_display_name.py
[2024-10-13T15:25:45.215+0100] {logging_mixin.py:190} INFO - [2024-10-13T15:25:45.215+0100] {dag.py:3239} INFO - Sync 1 DAGs
[2024-10-13T15:25:45.219+0100] {logging_mixin.py:190} INFO - [2024-10-13T15:25:45.219+0100] {dag.py:4180} INFO - Setting next_dagrun for example_display_name to None, run_after=None
[2024-10-13T15:25:45.226+0100] {processor.py:208} INFO - Processing /opt/homebrew/Caskroom/miniconda/base/envs/airflow_env/lib/python3.9/site-packages/airflow/example_dags/example_display_name.py took 0.076 seconds
