[2024-10-13T14:09:06.717+0100] {processor.py:186} INFO - Started process (PID=67226) to work on /opt/homebrew/Caskroom/miniconda/base/envs/airflow_env/lib/python3.9/site-packages/airflow/example_dags/example_latest_only_with_trigger.py
[2024-10-13T14:09:06.717+0100] {processor.py:914} INFO - Processing file /opt/homebrew/Caskroom/miniconda/base/envs/airflow_env/lib/python3.9/site-packages/airflow/example_dags/example_latest_only_with_trigger.py for tasks to queue
[2024-10-13T14:09:06.717+0100] {logging_mixin.py:190} INFO - [2024-10-13T14:09:06.717+0100] {dagbag.py:588} INFO - Filling up the DagBag from /opt/homebrew/Caskroom/miniconda/base/envs/airflow_env/lib/python3.9/site-packages/airflow/example_dags/example_latest_only_with_trigger.py
[2024-10-13T14:09:06.738+0100] {processor.py:925} INFO - DAG(s) 'latest_only_with_trigger' retrieved from /opt/homebrew/Caskroom/miniconda/base/envs/airflow_env/lib/python3.9/site-packages/airflow/example_dags/example_latest_only_with_trigger.py
[2024-10-13T14:09:06.805+0100] {logging_mixin.py:190} INFO - [2024-10-13T14:09:06.804+0100] {override.py:1901} INFO - Created Permission View: can delete on DAG:latest_only_with_trigger
[2024-10-13T14:09:06.808+0100] {logging_mixin.py:190} INFO - [2024-10-13T14:09:06.808+0100] {override.py:1901} INFO - Created Permission View: can read on DAG:latest_only_with_trigger
[2024-10-13T14:09:06.811+0100] {logging_mixin.py:190} INFO - [2024-10-13T14:09:06.810+0100] {override.py:1901} INFO - Created Permission View: can edit on DAG:latest_only_with_trigger
[2024-10-13T14:09:06.813+0100] {logging_mixin.py:190} INFO - [2024-10-13T14:09:06.813+0100] {override.py:1901} INFO - Created Permission View: can delete on DAG Run:latest_only_with_trigger
[2024-10-13T14:09:06.816+0100] {logging_mixin.py:190} INFO - [2024-10-13T14:09:06.815+0100] {override.py:1901} INFO - Created Permission View: can read on DAG Run:latest_only_with_trigger
[2024-10-13T14:09:06.817+0100] {logging_mixin.py:190} INFO - [2024-10-13T14:09:06.817+0100] {override.py:1901} INFO - Created Permission View: menu access on DAG Run:latest_only_with_trigger
[2024-10-13T14:09:06.823+0100] {logging_mixin.py:190} INFO - [2024-10-13T14:09:06.823+0100] {override.py:1901} INFO - Created Permission View: can create on DAG Run:latest_only_with_trigger
[2024-10-13T14:09:06.823+0100] {logging_mixin.py:190} INFO - [2024-10-13T14:09:06.823+0100] {dag.py:3239} INFO - Sync 1 DAGs
[2024-10-13T14:09:06.827+0100] {logging_mixin.py:190} INFO - [2024-10-13T14:09:06.827+0100] {dag.py:3262} INFO - Creating ORM DAG for latest_only_with_trigger
[2024-10-13T14:09:06.830+0100] {logging_mixin.py:190} INFO - [2024-10-13T14:09:06.830+0100] {dag.py:4180} INFO - Setting next_dagrun for latest_only_with_trigger to 2024-10-13 08:00:00+00:00, run_after=2024-10-13 12:00:00+00:00
[2024-10-13T14:09:06.836+0100] {processor.py:208} INFO - Processing /opt/homebrew/Caskroom/miniconda/base/envs/airflow_env/lib/python3.9/site-packages/airflow/example_dags/example_latest_only_with_trigger.py took 0.120 seconds
[2024-10-13T14:10:43.926+0100] {processor.py:186} INFO - Started process (PID=67330) to work on /opt/homebrew/Caskroom/miniconda/base/envs/airflow_env/lib/python3.9/site-packages/airflow/example_dags/example_latest_only_with_trigger.py
[2024-10-13T14:10:43.927+0100] {processor.py:914} INFO - Processing file /opt/homebrew/Caskroom/miniconda/base/envs/airflow_env/lib/python3.9/site-packages/airflow/example_dags/example_latest_only_with_trigger.py for tasks to queue
[2024-10-13T14:10:43.928+0100] {logging_mixin.py:190} INFO - [2024-10-13T14:10:43.928+0100] {dagbag.py:588} INFO - Filling up the DagBag from /opt/homebrew/Caskroom/miniconda/base/envs/airflow_env/lib/python3.9/site-packages/airflow/example_dags/example_latest_only_with_trigger.py
[2024-10-13T14:10:43.950+0100] {processor.py:925} INFO - DAG(s) 'latest_only_with_trigger' retrieved from /opt/homebrew/Caskroom/miniconda/base/envs/airflow_env/lib/python3.9/site-packages/airflow/example_dags/example_latest_only_with_trigger.py
[2024-10-13T14:10:43.984+0100] {logging_mixin.py:190} INFO - [2024-10-13T14:10:43.984+0100] {dag.py:3239} INFO - Sync 1 DAGs
[2024-10-13T14:10:43.990+0100] {logging_mixin.py:190} INFO - [2024-10-13T14:10:43.990+0100] {dag.py:4180} INFO - Setting next_dagrun for latest_only_with_trigger to 2024-10-13 08:00:00+00:00, run_after=2024-10-13 12:00:00+00:00
[2024-10-13T14:10:43.997+0100] {processor.py:208} INFO - Processing /opt/homebrew/Caskroom/miniconda/base/envs/airflow_env/lib/python3.9/site-packages/airflow/example_dags/example_latest_only_with_trigger.py took 0.072 seconds
[2024-10-13T14:12:51.111+0100] {processor.py:186} INFO - Started process (PID=67476) to work on /opt/homebrew/Caskroom/miniconda/base/envs/airflow_env/lib/python3.9/site-packages/airflow/example_dags/example_latest_only_with_trigger.py
[2024-10-13T14:12:51.112+0100] {processor.py:914} INFO - Processing file /opt/homebrew/Caskroom/miniconda/base/envs/airflow_env/lib/python3.9/site-packages/airflow/example_dags/example_latest_only_with_trigger.py for tasks to queue
[2024-10-13T14:12:51.112+0100] {logging_mixin.py:190} INFO - [2024-10-13T14:12:51.112+0100] {dagbag.py:588} INFO - Filling up the DagBag from /opt/homebrew/Caskroom/miniconda/base/envs/airflow_env/lib/python3.9/site-packages/airflow/example_dags/example_latest_only_with_trigger.py
[2024-10-13T14:12:51.133+0100] {processor.py:925} INFO - DAG(s) 'latest_only_with_trigger' retrieved from /opt/homebrew/Caskroom/miniconda/base/envs/airflow_env/lib/python3.9/site-packages/airflow/example_dags/example_latest_only_with_trigger.py
[2024-10-13T14:12:51.169+0100] {logging_mixin.py:190} INFO - [2024-10-13T14:12:51.168+0100] {dag.py:3239} INFO - Sync 1 DAGs
[2024-10-13T14:12:51.175+0100] {logging_mixin.py:190} INFO - [2024-10-13T14:12:51.174+0100] {dag.py:4180} INFO - Setting next_dagrun for latest_only_with_trigger to 2024-10-13 08:00:00+00:00, run_after=2024-10-13 12:00:00+00:00
[2024-10-13T14:12:51.181+0100] {processor.py:208} INFO - Processing /opt/homebrew/Caskroom/miniconda/base/envs/airflow_env/lib/python3.9/site-packages/airflow/example_dags/example_latest_only_with_trigger.py took 0.071 seconds
[2024-10-13T14:15:00.537+0100] {processor.py:186} INFO - Started process (PID=67624) to work on /opt/homebrew/Caskroom/miniconda/base/envs/airflow_env/lib/python3.9/site-packages/airflow/example_dags/example_latest_only_with_trigger.py
[2024-10-13T14:15:00.538+0100] {processor.py:914} INFO - Processing file /opt/homebrew/Caskroom/miniconda/base/envs/airflow_env/lib/python3.9/site-packages/airflow/example_dags/example_latest_only_with_trigger.py for tasks to queue
[2024-10-13T14:15:00.538+0100] {logging_mixin.py:190} INFO - [2024-10-13T14:15:00.538+0100] {dagbag.py:588} INFO - Filling up the DagBag from /opt/homebrew/Caskroom/miniconda/base/envs/airflow_env/lib/python3.9/site-packages/airflow/example_dags/example_latest_only_with_trigger.py
[2024-10-13T14:15:00.565+0100] {processor.py:925} INFO - DAG(s) 'latest_only_with_trigger' retrieved from /opt/homebrew/Caskroom/miniconda/base/envs/airflow_env/lib/python3.9/site-packages/airflow/example_dags/example_latest_only_with_trigger.py
[2024-10-13T14:15:00.602+0100] {logging_mixin.py:190} INFO - [2024-10-13T14:15:00.601+0100] {dag.py:3239} INFO - Sync 1 DAGs
[2024-10-13T14:15:00.608+0100] {logging_mixin.py:190} INFO - [2024-10-13T14:15:00.608+0100] {dag.py:4180} INFO - Setting next_dagrun for latest_only_with_trigger to 2024-10-13 08:00:00+00:00, run_after=2024-10-13 12:00:00+00:00
[2024-10-13T14:15:00.615+0100] {processor.py:208} INFO - Processing /opt/homebrew/Caskroom/miniconda/base/envs/airflow_env/lib/python3.9/site-packages/airflow/example_dags/example_latest_only_with_trigger.py took 0.079 seconds
[2024-10-13T14:18:23.243+0100] {processor.py:186} INFO - Started process (PID=67755) to work on /opt/homebrew/Caskroom/miniconda/base/envs/airflow_env/lib/python3.9/site-packages/airflow/example_dags/example_latest_only_with_trigger.py
[2024-10-13T14:18:23.243+0100] {processor.py:914} INFO - Processing file /opt/homebrew/Caskroom/miniconda/base/envs/airflow_env/lib/python3.9/site-packages/airflow/example_dags/example_latest_only_with_trigger.py for tasks to queue
[2024-10-13T14:18:23.244+0100] {logging_mixin.py:190} INFO - [2024-10-13T14:18:23.243+0100] {dagbag.py:588} INFO - Filling up the DagBag from /opt/homebrew/Caskroom/miniconda/base/envs/airflow_env/lib/python3.9/site-packages/airflow/example_dags/example_latest_only_with_trigger.py
[2024-10-13T14:18:23.263+0100] {processor.py:925} INFO - DAG(s) 'latest_only_with_trigger' retrieved from /opt/homebrew/Caskroom/miniconda/base/envs/airflow_env/lib/python3.9/site-packages/airflow/example_dags/example_latest_only_with_trigger.py
[2024-10-13T14:18:23.296+0100] {logging_mixin.py:190} INFO - [2024-10-13T14:18:23.296+0100] {dag.py:3239} INFO - Sync 1 DAGs
[2024-10-13T14:18:23.302+0100] {logging_mixin.py:190} INFO - [2024-10-13T14:18:23.302+0100] {dag.py:4180} INFO - Setting next_dagrun for latest_only_with_trigger to 2024-10-13 08:00:00+00:00, run_after=2024-10-13 12:00:00+00:00
[2024-10-13T14:18:23.308+0100] {processor.py:208} INFO - Processing /opt/homebrew/Caskroom/miniconda/base/envs/airflow_env/lib/python3.9/site-packages/airflow/example_dags/example_latest_only_with_trigger.py took 0.067 seconds
[2024-10-13T15:14:39.207+0100] {processor.py:186} INFO - Started process (PID=67990) to work on /opt/homebrew/Caskroom/miniconda/base/envs/airflow_env/lib/python3.9/site-packages/airflow/example_dags/example_latest_only_with_trigger.py
[2024-10-13T15:14:39.208+0100] {processor.py:914} INFO - Processing file /opt/homebrew/Caskroom/miniconda/base/envs/airflow_env/lib/python3.9/site-packages/airflow/example_dags/example_latest_only_with_trigger.py for tasks to queue
[2024-10-13T15:14:39.208+0100] {logging_mixin.py:190} INFO - [2024-10-13T15:14:39.208+0100] {dagbag.py:588} INFO - Filling up the DagBag from /opt/homebrew/Caskroom/miniconda/base/envs/airflow_env/lib/python3.9/site-packages/airflow/example_dags/example_latest_only_with_trigger.py
[2024-10-13T15:14:39.228+0100] {processor.py:925} INFO - DAG(s) 'latest_only_with_trigger' retrieved from /opt/homebrew/Caskroom/miniconda/base/envs/airflow_env/lib/python3.9/site-packages/airflow/example_dags/example_latest_only_with_trigger.py
[2024-10-13T15:14:39.263+0100] {logging_mixin.py:190} INFO - [2024-10-13T15:14:39.263+0100] {dag.py:3239} INFO - Sync 1 DAGs
[2024-10-13T15:14:39.269+0100] {logging_mixin.py:190} INFO - [2024-10-13T15:14:39.269+0100] {dag.py:4180} INFO - Setting next_dagrun for latest_only_with_trigger to 2024-10-13 08:00:00+00:00, run_after=2024-10-13 12:00:00+00:00
[2024-10-13T15:14:39.275+0100] {processor.py:208} INFO - Processing /opt/homebrew/Caskroom/miniconda/base/envs/airflow_env/lib/python3.9/site-packages/airflow/example_dags/example_latest_only_with_trigger.py took 0.069 seconds
[2024-10-13T15:16:51.066+0100] {processor.py:186} INFO - Started process (PID=68122) to work on /opt/homebrew/Caskroom/miniconda/base/envs/airflow_env/lib/python3.9/site-packages/airflow/example_dags/example_latest_only_with_trigger.py
[2024-10-13T15:16:51.067+0100] {processor.py:914} INFO - Processing file /opt/homebrew/Caskroom/miniconda/base/envs/airflow_env/lib/python3.9/site-packages/airflow/example_dags/example_latest_only_with_trigger.py for tasks to queue
[2024-10-13T15:16:51.067+0100] {logging_mixin.py:190} INFO - [2024-10-13T15:16:51.067+0100] {dagbag.py:588} INFO - Filling up the DagBag from /opt/homebrew/Caskroom/miniconda/base/envs/airflow_env/lib/python3.9/site-packages/airflow/example_dags/example_latest_only_with_trigger.py
[2024-10-13T15:16:51.089+0100] {processor.py:925} INFO - DAG(s) 'latest_only_with_trigger' retrieved from /opt/homebrew/Caskroom/miniconda/base/envs/airflow_env/lib/python3.9/site-packages/airflow/example_dags/example_latest_only_with_trigger.py
[2024-10-13T15:16:51.122+0100] {logging_mixin.py:190} INFO - [2024-10-13T15:16:51.122+0100] {dag.py:3239} INFO - Sync 1 DAGs
[2024-10-13T15:16:51.128+0100] {logging_mixin.py:190} INFO - [2024-10-13T15:16:51.128+0100] {dag.py:4180} INFO - Setting next_dagrun for latest_only_with_trigger to 2024-10-13 08:00:00+00:00, run_after=2024-10-13 12:00:00+00:00
[2024-10-13T15:16:51.134+0100] {processor.py:208} INFO - Processing /opt/homebrew/Caskroom/miniconda/base/envs/airflow_env/lib/python3.9/site-packages/airflow/example_dags/example_latest_only_with_trigger.py took 0.069 seconds
[2024-10-13T15:19:05.809+0100] {processor.py:186} INFO - Started process (PID=68259) to work on /opt/homebrew/Caskroom/miniconda/base/envs/airflow_env/lib/python3.9/site-packages/airflow/example_dags/example_latest_only_with_trigger.py
[2024-10-13T15:19:05.812+0100] {processor.py:914} INFO - Processing file /opt/homebrew/Caskroom/miniconda/base/envs/airflow_env/lib/python3.9/site-packages/airflow/example_dags/example_latest_only_with_trigger.py for tasks to queue
[2024-10-13T15:19:05.812+0100] {logging_mixin.py:190} INFO - [2024-10-13T15:19:05.812+0100] {dagbag.py:588} INFO - Filling up the DagBag from /opt/homebrew/Caskroom/miniconda/base/envs/airflow_env/lib/python3.9/site-packages/airflow/example_dags/example_latest_only_with_trigger.py
[2024-10-13T15:19:05.839+0100] {processor.py:925} INFO - DAG(s) 'latest_only_with_trigger' retrieved from /opt/homebrew/Caskroom/miniconda/base/envs/airflow_env/lib/python3.9/site-packages/airflow/example_dags/example_latest_only_with_trigger.py
[2024-10-13T15:19:05.878+0100] {logging_mixin.py:190} INFO - [2024-10-13T15:19:05.878+0100] {dag.py:3239} INFO - Sync 1 DAGs
[2024-10-13T15:19:05.884+0100] {logging_mixin.py:190} INFO - [2024-10-13T15:19:05.884+0100] {dag.py:4180} INFO - Setting next_dagrun for latest_only_with_trigger to 2024-10-13 08:00:00+00:00, run_after=2024-10-13 12:00:00+00:00
[2024-10-13T15:19:05.893+0100] {processor.py:208} INFO - Processing /opt/homebrew/Caskroom/miniconda/base/envs/airflow_env/lib/python3.9/site-packages/airflow/example_dags/example_latest_only_with_trigger.py took 0.086 seconds
[2024-10-13T15:21:19.242+0100] {processor.py:186} INFO - Started process (PID=68384) to work on /opt/homebrew/Caskroom/miniconda/base/envs/airflow_env/lib/python3.9/site-packages/airflow/example_dags/example_latest_only_with_trigger.py
[2024-10-13T15:21:19.243+0100] {processor.py:914} INFO - Processing file /opt/homebrew/Caskroom/miniconda/base/envs/airflow_env/lib/python3.9/site-packages/airflow/example_dags/example_latest_only_with_trigger.py for tasks to queue
[2024-10-13T15:21:19.243+0100] {logging_mixin.py:190} INFO - [2024-10-13T15:21:19.243+0100] {dagbag.py:588} INFO - Filling up the DagBag from /opt/homebrew/Caskroom/miniconda/base/envs/airflow_env/lib/python3.9/site-packages/airflow/example_dags/example_latest_only_with_trigger.py
[2024-10-13T15:21:19.266+0100] {processor.py:925} INFO - DAG(s) 'latest_only_with_trigger' retrieved from /opt/homebrew/Caskroom/miniconda/base/envs/airflow_env/lib/python3.9/site-packages/airflow/example_dags/example_latest_only_with_trigger.py
[2024-10-13T15:21:19.300+0100] {logging_mixin.py:190} INFO - [2024-10-13T15:21:19.300+0100] {dag.py:3239} INFO - Sync 1 DAGs
[2024-10-13T15:21:19.306+0100] {logging_mixin.py:190} INFO - [2024-10-13T15:21:19.305+0100] {dag.py:4180} INFO - Setting next_dagrun for latest_only_with_trigger to 2024-10-13 08:00:00+00:00, run_after=2024-10-13 12:00:00+00:00
[2024-10-13T15:21:19.312+0100] {processor.py:208} INFO - Processing /opt/homebrew/Caskroom/miniconda/base/envs/airflow_env/lib/python3.9/site-packages/airflow/example_dags/example_latest_only_with_trigger.py took 0.071 seconds
[2024-10-13T15:23:22.723+0100] {processor.py:186} INFO - Started process (PID=68590) to work on /opt/homebrew/Caskroom/miniconda/base/envs/airflow_env/lib/python3.9/site-packages/airflow/example_dags/example_latest_only_with_trigger.py
[2024-10-13T15:23:22.724+0100] {processor.py:914} INFO - Processing file /opt/homebrew/Caskroom/miniconda/base/envs/airflow_env/lib/python3.9/site-packages/airflow/example_dags/example_latest_only_with_trigger.py for tasks to queue
[2024-10-13T15:23:22.724+0100] {logging_mixin.py:190} INFO - [2024-10-13T15:23:22.724+0100] {dagbag.py:588} INFO - Filling up the DagBag from /opt/homebrew/Caskroom/miniconda/base/envs/airflow_env/lib/python3.9/site-packages/airflow/example_dags/example_latest_only_with_trigger.py
[2024-10-13T15:23:22.748+0100] {processor.py:925} INFO - DAG(s) 'latest_only_with_trigger' retrieved from /opt/homebrew/Caskroom/miniconda/base/envs/airflow_env/lib/python3.9/site-packages/airflow/example_dags/example_latest_only_with_trigger.py
[2024-10-13T15:23:22.782+0100] {logging_mixin.py:190} INFO - [2024-10-13T15:23:22.781+0100] {dag.py:3239} INFO - Sync 1 DAGs
[2024-10-13T15:23:22.787+0100] {logging_mixin.py:190} INFO - [2024-10-13T15:23:22.787+0100] {dag.py:4180} INFO - Setting next_dagrun for latest_only_with_trigger to 2024-10-13 08:00:00+00:00, run_after=2024-10-13 12:00:00+00:00
[2024-10-13T15:23:22.794+0100] {processor.py:208} INFO - Processing /opt/homebrew/Caskroom/miniconda/base/envs/airflow_env/lib/python3.9/site-packages/airflow/example_dags/example_latest_only_with_trigger.py took 0.073 seconds
[2024-10-13T15:25:33.966+0100] {processor.py:186} INFO - Started process (PID=68717) to work on /opt/homebrew/Caskroom/miniconda/base/envs/airflow_env/lib/python3.9/site-packages/airflow/example_dags/example_latest_only_with_trigger.py
[2024-10-13T15:25:33.967+0100] {processor.py:914} INFO - Processing file /opt/homebrew/Caskroom/miniconda/base/envs/airflow_env/lib/python3.9/site-packages/airflow/example_dags/example_latest_only_with_trigger.py for tasks to queue
[2024-10-13T15:25:33.967+0100] {logging_mixin.py:190} INFO - [2024-10-13T15:25:33.967+0100] {dagbag.py:588} INFO - Filling up the DagBag from /opt/homebrew/Caskroom/miniconda/base/envs/airflow_env/lib/python3.9/site-packages/airflow/example_dags/example_latest_only_with_trigger.py
[2024-10-13T15:25:33.989+0100] {processor.py:925} INFO - DAG(s) 'latest_only_with_trigger' retrieved from /opt/homebrew/Caskroom/miniconda/base/envs/airflow_env/lib/python3.9/site-packages/airflow/example_dags/example_latest_only_with_trigger.py
[2024-10-13T15:25:34.022+0100] {logging_mixin.py:190} INFO - [2024-10-13T15:25:34.022+0100] {dag.py:3239} INFO - Sync 1 DAGs
[2024-10-13T15:25:34.028+0100] {logging_mixin.py:190} INFO - [2024-10-13T15:25:34.028+0100] {dag.py:4180} INFO - Setting next_dagrun for latest_only_with_trigger to 2024-10-13 08:00:00+00:00, run_after=2024-10-13 12:00:00+00:00
[2024-10-13T15:25:34.034+0100] {processor.py:208} INFO - Processing /opt/homebrew/Caskroom/miniconda/base/envs/airflow_env/lib/python3.9/site-packages/airflow/example_dags/example_latest_only_with_trigger.py took 0.069 seconds
