[2024-10-13T14:08:37.894+0100] {processor.py:186} INFO - Started process (PID=67193) to work on /opt/homebrew/Caskroom/miniconda/base/envs/airflow_env/lib/python3.9/site-packages/airflow/example_dags/example_sla_dag.py
[2024-10-13T14:08:37.895+0100] {processor.py:914} INFO - Processing file /opt/homebrew/Caskroom/miniconda/base/envs/airflow_env/lib/python3.9/site-packages/airflow/example_dags/example_sla_dag.py for tasks to queue
[2024-10-13T14:08:37.895+0100] {logging_mixin.py:190} INFO - [2024-10-13T14:08:37.895+0100] {dagbag.py:588} INFO - Filling up the DagBag from /opt/homebrew/Caskroom/miniconda/base/envs/airflow_env/lib/python3.9/site-packages/airflow/example_dags/example_sla_dag.py
[2024-10-13T14:08:37.929+0100] {processor.py:925} INFO - DAG(s) 'example_sla_dag' retrieved from /opt/homebrew/Caskroom/miniconda/base/envs/airflow_env/lib/python3.9/site-packages/airflow/example_dags/example_sla_dag.py
[2024-10-13T14:08:37.997+0100] {logging_mixin.py:190} INFO - [2024-10-13T14:08:37.997+0100] {override.py:1901} INFO - Created Permission View: can edit on DAG:example_sla_dag
[2024-10-13T14:08:38.000+0100] {logging_mixin.py:190} INFO - [2024-10-13T14:08:38.000+0100] {override.py:1901} INFO - Created Permission View: can delete on DAG:example_sla_dag
[2024-10-13T14:08:38.002+0100] {logging_mixin.py:190} INFO - [2024-10-13T14:08:38.002+0100] {override.py:1901} INFO - Created Permission View: can read on DAG:example_sla_dag
[2024-10-13T14:08:38.005+0100] {logging_mixin.py:190} INFO - [2024-10-13T14:08:38.005+0100] {override.py:1901} INFO - Created Permission View: can create on DAG Run:example_sla_dag
[2024-10-13T14:08:38.007+0100] {logging_mixin.py:190} INFO - [2024-10-13T14:08:38.007+0100] {override.py:1901} INFO - Created Permission View: can delete on DAG Run:example_sla_dag
[2024-10-13T14:08:38.009+0100] {logging_mixin.py:190} INFO - [2024-10-13T14:08:38.009+0100] {override.py:1901} INFO - Created Permission View: can read on DAG Run:example_sla_dag
[2024-10-13T14:08:38.011+0100] {logging_mixin.py:190} INFO - [2024-10-13T14:08:38.011+0100] {override.py:1901} INFO - Created Permission View: menu access on DAG Run:example_sla_dag
[2024-10-13T14:08:38.012+0100] {logging_mixin.py:190} INFO - [2024-10-13T14:08:38.011+0100] {dag.py:3239} INFO - Sync 1 DAGs
[2024-10-13T14:08:38.016+0100] {logging_mixin.py:190} INFO - [2024-10-13T14:08:38.016+0100] {dag.py:3262} INFO - Creating ORM DAG for example_sla_dag
[2024-10-13T14:08:38.020+0100] {logging_mixin.py:190} INFO - [2024-10-13T14:08:38.020+0100] {dag.py:4180} INFO - Setting next_dagrun for example_sla_dag to 2024-10-13 13:06:00+00:00, run_after=2024-10-13 13:08:00+00:00
[2024-10-13T14:08:38.025+0100] {processor.py:208} INFO - Processing /opt/homebrew/Caskroom/miniconda/base/envs/airflow_env/lib/python3.9/site-packages/airflow/example_dags/example_sla_dag.py took 0.133 seconds
[2024-10-13T14:10:16.758+0100] {processor.py:186} INFO - Started process (PID=67301) to work on /opt/homebrew/Caskroom/miniconda/base/envs/airflow_env/lib/python3.9/site-packages/airflow/example_dags/example_sla_dag.py
[2024-10-13T14:10:16.759+0100] {processor.py:914} INFO - Processing file /opt/homebrew/Caskroom/miniconda/base/envs/airflow_env/lib/python3.9/site-packages/airflow/example_dags/example_sla_dag.py for tasks to queue
[2024-10-13T14:10:16.759+0100] {logging_mixin.py:190} INFO - [2024-10-13T14:10:16.759+0100] {dagbag.py:588} INFO - Filling up the DagBag from /opt/homebrew/Caskroom/miniconda/base/envs/airflow_env/lib/python3.9/site-packages/airflow/example_dags/example_sla_dag.py
[2024-10-13T14:10:16.797+0100] {processor.py:925} INFO - DAG(s) 'example_sla_dag' retrieved from /opt/homebrew/Caskroom/miniconda/base/envs/airflow_env/lib/python3.9/site-packages/airflow/example_dags/example_sla_dag.py
[2024-10-13T14:10:16.833+0100] {logging_mixin.py:190} INFO - [2024-10-13T14:10:16.833+0100] {dag.py:3239} INFO - Sync 1 DAGs
[2024-10-13T14:10:16.841+0100] {logging_mixin.py:190} INFO - [2024-10-13T14:10:16.841+0100] {dag.py:4180} INFO - Setting next_dagrun for example_sla_dag to 2024-10-13 13:08:00+00:00, run_after=2024-10-13 13:10:00+00:00
[2024-10-13T14:10:16.849+0100] {processor.py:208} INFO - Processing /opt/homebrew/Caskroom/miniconda/base/envs/airflow_env/lib/python3.9/site-packages/airflow/example_dags/example_sla_dag.py took 0.093 seconds
[2024-10-13T14:11:22.742+0100] {processor.py:186} INFO - Started process (PID=67374) to work on /opt/homebrew/Caskroom/miniconda/base/envs/airflow_env/lib/python3.9/site-packages/airflow/example_dags/example_sla_dag.py
[2024-10-13T14:11:22.745+0100] {processor.py:914} INFO - Processing file /opt/homebrew/Caskroom/miniconda/base/envs/airflow_env/lib/python3.9/site-packages/airflow/example_dags/example_sla_dag.py for tasks to queue
[2024-10-13T14:11:22.745+0100] {logging_mixin.py:190} INFO - [2024-10-13T14:11:22.745+0100] {dagbag.py:588} INFO - Filling up the DagBag from /opt/homebrew/Caskroom/miniconda/base/envs/airflow_env/lib/python3.9/site-packages/airflow/example_dags/example_sla_dag.py
[2024-10-13T14:11:22.781+0100] {processor.py:925} INFO - DAG(s) 'example_sla_dag' retrieved from /opt/homebrew/Caskroom/miniconda/base/envs/airflow_env/lib/python3.9/site-packages/airflow/example_dags/example_sla_dag.py
[2024-10-13T14:11:22.815+0100] {logging_mixin.py:190} INFO - [2024-10-13T14:11:22.815+0100] {dag.py:3239} INFO - Sync 1 DAGs
[2024-10-13T14:11:22.823+0100] {logging_mixin.py:190} INFO - [2024-10-13T14:11:22.823+0100] {dag.py:4180} INFO - Setting next_dagrun for example_sla_dag to 2024-10-13 13:08:00+00:00, run_after=2024-10-13 13:10:00+00:00
[2024-10-13T14:11:22.829+0100] {processor.py:208} INFO - Processing /opt/homebrew/Caskroom/miniconda/base/envs/airflow_env/lib/python3.9/site-packages/airflow/example_dags/example_sla_dag.py took 0.089 seconds
[2024-10-13T14:12:26.204+0100] {processor.py:186} INFO - Started process (PID=67453) to work on /opt/homebrew/Caskroom/miniconda/base/envs/airflow_env/lib/python3.9/site-packages/airflow/example_dags/example_sla_dag.py
[2024-10-13T14:12:26.205+0100] {processor.py:914} INFO - Processing file /opt/homebrew/Caskroom/miniconda/base/envs/airflow_env/lib/python3.9/site-packages/airflow/example_dags/example_sla_dag.py for tasks to queue
[2024-10-13T14:12:26.205+0100] {logging_mixin.py:190} INFO - [2024-10-13T14:12:26.205+0100] {dagbag.py:588} INFO - Filling up the DagBag from /opt/homebrew/Caskroom/miniconda/base/envs/airflow_env/lib/python3.9/site-packages/airflow/example_dags/example_sla_dag.py
[2024-10-13T14:12:26.244+0100] {processor.py:925} INFO - DAG(s) 'example_sla_dag' retrieved from /opt/homebrew/Caskroom/miniconda/base/envs/airflow_env/lib/python3.9/site-packages/airflow/example_dags/example_sla_dag.py
[2024-10-13T14:12:26.279+0100] {logging_mixin.py:190} INFO - [2024-10-13T14:12:26.279+0100] {dag.py:3239} INFO - Sync 1 DAGs
[2024-10-13T14:12:26.287+0100] {logging_mixin.py:190} INFO - [2024-10-13T14:12:26.286+0100] {dag.py:4180} INFO - Setting next_dagrun for example_sla_dag to 2024-10-13 13:10:00+00:00, run_after=2024-10-13 13:12:00+00:00
[2024-10-13T14:12:26.293+0100] {processor.py:208} INFO - Processing /opt/homebrew/Caskroom/miniconda/base/envs/airflow_env/lib/python3.9/site-packages/airflow/example_dags/example_sla_dag.py took 0.091 seconds
[2024-10-13T14:13:27.958+0100] {processor.py:186} INFO - Started process (PID=67542) to work on /opt/homebrew/Caskroom/miniconda/base/envs/airflow_env/lib/python3.9/site-packages/airflow/example_dags/example_sla_dag.py
[2024-10-13T14:13:27.958+0100] {processor.py:914} INFO - Processing file /opt/homebrew/Caskroom/miniconda/base/envs/airflow_env/lib/python3.9/site-packages/airflow/example_dags/example_sla_dag.py for tasks to queue
[2024-10-13T14:13:27.959+0100] {logging_mixin.py:190} INFO - [2024-10-13T14:13:27.959+0100] {dagbag.py:588} INFO - Filling up the DagBag from /opt/homebrew/Caskroom/miniconda/base/envs/airflow_env/lib/python3.9/site-packages/airflow/example_dags/example_sla_dag.py
[2024-10-13T14:13:27.992+0100] {processor.py:925} INFO - DAG(s) 'example_sla_dag' retrieved from /opt/homebrew/Caskroom/miniconda/base/envs/airflow_env/lib/python3.9/site-packages/airflow/example_dags/example_sla_dag.py
[2024-10-13T14:13:28.026+0100] {logging_mixin.py:190} INFO - [2024-10-13T14:13:28.026+0100] {dag.py:3239} INFO - Sync 1 DAGs
[2024-10-13T14:13:28.036+0100] {logging_mixin.py:190} INFO - [2024-10-13T14:13:28.036+0100] {dag.py:4180} INFO - Setting next_dagrun for example_sla_dag to 2024-10-13 13:10:00+00:00, run_after=2024-10-13 13:12:00+00:00
[2024-10-13T14:13:28.042+0100] {processor.py:208} INFO - Processing /opt/homebrew/Caskroom/miniconda/base/envs/airflow_env/lib/python3.9/site-packages/airflow/example_dags/example_sla_dag.py took 0.087 seconds
[2024-10-13T14:14:33.528+0100] {processor.py:186} INFO - Started process (PID=67603) to work on /opt/homebrew/Caskroom/miniconda/base/envs/airflow_env/lib/python3.9/site-packages/airflow/example_dags/example_sla_dag.py
[2024-10-13T14:14:33.529+0100] {processor.py:914} INFO - Processing file /opt/homebrew/Caskroom/miniconda/base/envs/airflow_env/lib/python3.9/site-packages/airflow/example_dags/example_sla_dag.py for tasks to queue
[2024-10-13T14:14:33.529+0100] {logging_mixin.py:190} INFO - [2024-10-13T14:14:33.529+0100] {dagbag.py:588} INFO - Filling up the DagBag from /opt/homebrew/Caskroom/miniconda/base/envs/airflow_env/lib/python3.9/site-packages/airflow/example_dags/example_sla_dag.py
[2024-10-13T14:14:33.561+0100] {processor.py:925} INFO - DAG(s) 'example_sla_dag' retrieved from /opt/homebrew/Caskroom/miniconda/base/envs/airflow_env/lib/python3.9/site-packages/airflow/example_dags/example_sla_dag.py
[2024-10-13T14:14:33.595+0100] {logging_mixin.py:190} INFO - [2024-10-13T14:14:33.595+0100] {dag.py:3239} INFO - Sync 1 DAGs
[2024-10-13T14:14:33.604+0100] {logging_mixin.py:190} INFO - [2024-10-13T14:14:33.604+0100] {dag.py:4180} INFO - Setting next_dagrun for example_sla_dag to 2024-10-13 13:12:00+00:00, run_after=2024-10-13 13:14:00+00:00
[2024-10-13T14:14:33.610+0100] {processor.py:208} INFO - Processing /opt/homebrew/Caskroom/miniconda/base/envs/airflow_env/lib/python3.9/site-packages/airflow/example_dags/example_sla_dag.py took 0.084 seconds
[2024-10-13T14:15:39.444+0100] {processor.py:186} INFO - Started process (PID=67665) to work on /opt/homebrew/Caskroom/miniconda/base/envs/airflow_env/lib/python3.9/site-packages/airflow/example_dags/example_sla_dag.py
[2024-10-13T14:15:39.445+0100] {processor.py:914} INFO - Processing file /opt/homebrew/Caskroom/miniconda/base/envs/airflow_env/lib/python3.9/site-packages/airflow/example_dags/example_sla_dag.py for tasks to queue
[2024-10-13T14:15:39.445+0100] {logging_mixin.py:190} INFO - [2024-10-13T14:15:39.445+0100] {dagbag.py:588} INFO - Filling up the DagBag from /opt/homebrew/Caskroom/miniconda/base/envs/airflow_env/lib/python3.9/site-packages/airflow/example_dags/example_sla_dag.py
[2024-10-13T14:15:39.478+0100] {processor.py:925} INFO - DAG(s) 'example_sla_dag' retrieved from /opt/homebrew/Caskroom/miniconda/base/envs/airflow_env/lib/python3.9/site-packages/airflow/example_dags/example_sla_dag.py
[2024-10-13T14:15:39.516+0100] {logging_mixin.py:190} INFO - [2024-10-13T14:15:39.516+0100] {dag.py:3239} INFO - Sync 1 DAGs
[2024-10-13T14:15:39.525+0100] {logging_mixin.py:190} INFO - [2024-10-13T14:15:39.525+0100] {dag.py:4180} INFO - Setting next_dagrun for example_sla_dag to 2024-10-13 13:12:00+00:00, run_after=2024-10-13 13:14:00+00:00
[2024-10-13T14:15:39.532+0100] {processor.py:208} INFO - Processing /opt/homebrew/Caskroom/miniconda/base/envs/airflow_env/lib/python3.9/site-packages/airflow/example_dags/example_sla_dag.py took 0.090 seconds
[2024-10-13T14:16:46.642+0100] {processor.py:186} INFO - Started process (PID=67727) to work on /opt/homebrew/Caskroom/miniconda/base/envs/airflow_env/lib/python3.9/site-packages/airflow/example_dags/example_sla_dag.py
[2024-10-13T14:16:46.642+0100] {processor.py:914} INFO - Processing file /opt/homebrew/Caskroom/miniconda/base/envs/airflow_env/lib/python3.9/site-packages/airflow/example_dags/example_sla_dag.py for tasks to queue
[2024-10-13T14:16:46.642+0100] {logging_mixin.py:190} INFO - [2024-10-13T14:16:46.642+0100] {dagbag.py:588} INFO - Filling up the DagBag from /opt/homebrew/Caskroom/miniconda/base/envs/airflow_env/lib/python3.9/site-packages/airflow/example_dags/example_sla_dag.py
[2024-10-13T14:16:46.675+0100] {processor.py:925} INFO - DAG(s) 'example_sla_dag' retrieved from /opt/homebrew/Caskroom/miniconda/base/envs/airflow_env/lib/python3.9/site-packages/airflow/example_dags/example_sla_dag.py
[2024-10-13T14:16:46.708+0100] {logging_mixin.py:190} INFO - [2024-10-13T14:16:46.708+0100] {dag.py:3239} INFO - Sync 1 DAGs
[2024-10-13T14:16:46.715+0100] {logging_mixin.py:190} INFO - [2024-10-13T14:16:46.715+0100] {dag.py:4180} INFO - Setting next_dagrun for example_sla_dag to 2024-10-13 13:14:00+00:00, run_after=2024-10-13 13:16:00+00:00
[2024-10-13T14:16:46.722+0100] {processor.py:208} INFO - Processing /opt/homebrew/Caskroom/miniconda/base/envs/airflow_env/lib/python3.9/site-packages/airflow/example_dags/example_sla_dag.py took 0.082 seconds
[2024-10-13T14:19:51.514+0100] {processor.py:186} INFO - Started process (PID=67790) to work on /opt/homebrew/Caskroom/miniconda/base/envs/airflow_env/lib/python3.9/site-packages/airflow/example_dags/example_sla_dag.py
[2024-10-13T14:19:51.515+0100] {processor.py:914} INFO - Processing file /opt/homebrew/Caskroom/miniconda/base/envs/airflow_env/lib/python3.9/site-packages/airflow/example_dags/example_sla_dag.py for tasks to queue
[2024-10-13T14:19:51.515+0100] {logging_mixin.py:190} INFO - [2024-10-13T14:19:51.515+0100] {dagbag.py:588} INFO - Filling up the DagBag from /opt/homebrew/Caskroom/miniconda/base/envs/airflow_env/lib/python3.9/site-packages/airflow/example_dags/example_sla_dag.py
[2024-10-13T14:19:51.544+0100] {processor.py:925} INFO - DAG(s) 'example_sla_dag' retrieved from /opt/homebrew/Caskroom/miniconda/base/envs/airflow_env/lib/python3.9/site-packages/airflow/example_dags/example_sla_dag.py
[2024-10-13T14:19:51.575+0100] {logging_mixin.py:190} INFO - [2024-10-13T14:19:51.575+0100] {dag.py:3239} INFO - Sync 1 DAGs
[2024-10-13T14:19:51.582+0100] {logging_mixin.py:190} INFO - [2024-10-13T14:19:51.582+0100] {dag.py:4180} INFO - Setting next_dagrun for example_sla_dag to 2024-10-13 13:16:00+00:00, run_after=2024-10-13 13:18:00+00:00
[2024-10-13T14:19:51.588+0100] {processor.py:208} INFO - Processing /opt/homebrew/Caskroom/miniconda/base/envs/airflow_env/lib/python3.9/site-packages/airflow/example_dags/example_sla_dag.py took 0.075 seconds
[2024-10-13T15:14:13.967+0100] {processor.py:186} INFO - Started process (PID=67963) to work on /opt/homebrew/Caskroom/miniconda/base/envs/airflow_env/lib/python3.9/site-packages/airflow/example_dags/example_sla_dag.py
[2024-10-13T15:14:13.967+0100] {processor.py:914} INFO - Processing file /opt/homebrew/Caskroom/miniconda/base/envs/airflow_env/lib/python3.9/site-packages/airflow/example_dags/example_sla_dag.py for tasks to queue
[2024-10-13T15:14:13.967+0100] {logging_mixin.py:190} INFO - [2024-10-13T15:14:13.967+0100] {dagbag.py:588} INFO - Filling up the DagBag from /opt/homebrew/Caskroom/miniconda/base/envs/airflow_env/lib/python3.9/site-packages/airflow/example_dags/example_sla_dag.py
[2024-10-13T15:14:14.001+0100] {processor.py:925} INFO - DAG(s) 'example_sla_dag' retrieved from /opt/homebrew/Caskroom/miniconda/base/envs/airflow_env/lib/python3.9/site-packages/airflow/example_dags/example_sla_dag.py
[2024-10-13T15:14:14.033+0100] {logging_mixin.py:190} INFO - [2024-10-13T15:14:14.033+0100] {dag.py:3239} INFO - Sync 1 DAGs
[2024-10-13T15:14:14.040+0100] {logging_mixin.py:190} INFO - [2024-10-13T15:14:14.040+0100] {dag.py:4180} INFO - Setting next_dagrun for example_sla_dag to 2024-10-13 14:12:00+00:00, run_after=2024-10-13 14:14:00+00:00
[2024-10-13T15:14:14.046+0100] {processor.py:208} INFO - Processing /opt/homebrew/Caskroom/miniconda/base/envs/airflow_env/lib/python3.9/site-packages/airflow/example_dags/example_sla_dag.py took 0.081 seconds
[2024-10-13T15:15:29.291+0100] {processor.py:186} INFO - Started process (PID=68047) to work on /opt/homebrew/Caskroom/miniconda/base/envs/airflow_env/lib/python3.9/site-packages/airflow/example_dags/example_sla_dag.py
[2024-10-13T15:15:29.291+0100] {processor.py:914} INFO - Processing file /opt/homebrew/Caskroom/miniconda/base/envs/airflow_env/lib/python3.9/site-packages/airflow/example_dags/example_sla_dag.py for tasks to queue
[2024-10-13T15:15:29.292+0100] {logging_mixin.py:190} INFO - [2024-10-13T15:15:29.292+0100] {dagbag.py:588} INFO - Filling up the DagBag from /opt/homebrew/Caskroom/miniconda/base/envs/airflow_env/lib/python3.9/site-packages/airflow/example_dags/example_sla_dag.py
[2024-10-13T15:15:29.326+0100] {processor.py:925} INFO - DAG(s) 'example_sla_dag' retrieved from /opt/homebrew/Caskroom/miniconda/base/envs/airflow_env/lib/python3.9/site-packages/airflow/example_dags/example_sla_dag.py
[2024-10-13T15:15:29.360+0100] {logging_mixin.py:190} INFO - [2024-10-13T15:15:29.359+0100] {dag.py:3239} INFO - Sync 1 DAGs
[2024-10-13T15:15:29.367+0100] {logging_mixin.py:190} INFO - [2024-10-13T15:15:29.367+0100] {dag.py:4180} INFO - Setting next_dagrun for example_sla_dag to 2024-10-13 14:12:00+00:00, run_after=2024-10-13 14:14:00+00:00
[2024-10-13T15:15:29.373+0100] {processor.py:208} INFO - Processing /opt/homebrew/Caskroom/miniconda/base/envs/airflow_env/lib/python3.9/site-packages/airflow/example_dags/example_sla_dag.py took 0.084 seconds
[2024-10-13T15:16:33.972+0100] {processor.py:186} INFO - Started process (PID=68098) to work on /opt/homebrew/Caskroom/miniconda/base/envs/airflow_env/lib/python3.9/site-packages/airflow/example_dags/example_sla_dag.py
[2024-10-13T15:16:33.973+0100] {processor.py:914} INFO - Processing file /opt/homebrew/Caskroom/miniconda/base/envs/airflow_env/lib/python3.9/site-packages/airflow/example_dags/example_sla_dag.py for tasks to queue
[2024-10-13T15:16:33.973+0100] {logging_mixin.py:190} INFO - [2024-10-13T15:16:33.973+0100] {dagbag.py:588} INFO - Filling up the DagBag from /opt/homebrew/Caskroom/miniconda/base/envs/airflow_env/lib/python3.9/site-packages/airflow/example_dags/example_sla_dag.py
[2024-10-13T15:16:34.004+0100] {processor.py:925} INFO - DAG(s) 'example_sla_dag' retrieved from /opt/homebrew/Caskroom/miniconda/base/envs/airflow_env/lib/python3.9/site-packages/airflow/example_dags/example_sla_dag.py
[2024-10-13T15:16:34.036+0100] {logging_mixin.py:190} INFO - [2024-10-13T15:16:34.036+0100] {dag.py:3239} INFO - Sync 1 DAGs
[2024-10-13T15:16:34.044+0100] {logging_mixin.py:190} INFO - [2024-10-13T15:16:34.044+0100] {dag.py:4180} INFO - Setting next_dagrun for example_sla_dag to 2024-10-13 14:14:00+00:00, run_after=2024-10-13 14:16:00+00:00
[2024-10-13T15:16:34.050+0100] {processor.py:208} INFO - Processing /opt/homebrew/Caskroom/miniconda/base/envs/airflow_env/lib/python3.9/site-packages/airflow/example_dags/example_sla_dag.py took 0.079 seconds
[2024-10-13T15:17:38.440+0100] {processor.py:186} INFO - Started process (PID=68167) to work on /opt/homebrew/Caskroom/miniconda/base/envs/airflow_env/lib/python3.9/site-packages/airflow/example_dags/example_sla_dag.py
[2024-10-13T15:17:38.441+0100] {processor.py:914} INFO - Processing file /opt/homebrew/Caskroom/miniconda/base/envs/airflow_env/lib/python3.9/site-packages/airflow/example_dags/example_sla_dag.py for tasks to queue
[2024-10-13T15:17:38.441+0100] {logging_mixin.py:190} INFO - [2024-10-13T15:17:38.441+0100] {dagbag.py:588} INFO - Filling up the DagBag from /opt/homebrew/Caskroom/miniconda/base/envs/airflow_env/lib/python3.9/site-packages/airflow/example_dags/example_sla_dag.py
[2024-10-13T15:17:38.473+0100] {processor.py:925} INFO - DAG(s) 'example_sla_dag' retrieved from /opt/homebrew/Caskroom/miniconda/base/envs/airflow_env/lib/python3.9/site-packages/airflow/example_dags/example_sla_dag.py
[2024-10-13T15:17:38.506+0100] {logging_mixin.py:190} INFO - [2024-10-13T15:17:38.505+0100] {dag.py:3239} INFO - Sync 1 DAGs
[2024-10-13T15:17:38.513+0100] {logging_mixin.py:190} INFO - [2024-10-13T15:17:38.513+0100] {dag.py:4180} INFO - Setting next_dagrun for example_sla_dag to 2024-10-13 14:14:00+00:00, run_after=2024-10-13 14:16:00+00:00
[2024-10-13T15:17:38.518+0100] {processor.py:208} INFO - Processing /opt/homebrew/Caskroom/miniconda/base/envs/airflow_env/lib/python3.9/site-packages/airflow/example_dags/example_sla_dag.py took 0.080 seconds
[2024-10-13T15:18:46.754+0100] {processor.py:186} INFO - Started process (PID=68238) to work on /opt/homebrew/Caskroom/miniconda/base/envs/airflow_env/lib/python3.9/site-packages/airflow/example_dags/example_sla_dag.py
[2024-10-13T15:18:46.754+0100] {processor.py:914} INFO - Processing file /opt/homebrew/Caskroom/miniconda/base/envs/airflow_env/lib/python3.9/site-packages/airflow/example_dags/example_sla_dag.py for tasks to queue
[2024-10-13T15:18:46.755+0100] {logging_mixin.py:190} INFO - [2024-10-13T15:18:46.755+0100] {dagbag.py:588} INFO - Filling up the DagBag from /opt/homebrew/Caskroom/miniconda/base/envs/airflow_env/lib/python3.9/site-packages/airflow/example_dags/example_sla_dag.py
[2024-10-13T15:18:46.788+0100] {processor.py:925} INFO - DAG(s) 'example_sla_dag' retrieved from /opt/homebrew/Caskroom/miniconda/base/envs/airflow_env/lib/python3.9/site-packages/airflow/example_dags/example_sla_dag.py
[2024-10-13T15:18:46.824+0100] {logging_mixin.py:190} INFO - [2024-10-13T15:18:46.823+0100] {dag.py:3239} INFO - Sync 1 DAGs
[2024-10-13T15:18:46.831+0100] {logging_mixin.py:190} INFO - [2024-10-13T15:18:46.831+0100] {dag.py:4180} INFO - Setting next_dagrun for example_sla_dag to 2024-10-13 14:16:00+00:00, run_after=2024-10-13 14:18:00+00:00
[2024-10-13T15:18:46.838+0100] {processor.py:208} INFO - Processing /opt/homebrew/Caskroom/miniconda/base/envs/airflow_env/lib/python3.9/site-packages/airflow/example_dags/example_sla_dag.py took 0.085 seconds
[2024-10-13T15:19:54.342+0100] {processor.py:186} INFO - Started process (PID=68300) to work on /opt/homebrew/Caskroom/miniconda/base/envs/airflow_env/lib/python3.9/site-packages/airflow/example_dags/example_sla_dag.py
[2024-10-13T15:19:54.343+0100] {processor.py:914} INFO - Processing file /opt/homebrew/Caskroom/miniconda/base/envs/airflow_env/lib/python3.9/site-packages/airflow/example_dags/example_sla_dag.py for tasks to queue
[2024-10-13T15:19:54.343+0100] {logging_mixin.py:190} INFO - [2024-10-13T15:19:54.343+0100] {dagbag.py:588} INFO - Filling up the DagBag from /opt/homebrew/Caskroom/miniconda/base/envs/airflow_env/lib/python3.9/site-packages/airflow/example_dags/example_sla_dag.py
[2024-10-13T15:19:54.377+0100] {processor.py:925} INFO - DAG(s) 'example_sla_dag' retrieved from /opt/homebrew/Caskroom/miniconda/base/envs/airflow_env/lib/python3.9/site-packages/airflow/example_dags/example_sla_dag.py
[2024-10-13T15:19:54.409+0100] {logging_mixin.py:190} INFO - [2024-10-13T15:19:54.409+0100] {dag.py:3239} INFO - Sync 1 DAGs
[2024-10-13T15:19:54.416+0100] {logging_mixin.py:190} INFO - [2024-10-13T15:19:54.416+0100] {dag.py:4180} INFO - Setting next_dagrun for example_sla_dag to 2024-10-13 14:16:00+00:00, run_after=2024-10-13 14:18:00+00:00
[2024-10-13T15:19:54.422+0100] {processor.py:208} INFO - Processing /opt/homebrew/Caskroom/miniconda/base/envs/airflow_env/lib/python3.9/site-packages/airflow/example_dags/example_sla_dag.py took 0.082 seconds
[2024-10-13T15:21:00.221+0100] {processor.py:186} INFO - Started process (PID=68364) to work on /opt/homebrew/Caskroom/miniconda/base/envs/airflow_env/lib/python3.9/site-packages/airflow/example_dags/example_sla_dag.py
[2024-10-13T15:21:00.222+0100] {processor.py:914} INFO - Processing file /opt/homebrew/Caskroom/miniconda/base/envs/airflow_env/lib/python3.9/site-packages/airflow/example_dags/example_sla_dag.py for tasks to queue
[2024-10-13T15:21:00.222+0100] {logging_mixin.py:190} INFO - [2024-10-13T15:21:00.222+0100] {dagbag.py:588} INFO - Filling up the DagBag from /opt/homebrew/Caskroom/miniconda/base/envs/airflow_env/lib/python3.9/site-packages/airflow/example_dags/example_sla_dag.py
[2024-10-13T15:21:00.257+0100] {processor.py:925} INFO - DAG(s) 'example_sla_dag' retrieved from /opt/homebrew/Caskroom/miniconda/base/envs/airflow_env/lib/python3.9/site-packages/airflow/example_dags/example_sla_dag.py
[2024-10-13T15:21:00.291+0100] {logging_mixin.py:190} INFO - [2024-10-13T15:21:00.291+0100] {dag.py:3239} INFO - Sync 1 DAGs
[2024-10-13T15:21:00.299+0100] {logging_mixin.py:190} INFO - [2024-10-13T15:21:00.299+0100] {dag.py:4180} INFO - Setting next_dagrun for example_sla_dag to 2024-10-13 14:18:00+00:00, run_after=2024-10-13 14:20:00+00:00
[2024-10-13T15:21:00.305+0100] {processor.py:208} INFO - Processing /opt/homebrew/Caskroom/miniconda/base/envs/airflow_env/lib/python3.9/site-packages/airflow/example_dags/example_sla_dag.py took 0.086 seconds
[2024-10-13T15:22:04.560+0100] {processor.py:186} INFO - Started process (PID=68468) to work on /opt/homebrew/Caskroom/miniconda/base/envs/airflow_env/lib/python3.9/site-packages/airflow/example_dags/example_sla_dag.py
[2024-10-13T15:22:04.560+0100] {processor.py:914} INFO - Processing file /opt/homebrew/Caskroom/miniconda/base/envs/airflow_env/lib/python3.9/site-packages/airflow/example_dags/example_sla_dag.py for tasks to queue
[2024-10-13T15:22:04.560+0100] {logging_mixin.py:190} INFO - [2024-10-13T15:22:04.560+0100] {dagbag.py:588} INFO - Filling up the DagBag from /opt/homebrew/Caskroom/miniconda/base/envs/airflow_env/lib/python3.9/site-packages/airflow/example_dags/example_sla_dag.py
[2024-10-13T15:22:04.593+0100] {processor.py:925} INFO - DAG(s) 'example_sla_dag' retrieved from /opt/homebrew/Caskroom/miniconda/base/envs/airflow_env/lib/python3.9/site-packages/airflow/example_dags/example_sla_dag.py
[2024-10-13T15:22:04.628+0100] {logging_mixin.py:190} INFO - [2024-10-13T15:22:04.627+0100] {dag.py:3239} INFO - Sync 1 DAGs
[2024-10-13T15:22:04.635+0100] {logging_mixin.py:190} INFO - [2024-10-13T15:22:04.635+0100] {dag.py:4180} INFO - Setting next_dagrun for example_sla_dag to 2024-10-13 14:20:00+00:00, run_after=2024-10-13 14:22:00+00:00
[2024-10-13T15:22:04.641+0100] {processor.py:208} INFO - Processing /opt/homebrew/Caskroom/miniconda/base/envs/airflow_env/lib/python3.9/site-packages/airflow/example_dags/example_sla_dag.py took 0.084 seconds
[2024-10-13T15:24:08.320+0100] {processor.py:186} INFO - Started process (PID=68626) to work on /opt/homebrew/Caskroom/miniconda/base/envs/airflow_env/lib/python3.9/site-packages/airflow/example_dags/example_sla_dag.py
[2024-10-13T15:24:08.321+0100] {processor.py:914} INFO - Processing file /opt/homebrew/Caskroom/miniconda/base/envs/airflow_env/lib/python3.9/site-packages/airflow/example_dags/example_sla_dag.py for tasks to queue
[2024-10-13T15:24:08.322+0100] {logging_mixin.py:190} INFO - [2024-10-13T15:24:08.322+0100] {dagbag.py:588} INFO - Filling up the DagBag from /opt/homebrew/Caskroom/miniconda/base/envs/airflow_env/lib/python3.9/site-packages/airflow/example_dags/example_sla_dag.py
[2024-10-13T15:24:08.354+0100] {processor.py:925} INFO - DAG(s) 'example_sla_dag' retrieved from /opt/homebrew/Caskroom/miniconda/base/envs/airflow_env/lib/python3.9/site-packages/airflow/example_dags/example_sla_dag.py
[2024-10-13T15:24:08.398+0100] {logging_mixin.py:190} INFO - [2024-10-13T15:24:08.397+0100] {dag.py:3239} INFO - Sync 1 DAGs
[2024-10-13T15:24:08.407+0100] {logging_mixin.py:190} INFO - [2024-10-13T15:24:08.406+0100] {dag.py:4180} INFO - Setting next_dagrun for example_sla_dag to 2024-10-13 14:22:00+00:00, run_after=2024-10-13 14:24:00+00:00
[2024-10-13T15:24:08.414+0100] {processor.py:208} INFO - Processing /opt/homebrew/Caskroom/miniconda/base/envs/airflow_env/lib/python3.9/site-packages/airflow/example_dags/example_sla_dag.py took 0.095 seconds
[2024-10-13T15:25:16.291+0100] {processor.py:186} INFO - Started process (PID=68694) to work on /opt/homebrew/Caskroom/miniconda/base/envs/airflow_env/lib/python3.9/site-packages/airflow/example_dags/example_sla_dag.py
[2024-10-13T15:25:16.292+0100] {processor.py:914} INFO - Processing file /opt/homebrew/Caskroom/miniconda/base/envs/airflow_env/lib/python3.9/site-packages/airflow/example_dags/example_sla_dag.py for tasks to queue
[2024-10-13T15:25:16.292+0100] {logging_mixin.py:190} INFO - [2024-10-13T15:25:16.292+0100] {dagbag.py:588} INFO - Filling up the DagBag from /opt/homebrew/Caskroom/miniconda/base/envs/airflow_env/lib/python3.9/site-packages/airflow/example_dags/example_sla_dag.py
[2024-10-13T15:25:16.355+0100] {processor.py:925} INFO - DAG(s) 'example_sla_dag' retrieved from /opt/homebrew/Caskroom/miniconda/base/envs/airflow_env/lib/python3.9/site-packages/airflow/example_dags/example_sla_dag.py
[2024-10-13T15:25:16.392+0100] {logging_mixin.py:190} INFO - [2024-10-13T15:25:16.392+0100] {dag.py:3239} INFO - Sync 1 DAGs
[2024-10-13T15:25:16.401+0100] {logging_mixin.py:190} INFO - [2024-10-13T15:25:16.401+0100] {dag.py:4180} INFO - Setting next_dagrun for example_sla_dag to 2024-10-13 14:22:00+00:00, run_after=2024-10-13 14:24:00+00:00
[2024-10-13T15:25:16.408+0100] {processor.py:208} INFO - Processing /opt/homebrew/Caskroom/miniconda/base/envs/airflow_env/lib/python3.9/site-packages/airflow/example_dags/example_sla_dag.py took 0.121 seconds
[2024-10-13T15:26:18.457+0100] {processor.py:186} INFO - Started process (PID=68799) to work on /opt/homebrew/Caskroom/miniconda/base/envs/airflow_env/lib/python3.9/site-packages/airflow/example_dags/example_sla_dag.py
[2024-10-13T15:26:18.457+0100] {processor.py:914} INFO - Processing file /opt/homebrew/Caskroom/miniconda/base/envs/airflow_env/lib/python3.9/site-packages/airflow/example_dags/example_sla_dag.py for tasks to queue
[2024-10-13T15:26:18.458+0100] {logging_mixin.py:190} INFO - [2024-10-13T15:26:18.457+0100] {dagbag.py:588} INFO - Filling up the DagBag from /opt/homebrew/Caskroom/miniconda/base/envs/airflow_env/lib/python3.9/site-packages/airflow/example_dags/example_sla_dag.py
[2024-10-13T15:26:18.489+0100] {processor.py:925} INFO - DAG(s) 'example_sla_dag' retrieved from /opt/homebrew/Caskroom/miniconda/base/envs/airflow_env/lib/python3.9/site-packages/airflow/example_dags/example_sla_dag.py
[2024-10-13T15:26:18.521+0100] {logging_mixin.py:190} INFO - [2024-10-13T15:26:18.521+0100] {dag.py:3239} INFO - Sync 1 DAGs
[2024-10-13T15:26:18.529+0100] {logging_mixin.py:190} INFO - [2024-10-13T15:26:18.529+0100] {dag.py:4180} INFO - Setting next_dagrun for example_sla_dag to 2024-10-13 14:24:00+00:00, run_after=2024-10-13 14:26:00+00:00
[2024-10-13T15:26:18.535+0100] {processor.py:208} INFO - Processing /opt/homebrew/Caskroom/miniconda/base/envs/airflow_env/lib/python3.9/site-packages/airflow/example_dags/example_sla_dag.py took 0.080 seconds
