[2024-10-13T14:08:47.128+0100] {processor.py:186} INFO - Started process (PID=67210) to work on /opt/homebrew/Caskroom/miniconda/base/envs/airflow_env/lib/python3.9/site-packages/airflow/example_dags/example_setup_teardown.py
[2024-10-13T14:08:47.129+0100] {processor.py:914} INFO - Processing file /opt/homebrew/Caskroom/miniconda/base/envs/airflow_env/lib/python3.9/site-packages/airflow/example_dags/example_setup_teardown.py for tasks to queue
[2024-10-13T14:08:47.129+0100] {logging_mixin.py:190} INFO - [2024-10-13T14:08:47.129+0100] {dagbag.py:588} INFO - Filling up the DagBag from /opt/homebrew/Caskroom/miniconda/base/envs/airflow_env/lib/python3.9/site-packages/airflow/example_dags/example_setup_teardown.py
[2024-10-13T14:08:47.151+0100] {processor.py:925} INFO - DAG(s) 'example_setup_teardown' retrieved from /opt/homebrew/Caskroom/miniconda/base/envs/airflow_env/lib/python3.9/site-packages/airflow/example_dags/example_setup_teardown.py
[2024-10-13T14:08:47.216+0100] {logging_mixin.py:190} INFO - [2024-10-13T14:08:47.216+0100] {override.py:1901} INFO - Created Permission View: can read on DAG:example_setup_teardown
[2024-10-13T14:08:47.219+0100] {logging_mixin.py:190} INFO - [2024-10-13T14:08:47.219+0100] {override.py:1901} INFO - Created Permission View: can delete on DAG:example_setup_teardown
[2024-10-13T14:08:47.221+0100] {logging_mixin.py:190} INFO - [2024-10-13T14:08:47.221+0100] {override.py:1901} INFO - Created Permission View: can edit on DAG:example_setup_teardown
[2024-10-13T14:08:47.224+0100] {logging_mixin.py:190} INFO - [2024-10-13T14:08:47.224+0100] {override.py:1901} INFO - Created Permission View: can create on DAG Run:example_setup_teardown
[2024-10-13T14:08:47.226+0100] {logging_mixin.py:190} INFO - [2024-10-13T14:08:47.226+0100] {override.py:1901} INFO - Created Permission View: can read on DAG Run:example_setup_teardown
[2024-10-13T14:08:47.228+0100] {logging_mixin.py:190} INFO - [2024-10-13T14:08:47.228+0100] {override.py:1901} INFO - Created Permission View: menu access on DAG Run:example_setup_teardown
[2024-10-13T14:08:47.231+0100] {logging_mixin.py:190} INFO - [2024-10-13T14:08:47.231+0100] {override.py:1901} INFO - Created Permission View: can delete on DAG Run:example_setup_teardown
[2024-10-13T14:08:47.231+0100] {logging_mixin.py:190} INFO - [2024-10-13T14:08:47.231+0100] {dag.py:3239} INFO - Sync 1 DAGs
[2024-10-13T14:08:47.236+0100] {logging_mixin.py:190} INFO - [2024-10-13T14:08:47.236+0100] {dag.py:3262} INFO - Creating ORM DAG for example_setup_teardown
[2024-10-13T14:08:47.236+0100] {logging_mixin.py:190} INFO - [2024-10-13T14:08:47.236+0100] {dag.py:4180} INFO - Setting next_dagrun for example_setup_teardown to None, run_after=None
[2024-10-13T14:08:47.241+0100] {processor.py:208} INFO - Processing /opt/homebrew/Caskroom/miniconda/base/envs/airflow_env/lib/python3.9/site-packages/airflow/example_dags/example_setup_teardown.py took 0.115 seconds
[2024-10-13T14:10:25.432+0100] {processor.py:186} INFO - Started process (PID=67311) to work on /opt/homebrew/Caskroom/miniconda/base/envs/airflow_env/lib/python3.9/site-packages/airflow/example_dags/example_setup_teardown.py
[2024-10-13T14:10:25.432+0100] {processor.py:914} INFO - Processing file /opt/homebrew/Caskroom/miniconda/base/envs/airflow_env/lib/python3.9/site-packages/airflow/example_dags/example_setup_teardown.py for tasks to queue
[2024-10-13T14:10:25.433+0100] {logging_mixin.py:190} INFO - [2024-10-13T14:10:25.433+0100] {dagbag.py:588} INFO - Filling up the DagBag from /opt/homebrew/Caskroom/miniconda/base/envs/airflow_env/lib/python3.9/site-packages/airflow/example_dags/example_setup_teardown.py
[2024-10-13T14:10:25.454+0100] {processor.py:925} INFO - DAG(s) 'example_setup_teardown' retrieved from /opt/homebrew/Caskroom/miniconda/base/envs/airflow_env/lib/python3.9/site-packages/airflow/example_dags/example_setup_teardown.py
[2024-10-13T14:10:25.488+0100] {logging_mixin.py:190} INFO - [2024-10-13T14:10:25.488+0100] {dag.py:3239} INFO - Sync 1 DAGs
[2024-10-13T14:10:25.491+0100] {logging_mixin.py:190} INFO - [2024-10-13T14:10:25.491+0100] {dag.py:4180} INFO - Setting next_dagrun for example_setup_teardown to None, run_after=None
[2024-10-13T14:10:25.497+0100] {processor.py:208} INFO - Processing /opt/homebrew/Caskroom/miniconda/base/envs/airflow_env/lib/python3.9/site-packages/airflow/example_dags/example_setup_teardown.py took 0.067 seconds
[2024-10-13T14:12:31.627+0100] {processor.py:186} INFO - Started process (PID=67456) to work on /opt/homebrew/Caskroom/miniconda/base/envs/airflow_env/lib/python3.9/site-packages/airflow/example_dags/example_setup_teardown.py
[2024-10-13T14:12:31.628+0100] {processor.py:914} INFO - Processing file /opt/homebrew/Caskroom/miniconda/base/envs/airflow_env/lib/python3.9/site-packages/airflow/example_dags/example_setup_teardown.py for tasks to queue
[2024-10-13T14:12:31.628+0100] {logging_mixin.py:190} INFO - [2024-10-13T14:12:31.628+0100] {dagbag.py:588} INFO - Filling up the DagBag from /opt/homebrew/Caskroom/miniconda/base/envs/airflow_env/lib/python3.9/site-packages/airflow/example_dags/example_setup_teardown.py
[2024-10-13T14:12:31.652+0100] {processor.py:925} INFO - DAG(s) 'example_setup_teardown' retrieved from /opt/homebrew/Caskroom/miniconda/base/envs/airflow_env/lib/python3.9/site-packages/airflow/example_dags/example_setup_teardown.py
[2024-10-13T14:12:31.687+0100] {logging_mixin.py:190} INFO - [2024-10-13T14:12:31.687+0100] {dag.py:3239} INFO - Sync 1 DAGs
[2024-10-13T14:12:31.691+0100] {logging_mixin.py:190} INFO - [2024-10-13T14:12:31.691+0100] {dag.py:4180} INFO - Setting next_dagrun for example_setup_teardown to None, run_after=None
[2024-10-13T14:12:31.697+0100] {processor.py:208} INFO - Processing /opt/homebrew/Caskroom/miniconda/base/envs/airflow_env/lib/python3.9/site-packages/airflow/example_dags/example_setup_teardown.py took 0.072 seconds
[2024-10-13T14:14:40.892+0100] {processor.py:186} INFO - Started process (PID=67608) to work on /opt/homebrew/Caskroom/miniconda/base/envs/airflow_env/lib/python3.9/site-packages/airflow/example_dags/example_setup_teardown.py
[2024-10-13T14:14:40.892+0100] {processor.py:914} INFO - Processing file /opt/homebrew/Caskroom/miniconda/base/envs/airflow_env/lib/python3.9/site-packages/airflow/example_dags/example_setup_teardown.py for tasks to queue
[2024-10-13T14:14:40.892+0100] {logging_mixin.py:190} INFO - [2024-10-13T14:14:40.892+0100] {dagbag.py:588} INFO - Filling up the DagBag from /opt/homebrew/Caskroom/miniconda/base/envs/airflow_env/lib/python3.9/site-packages/airflow/example_dags/example_setup_teardown.py
[2024-10-13T14:14:40.912+0100] {processor.py:925} INFO - DAG(s) 'example_setup_teardown' retrieved from /opt/homebrew/Caskroom/miniconda/base/envs/airflow_env/lib/python3.9/site-packages/airflow/example_dags/example_setup_teardown.py
[2024-10-13T14:14:40.946+0100] {logging_mixin.py:190} INFO - [2024-10-13T14:14:40.946+0100] {dag.py:3239} INFO - Sync 1 DAGs
[2024-10-13T14:14:40.950+0100] {logging_mixin.py:190} INFO - [2024-10-13T14:14:40.950+0100] {dag.py:4180} INFO - Setting next_dagrun for example_setup_teardown to None, run_after=None
[2024-10-13T14:14:40.956+0100] {processor.py:208} INFO - Processing /opt/homebrew/Caskroom/miniconda/base/envs/airflow_env/lib/python3.9/site-packages/airflow/example_dags/example_setup_teardown.py took 0.066 seconds
[2024-10-13T14:16:55.868+0100] {processor.py:186} INFO - Started process (PID=67735) to work on /opt/homebrew/Caskroom/miniconda/base/envs/airflow_env/lib/python3.9/site-packages/airflow/example_dags/example_setup_teardown.py
[2024-10-13T14:16:55.868+0100] {processor.py:914} INFO - Processing file /opt/homebrew/Caskroom/miniconda/base/envs/airflow_env/lib/python3.9/site-packages/airflow/example_dags/example_setup_teardown.py for tasks to queue
[2024-10-13T14:16:55.868+0100] {logging_mixin.py:190} INFO - [2024-10-13T14:16:55.868+0100] {dagbag.py:588} INFO - Filling up the DagBag from /opt/homebrew/Caskroom/miniconda/base/envs/airflow_env/lib/python3.9/site-packages/airflow/example_dags/example_setup_teardown.py
[2024-10-13T14:16:55.891+0100] {processor.py:925} INFO - DAG(s) 'example_setup_teardown' retrieved from /opt/homebrew/Caskroom/miniconda/base/envs/airflow_env/lib/python3.9/site-packages/airflow/example_dags/example_setup_teardown.py
[2024-10-13T14:16:55.926+0100] {logging_mixin.py:190} INFO - [2024-10-13T14:16:55.926+0100] {dag.py:3239} INFO - Sync 1 DAGs
[2024-10-13T14:16:55.930+0100] {logging_mixin.py:190} INFO - [2024-10-13T14:16:55.929+0100] {dag.py:4180} INFO - Setting next_dagrun for example_setup_teardown to None, run_after=None
[2024-10-13T14:16:55.939+0100] {processor.py:208} INFO - Processing /opt/homebrew/Caskroom/miniconda/base/envs/airflow_env/lib/python3.9/site-packages/airflow/example_dags/example_setup_teardown.py took 0.073 seconds
[2024-10-13T15:14:21.662+0100] {processor.py:186} INFO - Started process (PID=67975) to work on /opt/homebrew/Caskroom/miniconda/base/envs/airflow_env/lib/python3.9/site-packages/airflow/example_dags/example_setup_teardown.py
[2024-10-13T15:14:21.663+0100] {processor.py:914} INFO - Processing file /opt/homebrew/Caskroom/miniconda/base/envs/airflow_env/lib/python3.9/site-packages/airflow/example_dags/example_setup_teardown.py for tasks to queue
[2024-10-13T15:14:21.663+0100] {logging_mixin.py:190} INFO - [2024-10-13T15:14:21.663+0100] {dagbag.py:588} INFO - Filling up the DagBag from /opt/homebrew/Caskroom/miniconda/base/envs/airflow_env/lib/python3.9/site-packages/airflow/example_dags/example_setup_teardown.py
[2024-10-13T15:14:21.685+0100] {processor.py:925} INFO - DAG(s) 'example_setup_teardown' retrieved from /opt/homebrew/Caskroom/miniconda/base/envs/airflow_env/lib/python3.9/site-packages/airflow/example_dags/example_setup_teardown.py
[2024-10-13T15:14:21.762+0100] {logging_mixin.py:190} INFO - [2024-10-13T15:14:21.762+0100] {dag.py:3239} INFO - Sync 1 DAGs
[2024-10-13T15:14:21.766+0100] {logging_mixin.py:190} INFO - [2024-10-13T15:14:21.766+0100] {dag.py:4180} INFO - Setting next_dagrun for example_setup_teardown to None, run_after=None
[2024-10-13T15:14:21.773+0100] {processor.py:208} INFO - Processing /opt/homebrew/Caskroom/miniconda/base/envs/airflow_env/lib/python3.9/site-packages/airflow/example_dags/example_setup_teardown.py took 0.112 seconds
[2024-10-13T15:15:36.489+0100] {processor.py:186} INFO - Started process (PID=68053) to work on /opt/homebrew/Caskroom/miniconda/base/envs/airflow_env/lib/python3.9/site-packages/airflow/example_dags/example_setup_teardown.py
[2024-10-13T15:15:36.490+0100] {processor.py:914} INFO - Processing file /opt/homebrew/Caskroom/miniconda/base/envs/airflow_env/lib/python3.9/site-packages/airflow/example_dags/example_setup_teardown.py for tasks to queue
[2024-10-13T15:15:36.490+0100] {logging_mixin.py:190} INFO - [2024-10-13T15:15:36.490+0100] {dagbag.py:588} INFO - Filling up the DagBag from /opt/homebrew/Caskroom/miniconda/base/envs/airflow_env/lib/python3.9/site-packages/airflow/example_dags/example_setup_teardown.py
[2024-10-13T15:15:36.515+0100] {processor.py:925} INFO - DAG(s) 'example_setup_teardown' retrieved from /opt/homebrew/Caskroom/miniconda/base/envs/airflow_env/lib/python3.9/site-packages/airflow/example_dags/example_setup_teardown.py
[2024-10-13T15:15:36.549+0100] {logging_mixin.py:190} INFO - [2024-10-13T15:15:36.549+0100] {dag.py:3239} INFO - Sync 1 DAGs
[2024-10-13T15:15:36.553+0100] {logging_mixin.py:190} INFO - [2024-10-13T15:15:36.553+0100] {dag.py:4180} INFO - Setting next_dagrun for example_setup_teardown to None, run_after=None
[2024-10-13T15:15:36.560+0100] {processor.py:208} INFO - Processing /opt/homebrew/Caskroom/miniconda/base/envs/airflow_env/lib/python3.9/site-packages/airflow/example_dags/example_setup_teardown.py took 0.073 seconds
[2024-10-13T15:17:47.631+0100] {processor.py:186} INFO - Started process (PID=68172) to work on /opt/homebrew/Caskroom/miniconda/base/envs/airflow_env/lib/python3.9/site-packages/airflow/example_dags/example_setup_teardown.py
[2024-10-13T15:17:47.632+0100] {processor.py:914} INFO - Processing file /opt/homebrew/Caskroom/miniconda/base/envs/airflow_env/lib/python3.9/site-packages/airflow/example_dags/example_setup_teardown.py for tasks to queue
[2024-10-13T15:17:47.632+0100] {logging_mixin.py:190} INFO - [2024-10-13T15:17:47.632+0100] {dagbag.py:588} INFO - Filling up the DagBag from /opt/homebrew/Caskroom/miniconda/base/envs/airflow_env/lib/python3.9/site-packages/airflow/example_dags/example_setup_teardown.py
[2024-10-13T15:17:47.654+0100] {processor.py:925} INFO - DAG(s) 'example_setup_teardown' retrieved from /opt/homebrew/Caskroom/miniconda/base/envs/airflow_env/lib/python3.9/site-packages/airflow/example_dags/example_setup_teardown.py
[2024-10-13T15:17:47.689+0100] {logging_mixin.py:190} INFO - [2024-10-13T15:17:47.689+0100] {dag.py:3239} INFO - Sync 1 DAGs
[2024-10-13T15:17:47.692+0100] {logging_mixin.py:190} INFO - [2024-10-13T15:17:47.692+0100] {dag.py:4180} INFO - Setting next_dagrun for example_setup_teardown to None, run_after=None
[2024-10-13T15:17:47.698+0100] {processor.py:208} INFO - Processing /opt/homebrew/Caskroom/miniconda/base/envs/airflow_env/lib/python3.9/site-packages/airflow/example_dags/example_setup_teardown.py took 0.069 seconds
[2024-10-13T15:20:00.921+0100] {processor.py:186} INFO - Started process (PID=68304) to work on /opt/homebrew/Caskroom/miniconda/base/envs/airflow_env/lib/python3.9/site-packages/airflow/example_dags/example_setup_teardown.py
[2024-10-13T15:20:00.924+0100] {processor.py:914} INFO - Processing file /opt/homebrew/Caskroom/miniconda/base/envs/airflow_env/lib/python3.9/site-packages/airflow/example_dags/example_setup_teardown.py for tasks to queue
[2024-10-13T15:20:00.924+0100] {logging_mixin.py:190} INFO - [2024-10-13T15:20:00.924+0100] {dagbag.py:588} INFO - Filling up the DagBag from /opt/homebrew/Caskroom/miniconda/base/envs/airflow_env/lib/python3.9/site-packages/airflow/example_dags/example_setup_teardown.py
[2024-10-13T15:20:00.946+0100] {processor.py:925} INFO - DAG(s) 'example_setup_teardown' retrieved from /opt/homebrew/Caskroom/miniconda/base/envs/airflow_env/lib/python3.9/site-packages/airflow/example_dags/example_setup_teardown.py
[2024-10-13T15:20:00.982+0100] {logging_mixin.py:190} INFO - [2024-10-13T15:20:00.982+0100] {dag.py:3239} INFO - Sync 1 DAGs
[2024-10-13T15:20:00.986+0100] {logging_mixin.py:190} INFO - [2024-10-13T15:20:00.986+0100] {dag.py:4180} INFO - Setting next_dagrun for example_setup_teardown to None, run_after=None
[2024-10-13T15:20:00.993+0100] {processor.py:208} INFO - Processing /opt/homebrew/Caskroom/miniconda/base/envs/airflow_env/lib/python3.9/site-packages/airflow/example_dags/example_setup_teardown.py took 0.074 seconds
[2024-10-13T15:22:09.019+0100] {processor.py:186} INFO - Started process (PID=68473) to work on /opt/homebrew/Caskroom/miniconda/base/envs/airflow_env/lib/python3.9/site-packages/airflow/example_dags/example_setup_teardown.py
[2024-10-13T15:22:09.019+0100] {processor.py:914} INFO - Processing file /opt/homebrew/Caskroom/miniconda/base/envs/airflow_env/lib/python3.9/site-packages/airflow/example_dags/example_setup_teardown.py for tasks to queue
[2024-10-13T15:22:09.020+0100] {logging_mixin.py:190} INFO - [2024-10-13T15:22:09.020+0100] {dagbag.py:588} INFO - Filling up the DagBag from /opt/homebrew/Caskroom/miniconda/base/envs/airflow_env/lib/python3.9/site-packages/airflow/example_dags/example_setup_teardown.py
[2024-10-13T15:22:09.041+0100] {processor.py:925} INFO - DAG(s) 'example_setup_teardown' retrieved from /opt/homebrew/Caskroom/miniconda/base/envs/airflow_env/lib/python3.9/site-packages/airflow/example_dags/example_setup_teardown.py
[2024-10-13T15:22:09.076+0100] {logging_mixin.py:190} INFO - [2024-10-13T15:22:09.076+0100] {dag.py:3239} INFO - Sync 1 DAGs
[2024-10-13T15:22:09.080+0100] {logging_mixin.py:190} INFO - [2024-10-13T15:22:09.080+0100] {dag.py:4180} INFO - Setting next_dagrun for example_setup_teardown to None, run_after=None
[2024-10-13T15:22:09.087+0100] {processor.py:208} INFO - Processing /opt/homebrew/Caskroom/miniconda/base/envs/airflow_env/lib/python3.9/site-packages/airflow/example_dags/example_setup_teardown.py took 0.069 seconds
[2024-10-13T15:24:15.533+0100] {processor.py:186} INFO - Started process (PID=68634) to work on /opt/homebrew/Caskroom/miniconda/base/envs/airflow_env/lib/python3.9/site-packages/airflow/example_dags/example_setup_teardown.py
[2024-10-13T15:24:15.534+0100] {processor.py:914} INFO - Processing file /opt/homebrew/Caskroom/miniconda/base/envs/airflow_env/lib/python3.9/site-packages/airflow/example_dags/example_setup_teardown.py for tasks to queue
[2024-10-13T15:24:15.534+0100] {logging_mixin.py:190} INFO - [2024-10-13T15:24:15.534+0100] {dagbag.py:588} INFO - Filling up the DagBag from /opt/homebrew/Caskroom/miniconda/base/envs/airflow_env/lib/python3.9/site-packages/airflow/example_dags/example_setup_teardown.py
[2024-10-13T15:24:15.556+0100] {processor.py:925} INFO - DAG(s) 'example_setup_teardown' retrieved from /opt/homebrew/Caskroom/miniconda/base/envs/airflow_env/lib/python3.9/site-packages/airflow/example_dags/example_setup_teardown.py
[2024-10-13T15:24:15.590+0100] {logging_mixin.py:190} INFO - [2024-10-13T15:24:15.590+0100] {dag.py:3239} INFO - Sync 1 DAGs
[2024-10-13T15:24:15.594+0100] {logging_mixin.py:190} INFO - [2024-10-13T15:24:15.594+0100] {dag.py:4180} INFO - Setting next_dagrun for example_setup_teardown to None, run_after=None
[2024-10-13T15:24:15.601+0100] {processor.py:208} INFO - Processing /opt/homebrew/Caskroom/miniconda/base/envs/airflow_env/lib/python3.9/site-packages/airflow/example_dags/example_setup_teardown.py took 0.069 seconds
[2024-10-13T15:26:23.906+0100] {processor.py:186} INFO - Started process (PID=68802) to work on /opt/homebrew/Caskroom/miniconda/base/envs/airflow_env/lib/python3.9/site-packages/airflow/example_dags/example_setup_teardown.py
[2024-10-13T15:26:23.906+0100] {processor.py:914} INFO - Processing file /opt/homebrew/Caskroom/miniconda/base/envs/airflow_env/lib/python3.9/site-packages/airflow/example_dags/example_setup_teardown.py for tasks to queue
[2024-10-13T15:26:23.907+0100] {logging_mixin.py:190} INFO - [2024-10-13T15:26:23.907+0100] {dagbag.py:588} INFO - Filling up the DagBag from /opt/homebrew/Caskroom/miniconda/base/envs/airflow_env/lib/python3.9/site-packages/airflow/example_dags/example_setup_teardown.py
[2024-10-13T15:26:23.928+0100] {processor.py:925} INFO - DAG(s) 'example_setup_teardown' retrieved from /opt/homebrew/Caskroom/miniconda/base/envs/airflow_env/lib/python3.9/site-packages/airflow/example_dags/example_setup_teardown.py
[2024-10-13T15:26:23.962+0100] {logging_mixin.py:190} INFO - [2024-10-13T15:26:23.962+0100] {dag.py:3239} INFO - Sync 1 DAGs
[2024-10-13T15:26:23.966+0100] {logging_mixin.py:190} INFO - [2024-10-13T15:26:23.966+0100] {dag.py:4180} INFO - Setting next_dagrun for example_setup_teardown to None, run_after=None
[2024-10-13T15:26:23.972+0100] {processor.py:208} INFO - Processing /opt/homebrew/Caskroom/miniconda/base/envs/airflow_env/lib/python3.9/site-packages/airflow/example_dags/example_setup_teardown.py took 0.067 seconds
