[2024-10-13T14:09:08.814+0100] {processor.py:186} INFO - Started process (PID=67229) to work on /opt/homebrew/Caskroom/miniconda/base/envs/airflow_env/lib/python3.9/site-packages/airflow/example_dags/example_latest_only.py
[2024-10-13T14:09:08.815+0100] {processor.py:914} INFO - Processing file /opt/homebrew/Caskroom/miniconda/base/envs/airflow_env/lib/python3.9/site-packages/airflow/example_dags/example_latest_only.py for tasks to queue
[2024-10-13T14:09:08.815+0100] {logging_mixin.py:190} INFO - [2024-10-13T14:09:08.815+0100] {dagbag.py:588} INFO - Filling up the DagBag from /opt/homebrew/Caskroom/miniconda/base/envs/airflow_env/lib/python3.9/site-packages/airflow/example_dags/example_latest_only.py
[2024-10-13T14:09:08.839+0100] {processor.py:925} INFO - DAG(s) 'latest_only' retrieved from /opt/homebrew/Caskroom/miniconda/base/envs/airflow_env/lib/python3.9/site-packages/airflow/example_dags/example_latest_only.py
[2024-10-13T14:09:08.903+0100] {logging_mixin.py:190} INFO - [2024-10-13T14:09:08.902+0100] {override.py:1901} INFO - Created Permission View: can read on DAG:latest_only
[2024-10-13T14:09:08.906+0100] {logging_mixin.py:190} INFO - [2024-10-13T14:09:08.906+0100] {override.py:1901} INFO - Created Permission View: can edit on DAG:latest_only
[2024-10-13T14:09:08.909+0100] {logging_mixin.py:190} INFO - [2024-10-13T14:09:08.908+0100] {override.py:1901} INFO - Created Permission View: can delete on DAG:latest_only
[2024-10-13T14:09:08.912+0100] {logging_mixin.py:190} INFO - [2024-10-13T14:09:08.912+0100] {override.py:1901} INFO - Created Permission View: can read on DAG Run:latest_only
[2024-10-13T14:09:08.915+0100] {logging_mixin.py:190} INFO - [2024-10-13T14:09:08.915+0100] {override.py:1901} INFO - Created Permission View: can delete on DAG Run:latest_only
[2024-10-13T14:09:08.917+0100] {logging_mixin.py:190} INFO - [2024-10-13T14:09:08.917+0100] {override.py:1901} INFO - Created Permission View: can create on DAG Run:latest_only
[2024-10-13T14:09:08.919+0100] {logging_mixin.py:190} INFO - [2024-10-13T14:09:08.919+0100] {override.py:1901} INFO - Created Permission View: menu access on DAG Run:latest_only
[2024-10-13T14:09:08.920+0100] {logging_mixin.py:190} INFO - [2024-10-13T14:09:08.920+0100] {dag.py:3239} INFO - Sync 1 DAGs
[2024-10-13T14:09:08.924+0100] {logging_mixin.py:190} INFO - [2024-10-13T14:09:08.924+0100] {dag.py:3262} INFO - Creating ORM DAG for latest_only
[2024-10-13T14:09:08.927+0100] {logging_mixin.py:190} INFO - [2024-10-13T14:09:08.927+0100] {dag.py:4180} INFO - Setting next_dagrun for latest_only to 2024-10-13 08:00:00+00:00, run_after=2024-10-13 12:00:00+00:00
[2024-10-13T14:09:08.940+0100] {processor.py:208} INFO - Processing /opt/homebrew/Caskroom/miniconda/base/envs/airflow_env/lib/python3.9/site-packages/airflow/example_dags/example_latest_only.py took 0.128 seconds
[2024-10-13T14:10:45.741+0100] {processor.py:186} INFO - Started process (PID=67331) to work on /opt/homebrew/Caskroom/miniconda/base/envs/airflow_env/lib/python3.9/site-packages/airflow/example_dags/example_latest_only.py
[2024-10-13T14:10:45.742+0100] {processor.py:914} INFO - Processing file /opt/homebrew/Caskroom/miniconda/base/envs/airflow_env/lib/python3.9/site-packages/airflow/example_dags/example_latest_only.py for tasks to queue
[2024-10-13T14:10:45.742+0100] {logging_mixin.py:190} INFO - [2024-10-13T14:10:45.742+0100] {dagbag.py:588} INFO - Filling up the DagBag from /opt/homebrew/Caskroom/miniconda/base/envs/airflow_env/lib/python3.9/site-packages/airflow/example_dags/example_latest_only.py
[2024-10-13T14:10:45.767+0100] {processor.py:925} INFO - DAG(s) 'latest_only' retrieved from /opt/homebrew/Caskroom/miniconda/base/envs/airflow_env/lib/python3.9/site-packages/airflow/example_dags/example_latest_only.py
[2024-10-13T14:10:45.802+0100] {logging_mixin.py:190} INFO - [2024-10-13T14:10:45.802+0100] {dag.py:3239} INFO - Sync 1 DAGs
[2024-10-13T14:10:45.809+0100] {logging_mixin.py:190} INFO - [2024-10-13T14:10:45.809+0100] {dag.py:4180} INFO - Setting next_dagrun for latest_only to 2024-10-13 08:00:00+00:00, run_after=2024-10-13 12:00:00+00:00
[2024-10-13T14:10:45.815+0100] {processor.py:208} INFO - Processing /opt/homebrew/Caskroom/miniconda/base/envs/airflow_env/lib/python3.9/site-packages/airflow/example_dags/example_latest_only.py took 0.076 seconds
[2024-10-13T14:12:52.210+0100] {processor.py:186} INFO - Started process (PID=67477) to work on /opt/homebrew/Caskroom/miniconda/base/envs/airflow_env/lib/python3.9/site-packages/airflow/example_dags/example_latest_only.py
[2024-10-13T14:12:52.210+0100] {processor.py:914} INFO - Processing file /opt/homebrew/Caskroom/miniconda/base/envs/airflow_env/lib/python3.9/site-packages/airflow/example_dags/example_latest_only.py for tasks to queue
[2024-10-13T14:12:52.211+0100] {logging_mixin.py:190} INFO - [2024-10-13T14:12:52.210+0100] {dagbag.py:588} INFO - Filling up the DagBag from /opt/homebrew/Caskroom/miniconda/base/envs/airflow_env/lib/python3.9/site-packages/airflow/example_dags/example_latest_only.py
[2024-10-13T14:12:52.231+0100] {processor.py:925} INFO - DAG(s) 'latest_only' retrieved from /opt/homebrew/Caskroom/miniconda/base/envs/airflow_env/lib/python3.9/site-packages/airflow/example_dags/example_latest_only.py
[2024-10-13T14:12:52.265+0100] {logging_mixin.py:190} INFO - [2024-10-13T14:12:52.265+0100] {dag.py:3239} INFO - Sync 1 DAGs
[2024-10-13T14:12:52.271+0100] {logging_mixin.py:190} INFO - [2024-10-13T14:12:52.271+0100] {dag.py:4180} INFO - Setting next_dagrun for latest_only to 2024-10-13 08:00:00+00:00, run_after=2024-10-13 12:00:00+00:00
[2024-10-13T14:12:52.277+0100] {processor.py:208} INFO - Processing /opt/homebrew/Caskroom/miniconda/base/envs/airflow_env/lib/python3.9/site-packages/airflow/example_dags/example_latest_only.py took 0.069 seconds
[2024-10-13T14:15:02.347+0100] {processor.py:186} INFO - Started process (PID=67625) to work on /opt/homebrew/Caskroom/miniconda/base/envs/airflow_env/lib/python3.9/site-packages/airflow/example_dags/example_latest_only.py
[2024-10-13T14:15:02.348+0100] {processor.py:914} INFO - Processing file /opt/homebrew/Caskroom/miniconda/base/envs/airflow_env/lib/python3.9/site-packages/airflow/example_dags/example_latest_only.py for tasks to queue
[2024-10-13T14:15:02.348+0100] {logging_mixin.py:190} INFO - [2024-10-13T14:15:02.348+0100] {dagbag.py:588} INFO - Filling up the DagBag from /opt/homebrew/Caskroom/miniconda/base/envs/airflow_env/lib/python3.9/site-packages/airflow/example_dags/example_latest_only.py
[2024-10-13T14:15:02.370+0100] {processor.py:925} INFO - DAG(s) 'latest_only' retrieved from /opt/homebrew/Caskroom/miniconda/base/envs/airflow_env/lib/python3.9/site-packages/airflow/example_dags/example_latest_only.py
[2024-10-13T14:15:02.405+0100] {logging_mixin.py:190} INFO - [2024-10-13T14:15:02.405+0100] {dag.py:3239} INFO - Sync 1 DAGs
[2024-10-13T14:15:02.412+0100] {logging_mixin.py:190} INFO - [2024-10-13T14:15:02.411+0100] {dag.py:4180} INFO - Setting next_dagrun for latest_only to 2024-10-13 08:00:00+00:00, run_after=2024-10-13 12:00:00+00:00
[2024-10-13T14:15:02.418+0100] {processor.py:208} INFO - Processing /opt/homebrew/Caskroom/miniconda/base/envs/airflow_env/lib/python3.9/site-packages/airflow/example_dags/example_latest_only.py took 0.073 seconds
[2024-10-13T14:18:25.033+0100] {processor.py:186} INFO - Started process (PID=67756) to work on /opt/homebrew/Caskroom/miniconda/base/envs/airflow_env/lib/python3.9/site-packages/airflow/example_dags/example_latest_only.py
[2024-10-13T14:18:25.034+0100] {processor.py:914} INFO - Processing file /opt/homebrew/Caskroom/miniconda/base/envs/airflow_env/lib/python3.9/site-packages/airflow/example_dags/example_latest_only.py for tasks to queue
[2024-10-13T14:18:25.034+0100] {logging_mixin.py:190} INFO - [2024-10-13T14:18:25.034+0100] {dagbag.py:588} INFO - Filling up the DagBag from /opt/homebrew/Caskroom/miniconda/base/envs/airflow_env/lib/python3.9/site-packages/airflow/example_dags/example_latest_only.py
[2024-10-13T14:18:25.054+0100] {processor.py:925} INFO - DAG(s) 'latest_only' retrieved from /opt/homebrew/Caskroom/miniconda/base/envs/airflow_env/lib/python3.9/site-packages/airflow/example_dags/example_latest_only.py
[2024-10-13T14:18:25.087+0100] {logging_mixin.py:190} INFO - [2024-10-13T14:18:25.087+0100] {dag.py:3239} INFO - Sync 1 DAGs
[2024-10-13T14:18:25.092+0100] {logging_mixin.py:190} INFO - [2024-10-13T14:18:25.092+0100] {dag.py:4180} INFO - Setting next_dagrun for latest_only to 2024-10-13 08:00:00+00:00, run_after=2024-10-13 12:00:00+00:00
[2024-10-13T14:18:25.098+0100] {processor.py:208} INFO - Processing /opt/homebrew/Caskroom/miniconda/base/envs/airflow_env/lib/python3.9/site-packages/airflow/example_dags/example_latest_only.py took 0.067 seconds
[2024-10-13T15:14:41.024+0100] {processor.py:186} INFO - Started process (PID=67992) to work on /opt/homebrew/Caskroom/miniconda/base/envs/airflow_env/lib/python3.9/site-packages/airflow/example_dags/example_latest_only.py
[2024-10-13T15:14:41.024+0100] {processor.py:914} INFO - Processing file /opt/homebrew/Caskroom/miniconda/base/envs/airflow_env/lib/python3.9/site-packages/airflow/example_dags/example_latest_only.py for tasks to queue
[2024-10-13T15:14:41.025+0100] {logging_mixin.py:190} INFO - [2024-10-13T15:14:41.025+0100] {dagbag.py:588} INFO - Filling up the DagBag from /opt/homebrew/Caskroom/miniconda/base/envs/airflow_env/lib/python3.9/site-packages/airflow/example_dags/example_latest_only.py
[2024-10-13T15:14:41.046+0100] {processor.py:925} INFO - DAG(s) 'latest_only' retrieved from /opt/homebrew/Caskroom/miniconda/base/envs/airflow_env/lib/python3.9/site-packages/airflow/example_dags/example_latest_only.py
[2024-10-13T15:14:41.083+0100] {logging_mixin.py:190} INFO - [2024-10-13T15:14:41.082+0100] {dag.py:3239} INFO - Sync 1 DAGs
[2024-10-13T15:14:41.089+0100] {logging_mixin.py:190} INFO - [2024-10-13T15:14:41.089+0100] {dag.py:4180} INFO - Setting next_dagrun for latest_only to 2024-10-13 08:00:00+00:00, run_after=2024-10-13 12:00:00+00:00
[2024-10-13T15:14:41.096+0100] {processor.py:208} INFO - Processing /opt/homebrew/Caskroom/miniconda/base/envs/airflow_env/lib/python3.9/site-packages/airflow/example_dags/example_latest_only.py took 0.074 seconds
[2024-10-13T15:16:52.895+0100] {processor.py:186} INFO - Started process (PID=68123) to work on /opt/homebrew/Caskroom/miniconda/base/envs/airflow_env/lib/python3.9/site-packages/airflow/example_dags/example_latest_only.py
[2024-10-13T15:16:52.895+0100] {processor.py:914} INFO - Processing file /opt/homebrew/Caskroom/miniconda/base/envs/airflow_env/lib/python3.9/site-packages/airflow/example_dags/example_latest_only.py for tasks to queue
[2024-10-13T15:16:52.896+0100] {logging_mixin.py:190} INFO - [2024-10-13T15:16:52.896+0100] {dagbag.py:588} INFO - Filling up the DagBag from /opt/homebrew/Caskroom/miniconda/base/envs/airflow_env/lib/python3.9/site-packages/airflow/example_dags/example_latest_only.py
[2024-10-13T15:16:52.916+0100] {processor.py:925} INFO - DAG(s) 'latest_only' retrieved from /opt/homebrew/Caskroom/miniconda/base/envs/airflow_env/lib/python3.9/site-packages/airflow/example_dags/example_latest_only.py
[2024-10-13T15:16:52.949+0100] {logging_mixin.py:190} INFO - [2024-10-13T15:16:52.949+0100] {dag.py:3239} INFO - Sync 1 DAGs
[2024-10-13T15:16:52.955+0100] {logging_mixin.py:190} INFO - [2024-10-13T15:16:52.954+0100] {dag.py:4180} INFO - Setting next_dagrun for latest_only to 2024-10-13 08:00:00+00:00, run_after=2024-10-13 12:00:00+00:00
[2024-10-13T15:16:52.961+0100] {processor.py:208} INFO - Processing /opt/homebrew/Caskroom/miniconda/base/envs/airflow_env/lib/python3.9/site-packages/airflow/example_dags/example_latest_only.py took 0.067 seconds
[2024-10-13T15:19:07.633+0100] {processor.py:186} INFO - Started process (PID=68262) to work on /opt/homebrew/Caskroom/miniconda/base/envs/airflow_env/lib/python3.9/site-packages/airflow/example_dags/example_latest_only.py
[2024-10-13T15:19:07.633+0100] {processor.py:914} INFO - Processing file /opt/homebrew/Caskroom/miniconda/base/envs/airflow_env/lib/python3.9/site-packages/airflow/example_dags/example_latest_only.py for tasks to queue
[2024-10-13T15:19:07.633+0100] {logging_mixin.py:190} INFO - [2024-10-13T15:19:07.633+0100] {dagbag.py:588} INFO - Filling up the DagBag from /opt/homebrew/Caskroom/miniconda/base/envs/airflow_env/lib/python3.9/site-packages/airflow/example_dags/example_latest_only.py
[2024-10-13T15:19:07.657+0100] {processor.py:925} INFO - DAG(s) 'latest_only' retrieved from /opt/homebrew/Caskroom/miniconda/base/envs/airflow_env/lib/python3.9/site-packages/airflow/example_dags/example_latest_only.py
[2024-10-13T15:19:07.693+0100] {logging_mixin.py:190} INFO - [2024-10-13T15:19:07.692+0100] {dag.py:3239} INFO - Sync 1 DAGs
[2024-10-13T15:19:07.699+0100] {logging_mixin.py:190} INFO - [2024-10-13T15:19:07.699+0100] {dag.py:4180} INFO - Setting next_dagrun for latest_only to 2024-10-13 08:00:00+00:00, run_after=2024-10-13 12:00:00+00:00
[2024-10-13T15:19:07.706+0100] {processor.py:208} INFO - Processing /opt/homebrew/Caskroom/miniconda/base/envs/airflow_env/lib/python3.9/site-packages/airflow/example_dags/example_latest_only.py took 0.075 seconds
[2024-10-13T15:21:20.433+0100] {processor.py:186} INFO - Started process (PID=68385) to work on /opt/homebrew/Caskroom/miniconda/base/envs/airflow_env/lib/python3.9/site-packages/airflow/example_dags/example_latest_only.py
[2024-10-13T15:21:20.433+0100] {processor.py:914} INFO - Processing file /opt/homebrew/Caskroom/miniconda/base/envs/airflow_env/lib/python3.9/site-packages/airflow/example_dags/example_latest_only.py for tasks to queue
[2024-10-13T15:21:20.433+0100] {logging_mixin.py:190} INFO - [2024-10-13T15:21:20.433+0100] {dagbag.py:588} INFO - Filling up the DagBag from /opt/homebrew/Caskroom/miniconda/base/envs/airflow_env/lib/python3.9/site-packages/airflow/example_dags/example_latest_only.py
[2024-10-13T15:21:20.454+0100] {processor.py:925} INFO - DAG(s) 'latest_only' retrieved from /opt/homebrew/Caskroom/miniconda/base/envs/airflow_env/lib/python3.9/site-packages/airflow/example_dags/example_latest_only.py
[2024-10-13T15:21:20.487+0100] {logging_mixin.py:190} INFO - [2024-10-13T15:21:20.487+0100] {dag.py:3239} INFO - Sync 1 DAGs
[2024-10-13T15:21:20.493+0100] {logging_mixin.py:190} INFO - [2024-10-13T15:21:20.493+0100] {dag.py:4180} INFO - Setting next_dagrun for latest_only to 2024-10-13 08:00:00+00:00, run_after=2024-10-13 12:00:00+00:00
[2024-10-13T15:21:20.500+0100] {processor.py:208} INFO - Processing /opt/homebrew/Caskroom/miniconda/base/envs/airflow_env/lib/python3.9/site-packages/airflow/example_dags/example_latest_only.py took 0.069 seconds
[2024-10-13T15:23:24.527+0100] {processor.py:186} INFO - Started process (PID=68592) to work on /opt/homebrew/Caskroom/miniconda/base/envs/airflow_env/lib/python3.9/site-packages/airflow/example_dags/example_latest_only.py
[2024-10-13T15:23:24.527+0100] {processor.py:914} INFO - Processing file /opt/homebrew/Caskroom/miniconda/base/envs/airflow_env/lib/python3.9/site-packages/airflow/example_dags/example_latest_only.py for tasks to queue
[2024-10-13T15:23:24.528+0100] {logging_mixin.py:190} INFO - [2024-10-13T15:23:24.527+0100] {dagbag.py:588} INFO - Filling up the DagBag from /opt/homebrew/Caskroom/miniconda/base/envs/airflow_env/lib/python3.9/site-packages/airflow/example_dags/example_latest_only.py
[2024-10-13T15:23:24.548+0100] {processor.py:925} INFO - DAG(s) 'latest_only' retrieved from /opt/homebrew/Caskroom/miniconda/base/envs/airflow_env/lib/python3.9/site-packages/airflow/example_dags/example_latest_only.py
[2024-10-13T15:23:24.581+0100] {logging_mixin.py:190} INFO - [2024-10-13T15:23:24.581+0100] {dag.py:3239} INFO - Sync 1 DAGs
[2024-10-13T15:23:24.587+0100] {logging_mixin.py:190} INFO - [2024-10-13T15:23:24.586+0100] {dag.py:4180} INFO - Setting next_dagrun for latest_only to 2024-10-13 08:00:00+00:00, run_after=2024-10-13 12:00:00+00:00
[2024-10-13T15:23:24.593+0100] {processor.py:208} INFO - Processing /opt/homebrew/Caskroom/miniconda/base/envs/airflow_env/lib/python3.9/site-packages/airflow/example_dags/example_latest_only.py took 0.068 seconds
[2024-10-13T15:25:35.770+0100] {processor.py:186} INFO - Started process (PID=68718) to work on /opt/homebrew/Caskroom/miniconda/base/envs/airflow_env/lib/python3.9/site-packages/airflow/example_dags/example_latest_only.py
[2024-10-13T15:25:35.771+0100] {processor.py:914} INFO - Processing file /opt/homebrew/Caskroom/miniconda/base/envs/airflow_env/lib/python3.9/site-packages/airflow/example_dags/example_latest_only.py for tasks to queue
[2024-10-13T15:25:35.771+0100] {logging_mixin.py:190} INFO - [2024-10-13T15:25:35.771+0100] {dagbag.py:588} INFO - Filling up the DagBag from /opt/homebrew/Caskroom/miniconda/base/envs/airflow_env/lib/python3.9/site-packages/airflow/example_dags/example_latest_only.py
[2024-10-13T15:25:35.794+0100] {processor.py:925} INFO - DAG(s) 'latest_only' retrieved from /opt/homebrew/Caskroom/miniconda/base/envs/airflow_env/lib/python3.9/site-packages/airflow/example_dags/example_latest_only.py
[2024-10-13T15:25:35.830+0100] {logging_mixin.py:190} INFO - [2024-10-13T15:25:35.830+0100] {dag.py:3239} INFO - Sync 1 DAGs
[2024-10-13T15:25:35.836+0100] {logging_mixin.py:190} INFO - [2024-10-13T15:25:35.836+0100] {dag.py:4180} INFO - Setting next_dagrun for latest_only to 2024-10-13 08:00:00+00:00, run_after=2024-10-13 12:00:00+00:00
[2024-10-13T15:25:35.843+0100] {processor.py:208} INFO - Processing /opt/homebrew/Caskroom/miniconda/base/envs/airflow_env/lib/python3.9/site-packages/airflow/example_dags/example_latest_only.py took 0.075 seconds
