[2024-10-13T14:08:24.585+0100] {processor.py:186} INFO - Started process (PID=67178) to work on /opt/homebrew/Caskroom/miniconda/base/envs/airflow_env/lib/python3.9/site-packages/airflow/example_dags/example_xcom.py
[2024-10-13T14:08:24.585+0100] {processor.py:914} INFO - Processing file /opt/homebrew/Caskroom/miniconda/base/envs/airflow_env/lib/python3.9/site-packages/airflow/example_dags/example_xcom.py for tasks to queue
[2024-10-13T14:08:24.585+0100] {logging_mixin.py:190} INFO - [2024-10-13T14:08:24.585+0100] {dagbag.py:588} INFO - Filling up the DagBag from /opt/homebrew/Caskroom/miniconda/base/envs/airflow_env/lib/python3.9/site-packages/airflow/example_dags/example_xcom.py
[2024-10-13T14:08:24.615+0100] {processor.py:925} INFO - DAG(s) 'example_xcom' retrieved from /opt/homebrew/Caskroom/miniconda/base/envs/airflow_env/lib/python3.9/site-packages/airflow/example_dags/example_xcom.py
[2024-10-13T14:08:24.679+0100] {logging_mixin.py:190} INFO - [2024-10-13T14:08:24.678+0100] {override.py:1901} INFO - Created Permission View: can edit on DAG:example_xcom
[2024-10-13T14:08:24.681+0100] {logging_mixin.py:190} INFO - [2024-10-13T14:08:24.681+0100] {override.py:1901} INFO - Created Permission View: can read on DAG:example_xcom
[2024-10-13T14:08:24.683+0100] {logging_mixin.py:190} INFO - [2024-10-13T14:08:24.683+0100] {override.py:1901} INFO - Created Permission View: can delete on DAG:example_xcom
[2024-10-13T14:08:24.686+0100] {logging_mixin.py:190} INFO - [2024-10-13T14:08:24.686+0100] {override.py:1901} INFO - Created Permission View: can create on DAG Run:example_xcom
[2024-10-13T14:08:24.688+0100] {logging_mixin.py:190} INFO - [2024-10-13T14:08:24.688+0100] {override.py:1901} INFO - Created Permission View: menu access on DAG Run:example_xcom
[2024-10-13T14:08:24.690+0100] {logging_mixin.py:190} INFO - [2024-10-13T14:08:24.690+0100] {override.py:1901} INFO - Created Permission View: can read on DAG Run:example_xcom
[2024-10-13T14:08:24.692+0100] {logging_mixin.py:190} INFO - [2024-10-13T14:08:24.692+0100] {override.py:1901} INFO - Created Permission View: can delete on DAG Run:example_xcom
[2024-10-13T14:08:24.692+0100] {logging_mixin.py:190} INFO - [2024-10-13T14:08:24.692+0100] {dag.py:3239} INFO - Sync 1 DAGs
[2024-10-13T14:08:24.696+0100] {logging_mixin.py:190} INFO - [2024-10-13T14:08:24.696+0100] {dag.py:3262} INFO - Creating ORM DAG for example_xcom
[2024-10-13T14:08:24.699+0100] {logging_mixin.py:190} INFO - [2024-10-13T14:08:24.699+0100] {dag.py:4180} INFO - Setting next_dagrun for example_xcom to 2021-01-01 00:00:00+00:00, run_after=2021-01-01 00:00:00+00:00
[2024-10-13T14:08:24.704+0100] {processor.py:208} INFO - Processing /opt/homebrew/Caskroom/miniconda/base/envs/airflow_env/lib/python3.9/site-packages/airflow/example_dags/example_xcom.py took 0.121 seconds
[2024-10-13T14:10:02.274+0100] {processor.py:186} INFO - Started process (PID=67293) to work on /opt/homebrew/Caskroom/miniconda/base/envs/airflow_env/lib/python3.9/site-packages/airflow/example_dags/example_xcom.py
[2024-10-13T14:10:02.274+0100] {processor.py:914} INFO - Processing file /opt/homebrew/Caskroom/miniconda/base/envs/airflow_env/lib/python3.9/site-packages/airflow/example_dags/example_xcom.py for tasks to queue
[2024-10-13T14:10:02.275+0100] {logging_mixin.py:190} INFO - [2024-10-13T14:10:02.275+0100] {dagbag.py:588} INFO - Filling up the DagBag from /opt/homebrew/Caskroom/miniconda/base/envs/airflow_env/lib/python3.9/site-packages/airflow/example_dags/example_xcom.py
[2024-10-13T14:10:02.306+0100] {processor.py:925} INFO - DAG(s) 'example_xcom' retrieved from /opt/homebrew/Caskroom/miniconda/base/envs/airflow_env/lib/python3.9/site-packages/airflow/example_dags/example_xcom.py
[2024-10-13T14:10:02.339+0100] {logging_mixin.py:190} INFO - [2024-10-13T14:10:02.339+0100] {dag.py:3239} INFO - Sync 1 DAGs
[2024-10-13T14:10:02.345+0100] {logging_mixin.py:190} INFO - [2024-10-13T14:10:02.345+0100] {dag.py:4180} INFO - Setting next_dagrun for example_xcom to 2021-01-01 00:00:00+00:00, run_after=2021-01-01 00:00:00+00:00
[2024-10-13T14:10:02.352+0100] {processor.py:208} INFO - Processing /opt/homebrew/Caskroom/miniconda/base/envs/airflow_env/lib/python3.9/site-packages/airflow/example_dags/example_xcom.py took 0.080 seconds
[2024-10-13T14:11:09.703+0100] {processor.py:186} INFO - Started process (PID=67356) to work on /opt/homebrew/Caskroom/miniconda/base/envs/airflow_env/lib/python3.9/site-packages/airflow/example_dags/example_xcom.py
[2024-10-13T14:11:09.704+0100] {processor.py:914} INFO - Processing file /opt/homebrew/Caskroom/miniconda/base/envs/airflow_env/lib/python3.9/site-packages/airflow/example_dags/example_xcom.py for tasks to queue
[2024-10-13T14:11:09.704+0100] {logging_mixin.py:190} INFO - [2024-10-13T14:11:09.704+0100] {dagbag.py:588} INFO - Filling up the DagBag from /opt/homebrew/Caskroom/miniconda/base/envs/airflow_env/lib/python3.9/site-packages/airflow/example_dags/example_xcom.py
[2024-10-13T14:11:09.734+0100] {processor.py:925} INFO - DAG(s) 'example_xcom' retrieved from /opt/homebrew/Caskroom/miniconda/base/envs/airflow_env/lib/python3.9/site-packages/airflow/example_dags/example_xcom.py
[2024-10-13T14:11:09.766+0100] {logging_mixin.py:190} INFO - [2024-10-13T14:11:09.766+0100] {dag.py:3239} INFO - Sync 1 DAGs
[2024-10-13T14:11:09.772+0100] {logging_mixin.py:190} INFO - [2024-10-13T14:11:09.772+0100] {dag.py:4180} INFO - Setting next_dagrun for example_xcom to 2021-01-01 00:00:00+00:00, run_after=2021-01-01 00:00:00+00:00
[2024-10-13T14:11:09.778+0100] {processor.py:208} INFO - Processing /opt/homebrew/Caskroom/miniconda/base/envs/airflow_env/lib/python3.9/site-packages/airflow/example_dags/example_xcom.py took 0.077 seconds
[2024-10-13T14:12:13.142+0100] {processor.py:186} INFO - Started process (PID=67443) to work on /opt/homebrew/Caskroom/miniconda/base/envs/airflow_env/lib/python3.9/site-packages/airflow/example_dags/example_xcom.py
[2024-10-13T14:12:13.143+0100] {processor.py:914} INFO - Processing file /opt/homebrew/Caskroom/miniconda/base/envs/airflow_env/lib/python3.9/site-packages/airflow/example_dags/example_xcom.py for tasks to queue
[2024-10-13T14:12:13.143+0100] {logging_mixin.py:190} INFO - [2024-10-13T14:12:13.143+0100] {dagbag.py:588} INFO - Filling up the DagBag from /opt/homebrew/Caskroom/miniconda/base/envs/airflow_env/lib/python3.9/site-packages/airflow/example_dags/example_xcom.py
[2024-10-13T14:12:13.175+0100] {processor.py:925} INFO - DAG(s) 'example_xcom' retrieved from /opt/homebrew/Caskroom/miniconda/base/envs/airflow_env/lib/python3.9/site-packages/airflow/example_dags/example_xcom.py
[2024-10-13T14:12:13.208+0100] {logging_mixin.py:190} INFO - [2024-10-13T14:12:13.208+0100] {dag.py:3239} INFO - Sync 1 DAGs
[2024-10-13T14:12:13.214+0100] {logging_mixin.py:190} INFO - [2024-10-13T14:12:13.214+0100] {dag.py:4180} INFO - Setting next_dagrun for example_xcom to 2021-01-01 00:00:00+00:00, run_after=2021-01-01 00:00:00+00:00
[2024-10-13T14:12:13.220+0100] {processor.py:208} INFO - Processing /opt/homebrew/Caskroom/miniconda/base/envs/airflow_env/lib/python3.9/site-packages/airflow/example_dags/example_xcom.py took 0.080 seconds
[2024-10-13T14:13:14.761+0100] {processor.py:186} INFO - Started process (PID=67524) to work on /opt/homebrew/Caskroom/miniconda/base/envs/airflow_env/lib/python3.9/site-packages/airflow/example_dags/example_xcom.py
[2024-10-13T14:13:14.762+0100] {processor.py:914} INFO - Processing file /opt/homebrew/Caskroom/miniconda/base/envs/airflow_env/lib/python3.9/site-packages/airflow/example_dags/example_xcom.py for tasks to queue
[2024-10-13T14:13:14.762+0100] {logging_mixin.py:190} INFO - [2024-10-13T14:13:14.762+0100] {dagbag.py:588} INFO - Filling up the DagBag from /opt/homebrew/Caskroom/miniconda/base/envs/airflow_env/lib/python3.9/site-packages/airflow/example_dags/example_xcom.py
[2024-10-13T14:13:14.795+0100] {processor.py:925} INFO - DAG(s) 'example_xcom' retrieved from /opt/homebrew/Caskroom/miniconda/base/envs/airflow_env/lib/python3.9/site-packages/airflow/example_dags/example_xcom.py
[2024-10-13T14:13:14.828+0100] {logging_mixin.py:190} INFO - [2024-10-13T14:13:14.828+0100] {dag.py:3239} INFO - Sync 1 DAGs
[2024-10-13T14:13:14.834+0100] {logging_mixin.py:190} INFO - [2024-10-13T14:13:14.834+0100] {dag.py:4180} INFO - Setting next_dagrun for example_xcom to 2021-01-01 00:00:00+00:00, run_after=2021-01-01 00:00:00+00:00
[2024-10-13T14:13:14.842+0100] {processor.py:208} INFO - Processing /opt/homebrew/Caskroom/miniconda/base/envs/airflow_env/lib/python3.9/site-packages/airflow/example_dags/example_xcom.py took 0.082 seconds
[2024-10-13T14:14:20.392+0100] {processor.py:186} INFO - Started process (PID=67595) to work on /opt/homebrew/Caskroom/miniconda/base/envs/airflow_env/lib/python3.9/site-packages/airflow/example_dags/example_xcom.py
[2024-10-13T14:14:20.392+0100] {processor.py:914} INFO - Processing file /opt/homebrew/Caskroom/miniconda/base/envs/airflow_env/lib/python3.9/site-packages/airflow/example_dags/example_xcom.py for tasks to queue
[2024-10-13T14:14:20.393+0100] {logging_mixin.py:190} INFO - [2024-10-13T14:14:20.393+0100] {dagbag.py:588} INFO - Filling up the DagBag from /opt/homebrew/Caskroom/miniconda/base/envs/airflow_env/lib/python3.9/site-packages/airflow/example_dags/example_xcom.py
[2024-10-13T14:14:20.426+0100] {processor.py:925} INFO - DAG(s) 'example_xcom' retrieved from /opt/homebrew/Caskroom/miniconda/base/envs/airflow_env/lib/python3.9/site-packages/airflow/example_dags/example_xcom.py
[2024-10-13T14:14:20.461+0100] {logging_mixin.py:190} INFO - [2024-10-13T14:14:20.461+0100] {dag.py:3239} INFO - Sync 1 DAGs
[2024-10-13T14:14:20.467+0100] {logging_mixin.py:190} INFO - [2024-10-13T14:14:20.467+0100] {dag.py:4180} INFO - Setting next_dagrun for example_xcom to 2021-01-01 00:00:00+00:00, run_after=2021-01-01 00:00:00+00:00
[2024-10-13T14:14:20.474+0100] {processor.py:208} INFO - Processing /opt/homebrew/Caskroom/miniconda/base/envs/airflow_env/lib/python3.9/site-packages/airflow/example_dags/example_xcom.py took 0.084 seconds
[2024-10-13T14:15:24.790+0100] {processor.py:186} INFO - Started process (PID=67647) to work on /opt/homebrew/Caskroom/miniconda/base/envs/airflow_env/lib/python3.9/site-packages/airflow/example_dags/example_xcom.py
[2024-10-13T14:15:24.790+0100] {processor.py:914} INFO - Processing file /opt/homebrew/Caskroom/miniconda/base/envs/airflow_env/lib/python3.9/site-packages/airflow/example_dags/example_xcom.py for tasks to queue
[2024-10-13T14:15:24.791+0100] {logging_mixin.py:190} INFO - [2024-10-13T14:15:24.791+0100] {dagbag.py:588} INFO - Filling up the DagBag from /opt/homebrew/Caskroom/miniconda/base/envs/airflow_env/lib/python3.9/site-packages/airflow/example_dags/example_xcom.py
[2024-10-13T14:15:24.826+0100] {processor.py:925} INFO - DAG(s) 'example_xcom' retrieved from /opt/homebrew/Caskroom/miniconda/base/envs/airflow_env/lib/python3.9/site-packages/airflow/example_dags/example_xcom.py
[2024-10-13T14:15:24.861+0100] {logging_mixin.py:190} INFO - [2024-10-13T14:15:24.861+0100] {dag.py:3239} INFO - Sync 1 DAGs
[2024-10-13T14:15:24.868+0100] {logging_mixin.py:190} INFO - [2024-10-13T14:15:24.867+0100] {dag.py:4180} INFO - Setting next_dagrun for example_xcom to 2021-01-01 00:00:00+00:00, run_after=2021-01-01 00:00:00+00:00
[2024-10-13T14:15:24.875+0100] {processor.py:208} INFO - Processing /opt/homebrew/Caskroom/miniconda/base/envs/airflow_env/lib/python3.9/site-packages/airflow/example_dags/example_xcom.py took 0.087 seconds
[2024-10-13T14:16:33.106+0100] {processor.py:186} INFO - Started process (PID=67714) to work on /opt/homebrew/Caskroom/miniconda/base/envs/airflow_env/lib/python3.9/site-packages/airflow/example_dags/example_xcom.py
[2024-10-13T14:16:33.107+0100] {processor.py:914} INFO - Processing file /opt/homebrew/Caskroom/miniconda/base/envs/airflow_env/lib/python3.9/site-packages/airflow/example_dags/example_xcom.py for tasks to queue
[2024-10-13T14:16:33.107+0100] {logging_mixin.py:190} INFO - [2024-10-13T14:16:33.107+0100] {dagbag.py:588} INFO - Filling up the DagBag from /opt/homebrew/Caskroom/miniconda/base/envs/airflow_env/lib/python3.9/site-packages/airflow/example_dags/example_xcom.py
[2024-10-13T14:16:33.157+0100] {processor.py:925} INFO - DAG(s) 'example_xcom' retrieved from /opt/homebrew/Caskroom/miniconda/base/envs/airflow_env/lib/python3.9/site-packages/airflow/example_dags/example_xcom.py
[2024-10-13T14:16:33.197+0100] {logging_mixin.py:190} INFO - [2024-10-13T14:16:33.197+0100] {dag.py:3239} INFO - Sync 1 DAGs
[2024-10-13T14:16:33.204+0100] {logging_mixin.py:190} INFO - [2024-10-13T14:16:33.204+0100] {dag.py:4180} INFO - Setting next_dagrun for example_xcom to 2021-01-01 00:00:00+00:00, run_after=2021-01-01 00:00:00+00:00
[2024-10-13T14:16:33.212+0100] {processor.py:208} INFO - Processing /opt/homebrew/Caskroom/miniconda/base/envs/airflow_env/lib/python3.9/site-packages/airflow/example_dags/example_xcom.py took 0.109 seconds
[2024-10-13T14:18:47.578+0100] {processor.py:186} INFO - Started process (PID=67775) to work on /opt/homebrew/Caskroom/miniconda/base/envs/airflow_env/lib/python3.9/site-packages/airflow/example_dags/example_xcom.py
[2024-10-13T14:18:47.579+0100] {processor.py:914} INFO - Processing file /opt/homebrew/Caskroom/miniconda/base/envs/airflow_env/lib/python3.9/site-packages/airflow/example_dags/example_xcom.py for tasks to queue
[2024-10-13T14:18:47.579+0100] {logging_mixin.py:190} INFO - [2024-10-13T14:18:47.579+0100] {dagbag.py:588} INFO - Filling up the DagBag from /opt/homebrew/Caskroom/miniconda/base/envs/airflow_env/lib/python3.9/site-packages/airflow/example_dags/example_xcom.py
[2024-10-13T14:18:47.608+0100] {processor.py:925} INFO - DAG(s) 'example_xcom' retrieved from /opt/homebrew/Caskroom/miniconda/base/envs/airflow_env/lib/python3.9/site-packages/airflow/example_dags/example_xcom.py
[2024-10-13T14:18:47.639+0100] {logging_mixin.py:190} INFO - [2024-10-13T14:18:47.639+0100] {dag.py:3239} INFO - Sync 1 DAGs
[2024-10-13T14:18:47.645+0100] {logging_mixin.py:190} INFO - [2024-10-13T14:18:47.645+0100] {dag.py:4180} INFO - Setting next_dagrun for example_xcom to 2021-01-01 00:00:00+00:00, run_after=2021-01-01 00:00:00+00:00
[2024-10-13T14:18:47.651+0100] {processor.py:208} INFO - Processing /opt/homebrew/Caskroom/miniconda/base/envs/airflow_env/lib/python3.9/site-packages/airflow/example_dags/example_xcom.py took 0.074 seconds
[2024-10-13T15:14:00.027+0100] {processor.py:186} INFO - Started process (PID=67943) to work on /opt/homebrew/Caskroom/miniconda/base/envs/airflow_env/lib/python3.9/site-packages/airflow/example_dags/example_xcom.py
[2024-10-13T15:14:00.029+0100] {processor.py:914} INFO - Processing file /opt/homebrew/Caskroom/miniconda/base/envs/airflow_env/lib/python3.9/site-packages/airflow/example_dags/example_xcom.py for tasks to queue
[2024-10-13T15:14:00.029+0100] {logging_mixin.py:190} INFO - [2024-10-13T15:14:00.029+0100] {dagbag.py:588} INFO - Filling up the DagBag from /opt/homebrew/Caskroom/miniconda/base/envs/airflow_env/lib/python3.9/site-packages/airflow/example_dags/example_xcom.py
[2024-10-13T15:14:00.076+0100] {processor.py:925} INFO - DAG(s) 'example_xcom' retrieved from /opt/homebrew/Caskroom/miniconda/base/envs/airflow_env/lib/python3.9/site-packages/airflow/example_dags/example_xcom.py
[2024-10-13T15:14:00.114+0100] {logging_mixin.py:190} INFO - [2024-10-13T15:14:00.114+0100] {dag.py:3239} INFO - Sync 1 DAGs
[2024-10-13T15:14:00.121+0100] {logging_mixin.py:190} INFO - [2024-10-13T15:14:00.120+0100] {dag.py:4180} INFO - Setting next_dagrun for example_xcom to 2021-01-01 00:00:00+00:00, run_after=2021-01-01 00:00:00+00:00
[2024-10-13T15:14:00.128+0100] {processor.py:208} INFO - Processing /opt/homebrew/Caskroom/miniconda/base/envs/airflow_env/lib/python3.9/site-packages/airflow/example_dags/example_xcom.py took 0.103 seconds
[2024-10-13T15:15:15.029+0100] {processor.py:186} INFO - Started process (PID=68029) to work on /opt/homebrew/Caskroom/miniconda/base/envs/airflow_env/lib/python3.9/site-packages/airflow/example_dags/example_xcom.py
[2024-10-13T15:15:15.030+0100] {processor.py:914} INFO - Processing file /opt/homebrew/Caskroom/miniconda/base/envs/airflow_env/lib/python3.9/site-packages/airflow/example_dags/example_xcom.py for tasks to queue
[2024-10-13T15:15:15.030+0100] {logging_mixin.py:190} INFO - [2024-10-13T15:15:15.030+0100] {dagbag.py:588} INFO - Filling up the DagBag from /opt/homebrew/Caskroom/miniconda/base/envs/airflow_env/lib/python3.9/site-packages/airflow/example_dags/example_xcom.py
[2024-10-13T15:15:15.061+0100] {processor.py:925} INFO - DAG(s) 'example_xcom' retrieved from /opt/homebrew/Caskroom/miniconda/base/envs/airflow_env/lib/python3.9/site-packages/airflow/example_dags/example_xcom.py
[2024-10-13T15:15:15.093+0100] {logging_mixin.py:190} INFO - [2024-10-13T15:15:15.093+0100] {dag.py:3239} INFO - Sync 1 DAGs
[2024-10-13T15:15:15.099+0100] {logging_mixin.py:190} INFO - [2024-10-13T15:15:15.099+0100] {dag.py:4180} INFO - Setting next_dagrun for example_xcom to 2021-01-01 00:00:00+00:00, run_after=2021-01-01 00:00:00+00:00
[2024-10-13T15:15:15.105+0100] {processor.py:208} INFO - Processing /opt/homebrew/Caskroom/miniconda/base/envs/airflow_env/lib/python3.9/site-packages/airflow/example_dags/example_xcom.py took 0.078 seconds
[2024-10-13T15:16:21.600+0100] {processor.py:186} INFO - Started process (PID=68086) to work on /opt/homebrew/Caskroom/miniconda/base/envs/airflow_env/lib/python3.9/site-packages/airflow/example_dags/example_xcom.py
[2024-10-13T15:16:21.600+0100] {processor.py:914} INFO - Processing file /opt/homebrew/Caskroom/miniconda/base/envs/airflow_env/lib/python3.9/site-packages/airflow/example_dags/example_xcom.py for tasks to queue
[2024-10-13T15:16:21.601+0100] {logging_mixin.py:190} INFO - [2024-10-13T15:16:21.601+0100] {dagbag.py:588} INFO - Filling up the DagBag from /opt/homebrew/Caskroom/miniconda/base/envs/airflow_env/lib/python3.9/site-packages/airflow/example_dags/example_xcom.py
[2024-10-13T15:16:21.632+0100] {processor.py:925} INFO - DAG(s) 'example_xcom' retrieved from /opt/homebrew/Caskroom/miniconda/base/envs/airflow_env/lib/python3.9/site-packages/airflow/example_dags/example_xcom.py
[2024-10-13T15:16:21.664+0100] {logging_mixin.py:190} INFO - [2024-10-13T15:16:21.664+0100] {dag.py:3239} INFO - Sync 1 DAGs
[2024-10-13T15:16:21.670+0100] {logging_mixin.py:190} INFO - [2024-10-13T15:16:21.670+0100] {dag.py:4180} INFO - Setting next_dagrun for example_xcom to 2021-01-01 00:00:00+00:00, run_after=2021-01-01 00:00:00+00:00
[2024-10-13T15:16:21.676+0100] {processor.py:208} INFO - Processing /opt/homebrew/Caskroom/miniconda/base/envs/airflow_env/lib/python3.9/site-packages/airflow/example_dags/example_xcom.py took 0.078 seconds
[2024-10-13T15:17:25.312+0100] {processor.py:186} INFO - Started process (PID=68148) to work on /opt/homebrew/Caskroom/miniconda/base/envs/airflow_env/lib/python3.9/site-packages/airflow/example_dags/example_xcom.py
[2024-10-13T15:17:25.313+0100] {processor.py:914} INFO - Processing file /opt/homebrew/Caskroom/miniconda/base/envs/airflow_env/lib/python3.9/site-packages/airflow/example_dags/example_xcom.py for tasks to queue
[2024-10-13T15:17:25.313+0100] {logging_mixin.py:190} INFO - [2024-10-13T15:17:25.313+0100] {dagbag.py:588} INFO - Filling up the DagBag from /opt/homebrew/Caskroom/miniconda/base/envs/airflow_env/lib/python3.9/site-packages/airflow/example_dags/example_xcom.py
[2024-10-13T15:17:25.344+0100] {processor.py:925} INFO - DAG(s) 'example_xcom' retrieved from /opt/homebrew/Caskroom/miniconda/base/envs/airflow_env/lib/python3.9/site-packages/airflow/example_dags/example_xcom.py
[2024-10-13T15:17:25.377+0100] {logging_mixin.py:190} INFO - [2024-10-13T15:17:25.377+0100] {dag.py:3239} INFO - Sync 1 DAGs
[2024-10-13T15:17:25.383+0100] {logging_mixin.py:190} INFO - [2024-10-13T15:17:25.382+0100] {dag.py:4180} INFO - Setting next_dagrun for example_xcom to 2021-01-01 00:00:00+00:00, run_after=2021-01-01 00:00:00+00:00
[2024-10-13T15:17:25.389+0100] {processor.py:208} INFO - Processing /opt/homebrew/Caskroom/miniconda/base/envs/airflow_env/lib/python3.9/site-packages/airflow/example_dags/example_xcom.py took 0.078 seconds
[2024-10-13T15:18:33.227+0100] {processor.py:186} INFO - Started process (PID=68212) to work on /opt/homebrew/Caskroom/miniconda/base/envs/airflow_env/lib/python3.9/site-packages/airflow/example_dags/example_xcom.py
[2024-10-13T15:18:33.228+0100] {processor.py:914} INFO - Processing file /opt/homebrew/Caskroom/miniconda/base/envs/airflow_env/lib/python3.9/site-packages/airflow/example_dags/example_xcom.py for tasks to queue
[2024-10-13T15:18:33.229+0100] {logging_mixin.py:190} INFO - [2024-10-13T15:18:33.228+0100] {dagbag.py:588} INFO - Filling up the DagBag from /opt/homebrew/Caskroom/miniconda/base/envs/airflow_env/lib/python3.9/site-packages/airflow/example_dags/example_xcom.py
[2024-10-13T15:18:33.269+0100] {processor.py:925} INFO - DAG(s) 'example_xcom' retrieved from /opt/homebrew/Caskroom/miniconda/base/envs/airflow_env/lib/python3.9/site-packages/airflow/example_dags/example_xcom.py
[2024-10-13T15:18:33.310+0100] {logging_mixin.py:190} INFO - [2024-10-13T15:18:33.310+0100] {dag.py:3239} INFO - Sync 1 DAGs
[2024-10-13T15:18:33.317+0100] {logging_mixin.py:190} INFO - [2024-10-13T15:18:33.317+0100] {dag.py:4180} INFO - Setting next_dagrun for example_xcom to 2021-01-01 00:00:00+00:00, run_after=2021-01-01 00:00:00+00:00
[2024-10-13T15:18:33.324+0100] {processor.py:208} INFO - Processing /opt/homebrew/Caskroom/miniconda/base/envs/airflow_env/lib/python3.9/site-packages/airflow/example_dags/example_xcom.py took 0.099 seconds
[2024-10-13T15:19:40.123+0100] {processor.py:186} INFO - Started process (PID=68290) to work on /opt/homebrew/Caskroom/miniconda/base/envs/airflow_env/lib/python3.9/site-packages/airflow/example_dags/example_xcom.py
[2024-10-13T15:19:40.124+0100] {processor.py:914} INFO - Processing file /opt/homebrew/Caskroom/miniconda/base/envs/airflow_env/lib/python3.9/site-packages/airflow/example_dags/example_xcom.py for tasks to queue
[2024-10-13T15:19:40.124+0100] {logging_mixin.py:190} INFO - [2024-10-13T15:19:40.124+0100] {dagbag.py:588} INFO - Filling up the DagBag from /opt/homebrew/Caskroom/miniconda/base/envs/airflow_env/lib/python3.9/site-packages/airflow/example_dags/example_xcom.py
[2024-10-13T15:19:40.154+0100] {processor.py:925} INFO - DAG(s) 'example_xcom' retrieved from /opt/homebrew/Caskroom/miniconda/base/envs/airflow_env/lib/python3.9/site-packages/airflow/example_dags/example_xcom.py
[2024-10-13T15:19:40.186+0100] {logging_mixin.py:190} INFO - [2024-10-13T15:19:40.186+0100] {dag.py:3239} INFO - Sync 1 DAGs
[2024-10-13T15:19:40.192+0100] {logging_mixin.py:190} INFO - [2024-10-13T15:19:40.192+0100] {dag.py:4180} INFO - Setting next_dagrun for example_xcom to 2021-01-01 00:00:00+00:00, run_after=2021-01-01 00:00:00+00:00
[2024-10-13T15:19:40.198+0100] {processor.py:208} INFO - Processing /opt/homebrew/Caskroom/miniconda/base/envs/airflow_env/lib/python3.9/site-packages/airflow/example_dags/example_xcom.py took 0.076 seconds
[2024-10-13T15:20:45.786+0100] {processor.py:186} INFO - Started process (PID=68355) to work on /opt/homebrew/Caskroom/miniconda/base/envs/airflow_env/lib/python3.9/site-packages/airflow/example_dags/example_xcom.py
[2024-10-13T15:20:45.787+0100] {processor.py:914} INFO - Processing file /opt/homebrew/Caskroom/miniconda/base/envs/airflow_env/lib/python3.9/site-packages/airflow/example_dags/example_xcom.py for tasks to queue
[2024-10-13T15:20:45.787+0100] {logging_mixin.py:190} INFO - [2024-10-13T15:20:45.787+0100] {dagbag.py:588} INFO - Filling up the DagBag from /opt/homebrew/Caskroom/miniconda/base/envs/airflow_env/lib/python3.9/site-packages/airflow/example_dags/example_xcom.py
[2024-10-13T15:20:45.818+0100] {processor.py:925} INFO - DAG(s) 'example_xcom' retrieved from /opt/homebrew/Caskroom/miniconda/base/envs/airflow_env/lib/python3.9/site-packages/airflow/example_dags/example_xcom.py
[2024-10-13T15:20:45.851+0100] {logging_mixin.py:190} INFO - [2024-10-13T15:20:45.850+0100] {dag.py:3239} INFO - Sync 1 DAGs
[2024-10-13T15:20:45.856+0100] {logging_mixin.py:190} INFO - [2024-10-13T15:20:45.856+0100] {dag.py:4180} INFO - Setting next_dagrun for example_xcom to 2021-01-01 00:00:00+00:00, run_after=2021-01-01 00:00:00+00:00
[2024-10-13T15:20:45.862+0100] {processor.py:208} INFO - Processing /opt/homebrew/Caskroom/miniconda/base/envs/airflow_env/lib/python3.9/site-packages/airflow/example_dags/example_xcom.py took 0.078 seconds
[2024-10-13T15:21:50.565+0100] {processor.py:186} INFO - Started process (PID=68442) to work on /opt/homebrew/Caskroom/miniconda/base/envs/airflow_env/lib/python3.9/site-packages/airflow/example_dags/example_xcom.py
[2024-10-13T15:21:50.565+0100] {processor.py:914} INFO - Processing file /opt/homebrew/Caskroom/miniconda/base/envs/airflow_env/lib/python3.9/site-packages/airflow/example_dags/example_xcom.py for tasks to queue
[2024-10-13T15:21:50.565+0100] {logging_mixin.py:190} INFO - [2024-10-13T15:21:50.565+0100] {dagbag.py:588} INFO - Filling up the DagBag from /opt/homebrew/Caskroom/miniconda/base/envs/airflow_env/lib/python3.9/site-packages/airflow/example_dags/example_xcom.py
[2024-10-13T15:21:50.596+0100] {processor.py:925} INFO - DAG(s) 'example_xcom' retrieved from /opt/homebrew/Caskroom/miniconda/base/envs/airflow_env/lib/python3.9/site-packages/airflow/example_dags/example_xcom.py
[2024-10-13T15:21:50.629+0100] {logging_mixin.py:190} INFO - [2024-10-13T15:21:50.629+0100] {dag.py:3239} INFO - Sync 1 DAGs
[2024-10-13T15:21:50.634+0100] {logging_mixin.py:190} INFO - [2024-10-13T15:21:50.634+0100] {dag.py:4180} INFO - Setting next_dagrun for example_xcom to 2021-01-01 00:00:00+00:00, run_after=2021-01-01 00:00:00+00:00
[2024-10-13T15:21:50.641+0100] {processor.py:208} INFO - Processing /opt/homebrew/Caskroom/miniconda/base/envs/airflow_env/lib/python3.9/site-packages/airflow/example_dags/example_xcom.py took 0.078 seconds
[2024-10-13T15:22:53.153+0100] {processor.py:186} INFO - Started process (PID=68563) to work on /opt/homebrew/Caskroom/miniconda/base/envs/airflow_env/lib/python3.9/site-packages/airflow/example_dags/example_xcom.py
[2024-10-13T15:22:53.153+0100] {processor.py:914} INFO - Processing file /opt/homebrew/Caskroom/miniconda/base/envs/airflow_env/lib/python3.9/site-packages/airflow/example_dags/example_xcom.py for tasks to queue
[2024-10-13T15:22:53.154+0100] {logging_mixin.py:190} INFO - [2024-10-13T15:22:53.154+0100] {dagbag.py:588} INFO - Filling up the DagBag from /opt/homebrew/Caskroom/miniconda/base/envs/airflow_env/lib/python3.9/site-packages/airflow/example_dags/example_xcom.py
[2024-10-13T15:22:53.185+0100] {processor.py:925} INFO - DAG(s) 'example_xcom' retrieved from /opt/homebrew/Caskroom/miniconda/base/envs/airflow_env/lib/python3.9/site-packages/airflow/example_dags/example_xcom.py
[2024-10-13T15:22:53.219+0100] {logging_mixin.py:190} INFO - [2024-10-13T15:22:53.219+0100] {dag.py:3239} INFO - Sync 1 DAGs
[2024-10-13T15:22:53.225+0100] {logging_mixin.py:190} INFO - [2024-10-13T15:22:53.224+0100] {dag.py:4180} INFO - Setting next_dagrun for example_xcom to 2021-01-01 00:00:00+00:00, run_after=2021-01-01 00:00:00+00:00
[2024-10-13T15:22:53.231+0100] {processor.py:208} INFO - Processing /opt/homebrew/Caskroom/miniconda/base/envs/airflow_env/lib/python3.9/site-packages/airflow/example_dags/example_xcom.py took 0.080 seconds
[2024-10-13T15:23:55.052+0100] {processor.py:186} INFO - Started process (PID=68617) to work on /opt/homebrew/Caskroom/miniconda/base/envs/airflow_env/lib/python3.9/site-packages/airflow/example_dags/example_xcom.py
[2024-10-13T15:23:55.053+0100] {processor.py:914} INFO - Processing file /opt/homebrew/Caskroom/miniconda/base/envs/airflow_env/lib/python3.9/site-packages/airflow/example_dags/example_xcom.py for tasks to queue
[2024-10-13T15:23:55.053+0100] {logging_mixin.py:190} INFO - [2024-10-13T15:23:55.053+0100] {dagbag.py:588} INFO - Filling up the DagBag from /opt/homebrew/Caskroom/miniconda/base/envs/airflow_env/lib/python3.9/site-packages/airflow/example_dags/example_xcom.py
[2024-10-13T15:23:55.085+0100] {processor.py:925} INFO - DAG(s) 'example_xcom' retrieved from /opt/homebrew/Caskroom/miniconda/base/envs/airflow_env/lib/python3.9/site-packages/airflow/example_dags/example_xcom.py
[2024-10-13T15:23:55.118+0100] {logging_mixin.py:190} INFO - [2024-10-13T15:23:55.118+0100] {dag.py:3239} INFO - Sync 1 DAGs
[2024-10-13T15:23:55.123+0100] {logging_mixin.py:190} INFO - [2024-10-13T15:23:55.123+0100] {dag.py:4180} INFO - Setting next_dagrun for example_xcom to 2021-01-01 00:00:00+00:00, run_after=2021-01-01 00:00:00+00:00
[2024-10-13T15:23:55.129+0100] {processor.py:208} INFO - Processing /opt/homebrew/Caskroom/miniconda/base/envs/airflow_env/lib/python3.9/site-packages/airflow/example_dags/example_xcom.py took 0.079 seconds
[2024-10-13T15:25:02.388+0100] {processor.py:186} INFO - Started process (PID=68681) to work on /opt/homebrew/Caskroom/miniconda/base/envs/airflow_env/lib/python3.9/site-packages/airflow/example_dags/example_xcom.py
[2024-10-13T15:25:02.389+0100] {processor.py:914} INFO - Processing file /opt/homebrew/Caskroom/miniconda/base/envs/airflow_env/lib/python3.9/site-packages/airflow/example_dags/example_xcom.py for tasks to queue
[2024-10-13T15:25:02.389+0100] {logging_mixin.py:190} INFO - [2024-10-13T15:25:02.389+0100] {dagbag.py:588} INFO - Filling up the DagBag from /opt/homebrew/Caskroom/miniconda/base/envs/airflow_env/lib/python3.9/site-packages/airflow/example_dags/example_xcom.py
[2024-10-13T15:25:02.421+0100] {processor.py:925} INFO - DAG(s) 'example_xcom' retrieved from /opt/homebrew/Caskroom/miniconda/base/envs/airflow_env/lib/python3.9/site-packages/airflow/example_dags/example_xcom.py
[2024-10-13T15:25:02.455+0100] {logging_mixin.py:190} INFO - [2024-10-13T15:25:02.455+0100] {dag.py:3239} INFO - Sync 1 DAGs
[2024-10-13T15:25:02.461+0100] {logging_mixin.py:190} INFO - [2024-10-13T15:25:02.461+0100] {dag.py:4180} INFO - Setting next_dagrun for example_xcom to 2021-01-01 00:00:00+00:00, run_after=2021-01-01 00:00:00+00:00
[2024-10-13T15:25:02.467+0100] {processor.py:208} INFO - Processing /opt/homebrew/Caskroom/miniconda/base/envs/airflow_env/lib/python3.9/site-packages/airflow/example_dags/example_xcom.py took 0.081 seconds
[2024-10-13T15:26:06.380+0100] {processor.py:186} INFO - Started process (PID=68790) to work on /opt/homebrew/Caskroom/miniconda/base/envs/airflow_env/lib/python3.9/site-packages/airflow/example_dags/example_xcom.py
[2024-10-13T15:26:06.381+0100] {processor.py:914} INFO - Processing file /opt/homebrew/Caskroom/miniconda/base/envs/airflow_env/lib/python3.9/site-packages/airflow/example_dags/example_xcom.py for tasks to queue
[2024-10-13T15:26:06.381+0100] {logging_mixin.py:190} INFO - [2024-10-13T15:26:06.381+0100] {dagbag.py:588} INFO - Filling up the DagBag from /opt/homebrew/Caskroom/miniconda/base/envs/airflow_env/lib/python3.9/site-packages/airflow/example_dags/example_xcom.py
[2024-10-13T15:26:06.412+0100] {processor.py:925} INFO - DAG(s) 'example_xcom' retrieved from /opt/homebrew/Caskroom/miniconda/base/envs/airflow_env/lib/python3.9/site-packages/airflow/example_dags/example_xcom.py
[2024-10-13T15:26:06.445+0100] {logging_mixin.py:190} INFO - [2024-10-13T15:26:06.445+0100] {dag.py:3239} INFO - Sync 1 DAGs
[2024-10-13T15:26:06.451+0100] {logging_mixin.py:190} INFO - [2024-10-13T15:26:06.451+0100] {dag.py:4180} INFO - Setting next_dagrun for example_xcom to 2021-01-01 00:00:00+00:00, run_after=2021-01-01 00:00:00+00:00
[2024-10-13T15:26:06.457+0100] {processor.py:208} INFO - Processing /opt/homebrew/Caskroom/miniconda/base/envs/airflow_env/lib/python3.9/site-packages/airflow/example_dags/example_xcom.py took 0.079 seconds
