[2024-10-13T14:08:57.975+0100] {processor.py:186} INFO - Started process (PID=67218) to work on /opt/homebrew/Caskroom/miniconda/base/envs/airflow_env/lib/python3.9/site-packages/airflow/example_dags/example_params_ui_tutorial.py
[2024-10-13T14:08:57.976+0100] {processor.py:914} INFO - Processing file /opt/homebrew/Caskroom/miniconda/base/envs/airflow_env/lib/python3.9/site-packages/airflow/example_dags/example_params_ui_tutorial.py for tasks to queue
[2024-10-13T14:08:57.976+0100] {logging_mixin.py:190} INFO - [2024-10-13T14:08:57.976+0100] {dagbag.py:588} INFO - Filling up the DagBag from /opt/homebrew/Caskroom/miniconda/base/envs/airflow_env/lib/python3.9/site-packages/airflow/example_dags/example_params_ui_tutorial.py
[2024-10-13T14:08:58.008+0100] {processor.py:925} INFO - DAG(s) 'example_params_ui_tutorial' retrieved from /opt/homebrew/Caskroom/miniconda/base/envs/airflow_env/lib/python3.9/site-packages/airflow/example_dags/example_params_ui_tutorial.py
[2024-10-13T14:08:58.080+0100] {logging_mixin.py:190} INFO - [2024-10-13T14:08:58.080+0100] {override.py:1901} INFO - Created Permission View: can read on DAG:example_params_ui_tutorial
[2024-10-13T14:08:58.083+0100] {logging_mixin.py:190} INFO - [2024-10-13T14:08:58.083+0100] {override.py:1901} INFO - Created Permission View: can edit on DAG:example_params_ui_tutorial
[2024-10-13T14:08:58.086+0100] {logging_mixin.py:190} INFO - [2024-10-13T14:08:58.085+0100] {override.py:1901} INFO - Created Permission View: can delete on DAG:example_params_ui_tutorial
[2024-10-13T14:08:58.088+0100] {logging_mixin.py:190} INFO - [2024-10-13T14:08:58.088+0100] {override.py:1901} INFO - Created Permission View: can read on DAG Run:example_params_ui_tutorial
[2024-10-13T14:08:58.090+0100] {logging_mixin.py:190} INFO - [2024-10-13T14:08:58.090+0100] {override.py:1901} INFO - Created Permission View: menu access on DAG Run:example_params_ui_tutorial
[2024-10-13T14:08:58.092+0100] {logging_mixin.py:190} INFO - [2024-10-13T14:08:58.092+0100] {override.py:1901} INFO - Created Permission View: can create on DAG Run:example_params_ui_tutorial
[2024-10-13T14:08:58.094+0100] {logging_mixin.py:190} INFO - [2024-10-13T14:08:58.094+0100] {override.py:1901} INFO - Created Permission View: can delete on DAG Run:example_params_ui_tutorial
[2024-10-13T14:08:58.094+0100] {logging_mixin.py:190} INFO - [2024-10-13T14:08:58.094+0100] {dag.py:3239} INFO - Sync 1 DAGs
[2024-10-13T14:08:58.098+0100] {logging_mixin.py:190} INFO - [2024-10-13T14:08:58.098+0100] {dag.py:3262} INFO - Creating ORM DAG for example_params_ui_tutorial
[2024-10-13T14:08:58.098+0100] {logging_mixin.py:190} INFO - [2024-10-13T14:08:58.098+0100] {dag.py:4180} INFO - Setting next_dagrun for example_params_ui_tutorial to None, run_after=None
[2024-10-13T14:08:58.104+0100] {processor.py:208} INFO - Processing /opt/homebrew/Caskroom/miniconda/base/envs/airflow_env/lib/python3.9/site-packages/airflow/example_dags/example_params_ui_tutorial.py took 0.130 seconds
[2024-10-13T14:10:36.278+0100] {processor.py:186} INFO - Started process (PID=67324) to work on /opt/homebrew/Caskroom/miniconda/base/envs/airflow_env/lib/python3.9/site-packages/airflow/example_dags/example_params_ui_tutorial.py
[2024-10-13T14:10:36.278+0100] {processor.py:914} INFO - Processing file /opt/homebrew/Caskroom/miniconda/base/envs/airflow_env/lib/python3.9/site-packages/airflow/example_dags/example_params_ui_tutorial.py for tasks to queue
[2024-10-13T14:10:36.279+0100] {logging_mixin.py:190} INFO - [2024-10-13T14:10:36.279+0100] {dagbag.py:588} INFO - Filling up the DagBag from /opt/homebrew/Caskroom/miniconda/base/envs/airflow_env/lib/python3.9/site-packages/airflow/example_dags/example_params_ui_tutorial.py
[2024-10-13T14:10:36.312+0100] {processor.py:925} INFO - DAG(s) 'example_params_ui_tutorial' retrieved from /opt/homebrew/Caskroom/miniconda/base/envs/airflow_env/lib/python3.9/site-packages/airflow/example_dags/example_params_ui_tutorial.py
[2024-10-13T14:10:36.354+0100] {logging_mixin.py:190} INFO - [2024-10-13T14:10:36.354+0100] {dag.py:3239} INFO - Sync 1 DAGs
[2024-10-13T14:10:36.358+0100] {logging_mixin.py:190} INFO - [2024-10-13T14:10:36.358+0100] {dag.py:4180} INFO - Setting next_dagrun for example_params_ui_tutorial to None, run_after=None
[2024-10-13T14:10:36.365+0100] {processor.py:208} INFO - Processing /opt/homebrew/Caskroom/miniconda/base/envs/airflow_env/lib/python3.9/site-packages/airflow/example_dags/example_params_ui_tutorial.py took 0.089 seconds
[2024-10-13T14:12:42.562+0100] {processor.py:186} INFO - Started process (PID=67470) to work on /opt/homebrew/Caskroom/miniconda/base/envs/airflow_env/lib/python3.9/site-packages/airflow/example_dags/example_params_ui_tutorial.py
[2024-10-13T14:12:42.562+0100] {processor.py:914} INFO - Processing file /opt/homebrew/Caskroom/miniconda/base/envs/airflow_env/lib/python3.9/site-packages/airflow/example_dags/example_params_ui_tutorial.py for tasks to queue
[2024-10-13T14:12:42.562+0100] {logging_mixin.py:190} INFO - [2024-10-13T14:12:42.562+0100] {dagbag.py:588} INFO - Filling up the DagBag from /opt/homebrew/Caskroom/miniconda/base/envs/airflow_env/lib/python3.9/site-packages/airflow/example_dags/example_params_ui_tutorial.py
[2024-10-13T14:12:42.593+0100] {processor.py:925} INFO - DAG(s) 'example_params_ui_tutorial' retrieved from /opt/homebrew/Caskroom/miniconda/base/envs/airflow_env/lib/python3.9/site-packages/airflow/example_dags/example_params_ui_tutorial.py
[2024-10-13T14:12:42.636+0100] {logging_mixin.py:190} INFO - [2024-10-13T14:12:42.636+0100] {dag.py:3239} INFO - Sync 1 DAGs
[2024-10-13T14:12:42.640+0100] {logging_mixin.py:190} INFO - [2024-10-13T14:12:42.640+0100] {dag.py:4180} INFO - Setting next_dagrun for example_params_ui_tutorial to None, run_after=None
[2024-10-13T14:12:42.647+0100] {processor.py:208} INFO - Processing /opt/homebrew/Caskroom/miniconda/base/envs/airflow_env/lib/python3.9/site-packages/airflow/example_dags/example_params_ui_tutorial.py took 0.087 seconds
[2024-10-13T14:14:51.551+0100] {processor.py:186} INFO - Started process (PID=67617) to work on /opt/homebrew/Caskroom/miniconda/base/envs/airflow_env/lib/python3.9/site-packages/airflow/example_dags/example_params_ui_tutorial.py
[2024-10-13T14:14:51.554+0100] {processor.py:914} INFO - Processing file /opt/homebrew/Caskroom/miniconda/base/envs/airflow_env/lib/python3.9/site-packages/airflow/example_dags/example_params_ui_tutorial.py for tasks to queue
[2024-10-13T14:14:51.555+0100] {logging_mixin.py:190} INFO - [2024-10-13T14:14:51.554+0100] {dagbag.py:588} INFO - Filling up the DagBag from /opt/homebrew/Caskroom/miniconda/base/envs/airflow_env/lib/python3.9/site-packages/airflow/example_dags/example_params_ui_tutorial.py
[2024-10-13T14:14:51.607+0100] {processor.py:925} INFO - DAG(s) 'example_params_ui_tutorial' retrieved from /opt/homebrew/Caskroom/miniconda/base/envs/airflow_env/lib/python3.9/site-packages/airflow/example_dags/example_params_ui_tutorial.py
[2024-10-13T14:14:51.659+0100] {logging_mixin.py:190} INFO - [2024-10-13T14:14:51.659+0100] {dag.py:3239} INFO - Sync 1 DAGs
[2024-10-13T14:14:51.665+0100] {logging_mixin.py:190} INFO - [2024-10-13T14:14:51.664+0100] {dag.py:4180} INFO - Setting next_dagrun for example_params_ui_tutorial to None, run_after=None
[2024-10-13T14:14:51.672+0100] {processor.py:208} INFO - Processing /opt/homebrew/Caskroom/miniconda/base/envs/airflow_env/lib/python3.9/site-packages/airflow/example_dags/example_params_ui_tutorial.py took 0.122 seconds
[2024-10-13T14:18:14.595+0100] {processor.py:186} INFO - Started process (PID=67748) to work on /opt/homebrew/Caskroom/miniconda/base/envs/airflow_env/lib/python3.9/site-packages/airflow/example_dags/example_params_ui_tutorial.py
[2024-10-13T14:18:14.596+0100] {processor.py:914} INFO - Processing file /opt/homebrew/Caskroom/miniconda/base/envs/airflow_env/lib/python3.9/site-packages/airflow/example_dags/example_params_ui_tutorial.py for tasks to queue
[2024-10-13T14:18:14.596+0100] {logging_mixin.py:190} INFO - [2024-10-13T14:18:14.596+0100] {dagbag.py:588} INFO - Filling up the DagBag from /opt/homebrew/Caskroom/miniconda/base/envs/airflow_env/lib/python3.9/site-packages/airflow/example_dags/example_params_ui_tutorial.py
[2024-10-13T14:18:14.647+0100] {processor.py:925} INFO - DAG(s) 'example_params_ui_tutorial' retrieved from /opt/homebrew/Caskroom/miniconda/base/envs/airflow_env/lib/python3.9/site-packages/airflow/example_dags/example_params_ui_tutorial.py
[2024-10-13T14:18:14.689+0100] {logging_mixin.py:190} INFO - [2024-10-13T14:18:14.689+0100] {dag.py:3239} INFO - Sync 1 DAGs
[2024-10-13T14:18:14.693+0100] {logging_mixin.py:190} INFO - [2024-10-13T14:18:14.693+0100] {dag.py:4180} INFO - Setting next_dagrun for example_params_ui_tutorial to None, run_after=None
[2024-10-13T14:18:14.699+0100] {processor.py:208} INFO - Processing /opt/homebrew/Caskroom/miniconda/base/envs/airflow_env/lib/python3.9/site-packages/airflow/example_dags/example_params_ui_tutorial.py took 0.105 seconds
[2024-10-13T15:14:30.674+0100] {processor.py:186} INFO - Started process (PID=67985) to work on /opt/homebrew/Caskroom/miniconda/base/envs/airflow_env/lib/python3.9/site-packages/airflow/example_dags/example_params_ui_tutorial.py
[2024-10-13T15:14:30.675+0100] {processor.py:914} INFO - Processing file /opt/homebrew/Caskroom/miniconda/base/envs/airflow_env/lib/python3.9/site-packages/airflow/example_dags/example_params_ui_tutorial.py for tasks to queue
[2024-10-13T15:14:30.675+0100] {logging_mixin.py:190} INFO - [2024-10-13T15:14:30.675+0100] {dagbag.py:588} INFO - Filling up the DagBag from /opt/homebrew/Caskroom/miniconda/base/envs/airflow_env/lib/python3.9/site-packages/airflow/example_dags/example_params_ui_tutorial.py
[2024-10-13T15:14:30.711+0100] {processor.py:925} INFO - DAG(s) 'example_params_ui_tutorial' retrieved from /opt/homebrew/Caskroom/miniconda/base/envs/airflow_env/lib/python3.9/site-packages/airflow/example_dags/example_params_ui_tutorial.py
[2024-10-13T15:14:30.755+0100] {logging_mixin.py:190} INFO - [2024-10-13T15:14:30.755+0100] {dag.py:3239} INFO - Sync 1 DAGs
[2024-10-13T15:14:30.760+0100] {logging_mixin.py:190} INFO - [2024-10-13T15:14:30.760+0100] {dag.py:4180} INFO - Setting next_dagrun for example_params_ui_tutorial to None, run_after=None
[2024-10-13T15:14:30.766+0100] {processor.py:208} INFO - Processing /opt/homebrew/Caskroom/miniconda/base/envs/airflow_env/lib/python3.9/site-packages/airflow/example_dags/example_params_ui_tutorial.py took 0.093 seconds
[2024-10-13T15:16:41.748+0100] {processor.py:186} INFO - Started process (PID=68114) to work on /opt/homebrew/Caskroom/miniconda/base/envs/airflow_env/lib/python3.9/site-packages/airflow/example_dags/example_params_ui_tutorial.py
[2024-10-13T15:16:41.749+0100] {processor.py:914} INFO - Processing file /opt/homebrew/Caskroom/miniconda/base/envs/airflow_env/lib/python3.9/site-packages/airflow/example_dags/example_params_ui_tutorial.py for tasks to queue
[2024-10-13T15:16:41.749+0100] {logging_mixin.py:190} INFO - [2024-10-13T15:16:41.749+0100] {dagbag.py:588} INFO - Filling up the DagBag from /opt/homebrew/Caskroom/miniconda/base/envs/airflow_env/lib/python3.9/site-packages/airflow/example_dags/example_params_ui_tutorial.py
[2024-10-13T15:16:41.784+0100] {processor.py:925} INFO - DAG(s) 'example_params_ui_tutorial' retrieved from /opt/homebrew/Caskroom/miniconda/base/envs/airflow_env/lib/python3.9/site-packages/airflow/example_dags/example_params_ui_tutorial.py
[2024-10-13T15:16:41.828+0100] {logging_mixin.py:190} INFO - [2024-10-13T15:16:41.828+0100] {dag.py:3239} INFO - Sync 1 DAGs
[2024-10-13T15:16:41.832+0100] {logging_mixin.py:190} INFO - [2024-10-13T15:16:41.832+0100] {dag.py:4180} INFO - Setting next_dagrun for example_params_ui_tutorial to None, run_after=None
[2024-10-13T15:16:41.838+0100] {processor.py:208} INFO - Processing /opt/homebrew/Caskroom/miniconda/base/envs/airflow_env/lib/python3.9/site-packages/airflow/example_dags/example_params_ui_tutorial.py took 0.093 seconds
[2024-10-13T15:18:56.753+0100] {processor.py:186} INFO - Started process (PID=68251) to work on /opt/homebrew/Caskroom/miniconda/base/envs/airflow_env/lib/python3.9/site-packages/airflow/example_dags/example_params_ui_tutorial.py
[2024-10-13T15:18:56.754+0100] {processor.py:914} INFO - Processing file /opt/homebrew/Caskroom/miniconda/base/envs/airflow_env/lib/python3.9/site-packages/airflow/example_dags/example_params_ui_tutorial.py for tasks to queue
[2024-10-13T15:18:56.754+0100] {logging_mixin.py:190} INFO - [2024-10-13T15:18:56.754+0100] {dagbag.py:588} INFO - Filling up the DagBag from /opt/homebrew/Caskroom/miniconda/base/envs/airflow_env/lib/python3.9/site-packages/airflow/example_dags/example_params_ui_tutorial.py
[2024-10-13T15:18:56.788+0100] {processor.py:925} INFO - DAG(s) 'example_params_ui_tutorial' retrieved from /opt/homebrew/Caskroom/miniconda/base/envs/airflow_env/lib/python3.9/site-packages/airflow/example_dags/example_params_ui_tutorial.py
[2024-10-13T15:18:56.831+0100] {logging_mixin.py:190} INFO - [2024-10-13T15:18:56.831+0100] {dag.py:3239} INFO - Sync 1 DAGs
[2024-10-13T15:18:56.835+0100] {logging_mixin.py:190} INFO - [2024-10-13T15:18:56.835+0100] {dag.py:4180} INFO - Setting next_dagrun for example_params_ui_tutorial to None, run_after=None
[2024-10-13T15:18:56.842+0100] {processor.py:208} INFO - Processing /opt/homebrew/Caskroom/miniconda/base/envs/airflow_env/lib/python3.9/site-packages/airflow/example_dags/example_params_ui_tutorial.py took 0.090 seconds
[2024-10-13T15:21:10.932+0100] {processor.py:186} INFO - Started process (PID=68377) to work on /opt/homebrew/Caskroom/miniconda/base/envs/airflow_env/lib/python3.9/site-packages/airflow/example_dags/example_params_ui_tutorial.py
[2024-10-13T15:21:10.934+0100] {processor.py:914} INFO - Processing file /opt/homebrew/Caskroom/miniconda/base/envs/airflow_env/lib/python3.9/site-packages/airflow/example_dags/example_params_ui_tutorial.py for tasks to queue
[2024-10-13T15:21:10.934+0100] {logging_mixin.py:190} INFO - [2024-10-13T15:21:10.934+0100] {dagbag.py:588} INFO - Filling up the DagBag from /opt/homebrew/Caskroom/miniconda/base/envs/airflow_env/lib/python3.9/site-packages/airflow/example_dags/example_params_ui_tutorial.py
[2024-10-13T15:21:10.968+0100] {processor.py:925} INFO - DAG(s) 'example_params_ui_tutorial' retrieved from /opt/homebrew/Caskroom/miniconda/base/envs/airflow_env/lib/python3.9/site-packages/airflow/example_dags/example_params_ui_tutorial.py
[2024-10-13T15:21:11.015+0100] {logging_mixin.py:190} INFO - [2024-10-13T15:21:11.015+0100] {dag.py:3239} INFO - Sync 1 DAGs
[2024-10-13T15:21:11.019+0100] {logging_mixin.py:190} INFO - [2024-10-13T15:21:11.019+0100] {dag.py:4180} INFO - Setting next_dagrun for example_params_ui_tutorial to None, run_after=None
[2024-10-13T15:21:11.025+0100] {processor.py:208} INFO - Processing /opt/homebrew/Caskroom/miniconda/base/envs/airflow_env/lib/python3.9/site-packages/airflow/example_dags/example_params_ui_tutorial.py took 0.097 seconds
[2024-10-13T15:23:13.876+0100] {processor.py:186} INFO - Started process (PID=68583) to work on /opt/homebrew/Caskroom/miniconda/base/envs/airflow_env/lib/python3.9/site-packages/airflow/example_dags/example_params_ui_tutorial.py
[2024-10-13T15:23:13.877+0100] {processor.py:914} INFO - Processing file /opt/homebrew/Caskroom/miniconda/base/envs/airflow_env/lib/python3.9/site-packages/airflow/example_dags/example_params_ui_tutorial.py for tasks to queue
[2024-10-13T15:23:13.877+0100] {logging_mixin.py:190} INFO - [2024-10-13T15:23:13.877+0100] {dagbag.py:588} INFO - Filling up the DagBag from /opt/homebrew/Caskroom/miniconda/base/envs/airflow_env/lib/python3.9/site-packages/airflow/example_dags/example_params_ui_tutorial.py
[2024-10-13T15:23:13.910+0100] {processor.py:925} INFO - DAG(s) 'example_params_ui_tutorial' retrieved from /opt/homebrew/Caskroom/miniconda/base/envs/airflow_env/lib/python3.9/site-packages/airflow/example_dags/example_params_ui_tutorial.py
[2024-10-13T15:23:13.952+0100] {logging_mixin.py:190} INFO - [2024-10-13T15:23:13.952+0100] {dag.py:3239} INFO - Sync 1 DAGs
[2024-10-13T15:23:13.956+0100] {logging_mixin.py:190} INFO - [2024-10-13T15:23:13.956+0100] {dag.py:4180} INFO - Setting next_dagrun for example_params_ui_tutorial to None, run_after=None
[2024-10-13T15:23:13.962+0100] {processor.py:208} INFO - Processing /opt/homebrew/Caskroom/miniconda/base/envs/airflow_env/lib/python3.9/site-packages/airflow/example_dags/example_params_ui_tutorial.py took 0.088 seconds
[2024-10-13T15:25:25.678+0100] {processor.py:186} INFO - Started process (PID=68707) to work on /opt/homebrew/Caskroom/miniconda/base/envs/airflow_env/lib/python3.9/site-packages/airflow/example_dags/example_params_ui_tutorial.py
[2024-10-13T15:25:25.678+0100] {processor.py:914} INFO - Processing file /opt/homebrew/Caskroom/miniconda/base/envs/airflow_env/lib/python3.9/site-packages/airflow/example_dags/example_params_ui_tutorial.py for tasks to queue
[2024-10-13T15:25:25.679+0100] {logging_mixin.py:190} INFO - [2024-10-13T15:25:25.679+0100] {dagbag.py:588} INFO - Filling up the DagBag from /opt/homebrew/Caskroom/miniconda/base/envs/airflow_env/lib/python3.9/site-packages/airflow/example_dags/example_params_ui_tutorial.py
[2024-10-13T15:25:25.709+0100] {processor.py:925} INFO - DAG(s) 'example_params_ui_tutorial' retrieved from /opt/homebrew/Caskroom/miniconda/base/envs/airflow_env/lib/python3.9/site-packages/airflow/example_dags/example_params_ui_tutorial.py
[2024-10-13T15:25:25.751+0100] {logging_mixin.py:190} INFO - [2024-10-13T15:25:25.751+0100] {dag.py:3239} INFO - Sync 1 DAGs
[2024-10-13T15:25:25.755+0100] {logging_mixin.py:190} INFO - [2024-10-13T15:25:25.755+0100] {dag.py:4180} INFO - Setting next_dagrun for example_params_ui_tutorial to None, run_after=None
[2024-10-13T15:25:25.761+0100] {processor.py:208} INFO - Processing /opt/homebrew/Caskroom/miniconda/base/envs/airflow_env/lib/python3.9/site-packages/airflow/example_dags/example_params_ui_tutorial.py took 0.085 seconds
