[2024-10-13T14:09:22.432+0100] {processor.py:186} INFO - Started process (PID=67244) to work on /opt/homebrew/Caskroom/miniconda/base/envs/airflow_env/lib/python3.9/site-packages/airflow/example_dags/example_dataset_alias_with_no_taskflow.py
[2024-10-13T14:09:22.432+0100] {processor.py:914} INFO - Processing file /opt/homebrew/Caskroom/miniconda/base/envs/airflow_env/lib/python3.9/site-packages/airflow/example_dags/example_dataset_alias_with_no_taskflow.py for tasks to queue
[2024-10-13T14:09:22.432+0100] {logging_mixin.py:190} INFO - [2024-10-13T14:09:22.432+0100] {dagbag.py:588} INFO - Filling up the DagBag from /opt/homebrew/Caskroom/miniconda/base/envs/airflow_env/lib/python3.9/site-packages/airflow/example_dags/example_dataset_alias_with_no_taskflow.py
[2024-10-13T14:09:22.505+0100] {processor.py:925} INFO - DAG(s) 'dataset_s3_bucket_consumer_with_no_taskflow', 'dataset_alias_example_alias_producer_with_no_taskflow', 'dataset_alias_example_alias_consumer_with_no_taskflow', 'dataset_s3_bucket_producer_with_no_taskflow' retrieved from /opt/homebrew/Caskroom/miniconda/base/envs/airflow_env/lib/python3.9/site-packages/airflow/example_dags/example_dataset_alias_with_no_taskflow.py
[2024-10-13T14:09:22.542+0100] {logging_mixin.py:190} INFO - [2024-10-13T14:09:22.542+0100] {override.py:1901} INFO - Created Permission View: can read on DAG:dataset_s3_bucket_consumer_with_no_taskflow
[2024-10-13T14:09:22.545+0100] {logging_mixin.py:190} INFO - [2024-10-13T14:09:22.545+0100] {override.py:1901} INFO - Created Permission View: can delete on DAG:dataset_s3_bucket_consumer_with_no_taskflow
[2024-10-13T14:09:22.547+0100] {logging_mixin.py:190} INFO - [2024-10-13T14:09:22.547+0100] {override.py:1901} INFO - Created Permission View: can edit on DAG:dataset_s3_bucket_consumer_with_no_taskflow
[2024-10-13T14:09:22.550+0100] {logging_mixin.py:190} INFO - [2024-10-13T14:09:22.550+0100] {override.py:1901} INFO - Created Permission View: menu access on DAG Run:dataset_s3_bucket_consumer_with_no_taskflow
[2024-10-13T14:09:22.553+0100] {logging_mixin.py:190} INFO - [2024-10-13T14:09:22.553+0100] {override.py:1901} INFO - Created Permission View: can read on DAG Run:dataset_s3_bucket_consumer_with_no_taskflow
[2024-10-13T14:09:22.555+0100] {logging_mixin.py:190} INFO - [2024-10-13T14:09:22.555+0100] {override.py:1901} INFO - Created Permission View: can create on DAG Run:dataset_s3_bucket_consumer_with_no_taskflow
[2024-10-13T14:09:22.557+0100] {logging_mixin.py:190} INFO - [2024-10-13T14:09:22.557+0100] {override.py:1901} INFO - Created Permission View: can delete on DAG Run:dataset_s3_bucket_consumer_with_no_taskflow
[2024-10-13T14:09:22.563+0100] {logging_mixin.py:190} INFO - [2024-10-13T14:09:22.563+0100] {override.py:1901} INFO - Created Permission View: can read on DAG:dataset_alias_example_alias_producer_with_no_taskflow
[2024-10-13T14:09:22.565+0100] {logging_mixin.py:190} INFO - [2024-10-13T14:09:22.565+0100] {override.py:1901} INFO - Created Permission View: can delete on DAG:dataset_alias_example_alias_producer_with_no_taskflow
[2024-10-13T14:09:22.567+0100] {logging_mixin.py:190} INFO - [2024-10-13T14:09:22.567+0100] {override.py:1901} INFO - Created Permission View: can edit on DAG:dataset_alias_example_alias_producer_with_no_taskflow
[2024-10-13T14:09:22.570+0100] {logging_mixin.py:190} INFO - [2024-10-13T14:09:22.570+0100] {override.py:1901} INFO - Created Permission View: menu access on DAG Run:dataset_alias_example_alias_producer_with_no_taskflow
[2024-10-13T14:09:22.572+0100] {logging_mixin.py:190} INFO - [2024-10-13T14:09:22.572+0100] {override.py:1901} INFO - Created Permission View: can read on DAG Run:dataset_alias_example_alias_producer_with_no_taskflow
[2024-10-13T14:09:22.575+0100] {logging_mixin.py:190} INFO - [2024-10-13T14:09:22.575+0100] {override.py:1901} INFO - Created Permission View: can create on DAG Run:dataset_alias_example_alias_producer_with_no_taskflow
[2024-10-13T14:09:22.577+0100] {logging_mixin.py:190} INFO - [2024-10-13T14:09:22.577+0100] {override.py:1901} INFO - Created Permission View: can delete on DAG Run:dataset_alias_example_alias_producer_with_no_taskflow
[2024-10-13T14:09:22.582+0100] {logging_mixin.py:190} INFO - [2024-10-13T14:09:22.581+0100] {override.py:1901} INFO - Created Permission View: can read on DAG:dataset_alias_example_alias_consumer_with_no_taskflow
[2024-10-13T14:09:22.584+0100] {logging_mixin.py:190} INFO - [2024-10-13T14:09:22.584+0100] {override.py:1901} INFO - Created Permission View: can delete on DAG:dataset_alias_example_alias_consumer_with_no_taskflow
[2024-10-13T14:09:22.586+0100] {logging_mixin.py:190} INFO - [2024-10-13T14:09:22.586+0100] {override.py:1901} INFO - Created Permission View: can edit on DAG:dataset_alias_example_alias_consumer_with_no_taskflow
[2024-10-13T14:09:22.589+0100] {logging_mixin.py:190} INFO - [2024-10-13T14:09:22.589+0100] {override.py:1901} INFO - Created Permission View: menu access on DAG Run:dataset_alias_example_alias_consumer_with_no_taskflow
[2024-10-13T14:09:22.591+0100] {logging_mixin.py:190} INFO - [2024-10-13T14:09:22.591+0100] {override.py:1901} INFO - Created Permission View: can read on DAG Run:dataset_alias_example_alias_consumer_with_no_taskflow
[2024-10-13T14:09:22.593+0100] {logging_mixin.py:190} INFO - [2024-10-13T14:09:22.593+0100] {override.py:1901} INFO - Created Permission View: can create on DAG Run:dataset_alias_example_alias_consumer_with_no_taskflow
[2024-10-13T14:09:22.595+0100] {logging_mixin.py:190} INFO - [2024-10-13T14:09:22.595+0100] {override.py:1901} INFO - Created Permission View: can delete on DAG Run:dataset_alias_example_alias_consumer_with_no_taskflow
[2024-10-13T14:09:22.600+0100] {logging_mixin.py:190} INFO - [2024-10-13T14:09:22.600+0100] {override.py:1901} INFO - Created Permission View: can read on DAG:dataset_s3_bucket_producer_with_no_taskflow
[2024-10-13T14:09:22.602+0100] {logging_mixin.py:190} INFO - [2024-10-13T14:09:22.602+0100] {override.py:1901} INFO - Created Permission View: can delete on DAG:dataset_s3_bucket_producer_with_no_taskflow
[2024-10-13T14:09:22.604+0100] {logging_mixin.py:190} INFO - [2024-10-13T14:09:22.604+0100] {override.py:1901} INFO - Created Permission View: can edit on DAG:dataset_s3_bucket_producer_with_no_taskflow
[2024-10-13T14:09:22.607+0100] {logging_mixin.py:190} INFO - [2024-10-13T14:09:22.607+0100] {override.py:1901} INFO - Created Permission View: menu access on DAG Run:dataset_s3_bucket_producer_with_no_taskflow
[2024-10-13T14:09:22.609+0100] {logging_mixin.py:190} INFO - [2024-10-13T14:09:22.609+0100] {override.py:1901} INFO - Created Permission View: can read on DAG Run:dataset_s3_bucket_producer_with_no_taskflow
[2024-10-13T14:09:22.611+0100] {logging_mixin.py:190} INFO - [2024-10-13T14:09:22.611+0100] {override.py:1901} INFO - Created Permission View: can create on DAG Run:dataset_s3_bucket_producer_with_no_taskflow
[2024-10-13T14:09:22.613+0100] {logging_mixin.py:190} INFO - [2024-10-13T14:09:22.613+0100] {override.py:1901} INFO - Created Permission View: can delete on DAG Run:dataset_s3_bucket_producer_with_no_taskflow
[2024-10-13T14:09:22.613+0100] {logging_mixin.py:190} INFO - [2024-10-13T14:09:22.613+0100] {dag.py:3239} INFO - Sync 4 DAGs
[2024-10-13T14:09:22.618+0100] {logging_mixin.py:190} INFO - [2024-10-13T14:09:22.618+0100] {dag.py:3262} INFO - Creating ORM DAG for dataset_s3_bucket_producer_with_no_taskflow
[2024-10-13T14:09:22.618+0100] {logging_mixin.py:190} INFO - [2024-10-13T14:09:22.618+0100] {dag.py:3262} INFO - Creating ORM DAG for dataset_s3_bucket_consumer_with_no_taskflow
[2024-10-13T14:09:22.618+0100] {logging_mixin.py:190} INFO - [2024-10-13T14:09:22.618+0100] {dag.py:3262} INFO - Creating ORM DAG for dataset_alias_example_alias_consumer_with_no_taskflow
[2024-10-13T14:09:22.619+0100] {logging_mixin.py:190} INFO - [2024-10-13T14:09:22.619+0100] {dag.py:3262} INFO - Creating ORM DAG for dataset_alias_example_alias_producer_with_no_taskflow
[2024-10-13T14:09:22.621+0100] {logging_mixin.py:190} INFO - [2024-10-13T14:09:22.621+0100] {dag.py:4180} INFO - Setting next_dagrun for dataset_alias_example_alias_consumer_with_no_taskflow to None, run_after=None
[2024-10-13T14:09:22.621+0100] {logging_mixin.py:190} INFO - [2024-10-13T14:09:22.621+0100] {dag.py:4180} INFO - Setting next_dagrun for dataset_alias_example_alias_producer_with_no_taskflow to None, run_after=None
[2024-10-13T14:09:22.621+0100] {logging_mixin.py:190} INFO - [2024-10-13T14:09:22.621+0100] {dag.py:4180} INFO - Setting next_dagrun for dataset_s3_bucket_consumer_with_no_taskflow to None, run_after=None
[2024-10-13T14:09:22.622+0100] {logging_mixin.py:190} INFO - [2024-10-13T14:09:22.622+0100] {dag.py:4180} INFO - Setting next_dagrun for dataset_s3_bucket_producer_with_no_taskflow to None, run_after=None
[2024-10-13T14:09:22.627+0100] {logging_mixin.py:190} INFO - [2024-10-13T14:09:22.627+0100] {workday.py:41} WARNING - Could not import pandas. Holidays will not be considered.
[2024-10-13T14:09:22.633+0100] {processor.py:208} INFO - Processing /opt/homebrew/Caskroom/miniconda/base/envs/airflow_env/lib/python3.9/site-packages/airflow/example_dags/example_dataset_alias_with_no_taskflow.py took 0.204 seconds
[2024-10-13T14:11:35.860+0100] {processor.py:186} INFO - Started process (PID=67386) to work on /opt/homebrew/Caskroom/miniconda/base/envs/airflow_env/lib/python3.9/site-packages/airflow/example_dags/example_dataset_alias_with_no_taskflow.py
[2024-10-13T14:11:35.860+0100] {processor.py:914} INFO - Processing file /opt/homebrew/Caskroom/miniconda/base/envs/airflow_env/lib/python3.9/site-packages/airflow/example_dags/example_dataset_alias_with_no_taskflow.py for tasks to queue
[2024-10-13T14:11:35.860+0100] {logging_mixin.py:190} INFO - [2024-10-13T14:11:35.860+0100] {dagbag.py:588} INFO - Filling up the DagBag from /opt/homebrew/Caskroom/miniconda/base/envs/airflow_env/lib/python3.9/site-packages/airflow/example_dags/example_dataset_alias_with_no_taskflow.py
[2024-10-13T14:11:35.926+0100] {processor.py:925} INFO - DAG(s) 'dataset_s3_bucket_consumer_with_no_taskflow', 'dataset_alias_example_alias_producer_with_no_taskflow', 'dataset_alias_example_alias_consumer_with_no_taskflow', 'dataset_s3_bucket_producer_with_no_taskflow' retrieved from /opt/homebrew/Caskroom/miniconda/base/envs/airflow_env/lib/python3.9/site-packages/airflow/example_dags/example_dataset_alias_with_no_taskflow.py
[2024-10-13T14:11:35.934+0100] {logging_mixin.py:190} INFO - [2024-10-13T14:11:35.934+0100] {dag.py:3239} INFO - Sync 4 DAGs
[2024-10-13T14:11:35.941+0100] {logging_mixin.py:190} INFO - [2024-10-13T14:11:35.940+0100] {dag.py:4180} INFO - Setting next_dagrun for dataset_alias_example_alias_consumer_with_no_taskflow to None, run_after=None
[2024-10-13T14:11:35.941+0100] {logging_mixin.py:190} INFO - [2024-10-13T14:11:35.941+0100] {dag.py:4180} INFO - Setting next_dagrun for dataset_alias_example_alias_producer_with_no_taskflow to None, run_after=None
[2024-10-13T14:11:35.942+0100] {logging_mixin.py:190} INFO - [2024-10-13T14:11:35.941+0100] {dag.py:4180} INFO - Setting next_dagrun for dataset_s3_bucket_consumer_with_no_taskflow to None, run_after=None
[2024-10-13T14:11:35.942+0100] {logging_mixin.py:190} INFO - [2024-10-13T14:11:35.942+0100] {dag.py:4180} INFO - Setting next_dagrun for dataset_s3_bucket_producer_with_no_taskflow to None, run_after=None
[2024-10-13T14:11:35.949+0100] {processor.py:208} INFO - Processing /opt/homebrew/Caskroom/miniconda/base/envs/airflow_env/lib/python3.9/site-packages/airflow/example_dags/example_dataset_alias_with_no_taskflow.py took 0.091 seconds
[2024-10-13T14:13:41.190+0100] {processor.py:186} INFO - Started process (PID=67557) to work on /opt/homebrew/Caskroom/miniconda/base/envs/airflow_env/lib/python3.9/site-packages/airflow/example_dags/example_dataset_alias_with_no_taskflow.py
[2024-10-13T14:13:41.190+0100] {processor.py:914} INFO - Processing file /opt/homebrew/Caskroom/miniconda/base/envs/airflow_env/lib/python3.9/site-packages/airflow/example_dags/example_dataset_alias_with_no_taskflow.py for tasks to queue
[2024-10-13T14:13:41.191+0100] {logging_mixin.py:190} INFO - [2024-10-13T14:13:41.191+0100] {dagbag.py:588} INFO - Filling up the DagBag from /opt/homebrew/Caskroom/miniconda/base/envs/airflow_env/lib/python3.9/site-packages/airflow/example_dags/example_dataset_alias_with_no_taskflow.py
[2024-10-13T14:13:41.257+0100] {processor.py:925} INFO - DAG(s) 'dataset_alias_example_alias_producer_with_no_taskflow', 'dataset_s3_bucket_producer_with_no_taskflow', 'dataset_s3_bucket_consumer_with_no_taskflow', 'dataset_alias_example_alias_consumer_with_no_taskflow' retrieved from /opt/homebrew/Caskroom/miniconda/base/envs/airflow_env/lib/python3.9/site-packages/airflow/example_dags/example_dataset_alias_with_no_taskflow.py
[2024-10-13T14:13:41.265+0100] {logging_mixin.py:190} INFO - [2024-10-13T14:13:41.265+0100] {dag.py:3239} INFO - Sync 4 DAGs
[2024-10-13T14:13:41.271+0100] {logging_mixin.py:190} INFO - [2024-10-13T14:13:41.271+0100] {dag.py:4180} INFO - Setting next_dagrun for dataset_alias_example_alias_consumer_with_no_taskflow to None, run_after=None
[2024-10-13T14:13:41.271+0100] {logging_mixin.py:190} INFO - [2024-10-13T14:13:41.271+0100] {dag.py:4180} INFO - Setting next_dagrun for dataset_alias_example_alias_producer_with_no_taskflow to None, run_after=None
[2024-10-13T14:13:41.272+0100] {logging_mixin.py:190} INFO - [2024-10-13T14:13:41.272+0100] {dag.py:4180} INFO - Setting next_dagrun for dataset_s3_bucket_consumer_with_no_taskflow to None, run_after=None
[2024-10-13T14:13:41.272+0100] {logging_mixin.py:190} INFO - [2024-10-13T14:13:41.272+0100] {dag.py:4180} INFO - Setting next_dagrun for dataset_s3_bucket_producer_with_no_taskflow to None, run_after=None
[2024-10-13T14:13:41.279+0100] {processor.py:208} INFO - Processing /opt/homebrew/Caskroom/miniconda/base/envs/airflow_env/lib/python3.9/site-packages/airflow/example_dags/example_dataset_alias_with_no_taskflow.py took 0.091 seconds
[2024-10-13T14:15:53.367+0100] {processor.py:186} INFO - Started process (PID=67674) to work on /opt/homebrew/Caskroom/miniconda/base/envs/airflow_env/lib/python3.9/site-packages/airflow/example_dags/example_dataset_alias_with_no_taskflow.py
[2024-10-13T14:15:53.370+0100] {processor.py:914} INFO - Processing file /opt/homebrew/Caskroom/miniconda/base/envs/airflow_env/lib/python3.9/site-packages/airflow/example_dags/example_dataset_alias_with_no_taskflow.py for tasks to queue
[2024-10-13T14:15:53.370+0100] {logging_mixin.py:190} INFO - [2024-10-13T14:15:53.370+0100] {dagbag.py:588} INFO - Filling up the DagBag from /opt/homebrew/Caskroom/miniconda/base/envs/airflow_env/lib/python3.9/site-packages/airflow/example_dags/example_dataset_alias_with_no_taskflow.py
[2024-10-13T14:15:53.464+0100] {processor.py:925} INFO - DAG(s) 'dataset_s3_bucket_producer_with_no_taskflow', 'dataset_s3_bucket_consumer_with_no_taskflow', 'dataset_alias_example_alias_consumer_with_no_taskflow', 'dataset_alias_example_alias_producer_with_no_taskflow' retrieved from /opt/homebrew/Caskroom/miniconda/base/envs/airflow_env/lib/python3.9/site-packages/airflow/example_dags/example_dataset_alias_with_no_taskflow.py
[2024-10-13T14:15:53.473+0100] {logging_mixin.py:190} INFO - [2024-10-13T14:15:53.473+0100] {dag.py:3239} INFO - Sync 4 DAGs
[2024-10-13T14:15:53.482+0100] {logging_mixin.py:190} INFO - [2024-10-13T14:15:53.482+0100] {dag.py:4180} INFO - Setting next_dagrun for dataset_alias_example_alias_consumer_with_no_taskflow to None, run_after=None
[2024-10-13T14:15:53.483+0100] {logging_mixin.py:190} INFO - [2024-10-13T14:15:53.483+0100] {dag.py:4180} INFO - Setting next_dagrun for dataset_alias_example_alias_producer_with_no_taskflow to None, run_after=None
[2024-10-13T14:15:53.483+0100] {logging_mixin.py:190} INFO - [2024-10-13T14:15:53.483+0100] {dag.py:4180} INFO - Setting next_dagrun for dataset_s3_bucket_consumer_with_no_taskflow to None, run_after=None
[2024-10-13T14:15:53.483+0100] {logging_mixin.py:190} INFO - [2024-10-13T14:15:53.483+0100] {dag.py:4180} INFO - Setting next_dagrun for dataset_s3_bucket_producer_with_no_taskflow to None, run_after=None
[2024-10-13T14:15:53.491+0100] {processor.py:208} INFO - Processing /opt/homebrew/Caskroom/miniconda/base/envs/airflow_env/lib/python3.9/site-packages/airflow/example_dags/example_dataset_alias_with_no_taskflow.py took 0.126 seconds
[2024-10-13T15:09:16.248+0100] {processor.py:186} INFO - Started process (PID=67830) to work on /opt/homebrew/Caskroom/miniconda/base/envs/airflow_env/lib/python3.9/site-packages/airflow/example_dags/example_dataset_alias_with_no_taskflow.py
[2024-10-13T15:09:16.249+0100] {processor.py:914} INFO - Processing file /opt/homebrew/Caskroom/miniconda/base/envs/airflow_env/lib/python3.9/site-packages/airflow/example_dags/example_dataset_alias_with_no_taskflow.py for tasks to queue
[2024-10-13T15:09:16.249+0100] {logging_mixin.py:190} INFO - [2024-10-13T15:09:16.249+0100] {dagbag.py:588} INFO - Filling up the DagBag from /opt/homebrew/Caskroom/miniconda/base/envs/airflow_env/lib/python3.9/site-packages/airflow/example_dags/example_dataset_alias_with_no_taskflow.py
[2024-10-13T15:09:16.323+0100] {processor.py:925} INFO - DAG(s) 'dataset_alias_example_alias_producer_with_no_taskflow', 'dataset_alias_example_alias_consumer_with_no_taskflow', 'dataset_s3_bucket_producer_with_no_taskflow', 'dataset_s3_bucket_consumer_with_no_taskflow' retrieved from /opt/homebrew/Caskroom/miniconda/base/envs/airflow_env/lib/python3.9/site-packages/airflow/example_dags/example_dataset_alias_with_no_taskflow.py
[2024-10-13T15:09:16.332+0100] {logging_mixin.py:190} INFO - [2024-10-13T15:09:16.332+0100] {dag.py:3239} INFO - Sync 4 DAGs
[2024-10-13T15:09:16.338+0100] {logging_mixin.py:190} INFO - [2024-10-13T15:09:16.338+0100] {dag.py:4180} INFO - Setting next_dagrun for dataset_alias_example_alias_consumer_with_no_taskflow to None, run_after=None
[2024-10-13T15:09:16.339+0100] {logging_mixin.py:190} INFO - [2024-10-13T15:09:16.339+0100] {dag.py:4180} INFO - Setting next_dagrun for dataset_alias_example_alias_producer_with_no_taskflow to None, run_after=None
[2024-10-13T15:09:16.341+0100] {logging_mixin.py:190} INFO - [2024-10-13T15:09:16.341+0100] {dag.py:4180} INFO - Setting next_dagrun for dataset_s3_bucket_consumer_with_no_taskflow to None, run_after=None
[2024-10-13T15:09:16.341+0100] {logging_mixin.py:190} INFO - [2024-10-13T15:09:16.341+0100] {dag.py:4180} INFO - Setting next_dagrun for dataset_s3_bucket_producer_with_no_taskflow to None, run_after=None
[2024-10-13T15:09:16.348+0100] {processor.py:208} INFO - Processing /opt/homebrew/Caskroom/miniconda/base/envs/airflow_env/lib/python3.9/site-packages/airflow/example_dags/example_dataset_alias_with_no_taskflow.py took 0.102 seconds
[2024-10-13T15:15:40.924+0100] {processor.py:186} INFO - Started process (PID=68056) to work on /opt/homebrew/Caskroom/miniconda/base/envs/airflow_env/lib/python3.9/site-packages/airflow/example_dags/example_dataset_alias_with_no_taskflow.py
[2024-10-13T15:15:40.925+0100] {processor.py:914} INFO - Processing file /opt/homebrew/Caskroom/miniconda/base/envs/airflow_env/lib/python3.9/site-packages/airflow/example_dags/example_dataset_alias_with_no_taskflow.py for tasks to queue
[2024-10-13T15:15:40.925+0100] {logging_mixin.py:190} INFO - [2024-10-13T15:15:40.925+0100] {dagbag.py:588} INFO - Filling up the DagBag from /opt/homebrew/Caskroom/miniconda/base/envs/airflow_env/lib/python3.9/site-packages/airflow/example_dags/example_dataset_alias_with_no_taskflow.py
[2024-10-13T15:15:41.002+0100] {processor.py:925} INFO - DAG(s) 'dataset_s3_bucket_producer_with_no_taskflow', 'dataset_alias_example_alias_consumer_with_no_taskflow', 'dataset_s3_bucket_consumer_with_no_taskflow', 'dataset_alias_example_alias_producer_with_no_taskflow' retrieved from /opt/homebrew/Caskroom/miniconda/base/envs/airflow_env/lib/python3.9/site-packages/airflow/example_dags/example_dataset_alias_with_no_taskflow.py
[2024-10-13T15:15:41.068+0100] {logging_mixin.py:190} INFO - [2024-10-13T15:15:41.068+0100] {dag.py:3239} INFO - Sync 4 DAGs
[2024-10-13T15:15:41.075+0100] {logging_mixin.py:190} INFO - [2024-10-13T15:15:41.075+0100] {dag.py:4180} INFO - Setting next_dagrun for dataset_alias_example_alias_consumer_with_no_taskflow to None, run_after=None
[2024-10-13T15:15:41.076+0100] {logging_mixin.py:190} INFO - [2024-10-13T15:15:41.076+0100] {dag.py:4180} INFO - Setting next_dagrun for dataset_alias_example_alias_producer_with_no_taskflow to None, run_after=None
[2024-10-13T15:15:41.076+0100] {logging_mixin.py:190} INFO - [2024-10-13T15:15:41.076+0100] {dag.py:4180} INFO - Setting next_dagrun for dataset_s3_bucket_consumer_with_no_taskflow to None, run_after=None
[2024-10-13T15:15:41.076+0100] {logging_mixin.py:190} INFO - [2024-10-13T15:15:41.076+0100] {dag.py:4180} INFO - Setting next_dagrun for dataset_s3_bucket_producer_with_no_taskflow to None, run_after=None
[2024-10-13T15:15:41.085+0100] {processor.py:208} INFO - Processing /opt/homebrew/Caskroom/miniconda/base/envs/airflow_env/lib/python3.9/site-packages/airflow/example_dags/example_dataset_alias_with_no_taskflow.py took 0.163 seconds
[2024-10-13T15:17:52.912+0100] {processor.py:186} INFO - Started process (PID=68176) to work on /opt/homebrew/Caskroom/miniconda/base/envs/airflow_env/lib/python3.9/site-packages/airflow/example_dags/example_dataset_alias_with_no_taskflow.py
[2024-10-13T15:17:52.912+0100] {processor.py:914} INFO - Processing file /opt/homebrew/Caskroom/miniconda/base/envs/airflow_env/lib/python3.9/site-packages/airflow/example_dags/example_dataset_alias_with_no_taskflow.py for tasks to queue
[2024-10-13T15:17:52.913+0100] {logging_mixin.py:190} INFO - [2024-10-13T15:17:52.913+0100] {dagbag.py:588} INFO - Filling up the DagBag from /opt/homebrew/Caskroom/miniconda/base/envs/airflow_env/lib/python3.9/site-packages/airflow/example_dags/example_dataset_alias_with_no_taskflow.py
[2024-10-13T15:17:52.994+0100] {processor.py:925} INFO - DAG(s) 'dataset_alias_example_alias_consumer_with_no_taskflow', 'dataset_s3_bucket_consumer_with_no_taskflow', 'dataset_alias_example_alias_producer_with_no_taskflow', 'dataset_s3_bucket_producer_with_no_taskflow' retrieved from /opt/homebrew/Caskroom/miniconda/base/envs/airflow_env/lib/python3.9/site-packages/airflow/example_dags/example_dataset_alias_with_no_taskflow.py
[2024-10-13T15:17:53.002+0100] {logging_mixin.py:190} INFO - [2024-10-13T15:17:53.002+0100] {dag.py:3239} INFO - Sync 4 DAGs
[2024-10-13T15:17:53.008+0100] {logging_mixin.py:190} INFO - [2024-10-13T15:17:53.008+0100] {dag.py:4180} INFO - Setting next_dagrun for dataset_alias_example_alias_consumer_with_no_taskflow to None, run_after=None
[2024-10-13T15:17:53.009+0100] {logging_mixin.py:190} INFO - [2024-10-13T15:17:53.009+0100] {dag.py:4180} INFO - Setting next_dagrun for dataset_alias_example_alias_producer_with_no_taskflow to None, run_after=None
[2024-10-13T15:17:53.009+0100] {logging_mixin.py:190} INFO - [2024-10-13T15:17:53.009+0100] {dag.py:4180} INFO - Setting next_dagrun for dataset_s3_bucket_consumer_with_no_taskflow to None, run_after=None
[2024-10-13T15:17:53.009+0100] {logging_mixin.py:190} INFO - [2024-10-13T15:17:53.009+0100] {dag.py:4180} INFO - Setting next_dagrun for dataset_s3_bucket_producer_with_no_taskflow to None, run_after=None
[2024-10-13T15:17:53.016+0100] {processor.py:208} INFO - Processing /opt/homebrew/Caskroom/miniconda/base/envs/airflow_env/lib/python3.9/site-packages/airflow/example_dags/example_dataset_alias_with_no_taskflow.py took 0.106 seconds
[2024-10-13T15:20:05.610+0100] {processor.py:186} INFO - Started process (PID=68308) to work on /opt/homebrew/Caskroom/miniconda/base/envs/airflow_env/lib/python3.9/site-packages/airflow/example_dags/example_dataset_alias_with_no_taskflow.py
[2024-10-13T15:20:05.611+0100] {processor.py:914} INFO - Processing file /opt/homebrew/Caskroom/miniconda/base/envs/airflow_env/lib/python3.9/site-packages/airflow/example_dags/example_dataset_alias_with_no_taskflow.py for tasks to queue
[2024-10-13T15:20:05.611+0100] {logging_mixin.py:190} INFO - [2024-10-13T15:20:05.611+0100] {dagbag.py:588} INFO - Filling up the DagBag from /opt/homebrew/Caskroom/miniconda/base/envs/airflow_env/lib/python3.9/site-packages/airflow/example_dags/example_dataset_alias_with_no_taskflow.py
[2024-10-13T15:20:05.690+0100] {processor.py:925} INFO - DAG(s) 'dataset_alias_example_alias_producer_with_no_taskflow', 'dataset_s3_bucket_consumer_with_no_taskflow', 'dataset_alias_example_alias_consumer_with_no_taskflow', 'dataset_s3_bucket_producer_with_no_taskflow' retrieved from /opt/homebrew/Caskroom/miniconda/base/envs/airflow_env/lib/python3.9/site-packages/airflow/example_dags/example_dataset_alias_with_no_taskflow.py
[2024-10-13T15:20:05.698+0100] {logging_mixin.py:190} INFO - [2024-10-13T15:20:05.698+0100] {dag.py:3239} INFO - Sync 4 DAGs
[2024-10-13T15:20:05.704+0100] {logging_mixin.py:190} INFO - [2024-10-13T15:20:05.704+0100] {dag.py:4180} INFO - Setting next_dagrun for dataset_alias_example_alias_consumer_with_no_taskflow to None, run_after=None
[2024-10-13T15:20:05.704+0100] {logging_mixin.py:190} INFO - [2024-10-13T15:20:05.704+0100] {dag.py:4180} INFO - Setting next_dagrun for dataset_alias_example_alias_producer_with_no_taskflow to None, run_after=None
[2024-10-13T15:20:05.705+0100] {logging_mixin.py:190} INFO - [2024-10-13T15:20:05.705+0100] {dag.py:4180} INFO - Setting next_dagrun for dataset_s3_bucket_consumer_with_no_taskflow to None, run_after=None
[2024-10-13T15:20:05.705+0100] {logging_mixin.py:190} INFO - [2024-10-13T15:20:05.705+0100] {dag.py:4180} INFO - Setting next_dagrun for dataset_s3_bucket_producer_with_no_taskflow to None, run_after=None
[2024-10-13T15:20:05.712+0100] {processor.py:208} INFO - Processing /opt/homebrew/Caskroom/miniconda/base/envs/airflow_env/lib/python3.9/site-packages/airflow/example_dags/example_dataset_alias_with_no_taskflow.py took 0.103 seconds
[2024-10-13T15:22:14.066+0100] {processor.py:186} INFO - Started process (PID=68493) to work on /opt/homebrew/Caskroom/miniconda/base/envs/airflow_env/lib/python3.9/site-packages/airflow/example_dags/example_dataset_alias_with_no_taskflow.py
[2024-10-13T15:22:14.066+0100] {processor.py:914} INFO - Processing file /opt/homebrew/Caskroom/miniconda/base/envs/airflow_env/lib/python3.9/site-packages/airflow/example_dags/example_dataset_alias_with_no_taskflow.py for tasks to queue
[2024-10-13T15:22:14.067+0100] {logging_mixin.py:190} INFO - [2024-10-13T15:22:14.066+0100] {dagbag.py:588} INFO - Filling up the DagBag from /opt/homebrew/Caskroom/miniconda/base/envs/airflow_env/lib/python3.9/site-packages/airflow/example_dags/example_dataset_alias_with_no_taskflow.py
[2024-10-13T15:22:14.153+0100] {processor.py:925} INFO - DAG(s) 'dataset_alias_example_alias_consumer_with_no_taskflow', 'dataset_alias_example_alias_producer_with_no_taskflow', 'dataset_s3_bucket_producer_with_no_taskflow', 'dataset_s3_bucket_consumer_with_no_taskflow' retrieved from /opt/homebrew/Caskroom/miniconda/base/envs/airflow_env/lib/python3.9/site-packages/airflow/example_dags/example_dataset_alias_with_no_taskflow.py
[2024-10-13T15:22:14.161+0100] {logging_mixin.py:190} INFO - [2024-10-13T15:22:14.161+0100] {dag.py:3239} INFO - Sync 4 DAGs
[2024-10-13T15:22:14.168+0100] {logging_mixin.py:190} INFO - [2024-10-13T15:22:14.168+0100] {dag.py:4180} INFO - Setting next_dagrun for dataset_alias_example_alias_consumer_with_no_taskflow to None, run_after=None
[2024-10-13T15:22:14.169+0100] {logging_mixin.py:190} INFO - [2024-10-13T15:22:14.169+0100] {dag.py:4180} INFO - Setting next_dagrun for dataset_alias_example_alias_producer_with_no_taskflow to None, run_after=None
[2024-10-13T15:22:14.169+0100] {logging_mixin.py:190} INFO - [2024-10-13T15:22:14.169+0100] {dag.py:4180} INFO - Setting next_dagrun for dataset_s3_bucket_consumer_with_no_taskflow to None, run_after=None
[2024-10-13T15:22:14.170+0100] {logging_mixin.py:190} INFO - [2024-10-13T15:22:14.169+0100] {dag.py:4180} INFO - Setting next_dagrun for dataset_s3_bucket_producer_with_no_taskflow to None, run_after=None
[2024-10-13T15:22:14.178+0100] {processor.py:208} INFO - Processing /opt/homebrew/Caskroom/miniconda/base/envs/airflow_env/lib/python3.9/site-packages/airflow/example_dags/example_dataset_alias_with_no_taskflow.py took 0.114 seconds
[2024-10-13T15:24:21.195+0100] {processor.py:186} INFO - Started process (PID=68637) to work on /opt/homebrew/Caskroom/miniconda/base/envs/airflow_env/lib/python3.9/site-packages/airflow/example_dags/example_dataset_alias_with_no_taskflow.py
[2024-10-13T15:24:21.196+0100] {processor.py:914} INFO - Processing file /opt/homebrew/Caskroom/miniconda/base/envs/airflow_env/lib/python3.9/site-packages/airflow/example_dags/example_dataset_alias_with_no_taskflow.py for tasks to queue
[2024-10-13T15:24:21.196+0100] {logging_mixin.py:190} INFO - [2024-10-13T15:24:21.196+0100] {dagbag.py:588} INFO - Filling up the DagBag from /opt/homebrew/Caskroom/miniconda/base/envs/airflow_env/lib/python3.9/site-packages/airflow/example_dags/example_dataset_alias_with_no_taskflow.py
[2024-10-13T15:24:21.280+0100] {processor.py:925} INFO - DAG(s) 'dataset_alias_example_alias_consumer_with_no_taskflow', 'dataset_s3_bucket_producer_with_no_taskflow', 'dataset_s3_bucket_consumer_with_no_taskflow', 'dataset_alias_example_alias_producer_with_no_taskflow' retrieved from /opt/homebrew/Caskroom/miniconda/base/envs/airflow_env/lib/python3.9/site-packages/airflow/example_dags/example_dataset_alias_with_no_taskflow.py
[2024-10-13T15:24:21.288+0100] {logging_mixin.py:190} INFO - [2024-10-13T15:24:21.288+0100] {dag.py:3239} INFO - Sync 4 DAGs
[2024-10-13T15:24:21.295+0100] {logging_mixin.py:190} INFO - [2024-10-13T15:24:21.295+0100] {dag.py:4180} INFO - Setting next_dagrun for dataset_alias_example_alias_consumer_with_no_taskflow to None, run_after=None
[2024-10-13T15:24:21.296+0100] {logging_mixin.py:190} INFO - [2024-10-13T15:24:21.296+0100] {dag.py:4180} INFO - Setting next_dagrun for dataset_alias_example_alias_producer_with_no_taskflow to None, run_after=None
[2024-10-13T15:24:21.296+0100] {logging_mixin.py:190} INFO - [2024-10-13T15:24:21.296+0100] {dag.py:4180} INFO - Setting next_dagrun for dataset_s3_bucket_consumer_with_no_taskflow to None, run_after=None
[2024-10-13T15:24:21.296+0100] {logging_mixin.py:190} INFO - [2024-10-13T15:24:21.296+0100] {dag.py:4180} INFO - Setting next_dagrun for dataset_s3_bucket_producer_with_no_taskflow to None, run_after=None
[2024-10-13T15:24:21.304+0100] {processor.py:208} INFO - Processing /opt/homebrew/Caskroom/miniconda/base/envs/airflow_env/lib/python3.9/site-packages/airflow/example_dags/example_dataset_alias_with_no_taskflow.py took 0.110 seconds
[2024-10-13T15:26:29.359+0100] {processor.py:186} INFO - Started process (PID=68807) to work on /opt/homebrew/Caskroom/miniconda/base/envs/airflow_env/lib/python3.9/site-packages/airflow/example_dags/example_dataset_alias_with_no_taskflow.py
[2024-10-13T15:26:29.360+0100] {processor.py:914} INFO - Processing file /opt/homebrew/Caskroom/miniconda/base/envs/airflow_env/lib/python3.9/site-packages/airflow/example_dags/example_dataset_alias_with_no_taskflow.py for tasks to queue
[2024-10-13T15:26:29.360+0100] {logging_mixin.py:190} INFO - [2024-10-13T15:26:29.360+0100] {dagbag.py:588} INFO - Filling up the DagBag from /opt/homebrew/Caskroom/miniconda/base/envs/airflow_env/lib/python3.9/site-packages/airflow/example_dags/example_dataset_alias_with_no_taskflow.py
[2024-10-13T15:26:29.445+0100] {processor.py:925} INFO - DAG(s) 'dataset_s3_bucket_consumer_with_no_taskflow', 'dataset_alias_example_alias_consumer_with_no_taskflow', 'dataset_alias_example_alias_producer_with_no_taskflow', 'dataset_s3_bucket_producer_with_no_taskflow' retrieved from /opt/homebrew/Caskroom/miniconda/base/envs/airflow_env/lib/python3.9/site-packages/airflow/example_dags/example_dataset_alias_with_no_taskflow.py
[2024-10-13T15:26:29.453+0100] {logging_mixin.py:190} INFO - [2024-10-13T15:26:29.453+0100] {dag.py:3239} INFO - Sync 4 DAGs
[2024-10-13T15:26:29.459+0100] {logging_mixin.py:190} INFO - [2024-10-13T15:26:29.459+0100] {dag.py:4180} INFO - Setting next_dagrun for dataset_alias_example_alias_consumer_with_no_taskflow to None, run_after=None
[2024-10-13T15:26:29.460+0100] {logging_mixin.py:190} INFO - [2024-10-13T15:26:29.460+0100] {dag.py:4180} INFO - Setting next_dagrun for dataset_alias_example_alias_producer_with_no_taskflow to None, run_after=None
[2024-10-13T15:26:29.460+0100] {logging_mixin.py:190} INFO - [2024-10-13T15:26:29.460+0100] {dag.py:4180} INFO - Setting next_dagrun for dataset_s3_bucket_consumer_with_no_taskflow to None, run_after=None
[2024-10-13T15:26:29.461+0100] {logging_mixin.py:190} INFO - [2024-10-13T15:26:29.461+0100] {dag.py:4180} INFO - Setting next_dagrun for dataset_s3_bucket_producer_with_no_taskflow to None, run_after=None
[2024-10-13T15:26:29.468+0100] {processor.py:208} INFO - Processing /opt/homebrew/Caskroom/miniconda/base/envs/airflow_env/lib/python3.9/site-packages/airflow/example_dags/example_dataset_alias_with_no_taskflow.py took 0.110 seconds
