[2024-10-13T14:09:03.708+0100] {processor.py:186} INFO - Started process (PID=67224) to work on /opt/homebrew/Caskroom/miniconda/base/envs/airflow_env/lib/python3.9/site-packages/airflow/example_dags/example_nested_branch_dag.py
[2024-10-13T14:09:03.708+0100] {processor.py:914} INFO - Processing file /opt/homebrew/Caskroom/miniconda/base/envs/airflow_env/lib/python3.9/site-packages/airflow/example_dags/example_nested_branch_dag.py for tasks to queue
[2024-10-13T14:09:03.708+0100] {logging_mixin.py:190} INFO - [2024-10-13T14:09:03.708+0100] {dagbag.py:588} INFO - Filling up the DagBag from /opt/homebrew/Caskroom/miniconda/base/envs/airflow_env/lib/python3.9/site-packages/airflow/example_dags/example_nested_branch_dag.py
[2024-10-13T14:09:03.741+0100] {processor.py:925} INFO - DAG(s) 'example_nested_branch_dag' retrieved from /opt/homebrew/Caskroom/miniconda/base/envs/airflow_env/lib/python3.9/site-packages/airflow/example_dags/example_nested_branch_dag.py
[2024-10-13T14:09:03.808+0100] {logging_mixin.py:190} INFO - [2024-10-13T14:09:03.808+0100] {override.py:1901} INFO - Created Permission View: can delete on DAG:example_nested_branch_dag
[2024-10-13T14:09:03.811+0100] {logging_mixin.py:190} INFO - [2024-10-13T14:09:03.811+0100] {override.py:1901} INFO - Created Permission View: can edit on DAG:example_nested_branch_dag
[2024-10-13T14:09:03.813+0100] {logging_mixin.py:190} INFO - [2024-10-13T14:09:03.813+0100] {override.py:1901} INFO - Created Permission View: can read on DAG:example_nested_branch_dag
[2024-10-13T14:09:03.816+0100] {logging_mixin.py:190} INFO - [2024-10-13T14:09:03.816+0100] {override.py:1901} INFO - Created Permission View: menu access on DAG Run:example_nested_branch_dag
[2024-10-13T14:09:03.818+0100] {logging_mixin.py:190} INFO - [2024-10-13T14:09:03.818+0100] {override.py:1901} INFO - Created Permission View: can delete on DAG Run:example_nested_branch_dag
[2024-10-13T14:09:03.820+0100] {logging_mixin.py:190} INFO - [2024-10-13T14:09:03.820+0100] {override.py:1901} INFO - Created Permission View: can create on DAG Run:example_nested_branch_dag
[2024-10-13T14:09:03.822+0100] {logging_mixin.py:190} INFO - [2024-10-13T14:09:03.822+0100] {override.py:1901} INFO - Created Permission View: can read on DAG Run:example_nested_branch_dag
[2024-10-13T14:09:03.822+0100] {logging_mixin.py:190} INFO - [2024-10-13T14:09:03.822+0100] {dag.py:3239} INFO - Sync 1 DAGs
[2024-10-13T14:09:03.826+0100] {logging_mixin.py:190} INFO - [2024-10-13T14:09:03.826+0100] {dag.py:3262} INFO - Creating ORM DAG for example_nested_branch_dag
[2024-10-13T14:09:03.829+0100] {logging_mixin.py:190} INFO - [2024-10-13T14:09:03.829+0100] {dag.py:4180} INFO - Setting next_dagrun for example_nested_branch_dag to 2024-10-12 00:00:00+00:00, run_after=2024-10-13 00:00:00+00:00
[2024-10-13T14:09:03.834+0100] {processor.py:208} INFO - Processing /opt/homebrew/Caskroom/miniconda/base/envs/airflow_env/lib/python3.9/site-packages/airflow/example_dags/example_nested_branch_dag.py took 0.128 seconds
[2024-10-13T14:10:41.232+0100] {processor.py:186} INFO - Started process (PID=67328) to work on /opt/homebrew/Caskroom/miniconda/base/envs/airflow_env/lib/python3.9/site-packages/airflow/example_dags/example_nested_branch_dag.py
[2024-10-13T14:10:41.233+0100] {processor.py:914} INFO - Processing file /opt/homebrew/Caskroom/miniconda/base/envs/airflow_env/lib/python3.9/site-packages/airflow/example_dags/example_nested_branch_dag.py for tasks to queue
[2024-10-13T14:10:41.233+0100] {logging_mixin.py:190} INFO - [2024-10-13T14:10:41.233+0100] {dagbag.py:588} INFO - Filling up the DagBag from /opt/homebrew/Caskroom/miniconda/base/envs/airflow_env/lib/python3.9/site-packages/airflow/example_dags/example_nested_branch_dag.py
[2024-10-13T14:10:41.265+0100] {processor.py:925} INFO - DAG(s) 'example_nested_branch_dag' retrieved from /opt/homebrew/Caskroom/miniconda/base/envs/airflow_env/lib/python3.9/site-packages/airflow/example_dags/example_nested_branch_dag.py
[2024-10-13T14:10:41.298+0100] {logging_mixin.py:190} INFO - [2024-10-13T14:10:41.298+0100] {dag.py:3239} INFO - Sync 1 DAGs
[2024-10-13T14:10:41.304+0100] {logging_mixin.py:190} INFO - [2024-10-13T14:10:41.304+0100] {dag.py:4180} INFO - Setting next_dagrun for example_nested_branch_dag to 2024-10-12 00:00:00+00:00, run_after=2024-10-13 00:00:00+00:00
[2024-10-13T14:10:41.310+0100] {processor.py:208} INFO - Processing /opt/homebrew/Caskroom/miniconda/base/envs/airflow_env/lib/python3.9/site-packages/airflow/example_dags/example_nested_branch_dag.py took 0.080 seconds
[2024-10-13T14:12:47.451+0100] {processor.py:186} INFO - Started process (PID=67473) to work on /opt/homebrew/Caskroom/miniconda/base/envs/airflow_env/lib/python3.9/site-packages/airflow/example_dags/example_nested_branch_dag.py
[2024-10-13T14:12:47.452+0100] {processor.py:914} INFO - Processing file /opt/homebrew/Caskroom/miniconda/base/envs/airflow_env/lib/python3.9/site-packages/airflow/example_dags/example_nested_branch_dag.py for tasks to queue
[2024-10-13T14:12:47.452+0100] {logging_mixin.py:190} INFO - [2024-10-13T14:12:47.452+0100] {dagbag.py:588} INFO - Filling up the DagBag from /opt/homebrew/Caskroom/miniconda/base/envs/airflow_env/lib/python3.9/site-packages/airflow/example_dags/example_nested_branch_dag.py
[2024-10-13T14:12:47.488+0100] {processor.py:925} INFO - DAG(s) 'example_nested_branch_dag' retrieved from /opt/homebrew/Caskroom/miniconda/base/envs/airflow_env/lib/python3.9/site-packages/airflow/example_dags/example_nested_branch_dag.py
[2024-10-13T14:12:47.523+0100] {logging_mixin.py:190} INFO - [2024-10-13T14:12:47.523+0100] {dag.py:3239} INFO - Sync 1 DAGs
[2024-10-13T14:12:47.531+0100] {logging_mixin.py:190} INFO - [2024-10-13T14:12:47.531+0100] {dag.py:4180} INFO - Setting next_dagrun for example_nested_branch_dag to 2024-10-12 00:00:00+00:00, run_after=2024-10-13 00:00:00+00:00
[2024-10-13T14:12:47.537+0100] {processor.py:208} INFO - Processing /opt/homebrew/Caskroom/miniconda/base/envs/airflow_env/lib/python3.9/site-packages/airflow/example_dags/example_nested_branch_dag.py took 0.089 seconds
[2024-10-13T14:14:56.831+0100] {processor.py:186} INFO - Started process (PID=67621) to work on /opt/homebrew/Caskroom/miniconda/base/envs/airflow_env/lib/python3.9/site-packages/airflow/example_dags/example_nested_branch_dag.py
[2024-10-13T14:14:56.832+0100] {processor.py:914} INFO - Processing file /opt/homebrew/Caskroom/miniconda/base/envs/airflow_env/lib/python3.9/site-packages/airflow/example_dags/example_nested_branch_dag.py for tasks to queue
[2024-10-13T14:14:56.832+0100] {logging_mixin.py:190} INFO - [2024-10-13T14:14:56.832+0100] {dagbag.py:588} INFO - Filling up the DagBag from /opt/homebrew/Caskroom/miniconda/base/envs/airflow_env/lib/python3.9/site-packages/airflow/example_dags/example_nested_branch_dag.py
[2024-10-13T14:14:56.864+0100] {processor.py:925} INFO - DAG(s) 'example_nested_branch_dag' retrieved from /opt/homebrew/Caskroom/miniconda/base/envs/airflow_env/lib/python3.9/site-packages/airflow/example_dags/example_nested_branch_dag.py
[2024-10-13T14:14:56.897+0100] {logging_mixin.py:190} INFO - [2024-10-13T14:14:56.897+0100] {dag.py:3239} INFO - Sync 1 DAGs
[2024-10-13T14:14:56.904+0100] {logging_mixin.py:190} INFO - [2024-10-13T14:14:56.904+0100] {dag.py:4180} INFO - Setting next_dagrun for example_nested_branch_dag to 2024-10-12 00:00:00+00:00, run_after=2024-10-13 00:00:00+00:00
[2024-10-13T14:14:56.910+0100] {processor.py:208} INFO - Processing /opt/homebrew/Caskroom/miniconda/base/envs/airflow_env/lib/python3.9/site-packages/airflow/example_dags/example_nested_branch_dag.py took 0.081 seconds
[2024-10-13T14:18:20.135+0100] {processor.py:186} INFO - Started process (PID=67753) to work on /opt/homebrew/Caskroom/miniconda/base/envs/airflow_env/lib/python3.9/site-packages/airflow/example_dags/example_nested_branch_dag.py
[2024-10-13T14:18:20.136+0100] {processor.py:914} INFO - Processing file /opt/homebrew/Caskroom/miniconda/base/envs/airflow_env/lib/python3.9/site-packages/airflow/example_dags/example_nested_branch_dag.py for tasks to queue
[2024-10-13T14:18:20.136+0100] {logging_mixin.py:190} INFO - [2024-10-13T14:18:20.136+0100] {dagbag.py:588} INFO - Filling up the DagBag from /opt/homebrew/Caskroom/miniconda/base/envs/airflow_env/lib/python3.9/site-packages/airflow/example_dags/example_nested_branch_dag.py
[2024-10-13T14:18:20.167+0100] {processor.py:925} INFO - DAG(s) 'example_nested_branch_dag' retrieved from /opt/homebrew/Caskroom/miniconda/base/envs/airflow_env/lib/python3.9/site-packages/airflow/example_dags/example_nested_branch_dag.py
[2024-10-13T14:18:20.199+0100] {logging_mixin.py:190} INFO - [2024-10-13T14:18:20.199+0100] {dag.py:3239} INFO - Sync 1 DAGs
[2024-10-13T14:18:20.206+0100] {logging_mixin.py:190} INFO - [2024-10-13T14:18:20.206+0100] {dag.py:4180} INFO - Setting next_dagrun for example_nested_branch_dag to 2024-10-12 00:00:00+00:00, run_after=2024-10-13 00:00:00+00:00
[2024-10-13T14:18:20.212+0100] {processor.py:208} INFO - Processing /opt/homebrew/Caskroom/miniconda/base/envs/airflow_env/lib/python3.9/site-packages/airflow/example_dags/example_nested_branch_dag.py took 0.079 seconds
[2024-10-13T15:14:35.625+0100] {processor.py:186} INFO - Started process (PID=67988) to work on /opt/homebrew/Caskroom/miniconda/base/envs/airflow_env/lib/python3.9/site-packages/airflow/example_dags/example_nested_branch_dag.py
[2024-10-13T15:14:35.628+0100] {processor.py:914} INFO - Processing file /opt/homebrew/Caskroom/miniconda/base/envs/airflow_env/lib/python3.9/site-packages/airflow/example_dags/example_nested_branch_dag.py for tasks to queue
[2024-10-13T15:14:35.628+0100] {logging_mixin.py:190} INFO - [2024-10-13T15:14:35.628+0100] {dagbag.py:588} INFO - Filling up the DagBag from /opt/homebrew/Caskroom/miniconda/base/envs/airflow_env/lib/python3.9/site-packages/airflow/example_dags/example_nested_branch_dag.py
[2024-10-13T15:14:35.662+0100] {processor.py:925} INFO - DAG(s) 'example_nested_branch_dag' retrieved from /opt/homebrew/Caskroom/miniconda/base/envs/airflow_env/lib/python3.9/site-packages/airflow/example_dags/example_nested_branch_dag.py
[2024-10-13T15:14:35.695+0100] {logging_mixin.py:190} INFO - [2024-10-13T15:14:35.695+0100] {dag.py:3239} INFO - Sync 1 DAGs
[2024-10-13T15:14:35.702+0100] {logging_mixin.py:190} INFO - [2024-10-13T15:14:35.702+0100] {dag.py:4180} INFO - Setting next_dagrun for example_nested_branch_dag to 2024-10-12 00:00:00+00:00, run_after=2024-10-13 00:00:00+00:00
[2024-10-13T15:14:35.708+0100] {processor.py:208} INFO - Processing /opt/homebrew/Caskroom/miniconda/base/envs/airflow_env/lib/python3.9/site-packages/airflow/example_dags/example_nested_branch_dag.py took 0.085 seconds
[2024-10-13T15:16:47.372+0100] {processor.py:186} INFO - Started process (PID=68118) to work on /opt/homebrew/Caskroom/miniconda/base/envs/airflow_env/lib/python3.9/site-packages/airflow/example_dags/example_nested_branch_dag.py
[2024-10-13T15:16:47.373+0100] {processor.py:914} INFO - Processing file /opt/homebrew/Caskroom/miniconda/base/envs/airflow_env/lib/python3.9/site-packages/airflow/example_dags/example_nested_branch_dag.py for tasks to queue
[2024-10-13T15:16:47.373+0100] {logging_mixin.py:190} INFO - [2024-10-13T15:16:47.373+0100] {dagbag.py:588} INFO - Filling up the DagBag from /opt/homebrew/Caskroom/miniconda/base/envs/airflow_env/lib/python3.9/site-packages/airflow/example_dags/example_nested_branch_dag.py
[2024-10-13T15:16:47.408+0100] {processor.py:925} INFO - DAG(s) 'example_nested_branch_dag' retrieved from /opt/homebrew/Caskroom/miniconda/base/envs/airflow_env/lib/python3.9/site-packages/airflow/example_dags/example_nested_branch_dag.py
[2024-10-13T15:16:47.447+0100] {logging_mixin.py:190} INFO - [2024-10-13T15:16:47.447+0100] {dag.py:3239} INFO - Sync 1 DAGs
[2024-10-13T15:16:47.454+0100] {logging_mixin.py:190} INFO - [2024-10-13T15:16:47.454+0100] {dag.py:4180} INFO - Setting next_dagrun for example_nested_branch_dag to 2024-10-12 00:00:00+00:00, run_after=2024-10-13 00:00:00+00:00
[2024-10-13T15:16:47.460+0100] {processor.py:208} INFO - Processing /opt/homebrew/Caskroom/miniconda/base/envs/airflow_env/lib/python3.9/site-packages/airflow/example_dags/example_nested_branch_dag.py took 0.089 seconds
[2024-10-13T15:19:01.792+0100] {processor.py:186} INFO - Started process (PID=68254) to work on /opt/homebrew/Caskroom/miniconda/base/envs/airflow_env/lib/python3.9/site-packages/airflow/example_dags/example_nested_branch_dag.py
[2024-10-13T15:19:01.792+0100] {processor.py:914} INFO - Processing file /opt/homebrew/Caskroom/miniconda/base/envs/airflow_env/lib/python3.9/site-packages/airflow/example_dags/example_nested_branch_dag.py for tasks to queue
[2024-10-13T15:19:01.793+0100] {logging_mixin.py:190} INFO - [2024-10-13T15:19:01.793+0100] {dagbag.py:588} INFO - Filling up the DagBag from /opt/homebrew/Caskroom/miniconda/base/envs/airflow_env/lib/python3.9/site-packages/airflow/example_dags/example_nested_branch_dag.py
[2024-10-13T15:19:01.828+0100] {processor.py:925} INFO - DAG(s) 'example_nested_branch_dag' retrieved from /opt/homebrew/Caskroom/miniconda/base/envs/airflow_env/lib/python3.9/site-packages/airflow/example_dags/example_nested_branch_dag.py
[2024-10-13T15:19:01.863+0100] {logging_mixin.py:190} INFO - [2024-10-13T15:19:01.863+0100] {dag.py:3239} INFO - Sync 1 DAGs
[2024-10-13T15:19:01.871+0100] {logging_mixin.py:190} INFO - [2024-10-13T15:19:01.871+0100] {dag.py:4180} INFO - Setting next_dagrun for example_nested_branch_dag to 2024-10-12 00:00:00+00:00, run_after=2024-10-13 00:00:00+00:00
[2024-10-13T15:19:01.877+0100] {processor.py:208} INFO - Processing /opt/homebrew/Caskroom/miniconda/base/envs/airflow_env/lib/python3.9/site-packages/airflow/example_dags/example_nested_branch_dag.py took 0.087 seconds
[2024-10-13T15:21:16.168+0100] {processor.py:186} INFO - Started process (PID=68381) to work on /opt/homebrew/Caskroom/miniconda/base/envs/airflow_env/lib/python3.9/site-packages/airflow/example_dags/example_nested_branch_dag.py
[2024-10-13T15:21:16.169+0100] {processor.py:914} INFO - Processing file /opt/homebrew/Caskroom/miniconda/base/envs/airflow_env/lib/python3.9/site-packages/airflow/example_dags/example_nested_branch_dag.py for tasks to queue
[2024-10-13T15:21:16.169+0100] {logging_mixin.py:190} INFO - [2024-10-13T15:21:16.169+0100] {dagbag.py:588} INFO - Filling up the DagBag from /opt/homebrew/Caskroom/miniconda/base/envs/airflow_env/lib/python3.9/site-packages/airflow/example_dags/example_nested_branch_dag.py
[2024-10-13T15:21:16.199+0100] {processor.py:925} INFO - DAG(s) 'example_nested_branch_dag' retrieved from /opt/homebrew/Caskroom/miniconda/base/envs/airflow_env/lib/python3.9/site-packages/airflow/example_dags/example_nested_branch_dag.py
[2024-10-13T15:21:16.232+0100] {logging_mixin.py:190} INFO - [2024-10-13T15:21:16.232+0100] {dag.py:3239} INFO - Sync 1 DAGs
[2024-10-13T15:21:16.239+0100] {logging_mixin.py:190} INFO - [2024-10-13T15:21:16.239+0100] {dag.py:4180} INFO - Setting next_dagrun for example_nested_branch_dag to 2024-10-12 00:00:00+00:00, run_after=2024-10-13 00:00:00+00:00
[2024-10-13T15:21:16.246+0100] {processor.py:208} INFO - Processing /opt/homebrew/Caskroom/miniconda/base/envs/airflow_env/lib/python3.9/site-packages/airflow/example_dags/example_nested_branch_dag.py took 0.079 seconds
[2024-10-13T15:23:19.504+0100] {processor.py:186} INFO - Started process (PID=68588) to work on /opt/homebrew/Caskroom/miniconda/base/envs/airflow_env/lib/python3.9/site-packages/airflow/example_dags/example_nested_branch_dag.py
[2024-10-13T15:23:19.504+0100] {processor.py:914} INFO - Processing file /opt/homebrew/Caskroom/miniconda/base/envs/airflow_env/lib/python3.9/site-packages/airflow/example_dags/example_nested_branch_dag.py for tasks to queue
[2024-10-13T15:23:19.505+0100] {logging_mixin.py:190} INFO - [2024-10-13T15:23:19.505+0100] {dagbag.py:588} INFO - Filling up the DagBag from /opt/homebrew/Caskroom/miniconda/base/envs/airflow_env/lib/python3.9/site-packages/airflow/example_dags/example_nested_branch_dag.py
[2024-10-13T15:23:19.540+0100] {processor.py:925} INFO - DAG(s) 'example_nested_branch_dag' retrieved from /opt/homebrew/Caskroom/miniconda/base/envs/airflow_env/lib/python3.9/site-packages/airflow/example_dags/example_nested_branch_dag.py
[2024-10-13T15:23:19.575+0100] {logging_mixin.py:190} INFO - [2024-10-13T15:23:19.575+0100] {dag.py:3239} INFO - Sync 1 DAGs
[2024-10-13T15:23:19.581+0100] {logging_mixin.py:190} INFO - [2024-10-13T15:23:19.581+0100] {dag.py:4180} INFO - Setting next_dagrun for example_nested_branch_dag to 2024-10-12 00:00:00+00:00, run_after=2024-10-13 00:00:00+00:00
[2024-10-13T15:23:19.588+0100] {processor.py:208} INFO - Processing /opt/homebrew/Caskroom/miniconda/base/envs/airflow_env/lib/python3.9/site-packages/airflow/example_dags/example_nested_branch_dag.py took 0.086 seconds
[2024-10-13T15:25:30.369+0100] {processor.py:186} INFO - Started process (PID=68713) to work on /opt/homebrew/Caskroom/miniconda/base/envs/airflow_env/lib/python3.9/site-packages/airflow/example_dags/example_nested_branch_dag.py
[2024-10-13T15:25:30.371+0100] {processor.py:914} INFO - Processing file /opt/homebrew/Caskroom/miniconda/base/envs/airflow_env/lib/python3.9/site-packages/airflow/example_dags/example_nested_branch_dag.py for tasks to queue
[2024-10-13T15:25:30.372+0100] {logging_mixin.py:190} INFO - [2024-10-13T15:25:30.371+0100] {dagbag.py:588} INFO - Filling up the DagBag from /opt/homebrew/Caskroom/miniconda/base/envs/airflow_env/lib/python3.9/site-packages/airflow/example_dags/example_nested_branch_dag.py
[2024-10-13T15:25:30.402+0100] {processor.py:925} INFO - DAG(s) 'example_nested_branch_dag' retrieved from /opt/homebrew/Caskroom/miniconda/base/envs/airflow_env/lib/python3.9/site-packages/airflow/example_dags/example_nested_branch_dag.py
[2024-10-13T15:25:30.435+0100] {logging_mixin.py:190} INFO - [2024-10-13T15:25:30.435+0100] {dag.py:3239} INFO - Sync 1 DAGs
[2024-10-13T15:25:30.443+0100] {logging_mixin.py:190} INFO - [2024-10-13T15:25:30.443+0100] {dag.py:4180} INFO - Setting next_dagrun for example_nested_branch_dag to 2024-10-12 00:00:00+00:00, run_after=2024-10-13 00:00:00+00:00
[2024-10-13T15:25:30.449+0100] {processor.py:208} INFO - Processing /opt/homebrew/Caskroom/miniconda/base/envs/airflow_env/lib/python3.9/site-packages/airflow/example_dags/example_nested_branch_dag.py took 0.082 seconds
