[2024-10-13T14:09:28.303+0100] {processor.py:186} INFO - Started process (PID=67255) to work on /opt/homebrew/Caskroom/miniconda/base/envs/airflow_env/lib/python3.9/site-packages/airflow/example_dags/example_complex.py
[2024-10-13T14:09:28.303+0100] {processor.py:914} INFO - Processing file /opt/homebrew/Caskroom/miniconda/base/envs/airflow_env/lib/python3.9/site-packages/airflow/example_dags/example_complex.py for tasks to queue
[2024-10-13T14:09:28.303+0100] {logging_mixin.py:190} INFO - [2024-10-13T14:09:28.303+0100] {dagbag.py:588} INFO - Filling up the DagBag from /opt/homebrew/Caskroom/miniconda/base/envs/airflow_env/lib/python3.9/site-packages/airflow/example_dags/example_complex.py
[2024-10-13T14:09:28.329+0100] {processor.py:925} INFO - DAG(s) 'example_complex' retrieved from /opt/homebrew/Caskroom/miniconda/base/envs/airflow_env/lib/python3.9/site-packages/airflow/example_dags/example_complex.py
[2024-10-13T14:09:28.404+0100] {logging_mixin.py:190} INFO - [2024-10-13T14:09:28.404+0100] {override.py:1901} INFO - Created Permission View: can delete on DAG:example_complex
[2024-10-13T14:09:28.408+0100] {logging_mixin.py:190} INFO - [2024-10-13T14:09:28.408+0100] {override.py:1901} INFO - Created Permission View: can edit on DAG:example_complex
[2024-10-13T14:09:28.411+0100] {logging_mixin.py:190} INFO - [2024-10-13T14:09:28.411+0100] {override.py:1901} INFO - Created Permission View: can read on DAG:example_complex
[2024-10-13T14:09:28.415+0100] {logging_mixin.py:190} INFO - [2024-10-13T14:09:28.415+0100] {override.py:1901} INFO - Created Permission View: menu access on DAG Run:example_complex
[2024-10-13T14:09:28.417+0100] {logging_mixin.py:190} INFO - [2024-10-13T14:09:28.417+0100] {override.py:1901} INFO - Created Permission View: can delete on DAG Run:example_complex
[2024-10-13T14:09:28.420+0100] {logging_mixin.py:190} INFO - [2024-10-13T14:09:28.420+0100] {override.py:1901} INFO - Created Permission View: can read on DAG Run:example_complex
[2024-10-13T14:09:28.423+0100] {logging_mixin.py:190} INFO - [2024-10-13T14:09:28.422+0100] {override.py:1901} INFO - Created Permission View: can create on DAG Run:example_complex
[2024-10-13T14:09:28.423+0100] {logging_mixin.py:190} INFO - [2024-10-13T14:09:28.423+0100] {dag.py:3239} INFO - Sync 1 DAGs
[2024-10-13T14:09:28.427+0100] {logging_mixin.py:190} INFO - [2024-10-13T14:09:28.427+0100] {dag.py:3262} INFO - Creating ORM DAG for example_complex
[2024-10-13T14:09:28.428+0100] {logging_mixin.py:190} INFO - [2024-10-13T14:09:28.428+0100] {dag.py:4180} INFO - Setting next_dagrun for example_complex to None, run_after=None
[2024-10-13T14:09:28.434+0100] {processor.py:208} INFO - Processing /opt/homebrew/Caskroom/miniconda/base/envs/airflow_env/lib/python3.9/site-packages/airflow/example_dags/example_complex.py took 0.134 seconds
[2024-10-13T14:11:41.421+0100] {processor.py:186} INFO - Started process (PID=67392) to work on /opt/homebrew/Caskroom/miniconda/base/envs/airflow_env/lib/python3.9/site-packages/airflow/example_dags/example_complex.py
[2024-10-13T14:11:41.421+0100] {processor.py:914} INFO - Processing file /opt/homebrew/Caskroom/miniconda/base/envs/airflow_env/lib/python3.9/site-packages/airflow/example_dags/example_complex.py for tasks to queue
[2024-10-13T14:11:41.421+0100] {logging_mixin.py:190} INFO - [2024-10-13T14:11:41.421+0100] {dagbag.py:588} INFO - Filling up the DagBag from /opt/homebrew/Caskroom/miniconda/base/envs/airflow_env/lib/python3.9/site-packages/airflow/example_dags/example_complex.py
[2024-10-13T14:11:41.443+0100] {processor.py:925} INFO - DAG(s) 'example_complex' retrieved from /opt/homebrew/Caskroom/miniconda/base/envs/airflow_env/lib/python3.9/site-packages/airflow/example_dags/example_complex.py
[2024-10-13T14:11:41.482+0100] {logging_mixin.py:190} INFO - [2024-10-13T14:11:41.482+0100] {dag.py:3239} INFO - Sync 1 DAGs
[2024-10-13T14:11:41.486+0100] {logging_mixin.py:190} INFO - [2024-10-13T14:11:41.486+0100] {dag.py:4180} INFO - Setting next_dagrun for example_complex to None, run_after=None
[2024-10-13T14:11:41.494+0100] {processor.py:208} INFO - Processing /opt/homebrew/Caskroom/miniconda/base/envs/airflow_env/lib/python3.9/site-packages/airflow/example_dags/example_complex.py took 0.075 seconds
[2024-10-13T14:13:46.154+0100] {processor.py:186} INFO - Started process (PID=67563) to work on /opt/homebrew/Caskroom/miniconda/base/envs/airflow_env/lib/python3.9/site-packages/airflow/example_dags/example_complex.py
[2024-10-13T14:13:46.154+0100] {processor.py:914} INFO - Processing file /opt/homebrew/Caskroom/miniconda/base/envs/airflow_env/lib/python3.9/site-packages/airflow/example_dags/example_complex.py for tasks to queue
[2024-10-13T14:13:46.155+0100] {logging_mixin.py:190} INFO - [2024-10-13T14:13:46.155+0100] {dagbag.py:588} INFO - Filling up the DagBag from /opt/homebrew/Caskroom/miniconda/base/envs/airflow_env/lib/python3.9/site-packages/airflow/example_dags/example_complex.py
[2024-10-13T14:13:46.177+0100] {processor.py:925} INFO - DAG(s) 'example_complex' retrieved from /opt/homebrew/Caskroom/miniconda/base/envs/airflow_env/lib/python3.9/site-packages/airflow/example_dags/example_complex.py
[2024-10-13T14:13:46.216+0100] {logging_mixin.py:190} INFO - [2024-10-13T14:13:46.216+0100] {dag.py:3239} INFO - Sync 1 DAGs
[2024-10-13T14:13:46.219+0100] {logging_mixin.py:190} INFO - [2024-10-13T14:13:46.219+0100] {dag.py:4180} INFO - Setting next_dagrun for example_complex to None, run_after=None
[2024-10-13T14:13:46.226+0100] {processor.py:208} INFO - Processing /opt/homebrew/Caskroom/miniconda/base/envs/airflow_env/lib/python3.9/site-packages/airflow/example_dags/example_complex.py took 0.074 seconds
[2024-10-13T14:15:58.513+0100] {processor.py:186} INFO - Started process (PID=67677) to work on /opt/homebrew/Caskroom/miniconda/base/envs/airflow_env/lib/python3.9/site-packages/airflow/example_dags/example_complex.py
[2024-10-13T14:15:58.513+0100] {processor.py:914} INFO - Processing file /opt/homebrew/Caskroom/miniconda/base/envs/airflow_env/lib/python3.9/site-packages/airflow/example_dags/example_complex.py for tasks to queue
[2024-10-13T14:15:58.514+0100] {logging_mixin.py:190} INFO - [2024-10-13T14:15:58.514+0100] {dagbag.py:588} INFO - Filling up the DagBag from /opt/homebrew/Caskroom/miniconda/base/envs/airflow_env/lib/python3.9/site-packages/airflow/example_dags/example_complex.py
[2024-10-13T14:15:58.539+0100] {processor.py:925} INFO - DAG(s) 'example_complex' retrieved from /opt/homebrew/Caskroom/miniconda/base/envs/airflow_env/lib/python3.9/site-packages/airflow/example_dags/example_complex.py
[2024-10-13T14:15:58.579+0100] {logging_mixin.py:190} INFO - [2024-10-13T14:15:58.579+0100] {dag.py:3239} INFO - Sync 1 DAGs
[2024-10-13T14:15:58.584+0100] {logging_mixin.py:190} INFO - [2024-10-13T14:15:58.584+0100] {dag.py:4180} INFO - Setting next_dagrun for example_complex to None, run_after=None
[2024-10-13T14:15:58.591+0100] {processor.py:208} INFO - Processing /opt/homebrew/Caskroom/miniconda/base/envs/airflow_env/lib/python3.9/site-packages/airflow/example_dags/example_complex.py took 0.080 seconds
[2024-10-13T15:13:25.581+0100] {processor.py:186} INFO - Started process (PID=67866) to work on /opt/homebrew/Caskroom/miniconda/base/envs/airflow_env/lib/python3.9/site-packages/airflow/example_dags/example_complex.py
[2024-10-13T15:13:25.581+0100] {processor.py:914} INFO - Processing file /opt/homebrew/Caskroom/miniconda/base/envs/airflow_env/lib/python3.9/site-packages/airflow/example_dags/example_complex.py for tasks to queue
[2024-10-13T15:13:25.582+0100] {logging_mixin.py:190} INFO - [2024-10-13T15:13:25.582+0100] {dagbag.py:588} INFO - Filling up the DagBag from /opt/homebrew/Caskroom/miniconda/base/envs/airflow_env/lib/python3.9/site-packages/airflow/example_dags/example_complex.py
[2024-10-13T15:13:25.605+0100] {processor.py:925} INFO - DAG(s) 'example_complex' retrieved from /opt/homebrew/Caskroom/miniconda/base/envs/airflow_env/lib/python3.9/site-packages/airflow/example_dags/example_complex.py
[2024-10-13T15:13:25.646+0100] {logging_mixin.py:190} INFO - [2024-10-13T15:13:25.646+0100] {dag.py:3239} INFO - Sync 1 DAGs
[2024-10-13T15:13:25.650+0100] {logging_mixin.py:190} INFO - [2024-10-13T15:13:25.650+0100] {dag.py:4180} INFO - Setting next_dagrun for example_complex to None, run_after=None
[2024-10-13T15:13:25.657+0100] {processor.py:208} INFO - Processing /opt/homebrew/Caskroom/miniconda/base/envs/airflow_env/lib/python3.9/site-packages/airflow/example_dags/example_complex.py took 0.078 seconds
[2024-10-13T15:15:46.675+0100] {processor.py:186} INFO - Started process (PID=68059) to work on /opt/homebrew/Caskroom/miniconda/base/envs/airflow_env/lib/python3.9/site-packages/airflow/example_dags/example_complex.py
[2024-10-13T15:15:46.676+0100] {processor.py:914} INFO - Processing file /opt/homebrew/Caskroom/miniconda/base/envs/airflow_env/lib/python3.9/site-packages/airflow/example_dags/example_complex.py for tasks to queue
[2024-10-13T15:15:46.676+0100] {logging_mixin.py:190} INFO - [2024-10-13T15:15:46.676+0100] {dagbag.py:588} INFO - Filling up the DagBag from /opt/homebrew/Caskroom/miniconda/base/envs/airflow_env/lib/python3.9/site-packages/airflow/example_dags/example_complex.py
[2024-10-13T15:15:46.701+0100] {processor.py:925} INFO - DAG(s) 'example_complex' retrieved from /opt/homebrew/Caskroom/miniconda/base/envs/airflow_env/lib/python3.9/site-packages/airflow/example_dags/example_complex.py
[2024-10-13T15:15:46.739+0100] {logging_mixin.py:190} INFO - [2024-10-13T15:15:46.739+0100] {dag.py:3239} INFO - Sync 1 DAGs
[2024-10-13T15:15:46.742+0100] {logging_mixin.py:190} INFO - [2024-10-13T15:15:46.742+0100] {dag.py:4180} INFO - Setting next_dagrun for example_complex to None, run_after=None
[2024-10-13T15:15:46.748+0100] {processor.py:208} INFO - Processing /opt/homebrew/Caskroom/miniconda/base/envs/airflow_env/lib/python3.9/site-packages/airflow/example_dags/example_complex.py took 0.075 seconds
[2024-10-13T15:17:58.134+0100] {processor.py:186} INFO - Started process (PID=68180) to work on /opt/homebrew/Caskroom/miniconda/base/envs/airflow_env/lib/python3.9/site-packages/airflow/example_dags/example_complex.py
[2024-10-13T15:17:58.134+0100] {processor.py:914} INFO - Processing file /opt/homebrew/Caskroom/miniconda/base/envs/airflow_env/lib/python3.9/site-packages/airflow/example_dags/example_complex.py for tasks to queue
[2024-10-13T15:17:58.135+0100] {logging_mixin.py:190} INFO - [2024-10-13T15:17:58.135+0100] {dagbag.py:588} INFO - Filling up the DagBag from /opt/homebrew/Caskroom/miniconda/base/envs/airflow_env/lib/python3.9/site-packages/airflow/example_dags/example_complex.py
[2024-10-13T15:17:58.159+0100] {processor.py:925} INFO - DAG(s) 'example_complex' retrieved from /opt/homebrew/Caskroom/miniconda/base/envs/airflow_env/lib/python3.9/site-packages/airflow/example_dags/example_complex.py
[2024-10-13T15:17:58.200+0100] {logging_mixin.py:190} INFO - [2024-10-13T15:17:58.200+0100] {dag.py:3239} INFO - Sync 1 DAGs
[2024-10-13T15:17:58.204+0100] {logging_mixin.py:190} INFO - [2024-10-13T15:17:58.204+0100] {dag.py:4180} INFO - Setting next_dagrun for example_complex to None, run_after=None
[2024-10-13T15:17:58.210+0100] {processor.py:208} INFO - Processing /opt/homebrew/Caskroom/miniconda/base/envs/airflow_env/lib/python3.9/site-packages/airflow/example_dags/example_complex.py took 0.078 seconds
[2024-10-13T15:20:11.342+0100] {processor.py:186} INFO - Started process (PID=68312) to work on /opt/homebrew/Caskroom/miniconda/base/envs/airflow_env/lib/python3.9/site-packages/airflow/example_dags/example_complex.py
[2024-10-13T15:20:11.342+0100] {processor.py:914} INFO - Processing file /opt/homebrew/Caskroom/miniconda/base/envs/airflow_env/lib/python3.9/site-packages/airflow/example_dags/example_complex.py for tasks to queue
[2024-10-13T15:20:11.343+0100] {logging_mixin.py:190} INFO - [2024-10-13T15:20:11.343+0100] {dagbag.py:588} INFO - Filling up the DagBag from /opt/homebrew/Caskroom/miniconda/base/envs/airflow_env/lib/python3.9/site-packages/airflow/example_dags/example_complex.py
[2024-10-13T15:20:11.367+0100] {processor.py:925} INFO - DAG(s) 'example_complex' retrieved from /opt/homebrew/Caskroom/miniconda/base/envs/airflow_env/lib/python3.9/site-packages/airflow/example_dags/example_complex.py
[2024-10-13T15:20:11.408+0100] {logging_mixin.py:190} INFO - [2024-10-13T15:20:11.408+0100] {dag.py:3239} INFO - Sync 1 DAGs
[2024-10-13T15:20:11.412+0100] {logging_mixin.py:190} INFO - [2024-10-13T15:20:11.412+0100] {dag.py:4180} INFO - Setting next_dagrun for example_complex to None, run_after=None
[2024-10-13T15:20:11.418+0100] {processor.py:208} INFO - Processing /opt/homebrew/Caskroom/miniconda/base/envs/airflow_env/lib/python3.9/site-packages/airflow/example_dags/example_complex.py took 0.078 seconds
[2024-10-13T15:22:19.745+0100] {processor.py:186} INFO - Started process (PID=68503) to work on /opt/homebrew/Caskroom/miniconda/base/envs/airflow_env/lib/python3.9/site-packages/airflow/example_dags/example_complex.py
[2024-10-13T15:22:19.745+0100] {processor.py:914} INFO - Processing file /opt/homebrew/Caskroom/miniconda/base/envs/airflow_env/lib/python3.9/site-packages/airflow/example_dags/example_complex.py for tasks to queue
[2024-10-13T15:22:19.746+0100] {logging_mixin.py:190} INFO - [2024-10-13T15:22:19.746+0100] {dagbag.py:588} INFO - Filling up the DagBag from /opt/homebrew/Caskroom/miniconda/base/envs/airflow_env/lib/python3.9/site-packages/airflow/example_dags/example_complex.py
[2024-10-13T15:22:19.769+0100] {processor.py:925} INFO - DAG(s) 'example_complex' retrieved from /opt/homebrew/Caskroom/miniconda/base/envs/airflow_env/lib/python3.9/site-packages/airflow/example_dags/example_complex.py
[2024-10-13T15:22:19.806+0100] {logging_mixin.py:190} INFO - [2024-10-13T15:22:19.806+0100] {dag.py:3239} INFO - Sync 1 DAGs
[2024-10-13T15:22:19.810+0100] {logging_mixin.py:190} INFO - [2024-10-13T15:22:19.810+0100] {dag.py:4180} INFO - Setting next_dagrun for example_complex to None, run_after=None
[2024-10-13T15:22:19.818+0100] {processor.py:208} INFO - Processing /opt/homebrew/Caskroom/miniconda/base/envs/airflow_env/lib/python3.9/site-packages/airflow/example_dags/example_complex.py took 0.075 seconds
[2024-10-13T15:24:26.870+0100] {processor.py:186} INFO - Started process (PID=68640) to work on /opt/homebrew/Caskroom/miniconda/base/envs/airflow_env/lib/python3.9/site-packages/airflow/example_dags/example_complex.py
[2024-10-13T15:24:26.870+0100] {processor.py:914} INFO - Processing file /opt/homebrew/Caskroom/miniconda/base/envs/airflow_env/lib/python3.9/site-packages/airflow/example_dags/example_complex.py for tasks to queue
[2024-10-13T15:24:26.871+0100] {logging_mixin.py:190} INFO - [2024-10-13T15:24:26.871+0100] {dagbag.py:588} INFO - Filling up the DagBag from /opt/homebrew/Caskroom/miniconda/base/envs/airflow_env/lib/python3.9/site-packages/airflow/example_dags/example_complex.py
[2024-10-13T15:24:26.894+0100] {processor.py:925} INFO - DAG(s) 'example_complex' retrieved from /opt/homebrew/Caskroom/miniconda/base/envs/airflow_env/lib/python3.9/site-packages/airflow/example_dags/example_complex.py
[2024-10-13T15:24:26.934+0100] {logging_mixin.py:190} INFO - [2024-10-13T15:24:26.933+0100] {dag.py:3239} INFO - Sync 1 DAGs
[2024-10-13T15:24:26.937+0100] {logging_mixin.py:190} INFO - [2024-10-13T15:24:26.937+0100] {dag.py:4180} INFO - Setting next_dagrun for example_complex to None, run_after=None
[2024-10-13T15:24:26.944+0100] {processor.py:208} INFO - Processing /opt/homebrew/Caskroom/miniconda/base/envs/airflow_env/lib/python3.9/site-packages/airflow/example_dags/example_complex.py took 0.076 seconds
[2024-10-13T15:26:34.931+0100] {processor.py:186} INFO - Started process (PID=68810) to work on /opt/homebrew/Caskroom/miniconda/base/envs/airflow_env/lib/python3.9/site-packages/airflow/example_dags/example_complex.py
[2024-10-13T15:26:34.931+0100] {processor.py:914} INFO - Processing file /opt/homebrew/Caskroom/miniconda/base/envs/airflow_env/lib/python3.9/site-packages/airflow/example_dags/example_complex.py for tasks to queue
[2024-10-13T15:26:34.932+0100] {logging_mixin.py:190} INFO - [2024-10-13T15:26:34.932+0100] {dagbag.py:588} INFO - Filling up the DagBag from /opt/homebrew/Caskroom/miniconda/base/envs/airflow_env/lib/python3.9/site-packages/airflow/example_dags/example_complex.py
[2024-10-13T15:26:34.956+0100] {processor.py:925} INFO - DAG(s) 'example_complex' retrieved from /opt/homebrew/Caskroom/miniconda/base/envs/airflow_env/lib/python3.9/site-packages/airflow/example_dags/example_complex.py
[2024-10-13T15:26:34.995+0100] {logging_mixin.py:190} INFO - [2024-10-13T15:26:34.995+0100] {dag.py:3239} INFO - Sync 1 DAGs
[2024-10-13T15:26:34.999+0100] {logging_mixin.py:190} INFO - [2024-10-13T15:26:34.999+0100] {dag.py:4180} INFO - Setting next_dagrun for example_complex to None, run_after=None
[2024-10-13T15:26:35.005+0100] {processor.py:208} INFO - Processing /opt/homebrew/Caskroom/miniconda/base/envs/airflow_env/lib/python3.9/site-packages/airflow/example_dags/example_complex.py took 0.076 seconds
