[2024-10-13T14:08:32.015+0100] {processor.py:186} INFO - Started process (PID=67186) to work on /opt/homebrew/Caskroom/miniconda/base/envs/airflow_env/lib/python3.9/site-packages/airflow/example_dags/example_time_delta_sensor_async.py
[2024-10-13T14:08:32.015+0100] {processor.py:914} INFO - Processing file /opt/homebrew/Caskroom/miniconda/base/envs/airflow_env/lib/python3.9/site-packages/airflow/example_dags/example_time_delta_sensor_async.py for tasks to queue
[2024-10-13T14:08:32.016+0100] {logging_mixin.py:190} INFO - [2024-10-13T14:08:32.016+0100] {dagbag.py:588} INFO - Filling up the DagBag from /opt/homebrew/Caskroom/miniconda/base/envs/airflow_env/lib/python3.9/site-packages/airflow/example_dags/example_time_delta_sensor_async.py
[2024-10-13T14:08:32.037+0100] {processor.py:925} INFO - DAG(s) 'example_time_delta_sensor_async' retrieved from /opt/homebrew/Caskroom/miniconda/base/envs/airflow_env/lib/python3.9/site-packages/airflow/example_dags/example_time_delta_sensor_async.py
[2024-10-13T14:08:32.072+0100] {logging_mixin.py:190} INFO - [2024-10-13T14:08:32.071+0100] {workday.py:41} WARNING - Could not import pandas. Holidays will not be considered.
[2024-10-13T14:08:32.107+0100] {logging_mixin.py:190} INFO - [2024-10-13T14:08:32.107+0100] {override.py:1901} INFO - Created Permission View: can read on DAG:example_time_delta_sensor_async
[2024-10-13T14:08:32.110+0100] {logging_mixin.py:190} INFO - [2024-10-13T14:08:32.110+0100] {override.py:1901} INFO - Created Permission View: can delete on DAG:example_time_delta_sensor_async
[2024-10-13T14:08:32.112+0100] {logging_mixin.py:190} INFO - [2024-10-13T14:08:32.112+0100] {override.py:1901} INFO - Created Permission View: can edit on DAG:example_time_delta_sensor_async
[2024-10-13T14:08:32.115+0100] {logging_mixin.py:190} INFO - [2024-10-13T14:08:32.115+0100] {override.py:1901} INFO - Created Permission View: can read on DAG Run:example_time_delta_sensor_async
[2024-10-13T14:08:32.117+0100] {logging_mixin.py:190} INFO - [2024-10-13T14:08:32.117+0100] {override.py:1901} INFO - Created Permission View: can create on DAG Run:example_time_delta_sensor_async
[2024-10-13T14:08:32.119+0100] {logging_mixin.py:190} INFO - [2024-10-13T14:08:32.119+0100] {override.py:1901} INFO - Created Permission View: menu access on DAG Run:example_time_delta_sensor_async
[2024-10-13T14:08:32.120+0100] {logging_mixin.py:190} INFO - [2024-10-13T14:08:32.120+0100] {override.py:1901} INFO - Created Permission View: can delete on DAG Run:example_time_delta_sensor_async
[2024-10-13T14:08:32.121+0100] {logging_mixin.py:190} INFO - [2024-10-13T14:08:32.120+0100] {dag.py:3239} INFO - Sync 1 DAGs
[2024-10-13T14:08:32.124+0100] {logging_mixin.py:190} INFO - [2024-10-13T14:08:32.124+0100] {dag.py:3262} INFO - Creating ORM DAG for example_time_delta_sensor_async
[2024-10-13T14:08:32.125+0100] {logging_mixin.py:190} INFO - [2024-10-13T14:08:32.125+0100] {dag.py:4180} INFO - Setting next_dagrun for example_time_delta_sensor_async to None, run_after=None
[2024-10-13T14:08:32.130+0100] {processor.py:208} INFO - Processing /opt/homebrew/Caskroom/miniconda/base/envs/airflow_env/lib/python3.9/site-packages/airflow/example_dags/example_time_delta_sensor_async.py took 0.117 seconds
[2024-10-13T14:10:09.641+0100] {processor.py:186} INFO - Started process (PID=67297) to work on /opt/homebrew/Caskroom/miniconda/base/envs/airflow_env/lib/python3.9/site-packages/airflow/example_dags/example_time_delta_sensor_async.py
[2024-10-13T14:10:09.641+0100] {processor.py:914} INFO - Processing file /opt/homebrew/Caskroom/miniconda/base/envs/airflow_env/lib/python3.9/site-packages/airflow/example_dags/example_time_delta_sensor_async.py for tasks to queue
[2024-10-13T14:10:09.641+0100] {logging_mixin.py:190} INFO - [2024-10-13T14:10:09.641+0100] {dagbag.py:588} INFO - Filling up the DagBag from /opt/homebrew/Caskroom/miniconda/base/envs/airflow_env/lib/python3.9/site-packages/airflow/example_dags/example_time_delta_sensor_async.py
[2024-10-13T14:10:09.663+0100] {processor.py:925} INFO - DAG(s) 'example_time_delta_sensor_async' retrieved from /opt/homebrew/Caskroom/miniconda/base/envs/airflow_env/lib/python3.9/site-packages/airflow/example_dags/example_time_delta_sensor_async.py
[2024-10-13T14:10:09.696+0100] {logging_mixin.py:190} INFO - [2024-10-13T14:10:09.696+0100] {workday.py:41} WARNING - Could not import pandas. Holidays will not be considered.
[2024-10-13T14:10:09.703+0100] {logging_mixin.py:190} INFO - [2024-10-13T14:10:09.703+0100] {dag.py:3239} INFO - Sync 1 DAGs
[2024-10-13T14:10:09.707+0100] {logging_mixin.py:190} INFO - [2024-10-13T14:10:09.707+0100] {dag.py:4180} INFO - Setting next_dagrun for example_time_delta_sensor_async to None, run_after=None
[2024-10-13T14:10:09.714+0100] {processor.py:208} INFO - Processing /opt/homebrew/Caskroom/miniconda/base/envs/airflow_env/lib/python3.9/site-packages/airflow/example_dags/example_time_delta_sensor_async.py took 0.075 seconds
[2024-10-13T14:11:16.425+0100] {processor.py:186} INFO - Started process (PID=67366) to work on /opt/homebrew/Caskroom/miniconda/base/envs/airflow_env/lib/python3.9/site-packages/airflow/example_dags/example_time_delta_sensor_async.py
[2024-10-13T14:11:16.426+0100] {processor.py:914} INFO - Processing file /opt/homebrew/Caskroom/miniconda/base/envs/airflow_env/lib/python3.9/site-packages/airflow/example_dags/example_time_delta_sensor_async.py for tasks to queue
[2024-10-13T14:11:16.426+0100] {logging_mixin.py:190} INFO - [2024-10-13T14:11:16.426+0100] {dagbag.py:588} INFO - Filling up the DagBag from /opt/homebrew/Caskroom/miniconda/base/envs/airflow_env/lib/python3.9/site-packages/airflow/example_dags/example_time_delta_sensor_async.py
[2024-10-13T14:11:16.447+0100] {processor.py:925} INFO - DAG(s) 'example_time_delta_sensor_async' retrieved from /opt/homebrew/Caskroom/miniconda/base/envs/airflow_env/lib/python3.9/site-packages/airflow/example_dags/example_time_delta_sensor_async.py
[2024-10-13T14:11:16.478+0100] {logging_mixin.py:190} INFO - [2024-10-13T14:11:16.478+0100] {workday.py:41} WARNING - Could not import pandas. Holidays will not be considered.
[2024-10-13T14:11:16.484+0100] {logging_mixin.py:190} INFO - [2024-10-13T14:11:16.484+0100] {dag.py:3239} INFO - Sync 1 DAGs
[2024-10-13T14:11:16.487+0100] {logging_mixin.py:190} INFO - [2024-10-13T14:11:16.487+0100] {dag.py:4180} INFO - Setting next_dagrun for example_time_delta_sensor_async to None, run_after=None
[2024-10-13T14:11:16.493+0100] {processor.py:208} INFO - Processing /opt/homebrew/Caskroom/miniconda/base/envs/airflow_env/lib/python3.9/site-packages/airflow/example_dags/example_time_delta_sensor_async.py took 0.070 seconds
[2024-10-13T14:12:18.974+0100] {processor.py:186} INFO - Started process (PID=67448) to work on /opt/homebrew/Caskroom/miniconda/base/envs/airflow_env/lib/python3.9/site-packages/airflow/example_dags/example_time_delta_sensor_async.py
[2024-10-13T14:12:18.974+0100] {processor.py:914} INFO - Processing file /opt/homebrew/Caskroom/miniconda/base/envs/airflow_env/lib/python3.9/site-packages/airflow/example_dags/example_time_delta_sensor_async.py for tasks to queue
[2024-10-13T14:12:18.975+0100] {logging_mixin.py:190} INFO - [2024-10-13T14:12:18.975+0100] {dagbag.py:588} INFO - Filling up the DagBag from /opt/homebrew/Caskroom/miniconda/base/envs/airflow_env/lib/python3.9/site-packages/airflow/example_dags/example_time_delta_sensor_async.py
[2024-10-13T14:12:18.997+0100] {processor.py:925} INFO - DAG(s) 'example_time_delta_sensor_async' retrieved from /opt/homebrew/Caskroom/miniconda/base/envs/airflow_env/lib/python3.9/site-packages/airflow/example_dags/example_time_delta_sensor_async.py
[2024-10-13T14:12:19.028+0100] {logging_mixin.py:190} INFO - [2024-10-13T14:12:19.028+0100] {workday.py:41} WARNING - Could not import pandas. Holidays will not be considered.
[2024-10-13T14:12:19.033+0100] {logging_mixin.py:190} INFO - [2024-10-13T14:12:19.033+0100] {dag.py:3239} INFO - Sync 1 DAGs
[2024-10-13T14:12:19.037+0100] {logging_mixin.py:190} INFO - [2024-10-13T14:12:19.037+0100] {dag.py:4180} INFO - Setting next_dagrun for example_time_delta_sensor_async to None, run_after=None
[2024-10-13T14:12:19.043+0100] {processor.py:208} INFO - Processing /opt/homebrew/Caskroom/miniconda/base/envs/airflow_env/lib/python3.9/site-packages/airflow/example_dags/example_time_delta_sensor_async.py took 0.071 seconds
[2024-10-13T14:13:21.263+0100] {processor.py:186} INFO - Started process (PID=67531) to work on /opt/homebrew/Caskroom/miniconda/base/envs/airflow_env/lib/python3.9/site-packages/airflow/example_dags/example_time_delta_sensor_async.py
[2024-10-13T14:13:21.264+0100] {processor.py:914} INFO - Processing file /opt/homebrew/Caskroom/miniconda/base/envs/airflow_env/lib/python3.9/site-packages/airflow/example_dags/example_time_delta_sensor_async.py for tasks to queue
[2024-10-13T14:13:21.264+0100] {logging_mixin.py:190} INFO - [2024-10-13T14:13:21.264+0100] {dagbag.py:588} INFO - Filling up the DagBag from /opt/homebrew/Caskroom/miniconda/base/envs/airflow_env/lib/python3.9/site-packages/airflow/example_dags/example_time_delta_sensor_async.py
[2024-10-13T14:13:21.291+0100] {processor.py:925} INFO - DAG(s) 'example_time_delta_sensor_async' retrieved from /opt/homebrew/Caskroom/miniconda/base/envs/airflow_env/lib/python3.9/site-packages/airflow/example_dags/example_time_delta_sensor_async.py
[2024-10-13T14:13:21.325+0100] {logging_mixin.py:190} INFO - [2024-10-13T14:13:21.324+0100] {workday.py:41} WARNING - Could not import pandas. Holidays will not be considered.
[2024-10-13T14:13:21.331+0100] {logging_mixin.py:190} INFO - [2024-10-13T14:13:21.331+0100] {dag.py:3239} INFO - Sync 1 DAGs
[2024-10-13T14:13:21.334+0100] {logging_mixin.py:190} INFO - [2024-10-13T14:13:21.334+0100] {dag.py:4180} INFO - Setting next_dagrun for example_time_delta_sensor_async to None, run_after=None
[2024-10-13T14:13:21.342+0100] {processor.py:208} INFO - Processing /opt/homebrew/Caskroom/miniconda/base/envs/airflow_env/lib/python3.9/site-packages/airflow/example_dags/example_time_delta_sensor_async.py took 0.080 seconds
[2024-10-13T14:14:26.226+0100] {processor.py:186} INFO - Started process (PID=67599) to work on /opt/homebrew/Caskroom/miniconda/base/envs/airflow_env/lib/python3.9/site-packages/airflow/example_dags/example_time_delta_sensor_async.py
[2024-10-13T14:14:26.226+0100] {processor.py:914} INFO - Processing file /opt/homebrew/Caskroom/miniconda/base/envs/airflow_env/lib/python3.9/site-packages/airflow/example_dags/example_time_delta_sensor_async.py for tasks to queue
[2024-10-13T14:14:26.227+0100] {logging_mixin.py:190} INFO - [2024-10-13T14:14:26.227+0100] {dagbag.py:588} INFO - Filling up the DagBag from /opt/homebrew/Caskroom/miniconda/base/envs/airflow_env/lib/python3.9/site-packages/airflow/example_dags/example_time_delta_sensor_async.py
[2024-10-13T14:14:26.251+0100] {processor.py:925} INFO - DAG(s) 'example_time_delta_sensor_async' retrieved from /opt/homebrew/Caskroom/miniconda/base/envs/airflow_env/lib/python3.9/site-packages/airflow/example_dags/example_time_delta_sensor_async.py
[2024-10-13T14:14:26.283+0100] {logging_mixin.py:190} INFO - [2024-10-13T14:14:26.283+0100] {workday.py:41} WARNING - Could not import pandas. Holidays will not be considered.
[2024-10-13T14:14:26.289+0100] {logging_mixin.py:190} INFO - [2024-10-13T14:14:26.289+0100] {dag.py:3239} INFO - Sync 1 DAGs
[2024-10-13T14:14:26.293+0100] {logging_mixin.py:190} INFO - [2024-10-13T14:14:26.293+0100] {dag.py:4180} INFO - Setting next_dagrun for example_time_delta_sensor_async to None, run_after=None
[2024-10-13T14:14:26.299+0100] {processor.py:208} INFO - Processing /opt/homebrew/Caskroom/miniconda/base/envs/airflow_env/lib/python3.9/site-packages/airflow/example_dags/example_time_delta_sensor_async.py took 0.075 seconds
[2024-10-13T14:15:32.201+0100] {processor.py:186} INFO - Started process (PID=67659) to work on /opt/homebrew/Caskroom/miniconda/base/envs/airflow_env/lib/python3.9/site-packages/airflow/example_dags/example_time_delta_sensor_async.py
[2024-10-13T14:15:32.202+0100] {processor.py:914} INFO - Processing file /opt/homebrew/Caskroom/miniconda/base/envs/airflow_env/lib/python3.9/site-packages/airflow/example_dags/example_time_delta_sensor_async.py for tasks to queue
[2024-10-13T14:15:32.202+0100] {logging_mixin.py:190} INFO - [2024-10-13T14:15:32.202+0100] {dagbag.py:588} INFO - Filling up the DagBag from /opt/homebrew/Caskroom/miniconda/base/envs/airflow_env/lib/python3.9/site-packages/airflow/example_dags/example_time_delta_sensor_async.py
[2024-10-13T14:15:32.227+0100] {processor.py:925} INFO - DAG(s) 'example_time_delta_sensor_async' retrieved from /opt/homebrew/Caskroom/miniconda/base/envs/airflow_env/lib/python3.9/site-packages/airflow/example_dags/example_time_delta_sensor_async.py
[2024-10-13T14:15:32.264+0100] {logging_mixin.py:190} INFO - [2024-10-13T14:15:32.264+0100] {workday.py:41} WARNING - Could not import pandas. Holidays will not be considered.
[2024-10-13T14:15:32.270+0100] {logging_mixin.py:190} INFO - [2024-10-13T14:15:32.270+0100] {dag.py:3239} INFO - Sync 1 DAGs
[2024-10-13T14:15:32.274+0100] {logging_mixin.py:190} INFO - [2024-10-13T14:15:32.274+0100] {dag.py:4180} INFO - Setting next_dagrun for example_time_delta_sensor_async to None, run_after=None
[2024-10-13T14:15:32.281+0100] {processor.py:208} INFO - Processing /opt/homebrew/Caskroom/miniconda/base/envs/airflow_env/lib/python3.9/site-packages/airflow/example_dags/example_time_delta_sensor_async.py took 0.081 seconds
[2024-10-13T14:16:40.662+0100] {processor.py:186} INFO - Started process (PID=67719) to work on /opt/homebrew/Caskroom/miniconda/base/envs/airflow_env/lib/python3.9/site-packages/airflow/example_dags/example_time_delta_sensor_async.py
[2024-10-13T14:16:40.663+0100] {processor.py:914} INFO - Processing file /opt/homebrew/Caskroom/miniconda/base/envs/airflow_env/lib/python3.9/site-packages/airflow/example_dags/example_time_delta_sensor_async.py for tasks to queue
[2024-10-13T14:16:40.664+0100] {logging_mixin.py:190} INFO - [2024-10-13T14:16:40.664+0100] {dagbag.py:588} INFO - Filling up the DagBag from /opt/homebrew/Caskroom/miniconda/base/envs/airflow_env/lib/python3.9/site-packages/airflow/example_dags/example_time_delta_sensor_async.py
[2024-10-13T14:16:40.685+0100] {processor.py:925} INFO - DAG(s) 'example_time_delta_sensor_async' retrieved from /opt/homebrew/Caskroom/miniconda/base/envs/airflow_env/lib/python3.9/site-packages/airflow/example_dags/example_time_delta_sensor_async.py
[2024-10-13T14:16:40.717+0100] {logging_mixin.py:190} INFO - [2024-10-13T14:16:40.717+0100] {workday.py:41} WARNING - Could not import pandas. Holidays will not be considered.
[2024-10-13T14:16:40.723+0100] {logging_mixin.py:190} INFO - [2024-10-13T14:16:40.723+0100] {dag.py:3239} INFO - Sync 1 DAGs
[2024-10-13T14:16:40.726+0100] {logging_mixin.py:190} INFO - [2024-10-13T14:16:40.726+0100] {dag.py:4180} INFO - Setting next_dagrun for example_time_delta_sensor_async to None, run_after=None
[2024-10-13T14:16:40.733+0100] {processor.py:208} INFO - Processing /opt/homebrew/Caskroom/miniconda/base/envs/airflow_env/lib/python3.9/site-packages/airflow/example_dags/example_time_delta_sensor_async.py took 0.072 seconds
[2024-10-13T14:19:44.875+0100] {processor.py:186} INFO - Started process (PID=67785) to work on /opt/homebrew/Caskroom/miniconda/base/envs/airflow_env/lib/python3.9/site-packages/airflow/example_dags/example_time_delta_sensor_async.py
[2024-10-13T14:19:44.876+0100] {processor.py:914} INFO - Processing file /opt/homebrew/Caskroom/miniconda/base/envs/airflow_env/lib/python3.9/site-packages/airflow/example_dags/example_time_delta_sensor_async.py for tasks to queue
[2024-10-13T14:19:44.876+0100] {logging_mixin.py:190} INFO - [2024-10-13T14:19:44.876+0100] {dagbag.py:588} INFO - Filling up the DagBag from /opt/homebrew/Caskroom/miniconda/base/envs/airflow_env/lib/python3.9/site-packages/airflow/example_dags/example_time_delta_sensor_async.py
[2024-10-13T14:19:44.902+0100] {processor.py:925} INFO - DAG(s) 'example_time_delta_sensor_async' retrieved from /opt/homebrew/Caskroom/miniconda/base/envs/airflow_env/lib/python3.9/site-packages/airflow/example_dags/example_time_delta_sensor_async.py
[2024-10-13T14:19:44.934+0100] {logging_mixin.py:190} INFO - [2024-10-13T14:19:44.934+0100] {workday.py:41} WARNING - Could not import pandas. Holidays will not be considered.
[2024-10-13T14:19:44.940+0100] {logging_mixin.py:190} INFO - [2024-10-13T14:19:44.940+0100] {dag.py:3239} INFO - Sync 1 DAGs
[2024-10-13T14:19:44.943+0100] {logging_mixin.py:190} INFO - [2024-10-13T14:19:44.943+0100] {dag.py:4180} INFO - Setting next_dagrun for example_time_delta_sensor_async to None, run_after=None
[2024-10-13T14:19:44.949+0100] {processor.py:208} INFO - Processing /opt/homebrew/Caskroom/miniconda/base/envs/airflow_env/lib/python3.9/site-packages/airflow/example_dags/example_time_delta_sensor_async.py took 0.076 seconds
[2024-10-13T15:14:07.503+0100] {processor.py:186} INFO - Started process (PID=67950) to work on /opt/homebrew/Caskroom/miniconda/base/envs/airflow_env/lib/python3.9/site-packages/airflow/example_dags/example_time_delta_sensor_async.py
[2024-10-13T15:14:07.504+0100] {processor.py:914} INFO - Processing file /opt/homebrew/Caskroom/miniconda/base/envs/airflow_env/lib/python3.9/site-packages/airflow/example_dags/example_time_delta_sensor_async.py for tasks to queue
[2024-10-13T15:14:07.504+0100] {logging_mixin.py:190} INFO - [2024-10-13T15:14:07.504+0100] {dagbag.py:588} INFO - Filling up the DagBag from /opt/homebrew/Caskroom/miniconda/base/envs/airflow_env/lib/python3.9/site-packages/airflow/example_dags/example_time_delta_sensor_async.py
[2024-10-13T15:14:07.530+0100] {processor.py:925} INFO - DAG(s) 'example_time_delta_sensor_async' retrieved from /opt/homebrew/Caskroom/miniconda/base/envs/airflow_env/lib/python3.9/site-packages/airflow/example_dags/example_time_delta_sensor_async.py
[2024-10-13T15:14:07.564+0100] {logging_mixin.py:190} INFO - [2024-10-13T15:14:07.564+0100] {workday.py:41} WARNING - Could not import pandas. Holidays will not be considered.
[2024-10-13T15:14:07.571+0100] {logging_mixin.py:190} INFO - [2024-10-13T15:14:07.571+0100] {dag.py:3239} INFO - Sync 1 DAGs
[2024-10-13T15:14:07.575+0100] {logging_mixin.py:190} INFO - [2024-10-13T15:14:07.575+0100] {dag.py:4180} INFO - Setting next_dagrun for example_time_delta_sensor_async to None, run_after=None
[2024-10-13T15:14:07.581+0100] {processor.py:208} INFO - Processing /opt/homebrew/Caskroom/miniconda/base/envs/airflow_env/lib/python3.9/site-packages/airflow/example_dags/example_time_delta_sensor_async.py took 0.080 seconds
[2024-10-13T15:15:22.039+0100] {processor.py:186} INFO - Started process (PID=68042) to work on /opt/homebrew/Caskroom/miniconda/base/envs/airflow_env/lib/python3.9/site-packages/airflow/example_dags/example_time_delta_sensor_async.py
[2024-10-13T15:15:22.039+0100] {processor.py:914} INFO - Processing file /opt/homebrew/Caskroom/miniconda/base/envs/airflow_env/lib/python3.9/site-packages/airflow/example_dags/example_time_delta_sensor_async.py for tasks to queue
[2024-10-13T15:15:22.039+0100] {logging_mixin.py:190} INFO - [2024-10-13T15:15:22.039+0100] {dagbag.py:588} INFO - Filling up the DagBag from /opt/homebrew/Caskroom/miniconda/base/envs/airflow_env/lib/python3.9/site-packages/airflow/example_dags/example_time_delta_sensor_async.py
[2024-10-13T15:15:22.061+0100] {processor.py:925} INFO - DAG(s) 'example_time_delta_sensor_async' retrieved from /opt/homebrew/Caskroom/miniconda/base/envs/airflow_env/lib/python3.9/site-packages/airflow/example_dags/example_time_delta_sensor_async.py
[2024-10-13T15:15:22.093+0100] {logging_mixin.py:190} INFO - [2024-10-13T15:15:22.093+0100] {workday.py:41} WARNING - Could not import pandas. Holidays will not be considered.
[2024-10-13T15:15:22.100+0100] {logging_mixin.py:190} INFO - [2024-10-13T15:15:22.100+0100] {dag.py:3239} INFO - Sync 1 DAGs
[2024-10-13T15:15:22.103+0100] {logging_mixin.py:190} INFO - [2024-10-13T15:15:22.103+0100] {dag.py:4180} INFO - Setting next_dagrun for example_time_delta_sensor_async to None, run_after=None
[2024-10-13T15:15:22.109+0100] {processor.py:208} INFO - Processing /opt/homebrew/Caskroom/miniconda/base/envs/airflow_env/lib/python3.9/site-packages/airflow/example_dags/example_time_delta_sensor_async.py took 0.072 seconds
[2024-10-13T15:16:27.790+0100] {processor.py:186} INFO - Started process (PID=68090) to work on /opt/homebrew/Caskroom/miniconda/base/envs/airflow_env/lib/python3.9/site-packages/airflow/example_dags/example_time_delta_sensor_async.py
[2024-10-13T15:16:27.790+0100] {processor.py:914} INFO - Processing file /opt/homebrew/Caskroom/miniconda/base/envs/airflow_env/lib/python3.9/site-packages/airflow/example_dags/example_time_delta_sensor_async.py for tasks to queue
[2024-10-13T15:16:27.790+0100] {logging_mixin.py:190} INFO - [2024-10-13T15:16:27.790+0100] {dagbag.py:588} INFO - Filling up the DagBag from /opt/homebrew/Caskroom/miniconda/base/envs/airflow_env/lib/python3.9/site-packages/airflow/example_dags/example_time_delta_sensor_async.py
[2024-10-13T15:16:27.812+0100] {processor.py:925} INFO - DAG(s) 'example_time_delta_sensor_async' retrieved from /opt/homebrew/Caskroom/miniconda/base/envs/airflow_env/lib/python3.9/site-packages/airflow/example_dags/example_time_delta_sensor_async.py
[2024-10-13T15:16:27.843+0100] {logging_mixin.py:190} INFO - [2024-10-13T15:16:27.843+0100] {workday.py:41} WARNING - Could not import pandas. Holidays will not be considered.
[2024-10-13T15:16:27.849+0100] {logging_mixin.py:190} INFO - [2024-10-13T15:16:27.849+0100] {dag.py:3239} INFO - Sync 1 DAGs
[2024-10-13T15:16:27.853+0100] {logging_mixin.py:190} INFO - [2024-10-13T15:16:27.853+0100] {dag.py:4180} INFO - Setting next_dagrun for example_time_delta_sensor_async to None, run_after=None
[2024-10-13T15:16:27.859+0100] {processor.py:208} INFO - Processing /opt/homebrew/Caskroom/miniconda/base/envs/airflow_env/lib/python3.9/site-packages/airflow/example_dags/example_time_delta_sensor_async.py took 0.071 seconds
[2024-10-13T15:17:32.079+0100] {processor.py:186} INFO - Started process (PID=68153) to work on /opt/homebrew/Caskroom/miniconda/base/envs/airflow_env/lib/python3.9/site-packages/airflow/example_dags/example_time_delta_sensor_async.py
[2024-10-13T15:17:32.080+0100] {processor.py:914} INFO - Processing file /opt/homebrew/Caskroom/miniconda/base/envs/airflow_env/lib/python3.9/site-packages/airflow/example_dags/example_time_delta_sensor_async.py for tasks to queue
[2024-10-13T15:17:32.080+0100] {logging_mixin.py:190} INFO - [2024-10-13T15:17:32.080+0100] {dagbag.py:588} INFO - Filling up the DagBag from /opt/homebrew/Caskroom/miniconda/base/envs/airflow_env/lib/python3.9/site-packages/airflow/example_dags/example_time_delta_sensor_async.py
[2024-10-13T15:17:32.106+0100] {processor.py:925} INFO - DAG(s) 'example_time_delta_sensor_async' retrieved from /opt/homebrew/Caskroom/miniconda/base/envs/airflow_env/lib/python3.9/site-packages/airflow/example_dags/example_time_delta_sensor_async.py
[2024-10-13T15:17:32.138+0100] {logging_mixin.py:190} INFO - [2024-10-13T15:17:32.138+0100] {workday.py:41} WARNING - Could not import pandas. Holidays will not be considered.
[2024-10-13T15:17:32.144+0100] {logging_mixin.py:190} INFO - [2024-10-13T15:17:32.144+0100] {dag.py:3239} INFO - Sync 1 DAGs
[2024-10-13T15:17:32.148+0100] {logging_mixin.py:190} INFO - [2024-10-13T15:17:32.148+0100] {dag.py:4180} INFO - Setting next_dagrun for example_time_delta_sensor_async to None, run_after=None
[2024-10-13T15:17:32.154+0100] {processor.py:208} INFO - Processing /opt/homebrew/Caskroom/miniconda/base/envs/airflow_env/lib/python3.9/site-packages/airflow/example_dags/example_time_delta_sensor_async.py took 0.077 seconds
[2024-10-13T15:18:39.957+0100] {processor.py:186} INFO - Started process (PID=68219) to work on /opt/homebrew/Caskroom/miniconda/base/envs/airflow_env/lib/python3.9/site-packages/airflow/example_dags/example_time_delta_sensor_async.py
[2024-10-13T15:18:39.958+0100] {processor.py:914} INFO - Processing file /opt/homebrew/Caskroom/miniconda/base/envs/airflow_env/lib/python3.9/site-packages/airflow/example_dags/example_time_delta_sensor_async.py for tasks to queue
[2024-10-13T15:18:39.958+0100] {logging_mixin.py:190} INFO - [2024-10-13T15:18:39.958+0100] {dagbag.py:588} INFO - Filling up the DagBag from /opt/homebrew/Caskroom/miniconda/base/envs/airflow_env/lib/python3.9/site-packages/airflow/example_dags/example_time_delta_sensor_async.py
[2024-10-13T15:18:39.980+0100] {processor.py:925} INFO - DAG(s) 'example_time_delta_sensor_async' retrieved from /opt/homebrew/Caskroom/miniconda/base/envs/airflow_env/lib/python3.9/site-packages/airflow/example_dags/example_time_delta_sensor_async.py
[2024-10-13T15:18:40.011+0100] {logging_mixin.py:190} INFO - [2024-10-13T15:18:40.011+0100] {workday.py:41} WARNING - Could not import pandas. Holidays will not be considered.
[2024-10-13T15:18:40.016+0100] {logging_mixin.py:190} INFO - [2024-10-13T15:18:40.016+0100] {dag.py:3239} INFO - Sync 1 DAGs
[2024-10-13T15:18:40.020+0100] {logging_mixin.py:190} INFO - [2024-10-13T15:18:40.020+0100] {dag.py:4180} INFO - Setting next_dagrun for example_time_delta_sensor_async to None, run_after=None
[2024-10-13T15:18:40.026+0100] {processor.py:208} INFO - Processing /opt/homebrew/Caskroom/miniconda/base/envs/airflow_env/lib/python3.9/site-packages/airflow/example_dags/example_time_delta_sensor_async.py took 0.070 seconds
[2024-10-13T15:19:47.013+0100] {processor.py:186} INFO - Started process (PID=68295) to work on /opt/homebrew/Caskroom/miniconda/base/envs/airflow_env/lib/python3.9/site-packages/airflow/example_dags/example_time_delta_sensor_async.py
[2024-10-13T15:19:47.013+0100] {processor.py:914} INFO - Processing file /opt/homebrew/Caskroom/miniconda/base/envs/airflow_env/lib/python3.9/site-packages/airflow/example_dags/example_time_delta_sensor_async.py for tasks to queue
[2024-10-13T15:19:47.013+0100] {logging_mixin.py:190} INFO - [2024-10-13T15:19:47.013+0100] {dagbag.py:588} INFO - Filling up the DagBag from /opt/homebrew/Caskroom/miniconda/base/envs/airflow_env/lib/python3.9/site-packages/airflow/example_dags/example_time_delta_sensor_async.py
[2024-10-13T15:19:47.035+0100] {processor.py:925} INFO - DAG(s) 'example_time_delta_sensor_async' retrieved from /opt/homebrew/Caskroom/miniconda/base/envs/airflow_env/lib/python3.9/site-packages/airflow/example_dags/example_time_delta_sensor_async.py
[2024-10-13T15:19:47.067+0100] {logging_mixin.py:190} INFO - [2024-10-13T15:19:47.067+0100] {workday.py:41} WARNING - Could not import pandas. Holidays will not be considered.
[2024-10-13T15:19:47.073+0100] {logging_mixin.py:190} INFO - [2024-10-13T15:19:47.073+0100] {dag.py:3239} INFO - Sync 1 DAGs
[2024-10-13T15:19:47.076+0100] {logging_mixin.py:190} INFO - [2024-10-13T15:19:47.076+0100] {dag.py:4180} INFO - Setting next_dagrun for example_time_delta_sensor_async to None, run_after=None
[2024-10-13T15:19:47.082+0100] {processor.py:208} INFO - Processing /opt/homebrew/Caskroom/miniconda/base/envs/airflow_env/lib/python3.9/site-packages/airflow/example_dags/example_time_delta_sensor_async.py took 0.071 seconds
[2024-10-13T15:20:53.090+0100] {processor.py:186} INFO - Started process (PID=68360) to work on /opt/homebrew/Caskroom/miniconda/base/envs/airflow_env/lib/python3.9/site-packages/airflow/example_dags/example_time_delta_sensor_async.py
[2024-10-13T15:20:53.090+0100] {processor.py:914} INFO - Processing file /opt/homebrew/Caskroom/miniconda/base/envs/airflow_env/lib/python3.9/site-packages/airflow/example_dags/example_time_delta_sensor_async.py for tasks to queue
[2024-10-13T15:20:53.091+0100] {logging_mixin.py:190} INFO - [2024-10-13T15:20:53.091+0100] {dagbag.py:588} INFO - Filling up the DagBag from /opt/homebrew/Caskroom/miniconda/base/envs/airflow_env/lib/python3.9/site-packages/airflow/example_dags/example_time_delta_sensor_async.py
[2024-10-13T15:20:53.117+0100] {processor.py:925} INFO - DAG(s) 'example_time_delta_sensor_async' retrieved from /opt/homebrew/Caskroom/miniconda/base/envs/airflow_env/lib/python3.9/site-packages/airflow/example_dags/example_time_delta_sensor_async.py
[2024-10-13T15:20:53.155+0100] {logging_mixin.py:190} INFO - [2024-10-13T15:20:53.154+0100] {workday.py:41} WARNING - Could not import pandas. Holidays will not be considered.
[2024-10-13T15:20:53.162+0100] {logging_mixin.py:190} INFO - [2024-10-13T15:20:53.161+0100] {dag.py:3239} INFO - Sync 1 DAGs
[2024-10-13T15:20:53.166+0100] {logging_mixin.py:190} INFO - [2024-10-13T15:20:53.166+0100] {dag.py:4180} INFO - Setting next_dagrun for example_time_delta_sensor_async to None, run_after=None
[2024-10-13T15:20:53.173+0100] {processor.py:208} INFO - Processing /opt/homebrew/Caskroom/miniconda/base/envs/airflow_env/lib/python3.9/site-packages/airflow/example_dags/example_time_delta_sensor_async.py took 0.085 seconds
[2024-10-13T15:21:57.788+0100] {processor.py:186} INFO - Started process (PID=68450) to work on /opt/homebrew/Caskroom/miniconda/base/envs/airflow_env/lib/python3.9/site-packages/airflow/example_dags/example_time_delta_sensor_async.py
[2024-10-13T15:21:57.789+0100] {processor.py:914} INFO - Processing file /opt/homebrew/Caskroom/miniconda/base/envs/airflow_env/lib/python3.9/site-packages/airflow/example_dags/example_time_delta_sensor_async.py for tasks to queue
[2024-10-13T15:21:57.789+0100] {logging_mixin.py:190} INFO - [2024-10-13T15:21:57.789+0100] {dagbag.py:588} INFO - Filling up the DagBag from /opt/homebrew/Caskroom/miniconda/base/envs/airflow_env/lib/python3.9/site-packages/airflow/example_dags/example_time_delta_sensor_async.py
[2024-10-13T15:21:57.812+0100] {processor.py:925} INFO - DAG(s) 'example_time_delta_sensor_async' retrieved from /opt/homebrew/Caskroom/miniconda/base/envs/airflow_env/lib/python3.9/site-packages/airflow/example_dags/example_time_delta_sensor_async.py
[2024-10-13T15:21:57.843+0100] {logging_mixin.py:190} INFO - [2024-10-13T15:21:57.843+0100] {workday.py:41} WARNING - Could not import pandas. Holidays will not be considered.
[2024-10-13T15:21:57.849+0100] {logging_mixin.py:190} INFO - [2024-10-13T15:21:57.849+0100] {dag.py:3239} INFO - Sync 1 DAGs
[2024-10-13T15:21:57.853+0100] {logging_mixin.py:190} INFO - [2024-10-13T15:21:57.853+0100] {dag.py:4180} INFO - Setting next_dagrun for example_time_delta_sensor_async to None, run_after=None
[2024-10-13T15:21:57.859+0100] {processor.py:208} INFO - Processing /opt/homebrew/Caskroom/miniconda/base/envs/airflow_env/lib/python3.9/site-packages/airflow/example_dags/example_time_delta_sensor_async.py took 0.073 seconds
[2024-10-13T15:22:59.547+0100] {processor.py:186} INFO - Started process (PID=68569) to work on /opt/homebrew/Caskroom/miniconda/base/envs/airflow_env/lib/python3.9/site-packages/airflow/example_dags/example_time_delta_sensor_async.py
[2024-10-13T15:22:59.547+0100] {processor.py:914} INFO - Processing file /opt/homebrew/Caskroom/miniconda/base/envs/airflow_env/lib/python3.9/site-packages/airflow/example_dags/example_time_delta_sensor_async.py for tasks to queue
[2024-10-13T15:22:59.548+0100] {logging_mixin.py:190} INFO - [2024-10-13T15:22:59.548+0100] {dagbag.py:588} INFO - Filling up the DagBag from /opt/homebrew/Caskroom/miniconda/base/envs/airflow_env/lib/python3.9/site-packages/airflow/example_dags/example_time_delta_sensor_async.py
[2024-10-13T15:22:59.570+0100] {processor.py:925} INFO - DAG(s) 'example_time_delta_sensor_async' retrieved from /opt/homebrew/Caskroom/miniconda/base/envs/airflow_env/lib/python3.9/site-packages/airflow/example_dags/example_time_delta_sensor_async.py
[2024-10-13T15:22:59.602+0100] {logging_mixin.py:190} INFO - [2024-10-13T15:22:59.602+0100] {workday.py:41} WARNING - Could not import pandas. Holidays will not be considered.
[2024-10-13T15:22:59.608+0100] {logging_mixin.py:190} INFO - [2024-10-13T15:22:59.608+0100] {dag.py:3239} INFO - Sync 1 DAGs
[2024-10-13T15:22:59.612+0100] {logging_mixin.py:190} INFO - [2024-10-13T15:22:59.612+0100] {dag.py:4180} INFO - Setting next_dagrun for example_time_delta_sensor_async to None, run_after=None
[2024-10-13T15:22:59.618+0100] {processor.py:208} INFO - Processing /opt/homebrew/Caskroom/miniconda/base/envs/airflow_env/lib/python3.9/site-packages/airflow/example_dags/example_time_delta_sensor_async.py took 0.073 seconds
[2024-10-13T15:24:00.866+0100] {processor.py:186} INFO - Started process (PID=68621) to work on /opt/homebrew/Caskroom/miniconda/base/envs/airflow_env/lib/python3.9/site-packages/airflow/example_dags/example_time_delta_sensor_async.py
[2024-10-13T15:24:00.867+0100] {processor.py:914} INFO - Processing file /opt/homebrew/Caskroom/miniconda/base/envs/airflow_env/lib/python3.9/site-packages/airflow/example_dags/example_time_delta_sensor_async.py for tasks to queue
[2024-10-13T15:24:00.867+0100] {logging_mixin.py:190} INFO - [2024-10-13T15:24:00.867+0100] {dagbag.py:588} INFO - Filling up the DagBag from /opt/homebrew/Caskroom/miniconda/base/envs/airflow_env/lib/python3.9/site-packages/airflow/example_dags/example_time_delta_sensor_async.py
[2024-10-13T15:24:00.893+0100] {processor.py:925} INFO - DAG(s) 'example_time_delta_sensor_async' retrieved from /opt/homebrew/Caskroom/miniconda/base/envs/airflow_env/lib/python3.9/site-packages/airflow/example_dags/example_time_delta_sensor_async.py
[2024-10-13T15:24:00.926+0100] {logging_mixin.py:190} INFO - [2024-10-13T15:24:00.926+0100] {workday.py:41} WARNING - Could not import pandas. Holidays will not be considered.
[2024-10-13T15:24:00.932+0100] {logging_mixin.py:190} INFO - [2024-10-13T15:24:00.932+0100] {dag.py:3239} INFO - Sync 1 DAGs
[2024-10-13T15:24:00.936+0100] {logging_mixin.py:190} INFO - [2024-10-13T15:24:00.936+0100] {dag.py:4180} INFO - Setting next_dagrun for example_time_delta_sensor_async to None, run_after=None
[2024-10-13T15:24:00.942+0100] {processor.py:208} INFO - Processing /opt/homebrew/Caskroom/miniconda/base/envs/airflow_env/lib/python3.9/site-packages/airflow/example_dags/example_time_delta_sensor_async.py took 0.078 seconds
[2024-10-13T15:25:09.735+0100] {processor.py:186} INFO - Started process (PID=68687) to work on /opt/homebrew/Caskroom/miniconda/base/envs/airflow_env/lib/python3.9/site-packages/airflow/example_dags/example_time_delta_sensor_async.py
[2024-10-13T15:25:09.735+0100] {processor.py:914} INFO - Processing file /opt/homebrew/Caskroom/miniconda/base/envs/airflow_env/lib/python3.9/site-packages/airflow/example_dags/example_time_delta_sensor_async.py for tasks to queue
[2024-10-13T15:25:09.736+0100] {logging_mixin.py:190} INFO - [2024-10-13T15:25:09.736+0100] {dagbag.py:588} INFO - Filling up the DagBag from /opt/homebrew/Caskroom/miniconda/base/envs/airflow_env/lib/python3.9/site-packages/airflow/example_dags/example_time_delta_sensor_async.py
[2024-10-13T15:25:09.760+0100] {processor.py:925} INFO - DAG(s) 'example_time_delta_sensor_async' retrieved from /opt/homebrew/Caskroom/miniconda/base/envs/airflow_env/lib/python3.9/site-packages/airflow/example_dags/example_time_delta_sensor_async.py
[2024-10-13T15:25:09.792+0100] {logging_mixin.py:190} INFO - [2024-10-13T15:25:09.792+0100] {workday.py:41} WARNING - Could not import pandas. Holidays will not be considered.
[2024-10-13T15:25:09.798+0100] {logging_mixin.py:190} INFO - [2024-10-13T15:25:09.798+0100] {dag.py:3239} INFO - Sync 1 DAGs
[2024-10-13T15:25:09.802+0100] {logging_mixin.py:190} INFO - [2024-10-13T15:25:09.801+0100] {dag.py:4180} INFO - Setting next_dagrun for example_time_delta_sensor_async to None, run_after=None
[2024-10-13T15:25:09.809+0100] {processor.py:208} INFO - Processing /opt/homebrew/Caskroom/miniconda/base/envs/airflow_env/lib/python3.9/site-packages/airflow/example_dags/example_time_delta_sensor_async.py took 0.076 seconds
[2024-10-13T15:26:12.604+0100] {processor.py:186} INFO - Started process (PID=68795) to work on /opt/homebrew/Caskroom/miniconda/base/envs/airflow_env/lib/python3.9/site-packages/airflow/example_dags/example_time_delta_sensor_async.py
[2024-10-13T15:26:12.605+0100] {processor.py:914} INFO - Processing file /opt/homebrew/Caskroom/miniconda/base/envs/airflow_env/lib/python3.9/site-packages/airflow/example_dags/example_time_delta_sensor_async.py for tasks to queue
[2024-10-13T15:26:12.605+0100] {logging_mixin.py:190} INFO - [2024-10-13T15:26:12.605+0100] {dagbag.py:588} INFO - Filling up the DagBag from /opt/homebrew/Caskroom/miniconda/base/envs/airflow_env/lib/python3.9/site-packages/airflow/example_dags/example_time_delta_sensor_async.py
[2024-10-13T15:26:12.629+0100] {processor.py:925} INFO - DAG(s) 'example_time_delta_sensor_async' retrieved from /opt/homebrew/Caskroom/miniconda/base/envs/airflow_env/lib/python3.9/site-packages/airflow/example_dags/example_time_delta_sensor_async.py
[2024-10-13T15:26:12.661+0100] {logging_mixin.py:190} INFO - [2024-10-13T15:26:12.661+0100] {workday.py:41} WARNING - Could not import pandas. Holidays will not be considered.
[2024-10-13T15:26:12.667+0100] {logging_mixin.py:190} INFO - [2024-10-13T15:26:12.667+0100] {dag.py:3239} INFO - Sync 1 DAGs
[2024-10-13T15:26:12.670+0100] {logging_mixin.py:190} INFO - [2024-10-13T15:26:12.670+0100] {dag.py:4180} INFO - Setting next_dagrun for example_time_delta_sensor_async to None, run_after=None
[2024-10-13T15:26:12.677+0100] {processor.py:208} INFO - Processing /opt/homebrew/Caskroom/miniconda/base/envs/airflow_env/lib/python3.9/site-packages/airflow/example_dags/example_time_delta_sensor_async.py took 0.075 seconds
