[2024-10-13T14:09:32.271+0100] {processor.py:186} INFO - Started process (PID=67259) to work on /opt/homebrew/Caskroom/miniconda/base/envs/airflow_env/lib/python3.9/site-packages/airflow/example_dags/example_branch_operator_decorator.py
[2024-10-13T14:09:32.271+0100] {processor.py:914} INFO - Processing file /opt/homebrew/Caskroom/miniconda/base/envs/airflow_env/lib/python3.9/site-packages/airflow/example_dags/example_branch_operator_decorator.py for tasks to queue
[2024-10-13T14:09:32.271+0100] {logging_mixin.py:190} INFO - [2024-10-13T14:09:32.271+0100] {dagbag.py:588} INFO - Filling up the DagBag from /opt/homebrew/Caskroom/miniconda/base/envs/airflow_env/lib/python3.9/site-packages/airflow/example_dags/example_branch_operator_decorator.py
[2024-10-13T14:09:32.303+0100] {processor.py:927} WARNING - No viable dags retrieved from /opt/homebrew/Caskroom/miniconda/base/envs/airflow_env/lib/python3.9/site-packages/airflow/example_dags/example_branch_operator_decorator.py
[2024-10-13T14:09:32.336+0100] {processor.py:208} INFO - Processing /opt/homebrew/Caskroom/miniconda/base/envs/airflow_env/lib/python3.9/site-packages/airflow/example_dags/example_branch_operator_decorator.py took 0.067 seconds
[2024-10-13T14:11:44.401+0100] {processor.py:186} INFO - Started process (PID=67394) to work on /opt/homebrew/Caskroom/miniconda/base/envs/airflow_env/lib/python3.9/site-packages/airflow/example_dags/example_branch_operator_decorator.py
[2024-10-13T14:11:44.401+0100] {processor.py:914} INFO - Processing file /opt/homebrew/Caskroom/miniconda/base/envs/airflow_env/lib/python3.9/site-packages/airflow/example_dags/example_branch_operator_decorator.py for tasks to queue
[2024-10-13T14:11:44.402+0100] {logging_mixin.py:190} INFO - [2024-10-13T14:11:44.402+0100] {dagbag.py:588} INFO - Filling up the DagBag from /opt/homebrew/Caskroom/miniconda/base/envs/airflow_env/lib/python3.9/site-packages/airflow/example_dags/example_branch_operator_decorator.py
[2024-10-13T14:11:44.427+0100] {processor.py:927} WARNING - No viable dags retrieved from /opt/homebrew/Caskroom/miniconda/base/envs/airflow_env/lib/python3.9/site-packages/airflow/example_dags/example_branch_operator_decorator.py
[2024-10-13T14:11:44.456+0100] {processor.py:208} INFO - Processing /opt/homebrew/Caskroom/miniconda/base/envs/airflow_env/lib/python3.9/site-packages/airflow/example_dags/example_branch_operator_decorator.py took 0.057 seconds
[2024-10-13T14:13:49.828+0100] {processor.py:186} INFO - Started process (PID=67567) to work on /opt/homebrew/Caskroom/miniconda/base/envs/airflow_env/lib/python3.9/site-packages/airflow/example_dags/example_branch_operator_decorator.py
[2024-10-13T14:13:49.828+0100] {processor.py:914} INFO - Processing file /opt/homebrew/Caskroom/miniconda/base/envs/airflow_env/lib/python3.9/site-packages/airflow/example_dags/example_branch_operator_decorator.py for tasks to queue
[2024-10-13T14:13:49.828+0100] {logging_mixin.py:190} INFO - [2024-10-13T14:13:49.828+0100] {dagbag.py:588} INFO - Filling up the DagBag from /opt/homebrew/Caskroom/miniconda/base/envs/airflow_env/lib/python3.9/site-packages/airflow/example_dags/example_branch_operator_decorator.py
[2024-10-13T14:13:49.853+0100] {processor.py:927} WARNING - No viable dags retrieved from /opt/homebrew/Caskroom/miniconda/base/envs/airflow_env/lib/python3.9/site-packages/airflow/example_dags/example_branch_operator_decorator.py
[2024-10-13T14:13:49.882+0100] {processor.py:208} INFO - Processing /opt/homebrew/Caskroom/miniconda/base/envs/airflow_env/lib/python3.9/site-packages/airflow/example_dags/example_branch_operator_decorator.py took 0.057 seconds
[2024-10-13T14:16:02.328+0100] {processor.py:186} INFO - Started process (PID=67680) to work on /opt/homebrew/Caskroom/miniconda/base/envs/airflow_env/lib/python3.9/site-packages/airflow/example_dags/example_branch_operator_decorator.py
[2024-10-13T14:16:02.329+0100] {processor.py:914} INFO - Processing file /opt/homebrew/Caskroom/miniconda/base/envs/airflow_env/lib/python3.9/site-packages/airflow/example_dags/example_branch_operator_decorator.py for tasks to queue
[2024-10-13T14:16:02.329+0100] {logging_mixin.py:190} INFO - [2024-10-13T14:16:02.329+0100] {dagbag.py:588} INFO - Filling up the DagBag from /opt/homebrew/Caskroom/miniconda/base/envs/airflow_env/lib/python3.9/site-packages/airflow/example_dags/example_branch_operator_decorator.py
[2024-10-13T14:16:02.359+0100] {processor.py:927} WARNING - No viable dags retrieved from /opt/homebrew/Caskroom/miniconda/base/envs/airflow_env/lib/python3.9/site-packages/airflow/example_dags/example_branch_operator_decorator.py
[2024-10-13T14:16:02.392+0100] {processor.py:208} INFO - Processing /opt/homebrew/Caskroom/miniconda/base/envs/airflow_env/lib/python3.9/site-packages/airflow/example_dags/example_branch_operator_decorator.py took 0.066 seconds
[2024-10-13T15:13:27.642+0100] {processor.py:186} INFO - Started process (PID=67877) to work on /opt/homebrew/Caskroom/miniconda/base/envs/airflow_env/lib/python3.9/site-packages/airflow/example_dags/example_branch_operator_decorator.py
[2024-10-13T15:13:27.643+0100] {processor.py:914} INFO - Processing file /opt/homebrew/Caskroom/miniconda/base/envs/airflow_env/lib/python3.9/site-packages/airflow/example_dags/example_branch_operator_decorator.py for tasks to queue
[2024-10-13T15:13:27.643+0100] {logging_mixin.py:190} INFO - [2024-10-13T15:13:27.643+0100] {dagbag.py:588} INFO - Filling up the DagBag from /opt/homebrew/Caskroom/miniconda/base/envs/airflow_env/lib/python3.9/site-packages/airflow/example_dags/example_branch_operator_decorator.py
[2024-10-13T15:13:27.670+0100] {processor.py:927} WARNING - No viable dags retrieved from /opt/homebrew/Caskroom/miniconda/base/envs/airflow_env/lib/python3.9/site-packages/airflow/example_dags/example_branch_operator_decorator.py
[2024-10-13T15:13:27.700+0100] {processor.py:208} INFO - Processing /opt/homebrew/Caskroom/miniconda/base/envs/airflow_env/lib/python3.9/site-packages/airflow/example_dags/example_branch_operator_decorator.py took 0.059 seconds
[2024-10-13T15:15:50.060+0100] {processor.py:186} INFO - Started process (PID=68063) to work on /opt/homebrew/Caskroom/miniconda/base/envs/airflow_env/lib/python3.9/site-packages/airflow/example_dags/example_branch_operator_decorator.py
[2024-10-13T15:15:50.061+0100] {processor.py:914} INFO - Processing file /opt/homebrew/Caskroom/miniconda/base/envs/airflow_env/lib/python3.9/site-packages/airflow/example_dags/example_branch_operator_decorator.py for tasks to queue
[2024-10-13T15:15:50.061+0100] {logging_mixin.py:190} INFO - [2024-10-13T15:15:50.061+0100] {dagbag.py:588} INFO - Filling up the DagBag from /opt/homebrew/Caskroom/miniconda/base/envs/airflow_env/lib/python3.9/site-packages/airflow/example_dags/example_branch_operator_decorator.py
[2024-10-13T15:15:50.087+0100] {processor.py:927} WARNING - No viable dags retrieved from /opt/homebrew/Caskroom/miniconda/base/envs/airflow_env/lib/python3.9/site-packages/airflow/example_dags/example_branch_operator_decorator.py
[2024-10-13T15:15:50.116+0100] {processor.py:208} INFO - Processing /opt/homebrew/Caskroom/miniconda/base/envs/airflow_env/lib/python3.9/site-packages/airflow/example_dags/example_branch_operator_decorator.py took 0.057 seconds
[2024-10-13T15:18:01.843+0100] {processor.py:186} INFO - Started process (PID=68184) to work on /opt/homebrew/Caskroom/miniconda/base/envs/airflow_env/lib/python3.9/site-packages/airflow/example_dags/example_branch_operator_decorator.py
[2024-10-13T15:18:01.844+0100] {processor.py:914} INFO - Processing file /opt/homebrew/Caskroom/miniconda/base/envs/airflow_env/lib/python3.9/site-packages/airflow/example_dags/example_branch_operator_decorator.py for tasks to queue
[2024-10-13T15:18:01.844+0100] {logging_mixin.py:190} INFO - [2024-10-13T15:18:01.844+0100] {dagbag.py:588} INFO - Filling up the DagBag from /opt/homebrew/Caskroom/miniconda/base/envs/airflow_env/lib/python3.9/site-packages/airflow/example_dags/example_branch_operator_decorator.py
[2024-10-13T15:18:01.874+0100] {processor.py:927} WARNING - No viable dags retrieved from /opt/homebrew/Caskroom/miniconda/base/envs/airflow_env/lib/python3.9/site-packages/airflow/example_dags/example_branch_operator_decorator.py
[2024-10-13T15:18:01.905+0100] {processor.py:208} INFO - Processing /opt/homebrew/Caskroom/miniconda/base/envs/airflow_env/lib/python3.9/site-packages/airflow/example_dags/example_branch_operator_decorator.py took 0.063 seconds
[2024-10-13T15:20:14.957+0100] {processor.py:186} INFO - Started process (PID=68315) to work on /opt/homebrew/Caskroom/miniconda/base/envs/airflow_env/lib/python3.9/site-packages/airflow/example_dags/example_branch_operator_decorator.py
[2024-10-13T15:20:14.958+0100] {processor.py:914} INFO - Processing file /opt/homebrew/Caskroom/miniconda/base/envs/airflow_env/lib/python3.9/site-packages/airflow/example_dags/example_branch_operator_decorator.py for tasks to queue
[2024-10-13T15:20:14.958+0100] {logging_mixin.py:190} INFO - [2024-10-13T15:20:14.958+0100] {dagbag.py:588} INFO - Filling up the DagBag from /opt/homebrew/Caskroom/miniconda/base/envs/airflow_env/lib/python3.9/site-packages/airflow/example_dags/example_branch_operator_decorator.py
[2024-10-13T15:20:14.987+0100] {processor.py:927} WARNING - No viable dags retrieved from /opt/homebrew/Caskroom/miniconda/base/envs/airflow_env/lib/python3.9/site-packages/airflow/example_dags/example_branch_operator_decorator.py
[2024-10-13T15:20:15.026+0100] {processor.py:208} INFO - Processing /opt/homebrew/Caskroom/miniconda/base/envs/airflow_env/lib/python3.9/site-packages/airflow/example_dags/example_branch_operator_decorator.py took 0.070 seconds
[2024-10-13T15:22:22.093+0100] {processor.py:186} INFO - Started process (PID=68506) to work on /opt/homebrew/Caskroom/miniconda/base/envs/airflow_env/lib/python3.9/site-packages/airflow/example_dags/example_branch_operator_decorator.py
[2024-10-13T15:22:22.093+0100] {processor.py:914} INFO - Processing file /opt/homebrew/Caskroom/miniconda/base/envs/airflow_env/lib/python3.9/site-packages/airflow/example_dags/example_branch_operator_decorator.py for tasks to queue
[2024-10-13T15:22:22.094+0100] {logging_mixin.py:190} INFO - [2024-10-13T15:22:22.094+0100] {dagbag.py:588} INFO - Filling up the DagBag from /opt/homebrew/Caskroom/miniconda/base/envs/airflow_env/lib/python3.9/site-packages/airflow/example_dags/example_branch_operator_decorator.py
[2024-10-13T15:22:22.119+0100] {processor.py:927} WARNING - No viable dags retrieved from /opt/homebrew/Caskroom/miniconda/base/envs/airflow_env/lib/python3.9/site-packages/airflow/example_dags/example_branch_operator_decorator.py
[2024-10-13T15:22:22.148+0100] {processor.py:208} INFO - Processing /opt/homebrew/Caskroom/miniconda/base/envs/airflow_env/lib/python3.9/site-packages/airflow/example_dags/example_branch_operator_decorator.py took 0.057 seconds
[2024-10-13T15:24:30.104+0100] {processor.py:186} INFO - Started process (PID=68643) to work on /opt/homebrew/Caskroom/miniconda/base/envs/airflow_env/lib/python3.9/site-packages/airflow/example_dags/example_branch_operator_decorator.py
[2024-10-13T15:24:30.105+0100] {processor.py:914} INFO - Processing file /opt/homebrew/Caskroom/miniconda/base/envs/airflow_env/lib/python3.9/site-packages/airflow/example_dags/example_branch_operator_decorator.py for tasks to queue
[2024-10-13T15:24:30.105+0100] {logging_mixin.py:190} INFO - [2024-10-13T15:24:30.105+0100] {dagbag.py:588} INFO - Filling up the DagBag from /opt/homebrew/Caskroom/miniconda/base/envs/airflow_env/lib/python3.9/site-packages/airflow/example_dags/example_branch_operator_decorator.py
[2024-10-13T15:24:30.131+0100] {processor.py:927} WARNING - No viable dags retrieved from /opt/homebrew/Caskroom/miniconda/base/envs/airflow_env/lib/python3.9/site-packages/airflow/example_dags/example_branch_operator_decorator.py
[2024-10-13T15:24:30.161+0100] {processor.py:208} INFO - Processing /opt/homebrew/Caskroom/miniconda/base/envs/airflow_env/lib/python3.9/site-packages/airflow/example_dags/example_branch_operator_decorator.py took 0.058 seconds
[2024-10-13T15:26:38.416+0100] {processor.py:186} INFO - Started process (PID=68812) to work on /opt/homebrew/Caskroom/miniconda/base/envs/airflow_env/lib/python3.9/site-packages/airflow/example_dags/example_branch_operator_decorator.py
[2024-10-13T15:26:38.416+0100] {processor.py:914} INFO - Processing file /opt/homebrew/Caskroom/miniconda/base/envs/airflow_env/lib/python3.9/site-packages/airflow/example_dags/example_branch_operator_decorator.py for tasks to queue
[2024-10-13T15:26:38.416+0100] {logging_mixin.py:190} INFO - [2024-10-13T15:26:38.416+0100] {dagbag.py:588} INFO - Filling up the DagBag from /opt/homebrew/Caskroom/miniconda/base/envs/airflow_env/lib/python3.9/site-packages/airflow/example_dags/example_branch_operator_decorator.py
[2024-10-13T15:26:38.444+0100] {processor.py:927} WARNING - No viable dags retrieved from /opt/homebrew/Caskroom/miniconda/base/envs/airflow_env/lib/python3.9/site-packages/airflow/example_dags/example_branch_operator_decorator.py
[2024-10-13T15:26:38.474+0100] {processor.py:208} INFO - Processing /opt/homebrew/Caskroom/miniconda/base/envs/airflow_env/lib/python3.9/site-packages/airflow/example_dags/example_branch_operator_decorator.py took 0.060 seconds
