[2024-10-13T14:09:38.110+0100] {processor.py:186} INFO - Started process (PID=67262) to work on /opt/homebrew/Caskroom/miniconda/base/envs/airflow_env/lib/python3.9/site-packages/airflow/example_dags/example_branch_day_of_week_operator.py
[2024-10-13T14:09:38.110+0100] {processor.py:914} INFO - Processing file /opt/homebrew/Caskroom/miniconda/base/envs/airflow_env/lib/python3.9/site-packages/airflow/example_dags/example_branch_day_of_week_operator.py for tasks to queue
[2024-10-13T14:09:38.111+0100] {logging_mixin.py:190} INFO - [2024-10-13T14:09:38.111+0100] {dagbag.py:588} INFO - Filling up the DagBag from /opt/homebrew/Caskroom/miniconda/base/envs/airflow_env/lib/python3.9/site-packages/airflow/example_dags/example_branch_day_of_week_operator.py
[2024-10-13T14:09:38.134+0100] {processor.py:925} INFO - DAG(s) 'example_weekday_branch_operator' retrieved from /opt/homebrew/Caskroom/miniconda/base/envs/airflow_env/lib/python3.9/site-packages/airflow/example_dags/example_branch_day_of_week_operator.py
[2024-10-13T14:09:38.204+0100] {logging_mixin.py:190} INFO - [2024-10-13T14:09:38.203+0100] {override.py:1901} INFO - Created Permission View: can delete on DAG:example_weekday_branch_operator
[2024-10-13T14:09:38.207+0100] {logging_mixin.py:190} INFO - [2024-10-13T14:09:38.207+0100] {override.py:1901} INFO - Created Permission View: can read on DAG:example_weekday_branch_operator
[2024-10-13T14:09:38.210+0100] {logging_mixin.py:190} INFO - [2024-10-13T14:09:38.210+0100] {override.py:1901} INFO - Created Permission View: can edit on DAG:example_weekday_branch_operator
[2024-10-13T14:09:38.214+0100] {logging_mixin.py:190} INFO - [2024-10-13T14:09:38.214+0100] {override.py:1901} INFO - Created Permission View: can create on DAG Run:example_weekday_branch_operator
[2024-10-13T14:09:38.217+0100] {logging_mixin.py:190} INFO - [2024-10-13T14:09:38.217+0100] {override.py:1901} INFO - Created Permission View: menu access on DAG Run:example_weekday_branch_operator
[2024-10-13T14:09:38.219+0100] {logging_mixin.py:190} INFO - [2024-10-13T14:09:38.219+0100] {override.py:1901} INFO - Created Permission View: can read on DAG Run:example_weekday_branch_operator
[2024-10-13T14:09:38.222+0100] {logging_mixin.py:190} INFO - [2024-10-13T14:09:38.222+0100] {override.py:1901} INFO - Created Permission View: can delete on DAG Run:example_weekday_branch_operator
[2024-10-13T14:09:38.222+0100] {logging_mixin.py:190} INFO - [2024-10-13T14:09:38.222+0100] {dag.py:3239} INFO - Sync 1 DAGs
[2024-10-13T14:09:38.226+0100] {logging_mixin.py:190} INFO - [2024-10-13T14:09:38.226+0100] {dag.py:3262} INFO - Creating ORM DAG for example_weekday_branch_operator
[2024-10-13T14:09:38.229+0100] {logging_mixin.py:190} INFO - [2024-10-13T14:09:38.229+0100] {dag.py:4180} INFO - Setting next_dagrun for example_weekday_branch_operator to 2024-10-12 00:00:00+00:00, run_after=2024-10-13 00:00:00+00:00
[2024-10-13T14:09:38.235+0100] {processor.py:208} INFO - Processing /opt/homebrew/Caskroom/miniconda/base/envs/airflow_env/lib/python3.9/site-packages/airflow/example_dags/example_branch_day_of_week_operator.py took 0.127 seconds
[2024-10-13T14:11:48.555+0100] {processor.py:186} INFO - Started process (PID=67398) to work on /opt/homebrew/Caskroom/miniconda/base/envs/airflow_env/lib/python3.9/site-packages/airflow/example_dags/example_branch_day_of_week_operator.py
[2024-10-13T14:11:48.556+0100] {processor.py:914} INFO - Processing file /opt/homebrew/Caskroom/miniconda/base/envs/airflow_env/lib/python3.9/site-packages/airflow/example_dags/example_branch_day_of_week_operator.py for tasks to queue
[2024-10-13T14:11:48.557+0100] {logging_mixin.py:190} INFO - [2024-10-13T14:11:48.557+0100] {dagbag.py:588} INFO - Filling up the DagBag from /opt/homebrew/Caskroom/miniconda/base/envs/airflow_env/lib/python3.9/site-packages/airflow/example_dags/example_branch_day_of_week_operator.py
[2024-10-13T14:11:48.583+0100] {processor.py:925} INFO - DAG(s) 'example_weekday_branch_operator' retrieved from /opt/homebrew/Caskroom/miniconda/base/envs/airflow_env/lib/python3.9/site-packages/airflow/example_dags/example_branch_day_of_week_operator.py
[2024-10-13T14:11:48.618+0100] {logging_mixin.py:190} INFO - [2024-10-13T14:11:48.618+0100] {dag.py:3239} INFO - Sync 1 DAGs
[2024-10-13T14:11:48.624+0100] {logging_mixin.py:190} INFO - [2024-10-13T14:11:48.624+0100] {dag.py:4180} INFO - Setting next_dagrun for example_weekday_branch_operator to 2024-10-12 00:00:00+00:00, run_after=2024-10-13 00:00:00+00:00
[2024-10-13T14:11:48.631+0100] {processor.py:208} INFO - Processing /opt/homebrew/Caskroom/miniconda/base/envs/airflow_env/lib/python3.9/site-packages/airflow/example_dags/example_branch_day_of_week_operator.py took 0.077 seconds
[2024-10-13T14:13:55.098+0100] {processor.py:186} INFO - Started process (PID=67571) to work on /opt/homebrew/Caskroom/miniconda/base/envs/airflow_env/lib/python3.9/site-packages/airflow/example_dags/example_branch_day_of_week_operator.py
[2024-10-13T14:13:55.098+0100] {processor.py:914} INFO - Processing file /opt/homebrew/Caskroom/miniconda/base/envs/airflow_env/lib/python3.9/site-packages/airflow/example_dags/example_branch_day_of_week_operator.py for tasks to queue
[2024-10-13T14:13:55.099+0100] {logging_mixin.py:190} INFO - [2024-10-13T14:13:55.099+0100] {dagbag.py:588} INFO - Filling up the DagBag from /opt/homebrew/Caskroom/miniconda/base/envs/airflow_env/lib/python3.9/site-packages/airflow/example_dags/example_branch_day_of_week_operator.py
[2024-10-13T14:13:55.121+0100] {processor.py:925} INFO - DAG(s) 'example_weekday_branch_operator' retrieved from /opt/homebrew/Caskroom/miniconda/base/envs/airflow_env/lib/python3.9/site-packages/airflow/example_dags/example_branch_day_of_week_operator.py
[2024-10-13T14:13:55.155+0100] {logging_mixin.py:190} INFO - [2024-10-13T14:13:55.155+0100] {dag.py:3239} INFO - Sync 1 DAGs
[2024-10-13T14:13:55.161+0100] {logging_mixin.py:190} INFO - [2024-10-13T14:13:55.161+0100] {dag.py:4180} INFO - Setting next_dagrun for example_weekday_branch_operator to 2024-10-12 00:00:00+00:00, run_after=2024-10-13 00:00:00+00:00
[2024-10-13T14:13:55.167+0100] {processor.py:208} INFO - Processing /opt/homebrew/Caskroom/miniconda/base/envs/airflow_env/lib/python3.9/site-packages/airflow/example_dags/example_branch_day_of_week_operator.py took 0.071 seconds
[2024-10-13T14:16:08.099+0100] {processor.py:186} INFO - Started process (PID=67683) to work on /opt/homebrew/Caskroom/miniconda/base/envs/airflow_env/lib/python3.9/site-packages/airflow/example_dags/example_branch_day_of_week_operator.py
[2024-10-13T14:16:08.100+0100] {processor.py:914} INFO - Processing file /opt/homebrew/Caskroom/miniconda/base/envs/airflow_env/lib/python3.9/site-packages/airflow/example_dags/example_branch_day_of_week_operator.py for tasks to queue
[2024-10-13T14:16:08.100+0100] {logging_mixin.py:190} INFO - [2024-10-13T14:16:08.100+0100] {dagbag.py:588} INFO - Filling up the DagBag from /opt/homebrew/Caskroom/miniconda/base/envs/airflow_env/lib/python3.9/site-packages/airflow/example_dags/example_branch_day_of_week_operator.py
[2024-10-13T14:16:08.126+0100] {processor.py:925} INFO - DAG(s) 'example_weekday_branch_operator' retrieved from /opt/homebrew/Caskroom/miniconda/base/envs/airflow_env/lib/python3.9/site-packages/airflow/example_dags/example_branch_day_of_week_operator.py
[2024-10-13T14:16:08.164+0100] {logging_mixin.py:190} INFO - [2024-10-13T14:16:08.164+0100] {dag.py:3239} INFO - Sync 1 DAGs
[2024-10-13T14:16:08.171+0100] {logging_mixin.py:190} INFO - [2024-10-13T14:16:08.171+0100] {dag.py:4180} INFO - Setting next_dagrun for example_weekday_branch_operator to 2024-10-12 00:00:00+00:00, run_after=2024-10-13 00:00:00+00:00
[2024-10-13T14:16:08.179+0100] {processor.py:208} INFO - Processing /opt/homebrew/Caskroom/miniconda/base/envs/airflow_env/lib/python3.9/site-packages/airflow/example_dags/example_branch_day_of_week_operator.py took 0.081 seconds
[2024-10-13T15:13:33.029+0100] {processor.py:186} INFO - Started process (PID=67883) to work on /opt/homebrew/Caskroom/miniconda/base/envs/airflow_env/lib/python3.9/site-packages/airflow/example_dags/example_branch_day_of_week_operator.py
[2024-10-13T15:13:33.030+0100] {processor.py:914} INFO - Processing file /opt/homebrew/Caskroom/miniconda/base/envs/airflow_env/lib/python3.9/site-packages/airflow/example_dags/example_branch_day_of_week_operator.py for tasks to queue
[2024-10-13T15:13:33.030+0100] {logging_mixin.py:190} INFO - [2024-10-13T15:13:33.030+0100] {dagbag.py:588} INFO - Filling up the DagBag from /opt/homebrew/Caskroom/miniconda/base/envs/airflow_env/lib/python3.9/site-packages/airflow/example_dags/example_branch_day_of_week_operator.py
[2024-10-13T15:13:33.054+0100] {processor.py:925} INFO - DAG(s) 'example_weekday_branch_operator' retrieved from /opt/homebrew/Caskroom/miniconda/base/envs/airflow_env/lib/python3.9/site-packages/airflow/example_dags/example_branch_day_of_week_operator.py
[2024-10-13T15:13:33.088+0100] {logging_mixin.py:190} INFO - [2024-10-13T15:13:33.088+0100] {dag.py:3239} INFO - Sync 1 DAGs
[2024-10-13T15:13:33.095+0100] {logging_mixin.py:190} INFO - [2024-10-13T15:13:33.095+0100] {dag.py:4180} INFO - Setting next_dagrun for example_weekday_branch_operator to 2024-10-12 00:00:00+00:00, run_after=2024-10-13 00:00:00+00:00
[2024-10-13T15:13:33.102+0100] {processor.py:208} INFO - Processing /opt/homebrew/Caskroom/miniconda/base/envs/airflow_env/lib/python3.9/site-packages/airflow/example_dags/example_branch_day_of_week_operator.py took 0.075 seconds
[2024-10-13T15:15:55.476+0100] {processor.py:186} INFO - Started process (PID=68066) to work on /opt/homebrew/Caskroom/miniconda/base/envs/airflow_env/lib/python3.9/site-packages/airflow/example_dags/example_branch_day_of_week_operator.py
[2024-10-13T15:15:55.477+0100] {processor.py:914} INFO - Processing file /opt/homebrew/Caskroom/miniconda/base/envs/airflow_env/lib/python3.9/site-packages/airflow/example_dags/example_branch_day_of_week_operator.py for tasks to queue
[2024-10-13T15:15:55.477+0100] {logging_mixin.py:190} INFO - [2024-10-13T15:15:55.477+0100] {dagbag.py:588} INFO - Filling up the DagBag from /opt/homebrew/Caskroom/miniconda/base/envs/airflow_env/lib/python3.9/site-packages/airflow/example_dags/example_branch_day_of_week_operator.py
[2024-10-13T15:15:55.503+0100] {processor.py:925} INFO - DAG(s) 'example_weekday_branch_operator' retrieved from /opt/homebrew/Caskroom/miniconda/base/envs/airflow_env/lib/python3.9/site-packages/airflow/example_dags/example_branch_day_of_week_operator.py
[2024-10-13T15:15:55.538+0100] {logging_mixin.py:190} INFO - [2024-10-13T15:15:55.537+0100] {dag.py:3239} INFO - Sync 1 DAGs
[2024-10-13T15:15:55.544+0100] {logging_mixin.py:190} INFO - [2024-10-13T15:15:55.544+0100] {dag.py:4180} INFO - Setting next_dagrun for example_weekday_branch_operator to 2024-10-12 00:00:00+00:00, run_after=2024-10-13 00:00:00+00:00
[2024-10-13T15:15:55.551+0100] {processor.py:208} INFO - Processing /opt/homebrew/Caskroom/miniconda/base/envs/airflow_env/lib/python3.9/site-packages/airflow/example_dags/example_branch_day_of_week_operator.py took 0.076 seconds
[2024-10-13T15:18:07.228+0100] {processor.py:186} INFO - Started process (PID=68187) to work on /opt/homebrew/Caskroom/miniconda/base/envs/airflow_env/lib/python3.9/site-packages/airflow/example_dags/example_branch_day_of_week_operator.py
[2024-10-13T15:18:07.229+0100] {processor.py:914} INFO - Processing file /opt/homebrew/Caskroom/miniconda/base/envs/airflow_env/lib/python3.9/site-packages/airflow/example_dags/example_branch_day_of_week_operator.py for tasks to queue
[2024-10-13T15:18:07.229+0100] {logging_mixin.py:190} INFO - [2024-10-13T15:18:07.229+0100] {dagbag.py:588} INFO - Filling up the DagBag from /opt/homebrew/Caskroom/miniconda/base/envs/airflow_env/lib/python3.9/site-packages/airflow/example_dags/example_branch_day_of_week_operator.py
[2024-10-13T15:18:07.251+0100] {processor.py:925} INFO - DAG(s) 'example_weekday_branch_operator' retrieved from /opt/homebrew/Caskroom/miniconda/base/envs/airflow_env/lib/python3.9/site-packages/airflow/example_dags/example_branch_day_of_week_operator.py
[2024-10-13T15:18:07.285+0100] {logging_mixin.py:190} INFO - [2024-10-13T15:18:07.285+0100] {dag.py:3239} INFO - Sync 1 DAGs
[2024-10-13T15:18:07.291+0100] {logging_mixin.py:190} INFO - [2024-10-13T15:18:07.291+0100] {dag.py:4180} INFO - Setting next_dagrun for example_weekday_branch_operator to 2024-10-12 00:00:00+00:00, run_after=2024-10-13 00:00:00+00:00
[2024-10-13T15:18:07.298+0100] {processor.py:208} INFO - Processing /opt/homebrew/Caskroom/miniconda/base/envs/airflow_env/lib/python3.9/site-packages/airflow/example_dags/example_branch_day_of_week_operator.py took 0.071 seconds
[2024-10-13T15:20:20.499+0100] {processor.py:186} INFO - Started process (PID=68322) to work on /opt/homebrew/Caskroom/miniconda/base/envs/airflow_env/lib/python3.9/site-packages/airflow/example_dags/example_branch_day_of_week_operator.py
[2024-10-13T15:20:20.499+0100] {processor.py:914} INFO - Processing file /opt/homebrew/Caskroom/miniconda/base/envs/airflow_env/lib/python3.9/site-packages/airflow/example_dags/example_branch_day_of_week_operator.py for tasks to queue
[2024-10-13T15:20:20.499+0100] {logging_mixin.py:190} INFO - [2024-10-13T15:20:20.499+0100] {dagbag.py:588} INFO - Filling up the DagBag from /opt/homebrew/Caskroom/miniconda/base/envs/airflow_env/lib/python3.9/site-packages/airflow/example_dags/example_branch_day_of_week_operator.py
[2024-10-13T15:20:20.525+0100] {processor.py:925} INFO - DAG(s) 'example_weekday_branch_operator' retrieved from /opt/homebrew/Caskroom/miniconda/base/envs/airflow_env/lib/python3.9/site-packages/airflow/example_dags/example_branch_day_of_week_operator.py
[2024-10-13T15:20:20.563+0100] {logging_mixin.py:190} INFO - [2024-10-13T15:20:20.563+0100] {dag.py:3239} INFO - Sync 1 DAGs
[2024-10-13T15:20:20.570+0100] {logging_mixin.py:190} INFO - [2024-10-13T15:20:20.569+0100] {dag.py:4180} INFO - Setting next_dagrun for example_weekday_branch_operator to 2024-10-12 00:00:00+00:00, run_after=2024-10-13 00:00:00+00:00
[2024-10-13T15:20:20.577+0100] {processor.py:208} INFO - Processing /opt/homebrew/Caskroom/miniconda/base/envs/airflow_env/lib/python3.9/site-packages/airflow/example_dags/example_branch_day_of_week_operator.py took 0.080 seconds
[2024-10-13T15:22:27.057+0100] {processor.py:186} INFO - Started process (PID=68515) to work on /opt/homebrew/Caskroom/miniconda/base/envs/airflow_env/lib/python3.9/site-packages/airflow/example_dags/example_branch_day_of_week_operator.py
[2024-10-13T15:22:27.058+0100] {processor.py:914} INFO - Processing file /opt/homebrew/Caskroom/miniconda/base/envs/airflow_env/lib/python3.9/site-packages/airflow/example_dags/example_branch_day_of_week_operator.py for tasks to queue
[2024-10-13T15:22:27.058+0100] {logging_mixin.py:190} INFO - [2024-10-13T15:22:27.058+0100] {dagbag.py:588} INFO - Filling up the DagBag from /opt/homebrew/Caskroom/miniconda/base/envs/airflow_env/lib/python3.9/site-packages/airflow/example_dags/example_branch_day_of_week_operator.py
[2024-10-13T15:22:27.084+0100] {processor.py:925} INFO - DAG(s) 'example_weekday_branch_operator' retrieved from /opt/homebrew/Caskroom/miniconda/base/envs/airflow_env/lib/python3.9/site-packages/airflow/example_dags/example_branch_day_of_week_operator.py
[2024-10-13T15:22:27.120+0100] {logging_mixin.py:190} INFO - [2024-10-13T15:22:27.120+0100] {dag.py:3239} INFO - Sync 1 DAGs
[2024-10-13T15:22:27.127+0100] {logging_mixin.py:190} INFO - [2024-10-13T15:22:27.127+0100] {dag.py:4180} INFO - Setting next_dagrun for example_weekday_branch_operator to 2024-10-12 00:00:00+00:00, run_after=2024-10-13 00:00:00+00:00
[2024-10-13T15:22:27.134+0100] {processor.py:208} INFO - Processing /opt/homebrew/Caskroom/miniconda/base/envs/airflow_env/lib/python3.9/site-packages/airflow/example_dags/example_branch_day_of_week_operator.py took 0.079 seconds
[2024-10-13T15:24:35.513+0100] {processor.py:186} INFO - Started process (PID=68646) to work on /opt/homebrew/Caskroom/miniconda/base/envs/airflow_env/lib/python3.9/site-packages/airflow/example_dags/example_branch_day_of_week_operator.py
[2024-10-13T15:24:35.514+0100] {processor.py:914} INFO - Processing file /opt/homebrew/Caskroom/miniconda/base/envs/airflow_env/lib/python3.9/site-packages/airflow/example_dags/example_branch_day_of_week_operator.py for tasks to queue
[2024-10-13T15:24:35.514+0100] {logging_mixin.py:190} INFO - [2024-10-13T15:24:35.514+0100] {dagbag.py:588} INFO - Filling up the DagBag from /opt/homebrew/Caskroom/miniconda/base/envs/airflow_env/lib/python3.9/site-packages/airflow/example_dags/example_branch_day_of_week_operator.py
[2024-10-13T15:24:35.539+0100] {processor.py:925} INFO - DAG(s) 'example_weekday_branch_operator' retrieved from /opt/homebrew/Caskroom/miniconda/base/envs/airflow_env/lib/python3.9/site-packages/airflow/example_dags/example_branch_day_of_week_operator.py
[2024-10-13T15:24:35.577+0100] {logging_mixin.py:190} INFO - [2024-10-13T15:24:35.576+0100] {dag.py:3239} INFO - Sync 1 DAGs
[2024-10-13T15:24:35.583+0100] {logging_mixin.py:190} INFO - [2024-10-13T15:24:35.583+0100] {dag.py:4180} INFO - Setting next_dagrun for example_weekday_branch_operator to 2024-10-12 00:00:00+00:00, run_after=2024-10-13 00:00:00+00:00
[2024-10-13T15:24:35.590+0100] {processor.py:208} INFO - Processing /opt/homebrew/Caskroom/miniconda/base/envs/airflow_env/lib/python3.9/site-packages/airflow/example_dags/example_branch_day_of_week_operator.py took 0.078 seconds
[2024-10-13T15:26:43.874+0100] {processor.py:186} INFO - Started process (PID=68817) to work on /opt/homebrew/Caskroom/miniconda/base/envs/airflow_env/lib/python3.9/site-packages/airflow/example_dags/example_branch_day_of_week_operator.py
[2024-10-13T15:26:43.875+0100] {processor.py:914} INFO - Processing file /opt/homebrew/Caskroom/miniconda/base/envs/airflow_env/lib/python3.9/site-packages/airflow/example_dags/example_branch_day_of_week_operator.py for tasks to queue
[2024-10-13T15:26:43.875+0100] {logging_mixin.py:190} INFO - [2024-10-13T15:26:43.875+0100] {dagbag.py:588} INFO - Filling up the DagBag from /opt/homebrew/Caskroom/miniconda/base/envs/airflow_env/lib/python3.9/site-packages/airflow/example_dags/example_branch_day_of_week_operator.py
[2024-10-13T15:26:43.898+0100] {processor.py:925} INFO - DAG(s) 'example_weekday_branch_operator' retrieved from /opt/homebrew/Caskroom/miniconda/base/envs/airflow_env/lib/python3.9/site-packages/airflow/example_dags/example_branch_day_of_week_operator.py
[2024-10-13T15:26:43.931+0100] {logging_mixin.py:190} INFO - [2024-10-13T15:26:43.931+0100] {dag.py:3239} INFO - Sync 1 DAGs
[2024-10-13T15:26:43.937+0100] {logging_mixin.py:190} INFO - [2024-10-13T15:26:43.937+0100] {dag.py:4180} INFO - Setting next_dagrun for example_weekday_branch_operator to 2024-10-12 00:00:00+00:00, run_after=2024-10-13 00:00:00+00:00
[2024-10-13T15:26:43.943+0100] {processor.py:208} INFO - Processing /opt/homebrew/Caskroom/miniconda/base/envs/airflow_env/lib/python3.9/site-packages/airflow/example_dags/example_branch_day_of_week_operator.py took 0.071 seconds
