[2024-10-13T14:09:01.735+0100] {processor.py:186} INFO - Started process (PID=67223) to work on /opt/homebrew/Caskroom/miniconda/base/envs/airflow_env/lib/python3.9/site-packages/airflow/example_dags/example_outlet_event_extra.py
[2024-10-13T14:09:01.736+0100] {processor.py:914} INFO - Processing file /opt/homebrew/Caskroom/miniconda/base/envs/airflow_env/lib/python3.9/site-packages/airflow/example_dags/example_outlet_event_extra.py for tasks to queue
[2024-10-13T14:09:01.736+0100] {logging_mixin.py:190} INFO - [2024-10-13T14:09:01.736+0100] {dagbag.py:588} INFO - Filling up the DagBag from /opt/homebrew/Caskroom/miniconda/base/envs/airflow_env/lib/python3.9/site-packages/airflow/example_dags/example_outlet_event_extra.py
[2024-10-13T14:09:01.793+0100] {processor.py:925} INFO - DAG(s) 'dataset_with_extra_by_yield', 'dataset_with_extra_by_context', 'dataset_with_extra_from_classic_operator' retrieved from /opt/homebrew/Caskroom/miniconda/base/envs/airflow_env/lib/python3.9/site-packages/airflow/example_dags/example_outlet_event_extra.py
[2024-10-13T14:09:01.854+0100] {logging_mixin.py:190} INFO - [2024-10-13T14:09:01.853+0100] {override.py:1901} INFO - Created Permission View: can delete on DAG:dataset_with_extra_by_yield
[2024-10-13T14:09:01.857+0100] {logging_mixin.py:190} INFO - [2024-10-13T14:09:01.856+0100] {override.py:1901} INFO - Created Permission View: can read on DAG:dataset_with_extra_by_yield
[2024-10-13T14:09:01.859+0100] {logging_mixin.py:190} INFO - [2024-10-13T14:09:01.858+0100] {override.py:1901} INFO - Created Permission View: can edit on DAG:dataset_with_extra_by_yield
[2024-10-13T14:09:01.861+0100] {logging_mixin.py:190} INFO - [2024-10-13T14:09:01.861+0100] {override.py:1901} INFO - Created Permission View: can delete on DAG Run:dataset_with_extra_by_yield
[2024-10-13T14:09:01.863+0100] {logging_mixin.py:190} INFO - [2024-10-13T14:09:01.863+0100] {override.py:1901} INFO - Created Permission View: can create on DAG Run:dataset_with_extra_by_yield
[2024-10-13T14:09:01.865+0100] {logging_mixin.py:190} INFO - [2024-10-13T14:09:01.865+0100] {override.py:1901} INFO - Created Permission View: can read on DAG Run:dataset_with_extra_by_yield
[2024-10-13T14:09:01.867+0100] {logging_mixin.py:190} INFO - [2024-10-13T14:09:01.867+0100] {override.py:1901} INFO - Created Permission View: menu access on DAG Run:dataset_with_extra_by_yield
[2024-10-13T14:09:01.871+0100] {logging_mixin.py:190} INFO - [2024-10-13T14:09:01.871+0100] {override.py:1901} INFO - Created Permission View: can delete on DAG:dataset_with_extra_by_context
[2024-10-13T14:09:01.873+0100] {logging_mixin.py:190} INFO - [2024-10-13T14:09:01.872+0100] {override.py:1901} INFO - Created Permission View: can read on DAG:dataset_with_extra_by_context
[2024-10-13T14:09:01.874+0100] {logging_mixin.py:190} INFO - [2024-10-13T14:09:01.874+0100] {override.py:1901} INFO - Created Permission View: can edit on DAG:dataset_with_extra_by_context
[2024-10-13T14:09:01.877+0100] {logging_mixin.py:190} INFO - [2024-10-13T14:09:01.877+0100] {override.py:1901} INFO - Created Permission View: can delete on DAG Run:dataset_with_extra_by_context
[2024-10-13T14:09:01.879+0100] {logging_mixin.py:190} INFO - [2024-10-13T14:09:01.879+0100] {override.py:1901} INFO - Created Permission View: can create on DAG Run:dataset_with_extra_by_context
[2024-10-13T14:09:01.881+0100] {logging_mixin.py:190} INFO - [2024-10-13T14:09:01.881+0100] {override.py:1901} INFO - Created Permission View: can read on DAG Run:dataset_with_extra_by_context
[2024-10-13T14:09:01.883+0100] {logging_mixin.py:190} INFO - [2024-10-13T14:09:01.883+0100] {override.py:1901} INFO - Created Permission View: menu access on DAG Run:dataset_with_extra_by_context
[2024-10-13T14:09:01.888+0100] {logging_mixin.py:190} INFO - [2024-10-13T14:09:01.888+0100] {override.py:1901} INFO - Created Permission View: can delete on DAG:dataset_with_extra_from_classic_operator
[2024-10-13T14:09:01.890+0100] {logging_mixin.py:190} INFO - [2024-10-13T14:09:01.890+0100] {override.py:1901} INFO - Created Permission View: can read on DAG:dataset_with_extra_from_classic_operator
[2024-10-13T14:09:01.891+0100] {logging_mixin.py:190} INFO - [2024-10-13T14:09:01.891+0100] {override.py:1901} INFO - Created Permission View: can edit on DAG:dataset_with_extra_from_classic_operator
[2024-10-13T14:09:01.894+0100] {logging_mixin.py:190} INFO - [2024-10-13T14:09:01.894+0100] {override.py:1901} INFO - Created Permission View: can delete on DAG Run:dataset_with_extra_from_classic_operator
[2024-10-13T14:09:01.896+0100] {logging_mixin.py:190} INFO - [2024-10-13T14:09:01.896+0100] {override.py:1901} INFO - Created Permission View: can create on DAG Run:dataset_with_extra_from_classic_operator
[2024-10-13T14:09:01.898+0100] {logging_mixin.py:190} INFO - [2024-10-13T14:09:01.898+0100] {override.py:1901} INFO - Created Permission View: can read on DAG Run:dataset_with_extra_from_classic_operator
[2024-10-13T14:09:01.900+0100] {logging_mixin.py:190} INFO - [2024-10-13T14:09:01.899+0100] {override.py:1901} INFO - Created Permission View: menu access on DAG Run:dataset_with_extra_from_classic_operator
[2024-10-13T14:09:01.900+0100] {logging_mixin.py:190} INFO - [2024-10-13T14:09:01.900+0100] {dag.py:3239} INFO - Sync 3 DAGs
[2024-10-13T14:09:01.904+0100] {logging_mixin.py:190} INFO - [2024-10-13T14:09:01.904+0100] {dag.py:3262} INFO - Creating ORM DAG for dataset_with_extra_by_context
[2024-10-13T14:09:01.904+0100] {logging_mixin.py:190} INFO - [2024-10-13T14:09:01.904+0100] {dag.py:3262} INFO - Creating ORM DAG for dataset_with_extra_from_classic_operator
[2024-10-13T14:09:01.905+0100] {logging_mixin.py:190} INFO - [2024-10-13T14:09:01.905+0100] {dag.py:3262} INFO - Creating ORM DAG for dataset_with_extra_by_yield
[2024-10-13T14:09:01.907+0100] {logging_mixin.py:190} INFO - [2024-10-13T14:09:01.907+0100] {dag.py:4180} INFO - Setting next_dagrun for dataset_with_extra_by_context to 2024-10-12 00:00:00+00:00, run_after=2024-10-13 00:00:00+00:00
[2024-10-13T14:09:01.908+0100] {logging_mixin.py:190} INFO - [2024-10-13T14:09:01.908+0100] {dag.py:4180} INFO - Setting next_dagrun for dataset_with_extra_by_yield to 2024-10-12 00:00:00+00:00, run_after=2024-10-13 00:00:00+00:00
[2024-10-13T14:09:01.909+0100] {logging_mixin.py:190} INFO - [2024-10-13T14:09:01.909+0100] {dag.py:4180} INFO - Setting next_dagrun for dataset_with_extra_from_classic_operator to 2024-10-12 00:00:00+00:00, run_after=2024-10-13 00:00:00+00:00
[2024-10-13T14:09:01.914+0100] {logging_mixin.py:190} INFO - [2024-10-13T14:09:01.914+0100] {workday.py:41} WARNING - Could not import pandas. Holidays will not be considered.
[2024-10-13T14:09:01.919+0100] {processor.py:208} INFO - Processing /opt/homebrew/Caskroom/miniconda/base/envs/airflow_env/lib/python3.9/site-packages/airflow/example_dags/example_outlet_event_extra.py took 0.186 seconds
[2024-10-13T14:10:39.949+0100] {processor.py:186} INFO - Started process (PID=67327) to work on /opt/homebrew/Caskroom/miniconda/base/envs/airflow_env/lib/python3.9/site-packages/airflow/example_dags/example_outlet_event_extra.py
[2024-10-13T14:10:39.950+0100] {processor.py:914} INFO - Processing file /opt/homebrew/Caskroom/miniconda/base/envs/airflow_env/lib/python3.9/site-packages/airflow/example_dags/example_outlet_event_extra.py for tasks to queue
[2024-10-13T14:10:39.950+0100] {logging_mixin.py:190} INFO - [2024-10-13T14:10:39.950+0100] {dagbag.py:588} INFO - Filling up the DagBag from /opt/homebrew/Caskroom/miniconda/base/envs/airflow_env/lib/python3.9/site-packages/airflow/example_dags/example_outlet_event_extra.py
[2024-10-13T14:10:40.007+0100] {processor.py:925} INFO - DAG(s) 'dataset_with_extra_from_classic_operator', 'dataset_with_extra_by_context', 'dataset_with_extra_by_yield' retrieved from /opt/homebrew/Caskroom/miniconda/base/envs/airflow_env/lib/python3.9/site-packages/airflow/example_dags/example_outlet_event_extra.py
[2024-10-13T14:10:40.043+0100] {logging_mixin.py:190} INFO - [2024-10-13T14:10:40.043+0100] {dag.py:3239} INFO - Sync 3 DAGs
[2024-10-13T14:10:40.050+0100] {logging_mixin.py:190} INFO - [2024-10-13T14:10:40.050+0100] {dag.py:4180} INFO - Setting next_dagrun for dataset_with_extra_by_context to 2024-10-12 00:00:00+00:00, run_after=2024-10-13 00:00:00+00:00
[2024-10-13T14:10:40.051+0100] {logging_mixin.py:190} INFO - [2024-10-13T14:10:40.051+0100] {dag.py:4180} INFO - Setting next_dagrun for dataset_with_extra_by_yield to 2024-10-12 00:00:00+00:00, run_after=2024-10-13 00:00:00+00:00
[2024-10-13T14:10:40.052+0100] {logging_mixin.py:190} INFO - [2024-10-13T14:10:40.052+0100] {dag.py:4180} INFO - Setting next_dagrun for dataset_with_extra_from_classic_operator to 2024-10-12 00:00:00+00:00, run_after=2024-10-13 00:00:00+00:00
[2024-10-13T14:10:40.059+0100] {processor.py:208} INFO - Processing /opt/homebrew/Caskroom/miniconda/base/envs/airflow_env/lib/python3.9/site-packages/airflow/example_dags/example_outlet_event_extra.py took 0.111 seconds
[2024-10-13T14:12:46.330+0100] {processor.py:186} INFO - Started process (PID=67472) to work on /opt/homebrew/Caskroom/miniconda/base/envs/airflow_env/lib/python3.9/site-packages/airflow/example_dags/example_outlet_event_extra.py
[2024-10-13T14:12:46.330+0100] {processor.py:914} INFO - Processing file /opt/homebrew/Caskroom/miniconda/base/envs/airflow_env/lib/python3.9/site-packages/airflow/example_dags/example_outlet_event_extra.py for tasks to queue
[2024-10-13T14:12:46.331+0100] {logging_mixin.py:190} INFO - [2024-10-13T14:12:46.331+0100] {dagbag.py:588} INFO - Filling up the DagBag from /opt/homebrew/Caskroom/miniconda/base/envs/airflow_env/lib/python3.9/site-packages/airflow/example_dags/example_outlet_event_extra.py
[2024-10-13T14:12:46.387+0100] {processor.py:925} INFO - DAG(s) 'dataset_with_extra_by_context', 'dataset_with_extra_from_classic_operator', 'dataset_with_extra_by_yield' retrieved from /opt/homebrew/Caskroom/miniconda/base/envs/airflow_env/lib/python3.9/site-packages/airflow/example_dags/example_outlet_event_extra.py
[2024-10-13T14:12:46.421+0100] {logging_mixin.py:190} INFO - [2024-10-13T14:12:46.421+0100] {dag.py:3239} INFO - Sync 3 DAGs
[2024-10-13T14:12:46.427+0100] {logging_mixin.py:190} INFO - [2024-10-13T14:12:46.427+0100] {dag.py:4180} INFO - Setting next_dagrun for dataset_with_extra_by_context to 2024-10-12 00:00:00+00:00, run_after=2024-10-13 00:00:00+00:00
[2024-10-13T14:12:46.428+0100] {logging_mixin.py:190} INFO - [2024-10-13T14:12:46.428+0100] {dag.py:4180} INFO - Setting next_dagrun for dataset_with_extra_by_yield to 2024-10-12 00:00:00+00:00, run_after=2024-10-13 00:00:00+00:00
[2024-10-13T14:12:46.429+0100] {logging_mixin.py:190} INFO - [2024-10-13T14:12:46.429+0100] {dag.py:4180} INFO - Setting next_dagrun for dataset_with_extra_from_classic_operator to 2024-10-12 00:00:00+00:00, run_after=2024-10-13 00:00:00+00:00
[2024-10-13T14:12:46.435+0100] {processor.py:208} INFO - Processing /opt/homebrew/Caskroom/miniconda/base/envs/airflow_env/lib/python3.9/site-packages/airflow/example_dags/example_outlet_event_extra.py took 0.107 seconds
[2024-10-13T14:14:54.990+0100] {processor.py:186} INFO - Started process (PID=67620) to work on /opt/homebrew/Caskroom/miniconda/base/envs/airflow_env/lib/python3.9/site-packages/airflow/example_dags/example_outlet_event_extra.py
[2024-10-13T14:14:54.991+0100] {processor.py:914} INFO - Processing file /opt/homebrew/Caskroom/miniconda/base/envs/airflow_env/lib/python3.9/site-packages/airflow/example_dags/example_outlet_event_extra.py for tasks to queue
[2024-10-13T14:14:54.991+0100] {logging_mixin.py:190} INFO - [2024-10-13T14:14:54.991+0100] {dagbag.py:588} INFO - Filling up the DagBag from /opt/homebrew/Caskroom/miniconda/base/envs/airflow_env/lib/python3.9/site-packages/airflow/example_dags/example_outlet_event_extra.py
[2024-10-13T14:14:55.046+0100] {processor.py:925} INFO - DAG(s) 'dataset_with_extra_by_context', 'dataset_with_extra_by_yield', 'dataset_with_extra_from_classic_operator' retrieved from /opt/homebrew/Caskroom/miniconda/base/envs/airflow_env/lib/python3.9/site-packages/airflow/example_dags/example_outlet_event_extra.py
[2024-10-13T14:14:55.080+0100] {logging_mixin.py:190} INFO - [2024-10-13T14:14:55.080+0100] {dag.py:3239} INFO - Sync 3 DAGs
[2024-10-13T14:14:55.087+0100] {logging_mixin.py:190} INFO - [2024-10-13T14:14:55.087+0100] {dag.py:4180} INFO - Setting next_dagrun for dataset_with_extra_by_context to 2024-10-12 00:00:00+00:00, run_after=2024-10-13 00:00:00+00:00
[2024-10-13T14:14:55.088+0100] {logging_mixin.py:190} INFO - [2024-10-13T14:14:55.088+0100] {dag.py:4180} INFO - Setting next_dagrun for dataset_with_extra_by_yield to 2024-10-12 00:00:00+00:00, run_after=2024-10-13 00:00:00+00:00
[2024-10-13T14:14:55.089+0100] {logging_mixin.py:190} INFO - [2024-10-13T14:14:55.089+0100] {dag.py:4180} INFO - Setting next_dagrun for dataset_with_extra_from_classic_operator to 2024-10-12 00:00:00+00:00, run_after=2024-10-13 00:00:00+00:00
[2024-10-13T14:14:55.095+0100] {processor.py:208} INFO - Processing /opt/homebrew/Caskroom/miniconda/base/envs/airflow_env/lib/python3.9/site-packages/airflow/example_dags/example_outlet_event_extra.py took 0.107 seconds
[2024-10-13T14:18:18.316+0100] {processor.py:186} INFO - Started process (PID=67752) to work on /opt/homebrew/Caskroom/miniconda/base/envs/airflow_env/lib/python3.9/site-packages/airflow/example_dags/example_outlet_event_extra.py
[2024-10-13T14:18:18.317+0100] {processor.py:914} INFO - Processing file /opt/homebrew/Caskroom/miniconda/base/envs/airflow_env/lib/python3.9/site-packages/airflow/example_dags/example_outlet_event_extra.py for tasks to queue
[2024-10-13T14:18:18.317+0100] {logging_mixin.py:190} INFO - [2024-10-13T14:18:18.317+0100] {dagbag.py:588} INFO - Filling up the DagBag from /opt/homebrew/Caskroom/miniconda/base/envs/airflow_env/lib/python3.9/site-packages/airflow/example_dags/example_outlet_event_extra.py
[2024-10-13T14:18:18.371+0100] {processor.py:925} INFO - DAG(s) 'dataset_with_extra_by_yield', 'dataset_with_extra_from_classic_operator', 'dataset_with_extra_by_context' retrieved from /opt/homebrew/Caskroom/miniconda/base/envs/airflow_env/lib/python3.9/site-packages/airflow/example_dags/example_outlet_event_extra.py
[2024-10-13T14:18:18.404+0100] {logging_mixin.py:190} INFO - [2024-10-13T14:18:18.404+0100] {dag.py:3239} INFO - Sync 3 DAGs
[2024-10-13T14:18:18.410+0100] {logging_mixin.py:190} INFO - [2024-10-13T14:18:18.410+0100] {dag.py:4180} INFO - Setting next_dagrun for dataset_with_extra_by_context to 2024-10-12 00:00:00+00:00, run_after=2024-10-13 00:00:00+00:00
[2024-10-13T14:18:18.412+0100] {logging_mixin.py:190} INFO - [2024-10-13T14:18:18.411+0100] {dag.py:4180} INFO - Setting next_dagrun for dataset_with_extra_by_yield to 2024-10-12 00:00:00+00:00, run_after=2024-10-13 00:00:00+00:00
[2024-10-13T14:18:18.412+0100] {logging_mixin.py:190} INFO - [2024-10-13T14:18:18.412+0100] {dag.py:4180} INFO - Setting next_dagrun for dataset_with_extra_from_classic_operator to 2024-10-12 00:00:00+00:00, run_after=2024-10-13 00:00:00+00:00
[2024-10-13T14:18:18.419+0100] {processor.py:208} INFO - Processing /opt/homebrew/Caskroom/miniconda/base/envs/airflow_env/lib/python3.9/site-packages/airflow/example_dags/example_outlet_event_extra.py took 0.104 seconds
[2024-10-13T15:14:33.750+0100] {processor.py:186} INFO - Started process (PID=67987) to work on /opt/homebrew/Caskroom/miniconda/base/envs/airflow_env/lib/python3.9/site-packages/airflow/example_dags/example_outlet_event_extra.py
[2024-10-13T15:14:33.750+0100] {processor.py:914} INFO - Processing file /opt/homebrew/Caskroom/miniconda/base/envs/airflow_env/lib/python3.9/site-packages/airflow/example_dags/example_outlet_event_extra.py for tasks to queue
[2024-10-13T15:14:33.751+0100] {logging_mixin.py:190} INFO - [2024-10-13T15:14:33.751+0100] {dagbag.py:588} INFO - Filling up the DagBag from /opt/homebrew/Caskroom/miniconda/base/envs/airflow_env/lib/python3.9/site-packages/airflow/example_dags/example_outlet_event_extra.py
[2024-10-13T15:14:33.820+0100] {processor.py:925} INFO - DAG(s) 'dataset_with_extra_by_yield', 'dataset_with_extra_by_context', 'dataset_with_extra_from_classic_operator' retrieved from /opt/homebrew/Caskroom/miniconda/base/envs/airflow_env/lib/python3.9/site-packages/airflow/example_dags/example_outlet_event_extra.py
[2024-10-13T15:14:33.859+0100] {logging_mixin.py:190} INFO - [2024-10-13T15:14:33.859+0100] {dag.py:3239} INFO - Sync 3 DAGs
[2024-10-13T15:14:33.867+0100] {logging_mixin.py:190} INFO - [2024-10-13T15:14:33.867+0100] {dag.py:4180} INFO - Setting next_dagrun for dataset_with_extra_by_context to 2024-10-12 00:00:00+00:00, run_after=2024-10-13 00:00:00+00:00
[2024-10-13T15:14:33.869+0100] {logging_mixin.py:190} INFO - [2024-10-13T15:14:33.869+0100] {dag.py:4180} INFO - Setting next_dagrun for dataset_with_extra_by_yield to 2024-10-12 00:00:00+00:00, run_after=2024-10-13 00:00:00+00:00
[2024-10-13T15:14:33.870+0100] {logging_mixin.py:190} INFO - [2024-10-13T15:14:33.870+0100] {dag.py:4180} INFO - Setting next_dagrun for dataset_with_extra_from_classic_operator to 2024-10-12 00:00:00+00:00, run_after=2024-10-13 00:00:00+00:00
[2024-10-13T15:14:33.877+0100] {processor.py:208} INFO - Processing /opt/homebrew/Caskroom/miniconda/base/envs/airflow_env/lib/python3.9/site-packages/airflow/example_dags/example_outlet_event_extra.py took 0.131 seconds
[2024-10-13T15:16:45.450+0100] {processor.py:186} INFO - Started process (PID=68117) to work on /opt/homebrew/Caskroom/miniconda/base/envs/airflow_env/lib/python3.9/site-packages/airflow/example_dags/example_outlet_event_extra.py
[2024-10-13T15:16:45.450+0100] {processor.py:914} INFO - Processing file /opt/homebrew/Caskroom/miniconda/base/envs/airflow_env/lib/python3.9/site-packages/airflow/example_dags/example_outlet_event_extra.py for tasks to queue
[2024-10-13T15:16:45.450+0100] {logging_mixin.py:190} INFO - [2024-10-13T15:16:45.450+0100] {dagbag.py:588} INFO - Filling up the DagBag from /opt/homebrew/Caskroom/miniconda/base/envs/airflow_env/lib/python3.9/site-packages/airflow/example_dags/example_outlet_event_extra.py
[2024-10-13T15:16:45.510+0100] {processor.py:925} INFO - DAG(s) 'dataset_with_extra_by_yield', 'dataset_with_extra_by_context', 'dataset_with_extra_from_classic_operator' retrieved from /opt/homebrew/Caskroom/miniconda/base/envs/airflow_env/lib/python3.9/site-packages/airflow/example_dags/example_outlet_event_extra.py
[2024-10-13T15:16:45.546+0100] {logging_mixin.py:190} INFO - [2024-10-13T15:16:45.546+0100] {dag.py:3239} INFO - Sync 3 DAGs
[2024-10-13T15:16:45.553+0100] {logging_mixin.py:190} INFO - [2024-10-13T15:16:45.553+0100] {dag.py:4180} INFO - Setting next_dagrun for dataset_with_extra_by_context to 2024-10-12 00:00:00+00:00, run_after=2024-10-13 00:00:00+00:00
[2024-10-13T15:16:45.555+0100] {logging_mixin.py:190} INFO - [2024-10-13T15:16:45.554+0100] {dag.py:4180} INFO - Setting next_dagrun for dataset_with_extra_by_yield to 2024-10-12 00:00:00+00:00, run_after=2024-10-13 00:00:00+00:00
[2024-10-13T15:16:45.555+0100] {logging_mixin.py:190} INFO - [2024-10-13T15:16:45.555+0100] {dag.py:4180} INFO - Setting next_dagrun for dataset_with_extra_from_classic_operator to 2024-10-12 00:00:00+00:00, run_after=2024-10-13 00:00:00+00:00
[2024-10-13T15:16:45.562+0100] {processor.py:208} INFO - Processing /opt/homebrew/Caskroom/miniconda/base/envs/airflow_env/lib/python3.9/site-packages/airflow/example_dags/example_outlet_event_extra.py took 0.114 seconds
[2024-10-13T15:18:59.919+0100] {processor.py:186} INFO - Started process (PID=68253) to work on /opt/homebrew/Caskroom/miniconda/base/envs/airflow_env/lib/python3.9/site-packages/airflow/example_dags/example_outlet_event_extra.py
[2024-10-13T15:18:59.919+0100] {processor.py:914} INFO - Processing file /opt/homebrew/Caskroom/miniconda/base/envs/airflow_env/lib/python3.9/site-packages/airflow/example_dags/example_outlet_event_extra.py for tasks to queue
[2024-10-13T15:18:59.920+0100] {logging_mixin.py:190} INFO - [2024-10-13T15:18:59.920+0100] {dagbag.py:588} INFO - Filling up the DagBag from /opt/homebrew/Caskroom/miniconda/base/envs/airflow_env/lib/python3.9/site-packages/airflow/example_dags/example_outlet_event_extra.py
[2024-10-13T15:18:59.984+0100] {processor.py:925} INFO - DAG(s) 'dataset_with_extra_by_yield', 'dataset_with_extra_from_classic_operator', 'dataset_with_extra_by_context' retrieved from /opt/homebrew/Caskroom/miniconda/base/envs/airflow_env/lib/python3.9/site-packages/airflow/example_dags/example_outlet_event_extra.py
[2024-10-13T15:19:00.027+0100] {logging_mixin.py:190} INFO - [2024-10-13T15:19:00.027+0100] {dag.py:3239} INFO - Sync 3 DAGs
[2024-10-13T15:19:00.034+0100] {logging_mixin.py:190} INFO - [2024-10-13T15:19:00.033+0100] {dag.py:4180} INFO - Setting next_dagrun for dataset_with_extra_by_context to 2024-10-12 00:00:00+00:00, run_after=2024-10-13 00:00:00+00:00
[2024-10-13T15:19:00.035+0100] {logging_mixin.py:190} INFO - [2024-10-13T15:19:00.035+0100] {dag.py:4180} INFO - Setting next_dagrun for dataset_with_extra_by_yield to 2024-10-12 00:00:00+00:00, run_after=2024-10-13 00:00:00+00:00
[2024-10-13T15:19:00.036+0100] {logging_mixin.py:190} INFO - [2024-10-13T15:19:00.036+0100] {dag.py:4180} INFO - Setting next_dagrun for dataset_with_extra_from_classic_operator to 2024-10-12 00:00:00+00:00, run_after=2024-10-13 00:00:00+00:00
[2024-10-13T15:19:00.044+0100] {processor.py:208} INFO - Processing /opt/homebrew/Caskroom/miniconda/base/envs/airflow_env/lib/python3.9/site-packages/airflow/example_dags/example_outlet_event_extra.py took 0.127 seconds
[2024-10-13T15:21:14.597+0100] {processor.py:186} INFO - Started process (PID=68379) to work on /opt/homebrew/Caskroom/miniconda/base/envs/airflow_env/lib/python3.9/site-packages/airflow/example_dags/example_outlet_event_extra.py
[2024-10-13T15:21:14.598+0100] {processor.py:914} INFO - Processing file /opt/homebrew/Caskroom/miniconda/base/envs/airflow_env/lib/python3.9/site-packages/airflow/example_dags/example_outlet_event_extra.py for tasks to queue
[2024-10-13T15:21:14.598+0100] {logging_mixin.py:190} INFO - [2024-10-13T15:21:14.598+0100] {dagbag.py:588} INFO - Filling up the DagBag from /opt/homebrew/Caskroom/miniconda/base/envs/airflow_env/lib/python3.9/site-packages/airflow/example_dags/example_outlet_event_extra.py
[2024-10-13T15:21:14.655+0100] {processor.py:925} INFO - DAG(s) 'dataset_with_extra_from_classic_operator', 'dataset_with_extra_by_context', 'dataset_with_extra_by_yield' retrieved from /opt/homebrew/Caskroom/miniconda/base/envs/airflow_env/lib/python3.9/site-packages/airflow/example_dags/example_outlet_event_extra.py
[2024-10-13T15:21:14.689+0100] {logging_mixin.py:190} INFO - [2024-10-13T15:21:14.689+0100] {dag.py:3239} INFO - Sync 3 DAGs
[2024-10-13T15:21:14.695+0100] {logging_mixin.py:190} INFO - [2024-10-13T15:21:14.695+0100] {dag.py:4180} INFO - Setting next_dagrun for dataset_with_extra_by_context to 2024-10-12 00:00:00+00:00, run_after=2024-10-13 00:00:00+00:00
[2024-10-13T15:21:14.697+0100] {logging_mixin.py:190} INFO - [2024-10-13T15:21:14.697+0100] {dag.py:4180} INFO - Setting next_dagrun for dataset_with_extra_by_yield to 2024-10-12 00:00:00+00:00, run_after=2024-10-13 00:00:00+00:00
[2024-10-13T15:21:14.697+0100] {logging_mixin.py:190} INFO - [2024-10-13T15:21:14.697+0100] {dag.py:4180} INFO - Setting next_dagrun for dataset_with_extra_from_classic_operator to 2024-10-12 00:00:00+00:00, run_after=2024-10-13 00:00:00+00:00
[2024-10-13T15:21:14.704+0100] {processor.py:208} INFO - Processing /opt/homebrew/Caskroom/miniconda/base/envs/airflow_env/lib/python3.9/site-packages/airflow/example_dags/example_outlet_event_extra.py took 0.109 seconds
[2024-10-13T15:23:17.551+0100] {processor.py:186} INFO - Started process (PID=68587) to work on /opt/homebrew/Caskroom/miniconda/base/envs/airflow_env/lib/python3.9/site-packages/airflow/example_dags/example_outlet_event_extra.py
[2024-10-13T15:23:17.551+0100] {processor.py:914} INFO - Processing file /opt/homebrew/Caskroom/miniconda/base/envs/airflow_env/lib/python3.9/site-packages/airflow/example_dags/example_outlet_event_extra.py for tasks to queue
[2024-10-13T15:23:17.552+0100] {logging_mixin.py:190} INFO - [2024-10-13T15:23:17.552+0100] {dagbag.py:588} INFO - Filling up the DagBag from /opt/homebrew/Caskroom/miniconda/base/envs/airflow_env/lib/python3.9/site-packages/airflow/example_dags/example_outlet_event_extra.py
[2024-10-13T15:23:17.613+0100] {processor.py:925} INFO - DAG(s) 'dataset_with_extra_by_context', 'dataset_with_extra_from_classic_operator', 'dataset_with_extra_by_yield' retrieved from /opt/homebrew/Caskroom/miniconda/base/envs/airflow_env/lib/python3.9/site-packages/airflow/example_dags/example_outlet_event_extra.py
[2024-10-13T15:23:17.649+0100] {logging_mixin.py:190} INFO - [2024-10-13T15:23:17.649+0100] {dag.py:3239} INFO - Sync 3 DAGs
[2024-10-13T15:23:17.656+0100] {logging_mixin.py:190} INFO - [2024-10-13T15:23:17.656+0100] {dag.py:4180} INFO - Setting next_dagrun for dataset_with_extra_by_context to 2024-10-12 00:00:00+00:00, run_after=2024-10-13 00:00:00+00:00
[2024-10-13T15:23:17.657+0100] {logging_mixin.py:190} INFO - [2024-10-13T15:23:17.657+0100] {dag.py:4180} INFO - Setting next_dagrun for dataset_with_extra_by_yield to 2024-10-12 00:00:00+00:00, run_after=2024-10-13 00:00:00+00:00
[2024-10-13T15:23:17.658+0100] {logging_mixin.py:190} INFO - [2024-10-13T15:23:17.658+0100] {dag.py:4180} INFO - Setting next_dagrun for dataset_with_extra_from_classic_operator to 2024-10-12 00:00:00+00:00, run_after=2024-10-13 00:00:00+00:00
[2024-10-13T15:23:17.667+0100] {processor.py:208} INFO - Processing /opt/homebrew/Caskroom/miniconda/base/envs/airflow_env/lib/python3.9/site-packages/airflow/example_dags/example_outlet_event_extra.py took 0.118 seconds
[2024-10-13T15:25:28.463+0100] {processor.py:186} INFO - Started process (PID=68712) to work on /opt/homebrew/Caskroom/miniconda/base/envs/airflow_env/lib/python3.9/site-packages/airflow/example_dags/example_outlet_event_extra.py
[2024-10-13T15:25:28.464+0100] {processor.py:914} INFO - Processing file /opt/homebrew/Caskroom/miniconda/base/envs/airflow_env/lib/python3.9/site-packages/airflow/example_dags/example_outlet_event_extra.py for tasks to queue
[2024-10-13T15:25:28.464+0100] {logging_mixin.py:190} INFO - [2024-10-13T15:25:28.464+0100] {dagbag.py:588} INFO - Filling up the DagBag from /opt/homebrew/Caskroom/miniconda/base/envs/airflow_env/lib/python3.9/site-packages/airflow/example_dags/example_outlet_event_extra.py
[2024-10-13T15:25:28.527+0100] {processor.py:925} INFO - DAG(s) 'dataset_with_extra_from_classic_operator', 'dataset_with_extra_by_yield', 'dataset_with_extra_by_context' retrieved from /opt/homebrew/Caskroom/miniconda/base/envs/airflow_env/lib/python3.9/site-packages/airflow/example_dags/example_outlet_event_extra.py
[2024-10-13T15:25:28.565+0100] {logging_mixin.py:190} INFO - [2024-10-13T15:25:28.565+0100] {dag.py:3239} INFO - Sync 3 DAGs
[2024-10-13T15:25:28.572+0100] {logging_mixin.py:190} INFO - [2024-10-13T15:25:28.572+0100] {dag.py:4180} INFO - Setting next_dagrun for dataset_with_extra_by_context to 2024-10-12 00:00:00+00:00, run_after=2024-10-13 00:00:00+00:00
[2024-10-13T15:25:28.573+0100] {logging_mixin.py:190} INFO - [2024-10-13T15:25:28.573+0100] {dag.py:4180} INFO - Setting next_dagrun for dataset_with_extra_by_yield to 2024-10-12 00:00:00+00:00, run_after=2024-10-13 00:00:00+00:00
[2024-10-13T15:25:28.574+0100] {logging_mixin.py:190} INFO - [2024-10-13T15:25:28.574+0100] {dag.py:4180} INFO - Setting next_dagrun for dataset_with_extra_from_classic_operator to 2024-10-12 00:00:00+00:00, run_after=2024-10-13 00:00:00+00:00
[2024-10-13T15:25:28.582+0100] {processor.py:208} INFO - Processing /opt/homebrew/Caskroom/miniconda/base/envs/airflow_env/lib/python3.9/site-packages/airflow/example_dags/example_outlet_event_extra.py took 0.121 seconds
