[2024-10-13T14:08:54.588+0100] {processor.py:186} INFO - Started process (PID=67214) to work on /opt/homebrew/Caskroom/miniconda/base/envs/airflow_env/lib/python3.9/site-packages/airflow/example_dags/example_python_decorator.py
[2024-10-13T14:08:54.588+0100] {processor.py:914} INFO - Processing file /opt/homebrew/Caskroom/miniconda/base/envs/airflow_env/lib/python3.9/site-packages/airflow/example_dags/example_python_decorator.py for tasks to queue
[2024-10-13T14:08:54.589+0100] {logging_mixin.py:190} INFO - [2024-10-13T14:08:54.589+0100] {dagbag.py:588} INFO - Filling up the DagBag from /opt/homebrew/Caskroom/miniconda/base/envs/airflow_env/lib/python3.9/site-packages/airflow/example_dags/example_python_decorator.py
[2024-10-13T14:08:54.627+0100] {logging_mixin.py:190} INFO - [2024-10-13T14:08:54.627+0100] {example_python_decorator.py:80} WARNING - The virtalenv_python example task requires virtualenv, please install it.
[2024-10-13T14:08:54.628+0100] {processor.py:925} INFO - DAG(s) 'example_python_decorator' retrieved from /opt/homebrew/Caskroom/miniconda/base/envs/airflow_env/lib/python3.9/site-packages/airflow/example_dags/example_python_decorator.py
[2024-10-13T14:08:54.694+0100] {logging_mixin.py:190} INFO - [2024-10-13T14:08:54.694+0100] {override.py:1901} INFO - Created Permission View: can edit on DAG:example_python_decorator
[2024-10-13T14:08:54.698+0100] {logging_mixin.py:190} INFO - [2024-10-13T14:08:54.698+0100] {override.py:1901} INFO - Created Permission View: can delete on DAG:example_python_decorator
[2024-10-13T14:08:54.700+0100] {logging_mixin.py:190} INFO - [2024-10-13T14:08:54.700+0100] {override.py:1901} INFO - Created Permission View: can read on DAG:example_python_decorator
[2024-10-13T14:08:54.702+0100] {logging_mixin.py:190} INFO - [2024-10-13T14:08:54.702+0100] {override.py:1901} INFO - Created Permission View: can create on DAG Run:example_python_decorator
[2024-10-13T14:08:54.704+0100] {logging_mixin.py:190} INFO - [2024-10-13T14:08:54.704+0100] {override.py:1901} INFO - Created Permission View: menu access on DAG Run:example_python_decorator
[2024-10-13T14:08:54.706+0100] {logging_mixin.py:190} INFO - [2024-10-13T14:08:54.706+0100] {override.py:1901} INFO - Created Permission View: can delete on DAG Run:example_python_decorator
[2024-10-13T14:08:54.708+0100] {logging_mixin.py:190} INFO - [2024-10-13T14:08:54.708+0100] {override.py:1901} INFO - Created Permission View: can read on DAG Run:example_python_decorator
[2024-10-13T14:08:54.708+0100] {logging_mixin.py:190} INFO - [2024-10-13T14:08:54.708+0100] {dag.py:3239} INFO - Sync 1 DAGs
[2024-10-13T14:08:54.713+0100] {logging_mixin.py:190} INFO - [2024-10-13T14:08:54.713+0100] {dag.py:3262} INFO - Creating ORM DAG for example_python_decorator
[2024-10-13T14:08:54.713+0100] {logging_mixin.py:190} INFO - [2024-10-13T14:08:54.713+0100] {dag.py:4180} INFO - Setting next_dagrun for example_python_decorator to None, run_after=None
[2024-10-13T14:08:54.719+0100] {processor.py:208} INFO - Processing /opt/homebrew/Caskroom/miniconda/base/envs/airflow_env/lib/python3.9/site-packages/airflow/example_dags/example_python_decorator.py took 0.133 seconds
[2024-10-13T14:10:32.605+0100] {processor.py:186} INFO - Started process (PID=67318) to work on /opt/homebrew/Caskroom/miniconda/base/envs/airflow_env/lib/python3.9/site-packages/airflow/example_dags/example_python_decorator.py
[2024-10-13T14:10:32.607+0100] {processor.py:914} INFO - Processing file /opt/homebrew/Caskroom/miniconda/base/envs/airflow_env/lib/python3.9/site-packages/airflow/example_dags/example_python_decorator.py for tasks to queue
[2024-10-13T14:10:32.607+0100] {logging_mixin.py:190} INFO - [2024-10-13T14:10:32.607+0100] {dagbag.py:588} INFO - Filling up the DagBag from /opt/homebrew/Caskroom/miniconda/base/envs/airflow_env/lib/python3.9/site-packages/airflow/example_dags/example_python_decorator.py
[2024-10-13T14:10:32.637+0100] {logging_mixin.py:190} INFO - [2024-10-13T14:10:32.637+0100] {example_python_decorator.py:80} WARNING - The virtalenv_python example task requires virtualenv, please install it.
[2024-10-13T14:10:32.638+0100] {processor.py:925} INFO - DAG(s) 'example_python_decorator' retrieved from /opt/homebrew/Caskroom/miniconda/base/envs/airflow_env/lib/python3.9/site-packages/airflow/example_dags/example_python_decorator.py
[2024-10-13T14:10:32.671+0100] {logging_mixin.py:190} INFO - [2024-10-13T14:10:32.671+0100] {dag.py:3239} INFO - Sync 1 DAGs
[2024-10-13T14:10:32.675+0100] {logging_mixin.py:190} INFO - [2024-10-13T14:10:32.675+0100] {dag.py:4180} INFO - Setting next_dagrun for example_python_decorator to None, run_after=None
[2024-10-13T14:10:32.681+0100] {processor.py:208} INFO - Processing /opt/homebrew/Caskroom/miniconda/base/envs/airflow_env/lib/python3.9/site-packages/airflow/example_dags/example_python_decorator.py took 0.078 seconds
[2024-10-13T14:12:38.860+0100] {processor.py:186} INFO - Started process (PID=67462) to work on /opt/homebrew/Caskroom/miniconda/base/envs/airflow_env/lib/python3.9/site-packages/airflow/example_dags/example_python_decorator.py
[2024-10-13T14:12:38.861+0100] {processor.py:914} INFO - Processing file /opt/homebrew/Caskroom/miniconda/base/envs/airflow_env/lib/python3.9/site-packages/airflow/example_dags/example_python_decorator.py for tasks to queue
[2024-10-13T14:12:38.862+0100] {logging_mixin.py:190} INFO - [2024-10-13T14:12:38.862+0100] {dagbag.py:588} INFO - Filling up the DagBag from /opt/homebrew/Caskroom/miniconda/base/envs/airflow_env/lib/python3.9/site-packages/airflow/example_dags/example_python_decorator.py
[2024-10-13T14:12:38.897+0100] {logging_mixin.py:190} INFO - [2024-10-13T14:12:38.897+0100] {example_python_decorator.py:80} WARNING - The virtalenv_python example task requires virtualenv, please install it.
[2024-10-13T14:12:38.898+0100] {processor.py:925} INFO - DAG(s) 'example_python_decorator' retrieved from /opt/homebrew/Caskroom/miniconda/base/envs/airflow_env/lib/python3.9/site-packages/airflow/example_dags/example_python_decorator.py
[2024-10-13T14:12:38.936+0100] {logging_mixin.py:190} INFO - [2024-10-13T14:12:38.935+0100] {dag.py:3239} INFO - Sync 1 DAGs
[2024-10-13T14:12:38.940+0100] {logging_mixin.py:190} INFO - [2024-10-13T14:12:38.940+0100] {dag.py:4180} INFO - Setting next_dagrun for example_python_decorator to None, run_after=None
[2024-10-13T14:12:38.949+0100] {processor.py:208} INFO - Processing /opt/homebrew/Caskroom/miniconda/base/envs/airflow_env/lib/python3.9/site-packages/airflow/example_dags/example_python_decorator.py took 0.091 seconds
[2024-10-13T14:14:47.952+0100] {processor.py:186} INFO - Started process (PID=67615) to work on /opt/homebrew/Caskroom/miniconda/base/envs/airflow_env/lib/python3.9/site-packages/airflow/example_dags/example_python_decorator.py
[2024-10-13T14:14:47.952+0100] {processor.py:914} INFO - Processing file /opt/homebrew/Caskroom/miniconda/base/envs/airflow_env/lib/python3.9/site-packages/airflow/example_dags/example_python_decorator.py for tasks to queue
[2024-10-13T14:14:47.953+0100] {logging_mixin.py:190} INFO - [2024-10-13T14:14:47.953+0100] {dagbag.py:588} INFO - Filling up the DagBag from /opt/homebrew/Caskroom/miniconda/base/envs/airflow_env/lib/python3.9/site-packages/airflow/example_dags/example_python_decorator.py
[2024-10-13T14:14:47.984+0100] {logging_mixin.py:190} INFO - [2024-10-13T14:14:47.984+0100] {example_python_decorator.py:80} WARNING - The virtalenv_python example task requires virtualenv, please install it.
[2024-10-13T14:14:47.985+0100] {processor.py:925} INFO - DAG(s) 'example_python_decorator' retrieved from /opt/homebrew/Caskroom/miniconda/base/envs/airflow_env/lib/python3.9/site-packages/airflow/example_dags/example_python_decorator.py
[2024-10-13T14:14:48.018+0100] {logging_mixin.py:190} INFO - [2024-10-13T14:14:48.018+0100] {dag.py:3239} INFO - Sync 1 DAGs
[2024-10-13T14:14:48.022+0100] {logging_mixin.py:190} INFO - [2024-10-13T14:14:48.022+0100] {dag.py:4180} INFO - Setting next_dagrun for example_python_decorator to None, run_after=None
[2024-10-13T14:14:48.028+0100] {processor.py:208} INFO - Processing /opt/homebrew/Caskroom/miniconda/base/envs/airflow_env/lib/python3.9/site-packages/airflow/example_dags/example_python_decorator.py took 0.078 seconds
[2024-10-13T14:18:11.018+0100] {processor.py:186} INFO - Started process (PID=67746) to work on /opt/homebrew/Caskroom/miniconda/base/envs/airflow_env/lib/python3.9/site-packages/airflow/example_dags/example_python_decorator.py
[2024-10-13T14:18:11.018+0100] {processor.py:914} INFO - Processing file /opt/homebrew/Caskroom/miniconda/base/envs/airflow_env/lib/python3.9/site-packages/airflow/example_dags/example_python_decorator.py for tasks to queue
[2024-10-13T14:18:11.019+0100] {logging_mixin.py:190} INFO - [2024-10-13T14:18:11.019+0100] {dagbag.py:588} INFO - Filling up the DagBag from /opt/homebrew/Caskroom/miniconda/base/envs/airflow_env/lib/python3.9/site-packages/airflow/example_dags/example_python_decorator.py
[2024-10-13T14:18:11.048+0100] {logging_mixin.py:190} INFO - [2024-10-13T14:18:11.048+0100] {example_python_decorator.py:80} WARNING - The virtalenv_python example task requires virtualenv, please install it.
[2024-10-13T14:18:11.049+0100] {processor.py:925} INFO - DAG(s) 'example_python_decorator' retrieved from /opt/homebrew/Caskroom/miniconda/base/envs/airflow_env/lib/python3.9/site-packages/airflow/example_dags/example_python_decorator.py
[2024-10-13T14:18:11.081+0100] {logging_mixin.py:190} INFO - [2024-10-13T14:18:11.081+0100] {dag.py:3239} INFO - Sync 1 DAGs
[2024-10-13T14:18:11.085+0100] {logging_mixin.py:190} INFO - [2024-10-13T14:18:11.085+0100] {dag.py:4180} INFO - Setting next_dagrun for example_python_decorator to None, run_after=None
[2024-10-13T14:18:11.091+0100] {processor.py:208} INFO - Processing /opt/homebrew/Caskroom/miniconda/base/envs/airflow_env/lib/python3.9/site-packages/airflow/example_dags/example_python_decorator.py took 0.075 seconds
[2024-10-13T15:14:27.891+0100] {processor.py:186} INFO - Started process (PID=67983) to work on /opt/homebrew/Caskroom/miniconda/base/envs/airflow_env/lib/python3.9/site-packages/airflow/example_dags/example_python_decorator.py
[2024-10-13T15:14:27.892+0100] {processor.py:914} INFO - Processing file /opt/homebrew/Caskroom/miniconda/base/envs/airflow_env/lib/python3.9/site-packages/airflow/example_dags/example_python_decorator.py for tasks to queue
[2024-10-13T15:14:27.892+0100] {logging_mixin.py:190} INFO - [2024-10-13T15:14:27.892+0100] {dagbag.py:588} INFO - Filling up the DagBag from /opt/homebrew/Caskroom/miniconda/base/envs/airflow_env/lib/python3.9/site-packages/airflow/example_dags/example_python_decorator.py
[2024-10-13T15:14:27.924+0100] {logging_mixin.py:190} INFO - [2024-10-13T15:14:27.923+0100] {example_python_decorator.py:80} WARNING - The virtalenv_python example task requires virtualenv, please install it.
[2024-10-13T15:14:27.924+0100] {processor.py:925} INFO - DAG(s) 'example_python_decorator' retrieved from /opt/homebrew/Caskroom/miniconda/base/envs/airflow_env/lib/python3.9/site-packages/airflow/example_dags/example_python_decorator.py
[2024-10-13T15:14:27.957+0100] {logging_mixin.py:190} INFO - [2024-10-13T15:14:27.957+0100] {dag.py:3239} INFO - Sync 1 DAGs
[2024-10-13T15:14:27.961+0100] {logging_mixin.py:190} INFO - [2024-10-13T15:14:27.961+0100] {dag.py:4180} INFO - Setting next_dagrun for example_python_decorator to None, run_after=None
[2024-10-13T15:14:27.968+0100] {processor.py:208} INFO - Processing /opt/homebrew/Caskroom/miniconda/base/envs/airflow_env/lib/python3.9/site-packages/airflow/example_dags/example_python_decorator.py took 0.078 seconds
[2024-10-13T15:16:38.611+0100] {processor.py:186} INFO - Started process (PID=68104) to work on /opt/homebrew/Caskroom/miniconda/base/envs/airflow_env/lib/python3.9/site-packages/airflow/example_dags/example_python_decorator.py
[2024-10-13T15:16:38.611+0100] {processor.py:914} INFO - Processing file /opt/homebrew/Caskroom/miniconda/base/envs/airflow_env/lib/python3.9/site-packages/airflow/example_dags/example_python_decorator.py for tasks to queue
[2024-10-13T15:16:38.612+0100] {logging_mixin.py:190} INFO - [2024-10-13T15:16:38.612+0100] {dagbag.py:588} INFO - Filling up the DagBag from /opt/homebrew/Caskroom/miniconda/base/envs/airflow_env/lib/python3.9/site-packages/airflow/example_dags/example_python_decorator.py
[2024-10-13T15:16:38.647+0100] {logging_mixin.py:190} INFO - [2024-10-13T15:16:38.647+0100] {example_python_decorator.py:80} WARNING - The virtalenv_python example task requires virtualenv, please install it.
[2024-10-13T15:16:38.647+0100] {processor.py:925} INFO - DAG(s) 'example_python_decorator' retrieved from /opt/homebrew/Caskroom/miniconda/base/envs/airflow_env/lib/python3.9/site-packages/airflow/example_dags/example_python_decorator.py
[2024-10-13T15:16:38.680+0100] {logging_mixin.py:190} INFO - [2024-10-13T15:16:38.680+0100] {dag.py:3239} INFO - Sync 1 DAGs
[2024-10-13T15:16:38.684+0100] {logging_mixin.py:190} INFO - [2024-10-13T15:16:38.684+0100] {dag.py:4180} INFO - Setting next_dagrun for example_python_decorator to None, run_after=None
[2024-10-13T15:16:38.691+0100] {processor.py:208} INFO - Processing /opt/homebrew/Caskroom/miniconda/base/envs/airflow_env/lib/python3.9/site-packages/airflow/example_dags/example_python_decorator.py took 0.082 seconds
[2024-10-13T15:18:54.139+0100] {processor.py:186} INFO - Started process (PID=68247) to work on /opt/homebrew/Caskroom/miniconda/base/envs/airflow_env/lib/python3.9/site-packages/airflow/example_dags/example_python_decorator.py
[2024-10-13T15:18:54.140+0100] {processor.py:914} INFO - Processing file /opt/homebrew/Caskroom/miniconda/base/envs/airflow_env/lib/python3.9/site-packages/airflow/example_dags/example_python_decorator.py for tasks to queue
[2024-10-13T15:18:54.141+0100] {logging_mixin.py:190} INFO - [2024-10-13T15:18:54.140+0100] {dagbag.py:588} INFO - Filling up the DagBag from /opt/homebrew/Caskroom/miniconda/base/envs/airflow_env/lib/python3.9/site-packages/airflow/example_dags/example_python_decorator.py
[2024-10-13T15:18:54.171+0100] {logging_mixin.py:190} INFO - [2024-10-13T15:18:54.171+0100] {example_python_decorator.py:80} WARNING - The virtalenv_python example task requires virtualenv, please install it.
[2024-10-13T15:18:54.172+0100] {processor.py:925} INFO - DAG(s) 'example_python_decorator' retrieved from /opt/homebrew/Caskroom/miniconda/base/envs/airflow_env/lib/python3.9/site-packages/airflow/example_dags/example_python_decorator.py
[2024-10-13T15:18:54.204+0100] {logging_mixin.py:190} INFO - [2024-10-13T15:18:54.204+0100] {dag.py:3239} INFO - Sync 1 DAGs
[2024-10-13T15:18:54.209+0100] {logging_mixin.py:190} INFO - [2024-10-13T15:18:54.208+0100] {dag.py:4180} INFO - Setting next_dagrun for example_python_decorator to None, run_after=None
[2024-10-13T15:18:54.215+0100] {processor.py:208} INFO - Processing /opt/homebrew/Caskroom/miniconda/base/envs/airflow_env/lib/python3.9/site-packages/airflow/example_dags/example_python_decorator.py took 0.078 seconds
[2024-10-13T15:21:07.187+0100] {processor.py:186} INFO - Started process (PID=68372) to work on /opt/homebrew/Caskroom/miniconda/base/envs/airflow_env/lib/python3.9/site-packages/airflow/example_dags/example_python_decorator.py
[2024-10-13T15:21:07.188+0100] {processor.py:914} INFO - Processing file /opt/homebrew/Caskroom/miniconda/base/envs/airflow_env/lib/python3.9/site-packages/airflow/example_dags/example_python_decorator.py for tasks to queue
[2024-10-13T15:21:07.189+0100] {logging_mixin.py:190} INFO - [2024-10-13T15:21:07.188+0100] {dagbag.py:588} INFO - Filling up the DagBag from /opt/homebrew/Caskroom/miniconda/base/envs/airflow_env/lib/python3.9/site-packages/airflow/example_dags/example_python_decorator.py
[2024-10-13T15:21:07.220+0100] {logging_mixin.py:190} INFO - [2024-10-13T15:21:07.220+0100] {example_python_decorator.py:80} WARNING - The virtalenv_python example task requires virtualenv, please install it.
[2024-10-13T15:21:07.221+0100] {processor.py:925} INFO - DAG(s) 'example_python_decorator' retrieved from /opt/homebrew/Caskroom/miniconda/base/envs/airflow_env/lib/python3.9/site-packages/airflow/example_dags/example_python_decorator.py
[2024-10-13T15:21:07.256+0100] {logging_mixin.py:190} INFO - [2024-10-13T15:21:07.256+0100] {dag.py:3239} INFO - Sync 1 DAGs
[2024-10-13T15:21:07.261+0100] {logging_mixin.py:190} INFO - [2024-10-13T15:21:07.261+0100] {dag.py:4180} INFO - Setting next_dagrun for example_python_decorator to None, run_after=None
[2024-10-13T15:21:07.267+0100] {processor.py:208} INFO - Processing /opt/homebrew/Caskroom/miniconda/base/envs/airflow_env/lib/python3.9/site-packages/airflow/example_dags/example_python_decorator.py took 0.082 seconds
[2024-10-13T15:23:10.586+0100] {processor.py:186} INFO - Started process (PID=68580) to work on /opt/homebrew/Caskroom/miniconda/base/envs/airflow_env/lib/python3.9/site-packages/airflow/example_dags/example_python_decorator.py
[2024-10-13T15:23:10.586+0100] {processor.py:914} INFO - Processing file /opt/homebrew/Caskroom/miniconda/base/envs/airflow_env/lib/python3.9/site-packages/airflow/example_dags/example_python_decorator.py for tasks to queue
[2024-10-13T15:23:10.587+0100] {logging_mixin.py:190} INFO - [2024-10-13T15:23:10.587+0100] {dagbag.py:588} INFO - Filling up the DagBag from /opt/homebrew/Caskroom/miniconda/base/envs/airflow_env/lib/python3.9/site-packages/airflow/example_dags/example_python_decorator.py
[2024-10-13T15:23:10.622+0100] {logging_mixin.py:190} INFO - [2024-10-13T15:23:10.622+0100] {example_python_decorator.py:80} WARNING - The virtalenv_python example task requires virtualenv, please install it.
[2024-10-13T15:23:10.623+0100] {processor.py:925} INFO - DAG(s) 'example_python_decorator' retrieved from /opt/homebrew/Caskroom/miniconda/base/envs/airflow_env/lib/python3.9/site-packages/airflow/example_dags/example_python_decorator.py
[2024-10-13T15:23:10.659+0100] {logging_mixin.py:190} INFO - [2024-10-13T15:23:10.659+0100] {dag.py:3239} INFO - Sync 1 DAGs
[2024-10-13T15:23:10.663+0100] {logging_mixin.py:190} INFO - [2024-10-13T15:23:10.663+0100] {dag.py:4180} INFO - Setting next_dagrun for example_python_decorator to None, run_after=None
[2024-10-13T15:23:10.670+0100] {processor.py:208} INFO - Processing /opt/homebrew/Caskroom/miniconda/base/envs/airflow_env/lib/python3.9/site-packages/airflow/example_dags/example_python_decorator.py took 0.087 seconds
[2024-10-13T15:25:23.101+0100] {processor.py:186} INFO - Started process (PID=68703) to work on /opt/homebrew/Caskroom/miniconda/base/envs/airflow_env/lib/python3.9/site-packages/airflow/example_dags/example_python_decorator.py
[2024-10-13T15:25:23.102+0100] {processor.py:914} INFO - Processing file /opt/homebrew/Caskroom/miniconda/base/envs/airflow_env/lib/python3.9/site-packages/airflow/example_dags/example_python_decorator.py for tasks to queue
[2024-10-13T15:25:23.103+0100] {logging_mixin.py:190} INFO - [2024-10-13T15:25:23.103+0100] {dagbag.py:588} INFO - Filling up the DagBag from /opt/homebrew/Caskroom/miniconda/base/envs/airflow_env/lib/python3.9/site-packages/airflow/example_dags/example_python_decorator.py
[2024-10-13T15:25:23.136+0100] {logging_mixin.py:190} INFO - [2024-10-13T15:25:23.136+0100] {example_python_decorator.py:80} WARNING - The virtalenv_python example task requires virtualenv, please install it.
[2024-10-13T15:25:23.137+0100] {processor.py:925} INFO - DAG(s) 'example_python_decorator' retrieved from /opt/homebrew/Caskroom/miniconda/base/envs/airflow_env/lib/python3.9/site-packages/airflow/example_dags/example_python_decorator.py
[2024-10-13T15:25:23.170+0100] {logging_mixin.py:190} INFO - [2024-10-13T15:25:23.170+0100] {dag.py:3239} INFO - Sync 1 DAGs
[2024-10-13T15:25:23.174+0100] {logging_mixin.py:190} INFO - [2024-10-13T15:25:23.174+0100] {dag.py:4180} INFO - Setting next_dagrun for example_python_decorator to None, run_after=None
[2024-10-13T15:25:23.180+0100] {processor.py:208} INFO - Processing /opt/homebrew/Caskroom/miniconda/base/envs/airflow_env/lib/python3.9/site-packages/airflow/example_dags/example_python_decorator.py took 0.080 seconds
