[2024-10-13T14:08:28.307+0100] {processor.py:186} INFO - Started process (PID=67184) to work on /opt/homebrew/Caskroom/miniconda/base/envs/airflow_env/lib/python3.9/site-packages/airflow/example_dags/example_trigger_target_dag.py
[2024-10-13T14:08:28.308+0100] {processor.py:914} INFO - Processing file /opt/homebrew/Caskroom/miniconda/base/envs/airflow_env/lib/python3.9/site-packages/airflow/example_dags/example_trigger_target_dag.py for tasks to queue
[2024-10-13T14:08:28.308+0100] {logging_mixin.py:190} INFO - [2024-10-13T14:08:28.308+0100] {dagbag.py:588} INFO - Filling up the DagBag from /opt/homebrew/Caskroom/miniconda/base/envs/airflow_env/lib/python3.9/site-packages/airflow/example_dags/example_trigger_target_dag.py
[2024-10-13T14:08:28.338+0100] {processor.py:925} INFO - DAG(s) 'example_trigger_target_dag' retrieved from /opt/homebrew/Caskroom/miniconda/base/envs/airflow_env/lib/python3.9/site-packages/airflow/example_dags/example_trigger_target_dag.py
[2024-10-13T14:08:28.399+0100] {logging_mixin.py:190} INFO - [2024-10-13T14:08:28.399+0100] {override.py:1901} INFO - Created Permission View: can read on DAG:example_trigger_target_dag
[2024-10-13T14:08:28.402+0100] {logging_mixin.py:190} INFO - [2024-10-13T14:08:28.402+0100] {override.py:1901} INFO - Created Permission View: can edit on DAG:example_trigger_target_dag
[2024-10-13T14:08:28.404+0100] {logging_mixin.py:190} INFO - [2024-10-13T14:08:28.404+0100] {override.py:1901} INFO - Created Permission View: can delete on DAG:example_trigger_target_dag
[2024-10-13T14:08:28.407+0100] {logging_mixin.py:190} INFO - [2024-10-13T14:08:28.407+0100] {override.py:1901} INFO - Created Permission View: can create on DAG Run:example_trigger_target_dag
[2024-10-13T14:08:28.409+0100] {logging_mixin.py:190} INFO - [2024-10-13T14:08:28.409+0100] {override.py:1901} INFO - Created Permission View: can read on DAG Run:example_trigger_target_dag
[2024-10-13T14:08:28.411+0100] {logging_mixin.py:190} INFO - [2024-10-13T14:08:28.411+0100] {override.py:1901} INFO - Created Permission View: menu access on DAG Run:example_trigger_target_dag
[2024-10-13T14:08:28.413+0100] {logging_mixin.py:190} INFO - [2024-10-13T14:08:28.413+0100] {override.py:1901} INFO - Created Permission View: can delete on DAG Run:example_trigger_target_dag
[2024-10-13T14:08:28.413+0100] {logging_mixin.py:190} INFO - [2024-10-13T14:08:28.413+0100] {dag.py:3239} INFO - Sync 1 DAGs
[2024-10-13T14:08:28.417+0100] {logging_mixin.py:190} INFO - [2024-10-13T14:08:28.417+0100] {dag.py:3262} INFO - Creating ORM DAG for example_trigger_target_dag
[2024-10-13T14:08:28.417+0100] {logging_mixin.py:190} INFO - [2024-10-13T14:08:28.417+0100] {dag.py:4180} INFO - Setting next_dagrun for example_trigger_target_dag to None, run_after=None
[2024-10-13T14:08:28.422+0100] {processor.py:208} INFO - Processing /opt/homebrew/Caskroom/miniconda/base/envs/airflow_env/lib/python3.9/site-packages/airflow/example_dags/example_trigger_target_dag.py took 0.117 seconds
[2024-10-13T14:10:06.030+0100] {processor.py:186} INFO - Started process (PID=67295) to work on /opt/homebrew/Caskroom/miniconda/base/envs/airflow_env/lib/python3.9/site-packages/airflow/example_dags/example_trigger_target_dag.py
[2024-10-13T14:10:06.031+0100] {processor.py:914} INFO - Processing file /opt/homebrew/Caskroom/miniconda/base/envs/airflow_env/lib/python3.9/site-packages/airflow/example_dags/example_trigger_target_dag.py for tasks to queue
[2024-10-13T14:10:06.031+0100] {logging_mixin.py:190} INFO - [2024-10-13T14:10:06.031+0100] {dagbag.py:588} INFO - Filling up the DagBag from /opt/homebrew/Caskroom/miniconda/base/envs/airflow_env/lib/python3.9/site-packages/airflow/example_dags/example_trigger_target_dag.py
[2024-10-13T14:10:06.061+0100] {processor.py:925} INFO - DAG(s) 'example_trigger_target_dag' retrieved from /opt/homebrew/Caskroom/miniconda/base/envs/airflow_env/lib/python3.9/site-packages/airflow/example_dags/example_trigger_target_dag.py
[2024-10-13T14:10:06.093+0100] {logging_mixin.py:190} INFO - [2024-10-13T14:10:06.093+0100] {dag.py:3239} INFO - Sync 1 DAGs
[2024-10-13T14:10:06.097+0100] {logging_mixin.py:190} INFO - [2024-10-13T14:10:06.097+0100] {dag.py:4180} INFO - Setting next_dagrun for example_trigger_target_dag to None, run_after=None
[2024-10-13T14:10:06.103+0100] {processor.py:208} INFO - Processing /opt/homebrew/Caskroom/miniconda/base/envs/airflow_env/lib/python3.9/site-packages/airflow/example_dags/example_trigger_target_dag.py took 0.075 seconds
[2024-10-13T14:11:12.806+0100] {processor.py:186} INFO - Started process (PID=67362) to work on /opt/homebrew/Caskroom/miniconda/base/envs/airflow_env/lib/python3.9/site-packages/airflow/example_dags/example_trigger_target_dag.py
[2024-10-13T14:11:12.809+0100] {processor.py:914} INFO - Processing file /opt/homebrew/Caskroom/miniconda/base/envs/airflow_env/lib/python3.9/site-packages/airflow/example_dags/example_trigger_target_dag.py for tasks to queue
[2024-10-13T14:11:12.809+0100] {logging_mixin.py:190} INFO - [2024-10-13T14:11:12.809+0100] {dagbag.py:588} INFO - Filling up the DagBag from /opt/homebrew/Caskroom/miniconda/base/envs/airflow_env/lib/python3.9/site-packages/airflow/example_dags/example_trigger_target_dag.py
[2024-10-13T14:11:12.845+0100] {processor.py:925} INFO - DAG(s) 'example_trigger_target_dag' retrieved from /opt/homebrew/Caskroom/miniconda/base/envs/airflow_env/lib/python3.9/site-packages/airflow/example_dags/example_trigger_target_dag.py
[2024-10-13T14:11:12.879+0100] {logging_mixin.py:190} INFO - [2024-10-13T14:11:12.879+0100] {dag.py:3239} INFO - Sync 1 DAGs
[2024-10-13T14:11:12.883+0100] {logging_mixin.py:190} INFO - [2024-10-13T14:11:12.883+0100] {dag.py:4180} INFO - Setting next_dagrun for example_trigger_target_dag to None, run_after=None
[2024-10-13T14:11:12.889+0100] {processor.py:208} INFO - Processing /opt/homebrew/Caskroom/miniconda/base/envs/airflow_env/lib/python3.9/site-packages/airflow/example_dags/example_trigger_target_dag.py took 0.085 seconds
[2024-10-13T14:12:15.954+0100] {processor.py:186} INFO - Started process (PID=67445) to work on /opt/homebrew/Caskroom/miniconda/base/envs/airflow_env/lib/python3.9/site-packages/airflow/example_dags/example_trigger_target_dag.py
[2024-10-13T14:12:15.955+0100] {processor.py:914} INFO - Processing file /opt/homebrew/Caskroom/miniconda/base/envs/airflow_env/lib/python3.9/site-packages/airflow/example_dags/example_trigger_target_dag.py for tasks to queue
[2024-10-13T14:12:15.955+0100] {logging_mixin.py:190} INFO - [2024-10-13T14:12:15.955+0100] {dagbag.py:588} INFO - Filling up the DagBag from /opt/homebrew/Caskroom/miniconda/base/envs/airflow_env/lib/python3.9/site-packages/airflow/example_dags/example_trigger_target_dag.py
[2024-10-13T14:12:15.989+0100] {processor.py:925} INFO - DAG(s) 'example_trigger_target_dag' retrieved from /opt/homebrew/Caskroom/miniconda/base/envs/airflow_env/lib/python3.9/site-packages/airflow/example_dags/example_trigger_target_dag.py
[2024-10-13T14:12:16.025+0100] {logging_mixin.py:190} INFO - [2024-10-13T14:12:16.025+0100] {dag.py:3239} INFO - Sync 1 DAGs
[2024-10-13T14:12:16.029+0100] {logging_mixin.py:190} INFO - [2024-10-13T14:12:16.029+0100] {dag.py:4180} INFO - Setting next_dagrun for example_trigger_target_dag to None, run_after=None
[2024-10-13T14:12:16.036+0100] {processor.py:208} INFO - Processing /opt/homebrew/Caskroom/miniconda/base/envs/airflow_env/lib/python3.9/site-packages/airflow/example_dags/example_trigger_target_dag.py took 0.083 seconds
[2024-10-13T14:13:18.423+0100] {processor.py:186} INFO - Started process (PID=67527) to work on /opt/homebrew/Caskroom/miniconda/base/envs/airflow_env/lib/python3.9/site-packages/airflow/example_dags/example_trigger_target_dag.py
[2024-10-13T14:13:18.423+0100] {processor.py:914} INFO - Processing file /opt/homebrew/Caskroom/miniconda/base/envs/airflow_env/lib/python3.9/site-packages/airflow/example_dags/example_trigger_target_dag.py for tasks to queue
[2024-10-13T14:13:18.423+0100] {logging_mixin.py:190} INFO - [2024-10-13T14:13:18.423+0100] {dagbag.py:588} INFO - Filling up the DagBag from /opt/homebrew/Caskroom/miniconda/base/envs/airflow_env/lib/python3.9/site-packages/airflow/example_dags/example_trigger_target_dag.py
[2024-10-13T14:13:18.456+0100] {processor.py:925} INFO - DAG(s) 'example_trigger_target_dag' retrieved from /opt/homebrew/Caskroom/miniconda/base/envs/airflow_env/lib/python3.9/site-packages/airflow/example_dags/example_trigger_target_dag.py
[2024-10-13T14:13:18.491+0100] {logging_mixin.py:190} INFO - [2024-10-13T14:13:18.491+0100] {dag.py:3239} INFO - Sync 1 DAGs
[2024-10-13T14:13:18.495+0100] {logging_mixin.py:190} INFO - [2024-10-13T14:13:18.495+0100] {dag.py:4180} INFO - Setting next_dagrun for example_trigger_target_dag to None, run_after=None
[2024-10-13T14:13:18.502+0100] {processor.py:208} INFO - Processing /opt/homebrew/Caskroom/miniconda/base/envs/airflow_env/lib/python3.9/site-packages/airflow/example_dags/example_trigger_target_dag.py took 0.082 seconds
[2024-10-13T14:14:23.187+0100] {processor.py:186} INFO - Started process (PID=67597) to work on /opt/homebrew/Caskroom/miniconda/base/envs/airflow_env/lib/python3.9/site-packages/airflow/example_dags/example_trigger_target_dag.py
[2024-10-13T14:14:23.187+0100] {processor.py:914} INFO - Processing file /opt/homebrew/Caskroom/miniconda/base/envs/airflow_env/lib/python3.9/site-packages/airflow/example_dags/example_trigger_target_dag.py for tasks to queue
[2024-10-13T14:14:23.188+0100] {logging_mixin.py:190} INFO - [2024-10-13T14:14:23.188+0100] {dagbag.py:588} INFO - Filling up the DagBag from /opt/homebrew/Caskroom/miniconda/base/envs/airflow_env/lib/python3.9/site-packages/airflow/example_dags/example_trigger_target_dag.py
[2024-10-13T14:14:23.217+0100] {processor.py:925} INFO - DAG(s) 'example_trigger_target_dag' retrieved from /opt/homebrew/Caskroom/miniconda/base/envs/airflow_env/lib/python3.9/site-packages/airflow/example_dags/example_trigger_target_dag.py
[2024-10-13T14:14:23.249+0100] {logging_mixin.py:190} INFO - [2024-10-13T14:14:23.249+0100] {dag.py:3239} INFO - Sync 1 DAGs
[2024-10-13T14:14:23.253+0100] {logging_mixin.py:190} INFO - [2024-10-13T14:14:23.253+0100] {dag.py:4180} INFO - Setting next_dagrun for example_trigger_target_dag to None, run_after=None
[2024-10-13T14:14:23.261+0100] {processor.py:208} INFO - Processing /opt/homebrew/Caskroom/miniconda/base/envs/airflow_env/lib/python3.9/site-packages/airflow/example_dags/example_trigger_target_dag.py took 0.076 seconds
[2024-10-13T14:15:28.590+0100] {processor.py:186} INFO - Started process (PID=67653) to work on /opt/homebrew/Caskroom/miniconda/base/envs/airflow_env/lib/python3.9/site-packages/airflow/example_dags/example_trigger_target_dag.py
[2024-10-13T14:15:28.591+0100] {processor.py:914} INFO - Processing file /opt/homebrew/Caskroom/miniconda/base/envs/airflow_env/lib/python3.9/site-packages/airflow/example_dags/example_trigger_target_dag.py for tasks to queue
[2024-10-13T14:15:28.591+0100] {logging_mixin.py:190} INFO - [2024-10-13T14:15:28.591+0100] {dagbag.py:588} INFO - Filling up the DagBag from /opt/homebrew/Caskroom/miniconda/base/envs/airflow_env/lib/python3.9/site-packages/airflow/example_dags/example_trigger_target_dag.py
[2024-10-13T14:15:28.625+0100] {processor.py:925} INFO - DAG(s) 'example_trigger_target_dag' retrieved from /opt/homebrew/Caskroom/miniconda/base/envs/airflow_env/lib/python3.9/site-packages/airflow/example_dags/example_trigger_target_dag.py
[2024-10-13T14:15:28.660+0100] {logging_mixin.py:190} INFO - [2024-10-13T14:15:28.660+0100] {dag.py:3239} INFO - Sync 1 DAGs
[2024-10-13T14:15:28.664+0100] {logging_mixin.py:190} INFO - [2024-10-13T14:15:28.664+0100] {dag.py:4180} INFO - Setting next_dagrun for example_trigger_target_dag to None, run_after=None
[2024-10-13T14:15:28.671+0100] {processor.py:208} INFO - Processing /opt/homebrew/Caskroom/miniconda/base/envs/airflow_env/lib/python3.9/site-packages/airflow/example_dags/example_trigger_target_dag.py took 0.083 seconds
[2024-10-13T14:16:36.994+0100] {processor.py:186} INFO - Started process (PID=67716) to work on /opt/homebrew/Caskroom/miniconda/base/envs/airflow_env/lib/python3.9/site-packages/airflow/example_dags/example_trigger_target_dag.py
[2024-10-13T14:16:36.995+0100] {processor.py:914} INFO - Processing file /opt/homebrew/Caskroom/miniconda/base/envs/airflow_env/lib/python3.9/site-packages/airflow/example_dags/example_trigger_target_dag.py for tasks to queue
[2024-10-13T14:16:36.995+0100] {logging_mixin.py:190} INFO - [2024-10-13T14:16:36.995+0100] {dagbag.py:588} INFO - Filling up the DagBag from /opt/homebrew/Caskroom/miniconda/base/envs/airflow_env/lib/python3.9/site-packages/airflow/example_dags/example_trigger_target_dag.py
[2024-10-13T14:16:37.030+0100] {processor.py:925} INFO - DAG(s) 'example_trigger_target_dag' retrieved from /opt/homebrew/Caskroom/miniconda/base/envs/airflow_env/lib/python3.9/site-packages/airflow/example_dags/example_trigger_target_dag.py
[2024-10-13T14:16:37.073+0100] {logging_mixin.py:190} INFO - [2024-10-13T14:16:37.073+0100] {dag.py:3239} INFO - Sync 1 DAGs
[2024-10-13T14:16:37.077+0100] {logging_mixin.py:190} INFO - [2024-10-13T14:16:37.077+0100] {dag.py:4180} INFO - Setting next_dagrun for example_trigger_target_dag to None, run_after=None
[2024-10-13T14:16:37.084+0100] {processor.py:208} INFO - Processing /opt/homebrew/Caskroom/miniconda/base/envs/airflow_env/lib/python3.9/site-packages/airflow/example_dags/example_trigger_target_dag.py took 0.092 seconds
[2024-10-13T14:19:41.798+0100] {processor.py:186} INFO - Started process (PID=67779) to work on /opt/homebrew/Caskroom/miniconda/base/envs/airflow_env/lib/python3.9/site-packages/airflow/example_dags/example_trigger_target_dag.py
[2024-10-13T14:19:41.798+0100] {processor.py:914} INFO - Processing file /opt/homebrew/Caskroom/miniconda/base/envs/airflow_env/lib/python3.9/site-packages/airflow/example_dags/example_trigger_target_dag.py for tasks to queue
[2024-10-13T14:19:41.799+0100] {logging_mixin.py:190} INFO - [2024-10-13T14:19:41.799+0100] {dagbag.py:588} INFO - Filling up the DagBag from /opt/homebrew/Caskroom/miniconda/base/envs/airflow_env/lib/python3.9/site-packages/airflow/example_dags/example_trigger_target_dag.py
[2024-10-13T14:19:41.839+0100] {processor.py:925} INFO - DAG(s) 'example_trigger_target_dag' retrieved from /opt/homebrew/Caskroom/miniconda/base/envs/airflow_env/lib/python3.9/site-packages/airflow/example_dags/example_trigger_target_dag.py
[2024-10-13T14:19:41.874+0100] {logging_mixin.py:190} INFO - [2024-10-13T14:19:41.874+0100] {dag.py:3239} INFO - Sync 1 DAGs
[2024-10-13T14:19:41.878+0100] {logging_mixin.py:190} INFO - [2024-10-13T14:19:41.878+0100] {dag.py:4180} INFO - Setting next_dagrun for example_trigger_target_dag to None, run_after=None
[2024-10-13T14:19:41.885+0100] {processor.py:208} INFO - Processing /opt/homebrew/Caskroom/miniconda/base/envs/airflow_env/lib/python3.9/site-packages/airflow/example_dags/example_trigger_target_dag.py took 0.089 seconds
[2024-10-13T15:14:03.802+0100] {processor.py:186} INFO - Started process (PID=67946) to work on /opt/homebrew/Caskroom/miniconda/base/envs/airflow_env/lib/python3.9/site-packages/airflow/example_dags/example_trigger_target_dag.py
[2024-10-13T15:14:03.803+0100] {processor.py:914} INFO - Processing file /opt/homebrew/Caskroom/miniconda/base/envs/airflow_env/lib/python3.9/site-packages/airflow/example_dags/example_trigger_target_dag.py for tasks to queue
[2024-10-13T15:14:03.803+0100] {logging_mixin.py:190} INFO - [2024-10-13T15:14:03.803+0100] {dagbag.py:588} INFO - Filling up the DagBag from /opt/homebrew/Caskroom/miniconda/base/envs/airflow_env/lib/python3.9/site-packages/airflow/example_dags/example_trigger_target_dag.py
[2024-10-13T15:14:03.837+0100] {processor.py:925} INFO - DAG(s) 'example_trigger_target_dag' retrieved from /opt/homebrew/Caskroom/miniconda/base/envs/airflow_env/lib/python3.9/site-packages/airflow/example_dags/example_trigger_target_dag.py
[2024-10-13T15:14:03.872+0100] {logging_mixin.py:190} INFO - [2024-10-13T15:14:03.872+0100] {dag.py:3239} INFO - Sync 1 DAGs
[2024-10-13T15:14:03.876+0100] {logging_mixin.py:190} INFO - [2024-10-13T15:14:03.876+0100] {dag.py:4180} INFO - Setting next_dagrun for example_trigger_target_dag to None, run_after=None
[2024-10-13T15:14:03.882+0100] {processor.py:208} INFO - Processing /opt/homebrew/Caskroom/miniconda/base/envs/airflow_env/lib/python3.9/site-packages/airflow/example_dags/example_trigger_target_dag.py took 0.082 seconds
[2024-10-13T15:15:18.435+0100] {processor.py:186} INFO - Started process (PID=68036) to work on /opt/homebrew/Caskroom/miniconda/base/envs/airflow_env/lib/python3.9/site-packages/airflow/example_dags/example_trigger_target_dag.py
[2024-10-13T15:15:18.435+0100] {processor.py:914} INFO - Processing file /opt/homebrew/Caskroom/miniconda/base/envs/airflow_env/lib/python3.9/site-packages/airflow/example_dags/example_trigger_target_dag.py for tasks to queue
[2024-10-13T15:15:18.435+0100] {logging_mixin.py:190} INFO - [2024-10-13T15:15:18.435+0100] {dagbag.py:588} INFO - Filling up the DagBag from /opt/homebrew/Caskroom/miniconda/base/envs/airflow_env/lib/python3.9/site-packages/airflow/example_dags/example_trigger_target_dag.py
[2024-10-13T15:15:18.465+0100] {processor.py:925} INFO - DAG(s) 'example_trigger_target_dag' retrieved from /opt/homebrew/Caskroom/miniconda/base/envs/airflow_env/lib/python3.9/site-packages/airflow/example_dags/example_trigger_target_dag.py
[2024-10-13T15:15:18.498+0100] {logging_mixin.py:190} INFO - [2024-10-13T15:15:18.498+0100] {dag.py:3239} INFO - Sync 1 DAGs
[2024-10-13T15:15:18.502+0100] {logging_mixin.py:190} INFO - [2024-10-13T15:15:18.502+0100] {dag.py:4180} INFO - Setting next_dagrun for example_trigger_target_dag to None, run_after=None
[2024-10-13T15:15:18.508+0100] {processor.py:208} INFO - Processing /opt/homebrew/Caskroom/miniconda/base/envs/airflow_env/lib/python3.9/site-packages/airflow/example_dags/example_trigger_target_dag.py took 0.075 seconds
[2024-10-13T15:16:24.623+0100] {processor.py:186} INFO - Started process (PID=68088) to work on /opt/homebrew/Caskroom/miniconda/base/envs/airflow_env/lib/python3.9/site-packages/airflow/example_dags/example_trigger_target_dag.py
[2024-10-13T15:16:24.624+0100] {processor.py:914} INFO - Processing file /opt/homebrew/Caskroom/miniconda/base/envs/airflow_env/lib/python3.9/site-packages/airflow/example_dags/example_trigger_target_dag.py for tasks to queue
[2024-10-13T15:16:24.624+0100] {logging_mixin.py:190} INFO - [2024-10-13T15:16:24.624+0100] {dagbag.py:588} INFO - Filling up the DagBag from /opt/homebrew/Caskroom/miniconda/base/envs/airflow_env/lib/python3.9/site-packages/airflow/example_dags/example_trigger_target_dag.py
[2024-10-13T15:16:24.656+0100] {processor.py:925} INFO - DAG(s) 'example_trigger_target_dag' retrieved from /opt/homebrew/Caskroom/miniconda/base/envs/airflow_env/lib/python3.9/site-packages/airflow/example_dags/example_trigger_target_dag.py
[2024-10-13T15:16:24.687+0100] {logging_mixin.py:190} INFO - [2024-10-13T15:16:24.687+0100] {dag.py:3239} INFO - Sync 1 DAGs
[2024-10-13T15:16:24.691+0100] {logging_mixin.py:190} INFO - [2024-10-13T15:16:24.691+0100] {dag.py:4180} INFO - Setting next_dagrun for example_trigger_target_dag to None, run_after=None
[2024-10-13T15:16:24.697+0100] {processor.py:208} INFO - Processing /opt/homebrew/Caskroom/miniconda/base/envs/airflow_env/lib/python3.9/site-packages/airflow/example_dags/example_trigger_target_dag.py took 0.075 seconds
[2024-10-13T15:17:28.975+0100] {processor.py:186} INFO - Started process (PID=68151) to work on /opt/homebrew/Caskroom/miniconda/base/envs/airflow_env/lib/python3.9/site-packages/airflow/example_dags/example_trigger_target_dag.py
[2024-10-13T15:17:28.976+0100] {processor.py:914} INFO - Processing file /opt/homebrew/Caskroom/miniconda/base/envs/airflow_env/lib/python3.9/site-packages/airflow/example_dags/example_trigger_target_dag.py for tasks to queue
[2024-10-13T15:17:28.976+0100] {logging_mixin.py:190} INFO - [2024-10-13T15:17:28.976+0100] {dagbag.py:588} INFO - Filling up the DagBag from /opt/homebrew/Caskroom/miniconda/base/envs/airflow_env/lib/python3.9/site-packages/airflow/example_dags/example_trigger_target_dag.py
[2024-10-13T15:17:29.008+0100] {processor.py:925} INFO - DAG(s) 'example_trigger_target_dag' retrieved from /opt/homebrew/Caskroom/miniconda/base/envs/airflow_env/lib/python3.9/site-packages/airflow/example_dags/example_trigger_target_dag.py
[2024-10-13T15:17:29.042+0100] {logging_mixin.py:190} INFO - [2024-10-13T15:17:29.042+0100] {dag.py:3239} INFO - Sync 1 DAGs
[2024-10-13T15:17:29.046+0100] {logging_mixin.py:190} INFO - [2024-10-13T15:17:29.046+0100] {dag.py:4180} INFO - Setting next_dagrun for example_trigger_target_dag to None, run_after=None
[2024-10-13T15:17:29.052+0100] {processor.py:208} INFO - Processing /opt/homebrew/Caskroom/miniconda/base/envs/airflow_env/lib/python3.9/site-packages/airflow/example_dags/example_trigger_target_dag.py took 0.079 seconds
[2024-10-13T15:18:36.349+0100] {processor.py:186} INFO - Started process (PID=68214) to work on /opt/homebrew/Caskroom/miniconda/base/envs/airflow_env/lib/python3.9/site-packages/airflow/example_dags/example_trigger_target_dag.py
[2024-10-13T15:18:36.349+0100] {processor.py:914} INFO - Processing file /opt/homebrew/Caskroom/miniconda/base/envs/airflow_env/lib/python3.9/site-packages/airflow/example_dags/example_trigger_target_dag.py for tasks to queue
[2024-10-13T15:18:36.350+0100] {logging_mixin.py:190} INFO - [2024-10-13T15:18:36.350+0100] {dagbag.py:588} INFO - Filling up the DagBag from /opt/homebrew/Caskroom/miniconda/base/envs/airflow_env/lib/python3.9/site-packages/airflow/example_dags/example_trigger_target_dag.py
[2024-10-13T15:18:36.380+0100] {processor.py:925} INFO - DAG(s) 'example_trigger_target_dag' retrieved from /opt/homebrew/Caskroom/miniconda/base/envs/airflow_env/lib/python3.9/site-packages/airflow/example_dags/example_trigger_target_dag.py
[2024-10-13T15:18:36.413+0100] {logging_mixin.py:190} INFO - [2024-10-13T15:18:36.413+0100] {dag.py:3239} INFO - Sync 1 DAGs
[2024-10-13T15:18:36.417+0100] {logging_mixin.py:190} INFO - [2024-10-13T15:18:36.416+0100] {dag.py:4180} INFO - Setting next_dagrun for example_trigger_target_dag to None, run_after=None
[2024-10-13T15:18:36.423+0100] {processor.py:208} INFO - Processing /opt/homebrew/Caskroom/miniconda/base/envs/airflow_env/lib/python3.9/site-packages/airflow/example_dags/example_trigger_target_dag.py took 0.076 seconds
[2024-10-13T15:19:43.367+0100] {processor.py:186} INFO - Started process (PID=68293) to work on /opt/homebrew/Caskroom/miniconda/base/envs/airflow_env/lib/python3.9/site-packages/airflow/example_dags/example_trigger_target_dag.py
[2024-10-13T15:19:43.367+0100] {processor.py:914} INFO - Processing file /opt/homebrew/Caskroom/miniconda/base/envs/airflow_env/lib/python3.9/site-packages/airflow/example_dags/example_trigger_target_dag.py for tasks to queue
[2024-10-13T15:19:43.368+0100] {logging_mixin.py:190} INFO - [2024-10-13T15:19:43.368+0100] {dagbag.py:588} INFO - Filling up the DagBag from /opt/homebrew/Caskroom/miniconda/base/envs/airflow_env/lib/python3.9/site-packages/airflow/example_dags/example_trigger_target_dag.py
[2024-10-13T15:19:43.398+0100] {processor.py:925} INFO - DAG(s) 'example_trigger_target_dag' retrieved from /opt/homebrew/Caskroom/miniconda/base/envs/airflow_env/lib/python3.9/site-packages/airflow/example_dags/example_trigger_target_dag.py
[2024-10-13T15:19:43.430+0100] {logging_mixin.py:190} INFO - [2024-10-13T15:19:43.430+0100] {dag.py:3239} INFO - Sync 1 DAGs
[2024-10-13T15:19:43.434+0100] {logging_mixin.py:190} INFO - [2024-10-13T15:19:43.434+0100] {dag.py:4180} INFO - Setting next_dagrun for example_trigger_target_dag to None, run_after=None
[2024-10-13T15:19:43.440+0100] {processor.py:208} INFO - Processing /opt/homebrew/Caskroom/miniconda/base/envs/airflow_env/lib/python3.9/site-packages/airflow/example_dags/example_trigger_target_dag.py took 0.075 seconds
[2024-10-13T15:20:49.442+0100] {processor.py:186} INFO - Started process (PID=68358) to work on /opt/homebrew/Caskroom/miniconda/base/envs/airflow_env/lib/python3.9/site-packages/airflow/example_dags/example_trigger_target_dag.py
[2024-10-13T15:20:49.443+0100] {processor.py:914} INFO - Processing file /opt/homebrew/Caskroom/miniconda/base/envs/airflow_env/lib/python3.9/site-packages/airflow/example_dags/example_trigger_target_dag.py for tasks to queue
[2024-10-13T15:20:49.443+0100] {logging_mixin.py:190} INFO - [2024-10-13T15:20:49.443+0100] {dagbag.py:588} INFO - Filling up the DagBag from /opt/homebrew/Caskroom/miniconda/base/envs/airflow_env/lib/python3.9/site-packages/airflow/example_dags/example_trigger_target_dag.py
[2024-10-13T15:20:49.478+0100] {processor.py:925} INFO - DAG(s) 'example_trigger_target_dag' retrieved from /opt/homebrew/Caskroom/miniconda/base/envs/airflow_env/lib/python3.9/site-packages/airflow/example_dags/example_trigger_target_dag.py
[2024-10-13T15:20:49.515+0100] {logging_mixin.py:190} INFO - [2024-10-13T15:20:49.515+0100] {dag.py:3239} INFO - Sync 1 DAGs
[2024-10-13T15:20:49.519+0100] {logging_mixin.py:190} INFO - [2024-10-13T15:20:49.519+0100] {dag.py:4180} INFO - Setting next_dagrun for example_trigger_target_dag to None, run_after=None
[2024-10-13T15:20:49.526+0100] {processor.py:208} INFO - Processing /opt/homebrew/Caskroom/miniconda/base/envs/airflow_env/lib/python3.9/site-packages/airflow/example_dags/example_trigger_target_dag.py took 0.086 seconds
[2024-10-13T15:21:54.141+0100] {processor.py:186} INFO - Started process (PID=68444) to work on /opt/homebrew/Caskroom/miniconda/base/envs/airflow_env/lib/python3.9/site-packages/airflow/example_dags/example_trigger_target_dag.py
[2024-10-13T15:21:54.142+0100] {processor.py:914} INFO - Processing file /opt/homebrew/Caskroom/miniconda/base/envs/airflow_env/lib/python3.9/site-packages/airflow/example_dags/example_trigger_target_dag.py for tasks to queue
[2024-10-13T15:21:54.142+0100] {logging_mixin.py:190} INFO - [2024-10-13T15:21:54.142+0100] {dagbag.py:588} INFO - Filling up the DagBag from /opt/homebrew/Caskroom/miniconda/base/envs/airflow_env/lib/python3.9/site-packages/airflow/example_dags/example_trigger_target_dag.py
[2024-10-13T15:21:54.173+0100] {processor.py:925} INFO - DAG(s) 'example_trigger_target_dag' retrieved from /opt/homebrew/Caskroom/miniconda/base/envs/airflow_env/lib/python3.9/site-packages/airflow/example_dags/example_trigger_target_dag.py
[2024-10-13T15:21:54.205+0100] {logging_mixin.py:190} INFO - [2024-10-13T15:21:54.205+0100] {dag.py:3239} INFO - Sync 1 DAGs
[2024-10-13T15:21:54.209+0100] {logging_mixin.py:190} INFO - [2024-10-13T15:21:54.209+0100] {dag.py:4180} INFO - Setting next_dagrun for example_trigger_target_dag to None, run_after=None
[2024-10-13T15:21:54.216+0100] {processor.py:208} INFO - Processing /opt/homebrew/Caskroom/miniconda/base/envs/airflow_env/lib/python3.9/site-packages/airflow/example_dags/example_trigger_target_dag.py took 0.076 seconds
[2024-10-13T15:22:55.854+0100] {processor.py:186} INFO - Started process (PID=68565) to work on /opt/homebrew/Caskroom/miniconda/base/envs/airflow_env/lib/python3.9/site-packages/airflow/example_dags/example_trigger_target_dag.py
[2024-10-13T15:22:55.855+0100] {processor.py:914} INFO - Processing file /opt/homebrew/Caskroom/miniconda/base/envs/airflow_env/lib/python3.9/site-packages/airflow/example_dags/example_trigger_target_dag.py for tasks to queue
[2024-10-13T15:22:55.855+0100] {logging_mixin.py:190} INFO - [2024-10-13T15:22:55.855+0100] {dagbag.py:588} INFO - Filling up the DagBag from /opt/homebrew/Caskroom/miniconda/base/envs/airflow_env/lib/python3.9/site-packages/airflow/example_dags/example_trigger_target_dag.py
[2024-10-13T15:22:55.888+0100] {processor.py:925} INFO - DAG(s) 'example_trigger_target_dag' retrieved from /opt/homebrew/Caskroom/miniconda/base/envs/airflow_env/lib/python3.9/site-packages/airflow/example_dags/example_trigger_target_dag.py
[2024-10-13T15:22:55.923+0100] {logging_mixin.py:190} INFO - [2024-10-13T15:22:55.923+0100] {dag.py:3239} INFO - Sync 1 DAGs
[2024-10-13T15:22:55.927+0100] {logging_mixin.py:190} INFO - [2024-10-13T15:22:55.927+0100] {dag.py:4180} INFO - Setting next_dagrun for example_trigger_target_dag to None, run_after=None
[2024-10-13T15:22:55.934+0100] {processor.py:208} INFO - Processing /opt/homebrew/Caskroom/miniconda/base/envs/airflow_env/lib/python3.9/site-packages/airflow/example_dags/example_trigger_target_dag.py took 0.082 seconds
[2024-10-13T15:23:58.140+0100] {processor.py:186} INFO - Started process (PID=68619) to work on /opt/homebrew/Caskroom/miniconda/base/envs/airflow_env/lib/python3.9/site-packages/airflow/example_dags/example_trigger_target_dag.py
[2024-10-13T15:23:58.141+0100] {processor.py:914} INFO - Processing file /opt/homebrew/Caskroom/miniconda/base/envs/airflow_env/lib/python3.9/site-packages/airflow/example_dags/example_trigger_target_dag.py for tasks to queue
[2024-10-13T15:23:58.141+0100] {logging_mixin.py:190} INFO - [2024-10-13T15:23:58.141+0100] {dagbag.py:588} INFO - Filling up the DagBag from /opt/homebrew/Caskroom/miniconda/base/envs/airflow_env/lib/python3.9/site-packages/airflow/example_dags/example_trigger_target_dag.py
[2024-10-13T15:23:58.174+0100] {processor.py:925} INFO - DAG(s) 'example_trigger_target_dag' retrieved from /opt/homebrew/Caskroom/miniconda/base/envs/airflow_env/lib/python3.9/site-packages/airflow/example_dags/example_trigger_target_dag.py
[2024-10-13T15:23:58.206+0100] {logging_mixin.py:190} INFO - [2024-10-13T15:23:58.206+0100] {dag.py:3239} INFO - Sync 1 DAGs
[2024-10-13T15:23:58.210+0100] {logging_mixin.py:190} INFO - [2024-10-13T15:23:58.210+0100] {dag.py:4180} INFO - Setting next_dagrun for example_trigger_target_dag to None, run_after=None
[2024-10-13T15:23:58.216+0100] {processor.py:208} INFO - Processing /opt/homebrew/Caskroom/miniconda/base/envs/airflow_env/lib/python3.9/site-packages/airflow/example_dags/example_trigger_target_dag.py took 0.078 seconds
[2024-10-13T15:25:06.014+0100] {processor.py:186} INFO - Started process (PID=68683) to work on /opt/homebrew/Caskroom/miniconda/base/envs/airflow_env/lib/python3.9/site-packages/airflow/example_dags/example_trigger_target_dag.py
[2024-10-13T15:25:06.014+0100] {processor.py:914} INFO - Processing file /opt/homebrew/Caskroom/miniconda/base/envs/airflow_env/lib/python3.9/site-packages/airflow/example_dags/example_trigger_target_dag.py for tasks to queue
[2024-10-13T15:25:06.015+0100] {logging_mixin.py:190} INFO - [2024-10-13T15:25:06.014+0100] {dagbag.py:588} INFO - Filling up the DagBag from /opt/homebrew/Caskroom/miniconda/base/envs/airflow_env/lib/python3.9/site-packages/airflow/example_dags/example_trigger_target_dag.py
[2024-10-13T15:25:06.049+0100] {processor.py:925} INFO - DAG(s) 'example_trigger_target_dag' retrieved from /opt/homebrew/Caskroom/miniconda/base/envs/airflow_env/lib/python3.9/site-packages/airflow/example_dags/example_trigger_target_dag.py
[2024-10-13T15:25:06.087+0100] {logging_mixin.py:190} INFO - [2024-10-13T15:25:06.087+0100] {dag.py:3239} INFO - Sync 1 DAGs
[2024-10-13T15:25:06.091+0100] {logging_mixin.py:190} INFO - [2024-10-13T15:25:06.091+0100] {dag.py:4180} INFO - Setting next_dagrun for example_trigger_target_dag to None, run_after=None
[2024-10-13T15:25:06.099+0100] {processor.py:208} INFO - Processing /opt/homebrew/Caskroom/miniconda/base/envs/airflow_env/lib/python3.9/site-packages/airflow/example_dags/example_trigger_target_dag.py took 0.087 seconds
[2024-10-13T15:26:09.002+0100] {processor.py:186} INFO - Started process (PID=68793) to work on /opt/homebrew/Caskroom/miniconda/base/envs/airflow_env/lib/python3.9/site-packages/airflow/example_dags/example_trigger_target_dag.py
[2024-10-13T15:26:09.003+0100] {processor.py:914} INFO - Processing file /opt/homebrew/Caskroom/miniconda/base/envs/airflow_env/lib/python3.9/site-packages/airflow/example_dags/example_trigger_target_dag.py for tasks to queue
[2024-10-13T15:26:09.003+0100] {logging_mixin.py:190} INFO - [2024-10-13T15:26:09.003+0100] {dagbag.py:588} INFO - Filling up the DagBag from /opt/homebrew/Caskroom/miniconda/base/envs/airflow_env/lib/python3.9/site-packages/airflow/example_dags/example_trigger_target_dag.py
[2024-10-13T15:26:09.033+0100] {processor.py:925} INFO - DAG(s) 'example_trigger_target_dag' retrieved from /opt/homebrew/Caskroom/miniconda/base/envs/airflow_env/lib/python3.9/site-packages/airflow/example_dags/example_trigger_target_dag.py
[2024-10-13T15:26:09.067+0100] {logging_mixin.py:190} INFO - [2024-10-13T15:26:09.067+0100] {dag.py:3239} INFO - Sync 1 DAGs
[2024-10-13T15:26:09.071+0100] {logging_mixin.py:190} INFO - [2024-10-13T15:26:09.071+0100] {dag.py:4180} INFO - Setting next_dagrun for example_trigger_target_dag to None, run_after=None
[2024-10-13T15:26:09.077+0100] {processor.py:208} INFO - Processing /opt/homebrew/Caskroom/miniconda/base/envs/airflow_env/lib/python3.9/site-packages/airflow/example_dags/example_trigger_target_dag.py took 0.076 seconds
