[2024-10-13T14:08:52.687+0100] {processor.py:186} INFO - Started process (PID=67213) to work on /opt/homebrew/Caskroom/miniconda/base/envs/airflow_env/lib/python3.9/site-packages/airflow/example_dags/example_python_operator.py
[2024-10-13T14:08:52.687+0100] {processor.py:914} INFO - Processing file /opt/homebrew/Caskroom/miniconda/base/envs/airflow_env/lib/python3.9/site-packages/airflow/example_dags/example_python_operator.py for tasks to queue
[2024-10-13T14:08:52.687+0100] {logging_mixin.py:190} INFO - [2024-10-13T14:08:52.687+0100] {dagbag.py:588} INFO - Filling up the DagBag from /opt/homebrew/Caskroom/miniconda/base/envs/airflow_env/lib/python3.9/site-packages/airflow/example_dags/example_python_operator.py
[2024-10-13T14:08:52.714+0100] {logging_mixin.py:190} INFO - [2024-10-13T14:08:52.714+0100] {example_python_operator.py:93} WARNING - The virtalenv_python example task requires virtualenv, please install it.
[2024-10-13T14:08:52.715+0100] {processor.py:925} INFO - DAG(s) 'example_python_operator' retrieved from /opt/homebrew/Caskroom/miniconda/base/envs/airflow_env/lib/python3.9/site-packages/airflow/example_dags/example_python_operator.py
[2024-10-13T14:08:52.779+0100] {logging_mixin.py:190} INFO - [2024-10-13T14:08:52.778+0100] {override.py:1901} INFO - Created Permission View: can delete on DAG:example_python_operator
[2024-10-13T14:08:52.782+0100] {logging_mixin.py:190} INFO - [2024-10-13T14:08:52.782+0100] {override.py:1901} INFO - Created Permission View: can read on DAG:example_python_operator
[2024-10-13T14:08:52.784+0100] {logging_mixin.py:190} INFO - [2024-10-13T14:08:52.784+0100] {override.py:1901} INFO - Created Permission View: can edit on DAG:example_python_operator
[2024-10-13T14:08:52.787+0100] {logging_mixin.py:190} INFO - [2024-10-13T14:08:52.787+0100] {override.py:1901} INFO - Created Permission View: menu access on DAG Run:example_python_operator
[2024-10-13T14:08:52.790+0100] {logging_mixin.py:190} INFO - [2024-10-13T14:08:52.790+0100] {override.py:1901} INFO - Created Permission View: can delete on DAG Run:example_python_operator
[2024-10-13T14:08:52.792+0100] {logging_mixin.py:190} INFO - [2024-10-13T14:08:52.792+0100] {override.py:1901} INFO - Created Permission View: can read on DAG Run:example_python_operator
[2024-10-13T14:08:52.794+0100] {logging_mixin.py:190} INFO - [2024-10-13T14:08:52.794+0100] {override.py:1901} INFO - Created Permission View: can create on DAG Run:example_python_operator
[2024-10-13T14:08:52.795+0100] {logging_mixin.py:190} INFO - [2024-10-13T14:08:52.794+0100] {dag.py:3239} INFO - Sync 1 DAGs
[2024-10-13T14:08:52.799+0100] {logging_mixin.py:190} INFO - [2024-10-13T14:08:52.798+0100] {dag.py:3262} INFO - Creating ORM DAG for example_python_operator
[2024-10-13T14:08:52.799+0100] {logging_mixin.py:190} INFO - [2024-10-13T14:08:52.799+0100] {dag.py:4180} INFO - Setting next_dagrun for example_python_operator to None, run_after=None
[2024-10-13T14:08:52.806+0100] {processor.py:208} INFO - Processing /opt/homebrew/Caskroom/miniconda/base/envs/airflow_env/lib/python3.9/site-packages/airflow/example_dags/example_python_operator.py took 0.121 seconds
[2024-10-13T14:10:30.835+0100] {processor.py:186} INFO - Started process (PID=67317) to work on /opt/homebrew/Caskroom/miniconda/base/envs/airflow_env/lib/python3.9/site-packages/airflow/example_dags/example_python_operator.py
[2024-10-13T14:10:30.838+0100] {processor.py:914} INFO - Processing file /opt/homebrew/Caskroom/miniconda/base/envs/airflow_env/lib/python3.9/site-packages/airflow/example_dags/example_python_operator.py for tasks to queue
[2024-10-13T14:10:30.839+0100] {logging_mixin.py:190} INFO - [2024-10-13T14:10:30.839+0100] {dagbag.py:588} INFO - Filling up the DagBag from /opt/homebrew/Caskroom/miniconda/base/envs/airflow_env/lib/python3.9/site-packages/airflow/example_dags/example_python_operator.py
[2024-10-13T14:10:30.863+0100] {logging_mixin.py:190} INFO - [2024-10-13T14:10:30.863+0100] {example_python_operator.py:93} WARNING - The virtalenv_python example task requires virtualenv, please install it.
[2024-10-13T14:10:30.864+0100] {processor.py:925} INFO - DAG(s) 'example_python_operator' retrieved from /opt/homebrew/Caskroom/miniconda/base/envs/airflow_env/lib/python3.9/site-packages/airflow/example_dags/example_python_operator.py
[2024-10-13T14:10:30.897+0100] {logging_mixin.py:190} INFO - [2024-10-13T14:10:30.897+0100] {dag.py:3239} INFO - Sync 1 DAGs
[2024-10-13T14:10:30.900+0100] {logging_mixin.py:190} INFO - [2024-10-13T14:10:30.900+0100] {dag.py:4180} INFO - Setting next_dagrun for example_python_operator to None, run_after=None
[2024-10-13T14:10:30.907+0100] {processor.py:208} INFO - Processing /opt/homebrew/Caskroom/miniconda/base/envs/airflow_env/lib/python3.9/site-packages/airflow/example_dags/example_python_operator.py took 0.073 seconds
[2024-10-13T14:12:37.168+0100] {processor.py:186} INFO - Started process (PID=67461) to work on /opt/homebrew/Caskroom/miniconda/base/envs/airflow_env/lib/python3.9/site-packages/airflow/example_dags/example_python_operator.py
[2024-10-13T14:12:37.170+0100] {processor.py:914} INFO - Processing file /opt/homebrew/Caskroom/miniconda/base/envs/airflow_env/lib/python3.9/site-packages/airflow/example_dags/example_python_operator.py for tasks to queue
[2024-10-13T14:12:37.170+0100] {logging_mixin.py:190} INFO - [2024-10-13T14:12:37.170+0100] {dagbag.py:588} INFO - Filling up the DagBag from /opt/homebrew/Caskroom/miniconda/base/envs/airflow_env/lib/python3.9/site-packages/airflow/example_dags/example_python_operator.py
[2024-10-13T14:12:37.196+0100] {logging_mixin.py:190} INFO - [2024-10-13T14:12:37.196+0100] {example_python_operator.py:93} WARNING - The virtalenv_python example task requires virtualenv, please install it.
[2024-10-13T14:12:37.198+0100] {processor.py:925} INFO - DAG(s) 'example_python_operator' retrieved from /opt/homebrew/Caskroom/miniconda/base/envs/airflow_env/lib/python3.9/site-packages/airflow/example_dags/example_python_operator.py
[2024-10-13T14:12:37.231+0100] {logging_mixin.py:190} INFO - [2024-10-13T14:12:37.231+0100] {dag.py:3239} INFO - Sync 1 DAGs
[2024-10-13T14:12:37.235+0100] {logging_mixin.py:190} INFO - [2024-10-13T14:12:37.235+0100] {dag.py:4180} INFO - Setting next_dagrun for example_python_operator to None, run_after=None
[2024-10-13T14:12:37.241+0100] {processor.py:208} INFO - Processing /opt/homebrew/Caskroom/miniconda/base/envs/airflow_env/lib/python3.9/site-packages/airflow/example_dags/example_python_operator.py took 0.074 seconds
[2024-10-13T14:14:46.164+0100] {processor.py:186} INFO - Started process (PID=67614) to work on /opt/homebrew/Caskroom/miniconda/base/envs/airflow_env/lib/python3.9/site-packages/airflow/example_dags/example_python_operator.py
[2024-10-13T14:14:46.164+0100] {processor.py:914} INFO - Processing file /opt/homebrew/Caskroom/miniconda/base/envs/airflow_env/lib/python3.9/site-packages/airflow/example_dags/example_python_operator.py for tasks to queue
[2024-10-13T14:14:46.165+0100] {logging_mixin.py:190} INFO - [2024-10-13T14:14:46.165+0100] {dagbag.py:588} INFO - Filling up the DagBag from /opt/homebrew/Caskroom/miniconda/base/envs/airflow_env/lib/python3.9/site-packages/airflow/example_dags/example_python_operator.py
[2024-10-13T14:14:46.190+0100] {logging_mixin.py:190} INFO - [2024-10-13T14:14:46.190+0100] {example_python_operator.py:93} WARNING - The virtalenv_python example task requires virtualenv, please install it.
[2024-10-13T14:14:46.191+0100] {processor.py:925} INFO - DAG(s) 'example_python_operator' retrieved from /opt/homebrew/Caskroom/miniconda/base/envs/airflow_env/lib/python3.9/site-packages/airflow/example_dags/example_python_operator.py
[2024-10-13T14:14:46.224+0100] {logging_mixin.py:190} INFO - [2024-10-13T14:14:46.223+0100] {dag.py:3239} INFO - Sync 1 DAGs
[2024-10-13T14:14:46.227+0100] {logging_mixin.py:190} INFO - [2024-10-13T14:14:46.227+0100] {dag.py:4180} INFO - Setting next_dagrun for example_python_operator to None, run_after=None
[2024-10-13T14:14:46.234+0100] {processor.py:208} INFO - Processing /opt/homebrew/Caskroom/miniconda/base/envs/airflow_env/lib/python3.9/site-packages/airflow/example_dags/example_python_operator.py took 0.072 seconds
[2024-10-13T14:18:09.248+0100] {processor.py:186} INFO - Started process (PID=67743) to work on /opt/homebrew/Caskroom/miniconda/base/envs/airflow_env/lib/python3.9/site-packages/airflow/example_dags/example_python_operator.py
[2024-10-13T14:18:09.249+0100] {processor.py:914} INFO - Processing file /opt/homebrew/Caskroom/miniconda/base/envs/airflow_env/lib/python3.9/site-packages/airflow/example_dags/example_python_operator.py for tasks to queue
[2024-10-13T14:18:09.249+0100] {logging_mixin.py:190} INFO - [2024-10-13T14:18:09.249+0100] {dagbag.py:588} INFO - Filling up the DagBag from /opt/homebrew/Caskroom/miniconda/base/envs/airflow_env/lib/python3.9/site-packages/airflow/example_dags/example_python_operator.py
[2024-10-13T14:18:09.274+0100] {logging_mixin.py:190} INFO - [2024-10-13T14:18:09.274+0100] {example_python_operator.py:93} WARNING - The virtalenv_python example task requires virtualenv, please install it.
[2024-10-13T14:18:09.275+0100] {processor.py:925} INFO - DAG(s) 'example_python_operator' retrieved from /opt/homebrew/Caskroom/miniconda/base/envs/airflow_env/lib/python3.9/site-packages/airflow/example_dags/example_python_operator.py
[2024-10-13T14:18:09.307+0100] {logging_mixin.py:190} INFO - [2024-10-13T14:18:09.307+0100] {dag.py:3239} INFO - Sync 1 DAGs
[2024-10-13T14:18:09.310+0100] {logging_mixin.py:190} INFO - [2024-10-13T14:18:09.310+0100] {dag.py:4180} INFO - Setting next_dagrun for example_python_operator to None, run_after=None
[2024-10-13T14:18:09.316+0100] {processor.py:208} INFO - Processing /opt/homebrew/Caskroom/miniconda/base/envs/airflow_env/lib/python3.9/site-packages/airflow/example_dags/example_python_operator.py took 0.070 seconds
[2024-10-13T15:14:26.072+0100] {processor.py:186} INFO - Started process (PID=67981) to work on /opt/homebrew/Caskroom/miniconda/base/envs/airflow_env/lib/python3.9/site-packages/airflow/example_dags/example_python_operator.py
[2024-10-13T15:14:26.072+0100] {processor.py:914} INFO - Processing file /opt/homebrew/Caskroom/miniconda/base/envs/airflow_env/lib/python3.9/site-packages/airflow/example_dags/example_python_operator.py for tasks to queue
[2024-10-13T15:14:26.073+0100] {logging_mixin.py:190} INFO - [2024-10-13T15:14:26.072+0100] {dagbag.py:588} INFO - Filling up the DagBag from /opt/homebrew/Caskroom/miniconda/base/envs/airflow_env/lib/python3.9/site-packages/airflow/example_dags/example_python_operator.py
[2024-10-13T15:14:26.101+0100] {logging_mixin.py:190} INFO - [2024-10-13T15:14:26.101+0100] {example_python_operator.py:93} WARNING - The virtalenv_python example task requires virtualenv, please install it.
[2024-10-13T15:14:26.102+0100] {processor.py:925} INFO - DAG(s) 'example_python_operator' retrieved from /opt/homebrew/Caskroom/miniconda/base/envs/airflow_env/lib/python3.9/site-packages/airflow/example_dags/example_python_operator.py
[2024-10-13T15:14:26.136+0100] {logging_mixin.py:190} INFO - [2024-10-13T15:14:26.136+0100] {dag.py:3239} INFO - Sync 1 DAGs
[2024-10-13T15:14:26.140+0100] {logging_mixin.py:190} INFO - [2024-10-13T15:14:26.140+0100] {dag.py:4180} INFO - Setting next_dagrun for example_python_operator to None, run_after=None
[2024-10-13T15:14:26.146+0100] {processor.py:208} INFO - Processing /opt/homebrew/Caskroom/miniconda/base/envs/airflow_env/lib/python3.9/site-packages/airflow/example_dags/example_python_operator.py took 0.076 seconds
[2024-10-13T15:16:37.522+0100] {processor.py:186} INFO - Started process (PID=68103) to work on /opt/homebrew/Caskroom/miniconda/base/envs/airflow_env/lib/python3.9/site-packages/airflow/example_dags/example_python_operator.py
[2024-10-13T15:16:37.523+0100] {processor.py:914} INFO - Processing file /opt/homebrew/Caskroom/miniconda/base/envs/airflow_env/lib/python3.9/site-packages/airflow/example_dags/example_python_operator.py for tasks to queue
[2024-10-13T15:16:37.523+0100] {logging_mixin.py:190} INFO - [2024-10-13T15:16:37.523+0100] {dagbag.py:588} INFO - Filling up the DagBag from /opt/homebrew/Caskroom/miniconda/base/envs/airflow_env/lib/python3.9/site-packages/airflow/example_dags/example_python_operator.py
[2024-10-13T15:16:37.550+0100] {logging_mixin.py:190} INFO - [2024-10-13T15:16:37.550+0100] {example_python_operator.py:93} WARNING - The virtalenv_python example task requires virtualenv, please install it.
[2024-10-13T15:16:37.552+0100] {processor.py:925} INFO - DAG(s) 'example_python_operator' retrieved from /opt/homebrew/Caskroom/miniconda/base/envs/airflow_env/lib/python3.9/site-packages/airflow/example_dags/example_python_operator.py
[2024-10-13T15:16:37.584+0100] {logging_mixin.py:190} INFO - [2024-10-13T15:16:37.584+0100] {dag.py:3239} INFO - Sync 1 DAGs
[2024-10-13T15:16:37.588+0100] {logging_mixin.py:190} INFO - [2024-10-13T15:16:37.588+0100] {dag.py:4180} INFO - Setting next_dagrun for example_python_operator to None, run_after=None
[2024-10-13T15:16:37.594+0100] {processor.py:208} INFO - Processing /opt/homebrew/Caskroom/miniconda/base/envs/airflow_env/lib/python3.9/site-packages/airflow/example_dags/example_python_operator.py took 0.074 seconds
[2024-10-13T15:18:52.307+0100] {processor.py:186} INFO - Started process (PID=68243) to work on /opt/homebrew/Caskroom/miniconda/base/envs/airflow_env/lib/python3.9/site-packages/airflow/example_dags/example_python_operator.py
[2024-10-13T15:18:52.308+0100] {processor.py:914} INFO - Processing file /opt/homebrew/Caskroom/miniconda/base/envs/airflow_env/lib/python3.9/site-packages/airflow/example_dags/example_python_operator.py for tasks to queue
[2024-10-13T15:18:52.308+0100] {logging_mixin.py:190} INFO - [2024-10-13T15:18:52.308+0100] {dagbag.py:588} INFO - Filling up the DagBag from /opt/homebrew/Caskroom/miniconda/base/envs/airflow_env/lib/python3.9/site-packages/airflow/example_dags/example_python_operator.py
[2024-10-13T15:18:52.335+0100] {logging_mixin.py:190} INFO - [2024-10-13T15:18:52.335+0100] {example_python_operator.py:93} WARNING - The virtalenv_python example task requires virtualenv, please install it.
[2024-10-13T15:18:52.336+0100] {processor.py:925} INFO - DAG(s) 'example_python_operator' retrieved from /opt/homebrew/Caskroom/miniconda/base/envs/airflow_env/lib/python3.9/site-packages/airflow/example_dags/example_python_operator.py
[2024-10-13T15:18:52.371+0100] {logging_mixin.py:190} INFO - [2024-10-13T15:18:52.370+0100] {dag.py:3239} INFO - Sync 1 DAGs
[2024-10-13T15:18:52.375+0100] {logging_mixin.py:190} INFO - [2024-10-13T15:18:52.375+0100] {dag.py:4180} INFO - Setting next_dagrun for example_python_operator to None, run_after=None
[2024-10-13T15:18:52.381+0100] {processor.py:208} INFO - Processing /opt/homebrew/Caskroom/miniconda/base/envs/airflow_env/lib/python3.9/site-packages/airflow/example_dags/example_python_operator.py took 0.076 seconds
[2024-10-13T15:21:05.373+0100] {processor.py:186} INFO - Started process (PID=68369) to work on /opt/homebrew/Caskroom/miniconda/base/envs/airflow_env/lib/python3.9/site-packages/airflow/example_dags/example_python_operator.py
[2024-10-13T15:21:05.373+0100] {processor.py:914} INFO - Processing file /opt/homebrew/Caskroom/miniconda/base/envs/airflow_env/lib/python3.9/site-packages/airflow/example_dags/example_python_operator.py for tasks to queue
[2024-10-13T15:21:05.374+0100] {logging_mixin.py:190} INFO - [2024-10-13T15:21:05.374+0100] {dagbag.py:588} INFO - Filling up the DagBag from /opt/homebrew/Caskroom/miniconda/base/envs/airflow_env/lib/python3.9/site-packages/airflow/example_dags/example_python_operator.py
[2024-10-13T15:21:05.400+0100] {logging_mixin.py:190} INFO - [2024-10-13T15:21:05.400+0100] {example_python_operator.py:93} WARNING - The virtalenv_python example task requires virtualenv, please install it.
[2024-10-13T15:21:05.401+0100] {processor.py:925} INFO - DAG(s) 'example_python_operator' retrieved from /opt/homebrew/Caskroom/miniconda/base/envs/airflow_env/lib/python3.9/site-packages/airflow/example_dags/example_python_operator.py
[2024-10-13T15:21:05.433+0100] {logging_mixin.py:190} INFO - [2024-10-13T15:21:05.433+0100] {dag.py:3239} INFO - Sync 1 DAGs
[2024-10-13T15:21:05.437+0100] {logging_mixin.py:190} INFO - [2024-10-13T15:21:05.437+0100] {dag.py:4180} INFO - Setting next_dagrun for example_python_operator to None, run_after=None
[2024-10-13T15:21:05.443+0100] {processor.py:208} INFO - Processing /opt/homebrew/Caskroom/miniconda/base/envs/airflow_env/lib/python3.9/site-packages/airflow/example_dags/example_python_operator.py took 0.072 seconds
[2024-10-13T15:23:08.716+0100] {processor.py:186} INFO - Started process (PID=68579) to work on /opt/homebrew/Caskroom/miniconda/base/envs/airflow_env/lib/python3.9/site-packages/airflow/example_dags/example_python_operator.py
[2024-10-13T15:23:08.716+0100] {processor.py:914} INFO - Processing file /opt/homebrew/Caskroom/miniconda/base/envs/airflow_env/lib/python3.9/site-packages/airflow/example_dags/example_python_operator.py for tasks to queue
[2024-10-13T15:23:08.717+0100] {logging_mixin.py:190} INFO - [2024-10-13T15:23:08.717+0100] {dagbag.py:588} INFO - Filling up the DagBag from /opt/homebrew/Caskroom/miniconda/base/envs/airflow_env/lib/python3.9/site-packages/airflow/example_dags/example_python_operator.py
[2024-10-13T15:23:08.742+0100] {logging_mixin.py:190} INFO - [2024-10-13T15:23:08.742+0100] {example_python_operator.py:93} WARNING - The virtalenv_python example task requires virtualenv, please install it.
[2024-10-13T15:23:08.744+0100] {processor.py:925} INFO - DAG(s) 'example_python_operator' retrieved from /opt/homebrew/Caskroom/miniconda/base/envs/airflow_env/lib/python3.9/site-packages/airflow/example_dags/example_python_operator.py
[2024-10-13T15:23:08.777+0100] {logging_mixin.py:190} INFO - [2024-10-13T15:23:08.777+0100] {dag.py:3239} INFO - Sync 1 DAGs
[2024-10-13T15:23:08.780+0100] {logging_mixin.py:190} INFO - [2024-10-13T15:23:08.780+0100] {dag.py:4180} INFO - Setting next_dagrun for example_python_operator to None, run_after=None
[2024-10-13T15:23:08.787+0100] {processor.py:208} INFO - Processing /opt/homebrew/Caskroom/miniconda/base/envs/airflow_env/lib/python3.9/site-packages/airflow/example_dags/example_python_operator.py took 0.073 seconds
[2024-10-13T15:25:22.034+0100] {processor.py:186} INFO - Started process (PID=68702) to work on /opt/homebrew/Caskroom/miniconda/base/envs/airflow_env/lib/python3.9/site-packages/airflow/example_dags/example_python_operator.py
[2024-10-13T15:25:22.034+0100] {processor.py:914} INFO - Processing file /opt/homebrew/Caskroom/miniconda/base/envs/airflow_env/lib/python3.9/site-packages/airflow/example_dags/example_python_operator.py for tasks to queue
[2024-10-13T15:25:22.035+0100] {logging_mixin.py:190} INFO - [2024-10-13T15:25:22.035+0100] {dagbag.py:588} INFO - Filling up the DagBag from /opt/homebrew/Caskroom/miniconda/base/envs/airflow_env/lib/python3.9/site-packages/airflow/example_dags/example_python_operator.py
[2024-10-13T15:25:22.061+0100] {logging_mixin.py:190} INFO - [2024-10-13T15:25:22.061+0100] {example_python_operator.py:93} WARNING - The virtalenv_python example task requires virtualenv, please install it.
[2024-10-13T15:25:22.062+0100] {processor.py:925} INFO - DAG(s) 'example_python_operator' retrieved from /opt/homebrew/Caskroom/miniconda/base/envs/airflow_env/lib/python3.9/site-packages/airflow/example_dags/example_python_operator.py
[2024-10-13T15:25:22.095+0100] {logging_mixin.py:190} INFO - [2024-10-13T15:25:22.095+0100] {dag.py:3239} INFO - Sync 1 DAGs
[2024-10-13T15:25:22.099+0100] {logging_mixin.py:190} INFO - [2024-10-13T15:25:22.099+0100] {dag.py:4180} INFO - Setting next_dagrun for example_python_operator to None, run_after=None
[2024-10-13T15:25:22.106+0100] {processor.py:208} INFO - Processing /opt/homebrew/Caskroom/miniconda/base/envs/airflow_env/lib/python3.9/site-packages/airflow/example_dags/example_python_operator.py took 0.074 seconds
