[2024-10-13T14:08:41.604+0100] {processor.py:186} INFO - Started process (PID=67202) to work on /opt/homebrew/Caskroom/miniconda/base/envs/airflow_env/lib/python3.9/site-packages/airflow/example_dags/example_short_circuit_operator.py
[2024-10-13T14:08:41.604+0100] {processor.py:914} INFO - Processing file /opt/homebrew/Caskroom/miniconda/base/envs/airflow_env/lib/python3.9/site-packages/airflow/example_dags/example_short_circuit_operator.py for tasks to queue
[2024-10-13T14:08:41.605+0100] {logging_mixin.py:190} INFO - [2024-10-13T14:08:41.605+0100] {dagbag.py:588} INFO - Filling up the DagBag from /opt/homebrew/Caskroom/miniconda/base/envs/airflow_env/lib/python3.9/site-packages/airflow/example_dags/example_short_circuit_operator.py
[2024-10-13T14:08:41.632+0100] {processor.py:925} INFO - DAG(s) 'example_short_circuit_operator' retrieved from /opt/homebrew/Caskroom/miniconda/base/envs/airflow_env/lib/python3.9/site-packages/airflow/example_dags/example_short_circuit_operator.py
[2024-10-13T14:08:41.695+0100] {logging_mixin.py:190} INFO - [2024-10-13T14:08:41.695+0100] {override.py:1901} INFO - Created Permission View: can read on DAG:example_short_circuit_operator
[2024-10-13T14:08:41.698+0100] {logging_mixin.py:190} INFO - [2024-10-13T14:08:41.698+0100] {override.py:1901} INFO - Created Permission View: can delete on DAG:example_short_circuit_operator
[2024-10-13T14:08:41.700+0100] {logging_mixin.py:190} INFO - [2024-10-13T14:08:41.700+0100] {override.py:1901} INFO - Created Permission View: can edit on DAG:example_short_circuit_operator
[2024-10-13T14:08:41.702+0100] {logging_mixin.py:190} INFO - [2024-10-13T14:08:41.702+0100] {override.py:1901} INFO - Created Permission View: can read on DAG Run:example_short_circuit_operator
[2024-10-13T14:08:41.704+0100] {logging_mixin.py:190} INFO - [2024-10-13T14:08:41.704+0100] {override.py:1901} INFO - Created Permission View: can delete on DAG Run:example_short_circuit_operator
[2024-10-13T14:08:41.706+0100] {logging_mixin.py:190} INFO - [2024-10-13T14:08:41.706+0100] {override.py:1901} INFO - Created Permission View: menu access on DAG Run:example_short_circuit_operator
[2024-10-13T14:08:41.708+0100] {logging_mixin.py:190} INFO - [2024-10-13T14:08:41.708+0100] {override.py:1901} INFO - Created Permission View: can create on DAG Run:example_short_circuit_operator
[2024-10-13T14:08:41.708+0100] {logging_mixin.py:190} INFO - [2024-10-13T14:08:41.708+0100] {dag.py:3239} INFO - Sync 1 DAGs
[2024-10-13T14:08:41.712+0100] {logging_mixin.py:190} INFO - [2024-10-13T14:08:41.712+0100] {dag.py:3262} INFO - Creating ORM DAG for example_short_circuit_operator
[2024-10-13T14:08:41.712+0100] {logging_mixin.py:190} INFO - [2024-10-13T14:08:41.712+0100] {dag.py:4180} INFO - Setting next_dagrun for example_short_circuit_operator to None, run_after=None
[2024-10-13T14:08:41.718+0100] {processor.py:208} INFO - Processing /opt/homebrew/Caskroom/miniconda/base/envs/airflow_env/lib/python3.9/site-packages/airflow/example_dags/example_short_circuit_operator.py took 0.116 seconds
[2024-10-13T14:10:20.400+0100] {processor.py:186} INFO - Started process (PID=67304) to work on /opt/homebrew/Caskroom/miniconda/base/envs/airflow_env/lib/python3.9/site-packages/airflow/example_dags/example_short_circuit_operator.py
[2024-10-13T14:10:20.401+0100] {processor.py:914} INFO - Processing file /opt/homebrew/Caskroom/miniconda/base/envs/airflow_env/lib/python3.9/site-packages/airflow/example_dags/example_short_circuit_operator.py for tasks to queue
[2024-10-13T14:10:20.402+0100] {logging_mixin.py:190} INFO - [2024-10-13T14:10:20.402+0100] {dagbag.py:588} INFO - Filling up the DagBag from /opt/homebrew/Caskroom/miniconda/base/envs/airflow_env/lib/python3.9/site-packages/airflow/example_dags/example_short_circuit_operator.py
[2024-10-13T14:10:20.432+0100] {processor.py:925} INFO - DAG(s) 'example_short_circuit_operator' retrieved from /opt/homebrew/Caskroom/miniconda/base/envs/airflow_env/lib/python3.9/site-packages/airflow/example_dags/example_short_circuit_operator.py
[2024-10-13T14:10:20.468+0100] {logging_mixin.py:190} INFO - [2024-10-13T14:10:20.468+0100] {dag.py:3239} INFO - Sync 1 DAGs
[2024-10-13T14:10:20.472+0100] {logging_mixin.py:190} INFO - [2024-10-13T14:10:20.472+0100] {dag.py:4180} INFO - Setting next_dagrun for example_short_circuit_operator to None, run_after=None
[2024-10-13T14:10:20.479+0100] {processor.py:208} INFO - Processing /opt/homebrew/Caskroom/miniconda/base/envs/airflow_env/lib/python3.9/site-packages/airflow/example_dags/example_short_circuit_operator.py took 0.081 seconds
[2024-10-13T14:11:25.365+0100] {processor.py:186} INFO - Started process (PID=67376) to work on /opt/homebrew/Caskroom/miniconda/base/envs/airflow_env/lib/python3.9/site-packages/airflow/example_dags/example_short_circuit_operator.py
[2024-10-13T14:11:25.366+0100] {processor.py:914} INFO - Processing file /opt/homebrew/Caskroom/miniconda/base/envs/airflow_env/lib/python3.9/site-packages/airflow/example_dags/example_short_circuit_operator.py for tasks to queue
[2024-10-13T14:11:25.366+0100] {logging_mixin.py:190} INFO - [2024-10-13T14:11:25.366+0100] {dagbag.py:588} INFO - Filling up the DagBag from /opt/homebrew/Caskroom/miniconda/base/envs/airflow_env/lib/python3.9/site-packages/airflow/example_dags/example_short_circuit_operator.py
[2024-10-13T14:11:25.395+0100] {processor.py:925} INFO - DAG(s) 'example_short_circuit_operator' retrieved from /opt/homebrew/Caskroom/miniconda/base/envs/airflow_env/lib/python3.9/site-packages/airflow/example_dags/example_short_circuit_operator.py
[2024-10-13T14:11:25.432+0100] {logging_mixin.py:190} INFO - [2024-10-13T14:11:25.431+0100] {dag.py:3239} INFO - Sync 1 DAGs
[2024-10-13T14:11:25.436+0100] {logging_mixin.py:190} INFO - [2024-10-13T14:11:25.436+0100] {dag.py:4180} INFO - Setting next_dagrun for example_short_circuit_operator to None, run_after=None
[2024-10-13T14:11:25.443+0100] {processor.py:208} INFO - Processing /opt/homebrew/Caskroom/miniconda/base/envs/airflow_env/lib/python3.9/site-packages/airflow/example_dags/example_short_circuit_operator.py took 0.080 seconds
[2024-10-13T14:13:31.577+0100] {processor.py:186} INFO - Started process (PID=67544) to work on /opt/homebrew/Caskroom/miniconda/base/envs/airflow_env/lib/python3.9/site-packages/airflow/example_dags/example_short_circuit_operator.py
[2024-10-13T14:13:31.578+0100] {processor.py:914} INFO - Processing file /opt/homebrew/Caskroom/miniconda/base/envs/airflow_env/lib/python3.9/site-packages/airflow/example_dags/example_short_circuit_operator.py for tasks to queue
[2024-10-13T14:13:31.578+0100] {logging_mixin.py:190} INFO - [2024-10-13T14:13:31.578+0100] {dagbag.py:588} INFO - Filling up the DagBag from /opt/homebrew/Caskroom/miniconda/base/envs/airflow_env/lib/python3.9/site-packages/airflow/example_dags/example_short_circuit_operator.py
[2024-10-13T14:13:31.606+0100] {processor.py:925} INFO - DAG(s) 'example_short_circuit_operator' retrieved from /opt/homebrew/Caskroom/miniconda/base/envs/airflow_env/lib/python3.9/site-packages/airflow/example_dags/example_short_circuit_operator.py
[2024-10-13T14:13:31.640+0100] {logging_mixin.py:190} INFO - [2024-10-13T14:13:31.639+0100] {dag.py:3239} INFO - Sync 1 DAGs
[2024-10-13T14:13:31.643+0100] {logging_mixin.py:190} INFO - [2024-10-13T14:13:31.643+0100] {dag.py:4180} INFO - Setting next_dagrun for example_short_circuit_operator to None, run_after=None
[2024-10-13T14:13:31.649+0100] {processor.py:208} INFO - Processing /opt/homebrew/Caskroom/miniconda/base/envs/airflow_env/lib/python3.9/site-packages/airflow/example_dags/example_short_circuit_operator.py took 0.074 seconds
[2024-10-13T14:15:42.502+0100] {processor.py:186} INFO - Started process (PID=67668) to work on /opt/homebrew/Caskroom/miniconda/base/envs/airflow_env/lib/python3.9/site-packages/airflow/example_dags/example_short_circuit_operator.py
[2024-10-13T14:15:42.502+0100] {processor.py:914} INFO - Processing file /opt/homebrew/Caskroom/miniconda/base/envs/airflow_env/lib/python3.9/site-packages/airflow/example_dags/example_short_circuit_operator.py for tasks to queue
[2024-10-13T14:15:42.503+0100] {logging_mixin.py:190} INFO - [2024-10-13T14:15:42.503+0100] {dagbag.py:588} INFO - Filling up the DagBag from /opt/homebrew/Caskroom/miniconda/base/envs/airflow_env/lib/python3.9/site-packages/airflow/example_dags/example_short_circuit_operator.py
[2024-10-13T14:15:42.535+0100] {processor.py:925} INFO - DAG(s) 'example_short_circuit_operator' retrieved from /opt/homebrew/Caskroom/miniconda/base/envs/airflow_env/lib/python3.9/site-packages/airflow/example_dags/example_short_circuit_operator.py
[2024-10-13T14:15:42.574+0100] {logging_mixin.py:190} INFO - [2024-10-13T14:15:42.574+0100] {dag.py:3239} INFO - Sync 1 DAGs
[2024-10-13T14:15:42.578+0100] {logging_mixin.py:190} INFO - [2024-10-13T14:15:42.578+0100] {dag.py:4180} INFO - Setting next_dagrun for example_short_circuit_operator to None, run_after=None
[2024-10-13T14:15:42.585+0100] {processor.py:208} INFO - Processing /opt/homebrew/Caskroom/miniconda/base/envs/airflow_env/lib/python3.9/site-packages/airflow/example_dags/example_short_circuit_operator.py took 0.085 seconds
[2024-10-13T14:16:50.458+0100] {processor.py:186} INFO - Started process (PID=67731) to work on /opt/homebrew/Caskroom/miniconda/base/envs/airflow_env/lib/python3.9/site-packages/airflow/example_dags/example_short_circuit_operator.py
[2024-10-13T14:16:50.458+0100] {processor.py:914} INFO - Processing file /opt/homebrew/Caskroom/miniconda/base/envs/airflow_env/lib/python3.9/site-packages/airflow/example_dags/example_short_circuit_operator.py for tasks to queue
[2024-10-13T14:16:50.459+0100] {logging_mixin.py:190} INFO - [2024-10-13T14:16:50.459+0100] {dagbag.py:588} INFO - Filling up the DagBag from /opt/homebrew/Caskroom/miniconda/base/envs/airflow_env/lib/python3.9/site-packages/airflow/example_dags/example_short_circuit_operator.py
[2024-10-13T14:16:50.486+0100] {processor.py:925} INFO - DAG(s) 'example_short_circuit_operator' retrieved from /opt/homebrew/Caskroom/miniconda/base/envs/airflow_env/lib/python3.9/site-packages/airflow/example_dags/example_short_circuit_operator.py
[2024-10-13T14:16:50.520+0100] {logging_mixin.py:190} INFO - [2024-10-13T14:16:50.520+0100] {dag.py:3239} INFO - Sync 1 DAGs
[2024-10-13T14:16:50.524+0100] {logging_mixin.py:190} INFO - [2024-10-13T14:16:50.524+0100] {dag.py:4180} INFO - Setting next_dagrun for example_short_circuit_operator to None, run_after=None
[2024-10-13T14:16:50.531+0100] {processor.py:208} INFO - Processing /opt/homebrew/Caskroom/miniconda/base/envs/airflow_env/lib/python3.9/site-packages/airflow/example_dags/example_short_circuit_operator.py took 0.075 seconds
[2024-10-13T14:36:40.152+0100] {processor.py:186} INFO - Started process (PID=67801) to work on /opt/homebrew/Caskroom/miniconda/base/envs/airflow_env/lib/python3.9/site-packages/airflow/example_dags/example_short_circuit_operator.py
[2024-10-13T14:36:40.152+0100] {processor.py:914} INFO - Processing file /opt/homebrew/Caskroom/miniconda/base/envs/airflow_env/lib/python3.9/site-packages/airflow/example_dags/example_short_circuit_operator.py for tasks to queue
[2024-10-13T14:36:40.153+0100] {logging_mixin.py:190} INFO - [2024-10-13T14:36:40.153+0100] {dagbag.py:588} INFO - Filling up the DagBag from /opt/homebrew/Caskroom/miniconda/base/envs/airflow_env/lib/python3.9/site-packages/airflow/example_dags/example_short_circuit_operator.py
[2024-10-13T14:36:40.179+0100] {processor.py:925} INFO - DAG(s) 'example_short_circuit_operator' retrieved from /opt/homebrew/Caskroom/miniconda/base/envs/airflow_env/lib/python3.9/site-packages/airflow/example_dags/example_short_circuit_operator.py
[2024-10-13T14:36:40.214+0100] {logging_mixin.py:190} INFO - [2024-10-13T14:36:40.214+0100] {dag.py:3239} INFO - Sync 1 DAGs
[2024-10-13T14:36:40.218+0100] {logging_mixin.py:190} INFO - [2024-10-13T14:36:40.218+0100] {dag.py:4180} INFO - Setting next_dagrun for example_short_circuit_operator to None, run_after=None
[2024-10-13T14:36:40.224+0100] {processor.py:208} INFO - Processing /opt/homebrew/Caskroom/miniconda/base/envs/airflow_env/lib/python3.9/site-packages/airflow/example_dags/example_short_circuit_operator.py took 0.074 seconds
[2024-10-13T15:14:16.710+0100] {processor.py:186} INFO - Started process (PID=67965) to work on /opt/homebrew/Caskroom/miniconda/base/envs/airflow_env/lib/python3.9/site-packages/airflow/example_dags/example_short_circuit_operator.py
[2024-10-13T15:14:16.710+0100] {processor.py:914} INFO - Processing file /opt/homebrew/Caskroom/miniconda/base/envs/airflow_env/lib/python3.9/site-packages/airflow/example_dags/example_short_circuit_operator.py for tasks to queue
[2024-10-13T15:14:16.711+0100] {logging_mixin.py:190} INFO - [2024-10-13T15:14:16.711+0100] {dagbag.py:588} INFO - Filling up the DagBag from /opt/homebrew/Caskroom/miniconda/base/envs/airflow_env/lib/python3.9/site-packages/airflow/example_dags/example_short_circuit_operator.py
[2024-10-13T15:14:16.739+0100] {processor.py:925} INFO - DAG(s) 'example_short_circuit_operator' retrieved from /opt/homebrew/Caskroom/miniconda/base/envs/airflow_env/lib/python3.9/site-packages/airflow/example_dags/example_short_circuit_operator.py
[2024-10-13T15:14:16.771+0100] {logging_mixin.py:190} INFO - [2024-10-13T15:14:16.771+0100] {dag.py:3239} INFO - Sync 1 DAGs
[2024-10-13T15:14:16.775+0100] {logging_mixin.py:190} INFO - [2024-10-13T15:14:16.775+0100] {dag.py:4180} INFO - Setting next_dagrun for example_short_circuit_operator to None, run_after=None
[2024-10-13T15:14:16.781+0100] {processor.py:208} INFO - Processing /opt/homebrew/Caskroom/miniconda/base/envs/airflow_env/lib/python3.9/site-packages/airflow/example_dags/example_short_circuit_operator.py took 0.073 seconds
[2024-10-13T15:15:32.410+0100] {processor.py:186} INFO - Started process (PID=68050) to work on /opt/homebrew/Caskroom/miniconda/base/envs/airflow_env/lib/python3.9/site-packages/airflow/example_dags/example_short_circuit_operator.py
[2024-10-13T15:15:32.411+0100] {processor.py:914} INFO - Processing file /opt/homebrew/Caskroom/miniconda/base/envs/airflow_env/lib/python3.9/site-packages/airflow/example_dags/example_short_circuit_operator.py for tasks to queue
[2024-10-13T15:15:32.411+0100] {logging_mixin.py:190} INFO - [2024-10-13T15:15:32.411+0100] {dagbag.py:588} INFO - Filling up the DagBag from /opt/homebrew/Caskroom/miniconda/base/envs/airflow_env/lib/python3.9/site-packages/airflow/example_dags/example_short_circuit_operator.py
[2024-10-13T15:15:32.438+0100] {processor.py:925} INFO - DAG(s) 'example_short_circuit_operator' retrieved from /opt/homebrew/Caskroom/miniconda/base/envs/airflow_env/lib/python3.9/site-packages/airflow/example_dags/example_short_circuit_operator.py
[2024-10-13T15:15:32.470+0100] {logging_mixin.py:190} INFO - [2024-10-13T15:15:32.470+0100] {dag.py:3239} INFO - Sync 1 DAGs
[2024-10-13T15:15:32.473+0100] {logging_mixin.py:190} INFO - [2024-10-13T15:15:32.473+0100] {dag.py:4180} INFO - Setting next_dagrun for example_short_circuit_operator to None, run_after=None
[2024-10-13T15:15:32.480+0100] {processor.py:208} INFO - Processing /opt/homebrew/Caskroom/miniconda/base/envs/airflow_env/lib/python3.9/site-packages/airflow/example_dags/example_short_circuit_operator.py took 0.071 seconds
[2024-10-13T15:17:42.048+0100] {processor.py:186} INFO - Started process (PID=68169) to work on /opt/homebrew/Caskroom/miniconda/base/envs/airflow_env/lib/python3.9/site-packages/airflow/example_dags/example_short_circuit_operator.py
[2024-10-13T15:17:42.049+0100] {processor.py:914} INFO - Processing file /opt/homebrew/Caskroom/miniconda/base/envs/airflow_env/lib/python3.9/site-packages/airflow/example_dags/example_short_circuit_operator.py for tasks to queue
[2024-10-13T15:17:42.049+0100] {logging_mixin.py:190} INFO - [2024-10-13T15:17:42.049+0100] {dagbag.py:588} INFO - Filling up the DagBag from /opt/homebrew/Caskroom/miniconda/base/envs/airflow_env/lib/python3.9/site-packages/airflow/example_dags/example_short_circuit_operator.py
[2024-10-13T15:17:42.080+0100] {processor.py:925} INFO - DAG(s) 'example_short_circuit_operator' retrieved from /opt/homebrew/Caskroom/miniconda/base/envs/airflow_env/lib/python3.9/site-packages/airflow/example_dags/example_short_circuit_operator.py
[2024-10-13T15:17:42.115+0100] {logging_mixin.py:190} INFO - [2024-10-13T15:17:42.115+0100] {dag.py:3239} INFO - Sync 1 DAGs
[2024-10-13T15:17:42.119+0100] {logging_mixin.py:190} INFO - [2024-10-13T15:17:42.119+0100] {dag.py:4180} INFO - Setting next_dagrun for example_short_circuit_operator to None, run_after=None
[2024-10-13T15:17:42.125+0100] {processor.py:208} INFO - Processing /opt/homebrew/Caskroom/miniconda/base/envs/airflow_env/lib/python3.9/site-packages/airflow/example_dags/example_short_circuit_operator.py took 0.079 seconds
[2024-10-13T15:18:50.450+0100] {processor.py:186} INFO - Started process (PID=68242) to work on /opt/homebrew/Caskroom/miniconda/base/envs/airflow_env/lib/python3.9/site-packages/airflow/example_dags/example_short_circuit_operator.py
[2024-10-13T15:18:50.451+0100] {processor.py:914} INFO - Processing file /opt/homebrew/Caskroom/miniconda/base/envs/airflow_env/lib/python3.9/site-packages/airflow/example_dags/example_short_circuit_operator.py for tasks to queue
[2024-10-13T15:18:50.451+0100] {logging_mixin.py:190} INFO - [2024-10-13T15:18:50.451+0100] {dagbag.py:588} INFO - Filling up the DagBag from /opt/homebrew/Caskroom/miniconda/base/envs/airflow_env/lib/python3.9/site-packages/airflow/example_dags/example_short_circuit_operator.py
[2024-10-13T15:18:50.478+0100] {processor.py:925} INFO - DAG(s) 'example_short_circuit_operator' retrieved from /opt/homebrew/Caskroom/miniconda/base/envs/airflow_env/lib/python3.9/site-packages/airflow/example_dags/example_short_circuit_operator.py
[2024-10-13T15:18:50.516+0100] {logging_mixin.py:190} INFO - [2024-10-13T15:18:50.515+0100] {dag.py:3239} INFO - Sync 1 DAGs
[2024-10-13T15:18:50.520+0100] {logging_mixin.py:190} INFO - [2024-10-13T15:18:50.520+0100] {dag.py:4180} INFO - Setting next_dagrun for example_short_circuit_operator to None, run_after=None
[2024-10-13T15:18:50.527+0100] {processor.py:208} INFO - Processing /opt/homebrew/Caskroom/miniconda/base/envs/airflow_env/lib/python3.9/site-packages/airflow/example_dags/example_short_circuit_operator.py took 0.079 seconds
[2024-10-13T15:21:03.480+0100] {processor.py:186} INFO - Started process (PID=68366) to work on /opt/homebrew/Caskroom/miniconda/base/envs/airflow_env/lib/python3.9/site-packages/airflow/example_dags/example_short_circuit_operator.py
[2024-10-13T15:21:03.481+0100] {processor.py:914} INFO - Processing file /opt/homebrew/Caskroom/miniconda/base/envs/airflow_env/lib/python3.9/site-packages/airflow/example_dags/example_short_circuit_operator.py for tasks to queue
[2024-10-13T15:21:03.481+0100] {logging_mixin.py:190} INFO - [2024-10-13T15:21:03.481+0100] {dagbag.py:588} INFO - Filling up the DagBag from /opt/homebrew/Caskroom/miniconda/base/envs/airflow_env/lib/python3.9/site-packages/airflow/example_dags/example_short_circuit_operator.py
[2024-10-13T15:21:03.508+0100] {processor.py:925} INFO - DAG(s) 'example_short_circuit_operator' retrieved from /opt/homebrew/Caskroom/miniconda/base/envs/airflow_env/lib/python3.9/site-packages/airflow/example_dags/example_short_circuit_operator.py
[2024-10-13T15:21:03.541+0100] {logging_mixin.py:190} INFO - [2024-10-13T15:21:03.541+0100] {dag.py:3239} INFO - Sync 1 DAGs
[2024-10-13T15:21:03.545+0100] {logging_mixin.py:190} INFO - [2024-10-13T15:21:03.545+0100] {dag.py:4180} INFO - Setting next_dagrun for example_short_circuit_operator to None, run_after=None
[2024-10-13T15:21:03.551+0100] {processor.py:208} INFO - Processing /opt/homebrew/Caskroom/miniconda/base/envs/airflow_env/lib/python3.9/site-packages/airflow/example_dags/example_short_circuit_operator.py took 0.073 seconds
[2024-10-13T15:23:06.902+0100] {processor.py:186} INFO - Started process (PID=68577) to work on /opt/homebrew/Caskroom/miniconda/base/envs/airflow_env/lib/python3.9/site-packages/airflow/example_dags/example_short_circuit_operator.py
[2024-10-13T15:23:06.903+0100] {processor.py:914} INFO - Processing file /opt/homebrew/Caskroom/miniconda/base/envs/airflow_env/lib/python3.9/site-packages/airflow/example_dags/example_short_circuit_operator.py for tasks to queue
[2024-10-13T15:23:06.903+0100] {logging_mixin.py:190} INFO - [2024-10-13T15:23:06.903+0100] {dagbag.py:588} INFO - Filling up the DagBag from /opt/homebrew/Caskroom/miniconda/base/envs/airflow_env/lib/python3.9/site-packages/airflow/example_dags/example_short_circuit_operator.py
[2024-10-13T15:23:06.934+0100] {processor.py:925} INFO - DAG(s) 'example_short_circuit_operator' retrieved from /opt/homebrew/Caskroom/miniconda/base/envs/airflow_env/lib/python3.9/site-packages/airflow/example_dags/example_short_circuit_operator.py
[2024-10-13T15:23:06.969+0100] {logging_mixin.py:190} INFO - [2024-10-13T15:23:06.969+0100] {dag.py:3239} INFO - Sync 1 DAGs
[2024-10-13T15:23:06.973+0100] {logging_mixin.py:190} INFO - [2024-10-13T15:23:06.973+0100] {dag.py:4180} INFO - Setting next_dagrun for example_short_circuit_operator to None, run_after=None
[2024-10-13T15:23:06.980+0100] {processor.py:208} INFO - Processing /opt/homebrew/Caskroom/miniconda/base/envs/airflow_env/lib/python3.9/site-packages/airflow/example_dags/example_short_circuit_operator.py took 0.079 seconds
[2024-10-13T15:25:18.424+0100] {processor.py:186} INFO - Started process (PID=68698) to work on /opt/homebrew/Caskroom/miniconda/base/envs/airflow_env/lib/python3.9/site-packages/airflow/example_dags/example_short_circuit_operator.py
[2024-10-13T15:25:18.426+0100] {processor.py:914} INFO - Processing file /opt/homebrew/Caskroom/miniconda/base/envs/airflow_env/lib/python3.9/site-packages/airflow/example_dags/example_short_circuit_operator.py for tasks to queue
[2024-10-13T15:25:18.426+0100] {logging_mixin.py:190} INFO - [2024-10-13T15:25:18.426+0100] {dagbag.py:588} INFO - Filling up the DagBag from /opt/homebrew/Caskroom/miniconda/base/envs/airflow_env/lib/python3.9/site-packages/airflow/example_dags/example_short_circuit_operator.py
[2024-10-13T15:25:18.456+0100] {processor.py:925} INFO - DAG(s) 'example_short_circuit_operator' retrieved from /opt/homebrew/Caskroom/miniconda/base/envs/airflow_env/lib/python3.9/site-packages/airflow/example_dags/example_short_circuit_operator.py
[2024-10-13T15:25:18.495+0100] {logging_mixin.py:190} INFO - [2024-10-13T15:25:18.495+0100] {dag.py:3239} INFO - Sync 1 DAGs
[2024-10-13T15:25:18.499+0100] {logging_mixin.py:190} INFO - [2024-10-13T15:25:18.499+0100] {dag.py:4180} INFO - Setting next_dagrun for example_short_circuit_operator to None, run_after=None
[2024-10-13T15:25:18.506+0100] {processor.py:208} INFO - Processing /opt/homebrew/Caskroom/miniconda/base/envs/airflow_env/lib/python3.9/site-packages/airflow/example_dags/example_short_circuit_operator.py took 0.084 seconds
