[2024-10-13T14:09:26.377+0100] {processor.py:186} INFO - Started process (PID=67254) to work on /opt/homebrew/Caskroom/miniconda/base/envs/airflow_env/lib/python3.9/site-packages/airflow/example_dags/example_dag_decorator.py
[2024-10-13T14:09:26.377+0100] {processor.py:914} INFO - Processing file /opt/homebrew/Caskroom/miniconda/base/envs/airflow_env/lib/python3.9/site-packages/airflow/example_dags/example_dag_decorator.py for tasks to queue
[2024-10-13T14:09:26.377+0100] {logging_mixin.py:190} INFO - [2024-10-13T14:09:26.377+0100] {dagbag.py:588} INFO - Filling up the DagBag from /opt/homebrew/Caskroom/miniconda/base/envs/airflow_env/lib/python3.9/site-packages/airflow/example_dags/example_dag_decorator.py
[2024-10-13T14:09:26.466+0100] {processor.py:925} INFO - DAG(s) 'example_dag_decorator' retrieved from /opt/homebrew/Caskroom/miniconda/base/envs/airflow_env/lib/python3.9/site-packages/airflow/example_dags/example_dag_decorator.py
[2024-10-13T14:09:26.526+0100] {logging_mixin.py:190} INFO - [2024-10-13T14:09:26.525+0100] {override.py:1901} INFO - Created Permission View: can edit on DAG:example_dag_decorator
[2024-10-13T14:09:26.529+0100] {logging_mixin.py:190} INFO - [2024-10-13T14:09:26.529+0100] {override.py:1901} INFO - Created Permission View: can read on DAG:example_dag_decorator
[2024-10-13T14:09:26.531+0100] {logging_mixin.py:190} INFO - [2024-10-13T14:09:26.531+0100] {override.py:1901} INFO - Created Permission View: can delete on DAG:example_dag_decorator
[2024-10-13T14:09:26.533+0100] {logging_mixin.py:190} INFO - [2024-10-13T14:09:26.533+0100] {override.py:1901} INFO - Created Permission View: menu access on DAG Run:example_dag_decorator
[2024-10-13T14:09:26.535+0100] {logging_mixin.py:190} INFO - [2024-10-13T14:09:26.535+0100] {override.py:1901} INFO - Created Permission View: can read on DAG Run:example_dag_decorator
[2024-10-13T14:09:26.537+0100] {logging_mixin.py:190} INFO - [2024-10-13T14:09:26.537+0100] {override.py:1901} INFO - Created Permission View: can delete on DAG Run:example_dag_decorator
[2024-10-13T14:09:26.539+0100] {logging_mixin.py:190} INFO - [2024-10-13T14:09:26.539+0100] {override.py:1901} INFO - Created Permission View: can create on DAG Run:example_dag_decorator
[2024-10-13T14:09:26.539+0100] {logging_mixin.py:190} INFO - [2024-10-13T14:09:26.539+0100] {dag.py:3239} INFO - Sync 1 DAGs
[2024-10-13T14:09:26.543+0100] {logging_mixin.py:190} INFO - [2024-10-13T14:09:26.543+0100] {dag.py:3262} INFO - Creating ORM DAG for example_dag_decorator
[2024-10-13T14:09:26.543+0100] {logging_mixin.py:190} INFO - [2024-10-13T14:09:26.543+0100] {dag.py:4180} INFO - Setting next_dagrun for example_dag_decorator to None, run_after=None
[2024-10-13T14:09:26.548+0100] {processor.py:208} INFO - Processing /opt/homebrew/Caskroom/miniconda/base/envs/airflow_env/lib/python3.9/site-packages/airflow/example_dags/example_dag_decorator.py took 0.173 seconds
[2024-10-13T14:11:39.547+0100] {processor.py:186} INFO - Started process (PID=67388) to work on /opt/homebrew/Caskroom/miniconda/base/envs/airflow_env/lib/python3.9/site-packages/airflow/example_dags/example_dag_decorator.py
[2024-10-13T14:11:39.548+0100] {processor.py:914} INFO - Processing file /opt/homebrew/Caskroom/miniconda/base/envs/airflow_env/lib/python3.9/site-packages/airflow/example_dags/example_dag_decorator.py for tasks to queue
[2024-10-13T14:11:39.548+0100] {logging_mixin.py:190} INFO - [2024-10-13T14:11:39.548+0100] {dagbag.py:588} INFO - Filling up the DagBag from /opt/homebrew/Caskroom/miniconda/base/envs/airflow_env/lib/python3.9/site-packages/airflow/example_dags/example_dag_decorator.py
[2024-10-13T14:11:39.619+0100] {processor.py:925} INFO - DAG(s) 'example_dag_decorator' retrieved from /opt/homebrew/Caskroom/miniconda/base/envs/airflow_env/lib/python3.9/site-packages/airflow/example_dags/example_dag_decorator.py
[2024-10-13T14:11:39.682+0100] {logging_mixin.py:190} INFO - [2024-10-13T14:11:39.682+0100] {dag.py:3239} INFO - Sync 1 DAGs
[2024-10-13T14:11:39.685+0100] {logging_mixin.py:190} INFO - [2024-10-13T14:11:39.685+0100] {dag.py:4180} INFO - Setting next_dagrun for example_dag_decorator to None, run_after=None
[2024-10-13T14:11:39.691+0100] {processor.py:208} INFO - Processing /opt/homebrew/Caskroom/miniconda/base/envs/airflow_env/lib/python3.9/site-packages/airflow/example_dags/example_dag_decorator.py took 0.146 seconds
[2024-10-13T14:13:44.227+0100] {processor.py:186} INFO - Started process (PID=67562) to work on /opt/homebrew/Caskroom/miniconda/base/envs/airflow_env/lib/python3.9/site-packages/airflow/example_dags/example_dag_decorator.py
[2024-10-13T14:13:44.228+0100] {processor.py:914} INFO - Processing file /opt/homebrew/Caskroom/miniconda/base/envs/airflow_env/lib/python3.9/site-packages/airflow/example_dags/example_dag_decorator.py for tasks to queue
[2024-10-13T14:13:44.228+0100] {logging_mixin.py:190} INFO - [2024-10-13T14:13:44.228+0100] {dagbag.py:588} INFO - Filling up the DagBag from /opt/homebrew/Caskroom/miniconda/base/envs/airflow_env/lib/python3.9/site-packages/airflow/example_dags/example_dag_decorator.py
[2024-10-13T14:13:44.331+0100] {processor.py:925} INFO - DAG(s) 'example_dag_decorator' retrieved from /opt/homebrew/Caskroom/miniconda/base/envs/airflow_env/lib/python3.9/site-packages/airflow/example_dags/example_dag_decorator.py
[2024-10-13T14:13:44.405+0100] {logging_mixin.py:190} INFO - [2024-10-13T14:13:44.404+0100] {dag.py:3239} INFO - Sync 1 DAGs
[2024-10-13T14:13:44.408+0100] {logging_mixin.py:190} INFO - [2024-10-13T14:13:44.408+0100] {dag.py:4180} INFO - Setting next_dagrun for example_dag_decorator to None, run_after=None
[2024-10-13T14:13:44.414+0100] {processor.py:208} INFO - Processing /opt/homebrew/Caskroom/miniconda/base/envs/airflow_env/lib/python3.9/site-packages/airflow/example_dags/example_dag_decorator.py took 0.189 seconds
[2024-10-13T14:15:56.507+0100] {processor.py:186} INFO - Started process (PID=67676) to work on /opt/homebrew/Caskroom/miniconda/base/envs/airflow_env/lib/python3.9/site-packages/airflow/example_dags/example_dag_decorator.py
[2024-10-13T14:15:56.507+0100] {processor.py:914} INFO - Processing file /opt/homebrew/Caskroom/miniconda/base/envs/airflow_env/lib/python3.9/site-packages/airflow/example_dags/example_dag_decorator.py for tasks to queue
[2024-10-13T14:15:56.508+0100] {logging_mixin.py:190} INFO - [2024-10-13T14:15:56.508+0100] {dagbag.py:588} INFO - Filling up the DagBag from /opt/homebrew/Caskroom/miniconda/base/envs/airflow_env/lib/python3.9/site-packages/airflow/example_dags/example_dag_decorator.py
[2024-10-13T14:15:56.611+0100] {processor.py:925} INFO - DAG(s) 'example_dag_decorator' retrieved from /opt/homebrew/Caskroom/miniconda/base/envs/airflow_env/lib/python3.9/site-packages/airflow/example_dags/example_dag_decorator.py
[2024-10-13T14:15:56.690+0100] {logging_mixin.py:190} INFO - [2024-10-13T14:15:56.689+0100] {dag.py:3239} INFO - Sync 1 DAGs
[2024-10-13T14:15:56.693+0100] {logging_mixin.py:190} INFO - [2024-10-13T14:15:56.693+0100] {dag.py:4180} INFO - Setting next_dagrun for example_dag_decorator to None, run_after=None
[2024-10-13T14:15:56.700+0100] {processor.py:208} INFO - Processing /opt/homebrew/Caskroom/miniconda/base/envs/airflow_env/lib/python3.9/site-packages/airflow/example_dags/example_dag_decorator.py took 0.196 seconds
[2024-10-13T15:13:23.627+0100] {processor.py:186} INFO - Started process (PID=67844) to work on /opt/homebrew/Caskroom/miniconda/base/envs/airflow_env/lib/python3.9/site-packages/airflow/example_dags/example_dag_decorator.py
[2024-10-13T15:13:23.630+0100] {processor.py:914} INFO - Processing file /opt/homebrew/Caskroom/miniconda/base/envs/airflow_env/lib/python3.9/site-packages/airflow/example_dags/example_dag_decorator.py for tasks to queue
[2024-10-13T15:13:23.630+0100] {logging_mixin.py:190} INFO - [2024-10-13T15:13:23.630+0100] {dagbag.py:588} INFO - Filling up the DagBag from /opt/homebrew/Caskroom/miniconda/base/envs/airflow_env/lib/python3.9/site-packages/airflow/example_dags/example_dag_decorator.py
[2024-10-13T15:13:23.731+0100] {processor.py:925} INFO - DAG(s) 'example_dag_decorator' retrieved from /opt/homebrew/Caskroom/miniconda/base/envs/airflow_env/lib/python3.9/site-packages/airflow/example_dags/example_dag_decorator.py
[2024-10-13T15:13:23.805+0100] {logging_mixin.py:190} INFO - [2024-10-13T15:13:23.805+0100] {dag.py:3239} INFO - Sync 1 DAGs
[2024-10-13T15:13:23.809+0100] {logging_mixin.py:190} INFO - [2024-10-13T15:13:23.809+0100] {dag.py:4180} INFO - Setting next_dagrun for example_dag_decorator to None, run_after=None
[2024-10-13T15:13:23.817+0100] {processor.py:208} INFO - Processing /opt/homebrew/Caskroom/miniconda/base/envs/airflow_env/lib/python3.9/site-packages/airflow/example_dags/example_dag_decorator.py took 0.192 seconds
[2024-10-13T15:15:44.758+0100] {processor.py:186} INFO - Started process (PID=68058) to work on /opt/homebrew/Caskroom/miniconda/base/envs/airflow_env/lib/python3.9/site-packages/airflow/example_dags/example_dag_decorator.py
[2024-10-13T15:15:44.759+0100] {processor.py:914} INFO - Processing file /opt/homebrew/Caskroom/miniconda/base/envs/airflow_env/lib/python3.9/site-packages/airflow/example_dags/example_dag_decorator.py for tasks to queue
[2024-10-13T15:15:44.759+0100] {logging_mixin.py:190} INFO - [2024-10-13T15:15:44.759+0100] {dagbag.py:588} INFO - Filling up the DagBag from /opt/homebrew/Caskroom/miniconda/base/envs/airflow_env/lib/python3.9/site-packages/airflow/example_dags/example_dag_decorator.py
[2024-10-13T15:15:44.853+0100] {processor.py:925} INFO - DAG(s) 'example_dag_decorator' retrieved from /opt/homebrew/Caskroom/miniconda/base/envs/airflow_env/lib/python3.9/site-packages/airflow/example_dags/example_dag_decorator.py
[2024-10-13T15:15:44.915+0100] {logging_mixin.py:190} INFO - [2024-10-13T15:15:44.915+0100] {dag.py:3239} INFO - Sync 1 DAGs
[2024-10-13T15:15:44.919+0100] {logging_mixin.py:190} INFO - [2024-10-13T15:15:44.919+0100] {dag.py:4180} INFO - Setting next_dagrun for example_dag_decorator to None, run_after=None
[2024-10-13T15:15:44.925+0100] {processor.py:208} INFO - Processing /opt/homebrew/Caskroom/miniconda/base/envs/airflow_env/lib/python3.9/site-packages/airflow/example_dags/example_dag_decorator.py took 0.169 seconds
[2024-10-13T15:17:56.113+0100] {processor.py:186} INFO - Started process (PID=68178) to work on /opt/homebrew/Caskroom/miniconda/base/envs/airflow_env/lib/python3.9/site-packages/airflow/example_dags/example_dag_decorator.py
[2024-10-13T15:17:56.114+0100] {processor.py:914} INFO - Processing file /opt/homebrew/Caskroom/miniconda/base/envs/airflow_env/lib/python3.9/site-packages/airflow/example_dags/example_dag_decorator.py for tasks to queue
[2024-10-13T15:17:56.114+0100] {logging_mixin.py:190} INFO - [2024-10-13T15:17:56.114+0100] {dagbag.py:588} INFO - Filling up the DagBag from /opt/homebrew/Caskroom/miniconda/base/envs/airflow_env/lib/python3.9/site-packages/airflow/example_dags/example_dag_decorator.py
[2024-10-13T15:17:56.213+0100] {processor.py:925} INFO - DAG(s) 'example_dag_decorator' retrieved from /opt/homebrew/Caskroom/miniconda/base/envs/airflow_env/lib/python3.9/site-packages/airflow/example_dags/example_dag_decorator.py
[2024-10-13T15:17:56.291+0100] {logging_mixin.py:190} INFO - [2024-10-13T15:17:56.290+0100] {dag.py:3239} INFO - Sync 1 DAGs
[2024-10-13T15:17:56.294+0100] {logging_mixin.py:190} INFO - [2024-10-13T15:17:56.294+0100] {dag.py:4180} INFO - Setting next_dagrun for example_dag_decorator to None, run_after=None
[2024-10-13T15:17:56.300+0100] {processor.py:208} INFO - Processing /opt/homebrew/Caskroom/miniconda/base/envs/airflow_env/lib/python3.9/site-packages/airflow/example_dags/example_dag_decorator.py took 0.189 seconds
[2024-10-13T15:20:09.242+0100] {processor.py:186} INFO - Started process (PID=68311) to work on /opt/homebrew/Caskroom/miniconda/base/envs/airflow_env/lib/python3.9/site-packages/airflow/example_dags/example_dag_decorator.py
[2024-10-13T15:20:09.243+0100] {processor.py:914} INFO - Processing file /opt/homebrew/Caskroom/miniconda/base/envs/airflow_env/lib/python3.9/site-packages/airflow/example_dags/example_dag_decorator.py for tasks to queue
[2024-10-13T15:20:09.243+0100] {logging_mixin.py:190} INFO - [2024-10-13T15:20:09.243+0100] {dagbag.py:588} INFO - Filling up the DagBag from /opt/homebrew/Caskroom/miniconda/base/envs/airflow_env/lib/python3.9/site-packages/airflow/example_dags/example_dag_decorator.py
[2024-10-13T15:20:09.377+0100] {processor.py:925} INFO - DAG(s) 'example_dag_decorator' retrieved from /opt/homebrew/Caskroom/miniconda/base/envs/airflow_env/lib/python3.9/site-packages/airflow/example_dags/example_dag_decorator.py
[2024-10-13T15:20:09.494+0100] {logging_mixin.py:190} INFO - [2024-10-13T15:20:09.494+0100] {dag.py:3239} INFO - Sync 1 DAGs
[2024-10-13T15:20:09.498+0100] {logging_mixin.py:190} INFO - [2024-10-13T15:20:09.498+0100] {dag.py:4180} INFO - Setting next_dagrun for example_dag_decorator to None, run_after=None
[2024-10-13T15:20:09.505+0100] {processor.py:208} INFO - Processing /opt/homebrew/Caskroom/miniconda/base/envs/airflow_env/lib/python3.9/site-packages/airflow/example_dags/example_dag_decorator.py took 0.265 seconds
[2024-10-13T15:22:17.792+0100] {processor.py:186} INFO - Started process (PID=68499) to work on /opt/homebrew/Caskroom/miniconda/base/envs/airflow_env/lib/python3.9/site-packages/airflow/example_dags/example_dag_decorator.py
[2024-10-13T15:22:17.793+0100] {processor.py:914} INFO - Processing file /opt/homebrew/Caskroom/miniconda/base/envs/airflow_env/lib/python3.9/site-packages/airflow/example_dags/example_dag_decorator.py for tasks to queue
[2024-10-13T15:22:17.793+0100] {logging_mixin.py:190} INFO - [2024-10-13T15:22:17.793+0100] {dagbag.py:588} INFO - Filling up the DagBag from /opt/homebrew/Caskroom/miniconda/base/envs/airflow_env/lib/python3.9/site-packages/airflow/example_dags/example_dag_decorator.py
[2024-10-13T15:22:17.897+0100] {processor.py:925} INFO - DAG(s) 'example_dag_decorator' retrieved from /opt/homebrew/Caskroom/miniconda/base/envs/airflow_env/lib/python3.9/site-packages/airflow/example_dags/example_dag_decorator.py
[2024-10-13T15:22:17.979+0100] {logging_mixin.py:190} INFO - [2024-10-13T15:22:17.979+0100] {dag.py:3239} INFO - Sync 1 DAGs
[2024-10-13T15:22:17.983+0100] {logging_mixin.py:190} INFO - [2024-10-13T15:22:17.983+0100] {dag.py:4180} INFO - Setting next_dagrun for example_dag_decorator to None, run_after=None
[2024-10-13T15:22:17.990+0100] {processor.py:208} INFO - Processing /opt/homebrew/Caskroom/miniconda/base/envs/airflow_env/lib/python3.9/site-packages/airflow/example_dags/example_dag_decorator.py took 0.199 seconds
[2024-10-13T15:24:24.939+0100] {processor.py:186} INFO - Started process (PID=68639) to work on /opt/homebrew/Caskroom/miniconda/base/envs/airflow_env/lib/python3.9/site-packages/airflow/example_dags/example_dag_decorator.py
[2024-10-13T15:24:24.940+0100] {processor.py:914} INFO - Processing file /opt/homebrew/Caskroom/miniconda/base/envs/airflow_env/lib/python3.9/site-packages/airflow/example_dags/example_dag_decorator.py for tasks to queue
[2024-10-13T15:24:24.940+0100] {logging_mixin.py:190} INFO - [2024-10-13T15:24:24.940+0100] {dagbag.py:588} INFO - Filling up the DagBag from /opt/homebrew/Caskroom/miniconda/base/envs/airflow_env/lib/python3.9/site-packages/airflow/example_dags/example_dag_decorator.py
[2024-10-13T15:24:25.036+0100] {processor.py:925} INFO - DAG(s) 'example_dag_decorator' retrieved from /opt/homebrew/Caskroom/miniconda/base/envs/airflow_env/lib/python3.9/site-packages/airflow/example_dags/example_dag_decorator.py
[2024-10-13T15:24:25.109+0100] {logging_mixin.py:190} INFO - [2024-10-13T15:24:25.109+0100] {dag.py:3239} INFO - Sync 1 DAGs
[2024-10-13T15:24:25.112+0100] {logging_mixin.py:190} INFO - [2024-10-13T15:24:25.112+0100] {dag.py:4180} INFO - Setting next_dagrun for example_dag_decorator to None, run_after=None
[2024-10-13T15:24:25.118+0100] {processor.py:208} INFO - Processing /opt/homebrew/Caskroom/miniconda/base/envs/airflow_env/lib/python3.9/site-packages/airflow/example_dags/example_dag_decorator.py took 0.180 seconds
[2024-10-13T15:26:33.000+0100] {processor.py:186} INFO - Started process (PID=68809) to work on /opt/homebrew/Caskroom/miniconda/base/envs/airflow_env/lib/python3.9/site-packages/airflow/example_dags/example_dag_decorator.py
[2024-10-13T15:26:33.000+0100] {processor.py:914} INFO - Processing file /opt/homebrew/Caskroom/miniconda/base/envs/airflow_env/lib/python3.9/site-packages/airflow/example_dags/example_dag_decorator.py for tasks to queue
[2024-10-13T15:26:33.001+0100] {logging_mixin.py:190} INFO - [2024-10-13T15:26:33.000+0100] {dagbag.py:588} INFO - Filling up the DagBag from /opt/homebrew/Caskroom/miniconda/base/envs/airflow_env/lib/python3.9/site-packages/airflow/example_dags/example_dag_decorator.py
[2024-10-13T15:26:33.097+0100] {processor.py:925} INFO - DAG(s) 'example_dag_decorator' retrieved from /opt/homebrew/Caskroom/miniconda/base/envs/airflow_env/lib/python3.9/site-packages/airflow/example_dags/example_dag_decorator.py
[2024-10-13T15:26:33.173+0100] {logging_mixin.py:190} INFO - [2024-10-13T15:26:33.172+0100] {dag.py:3239} INFO - Sync 1 DAGs
[2024-10-13T15:26:33.176+0100] {logging_mixin.py:190} INFO - [2024-10-13T15:26:33.176+0100] {dag.py:4180} INFO - Setting next_dagrun for example_dag_decorator to None, run_after=None
[2024-10-13T15:26:33.183+0100] {processor.py:208} INFO - Processing /opt/homebrew/Caskroom/miniconda/base/envs/airflow_env/lib/python3.9/site-packages/airflow/example_dags/example_dag_decorator.py took 0.185 seconds
