[2024-10-13T14:08:22.875+0100] {processor.py:186} INFO - Started process (PID=67177) to work on /opt/homebrew/Caskroom/miniconda/base/envs/airflow_env/lib/python3.9/site-packages/airflow/example_dags/example_xcomargs.py
[2024-10-13T14:08:22.875+0100] {processor.py:914} INFO - Processing file /opt/homebrew/Caskroom/miniconda/base/envs/airflow_env/lib/python3.9/site-packages/airflow/example_dags/example_xcomargs.py for tasks to queue
[2024-10-13T14:08:22.875+0100] {logging_mixin.py:190} INFO - [2024-10-13T14:08:22.875+0100] {dagbag.py:588} INFO - Filling up the DagBag from /opt/homebrew/Caskroom/miniconda/base/envs/airflow_env/lib/python3.9/site-packages/airflow/example_dags/example_xcomargs.py
[2024-10-13T14:08:22.905+0100] {processor.py:925} INFO - DAG(s) 'example_xcom_args_with_operators', 'example_xcom_args' retrieved from /opt/homebrew/Caskroom/miniconda/base/envs/airflow_env/lib/python3.9/site-packages/airflow/example_dags/example_xcomargs.py
[2024-10-13T14:08:22.967+0100] {logging_mixin.py:190} INFO - [2024-10-13T14:08:22.967+0100] {override.py:1901} INFO - Created Permission View: can edit on DAG:example_xcom_args_with_operators
[2024-10-13T14:08:22.970+0100] {logging_mixin.py:190} INFO - [2024-10-13T14:08:22.970+0100] {override.py:1901} INFO - Created Permission View: can delete on DAG:example_xcom_args_with_operators
[2024-10-13T14:08:22.972+0100] {logging_mixin.py:190} INFO - [2024-10-13T14:08:22.972+0100] {override.py:1901} INFO - Created Permission View: can read on DAG:example_xcom_args_with_operators
[2024-10-13T14:08:22.974+0100] {logging_mixin.py:190} INFO - [2024-10-13T14:08:22.974+0100] {override.py:1901} INFO - Created Permission View: can delete on DAG Run:example_xcom_args_with_operators
[2024-10-13T14:08:22.976+0100] {logging_mixin.py:190} INFO - [2024-10-13T14:08:22.976+0100] {override.py:1901} INFO - Created Permission View: can read on DAG Run:example_xcom_args_with_operators
[2024-10-13T14:08:22.979+0100] {logging_mixin.py:190} INFO - [2024-10-13T14:08:22.979+0100] {override.py:1901} INFO - Created Permission View: menu access on DAG Run:example_xcom_args_with_operators
[2024-10-13T14:08:22.981+0100] {logging_mixin.py:190} INFO - [2024-10-13T14:08:22.981+0100] {override.py:1901} INFO - Created Permission View: can create on DAG Run:example_xcom_args_with_operators
[2024-10-13T14:08:22.986+0100] {logging_mixin.py:190} INFO - [2024-10-13T14:08:22.986+0100] {override.py:1901} INFO - Created Permission View: can edit on DAG:example_xcom_args
[2024-10-13T14:08:22.987+0100] {logging_mixin.py:190} INFO - [2024-10-13T14:08:22.987+0100] {override.py:1901} INFO - Created Permission View: can delete on DAG:example_xcom_args
[2024-10-13T14:08:22.989+0100] {logging_mixin.py:190} INFO - [2024-10-13T14:08:22.989+0100] {override.py:1901} INFO - Created Permission View: can read on DAG:example_xcom_args
[2024-10-13T14:08:22.992+0100] {logging_mixin.py:190} INFO - [2024-10-13T14:08:22.992+0100] {override.py:1901} INFO - Created Permission View: can delete on DAG Run:example_xcom_args
[2024-10-13T14:08:22.993+0100] {logging_mixin.py:190} INFO - [2024-10-13T14:08:22.993+0100] {override.py:1901} INFO - Created Permission View: can read on DAG Run:example_xcom_args
[2024-10-13T14:08:22.995+0100] {logging_mixin.py:190} INFO - [2024-10-13T14:08:22.995+0100] {override.py:1901} INFO - Created Permission View: menu access on DAG Run:example_xcom_args
[2024-10-13T14:08:22.997+0100] {logging_mixin.py:190} INFO - [2024-10-13T14:08:22.997+0100] {override.py:1901} INFO - Created Permission View: can create on DAG Run:example_xcom_args
[2024-10-13T14:08:22.997+0100] {logging_mixin.py:190} INFO - [2024-10-13T14:08:22.997+0100] {dag.py:3239} INFO - Sync 2 DAGs
[2024-10-13T14:08:23.002+0100] {logging_mixin.py:190} INFO - [2024-10-13T14:08:23.002+0100] {dag.py:3262} INFO - Creating ORM DAG for example_xcom_args
[2024-10-13T14:08:23.002+0100] {logging_mixin.py:190} INFO - [2024-10-13T14:08:23.002+0100] {dag.py:3262} INFO - Creating ORM DAG for example_xcom_args_with_operators
[2024-10-13T14:08:23.002+0100] {logging_mixin.py:190} INFO - [2024-10-13T14:08:23.002+0100] {dag.py:4180} INFO - Setting next_dagrun for example_xcom_args to None, run_after=None
[2024-10-13T14:08:23.002+0100] {logging_mixin.py:190} INFO - [2024-10-13T14:08:23.002+0100] {dag.py:4180} INFO - Setting next_dagrun for example_xcom_args_with_operators to None, run_after=None
[2024-10-13T14:08:23.008+0100] {processor.py:208} INFO - Processing /opt/homebrew/Caskroom/miniconda/base/envs/airflow_env/lib/python3.9/site-packages/airflow/example_dags/example_xcomargs.py took 0.135 seconds
[2024-10-13T14:10:00.451+0100] {processor.py:186} INFO - Started process (PID=67292) to work on /opt/homebrew/Caskroom/miniconda/base/envs/airflow_env/lib/python3.9/site-packages/airflow/example_dags/example_xcomargs.py
[2024-10-13T14:10:00.451+0100] {processor.py:914} INFO - Processing file /opt/homebrew/Caskroom/miniconda/base/envs/airflow_env/lib/python3.9/site-packages/airflow/example_dags/example_xcomargs.py for tasks to queue
[2024-10-13T14:10:00.452+0100] {logging_mixin.py:190} INFO - [2024-10-13T14:10:00.451+0100] {dagbag.py:588} INFO - Filling up the DagBag from /opt/homebrew/Caskroom/miniconda/base/envs/airflow_env/lib/python3.9/site-packages/airflow/example_dags/example_xcomargs.py
[2024-10-13T14:10:00.482+0100] {processor.py:925} INFO - DAG(s) 'example_xcom_args_with_operators', 'example_xcom_args' retrieved from /opt/homebrew/Caskroom/miniconda/base/envs/airflow_env/lib/python3.9/site-packages/airflow/example_dags/example_xcomargs.py
[2024-10-13T14:10:00.515+0100] {logging_mixin.py:190} INFO - [2024-10-13T14:10:00.515+0100] {dag.py:3239} INFO - Sync 2 DAGs
[2024-10-13T14:10:00.519+0100] {logging_mixin.py:190} INFO - [2024-10-13T14:10:00.519+0100] {dag.py:4180} INFO - Setting next_dagrun for example_xcom_args to None, run_after=None
[2024-10-13T14:10:00.521+0100] {logging_mixin.py:190} INFO - [2024-10-13T14:10:00.521+0100] {dag.py:4180} INFO - Setting next_dagrun for example_xcom_args_with_operators to None, run_after=None
[2024-10-13T14:10:00.526+0100] {processor.py:208} INFO - Processing /opt/homebrew/Caskroom/miniconda/base/envs/airflow_env/lib/python3.9/site-packages/airflow/example_dags/example_xcomargs.py took 0.077 seconds
[2024-10-13T14:11:07.894+0100] {processor.py:186} INFO - Started process (PID=67353) to work on /opt/homebrew/Caskroom/miniconda/base/envs/airflow_env/lib/python3.9/site-packages/airflow/example_dags/example_xcomargs.py
[2024-10-13T14:11:07.895+0100] {processor.py:914} INFO - Processing file /opt/homebrew/Caskroom/miniconda/base/envs/airflow_env/lib/python3.9/site-packages/airflow/example_dags/example_xcomargs.py for tasks to queue
[2024-10-13T14:11:07.895+0100] {logging_mixin.py:190} INFO - [2024-10-13T14:11:07.895+0100] {dagbag.py:588} INFO - Filling up the DagBag from /opt/homebrew/Caskroom/miniconda/base/envs/airflow_env/lib/python3.9/site-packages/airflow/example_dags/example_xcomargs.py
[2024-10-13T14:11:07.928+0100] {processor.py:925} INFO - DAG(s) 'example_xcom_args', 'example_xcom_args_with_operators' retrieved from /opt/homebrew/Caskroom/miniconda/base/envs/airflow_env/lib/python3.9/site-packages/airflow/example_dags/example_xcomargs.py
[2024-10-13T14:11:07.961+0100] {logging_mixin.py:190} INFO - [2024-10-13T14:11:07.961+0100] {dag.py:3239} INFO - Sync 2 DAGs
[2024-10-13T14:11:07.965+0100] {logging_mixin.py:190} INFO - [2024-10-13T14:11:07.965+0100] {dag.py:4180} INFO - Setting next_dagrun for example_xcom_args to None, run_after=None
[2024-10-13T14:11:07.966+0100] {logging_mixin.py:190} INFO - [2024-10-13T14:11:07.966+0100] {dag.py:4180} INFO - Setting next_dagrun for example_xcom_args_with_operators to None, run_after=None
[2024-10-13T14:11:07.971+0100] {processor.py:208} INFO - Processing /opt/homebrew/Caskroom/miniconda/base/envs/airflow_env/lib/python3.9/site-packages/airflow/example_dags/example_xcomargs.py took 0.078 seconds
[2024-10-13T14:12:11.327+0100] {processor.py:186} INFO - Started process (PID=67442) to work on /opt/homebrew/Caskroom/miniconda/base/envs/airflow_env/lib/python3.9/site-packages/airflow/example_dags/example_xcomargs.py
[2024-10-13T14:12:11.328+0100] {processor.py:914} INFO - Processing file /opt/homebrew/Caskroom/miniconda/base/envs/airflow_env/lib/python3.9/site-packages/airflow/example_dags/example_xcomargs.py for tasks to queue
[2024-10-13T14:12:11.328+0100] {logging_mixin.py:190} INFO - [2024-10-13T14:12:11.328+0100] {dagbag.py:588} INFO - Filling up the DagBag from /opt/homebrew/Caskroom/miniconda/base/envs/airflow_env/lib/python3.9/site-packages/airflow/example_dags/example_xcomargs.py
[2024-10-13T14:12:11.364+0100] {processor.py:925} INFO - DAG(s) 'example_xcom_args_with_operators', 'example_xcom_args' retrieved from /opt/homebrew/Caskroom/miniconda/base/envs/airflow_env/lib/python3.9/site-packages/airflow/example_dags/example_xcomargs.py
[2024-10-13T14:12:11.399+0100] {logging_mixin.py:190} INFO - [2024-10-13T14:12:11.399+0100] {dag.py:3239} INFO - Sync 2 DAGs
[2024-10-13T14:12:11.403+0100] {logging_mixin.py:190} INFO - [2024-10-13T14:12:11.403+0100] {dag.py:4180} INFO - Setting next_dagrun for example_xcom_args to None, run_after=None
[2024-10-13T14:12:11.405+0100] {logging_mixin.py:190} INFO - [2024-10-13T14:12:11.405+0100] {dag.py:4180} INFO - Setting next_dagrun for example_xcom_args_with_operators to None, run_after=None
[2024-10-13T14:12:11.410+0100] {processor.py:208} INFO - Processing /opt/homebrew/Caskroom/miniconda/base/envs/airflow_env/lib/python3.9/site-packages/airflow/example_dags/example_xcomargs.py took 0.085 seconds
[2024-10-13T14:13:13.956+0100] {processor.py:186} INFO - Started process (PID=67523) to work on /opt/homebrew/Caskroom/miniconda/base/envs/airflow_env/lib/python3.9/site-packages/airflow/example_dags/example_xcomargs.py
[2024-10-13T14:13:13.957+0100] {processor.py:914} INFO - Processing file /opt/homebrew/Caskroom/miniconda/base/envs/airflow_env/lib/python3.9/site-packages/airflow/example_dags/example_xcomargs.py for tasks to queue
[2024-10-13T14:13:13.957+0100] {logging_mixin.py:190} INFO - [2024-10-13T14:13:13.957+0100] {dagbag.py:588} INFO - Filling up the DagBag from /opt/homebrew/Caskroom/miniconda/base/envs/airflow_env/lib/python3.9/site-packages/airflow/example_dags/example_xcomargs.py
[2024-10-13T14:13:13.987+0100] {processor.py:925} INFO - DAG(s) 'example_xcom_args_with_operators', 'example_xcom_args' retrieved from /opt/homebrew/Caskroom/miniconda/base/envs/airflow_env/lib/python3.9/site-packages/airflow/example_dags/example_xcomargs.py
[2024-10-13T14:13:14.021+0100] {logging_mixin.py:190} INFO - [2024-10-13T14:13:14.021+0100] {dag.py:3239} INFO - Sync 2 DAGs
[2024-10-13T14:13:14.024+0100] {logging_mixin.py:190} INFO - [2024-10-13T14:13:14.024+0100] {dag.py:4180} INFO - Setting next_dagrun for example_xcom_args to None, run_after=None
[2024-10-13T14:13:14.026+0100] {logging_mixin.py:190} INFO - [2024-10-13T14:13:14.026+0100] {dag.py:4180} INFO - Setting next_dagrun for example_xcom_args_with_operators to None, run_after=None
[2024-10-13T14:13:14.031+0100] {processor.py:208} INFO - Processing /opt/homebrew/Caskroom/miniconda/base/envs/airflow_env/lib/python3.9/site-packages/airflow/example_dags/example_xcomargs.py took 0.077 seconds
[2024-10-13T14:14:18.543+0100] {processor.py:186} INFO - Started process (PID=67593) to work on /opt/homebrew/Caskroom/miniconda/base/envs/airflow_env/lib/python3.9/site-packages/airflow/example_dags/example_xcomargs.py
[2024-10-13T14:14:18.544+0100] {processor.py:914} INFO - Processing file /opt/homebrew/Caskroom/miniconda/base/envs/airflow_env/lib/python3.9/site-packages/airflow/example_dags/example_xcomargs.py for tasks to queue
[2024-10-13T14:14:18.544+0100] {logging_mixin.py:190} INFO - [2024-10-13T14:14:18.544+0100] {dagbag.py:588} INFO - Filling up the DagBag from /opt/homebrew/Caskroom/miniconda/base/envs/airflow_env/lib/python3.9/site-packages/airflow/example_dags/example_xcomargs.py
[2024-10-13T14:14:18.578+0100] {processor.py:925} INFO - DAG(s) 'example_xcom_args_with_operators', 'example_xcom_args' retrieved from /opt/homebrew/Caskroom/miniconda/base/envs/airflow_env/lib/python3.9/site-packages/airflow/example_dags/example_xcomargs.py
[2024-10-13T14:14:18.614+0100] {logging_mixin.py:190} INFO - [2024-10-13T14:14:18.614+0100] {dag.py:3239} INFO - Sync 2 DAGs
[2024-10-13T14:14:18.619+0100] {logging_mixin.py:190} INFO - [2024-10-13T14:14:18.619+0100] {dag.py:4180} INFO - Setting next_dagrun for example_xcom_args to None, run_after=None
[2024-10-13T14:14:18.620+0100] {logging_mixin.py:190} INFO - [2024-10-13T14:14:18.620+0100] {dag.py:4180} INFO - Setting next_dagrun for example_xcom_args_with_operators to None, run_after=None
[2024-10-13T14:14:18.626+0100] {processor.py:208} INFO - Processing /opt/homebrew/Caskroom/miniconda/base/envs/airflow_env/lib/python3.9/site-packages/airflow/example_dags/example_xcomargs.py took 0.084 seconds
[2024-10-13T14:15:22.945+0100] {processor.py:186} INFO - Started process (PID=67644) to work on /opt/homebrew/Caskroom/miniconda/base/envs/airflow_env/lib/python3.9/site-packages/airflow/example_dags/example_xcomargs.py
[2024-10-13T14:15:22.945+0100] {processor.py:914} INFO - Processing file /opt/homebrew/Caskroom/miniconda/base/envs/airflow_env/lib/python3.9/site-packages/airflow/example_dags/example_xcomargs.py for tasks to queue
[2024-10-13T14:15:22.946+0100] {logging_mixin.py:190} INFO - [2024-10-13T14:15:22.946+0100] {dagbag.py:588} INFO - Filling up the DagBag from /opt/homebrew/Caskroom/miniconda/base/envs/airflow_env/lib/python3.9/site-packages/airflow/example_dags/example_xcomargs.py
[2024-10-13T14:15:22.977+0100] {processor.py:925} INFO - DAG(s) 'example_xcom_args_with_operators', 'example_xcom_args' retrieved from /opt/homebrew/Caskroom/miniconda/base/envs/airflow_env/lib/python3.9/site-packages/airflow/example_dags/example_xcomargs.py
[2024-10-13T14:15:23.010+0100] {logging_mixin.py:190} INFO - [2024-10-13T14:15:23.010+0100] {dag.py:3239} INFO - Sync 2 DAGs
[2024-10-13T14:15:23.015+0100] {logging_mixin.py:190} INFO - [2024-10-13T14:15:23.015+0100] {dag.py:4180} INFO - Setting next_dagrun for example_xcom_args to None, run_after=None
[2024-10-13T14:15:23.016+0100] {logging_mixin.py:190} INFO - [2024-10-13T14:15:23.016+0100] {dag.py:4180} INFO - Setting next_dagrun for example_xcom_args_with_operators to None, run_after=None
[2024-10-13T14:15:23.021+0100] {processor.py:208} INFO - Processing /opt/homebrew/Caskroom/miniconda/base/envs/airflow_env/lib/python3.9/site-packages/airflow/example_dags/example_xcomargs.py took 0.078 seconds
[2024-10-13T14:16:31.600+0100] {processor.py:186} INFO - Started process (PID=67713) to work on /opt/homebrew/Caskroom/miniconda/base/envs/airflow_env/lib/python3.9/site-packages/airflow/example_dags/example_xcomargs.py
[2024-10-13T14:16:31.601+0100] {processor.py:914} INFO - Processing file /opt/homebrew/Caskroom/miniconda/base/envs/airflow_env/lib/python3.9/site-packages/airflow/example_dags/example_xcomargs.py for tasks to queue
[2024-10-13T14:16:31.601+0100] {logging_mixin.py:190} INFO - [2024-10-13T14:16:31.601+0100] {dagbag.py:588} INFO - Filling up the DagBag from /opt/homebrew/Caskroom/miniconda/base/envs/airflow_env/lib/python3.9/site-packages/airflow/example_dags/example_xcomargs.py
[2024-10-13T14:16:31.639+0100] {processor.py:925} INFO - DAG(s) 'example_xcom_args', 'example_xcom_args_with_operators' retrieved from /opt/homebrew/Caskroom/miniconda/base/envs/airflow_env/lib/python3.9/site-packages/airflow/example_dags/example_xcomargs.py
[2024-10-13T14:16:31.676+0100] {logging_mixin.py:190} INFO - [2024-10-13T14:16:31.676+0100] {dag.py:3239} INFO - Sync 2 DAGs
[2024-10-13T14:16:31.680+0100] {logging_mixin.py:190} INFO - [2024-10-13T14:16:31.680+0100] {dag.py:4180} INFO - Setting next_dagrun for example_xcom_args to None, run_after=None
[2024-10-13T14:16:31.681+0100] {logging_mixin.py:190} INFO - [2024-10-13T14:16:31.681+0100] {dag.py:4180} INFO - Setting next_dagrun for example_xcom_args_with_operators to None, run_after=None
[2024-10-13T14:16:31.688+0100] {processor.py:208} INFO - Processing /opt/homebrew/Caskroom/miniconda/base/envs/airflow_env/lib/python3.9/site-packages/airflow/example_dags/example_xcomargs.py took 0.089 seconds
[2024-10-13T14:18:45.812+0100] {processor.py:186} INFO - Started process (PID=67772) to work on /opt/homebrew/Caskroom/miniconda/base/envs/airflow_env/lib/python3.9/site-packages/airflow/example_dags/example_xcomargs.py
[2024-10-13T14:18:45.813+0100] {processor.py:914} INFO - Processing file /opt/homebrew/Caskroom/miniconda/base/envs/airflow_env/lib/python3.9/site-packages/airflow/example_dags/example_xcomargs.py for tasks to queue
[2024-10-13T14:18:45.813+0100] {logging_mixin.py:190} INFO - [2024-10-13T14:18:45.813+0100] {dagbag.py:588} INFO - Filling up the DagBag from /opt/homebrew/Caskroom/miniconda/base/envs/airflow_env/lib/python3.9/site-packages/airflow/example_dags/example_xcomargs.py
[2024-10-13T14:18:45.844+0100] {processor.py:925} INFO - DAG(s) 'example_xcom_args', 'example_xcom_args_with_operators' retrieved from /opt/homebrew/Caskroom/miniconda/base/envs/airflow_env/lib/python3.9/site-packages/airflow/example_dags/example_xcomargs.py
[2024-10-13T14:18:45.877+0100] {logging_mixin.py:190} INFO - [2024-10-13T14:18:45.877+0100] {dag.py:3239} INFO - Sync 2 DAGs
[2024-10-13T14:18:45.881+0100] {logging_mixin.py:190} INFO - [2024-10-13T14:18:45.880+0100] {dag.py:4180} INFO - Setting next_dagrun for example_xcom_args to None, run_after=None
[2024-10-13T14:18:45.881+0100] {logging_mixin.py:190} INFO - [2024-10-13T14:18:45.881+0100] {dag.py:4180} INFO - Setting next_dagrun for example_xcom_args_with_operators to None, run_after=None
[2024-10-13T14:18:45.887+0100] {processor.py:208} INFO - Processing /opt/homebrew/Caskroom/miniconda/base/envs/airflow_env/lib/python3.9/site-packages/airflow/example_dags/example_xcomargs.py took 0.076 seconds
[2024-10-13T15:13:58.103+0100] {processor.py:186} INFO - Started process (PID=67941) to work on /opt/homebrew/Caskroom/miniconda/base/envs/airflow_env/lib/python3.9/site-packages/airflow/example_dags/example_xcomargs.py
[2024-10-13T15:13:58.104+0100] {processor.py:914} INFO - Processing file /opt/homebrew/Caskroom/miniconda/base/envs/airflow_env/lib/python3.9/site-packages/airflow/example_dags/example_xcomargs.py for tasks to queue
[2024-10-13T15:13:58.104+0100] {logging_mixin.py:190} INFO - [2024-10-13T15:13:58.104+0100] {dagbag.py:588} INFO - Filling up the DagBag from /opt/homebrew/Caskroom/miniconda/base/envs/airflow_env/lib/python3.9/site-packages/airflow/example_dags/example_xcomargs.py
[2024-10-13T15:13:58.140+0100] {processor.py:925} INFO - DAG(s) 'example_xcom_args_with_operators', 'example_xcom_args' retrieved from /opt/homebrew/Caskroom/miniconda/base/envs/airflow_env/lib/python3.9/site-packages/airflow/example_dags/example_xcomargs.py
[2024-10-13T15:13:58.176+0100] {logging_mixin.py:190} INFO - [2024-10-13T15:13:58.176+0100] {dag.py:3239} INFO - Sync 2 DAGs
[2024-10-13T15:13:58.180+0100] {logging_mixin.py:190} INFO - [2024-10-13T15:13:58.180+0100] {dag.py:4180} INFO - Setting next_dagrun for example_xcom_args to None, run_after=None
[2024-10-13T15:13:58.181+0100] {logging_mixin.py:190} INFO - [2024-10-13T15:13:58.181+0100] {dag.py:4180} INFO - Setting next_dagrun for example_xcom_args_with_operators to None, run_after=None
[2024-10-13T15:13:58.187+0100] {processor.py:208} INFO - Processing /opt/homebrew/Caskroom/miniconda/base/envs/airflow_env/lib/python3.9/site-packages/airflow/example_dags/example_xcomargs.py took 0.087 seconds
[2024-10-13T15:15:13.210+0100] {processor.py:186} INFO - Started process (PID=68027) to work on /opt/homebrew/Caskroom/miniconda/base/envs/airflow_env/lib/python3.9/site-packages/airflow/example_dags/example_xcomargs.py
[2024-10-13T15:15:13.211+0100] {processor.py:914} INFO - Processing file /opt/homebrew/Caskroom/miniconda/base/envs/airflow_env/lib/python3.9/site-packages/airflow/example_dags/example_xcomargs.py for tasks to queue
[2024-10-13T15:15:13.211+0100] {logging_mixin.py:190} INFO - [2024-10-13T15:15:13.211+0100] {dagbag.py:588} INFO - Filling up the DagBag from /opt/homebrew/Caskroom/miniconda/base/envs/airflow_env/lib/python3.9/site-packages/airflow/example_dags/example_xcomargs.py
[2024-10-13T15:15:13.248+0100] {processor.py:925} INFO - DAG(s) 'example_xcom_args_with_operators', 'example_xcom_args' retrieved from /opt/homebrew/Caskroom/miniconda/base/envs/airflow_env/lib/python3.9/site-packages/airflow/example_dags/example_xcomargs.py
[2024-10-13T15:15:13.283+0100] {logging_mixin.py:190} INFO - [2024-10-13T15:15:13.283+0100] {dag.py:3239} INFO - Sync 2 DAGs
[2024-10-13T15:15:13.288+0100] {logging_mixin.py:190} INFO - [2024-10-13T15:15:13.288+0100] {dag.py:4180} INFO - Setting next_dagrun for example_xcom_args to None, run_after=None
[2024-10-13T15:15:13.290+0100] {logging_mixin.py:190} INFO - [2024-10-13T15:15:13.289+0100] {dag.py:4180} INFO - Setting next_dagrun for example_xcom_args_with_operators to None, run_after=None
[2024-10-13T15:15:13.295+0100] {processor.py:208} INFO - Processing /opt/homebrew/Caskroom/miniconda/base/envs/airflow_env/lib/python3.9/site-packages/airflow/example_dags/example_xcomargs.py took 0.087 seconds
[2024-10-13T15:16:19.795+0100] {processor.py:186} INFO - Started process (PID=68085) to work on /opt/homebrew/Caskroom/miniconda/base/envs/airflow_env/lib/python3.9/site-packages/airflow/example_dags/example_xcomargs.py
[2024-10-13T15:16:19.796+0100] {processor.py:914} INFO - Processing file /opt/homebrew/Caskroom/miniconda/base/envs/airflow_env/lib/python3.9/site-packages/airflow/example_dags/example_xcomargs.py for tasks to queue
[2024-10-13T15:16:19.796+0100] {logging_mixin.py:190} INFO - [2024-10-13T15:16:19.796+0100] {dagbag.py:588} INFO - Filling up the DagBag from /opt/homebrew/Caskroom/miniconda/base/envs/airflow_env/lib/python3.9/site-packages/airflow/example_dags/example_xcomargs.py
[2024-10-13T15:16:19.828+0100] {processor.py:925} INFO - DAG(s) 'example_xcom_args_with_operators', 'example_xcom_args' retrieved from /opt/homebrew/Caskroom/miniconda/base/envs/airflow_env/lib/python3.9/site-packages/airflow/example_dags/example_xcomargs.py
[2024-10-13T15:16:19.863+0100] {logging_mixin.py:190} INFO - [2024-10-13T15:16:19.863+0100] {dag.py:3239} INFO - Sync 2 DAGs
[2024-10-13T15:16:19.867+0100] {logging_mixin.py:190} INFO - [2024-10-13T15:16:19.867+0100] {dag.py:4180} INFO - Setting next_dagrun for example_xcom_args to None, run_after=None
[2024-10-13T15:16:19.868+0100] {logging_mixin.py:190} INFO - [2024-10-13T15:16:19.868+0100] {dag.py:4180} INFO - Setting next_dagrun for example_xcom_args_with_operators to None, run_after=None
[2024-10-13T15:16:19.874+0100] {processor.py:208} INFO - Processing /opt/homebrew/Caskroom/miniconda/base/envs/airflow_env/lib/python3.9/site-packages/airflow/example_dags/example_xcomargs.py took 0.080 seconds
[2024-10-13T15:17:23.489+0100] {processor.py:186} INFO - Started process (PID=68145) to work on /opt/homebrew/Caskroom/miniconda/base/envs/airflow_env/lib/python3.9/site-packages/airflow/example_dags/example_xcomargs.py
[2024-10-13T15:17:23.490+0100] {processor.py:914} INFO - Processing file /opt/homebrew/Caskroom/miniconda/base/envs/airflow_env/lib/python3.9/site-packages/airflow/example_dags/example_xcomargs.py for tasks to queue
[2024-10-13T15:17:23.490+0100] {logging_mixin.py:190} INFO - [2024-10-13T15:17:23.490+0100] {dagbag.py:588} INFO - Filling up the DagBag from /opt/homebrew/Caskroom/miniconda/base/envs/airflow_env/lib/python3.9/site-packages/airflow/example_dags/example_xcomargs.py
[2024-10-13T15:17:23.522+0100] {processor.py:925} INFO - DAG(s) 'example_xcom_args', 'example_xcom_args_with_operators' retrieved from /opt/homebrew/Caskroom/miniconda/base/envs/airflow_env/lib/python3.9/site-packages/airflow/example_dags/example_xcomargs.py
[2024-10-13T15:17:23.557+0100] {logging_mixin.py:190} INFO - [2024-10-13T15:17:23.557+0100] {dag.py:3239} INFO - Sync 2 DAGs
[2024-10-13T15:17:23.561+0100] {logging_mixin.py:190} INFO - [2024-10-13T15:17:23.561+0100] {dag.py:4180} INFO - Setting next_dagrun for example_xcom_args to None, run_after=None
[2024-10-13T15:17:23.562+0100] {logging_mixin.py:190} INFO - [2024-10-13T15:17:23.562+0100] {dag.py:4180} INFO - Setting next_dagrun for example_xcom_args_with_operators to None, run_after=None
[2024-10-13T15:17:23.568+0100] {processor.py:208} INFO - Processing /opt/homebrew/Caskroom/miniconda/base/envs/airflow_env/lib/python3.9/site-packages/airflow/example_dags/example_xcomargs.py took 0.080 seconds
[2024-10-13T15:18:31.325+0100] {processor.py:186} INFO - Started process (PID=68211) to work on /opt/homebrew/Caskroom/miniconda/base/envs/airflow_env/lib/python3.9/site-packages/airflow/example_dags/example_xcomargs.py
[2024-10-13T15:18:31.326+0100] {processor.py:914} INFO - Processing file /opt/homebrew/Caskroom/miniconda/base/envs/airflow_env/lib/python3.9/site-packages/airflow/example_dags/example_xcomargs.py for tasks to queue
[2024-10-13T15:18:31.326+0100] {logging_mixin.py:190} INFO - [2024-10-13T15:18:31.326+0100] {dagbag.py:588} INFO - Filling up the DagBag from /opt/homebrew/Caskroom/miniconda/base/envs/airflow_env/lib/python3.9/site-packages/airflow/example_dags/example_xcomargs.py
[2024-10-13T15:18:31.359+0100] {processor.py:925} INFO - DAG(s) 'example_xcom_args_with_operators', 'example_xcom_args' retrieved from /opt/homebrew/Caskroom/miniconda/base/envs/airflow_env/lib/python3.9/site-packages/airflow/example_dags/example_xcomargs.py
[2024-10-13T15:18:31.392+0100] {logging_mixin.py:190} INFO - [2024-10-13T15:18:31.392+0100] {dag.py:3239} INFO - Sync 2 DAGs
[2024-10-13T15:18:31.396+0100] {logging_mixin.py:190} INFO - [2024-10-13T15:18:31.396+0100] {dag.py:4180} INFO - Setting next_dagrun for example_xcom_args to None, run_after=None
[2024-10-13T15:18:31.397+0100] {logging_mixin.py:190} INFO - [2024-10-13T15:18:31.397+0100] {dag.py:4180} INFO - Setting next_dagrun for example_xcom_args_with_operators to None, run_after=None
[2024-10-13T15:18:31.403+0100] {processor.py:208} INFO - Processing /opt/homebrew/Caskroom/miniconda/base/envs/airflow_env/lib/python3.9/site-packages/airflow/example_dags/example_xcomargs.py took 0.079 seconds
[2024-10-13T15:19:38.409+0100] {processor.py:186} INFO - Started process (PID=68287) to work on /opt/homebrew/Caskroom/miniconda/base/envs/airflow_env/lib/python3.9/site-packages/airflow/example_dags/example_xcomargs.py
[2024-10-13T15:19:38.410+0100] {processor.py:914} INFO - Processing file /opt/homebrew/Caskroom/miniconda/base/envs/airflow_env/lib/python3.9/site-packages/airflow/example_dags/example_xcomargs.py for tasks to queue
[2024-10-13T15:19:38.410+0100] {logging_mixin.py:190} INFO - [2024-10-13T15:19:38.410+0100] {dagbag.py:588} INFO - Filling up the DagBag from /opt/homebrew/Caskroom/miniconda/base/envs/airflow_env/lib/python3.9/site-packages/airflow/example_dags/example_xcomargs.py
[2024-10-13T15:19:38.451+0100] {processor.py:925} INFO - DAG(s) 'example_xcom_args', 'example_xcom_args_with_operators' retrieved from /opt/homebrew/Caskroom/miniconda/base/envs/airflow_env/lib/python3.9/site-packages/airflow/example_dags/example_xcomargs.py
[2024-10-13T15:19:38.487+0100] {logging_mixin.py:190} INFO - [2024-10-13T15:19:38.487+0100] {dag.py:3239} INFO - Sync 2 DAGs
[2024-10-13T15:19:38.491+0100] {logging_mixin.py:190} INFO - [2024-10-13T15:19:38.491+0100] {dag.py:4180} INFO - Setting next_dagrun for example_xcom_args to None, run_after=None
[2024-10-13T15:19:38.492+0100] {logging_mixin.py:190} INFO - [2024-10-13T15:19:38.492+0100] {dag.py:4180} INFO - Setting next_dagrun for example_xcom_args_with_operators to None, run_after=None
[2024-10-13T15:19:38.499+0100] {processor.py:208} INFO - Processing /opt/homebrew/Caskroom/miniconda/base/envs/airflow_env/lib/python3.9/site-packages/airflow/example_dags/example_xcomargs.py took 0.091 seconds
[2024-10-13T15:20:43.962+0100] {processor.py:186} INFO - Started process (PID=68354) to work on /opt/homebrew/Caskroom/miniconda/base/envs/airflow_env/lib/python3.9/site-packages/airflow/example_dags/example_xcomargs.py
[2024-10-13T15:20:43.963+0100] {processor.py:914} INFO - Processing file /opt/homebrew/Caskroom/miniconda/base/envs/airflow_env/lib/python3.9/site-packages/airflow/example_dags/example_xcomargs.py for tasks to queue
[2024-10-13T15:20:43.963+0100] {logging_mixin.py:190} INFO - [2024-10-13T15:20:43.963+0100] {dagbag.py:588} INFO - Filling up the DagBag from /opt/homebrew/Caskroom/miniconda/base/envs/airflow_env/lib/python3.9/site-packages/airflow/example_dags/example_xcomargs.py
[2024-10-13T15:20:44.000+0100] {processor.py:925} INFO - DAG(s) 'example_xcom_args_with_operators', 'example_xcom_args' retrieved from /opt/homebrew/Caskroom/miniconda/base/envs/airflow_env/lib/python3.9/site-packages/airflow/example_dags/example_xcomargs.py
[2024-10-13T15:20:44.038+0100] {logging_mixin.py:190} INFO - [2024-10-13T15:20:44.037+0100] {dag.py:3239} INFO - Sync 2 DAGs
[2024-10-13T15:20:44.042+0100] {logging_mixin.py:190} INFO - [2024-10-13T15:20:44.042+0100] {dag.py:4180} INFO - Setting next_dagrun for example_xcom_args to None, run_after=None
[2024-10-13T15:20:44.043+0100] {logging_mixin.py:190} INFO - [2024-10-13T15:20:44.043+0100] {dag.py:4180} INFO - Setting next_dagrun for example_xcom_args_with_operators to None, run_after=None
[2024-10-13T15:20:44.050+0100] {processor.py:208} INFO - Processing /opt/homebrew/Caskroom/miniconda/base/envs/airflow_env/lib/python3.9/site-packages/airflow/example_dags/example_xcomargs.py took 0.089 seconds
[2024-10-13T15:21:48.725+0100] {processor.py:186} INFO - Started process (PID=68431) to work on /opt/homebrew/Caskroom/miniconda/base/envs/airflow_env/lib/python3.9/site-packages/airflow/example_dags/example_xcomargs.py
[2024-10-13T15:21:48.725+0100] {processor.py:914} INFO - Processing file /opt/homebrew/Caskroom/miniconda/base/envs/airflow_env/lib/python3.9/site-packages/airflow/example_dags/example_xcomargs.py for tasks to queue
[2024-10-13T15:21:48.726+0100] {logging_mixin.py:190} INFO - [2024-10-13T15:21:48.726+0100] {dagbag.py:588} INFO - Filling up the DagBag from /opt/homebrew/Caskroom/miniconda/base/envs/airflow_env/lib/python3.9/site-packages/airflow/example_dags/example_xcomargs.py
[2024-10-13T15:21:48.775+0100] {processor.py:925} INFO - DAG(s) 'example_xcom_args_with_operators', 'example_xcom_args' retrieved from /opt/homebrew/Caskroom/miniconda/base/envs/airflow_env/lib/python3.9/site-packages/airflow/example_dags/example_xcomargs.py
[2024-10-13T15:21:48.808+0100] {logging_mixin.py:190} INFO - [2024-10-13T15:21:48.808+0100] {dag.py:3239} INFO - Sync 2 DAGs
[2024-10-13T15:21:48.812+0100] {logging_mixin.py:190} INFO - [2024-10-13T15:21:48.812+0100] {dag.py:4180} INFO - Setting next_dagrun for example_xcom_args to None, run_after=None
[2024-10-13T15:21:48.813+0100] {logging_mixin.py:190} INFO - [2024-10-13T15:21:48.813+0100] {dag.py:4180} INFO - Setting next_dagrun for example_xcom_args_with_operators to None, run_after=None
[2024-10-13T15:21:48.819+0100] {processor.py:208} INFO - Processing /opt/homebrew/Caskroom/miniconda/base/envs/airflow_env/lib/python3.9/site-packages/airflow/example_dags/example_xcomargs.py took 0.096 seconds
[2024-10-13T15:22:51.357+0100] {processor.py:186} INFO - Started process (PID=68562) to work on /opt/homebrew/Caskroom/miniconda/base/envs/airflow_env/lib/python3.9/site-packages/airflow/example_dags/example_xcomargs.py
[2024-10-13T15:22:51.358+0100] {processor.py:914} INFO - Processing file /opt/homebrew/Caskroom/miniconda/base/envs/airflow_env/lib/python3.9/site-packages/airflow/example_dags/example_xcomargs.py for tasks to queue
[2024-10-13T15:22:51.358+0100] {logging_mixin.py:190} INFO - [2024-10-13T15:22:51.358+0100] {dagbag.py:588} INFO - Filling up the DagBag from /opt/homebrew/Caskroom/miniconda/base/envs/airflow_env/lib/python3.9/site-packages/airflow/example_dags/example_xcomargs.py
[2024-10-13T15:22:51.390+0100] {processor.py:925} INFO - DAG(s) 'example_xcom_args', 'example_xcom_args_with_operators' retrieved from /opt/homebrew/Caskroom/miniconda/base/envs/airflow_env/lib/python3.9/site-packages/airflow/example_dags/example_xcomargs.py
[2024-10-13T15:22:51.423+0100] {logging_mixin.py:190} INFO - [2024-10-13T15:22:51.423+0100] {dag.py:3239} INFO - Sync 2 DAGs
[2024-10-13T15:22:51.427+0100] {logging_mixin.py:190} INFO - [2024-10-13T15:22:51.427+0100] {dag.py:4180} INFO - Setting next_dagrun for example_xcom_args to None, run_after=None
[2024-10-13T15:22:51.428+0100] {logging_mixin.py:190} INFO - [2024-10-13T15:22:51.428+0100] {dag.py:4180} INFO - Setting next_dagrun for example_xcom_args_with_operators to None, run_after=None
[2024-10-13T15:22:51.434+0100] {processor.py:208} INFO - Processing /opt/homebrew/Caskroom/miniconda/base/envs/airflow_env/lib/python3.9/site-packages/airflow/example_dags/example_xcomargs.py took 0.078 seconds
[2024-10-13T15:23:54.105+0100] {processor.py:186} INFO - Started process (PID=68616) to work on /opt/homebrew/Caskroom/miniconda/base/envs/airflow_env/lib/python3.9/site-packages/airflow/example_dags/example_xcomargs.py
[2024-10-13T15:23:54.107+0100] {processor.py:914} INFO - Processing file /opt/homebrew/Caskroom/miniconda/base/envs/airflow_env/lib/python3.9/site-packages/airflow/example_dags/example_xcomargs.py for tasks to queue
[2024-10-13T15:23:54.107+0100] {logging_mixin.py:190} INFO - [2024-10-13T15:23:54.107+0100] {dagbag.py:588} INFO - Filling up the DagBag from /opt/homebrew/Caskroom/miniconda/base/envs/airflow_env/lib/python3.9/site-packages/airflow/example_dags/example_xcomargs.py
[2024-10-13T15:23:54.139+0100] {processor.py:925} INFO - DAG(s) 'example_xcom_args', 'example_xcom_args_with_operators' retrieved from /opt/homebrew/Caskroom/miniconda/base/envs/airflow_env/lib/python3.9/site-packages/airflow/example_dags/example_xcomargs.py
[2024-10-13T15:23:54.176+0100] {logging_mixin.py:190} INFO - [2024-10-13T15:23:54.175+0100] {dag.py:3239} INFO - Sync 2 DAGs
[2024-10-13T15:23:54.180+0100] {logging_mixin.py:190} INFO - [2024-10-13T15:23:54.180+0100] {dag.py:4180} INFO - Setting next_dagrun for example_xcom_args to None, run_after=None
[2024-10-13T15:23:54.181+0100] {logging_mixin.py:190} INFO - [2024-10-13T15:23:54.181+0100] {dag.py:4180} INFO - Setting next_dagrun for example_xcom_args_with_operators to None, run_after=None
[2024-10-13T15:23:54.187+0100] {processor.py:208} INFO - Processing /opt/homebrew/Caskroom/miniconda/base/envs/airflow_env/lib/python3.9/site-packages/airflow/example_dags/example_xcomargs.py took 0.084 seconds
[2024-10-13T15:25:00.550+0100] {processor.py:186} INFO - Started process (PID=68673) to work on /opt/homebrew/Caskroom/miniconda/base/envs/airflow_env/lib/python3.9/site-packages/airflow/example_dags/example_xcomargs.py
[2024-10-13T15:25:00.551+0100] {processor.py:914} INFO - Processing file /opt/homebrew/Caskroom/miniconda/base/envs/airflow_env/lib/python3.9/site-packages/airflow/example_dags/example_xcomargs.py for tasks to queue
[2024-10-13T15:25:00.551+0100] {logging_mixin.py:190} INFO - [2024-10-13T15:25:00.551+0100] {dagbag.py:588} INFO - Filling up the DagBag from /opt/homebrew/Caskroom/miniconda/base/envs/airflow_env/lib/python3.9/site-packages/airflow/example_dags/example_xcomargs.py
[2024-10-13T15:25:00.587+0100] {processor.py:925} INFO - DAG(s) 'example_xcom_args_with_operators', 'example_xcom_args' retrieved from /opt/homebrew/Caskroom/miniconda/base/envs/airflow_env/lib/python3.9/site-packages/airflow/example_dags/example_xcomargs.py
[2024-10-13T15:25:00.625+0100] {logging_mixin.py:190} INFO - [2024-10-13T15:25:00.625+0100] {dag.py:3239} INFO - Sync 2 DAGs
[2024-10-13T15:25:00.629+0100] {logging_mixin.py:190} INFO - [2024-10-13T15:25:00.629+0100] {dag.py:4180} INFO - Setting next_dagrun for example_xcom_args to None, run_after=None
[2024-10-13T15:25:00.630+0100] {logging_mixin.py:190} INFO - [2024-10-13T15:25:00.630+0100] {dag.py:4180} INFO - Setting next_dagrun for example_xcom_args_with_operators to None, run_after=None
[2024-10-13T15:25:00.636+0100] {processor.py:208} INFO - Processing /opt/homebrew/Caskroom/miniconda/base/envs/airflow_env/lib/python3.9/site-packages/airflow/example_dags/example_xcomargs.py took 0.088 seconds
[2024-10-13T15:26:04.577+0100] {processor.py:186} INFO - Started process (PID=68789) to work on /opt/homebrew/Caskroom/miniconda/base/envs/airflow_env/lib/python3.9/site-packages/airflow/example_dags/example_xcomargs.py
[2024-10-13T15:26:04.577+0100] {processor.py:914} INFO - Processing file /opt/homebrew/Caskroom/miniconda/base/envs/airflow_env/lib/python3.9/site-packages/airflow/example_dags/example_xcomargs.py for tasks to queue
[2024-10-13T15:26:04.578+0100] {logging_mixin.py:190} INFO - [2024-10-13T15:26:04.577+0100] {dagbag.py:588} INFO - Filling up the DagBag from /opt/homebrew/Caskroom/miniconda/base/envs/airflow_env/lib/python3.9/site-packages/airflow/example_dags/example_xcomargs.py
[2024-10-13T15:26:04.609+0100] {processor.py:925} INFO - DAG(s) 'example_xcom_args', 'example_xcom_args_with_operators' retrieved from /opt/homebrew/Caskroom/miniconda/base/envs/airflow_env/lib/python3.9/site-packages/airflow/example_dags/example_xcomargs.py
[2024-10-13T15:26:04.644+0100] {logging_mixin.py:190} INFO - [2024-10-13T15:26:04.644+0100] {dag.py:3239} INFO - Sync 2 DAGs
[2024-10-13T15:26:04.648+0100] {logging_mixin.py:190} INFO - [2024-10-13T15:26:04.648+0100] {dag.py:4180} INFO - Setting next_dagrun for example_xcom_args to None, run_after=None
[2024-10-13T15:26:04.649+0100] {logging_mixin.py:190} INFO - [2024-10-13T15:26:04.649+0100] {dag.py:4180} INFO - Setting next_dagrun for example_xcom_args_with_operators to None, run_after=None
[2024-10-13T15:26:04.654+0100] {processor.py:208} INFO - Processing /opt/homebrew/Caskroom/miniconda/base/envs/airflow_env/lib/python3.9/site-packages/airflow/example_dags/example_xcomargs.py took 0.079 seconds
