[2024-10-13T14:09:39.264+0100] {processor.py:186} INFO - Started process (PID=67263) to work on /opt/homebrew/Caskroom/miniconda/base/envs/airflow_env/lib/python3.9/site-packages/airflow/example_dags/example_branch_datetime_operator.py
[2024-10-13T14:09:39.265+0100] {processor.py:914} INFO - Processing file /opt/homebrew/Caskroom/miniconda/base/envs/airflow_env/lib/python3.9/site-packages/airflow/example_dags/example_branch_datetime_operator.py for tasks to queue
[2024-10-13T14:09:39.266+0100] {logging_mixin.py:190} INFO - [2024-10-13T14:09:39.266+0100] {dagbag.py:588} INFO - Filling up the DagBag from /opt/homebrew/Caskroom/miniconda/base/envs/airflow_env/lib/python3.9/site-packages/airflow/example_dags/example_branch_datetime_operator.py
[2024-10-13T14:09:39.292+0100] {processor.py:925} INFO - DAG(s) 'example_branch_datetime_operator', 'example_branch_datetime_operator_2', 'example_branch_datetime_operator_3' retrieved from /opt/homebrew/Caskroom/miniconda/base/envs/airflow_env/lib/python3.9/site-packages/airflow/example_dags/example_branch_datetime_operator.py
[2024-10-13T14:09:39.362+0100] {logging_mixin.py:190} INFO - [2024-10-13T14:09:39.362+0100] {override.py:1901} INFO - Created Permission View: can edit on DAG:example_branch_datetime_operator
[2024-10-13T14:09:39.366+0100] {logging_mixin.py:190} INFO - [2024-10-13T14:09:39.366+0100] {override.py:1901} INFO - Created Permission View: can read on DAG:example_branch_datetime_operator
[2024-10-13T14:09:39.368+0100] {logging_mixin.py:190} INFO - [2024-10-13T14:09:39.368+0100] {override.py:1901} INFO - Created Permission View: can delete on DAG:example_branch_datetime_operator
[2024-10-13T14:09:39.372+0100] {logging_mixin.py:190} INFO - [2024-10-13T14:09:39.371+0100] {override.py:1901} INFO - Created Permission View: can read on DAG Run:example_branch_datetime_operator
[2024-10-13T14:09:39.374+0100] {logging_mixin.py:190} INFO - [2024-10-13T14:09:39.374+0100] {override.py:1901} INFO - Created Permission View: menu access on DAG Run:example_branch_datetime_operator
[2024-10-13T14:09:39.376+0100] {logging_mixin.py:190} INFO - [2024-10-13T14:09:39.376+0100] {override.py:1901} INFO - Created Permission View: can delete on DAG Run:example_branch_datetime_operator
[2024-10-13T14:09:39.378+0100] {logging_mixin.py:190} INFO - [2024-10-13T14:09:39.378+0100] {override.py:1901} INFO - Created Permission View: can create on DAG Run:example_branch_datetime_operator
[2024-10-13T14:09:39.382+0100] {logging_mixin.py:190} INFO - [2024-10-13T14:09:39.382+0100] {override.py:1901} INFO - Created Permission View: can edit on DAG:example_branch_datetime_operator_2
[2024-10-13T14:09:39.384+0100] {logging_mixin.py:190} INFO - [2024-10-13T14:09:39.384+0100] {override.py:1901} INFO - Created Permission View: can read on DAG:example_branch_datetime_operator_2
[2024-10-13T14:09:39.386+0100] {logging_mixin.py:190} INFO - [2024-10-13T14:09:39.386+0100] {override.py:1901} INFO - Created Permission View: can delete on DAG:example_branch_datetime_operator_2
[2024-10-13T14:09:39.390+0100] {logging_mixin.py:190} INFO - [2024-10-13T14:09:39.389+0100] {override.py:1901} INFO - Created Permission View: can read on DAG Run:example_branch_datetime_operator_2
[2024-10-13T14:09:39.392+0100] {logging_mixin.py:190} INFO - [2024-10-13T14:09:39.392+0100] {override.py:1901} INFO - Created Permission View: menu access on DAG Run:example_branch_datetime_operator_2
[2024-10-13T14:09:39.394+0100] {logging_mixin.py:190} INFO - [2024-10-13T14:09:39.394+0100] {override.py:1901} INFO - Created Permission View: can delete on DAG Run:example_branch_datetime_operator_2
[2024-10-13T14:09:39.396+0100] {logging_mixin.py:190} INFO - [2024-10-13T14:09:39.396+0100] {override.py:1901} INFO - Created Permission View: can create on DAG Run:example_branch_datetime_operator_2
[2024-10-13T14:09:39.400+0100] {logging_mixin.py:190} INFO - [2024-10-13T14:09:39.400+0100] {override.py:1901} INFO - Created Permission View: can edit on DAG:example_branch_datetime_operator_3
[2024-10-13T14:09:39.402+0100] {logging_mixin.py:190} INFO - [2024-10-13T14:09:39.402+0100] {override.py:1901} INFO - Created Permission View: can read on DAG:example_branch_datetime_operator_3
[2024-10-13T14:09:39.405+0100] {logging_mixin.py:190} INFO - [2024-10-13T14:09:39.405+0100] {override.py:1901} INFO - Created Permission View: can delete on DAG:example_branch_datetime_operator_3
[2024-10-13T14:09:39.407+0100] {logging_mixin.py:190} INFO - [2024-10-13T14:09:39.407+0100] {override.py:1901} INFO - Created Permission View: can read on DAG Run:example_branch_datetime_operator_3
[2024-10-13T14:09:39.410+0100] {logging_mixin.py:190} INFO - [2024-10-13T14:09:39.409+0100] {override.py:1901} INFO - Created Permission View: menu access on DAG Run:example_branch_datetime_operator_3
[2024-10-13T14:09:39.412+0100] {logging_mixin.py:190} INFO - [2024-10-13T14:09:39.412+0100] {override.py:1901} INFO - Created Permission View: can delete on DAG Run:example_branch_datetime_operator_3
[2024-10-13T14:09:39.414+0100] {logging_mixin.py:190} INFO - [2024-10-13T14:09:39.414+0100] {override.py:1901} INFO - Created Permission View: can create on DAG Run:example_branch_datetime_operator_3
[2024-10-13T14:09:39.414+0100] {logging_mixin.py:190} INFO - [2024-10-13T14:09:39.414+0100] {dag.py:3239} INFO - Sync 3 DAGs
[2024-10-13T14:09:39.419+0100] {logging_mixin.py:190} INFO - [2024-10-13T14:09:39.418+0100] {dag.py:3262} INFO - Creating ORM DAG for example_branch_datetime_operator_3
[2024-10-13T14:09:39.419+0100] {logging_mixin.py:190} INFO - [2024-10-13T14:09:39.419+0100] {dag.py:3262} INFO - Creating ORM DAG for example_branch_datetime_operator_2
[2024-10-13T14:09:39.419+0100] {logging_mixin.py:190} INFO - [2024-10-13T14:09:39.419+0100] {dag.py:3262} INFO - Creating ORM DAG for example_branch_datetime_operator
[2024-10-13T14:09:39.422+0100] {logging_mixin.py:190} INFO - [2024-10-13T14:09:39.422+0100] {dag.py:4180} INFO - Setting next_dagrun for example_branch_datetime_operator to 2024-10-12 00:00:00+00:00, run_after=2024-10-13 00:00:00+00:00
[2024-10-13T14:09:39.423+0100] {logging_mixin.py:190} INFO - [2024-10-13T14:09:39.423+0100] {dag.py:4180} INFO - Setting next_dagrun for example_branch_datetime_operator_2 to 2024-10-12 00:00:00+00:00, run_after=2024-10-13 00:00:00+00:00
[2024-10-13T14:09:39.423+0100] {logging_mixin.py:190} INFO - [2024-10-13T14:09:39.423+0100] {dag.py:4180} INFO - Setting next_dagrun for example_branch_datetime_operator_3 to 2024-10-12 00:00:00+00:00, run_after=2024-10-13 00:00:00+00:00
[2024-10-13T14:09:39.430+0100] {processor.py:208} INFO - Processing /opt/homebrew/Caskroom/miniconda/base/envs/airflow_env/lib/python3.9/site-packages/airflow/example_dags/example_branch_datetime_operator.py took 0.168 seconds
[2024-10-13T14:11:50.364+0100] {processor.py:186} INFO - Started process (PID=67401) to work on /opt/homebrew/Caskroom/miniconda/base/envs/airflow_env/lib/python3.9/site-packages/airflow/example_dags/example_branch_datetime_operator.py
[2024-10-13T14:11:50.365+0100] {processor.py:914} INFO - Processing file /opt/homebrew/Caskroom/miniconda/base/envs/airflow_env/lib/python3.9/site-packages/airflow/example_dags/example_branch_datetime_operator.py for tasks to queue
[2024-10-13T14:11:50.365+0100] {logging_mixin.py:190} INFO - [2024-10-13T14:11:50.365+0100] {dagbag.py:588} INFO - Filling up the DagBag from /opt/homebrew/Caskroom/miniconda/base/envs/airflow_env/lib/python3.9/site-packages/airflow/example_dags/example_branch_datetime_operator.py
[2024-10-13T14:11:50.388+0100] {processor.py:925} INFO - DAG(s) 'example_branch_datetime_operator_3', 'example_branch_datetime_operator_2', 'example_branch_datetime_operator' retrieved from /opt/homebrew/Caskroom/miniconda/base/envs/airflow_env/lib/python3.9/site-packages/airflow/example_dags/example_branch_datetime_operator.py
[2024-10-13T14:11:50.426+0100] {logging_mixin.py:190} INFO - [2024-10-13T14:11:50.426+0100] {dag.py:3239} INFO - Sync 3 DAGs
[2024-10-13T14:11:50.433+0100] {logging_mixin.py:190} INFO - [2024-10-13T14:11:50.433+0100] {dag.py:4180} INFO - Setting next_dagrun for example_branch_datetime_operator to 2024-10-12 00:00:00+00:00, run_after=2024-10-13 00:00:00+00:00
[2024-10-13T14:11:50.434+0100] {logging_mixin.py:190} INFO - [2024-10-13T14:11:50.434+0100] {dag.py:4180} INFO - Setting next_dagrun for example_branch_datetime_operator_2 to 2024-10-12 00:00:00+00:00, run_after=2024-10-13 00:00:00+00:00
[2024-10-13T14:11:50.435+0100] {logging_mixin.py:190} INFO - [2024-10-13T14:11:50.435+0100] {dag.py:4180} INFO - Setting next_dagrun for example_branch_datetime_operator_3 to 2024-10-12 00:00:00+00:00, run_after=2024-10-13 00:00:00+00:00
[2024-10-13T14:11:50.441+0100] {processor.py:208} INFO - Processing /opt/homebrew/Caskroom/miniconda/base/envs/airflow_env/lib/python3.9/site-packages/airflow/example_dags/example_branch_datetime_operator.py took 0.079 seconds
[2024-10-13T14:13:56.894+0100] {processor.py:186} INFO - Started process (PID=67572) to work on /opt/homebrew/Caskroom/miniconda/base/envs/airflow_env/lib/python3.9/site-packages/airflow/example_dags/example_branch_datetime_operator.py
[2024-10-13T14:13:56.895+0100] {processor.py:914} INFO - Processing file /opt/homebrew/Caskroom/miniconda/base/envs/airflow_env/lib/python3.9/site-packages/airflow/example_dags/example_branch_datetime_operator.py for tasks to queue
[2024-10-13T14:13:56.895+0100] {logging_mixin.py:190} INFO - [2024-10-13T14:13:56.895+0100] {dagbag.py:588} INFO - Filling up the DagBag from /opt/homebrew/Caskroom/miniconda/base/envs/airflow_env/lib/python3.9/site-packages/airflow/example_dags/example_branch_datetime_operator.py
[2024-10-13T14:13:56.917+0100] {processor.py:925} INFO - DAG(s) 'example_branch_datetime_operator_3', 'example_branch_datetime_operator', 'example_branch_datetime_operator_2' retrieved from /opt/homebrew/Caskroom/miniconda/base/envs/airflow_env/lib/python3.9/site-packages/airflow/example_dags/example_branch_datetime_operator.py
[2024-10-13T14:13:56.952+0100] {logging_mixin.py:190} INFO - [2024-10-13T14:13:56.952+0100] {dag.py:3239} INFO - Sync 3 DAGs
[2024-10-13T14:13:56.958+0100] {logging_mixin.py:190} INFO - [2024-10-13T14:13:56.958+0100] {dag.py:4180} INFO - Setting next_dagrun for example_branch_datetime_operator to 2024-10-12 00:00:00+00:00, run_after=2024-10-13 00:00:00+00:00
[2024-10-13T14:13:56.959+0100] {logging_mixin.py:190} INFO - [2024-10-13T14:13:56.959+0100] {dag.py:4180} INFO - Setting next_dagrun for example_branch_datetime_operator_2 to 2024-10-12 00:00:00+00:00, run_after=2024-10-13 00:00:00+00:00
[2024-10-13T14:13:56.960+0100] {logging_mixin.py:190} INFO - [2024-10-13T14:13:56.960+0100] {dag.py:4180} INFO - Setting next_dagrun for example_branch_datetime_operator_3 to 2024-10-12 00:00:00+00:00, run_after=2024-10-13 00:00:00+00:00
[2024-10-13T14:13:56.966+0100] {processor.py:208} INFO - Processing /opt/homebrew/Caskroom/miniconda/base/envs/airflow_env/lib/python3.9/site-packages/airflow/example_dags/example_branch_datetime_operator.py took 0.073 seconds
[2024-10-13T14:16:10.084+0100] {processor.py:186} INFO - Started process (PID=67685) to work on /opt/homebrew/Caskroom/miniconda/base/envs/airflow_env/lib/python3.9/site-packages/airflow/example_dags/example_branch_datetime_operator.py
[2024-10-13T14:16:10.084+0100] {processor.py:914} INFO - Processing file /opt/homebrew/Caskroom/miniconda/base/envs/airflow_env/lib/python3.9/site-packages/airflow/example_dags/example_branch_datetime_operator.py for tasks to queue
[2024-10-13T14:16:10.085+0100] {logging_mixin.py:190} INFO - [2024-10-13T14:16:10.085+0100] {dagbag.py:588} INFO - Filling up the DagBag from /opt/homebrew/Caskroom/miniconda/base/envs/airflow_env/lib/python3.9/site-packages/airflow/example_dags/example_branch_datetime_operator.py
[2024-10-13T14:16:10.109+0100] {processor.py:925} INFO - DAG(s) 'example_branch_datetime_operator_3', 'example_branch_datetime_operator_2', 'example_branch_datetime_operator' retrieved from /opt/homebrew/Caskroom/miniconda/base/envs/airflow_env/lib/python3.9/site-packages/airflow/example_dags/example_branch_datetime_operator.py
[2024-10-13T14:16:10.149+0100] {logging_mixin.py:190} INFO - [2024-10-13T14:16:10.149+0100] {dag.py:3239} INFO - Sync 3 DAGs
[2024-10-13T14:16:10.157+0100] {logging_mixin.py:190} INFO - [2024-10-13T14:16:10.157+0100] {dag.py:4180} INFO - Setting next_dagrun for example_branch_datetime_operator to 2024-10-12 00:00:00+00:00, run_after=2024-10-13 00:00:00+00:00
[2024-10-13T14:16:10.159+0100] {logging_mixin.py:190} INFO - [2024-10-13T14:16:10.159+0100] {dag.py:4180} INFO - Setting next_dagrun for example_branch_datetime_operator_2 to 2024-10-12 00:00:00+00:00, run_after=2024-10-13 00:00:00+00:00
[2024-10-13T14:16:10.159+0100] {logging_mixin.py:190} INFO - [2024-10-13T14:16:10.159+0100] {dag.py:4180} INFO - Setting next_dagrun for example_branch_datetime_operator_3 to 2024-10-12 00:00:00+00:00, run_after=2024-10-13 00:00:00+00:00
[2024-10-13T14:16:10.168+0100] {processor.py:208} INFO - Processing /opt/homebrew/Caskroom/miniconda/base/envs/airflow_env/lib/python3.9/site-packages/airflow/example_dags/example_branch_datetime_operator.py took 0.087 seconds
[2024-10-13T15:13:34.844+0100] {processor.py:186} INFO - Started process (PID=67884) to work on /opt/homebrew/Caskroom/miniconda/base/envs/airflow_env/lib/python3.9/site-packages/airflow/example_dags/example_branch_datetime_operator.py
[2024-10-13T15:13:34.845+0100] {processor.py:914} INFO - Processing file /opt/homebrew/Caskroom/miniconda/base/envs/airflow_env/lib/python3.9/site-packages/airflow/example_dags/example_branch_datetime_operator.py for tasks to queue
[2024-10-13T15:13:34.845+0100] {logging_mixin.py:190} INFO - [2024-10-13T15:13:34.845+0100] {dagbag.py:588} INFO - Filling up the DagBag from /opt/homebrew/Caskroom/miniconda/base/envs/airflow_env/lib/python3.9/site-packages/airflow/example_dags/example_branch_datetime_operator.py
[2024-10-13T15:13:34.871+0100] {processor.py:925} INFO - DAG(s) 'example_branch_datetime_operator', 'example_branch_datetime_operator_3', 'example_branch_datetime_operator_2' retrieved from /opt/homebrew/Caskroom/miniconda/base/envs/airflow_env/lib/python3.9/site-packages/airflow/example_dags/example_branch_datetime_operator.py
[2024-10-13T15:13:34.906+0100] {logging_mixin.py:190} INFO - [2024-10-13T15:13:34.906+0100] {dag.py:3239} INFO - Sync 3 DAGs
[2024-10-13T15:13:34.912+0100] {logging_mixin.py:190} INFO - [2024-10-13T15:13:34.912+0100] {dag.py:4180} INFO - Setting next_dagrun for example_branch_datetime_operator to 2024-10-12 00:00:00+00:00, run_after=2024-10-13 00:00:00+00:00
[2024-10-13T15:13:34.914+0100] {logging_mixin.py:190} INFO - [2024-10-13T15:13:34.914+0100] {dag.py:4180} INFO - Setting next_dagrun for example_branch_datetime_operator_2 to 2024-10-12 00:00:00+00:00, run_after=2024-10-13 00:00:00+00:00
[2024-10-13T15:13:34.915+0100] {logging_mixin.py:190} INFO - [2024-10-13T15:13:34.914+0100] {dag.py:4180} INFO - Setting next_dagrun for example_branch_datetime_operator_3 to 2024-10-12 00:00:00+00:00, run_after=2024-10-13 00:00:00+00:00
[2024-10-13T15:13:34.920+0100] {processor.py:208} INFO - Processing /opt/homebrew/Caskroom/miniconda/base/envs/airflow_env/lib/python3.9/site-packages/airflow/example_dags/example_branch_datetime_operator.py took 0.078 seconds
[2024-10-13T15:15:57.302+0100] {processor.py:186} INFO - Started process (PID=68067) to work on /opt/homebrew/Caskroom/miniconda/base/envs/airflow_env/lib/python3.9/site-packages/airflow/example_dags/example_branch_datetime_operator.py
[2024-10-13T15:15:57.302+0100] {processor.py:914} INFO - Processing file /opt/homebrew/Caskroom/miniconda/base/envs/airflow_env/lib/python3.9/site-packages/airflow/example_dags/example_branch_datetime_operator.py for tasks to queue
[2024-10-13T15:15:57.302+0100] {logging_mixin.py:190} INFO - [2024-10-13T15:15:57.302+0100] {dagbag.py:588} INFO - Filling up the DagBag from /opt/homebrew/Caskroom/miniconda/base/envs/airflow_env/lib/python3.9/site-packages/airflow/example_dags/example_branch_datetime_operator.py
[2024-10-13T15:15:57.326+0100] {processor.py:925} INFO - DAG(s) 'example_branch_datetime_operator_2', 'example_branch_datetime_operator_3', 'example_branch_datetime_operator' retrieved from /opt/homebrew/Caskroom/miniconda/base/envs/airflow_env/lib/python3.9/site-packages/airflow/example_dags/example_branch_datetime_operator.py
[2024-10-13T15:15:57.365+0100] {logging_mixin.py:190} INFO - [2024-10-13T15:15:57.365+0100] {dag.py:3239} INFO - Sync 3 DAGs
[2024-10-13T15:15:57.372+0100] {logging_mixin.py:190} INFO - [2024-10-13T15:15:57.372+0100] {dag.py:4180} INFO - Setting next_dagrun for example_branch_datetime_operator to 2024-10-12 00:00:00+00:00, run_after=2024-10-13 00:00:00+00:00
[2024-10-13T15:15:57.374+0100] {logging_mixin.py:190} INFO - [2024-10-13T15:15:57.374+0100] {dag.py:4180} INFO - Setting next_dagrun for example_branch_datetime_operator_2 to 2024-10-12 00:00:00+00:00, run_after=2024-10-13 00:00:00+00:00
[2024-10-13T15:15:57.375+0100] {logging_mixin.py:190} INFO - [2024-10-13T15:15:57.375+0100] {dag.py:4180} INFO - Setting next_dagrun for example_branch_datetime_operator_3 to 2024-10-12 00:00:00+00:00, run_after=2024-10-13 00:00:00+00:00
[2024-10-13T15:15:57.381+0100] {processor.py:208} INFO - Processing /opt/homebrew/Caskroom/miniconda/base/envs/airflow_env/lib/python3.9/site-packages/airflow/example_dags/example_branch_datetime_operator.py took 0.081 seconds
[2024-10-13T15:18:09.003+0100] {processor.py:186} INFO - Started process (PID=68189) to work on /opt/homebrew/Caskroom/miniconda/base/envs/airflow_env/lib/python3.9/site-packages/airflow/example_dags/example_branch_datetime_operator.py
[2024-10-13T15:18:09.003+0100] {processor.py:914} INFO - Processing file /opt/homebrew/Caskroom/miniconda/base/envs/airflow_env/lib/python3.9/site-packages/airflow/example_dags/example_branch_datetime_operator.py for tasks to queue
[2024-10-13T15:18:09.003+0100] {logging_mixin.py:190} INFO - [2024-10-13T15:18:09.003+0100] {dagbag.py:588} INFO - Filling up the DagBag from /opt/homebrew/Caskroom/miniconda/base/envs/airflow_env/lib/python3.9/site-packages/airflow/example_dags/example_branch_datetime_operator.py
[2024-10-13T15:18:09.027+0100] {processor.py:925} INFO - DAG(s) 'example_branch_datetime_operator_2', 'example_branch_datetime_operator', 'example_branch_datetime_operator_3' retrieved from /opt/homebrew/Caskroom/miniconda/base/envs/airflow_env/lib/python3.9/site-packages/airflow/example_dags/example_branch_datetime_operator.py
[2024-10-13T15:18:09.061+0100] {logging_mixin.py:190} INFO - [2024-10-13T15:18:09.061+0100] {dag.py:3239} INFO - Sync 3 DAGs
[2024-10-13T15:18:09.067+0100] {logging_mixin.py:190} INFO - [2024-10-13T15:18:09.067+0100] {dag.py:4180} INFO - Setting next_dagrun for example_branch_datetime_operator to 2024-10-12 00:00:00+00:00, run_after=2024-10-13 00:00:00+00:00
[2024-10-13T15:18:09.069+0100] {logging_mixin.py:190} INFO - [2024-10-13T15:18:09.069+0100] {dag.py:4180} INFO - Setting next_dagrun for example_branch_datetime_operator_2 to 2024-10-12 00:00:00+00:00, run_after=2024-10-13 00:00:00+00:00
[2024-10-13T15:18:09.069+0100] {logging_mixin.py:190} INFO - [2024-10-13T15:18:09.069+0100] {dag.py:4180} INFO - Setting next_dagrun for example_branch_datetime_operator_3 to 2024-10-12 00:00:00+00:00, run_after=2024-10-13 00:00:00+00:00
[2024-10-13T15:18:09.075+0100] {processor.py:208} INFO - Processing /opt/homebrew/Caskroom/miniconda/base/envs/airflow_env/lib/python3.9/site-packages/airflow/example_dags/example_branch_datetime_operator.py took 0.074 seconds
[2024-10-13T15:20:22.182+0100] {processor.py:186} INFO - Started process (PID=68323) to work on /opt/homebrew/Caskroom/miniconda/base/envs/airflow_env/lib/python3.9/site-packages/airflow/example_dags/example_branch_datetime_operator.py
[2024-10-13T15:20:22.182+0100] {processor.py:914} INFO - Processing file /opt/homebrew/Caskroom/miniconda/base/envs/airflow_env/lib/python3.9/site-packages/airflow/example_dags/example_branch_datetime_operator.py for tasks to queue
[2024-10-13T15:20:22.182+0100] {logging_mixin.py:190} INFO - [2024-10-13T15:20:22.182+0100] {dagbag.py:588} INFO - Filling up the DagBag from /opt/homebrew/Caskroom/miniconda/base/envs/airflow_env/lib/python3.9/site-packages/airflow/example_dags/example_branch_datetime_operator.py
[2024-10-13T15:20:22.208+0100] {processor.py:925} INFO - DAG(s) 'example_branch_datetime_operator_3', 'example_branch_datetime_operator', 'example_branch_datetime_operator_2' retrieved from /opt/homebrew/Caskroom/miniconda/base/envs/airflow_env/lib/python3.9/site-packages/airflow/example_dags/example_branch_datetime_operator.py
[2024-10-13T15:20:22.246+0100] {logging_mixin.py:190} INFO - [2024-10-13T15:20:22.246+0100] {dag.py:3239} INFO - Sync 3 DAGs
[2024-10-13T15:20:22.252+0100] {logging_mixin.py:190} INFO - [2024-10-13T15:20:22.252+0100] {dag.py:4180} INFO - Setting next_dagrun for example_branch_datetime_operator to 2024-10-12 00:00:00+00:00, run_after=2024-10-13 00:00:00+00:00
[2024-10-13T15:20:22.254+0100] {logging_mixin.py:190} INFO - [2024-10-13T15:20:22.254+0100] {dag.py:4180} INFO - Setting next_dagrun for example_branch_datetime_operator_2 to 2024-10-12 00:00:00+00:00, run_after=2024-10-13 00:00:00+00:00
[2024-10-13T15:20:22.255+0100] {logging_mixin.py:190} INFO - [2024-10-13T15:20:22.255+0100] {dag.py:4180} INFO - Setting next_dagrun for example_branch_datetime_operator_3 to 2024-10-12 00:00:00+00:00, run_after=2024-10-13 00:00:00+00:00
[2024-10-13T15:20:22.261+0100] {processor.py:208} INFO - Processing /opt/homebrew/Caskroom/miniconda/base/envs/airflow_env/lib/python3.9/site-packages/airflow/example_dags/example_branch_datetime_operator.py took 0.081 seconds
[2024-10-13T15:22:28.876+0100] {processor.py:186} INFO - Started process (PID=68524) to work on /opt/homebrew/Caskroom/miniconda/base/envs/airflow_env/lib/python3.9/site-packages/airflow/example_dags/example_branch_datetime_operator.py
[2024-10-13T15:22:28.877+0100] {processor.py:914} INFO - Processing file /opt/homebrew/Caskroom/miniconda/base/envs/airflow_env/lib/python3.9/site-packages/airflow/example_dags/example_branch_datetime_operator.py for tasks to queue
[2024-10-13T15:22:28.877+0100] {logging_mixin.py:190} INFO - [2024-10-13T15:22:28.877+0100] {dagbag.py:588} INFO - Filling up the DagBag from /opt/homebrew/Caskroom/miniconda/base/envs/airflow_env/lib/python3.9/site-packages/airflow/example_dags/example_branch_datetime_operator.py
[2024-10-13T15:22:28.903+0100] {processor.py:925} INFO - DAG(s) 'example_branch_datetime_operator', 'example_branch_datetime_operator_2', 'example_branch_datetime_operator_3' retrieved from /opt/homebrew/Caskroom/miniconda/base/envs/airflow_env/lib/python3.9/site-packages/airflow/example_dags/example_branch_datetime_operator.py
[2024-10-13T15:22:28.941+0100] {logging_mixin.py:190} INFO - [2024-10-13T15:22:28.941+0100] {dag.py:3239} INFO - Sync 3 DAGs
[2024-10-13T15:22:28.948+0100] {logging_mixin.py:190} INFO - [2024-10-13T15:22:28.948+0100] {dag.py:4180} INFO - Setting next_dagrun for example_branch_datetime_operator to 2024-10-12 00:00:00+00:00, run_after=2024-10-13 00:00:00+00:00
[2024-10-13T15:22:28.949+0100] {logging_mixin.py:190} INFO - [2024-10-13T15:22:28.949+0100] {dag.py:4180} INFO - Setting next_dagrun for example_branch_datetime_operator_2 to 2024-10-12 00:00:00+00:00, run_after=2024-10-13 00:00:00+00:00
[2024-10-13T15:22:28.950+0100] {logging_mixin.py:190} INFO - [2024-10-13T15:22:28.950+0100] {dag.py:4180} INFO - Setting next_dagrun for example_branch_datetime_operator_3 to 2024-10-12 00:00:00+00:00, run_after=2024-10-13 00:00:00+00:00
[2024-10-13T15:22:28.958+0100] {processor.py:208} INFO - Processing /opt/homebrew/Caskroom/miniconda/base/envs/airflow_env/lib/python3.9/site-packages/airflow/example_dags/example_branch_datetime_operator.py took 0.084 seconds
[2024-10-13T15:24:37.355+0100] {processor.py:186} INFO - Started process (PID=68649) to work on /opt/homebrew/Caskroom/miniconda/base/envs/airflow_env/lib/python3.9/site-packages/airflow/example_dags/example_branch_datetime_operator.py
[2024-10-13T15:24:37.355+0100] {processor.py:914} INFO - Processing file /opt/homebrew/Caskroom/miniconda/base/envs/airflow_env/lib/python3.9/site-packages/airflow/example_dags/example_branch_datetime_operator.py for tasks to queue
[2024-10-13T15:24:37.356+0100] {logging_mixin.py:190} INFO - [2024-10-13T15:24:37.356+0100] {dagbag.py:588} INFO - Filling up the DagBag from /opt/homebrew/Caskroom/miniconda/base/envs/airflow_env/lib/python3.9/site-packages/airflow/example_dags/example_branch_datetime_operator.py
[2024-10-13T15:24:37.380+0100] {processor.py:925} INFO - DAG(s) 'example_branch_datetime_operator_2', 'example_branch_datetime_operator', 'example_branch_datetime_operator_3' retrieved from /opt/homebrew/Caskroom/miniconda/base/envs/airflow_env/lib/python3.9/site-packages/airflow/example_dags/example_branch_datetime_operator.py
[2024-10-13T15:24:37.419+0100] {logging_mixin.py:190} INFO - [2024-10-13T15:24:37.419+0100] {dag.py:3239} INFO - Sync 3 DAGs
[2024-10-13T15:24:37.426+0100] {logging_mixin.py:190} INFO - [2024-10-13T15:24:37.426+0100] {dag.py:4180} INFO - Setting next_dagrun for example_branch_datetime_operator to 2024-10-12 00:00:00+00:00, run_after=2024-10-13 00:00:00+00:00
[2024-10-13T15:24:37.428+0100] {logging_mixin.py:190} INFO - [2024-10-13T15:24:37.428+0100] {dag.py:4180} INFO - Setting next_dagrun for example_branch_datetime_operator_2 to 2024-10-12 00:00:00+00:00, run_after=2024-10-13 00:00:00+00:00
[2024-10-13T15:24:37.429+0100] {logging_mixin.py:190} INFO - [2024-10-13T15:24:37.429+0100] {dag.py:4180} INFO - Setting next_dagrun for example_branch_datetime_operator_3 to 2024-10-12 00:00:00+00:00, run_after=2024-10-13 00:00:00+00:00
[2024-10-13T15:24:37.435+0100] {processor.py:208} INFO - Processing /opt/homebrew/Caskroom/miniconda/base/envs/airflow_env/lib/python3.9/site-packages/airflow/example_dags/example_branch_datetime_operator.py took 0.082 seconds
[2024-10-13T15:26:45.655+0100] {processor.py:186} INFO - Started process (PID=68818) to work on /opt/homebrew/Caskroom/miniconda/base/envs/airflow_env/lib/python3.9/site-packages/airflow/example_dags/example_branch_datetime_operator.py
[2024-10-13T15:26:45.655+0100] {processor.py:914} INFO - Processing file /opt/homebrew/Caskroom/miniconda/base/envs/airflow_env/lib/python3.9/site-packages/airflow/example_dags/example_branch_datetime_operator.py for tasks to queue
[2024-10-13T15:26:45.656+0100] {logging_mixin.py:190} INFO - [2024-10-13T15:26:45.656+0100] {dagbag.py:588} INFO - Filling up the DagBag from /opt/homebrew/Caskroom/miniconda/base/envs/airflow_env/lib/python3.9/site-packages/airflow/example_dags/example_branch_datetime_operator.py
[2024-10-13T15:26:45.681+0100] {processor.py:925} INFO - DAG(s) 'example_branch_datetime_operator', 'example_branch_datetime_operator_3', 'example_branch_datetime_operator_2' retrieved from /opt/homebrew/Caskroom/miniconda/base/envs/airflow_env/lib/python3.9/site-packages/airflow/example_dags/example_branch_datetime_operator.py
[2024-10-13T15:26:45.720+0100] {logging_mixin.py:190} INFO - [2024-10-13T15:26:45.720+0100] {dag.py:3239} INFO - Sync 3 DAGs
[2024-10-13T15:26:45.727+0100] {logging_mixin.py:190} INFO - [2024-10-13T15:26:45.727+0100] {dag.py:4180} INFO - Setting next_dagrun for example_branch_datetime_operator to 2024-10-12 00:00:00+00:00, run_after=2024-10-13 00:00:00+00:00
[2024-10-13T15:26:45.728+0100] {logging_mixin.py:190} INFO - [2024-10-13T15:26:45.728+0100] {dag.py:4180} INFO - Setting next_dagrun for example_branch_datetime_operator_2 to 2024-10-12 00:00:00+00:00, run_after=2024-10-13 00:00:00+00:00
[2024-10-13T15:26:45.729+0100] {logging_mixin.py:190} INFO - [2024-10-13T15:26:45.729+0100] {dag.py:4180} INFO - Setting next_dagrun for example_branch_datetime_operator_3 to 2024-10-12 00:00:00+00:00, run_after=2024-10-13 00:00:00+00:00
[2024-10-13T15:26:45.735+0100] {processor.py:208} INFO - Processing /opt/homebrew/Caskroom/miniconda/base/envs/airflow_env/lib/python3.9/site-packages/airflow/example_dags/example_branch_datetime_operator.py took 0.082 seconds
