[2024-10-13T14:09:12.604+0100] {processor.py:186} INFO - Started process (PID=67233) to work on /opt/homebrew/Caskroom/miniconda/base/envs/airflow_env/lib/python3.9/site-packages/airflow/example_dags/example_inlet_event_extra.py
[2024-10-13T14:09:12.605+0100] {processor.py:914} INFO - Processing file /opt/homebrew/Caskroom/miniconda/base/envs/airflow_env/lib/python3.9/site-packages/airflow/example_dags/example_inlet_event_extra.py for tasks to queue
[2024-10-13T14:09:12.605+0100] {logging_mixin.py:190} INFO - [2024-10-13T14:09:12.605+0100] {dagbag.py:588} INFO - Filling up the DagBag from /opt/homebrew/Caskroom/miniconda/base/envs/airflow_env/lib/python3.9/site-packages/airflow/example_dags/example_inlet_event_extra.py
[2024-10-13T14:09:12.656+0100] {processor.py:925} INFO - DAG(s) 'read_dataset_event_from_classic', 'read_dataset_event' retrieved from /opt/homebrew/Caskroom/miniconda/base/envs/airflow_env/lib/python3.9/site-packages/airflow/example_dags/example_inlet_event_extra.py
[2024-10-13T14:09:12.722+0100] {logging_mixin.py:190} INFO - [2024-10-13T14:09:12.722+0100] {override.py:1901} INFO - Created Permission View: can delete on DAG:read_dataset_event_from_classic
[2024-10-13T14:09:12.725+0100] {logging_mixin.py:190} INFO - [2024-10-13T14:09:12.725+0100] {override.py:1901} INFO - Created Permission View: can read on DAG:read_dataset_event_from_classic
[2024-10-13T14:09:12.727+0100] {logging_mixin.py:190} INFO - [2024-10-13T14:09:12.727+0100] {override.py:1901} INFO - Created Permission View: can edit on DAG:read_dataset_event_from_classic
[2024-10-13T14:09:12.730+0100] {logging_mixin.py:190} INFO - [2024-10-13T14:09:12.730+0100] {override.py:1901} INFO - Created Permission View: can delete on DAG Run:read_dataset_event_from_classic
[2024-10-13T14:09:12.732+0100] {logging_mixin.py:190} INFO - [2024-10-13T14:09:12.732+0100] {override.py:1901} INFO - Created Permission View: can read on DAG Run:read_dataset_event_from_classic
[2024-10-13T14:09:12.734+0100] {logging_mixin.py:190} INFO - [2024-10-13T14:09:12.734+0100] {override.py:1901} INFO - Created Permission View: menu access on DAG Run:read_dataset_event_from_classic
[2024-10-13T14:09:12.736+0100] {logging_mixin.py:190} INFO - [2024-10-13T14:09:12.736+0100] {override.py:1901} INFO - Created Permission View: can create on DAG Run:read_dataset_event_from_classic
[2024-10-13T14:09:12.740+0100] {logging_mixin.py:190} INFO - [2024-10-13T14:09:12.740+0100] {override.py:1901} INFO - Created Permission View: can delete on DAG:read_dataset_event
[2024-10-13T14:09:12.742+0100] {logging_mixin.py:190} INFO - [2024-10-13T14:09:12.742+0100] {override.py:1901} INFO - Created Permission View: can read on DAG:read_dataset_event
[2024-10-13T14:09:12.744+0100] {logging_mixin.py:190} INFO - [2024-10-13T14:09:12.744+0100] {override.py:1901} INFO - Created Permission View: can edit on DAG:read_dataset_event
[2024-10-13T14:09:12.747+0100] {logging_mixin.py:190} INFO - [2024-10-13T14:09:12.747+0100] {override.py:1901} INFO - Created Permission View: can delete on DAG Run:read_dataset_event
[2024-10-13T14:09:12.749+0100] {logging_mixin.py:190} INFO - [2024-10-13T14:09:12.749+0100] {override.py:1901} INFO - Created Permission View: can read on DAG Run:read_dataset_event
[2024-10-13T14:09:12.751+0100] {logging_mixin.py:190} INFO - [2024-10-13T14:09:12.751+0100] {override.py:1901} INFO - Created Permission View: menu access on DAG Run:read_dataset_event
[2024-10-13T14:09:12.753+0100] {logging_mixin.py:190} INFO - [2024-10-13T14:09:12.753+0100] {override.py:1901} INFO - Created Permission View: can create on DAG Run:read_dataset_event
[2024-10-13T14:09:12.753+0100] {logging_mixin.py:190} INFO - [2024-10-13T14:09:12.753+0100] {dag.py:3239} INFO - Sync 2 DAGs
[2024-10-13T14:09:12.757+0100] {logging_mixin.py:190} INFO - [2024-10-13T14:09:12.757+0100] {dag.py:3262} INFO - Creating ORM DAG for read_dataset_event_from_classic
[2024-10-13T14:09:12.758+0100] {logging_mixin.py:190} INFO - [2024-10-13T14:09:12.758+0100] {dag.py:3262} INFO - Creating ORM DAG for read_dataset_event
[2024-10-13T14:09:12.760+0100] {logging_mixin.py:190} INFO - [2024-10-13T14:09:12.760+0100] {dag.py:4180} INFO - Setting next_dagrun for read_dataset_event to 2024-10-12 00:00:00+00:00, run_after=2024-10-13 00:00:00+00:00
[2024-10-13T14:09:12.761+0100] {logging_mixin.py:190} INFO - [2024-10-13T14:09:12.761+0100] {dag.py:4180} INFO - Setting next_dagrun for read_dataset_event_from_classic to 2024-10-12 00:00:00+00:00, run_after=2024-10-13 00:00:00+00:00
[2024-10-13T14:09:12.767+0100] {processor.py:208} INFO - Processing /opt/homebrew/Caskroom/miniconda/base/envs/airflow_env/lib/python3.9/site-packages/airflow/example_dags/example_inlet_event_extra.py took 0.164 seconds
[2024-10-13T14:10:49.384+0100] {processor.py:186} INFO - Started process (PID=67337) to work on /opt/homebrew/Caskroom/miniconda/base/envs/airflow_env/lib/python3.9/site-packages/airflow/example_dags/example_inlet_event_extra.py
[2024-10-13T14:10:49.385+0100] {processor.py:914} INFO - Processing file /opt/homebrew/Caskroom/miniconda/base/envs/airflow_env/lib/python3.9/site-packages/airflow/example_dags/example_inlet_event_extra.py for tasks to queue
[2024-10-13T14:10:49.385+0100] {logging_mixin.py:190} INFO - [2024-10-13T14:10:49.385+0100] {dagbag.py:588} INFO - Filling up the DagBag from /opt/homebrew/Caskroom/miniconda/base/envs/airflow_env/lib/python3.9/site-packages/airflow/example_dags/example_inlet_event_extra.py
[2024-10-13T14:10:49.436+0100] {processor.py:925} INFO - DAG(s) 'read_dataset_event', 'read_dataset_event_from_classic' retrieved from /opt/homebrew/Caskroom/miniconda/base/envs/airflow_env/lib/python3.9/site-packages/airflow/example_dags/example_inlet_event_extra.py
[2024-10-13T14:10:49.470+0100] {logging_mixin.py:190} INFO - [2024-10-13T14:10:49.470+0100] {dag.py:3239} INFO - Sync 2 DAGs
[2024-10-13T14:10:49.476+0100] {logging_mixin.py:190} INFO - [2024-10-13T14:10:49.476+0100] {dag.py:4180} INFO - Setting next_dagrun for read_dataset_event to 2024-10-12 00:00:00+00:00, run_after=2024-10-13 00:00:00+00:00
[2024-10-13T14:10:49.478+0100] {logging_mixin.py:190} INFO - [2024-10-13T14:10:49.478+0100] {dag.py:4180} INFO - Setting next_dagrun for read_dataset_event_from_classic to 2024-10-12 00:00:00+00:00, run_after=2024-10-13 00:00:00+00:00
[2024-10-13T14:10:49.484+0100] {processor.py:208} INFO - Processing /opt/homebrew/Caskroom/miniconda/base/envs/airflow_env/lib/python3.9/site-packages/airflow/example_dags/example_inlet_event_extra.py took 0.102 seconds
[2024-10-13T14:12:55.820+0100] {processor.py:186} INFO - Started process (PID=67491) to work on /opt/homebrew/Caskroom/miniconda/base/envs/airflow_env/lib/python3.9/site-packages/airflow/example_dags/example_inlet_event_extra.py
[2024-10-13T14:12:55.820+0100] {processor.py:914} INFO - Processing file /opt/homebrew/Caskroom/miniconda/base/envs/airflow_env/lib/python3.9/site-packages/airflow/example_dags/example_inlet_event_extra.py for tasks to queue
[2024-10-13T14:12:55.821+0100] {logging_mixin.py:190} INFO - [2024-10-13T14:12:55.820+0100] {dagbag.py:588} INFO - Filling up the DagBag from /opt/homebrew/Caskroom/miniconda/base/envs/airflow_env/lib/python3.9/site-packages/airflow/example_dags/example_inlet_event_extra.py
[2024-10-13T14:12:55.878+0100] {processor.py:925} INFO - DAG(s) 'read_dataset_event_from_classic', 'read_dataset_event' retrieved from /opt/homebrew/Caskroom/miniconda/base/envs/airflow_env/lib/python3.9/site-packages/airflow/example_dags/example_inlet_event_extra.py
[2024-10-13T14:12:55.914+0100] {logging_mixin.py:190} INFO - [2024-10-13T14:12:55.914+0100] {dag.py:3239} INFO - Sync 2 DAGs
[2024-10-13T14:12:55.921+0100] {logging_mixin.py:190} INFO - [2024-10-13T14:12:55.921+0100] {dag.py:4180} INFO - Setting next_dagrun for read_dataset_event to 2024-10-12 00:00:00+00:00, run_after=2024-10-13 00:00:00+00:00
[2024-10-13T14:12:55.923+0100] {logging_mixin.py:190} INFO - [2024-10-13T14:12:55.923+0100] {dag.py:4180} INFO - Setting next_dagrun for read_dataset_event_from_classic to 2024-10-12 00:00:00+00:00, run_after=2024-10-13 00:00:00+00:00
[2024-10-13T14:12:55.929+0100] {processor.py:208} INFO - Processing /opt/homebrew/Caskroom/miniconda/base/envs/airflow_env/lib/python3.9/site-packages/airflow/example_dags/example_inlet_event_extra.py took 0.111 seconds
[2024-10-13T14:15:06.118+0100] {processor.py:186} INFO - Started process (PID=67627) to work on /opt/homebrew/Caskroom/miniconda/base/envs/airflow_env/lib/python3.9/site-packages/airflow/example_dags/example_inlet_event_extra.py
[2024-10-13T14:15:06.119+0100] {processor.py:914} INFO - Processing file /opt/homebrew/Caskroom/miniconda/base/envs/airflow_env/lib/python3.9/site-packages/airflow/example_dags/example_inlet_event_extra.py for tasks to queue
[2024-10-13T14:15:06.119+0100] {logging_mixin.py:190} INFO - [2024-10-13T14:15:06.119+0100] {dagbag.py:588} INFO - Filling up the DagBag from /opt/homebrew/Caskroom/miniconda/base/envs/airflow_env/lib/python3.9/site-packages/airflow/example_dags/example_inlet_event_extra.py
[2024-10-13T14:15:06.167+0100] {processor.py:925} INFO - DAG(s) 'read_dataset_event', 'read_dataset_event_from_classic' retrieved from /opt/homebrew/Caskroom/miniconda/base/envs/airflow_env/lib/python3.9/site-packages/airflow/example_dags/example_inlet_event_extra.py
[2024-10-13T14:15:06.200+0100] {logging_mixin.py:190} INFO - [2024-10-13T14:15:06.200+0100] {dag.py:3239} INFO - Sync 2 DAGs
[2024-10-13T14:15:06.206+0100] {logging_mixin.py:190} INFO - [2024-10-13T14:15:06.206+0100] {dag.py:4180} INFO - Setting next_dagrun for read_dataset_event to 2024-10-12 00:00:00+00:00, run_after=2024-10-13 00:00:00+00:00
[2024-10-13T14:15:06.207+0100] {logging_mixin.py:190} INFO - [2024-10-13T14:15:06.207+0100] {dag.py:4180} INFO - Setting next_dagrun for read_dataset_event_from_classic to 2024-10-12 00:00:00+00:00, run_after=2024-10-13 00:00:00+00:00
[2024-10-13T14:15:06.213+0100] {processor.py:208} INFO - Processing /opt/homebrew/Caskroom/miniconda/base/envs/airflow_env/lib/python3.9/site-packages/airflow/example_dags/example_inlet_event_extra.py took 0.096 seconds
[2024-10-13T14:18:27.674+0100] {processor.py:186} INFO - Started process (PID=67759) to work on /opt/homebrew/Caskroom/miniconda/base/envs/airflow_env/lib/python3.9/site-packages/airflow/example_dags/example_inlet_event_extra.py
[2024-10-13T14:18:27.675+0100] {processor.py:914} INFO - Processing file /opt/homebrew/Caskroom/miniconda/base/envs/airflow_env/lib/python3.9/site-packages/airflow/example_dags/example_inlet_event_extra.py for tasks to queue
[2024-10-13T14:18:27.675+0100] {logging_mixin.py:190} INFO - [2024-10-13T14:18:27.675+0100] {dagbag.py:588} INFO - Filling up the DagBag from /opt/homebrew/Caskroom/miniconda/base/envs/airflow_env/lib/python3.9/site-packages/airflow/example_dags/example_inlet_event_extra.py
[2024-10-13T14:18:27.718+0100] {processor.py:925} INFO - DAG(s) 'read_dataset_event_from_classic', 'read_dataset_event' retrieved from /opt/homebrew/Caskroom/miniconda/base/envs/airflow_env/lib/python3.9/site-packages/airflow/example_dags/example_inlet_event_extra.py
[2024-10-13T14:18:27.750+0100] {logging_mixin.py:190} INFO - [2024-10-13T14:18:27.750+0100] {dag.py:3239} INFO - Sync 2 DAGs
[2024-10-13T14:18:27.756+0100] {logging_mixin.py:190} INFO - [2024-10-13T14:18:27.755+0100] {dag.py:4180} INFO - Setting next_dagrun for read_dataset_event to 2024-10-12 00:00:00+00:00, run_after=2024-10-13 00:00:00+00:00
[2024-10-13T14:18:27.757+0100] {logging_mixin.py:190} INFO - [2024-10-13T14:18:27.757+0100] {dag.py:4180} INFO - Setting next_dagrun for read_dataset_event_from_classic to 2024-10-12 00:00:00+00:00, run_after=2024-10-13 00:00:00+00:00
[2024-10-13T14:18:27.762+0100] {processor.py:208} INFO - Processing /opt/homebrew/Caskroom/miniconda/base/envs/airflow_env/lib/python3.9/site-packages/airflow/example_dags/example_inlet_event_extra.py took 0.089 seconds
[2024-10-13T15:14:44.765+0100] {processor.py:186} INFO - Started process (PID=67998) to work on /opt/homebrew/Caskroom/miniconda/base/envs/airflow_env/lib/python3.9/site-packages/airflow/example_dags/example_inlet_event_extra.py
[2024-10-13T15:14:44.766+0100] {processor.py:914} INFO - Processing file /opt/homebrew/Caskroom/miniconda/base/envs/airflow_env/lib/python3.9/site-packages/airflow/example_dags/example_inlet_event_extra.py for tasks to queue
[2024-10-13T15:14:44.766+0100] {logging_mixin.py:190} INFO - [2024-10-13T15:14:44.766+0100] {dagbag.py:588} INFO - Filling up the DagBag from /opt/homebrew/Caskroom/miniconda/base/envs/airflow_env/lib/python3.9/site-packages/airflow/example_dags/example_inlet_event_extra.py
[2024-10-13T15:14:44.817+0100] {processor.py:925} INFO - DAG(s) 'read_dataset_event_from_classic', 'read_dataset_event' retrieved from /opt/homebrew/Caskroom/miniconda/base/envs/airflow_env/lib/python3.9/site-packages/airflow/example_dags/example_inlet_event_extra.py
[2024-10-13T15:14:44.852+0100] {logging_mixin.py:190} INFO - [2024-10-13T15:14:44.852+0100] {dag.py:3239} INFO - Sync 2 DAGs
[2024-10-13T15:14:44.859+0100] {logging_mixin.py:190} INFO - [2024-10-13T15:14:44.859+0100] {dag.py:4180} INFO - Setting next_dagrun for read_dataset_event to 2024-10-12 00:00:00+00:00, run_after=2024-10-13 00:00:00+00:00
[2024-10-13T15:14:44.860+0100] {logging_mixin.py:190} INFO - [2024-10-13T15:14:44.860+0100] {dag.py:4180} INFO - Setting next_dagrun for read_dataset_event_from_classic to 2024-10-12 00:00:00+00:00, run_after=2024-10-13 00:00:00+00:00
[2024-10-13T15:14:44.866+0100] {processor.py:208} INFO - Processing /opt/homebrew/Caskroom/miniconda/base/envs/airflow_env/lib/python3.9/site-packages/airflow/example_dags/example_inlet_event_extra.py took 0.103 seconds
[2024-10-13T15:16:56.486+0100] {processor.py:186} INFO - Started process (PID=68126) to work on /opt/homebrew/Caskroom/miniconda/base/envs/airflow_env/lib/python3.9/site-packages/airflow/example_dags/example_inlet_event_extra.py
[2024-10-13T15:16:56.487+0100] {processor.py:914} INFO - Processing file /opt/homebrew/Caskroom/miniconda/base/envs/airflow_env/lib/python3.9/site-packages/airflow/example_dags/example_inlet_event_extra.py for tasks to queue
[2024-10-13T15:16:56.487+0100] {logging_mixin.py:190} INFO - [2024-10-13T15:16:56.487+0100] {dagbag.py:588} INFO - Filling up the DagBag from /opt/homebrew/Caskroom/miniconda/base/envs/airflow_env/lib/python3.9/site-packages/airflow/example_dags/example_inlet_event_extra.py
[2024-10-13T15:16:56.536+0100] {processor.py:925} INFO - DAG(s) 'read_dataset_event', 'read_dataset_event_from_classic' retrieved from /opt/homebrew/Caskroom/miniconda/base/envs/airflow_env/lib/python3.9/site-packages/airflow/example_dags/example_inlet_event_extra.py
[2024-10-13T15:16:56.570+0100] {logging_mixin.py:190} INFO - [2024-10-13T15:16:56.570+0100] {dag.py:3239} INFO - Sync 2 DAGs
[2024-10-13T15:16:56.576+0100] {logging_mixin.py:190} INFO - [2024-10-13T15:16:56.576+0100] {dag.py:4180} INFO - Setting next_dagrun for read_dataset_event to 2024-10-12 00:00:00+00:00, run_after=2024-10-13 00:00:00+00:00
[2024-10-13T15:16:56.577+0100] {logging_mixin.py:190} INFO - [2024-10-13T15:16:56.577+0100] {dag.py:4180} INFO - Setting next_dagrun for read_dataset_event_from_classic to 2024-10-12 00:00:00+00:00, run_after=2024-10-13 00:00:00+00:00
[2024-10-13T15:16:56.582+0100] {processor.py:208} INFO - Processing /opt/homebrew/Caskroom/miniconda/base/envs/airflow_env/lib/python3.9/site-packages/airflow/example_dags/example_inlet_event_extra.py took 0.098 seconds
[2024-10-13T15:19:11.271+0100] {processor.py:186} INFO - Started process (PID=68265) to work on /opt/homebrew/Caskroom/miniconda/base/envs/airflow_env/lib/python3.9/site-packages/airflow/example_dags/example_inlet_event_extra.py
[2024-10-13T15:19:11.272+0100] {processor.py:914} INFO - Processing file /opt/homebrew/Caskroom/miniconda/base/envs/airflow_env/lib/python3.9/site-packages/airflow/example_dags/example_inlet_event_extra.py for tasks to queue
[2024-10-13T15:19:11.272+0100] {logging_mixin.py:190} INFO - [2024-10-13T15:19:11.272+0100] {dagbag.py:588} INFO - Filling up the DagBag from /opt/homebrew/Caskroom/miniconda/base/envs/airflow_env/lib/python3.9/site-packages/airflow/example_dags/example_inlet_event_extra.py
[2024-10-13T15:19:11.322+0100] {processor.py:925} INFO - DAG(s) 'read_dataset_event', 'read_dataset_event_from_classic' retrieved from /opt/homebrew/Caskroom/miniconda/base/envs/airflow_env/lib/python3.9/site-packages/airflow/example_dags/example_inlet_event_extra.py
[2024-10-13T15:19:11.356+0100] {logging_mixin.py:190} INFO - [2024-10-13T15:19:11.356+0100] {dag.py:3239} INFO - Sync 2 DAGs
[2024-10-13T15:19:11.362+0100] {logging_mixin.py:190} INFO - [2024-10-13T15:19:11.362+0100] {dag.py:4180} INFO - Setting next_dagrun for read_dataset_event to 2024-10-12 00:00:00+00:00, run_after=2024-10-13 00:00:00+00:00
[2024-10-13T15:19:11.363+0100] {logging_mixin.py:190} INFO - [2024-10-13T15:19:11.363+0100] {dag.py:4180} INFO - Setting next_dagrun for read_dataset_event_from_classic to 2024-10-12 00:00:00+00:00, run_after=2024-10-13 00:00:00+00:00
[2024-10-13T15:19:11.369+0100] {processor.py:208} INFO - Processing /opt/homebrew/Caskroom/miniconda/base/envs/airflow_env/lib/python3.9/site-packages/airflow/example_dags/example_inlet_event_extra.py took 0.100 seconds
[2024-10-13T15:21:23.130+0100] {processor.py:186} INFO - Started process (PID=68389) to work on /opt/homebrew/Caskroom/miniconda/base/envs/airflow_env/lib/python3.9/site-packages/airflow/example_dags/example_inlet_event_extra.py
[2024-10-13T15:21:23.130+0100] {processor.py:914} INFO - Processing file /opt/homebrew/Caskroom/miniconda/base/envs/airflow_env/lib/python3.9/site-packages/airflow/example_dags/example_inlet_event_extra.py for tasks to queue
[2024-10-13T15:21:23.130+0100] {logging_mixin.py:190} INFO - [2024-10-13T15:21:23.130+0100] {dagbag.py:588} INFO - Filling up the DagBag from /opt/homebrew/Caskroom/miniconda/base/envs/airflow_env/lib/python3.9/site-packages/airflow/example_dags/example_inlet_event_extra.py
[2024-10-13T15:21:23.176+0100] {processor.py:925} INFO - DAG(s) 'read_dataset_event_from_classic', 'read_dataset_event' retrieved from /opt/homebrew/Caskroom/miniconda/base/envs/airflow_env/lib/python3.9/site-packages/airflow/example_dags/example_inlet_event_extra.py
[2024-10-13T15:21:23.210+0100] {logging_mixin.py:190} INFO - [2024-10-13T15:21:23.210+0100] {dag.py:3239} INFO - Sync 2 DAGs
[2024-10-13T15:21:23.216+0100] {logging_mixin.py:190} INFO - [2024-10-13T15:21:23.216+0100] {dag.py:4180} INFO - Setting next_dagrun for read_dataset_event to 2024-10-12 00:00:00+00:00, run_after=2024-10-13 00:00:00+00:00
[2024-10-13T15:21:23.217+0100] {logging_mixin.py:190} INFO - [2024-10-13T15:21:23.217+0100] {dag.py:4180} INFO - Setting next_dagrun for read_dataset_event_from_classic to 2024-10-12 00:00:00+00:00, run_after=2024-10-13 00:00:00+00:00
[2024-10-13T15:21:23.223+0100] {processor.py:208} INFO - Processing /opt/homebrew/Caskroom/miniconda/base/envs/airflow_env/lib/python3.9/site-packages/airflow/example_dags/example_inlet_event_extra.py took 0.095 seconds
[2024-10-13T15:23:27.103+0100] {processor.py:186} INFO - Started process (PID=68594) to work on /opt/homebrew/Caskroom/miniconda/base/envs/airflow_env/lib/python3.9/site-packages/airflow/example_dags/example_inlet_event_extra.py
[2024-10-13T15:23:27.103+0100] {processor.py:914} INFO - Processing file /opt/homebrew/Caskroom/miniconda/base/envs/airflow_env/lib/python3.9/site-packages/airflow/example_dags/example_inlet_event_extra.py for tasks to queue
[2024-10-13T15:23:27.104+0100] {logging_mixin.py:190} INFO - [2024-10-13T15:23:27.104+0100] {dagbag.py:588} INFO - Filling up the DagBag from /opt/homebrew/Caskroom/miniconda/base/envs/airflow_env/lib/python3.9/site-packages/airflow/example_dags/example_inlet_event_extra.py
[2024-10-13T15:23:27.148+0100] {processor.py:925} INFO - DAG(s) 'read_dataset_event_from_classic', 'read_dataset_event' retrieved from /opt/homebrew/Caskroom/miniconda/base/envs/airflow_env/lib/python3.9/site-packages/airflow/example_dags/example_inlet_event_extra.py
[2024-10-13T15:23:27.180+0100] {logging_mixin.py:190} INFO - [2024-10-13T15:23:27.180+0100] {dag.py:3239} INFO - Sync 2 DAGs
[2024-10-13T15:23:27.187+0100] {logging_mixin.py:190} INFO - [2024-10-13T15:23:27.187+0100] {dag.py:4180} INFO - Setting next_dagrun for read_dataset_event to 2024-10-12 00:00:00+00:00, run_after=2024-10-13 00:00:00+00:00
[2024-10-13T15:23:27.188+0100] {logging_mixin.py:190} INFO - [2024-10-13T15:23:27.188+0100] {dag.py:4180} INFO - Setting next_dagrun for read_dataset_event_from_classic to 2024-10-12 00:00:00+00:00, run_after=2024-10-13 00:00:00+00:00
[2024-10-13T15:23:27.194+0100] {processor.py:208} INFO - Processing /opt/homebrew/Caskroom/miniconda/base/envs/airflow_env/lib/python3.9/site-packages/airflow/example_dags/example_inlet_event_extra.py took 0.093 seconds
[2024-10-13T15:25:39.352+0100] {processor.py:186} INFO - Started process (PID=68729) to work on /opt/homebrew/Caskroom/miniconda/base/envs/airflow_env/lib/python3.9/site-packages/airflow/example_dags/example_inlet_event_extra.py
[2024-10-13T15:25:39.353+0100] {processor.py:914} INFO - Processing file /opt/homebrew/Caskroom/miniconda/base/envs/airflow_env/lib/python3.9/site-packages/airflow/example_dags/example_inlet_event_extra.py for tasks to queue
[2024-10-13T15:25:39.353+0100] {logging_mixin.py:190} INFO - [2024-10-13T15:25:39.353+0100] {dagbag.py:588} INFO - Filling up the DagBag from /opt/homebrew/Caskroom/miniconda/base/envs/airflow_env/lib/python3.9/site-packages/airflow/example_dags/example_inlet_event_extra.py
[2024-10-13T15:25:39.402+0100] {processor.py:925} INFO - DAG(s) 'read_dataset_event', 'read_dataset_event_from_classic' retrieved from /opt/homebrew/Caskroom/miniconda/base/envs/airflow_env/lib/python3.9/site-packages/airflow/example_dags/example_inlet_event_extra.py
[2024-10-13T15:25:39.436+0100] {logging_mixin.py:190} INFO - [2024-10-13T15:25:39.436+0100] {dag.py:3239} INFO - Sync 2 DAGs
[2024-10-13T15:25:39.442+0100] {logging_mixin.py:190} INFO - [2024-10-13T15:25:39.442+0100] {dag.py:4180} INFO - Setting next_dagrun for read_dataset_event to 2024-10-12 00:00:00+00:00, run_after=2024-10-13 00:00:00+00:00
[2024-10-13T15:25:39.443+0100] {logging_mixin.py:190} INFO - [2024-10-13T15:25:39.443+0100] {dag.py:4180} INFO - Setting next_dagrun for read_dataset_event_from_classic to 2024-10-12 00:00:00+00:00, run_after=2024-10-13 00:00:00+00:00
[2024-10-13T15:25:39.449+0100] {processor.py:208} INFO - Processing /opt/homebrew/Caskroom/miniconda/base/envs/airflow_env/lib/python3.9/site-packages/airflow/example_dags/example_inlet_event_extra.py took 0.099 seconds
