[2024-10-13T14:09:24.410+0100] {processor.py:186} INFO - Started process (PID=67253) to work on /opt/homebrew/Caskroom/miniconda/base/envs/airflow_env/lib/python3.9/site-packages/airflow/example_dags/example_dataset_alias.py
[2024-10-13T14:09:24.410+0100] {processor.py:914} INFO - Processing file /opt/homebrew/Caskroom/miniconda/base/envs/airflow_env/lib/python3.9/site-packages/airflow/example_dags/example_dataset_alias.py for tasks to queue
[2024-10-13T14:09:24.411+0100] {logging_mixin.py:190} INFO - [2024-10-13T14:09:24.411+0100] {dagbag.py:588} INFO - Filling up the DagBag from /opt/homebrew/Caskroom/miniconda/base/envs/airflow_env/lib/python3.9/site-packages/airflow/example_dags/example_dataset_alias.py
[2024-10-13T14:09:24.484+0100] {processor.py:925} INFO - DAG(s) 'dataset_s3_bucket_consumer', 'dataset_alias_example_alias_producer', 'dataset_s3_bucket_producer', 'dataset_alias_example_alias_consumer' retrieved from /opt/homebrew/Caskroom/miniconda/base/envs/airflow_env/lib/python3.9/site-packages/airflow/example_dags/example_dataset_alias.py
[2024-10-13T14:09:24.519+0100] {logging_mixin.py:190} INFO - [2024-10-13T14:09:24.518+0100] {override.py:1901} INFO - Created Permission View: can read on DAG:dataset_s3_bucket_consumer
[2024-10-13T14:09:24.521+0100] {logging_mixin.py:190} INFO - [2024-10-13T14:09:24.521+0100] {override.py:1901} INFO - Created Permission View: can edit on DAG:dataset_s3_bucket_consumer
[2024-10-13T14:09:24.523+0100] {logging_mixin.py:190} INFO - [2024-10-13T14:09:24.523+0100] {override.py:1901} INFO - Created Permission View: can delete on DAG:dataset_s3_bucket_consumer
[2024-10-13T14:09:24.526+0100] {logging_mixin.py:190} INFO - [2024-10-13T14:09:24.526+0100] {override.py:1901} INFO - Created Permission View: can read on DAG Run:dataset_s3_bucket_consumer
[2024-10-13T14:09:24.528+0100] {logging_mixin.py:190} INFO - [2024-10-13T14:09:24.528+0100] {override.py:1901} INFO - Created Permission View: menu access on DAG Run:dataset_s3_bucket_consumer
[2024-10-13T14:09:24.530+0100] {logging_mixin.py:190} INFO - [2024-10-13T14:09:24.530+0100] {override.py:1901} INFO - Created Permission View: can delete on DAG Run:dataset_s3_bucket_consumer
[2024-10-13T14:09:24.531+0100] {logging_mixin.py:190} INFO - [2024-10-13T14:09:24.531+0100] {override.py:1901} INFO - Created Permission View: can create on DAG Run:dataset_s3_bucket_consumer
[2024-10-13T14:09:24.536+0100] {logging_mixin.py:190} INFO - [2024-10-13T14:09:24.536+0100] {override.py:1901} INFO - Created Permission View: can read on DAG:dataset_alias_example_alias_producer
[2024-10-13T14:09:24.538+0100] {logging_mixin.py:190} INFO - [2024-10-13T14:09:24.538+0100] {override.py:1901} INFO - Created Permission View: can edit on DAG:dataset_alias_example_alias_producer
[2024-10-13T14:09:24.539+0100] {logging_mixin.py:190} INFO - [2024-10-13T14:09:24.539+0100] {override.py:1901} INFO - Created Permission View: can delete on DAG:dataset_alias_example_alias_producer
[2024-10-13T14:09:24.542+0100] {logging_mixin.py:190} INFO - [2024-10-13T14:09:24.542+0100] {override.py:1901} INFO - Created Permission View: can read on DAG Run:dataset_alias_example_alias_producer
[2024-10-13T14:09:24.544+0100] {logging_mixin.py:190} INFO - [2024-10-13T14:09:24.543+0100] {override.py:1901} INFO - Created Permission View: menu access on DAG Run:dataset_alias_example_alias_producer
[2024-10-13T14:09:24.545+0100] {logging_mixin.py:190} INFO - [2024-10-13T14:09:24.545+0100] {override.py:1901} INFO - Created Permission View: can delete on DAG Run:dataset_alias_example_alias_producer
[2024-10-13T14:09:24.547+0100] {logging_mixin.py:190} INFO - [2024-10-13T14:09:24.547+0100] {override.py:1901} INFO - Created Permission View: can create on DAG Run:dataset_alias_example_alias_producer
[2024-10-13T14:09:24.551+0100] {logging_mixin.py:190} INFO - [2024-10-13T14:09:24.551+0100] {override.py:1901} INFO - Created Permission View: can read on DAG:dataset_s3_bucket_producer
[2024-10-13T14:09:24.553+0100] {logging_mixin.py:190} INFO - [2024-10-13T14:09:24.553+0100] {override.py:1901} INFO - Created Permission View: can edit on DAG:dataset_s3_bucket_producer
[2024-10-13T14:09:24.555+0100] {logging_mixin.py:190} INFO - [2024-10-13T14:09:24.555+0100] {override.py:1901} INFO - Created Permission View: can delete on DAG:dataset_s3_bucket_producer
[2024-10-13T14:09:24.557+0100] {logging_mixin.py:190} INFO - [2024-10-13T14:09:24.557+0100] {override.py:1901} INFO - Created Permission View: can read on DAG Run:dataset_s3_bucket_producer
[2024-10-13T14:09:24.559+0100] {logging_mixin.py:190} INFO - [2024-10-13T14:09:24.559+0100] {override.py:1901} INFO - Created Permission View: menu access on DAG Run:dataset_s3_bucket_producer
[2024-10-13T14:09:24.561+0100] {logging_mixin.py:190} INFO - [2024-10-13T14:09:24.561+0100] {override.py:1901} INFO - Created Permission View: can delete on DAG Run:dataset_s3_bucket_producer
[2024-10-13T14:09:24.563+0100] {logging_mixin.py:190} INFO - [2024-10-13T14:09:24.563+0100] {override.py:1901} INFO - Created Permission View: can create on DAG Run:dataset_s3_bucket_producer
[2024-10-13T14:09:24.567+0100] {logging_mixin.py:190} INFO - [2024-10-13T14:09:24.567+0100] {override.py:1901} INFO - Created Permission View: can read on DAG:dataset_alias_example_alias_consumer
[2024-10-13T14:09:24.569+0100] {logging_mixin.py:190} INFO - [2024-10-13T14:09:24.569+0100] {override.py:1901} INFO - Created Permission View: can edit on DAG:dataset_alias_example_alias_consumer
[2024-10-13T14:09:24.571+0100] {logging_mixin.py:190} INFO - [2024-10-13T14:09:24.571+0100] {override.py:1901} INFO - Created Permission View: can delete on DAG:dataset_alias_example_alias_consumer
[2024-10-13T14:09:24.573+0100] {logging_mixin.py:190} INFO - [2024-10-13T14:09:24.573+0100] {override.py:1901} INFO - Created Permission View: can read on DAG Run:dataset_alias_example_alias_consumer
[2024-10-13T14:09:24.575+0100] {logging_mixin.py:190} INFO - [2024-10-13T14:09:24.575+0100] {override.py:1901} INFO - Created Permission View: menu access on DAG Run:dataset_alias_example_alias_consumer
[2024-10-13T14:09:24.577+0100] {logging_mixin.py:190} INFO - [2024-10-13T14:09:24.577+0100] {override.py:1901} INFO - Created Permission View: can delete on DAG Run:dataset_alias_example_alias_consumer
[2024-10-13T14:09:24.579+0100] {logging_mixin.py:190} INFO - [2024-10-13T14:09:24.579+0100] {override.py:1901} INFO - Created Permission View: can create on DAG Run:dataset_alias_example_alias_consumer
[2024-10-13T14:09:24.579+0100] {logging_mixin.py:190} INFO - [2024-10-13T14:09:24.579+0100] {dag.py:3239} INFO - Sync 4 DAGs
[2024-10-13T14:09:24.583+0100] {logging_mixin.py:190} INFO - [2024-10-13T14:09:24.583+0100] {dag.py:3262} INFO - Creating ORM DAG for dataset_alias_example_alias_producer
[2024-10-13T14:09:24.584+0100] {logging_mixin.py:190} INFO - [2024-10-13T14:09:24.584+0100] {dag.py:3262} INFO - Creating ORM DAG for dataset_alias_example_alias_consumer
[2024-10-13T14:09:24.584+0100] {logging_mixin.py:190} INFO - [2024-10-13T14:09:24.584+0100] {dag.py:3262} INFO - Creating ORM DAG for dataset_s3_bucket_consumer
[2024-10-13T14:09:24.584+0100] {logging_mixin.py:190} INFO - [2024-10-13T14:09:24.584+0100] {dag.py:3262} INFO - Creating ORM DAG for dataset_s3_bucket_producer
[2024-10-13T14:09:24.586+0100] {logging_mixin.py:190} INFO - [2024-10-13T14:09:24.586+0100] {dag.py:4180} INFO - Setting next_dagrun for dataset_alias_example_alias_consumer to None, run_after=None
[2024-10-13T14:09:24.587+0100] {logging_mixin.py:190} INFO - [2024-10-13T14:09:24.587+0100] {dag.py:4180} INFO - Setting next_dagrun for dataset_alias_example_alias_producer to None, run_after=None
[2024-10-13T14:09:24.587+0100] {logging_mixin.py:190} INFO - [2024-10-13T14:09:24.587+0100] {dag.py:4180} INFO - Setting next_dagrun for dataset_s3_bucket_consumer to None, run_after=None
[2024-10-13T14:09:24.587+0100] {logging_mixin.py:190} INFO - [2024-10-13T14:09:24.587+0100] {dag.py:4180} INFO - Setting next_dagrun for dataset_s3_bucket_producer to None, run_after=None
[2024-10-13T14:09:24.591+0100] {logging_mixin.py:190} INFO - [2024-10-13T14:09:24.591+0100] {workday.py:41} WARNING - Could not import pandas. Holidays will not be considered.
[2024-10-13T14:09:24.597+0100] {processor.py:208} INFO - Processing /opt/homebrew/Caskroom/miniconda/base/envs/airflow_env/lib/python3.9/site-packages/airflow/example_dags/example_dataset_alias.py took 0.189 seconds
[2024-10-13T14:11:37.697+0100] {processor.py:186} INFO - Started process (PID=67387) to work on /opt/homebrew/Caskroom/miniconda/base/envs/airflow_env/lib/python3.9/site-packages/airflow/example_dags/example_dataset_alias.py
[2024-10-13T14:11:37.698+0100] {processor.py:914} INFO - Processing file /opt/homebrew/Caskroom/miniconda/base/envs/airflow_env/lib/python3.9/site-packages/airflow/example_dags/example_dataset_alias.py for tasks to queue
[2024-10-13T14:11:37.699+0100] {logging_mixin.py:190} INFO - [2024-10-13T14:11:37.699+0100] {dagbag.py:588} INFO - Filling up the DagBag from /opt/homebrew/Caskroom/miniconda/base/envs/airflow_env/lib/python3.9/site-packages/airflow/example_dags/example_dataset_alias.py
[2024-10-13T14:11:37.770+0100] {processor.py:925} INFO - DAG(s) 'dataset_alias_example_alias_consumer', 'dataset_s3_bucket_producer', 'dataset_s3_bucket_consumer', 'dataset_alias_example_alias_producer' retrieved from /opt/homebrew/Caskroom/miniconda/base/envs/airflow_env/lib/python3.9/site-packages/airflow/example_dags/example_dataset_alias.py
[2024-10-13T14:11:37.778+0100] {logging_mixin.py:190} INFO - [2024-10-13T14:11:37.778+0100] {dag.py:3239} INFO - Sync 4 DAGs
[2024-10-13T14:11:37.784+0100] {logging_mixin.py:190} INFO - [2024-10-13T14:11:37.784+0100] {dag.py:4180} INFO - Setting next_dagrun for dataset_alias_example_alias_consumer to None, run_after=None
[2024-10-13T14:11:37.785+0100] {logging_mixin.py:190} INFO - [2024-10-13T14:11:37.785+0100] {dag.py:4180} INFO - Setting next_dagrun for dataset_alias_example_alias_producer to None, run_after=None
[2024-10-13T14:11:37.785+0100] {logging_mixin.py:190} INFO - [2024-10-13T14:11:37.785+0100] {dag.py:4180} INFO - Setting next_dagrun for dataset_s3_bucket_consumer to None, run_after=None
[2024-10-13T14:11:37.785+0100] {logging_mixin.py:190} INFO - [2024-10-13T14:11:37.785+0100] {dag.py:4180} INFO - Setting next_dagrun for dataset_s3_bucket_producer to None, run_after=None
[2024-10-13T14:11:37.792+0100] {processor.py:208} INFO - Processing /opt/homebrew/Caskroom/miniconda/base/envs/airflow_env/lib/python3.9/site-packages/airflow/example_dags/example_dataset_alias.py took 0.097 seconds
[2024-10-13T14:13:42.393+0100] {processor.py:186} INFO - Started process (PID=67560) to work on /opt/homebrew/Caskroom/miniconda/base/envs/airflow_env/lib/python3.9/site-packages/airflow/example_dags/example_dataset_alias.py
[2024-10-13T14:13:42.393+0100] {processor.py:914} INFO - Processing file /opt/homebrew/Caskroom/miniconda/base/envs/airflow_env/lib/python3.9/site-packages/airflow/example_dags/example_dataset_alias.py for tasks to queue
[2024-10-13T14:13:42.394+0100] {logging_mixin.py:190} INFO - [2024-10-13T14:13:42.394+0100] {dagbag.py:588} INFO - Filling up the DagBag from /opt/homebrew/Caskroom/miniconda/base/envs/airflow_env/lib/python3.9/site-packages/airflow/example_dags/example_dataset_alias.py
[2024-10-13T14:13:42.466+0100] {processor.py:925} INFO - DAG(s) 'dataset_alias_example_alias_consumer', 'dataset_alias_example_alias_producer', 'dataset_s3_bucket_producer', 'dataset_s3_bucket_consumer' retrieved from /opt/homebrew/Caskroom/miniconda/base/envs/airflow_env/lib/python3.9/site-packages/airflow/example_dags/example_dataset_alias.py
[2024-10-13T14:13:42.475+0100] {logging_mixin.py:190} INFO - [2024-10-13T14:13:42.475+0100] {dag.py:3239} INFO - Sync 4 DAGs
[2024-10-13T14:13:42.480+0100] {logging_mixin.py:190} INFO - [2024-10-13T14:13:42.480+0100] {dag.py:4180} INFO - Setting next_dagrun for dataset_alias_example_alias_consumer to None, run_after=None
[2024-10-13T14:13:42.481+0100] {logging_mixin.py:190} INFO - [2024-10-13T14:13:42.481+0100] {dag.py:4180} INFO - Setting next_dagrun for dataset_alias_example_alias_producer to None, run_after=None
[2024-10-13T14:13:42.481+0100] {logging_mixin.py:190} INFO - [2024-10-13T14:13:42.481+0100] {dag.py:4180} INFO - Setting next_dagrun for dataset_s3_bucket_consumer to None, run_after=None
[2024-10-13T14:13:42.482+0100] {logging_mixin.py:190} INFO - [2024-10-13T14:13:42.482+0100] {dag.py:4180} INFO - Setting next_dagrun for dataset_s3_bucket_producer to None, run_after=None
[2024-10-13T14:13:42.489+0100] {processor.py:208} INFO - Processing /opt/homebrew/Caskroom/miniconda/base/envs/airflow_env/lib/python3.9/site-packages/airflow/example_dags/example_dataset_alias.py took 0.098 seconds
[2024-10-13T14:15:55.287+0100] {processor.py:186} INFO - Started process (PID=67675) to work on /opt/homebrew/Caskroom/miniconda/base/envs/airflow_env/lib/python3.9/site-packages/airflow/example_dags/example_dataset_alias.py
[2024-10-13T14:15:55.288+0100] {processor.py:914} INFO - Processing file /opt/homebrew/Caskroom/miniconda/base/envs/airflow_env/lib/python3.9/site-packages/airflow/example_dags/example_dataset_alias.py for tasks to queue
[2024-10-13T14:15:55.288+0100] {logging_mixin.py:190} INFO - [2024-10-13T14:15:55.288+0100] {dagbag.py:588} INFO - Filling up the DagBag from /opt/homebrew/Caskroom/miniconda/base/envs/airflow_env/lib/python3.9/site-packages/airflow/example_dags/example_dataset_alias.py
[2024-10-13T14:15:55.365+0100] {processor.py:925} INFO - DAG(s) 'dataset_s3_bucket_producer', 'dataset_s3_bucket_consumer', 'dataset_alias_example_alias_consumer', 'dataset_alias_example_alias_producer' retrieved from /opt/homebrew/Caskroom/miniconda/base/envs/airflow_env/lib/python3.9/site-packages/airflow/example_dags/example_dataset_alias.py
[2024-10-13T14:15:55.374+0100] {logging_mixin.py:190} INFO - [2024-10-13T14:15:55.374+0100] {dag.py:3239} INFO - Sync 4 DAGs
[2024-10-13T14:15:55.380+0100] {logging_mixin.py:190} INFO - [2024-10-13T14:15:55.380+0100] {dag.py:4180} INFO - Setting next_dagrun for dataset_alias_example_alias_consumer to None, run_after=None
[2024-10-13T14:15:55.381+0100] {logging_mixin.py:190} INFO - [2024-10-13T14:15:55.381+0100] {dag.py:4180} INFO - Setting next_dagrun for dataset_alias_example_alias_producer to None, run_after=None
[2024-10-13T14:15:55.381+0100] {logging_mixin.py:190} INFO - [2024-10-13T14:15:55.381+0100] {dag.py:4180} INFO - Setting next_dagrun for dataset_s3_bucket_consumer to None, run_after=None
[2024-10-13T14:15:55.382+0100] {logging_mixin.py:190} INFO - [2024-10-13T14:15:55.382+0100] {dag.py:4180} INFO - Setting next_dagrun for dataset_s3_bucket_producer to None, run_after=None
[2024-10-13T14:15:55.389+0100] {processor.py:208} INFO - Processing /opt/homebrew/Caskroom/miniconda/base/envs/airflow_env/lib/python3.9/site-packages/airflow/example_dags/example_dataset_alias.py took 0.104 seconds
[2024-10-13T15:13:21.667+0100] {processor.py:186} INFO - Started process (PID=67842) to work on /opt/homebrew/Caskroom/miniconda/base/envs/airflow_env/lib/python3.9/site-packages/airflow/example_dags/example_dataset_alias.py
[2024-10-13T15:13:21.668+0100] {processor.py:914} INFO - Processing file /opt/homebrew/Caskroom/miniconda/base/envs/airflow_env/lib/python3.9/site-packages/airflow/example_dags/example_dataset_alias.py for tasks to queue
[2024-10-13T15:13:21.669+0100] {logging_mixin.py:190} INFO - [2024-10-13T15:13:21.669+0100] {dagbag.py:588} INFO - Filling up the DagBag from /opt/homebrew/Caskroom/miniconda/base/envs/airflow_env/lib/python3.9/site-packages/airflow/example_dags/example_dataset_alias.py
[2024-10-13T15:13:21.805+0100] {processor.py:925} INFO - DAG(s) 'dataset_s3_bucket_producer', 'dataset_alias_example_alias_producer', 'dataset_alias_example_alias_consumer', 'dataset_s3_bucket_consumer' retrieved from /opt/homebrew/Caskroom/miniconda/base/envs/airflow_env/lib/python3.9/site-packages/airflow/example_dags/example_dataset_alias.py
[2024-10-13T15:13:21.815+0100] {logging_mixin.py:190} INFO - [2024-10-13T15:13:21.815+0100] {dag.py:3239} INFO - Sync 4 DAGs
[2024-10-13T15:13:21.823+0100] {logging_mixin.py:190} INFO - [2024-10-13T15:13:21.823+0100] {dag.py:4180} INFO - Setting next_dagrun for dataset_alias_example_alias_consumer to None, run_after=None
[2024-10-13T15:13:21.823+0100] {logging_mixin.py:190} INFO - [2024-10-13T15:13:21.823+0100] {dag.py:4180} INFO - Setting next_dagrun for dataset_alias_example_alias_producer to None, run_after=None
[2024-10-13T15:13:21.824+0100] {logging_mixin.py:190} INFO - [2024-10-13T15:13:21.824+0100] {dag.py:4180} INFO - Setting next_dagrun for dataset_s3_bucket_consumer to None, run_after=None
[2024-10-13T15:13:21.824+0100] {logging_mixin.py:190} INFO - [2024-10-13T15:13:21.824+0100] {dag.py:4180} INFO - Setting next_dagrun for dataset_s3_bucket_producer to None, run_after=None
[2024-10-13T15:13:21.832+0100] {processor.py:208} INFO - Processing /opt/homebrew/Caskroom/miniconda/base/envs/airflow_env/lib/python3.9/site-packages/airflow/example_dags/example_dataset_alias.py took 0.169 seconds
[2024-10-13T15:15:42.878+0100] {processor.py:186} INFO - Started process (PID=68057) to work on /opt/homebrew/Caskroom/miniconda/base/envs/airflow_env/lib/python3.9/site-packages/airflow/example_dags/example_dataset_alias.py
[2024-10-13T15:15:42.879+0100] {processor.py:914} INFO - Processing file /opt/homebrew/Caskroom/miniconda/base/envs/airflow_env/lib/python3.9/site-packages/airflow/example_dags/example_dataset_alias.py for tasks to queue
[2024-10-13T15:15:42.879+0100] {logging_mixin.py:190} INFO - [2024-10-13T15:15:42.879+0100] {dagbag.py:588} INFO - Filling up the DagBag from /opt/homebrew/Caskroom/miniconda/base/envs/airflow_env/lib/python3.9/site-packages/airflow/example_dags/example_dataset_alias.py
[2024-10-13T15:15:42.951+0100] {processor.py:925} INFO - DAG(s) 'dataset_s3_bucket_producer', 'dataset_alias_example_alias_producer', 'dataset_s3_bucket_consumer', 'dataset_alias_example_alias_consumer' retrieved from /opt/homebrew/Caskroom/miniconda/base/envs/airflow_env/lib/python3.9/site-packages/airflow/example_dags/example_dataset_alias.py
[2024-10-13T15:15:42.959+0100] {logging_mixin.py:190} INFO - [2024-10-13T15:15:42.959+0100] {dag.py:3239} INFO - Sync 4 DAGs
[2024-10-13T15:15:42.965+0100] {logging_mixin.py:190} INFO - [2024-10-13T15:15:42.965+0100] {dag.py:4180} INFO - Setting next_dagrun for dataset_alias_example_alias_consumer to None, run_after=None
[2024-10-13T15:15:42.965+0100] {logging_mixin.py:190} INFO - [2024-10-13T15:15:42.965+0100] {dag.py:4180} INFO - Setting next_dagrun for dataset_alias_example_alias_producer to None, run_after=None
[2024-10-13T15:15:42.966+0100] {logging_mixin.py:190} INFO - [2024-10-13T15:15:42.966+0100] {dag.py:4180} INFO - Setting next_dagrun for dataset_s3_bucket_consumer to None, run_after=None
[2024-10-13T15:15:42.966+0100] {logging_mixin.py:190} INFO - [2024-10-13T15:15:42.966+0100] {dag.py:4180} INFO - Setting next_dagrun for dataset_s3_bucket_producer to None, run_after=None
[2024-10-13T15:15:42.973+0100] {processor.py:208} INFO - Processing /opt/homebrew/Caskroom/miniconda/base/envs/airflow_env/lib/python3.9/site-packages/airflow/example_dags/example_dataset_alias.py took 0.096 seconds
[2024-10-13T15:17:54.245+0100] {processor.py:186} INFO - Started process (PID=68177) to work on /opt/homebrew/Caskroom/miniconda/base/envs/airflow_env/lib/python3.9/site-packages/airflow/example_dags/example_dataset_alias.py
[2024-10-13T15:17:54.247+0100] {processor.py:914} INFO - Processing file /opt/homebrew/Caskroom/miniconda/base/envs/airflow_env/lib/python3.9/site-packages/airflow/example_dags/example_dataset_alias.py for tasks to queue
[2024-10-13T15:17:54.247+0100] {logging_mixin.py:190} INFO - [2024-10-13T15:17:54.247+0100] {dagbag.py:588} INFO - Filling up the DagBag from /opt/homebrew/Caskroom/miniconda/base/envs/airflow_env/lib/python3.9/site-packages/airflow/example_dags/example_dataset_alias.py
[2024-10-13T15:17:54.325+0100] {processor.py:925} INFO - DAG(s) 'dataset_alias_example_alias_consumer', 'dataset_s3_bucket_producer', 'dataset_alias_example_alias_producer', 'dataset_s3_bucket_consumer' retrieved from /opt/homebrew/Caskroom/miniconda/base/envs/airflow_env/lib/python3.9/site-packages/airflow/example_dags/example_dataset_alias.py
[2024-10-13T15:17:54.334+0100] {logging_mixin.py:190} INFO - [2024-10-13T15:17:54.334+0100] {dag.py:3239} INFO - Sync 4 DAGs
[2024-10-13T15:17:54.340+0100] {logging_mixin.py:190} INFO - [2024-10-13T15:17:54.340+0100] {dag.py:4180} INFO - Setting next_dagrun for dataset_alias_example_alias_consumer to None, run_after=None
[2024-10-13T15:17:54.340+0100] {logging_mixin.py:190} INFO - [2024-10-13T15:17:54.340+0100] {dag.py:4180} INFO - Setting next_dagrun for dataset_alias_example_alias_producer to None, run_after=None
[2024-10-13T15:17:54.341+0100] {logging_mixin.py:190} INFO - [2024-10-13T15:17:54.341+0100] {dag.py:4180} INFO - Setting next_dagrun for dataset_s3_bucket_consumer to None, run_after=None
[2024-10-13T15:17:54.341+0100] {logging_mixin.py:190} INFO - [2024-10-13T15:17:54.341+0100] {dag.py:4180} INFO - Setting next_dagrun for dataset_s3_bucket_producer to None, run_after=None
[2024-10-13T15:17:54.348+0100] {processor.py:208} INFO - Processing /opt/homebrew/Caskroom/miniconda/base/envs/airflow_env/lib/python3.9/site-packages/airflow/example_dags/example_dataset_alias.py took 0.104 seconds
[2024-10-13T15:20:07.433+0100] {processor.py:186} INFO - Started process (PID=68309) to work on /opt/homebrew/Caskroom/miniconda/base/envs/airflow_env/lib/python3.9/site-packages/airflow/example_dags/example_dataset_alias.py
[2024-10-13T15:20:07.433+0100] {processor.py:914} INFO - Processing file /opt/homebrew/Caskroom/miniconda/base/envs/airflow_env/lib/python3.9/site-packages/airflow/example_dags/example_dataset_alias.py for tasks to queue
[2024-10-13T15:20:07.434+0100] {logging_mixin.py:190} INFO - [2024-10-13T15:20:07.434+0100] {dagbag.py:588} INFO - Filling up the DagBag from /opt/homebrew/Caskroom/miniconda/base/envs/airflow_env/lib/python3.9/site-packages/airflow/example_dags/example_dataset_alias.py
[2024-10-13T15:20:07.507+0100] {processor.py:925} INFO - DAG(s) 'dataset_s3_bucket_consumer', 'dataset_s3_bucket_producer', 'dataset_alias_example_alias_producer', 'dataset_alias_example_alias_consumer' retrieved from /opt/homebrew/Caskroom/miniconda/base/envs/airflow_env/lib/python3.9/site-packages/airflow/example_dags/example_dataset_alias.py
[2024-10-13T15:20:07.515+0100] {logging_mixin.py:190} INFO - [2024-10-13T15:20:07.515+0100] {dag.py:3239} INFO - Sync 4 DAGs
[2024-10-13T15:20:07.521+0100] {logging_mixin.py:190} INFO - [2024-10-13T15:20:07.521+0100] {dag.py:4180} INFO - Setting next_dagrun for dataset_alias_example_alias_consumer to None, run_after=None
[2024-10-13T15:20:07.522+0100] {logging_mixin.py:190} INFO - [2024-10-13T15:20:07.522+0100] {dag.py:4180} INFO - Setting next_dagrun for dataset_alias_example_alias_producer to None, run_after=None
[2024-10-13T15:20:07.522+0100] {logging_mixin.py:190} INFO - [2024-10-13T15:20:07.522+0100] {dag.py:4180} INFO - Setting next_dagrun for dataset_s3_bucket_consumer to None, run_after=None
[2024-10-13T15:20:07.522+0100] {logging_mixin.py:190} INFO - [2024-10-13T15:20:07.522+0100] {dag.py:4180} INFO - Setting next_dagrun for dataset_s3_bucket_producer to None, run_after=None
[2024-10-13T15:20:07.530+0100] {processor.py:208} INFO - Processing /opt/homebrew/Caskroom/miniconda/base/envs/airflow_env/lib/python3.9/site-packages/airflow/example_dags/example_dataset_alias.py took 0.099 seconds
[2024-10-13T15:22:15.956+0100] {processor.py:186} INFO - Started process (PID=68496) to work on /opt/homebrew/Caskroom/miniconda/base/envs/airflow_env/lib/python3.9/site-packages/airflow/example_dags/example_dataset_alias.py
[2024-10-13T15:22:15.957+0100] {processor.py:914} INFO - Processing file /opt/homebrew/Caskroom/miniconda/base/envs/airflow_env/lib/python3.9/site-packages/airflow/example_dags/example_dataset_alias.py for tasks to queue
[2024-10-13T15:22:15.957+0100] {logging_mixin.py:190} INFO - [2024-10-13T15:22:15.957+0100] {dagbag.py:588} INFO - Filling up the DagBag from /opt/homebrew/Caskroom/miniconda/base/envs/airflow_env/lib/python3.9/site-packages/airflow/example_dags/example_dataset_alias.py
[2024-10-13T15:22:16.028+0100] {processor.py:925} INFO - DAG(s) 'dataset_alias_example_alias_consumer', 'dataset_s3_bucket_producer', 'dataset_alias_example_alias_producer', 'dataset_s3_bucket_consumer' retrieved from /opt/homebrew/Caskroom/miniconda/base/envs/airflow_env/lib/python3.9/site-packages/airflow/example_dags/example_dataset_alias.py
[2024-10-13T15:22:16.036+0100] {logging_mixin.py:190} INFO - [2024-10-13T15:22:16.036+0100] {dag.py:3239} INFO - Sync 4 DAGs
[2024-10-13T15:22:16.042+0100] {logging_mixin.py:190} INFO - [2024-10-13T15:22:16.042+0100] {dag.py:4180} INFO - Setting next_dagrun for dataset_alias_example_alias_consumer to None, run_after=None
[2024-10-13T15:22:16.042+0100] {logging_mixin.py:190} INFO - [2024-10-13T15:22:16.042+0100] {dag.py:4180} INFO - Setting next_dagrun for dataset_alias_example_alias_producer to None, run_after=None
[2024-10-13T15:22:16.043+0100] {logging_mixin.py:190} INFO - [2024-10-13T15:22:16.043+0100] {dag.py:4180} INFO - Setting next_dagrun for dataset_s3_bucket_consumer to None, run_after=None
[2024-10-13T15:22:16.043+0100] {logging_mixin.py:190} INFO - [2024-10-13T15:22:16.043+0100] {dag.py:4180} INFO - Setting next_dagrun for dataset_s3_bucket_producer to None, run_after=None
[2024-10-13T15:22:16.050+0100] {processor.py:208} INFO - Processing /opt/homebrew/Caskroom/miniconda/base/envs/airflow_env/lib/python3.9/site-packages/airflow/example_dags/example_dataset_alias.py took 0.096 seconds
[2024-10-13T15:24:23.070+0100] {processor.py:186} INFO - Started process (PID=68638) to work on /opt/homebrew/Caskroom/miniconda/base/envs/airflow_env/lib/python3.9/site-packages/airflow/example_dags/example_dataset_alias.py
[2024-10-13T15:24:23.072+0100] {processor.py:914} INFO - Processing file /opt/homebrew/Caskroom/miniconda/base/envs/airflow_env/lib/python3.9/site-packages/airflow/example_dags/example_dataset_alias.py for tasks to queue
[2024-10-13T15:24:23.072+0100] {logging_mixin.py:190} INFO - [2024-10-13T15:24:23.072+0100] {dagbag.py:588} INFO - Filling up the DagBag from /opt/homebrew/Caskroom/miniconda/base/envs/airflow_env/lib/python3.9/site-packages/airflow/example_dags/example_dataset_alias.py
[2024-10-13T15:24:23.150+0100] {processor.py:925} INFO - DAG(s) 'dataset_s3_bucket_producer', 'dataset_s3_bucket_consumer', 'dataset_alias_example_alias_consumer', 'dataset_alias_example_alias_producer' retrieved from /opt/homebrew/Caskroom/miniconda/base/envs/airflow_env/lib/python3.9/site-packages/airflow/example_dags/example_dataset_alias.py
[2024-10-13T15:24:23.159+0100] {logging_mixin.py:190} INFO - [2024-10-13T15:24:23.159+0100] {dag.py:3239} INFO - Sync 4 DAGs
[2024-10-13T15:24:23.165+0100] {logging_mixin.py:190} INFO - [2024-10-13T15:24:23.165+0100] {dag.py:4180} INFO - Setting next_dagrun for dataset_alias_example_alias_consumer to None, run_after=None
[2024-10-13T15:24:23.166+0100] {logging_mixin.py:190} INFO - [2024-10-13T15:24:23.166+0100] {dag.py:4180} INFO - Setting next_dagrun for dataset_alias_example_alias_producer to None, run_after=None
[2024-10-13T15:24:23.166+0100] {logging_mixin.py:190} INFO - [2024-10-13T15:24:23.166+0100] {dag.py:4180} INFO - Setting next_dagrun for dataset_s3_bucket_consumer to None, run_after=None
[2024-10-13T15:24:23.166+0100] {logging_mixin.py:190} INFO - [2024-10-13T15:24:23.166+0100] {dag.py:4180} INFO - Setting next_dagrun for dataset_s3_bucket_producer to None, run_after=None
[2024-10-13T15:24:23.173+0100] {processor.py:208} INFO - Processing /opt/homebrew/Caskroom/miniconda/base/envs/airflow_env/lib/python3.9/site-packages/airflow/example_dags/example_dataset_alias.py took 0.105 seconds
[2024-10-13T15:26:31.183+0100] {processor.py:186} INFO - Started process (PID=68808) to work on /opt/homebrew/Caskroom/miniconda/base/envs/airflow_env/lib/python3.9/site-packages/airflow/example_dags/example_dataset_alias.py
[2024-10-13T15:26:31.184+0100] {processor.py:914} INFO - Processing file /opt/homebrew/Caskroom/miniconda/base/envs/airflow_env/lib/python3.9/site-packages/airflow/example_dags/example_dataset_alias.py for tasks to queue
[2024-10-13T15:26:31.184+0100] {logging_mixin.py:190} INFO - [2024-10-13T15:26:31.184+0100] {dagbag.py:588} INFO - Filling up the DagBag from /opt/homebrew/Caskroom/miniconda/base/envs/airflow_env/lib/python3.9/site-packages/airflow/example_dags/example_dataset_alias.py
[2024-10-13T15:26:31.255+0100] {processor.py:925} INFO - DAG(s) 'dataset_alias_example_alias_producer', 'dataset_s3_bucket_producer', 'dataset_alias_example_alias_consumer', 'dataset_s3_bucket_consumer' retrieved from /opt/homebrew/Caskroom/miniconda/base/envs/airflow_env/lib/python3.9/site-packages/airflow/example_dags/example_dataset_alias.py
[2024-10-13T15:26:31.264+0100] {logging_mixin.py:190} INFO - [2024-10-13T15:26:31.264+0100] {dag.py:3239} INFO - Sync 4 DAGs
[2024-10-13T15:26:31.269+0100] {logging_mixin.py:190} INFO - [2024-10-13T15:26:31.269+0100] {dag.py:4180} INFO - Setting next_dagrun for dataset_alias_example_alias_consumer to None, run_after=None
[2024-10-13T15:26:31.270+0100] {logging_mixin.py:190} INFO - [2024-10-13T15:26:31.270+0100] {dag.py:4180} INFO - Setting next_dagrun for dataset_alias_example_alias_producer to None, run_after=None
[2024-10-13T15:26:31.270+0100] {logging_mixin.py:190} INFO - [2024-10-13T15:26:31.270+0100] {dag.py:4180} INFO - Setting next_dagrun for dataset_s3_bucket_consumer to None, run_after=None
[2024-10-13T15:26:31.271+0100] {logging_mixin.py:190} INFO - [2024-10-13T15:26:31.271+0100] {dag.py:4180} INFO - Setting next_dagrun for dataset_s3_bucket_producer to None, run_after=None
[2024-10-13T15:26:31.278+0100] {processor.py:208} INFO - Processing /opt/homebrew/Caskroom/miniconda/base/envs/airflow_env/lib/python3.9/site-packages/airflow/example_dags/example_dataset_alias.py took 0.097 seconds
