[2024-10-13T14:08:15.573+0100] {processor.py:186} INFO - Started process (PID=67162) to work on /opt/homebrew/Caskroom/miniconda/base/envs/airflow_env/lib/python3.9/site-packages/airflow/example_dags/tutorial_taskflow_api.py
[2024-10-13T14:08:15.573+0100] {processor.py:914} INFO - Processing file /opt/homebrew/Caskroom/miniconda/base/envs/airflow_env/lib/python3.9/site-packages/airflow/example_dags/tutorial_taskflow_api.py for tasks to queue
[2024-10-13T14:08:15.573+0100] {logging_mixin.py:190} INFO - [2024-10-13T14:08:15.573+0100] {dagbag.py:588} INFO - Filling up the DagBag from /opt/homebrew/Caskroom/miniconda/base/envs/airflow_env/lib/python3.9/site-packages/airflow/example_dags/tutorial_taskflow_api.py
[2024-10-13T14:08:15.605+0100] {processor.py:925} INFO - DAG(s) 'tutorial_taskflow_api' retrieved from /opt/homebrew/Caskroom/miniconda/base/envs/airflow_env/lib/python3.9/site-packages/airflow/example_dags/tutorial_taskflow_api.py
[2024-10-13T14:08:15.679+0100] {logging_mixin.py:190} INFO - [2024-10-13T14:08:15.679+0100] {override.py:1901} INFO - Created Permission View: can read on DAG:tutorial_taskflow_api
[2024-10-13T14:08:15.682+0100] {logging_mixin.py:190} INFO - [2024-10-13T14:08:15.682+0100] {override.py:1901} INFO - Created Permission View: can edit on DAG:tutorial_taskflow_api
[2024-10-13T14:08:15.684+0100] {logging_mixin.py:190} INFO - [2024-10-13T14:08:15.683+0100] {override.py:1901} INFO - Created Permission View: can delete on DAG:tutorial_taskflow_api
[2024-10-13T14:08:15.686+0100] {logging_mixin.py:190} INFO - [2024-10-13T14:08:15.686+0100] {override.py:1901} INFO - Created Permission View: can read on DAG Run:tutorial_taskflow_api
[2024-10-13T14:08:15.688+0100] {logging_mixin.py:190} INFO - [2024-10-13T14:08:15.688+0100] {override.py:1901} INFO - Created Permission View: can create on DAG Run:tutorial_taskflow_api
[2024-10-13T14:08:15.690+0100] {logging_mixin.py:190} INFO - [2024-10-13T14:08:15.690+0100] {override.py:1901} INFO - Created Permission View: menu access on DAG Run:tutorial_taskflow_api
[2024-10-13T14:08:15.692+0100] {logging_mixin.py:190} INFO - [2024-10-13T14:08:15.692+0100] {override.py:1901} INFO - Created Permission View: can delete on DAG Run:tutorial_taskflow_api
[2024-10-13T14:08:15.692+0100] {logging_mixin.py:190} INFO - [2024-10-13T14:08:15.692+0100] {dag.py:3239} INFO - Sync 1 DAGs
[2024-10-13T14:08:15.696+0100] {logging_mixin.py:190} INFO - [2024-10-13T14:08:15.696+0100] {dag.py:3262} INFO - Creating ORM DAG for tutorial_taskflow_api
[2024-10-13T14:08:15.696+0100] {logging_mixin.py:190} INFO - [2024-10-13T14:08:15.696+0100] {dag.py:4180} INFO - Setting next_dagrun for tutorial_taskflow_api to None, run_after=None
[2024-10-13T14:08:15.704+0100] {processor.py:208} INFO - Processing /opt/homebrew/Caskroom/miniconda/base/envs/airflow_env/lib/python3.9/site-packages/airflow/example_dags/tutorial_taskflow_api.py took 0.133 seconds
[2024-10-13T14:09:53.817+0100] {processor.py:186} INFO - Started process (PID=67283) to work on /opt/homebrew/Caskroom/miniconda/base/envs/airflow_env/lib/python3.9/site-packages/airflow/example_dags/tutorial_taskflow_api.py
[2024-10-13T14:09:53.817+0100] {processor.py:914} INFO - Processing file /opt/homebrew/Caskroom/miniconda/base/envs/airflow_env/lib/python3.9/site-packages/airflow/example_dags/tutorial_taskflow_api.py for tasks to queue
[2024-10-13T14:09:53.818+0100] {logging_mixin.py:190} INFO - [2024-10-13T14:09:53.818+0100] {dagbag.py:588} INFO - Filling up the DagBag from /opt/homebrew/Caskroom/miniconda/base/envs/airflow_env/lib/python3.9/site-packages/airflow/example_dags/tutorial_taskflow_api.py
[2024-10-13T14:09:53.850+0100] {processor.py:925} INFO - DAG(s) 'tutorial_taskflow_api' retrieved from /opt/homebrew/Caskroom/miniconda/base/envs/airflow_env/lib/python3.9/site-packages/airflow/example_dags/tutorial_taskflow_api.py
[2024-10-13T14:09:53.885+0100] {logging_mixin.py:190} INFO - [2024-10-13T14:09:53.885+0100] {dag.py:3239} INFO - Sync 1 DAGs
[2024-10-13T14:09:53.889+0100] {logging_mixin.py:190} INFO - [2024-10-13T14:09:53.889+0100] {dag.py:4180} INFO - Setting next_dagrun for tutorial_taskflow_api to None, run_after=None
[2024-10-13T14:09:53.895+0100] {processor.py:208} INFO - Processing /opt/homebrew/Caskroom/miniconda/base/envs/airflow_env/lib/python3.9/site-packages/airflow/example_dags/tutorial_taskflow_api.py took 0.080 seconds
[2024-10-13T14:11:00.608+0100] {processor.py:186} INFO - Started process (PID=67347) to work on /opt/homebrew/Caskroom/miniconda/base/envs/airflow_env/lib/python3.9/site-packages/airflow/example_dags/tutorial_taskflow_api.py
[2024-10-13T14:11:00.608+0100] {processor.py:914} INFO - Processing file /opt/homebrew/Caskroom/miniconda/base/envs/airflow_env/lib/python3.9/site-packages/airflow/example_dags/tutorial_taskflow_api.py for tasks to queue
[2024-10-13T14:11:00.609+0100] {logging_mixin.py:190} INFO - [2024-10-13T14:11:00.609+0100] {dagbag.py:588} INFO - Filling up the DagBag from /opt/homebrew/Caskroom/miniconda/base/envs/airflow_env/lib/python3.9/site-packages/airflow/example_dags/tutorial_taskflow_api.py
[2024-10-13T14:11:00.651+0100] {processor.py:925} INFO - DAG(s) 'tutorial_taskflow_api' retrieved from /opt/homebrew/Caskroom/miniconda/base/envs/airflow_env/lib/python3.9/site-packages/airflow/example_dags/tutorial_taskflow_api.py
[2024-10-13T14:11:00.690+0100] {logging_mixin.py:190} INFO - [2024-10-13T14:11:00.689+0100] {dag.py:3239} INFO - Sync 1 DAGs
[2024-10-13T14:11:00.694+0100] {logging_mixin.py:190} INFO - [2024-10-13T14:11:00.694+0100] {dag.py:4180} INFO - Setting next_dagrun for tutorial_taskflow_api to None, run_after=None
[2024-10-13T14:11:00.701+0100] {processor.py:208} INFO - Processing /opt/homebrew/Caskroom/miniconda/base/envs/airflow_env/lib/python3.9/site-packages/airflow/example_dags/tutorial_taskflow_api.py took 0.095 seconds
[2024-10-13T14:12:05.002+0100] {processor.py:186} INFO - Started process (PID=67434) to work on /opt/homebrew/Caskroom/miniconda/base/envs/airflow_env/lib/python3.9/site-packages/airflow/example_dags/tutorial_taskflow_api.py
[2024-10-13T14:12:05.004+0100] {processor.py:914} INFO - Processing file /opt/homebrew/Caskroom/miniconda/base/envs/airflow_env/lib/python3.9/site-packages/airflow/example_dags/tutorial_taskflow_api.py for tasks to queue
[2024-10-13T14:12:05.004+0100] {logging_mixin.py:190} INFO - [2024-10-13T14:12:05.004+0100] {dagbag.py:588} INFO - Filling up the DagBag from /opt/homebrew/Caskroom/miniconda/base/envs/airflow_env/lib/python3.9/site-packages/airflow/example_dags/tutorial_taskflow_api.py
[2024-10-13T14:12:05.036+0100] {processor.py:925} INFO - DAG(s) 'tutorial_taskflow_api' retrieved from /opt/homebrew/Caskroom/miniconda/base/envs/airflow_env/lib/python3.9/site-packages/airflow/example_dags/tutorial_taskflow_api.py
[2024-10-13T14:12:05.072+0100] {logging_mixin.py:190} INFO - [2024-10-13T14:12:05.072+0100] {dag.py:3239} INFO - Sync 1 DAGs
[2024-10-13T14:12:05.076+0100] {logging_mixin.py:190} INFO - [2024-10-13T14:12:05.076+0100] {dag.py:4180} INFO - Setting next_dagrun for tutorial_taskflow_api to None, run_after=None
[2024-10-13T14:12:05.083+0100] {processor.py:208} INFO - Processing /opt/homebrew/Caskroom/miniconda/base/envs/airflow_env/lib/python3.9/site-packages/airflow/example_dags/tutorial_taskflow_api.py took 0.083 seconds
[2024-10-13T14:13:07.659+0100] {processor.py:186} INFO - Started process (PID=67512) to work on /opt/homebrew/Caskroom/miniconda/base/envs/airflow_env/lib/python3.9/site-packages/airflow/example_dags/tutorial_taskflow_api.py
[2024-10-13T14:13:07.660+0100] {processor.py:914} INFO - Processing file /opt/homebrew/Caskroom/miniconda/base/envs/airflow_env/lib/python3.9/site-packages/airflow/example_dags/tutorial_taskflow_api.py for tasks to queue
[2024-10-13T14:13:07.660+0100] {logging_mixin.py:190} INFO - [2024-10-13T14:13:07.660+0100] {dagbag.py:588} INFO - Filling up the DagBag from /opt/homebrew/Caskroom/miniconda/base/envs/airflow_env/lib/python3.9/site-packages/airflow/example_dags/tutorial_taskflow_api.py
[2024-10-13T14:13:07.698+0100] {processor.py:925} INFO - DAG(s) 'tutorial_taskflow_api' retrieved from /opt/homebrew/Caskroom/miniconda/base/envs/airflow_env/lib/python3.9/site-packages/airflow/example_dags/tutorial_taskflow_api.py
[2024-10-13T14:13:07.733+0100] {logging_mixin.py:190} INFO - [2024-10-13T14:13:07.733+0100] {dag.py:3239} INFO - Sync 1 DAGs
[2024-10-13T14:13:07.737+0100] {logging_mixin.py:190} INFO - [2024-10-13T14:13:07.737+0100] {dag.py:4180} INFO - Setting next_dagrun for tutorial_taskflow_api to None, run_after=None
[2024-10-13T14:13:07.743+0100] {processor.py:208} INFO - Processing /opt/homebrew/Caskroom/miniconda/base/envs/airflow_env/lib/python3.9/site-packages/airflow/example_dags/tutorial_taskflow_api.py took 0.085 seconds
[2024-10-13T14:14:11.663+0100] {processor.py:186} INFO - Started process (PID=67587) to work on /opt/homebrew/Caskroom/miniconda/base/envs/airflow_env/lib/python3.9/site-packages/airflow/example_dags/tutorial_taskflow_api.py
[2024-10-13T14:14:11.665+0100] {processor.py:914} INFO - Processing file /opt/homebrew/Caskroom/miniconda/base/envs/airflow_env/lib/python3.9/site-packages/airflow/example_dags/tutorial_taskflow_api.py for tasks to queue
[2024-10-13T14:14:11.666+0100] {logging_mixin.py:190} INFO - [2024-10-13T14:14:11.666+0100] {dagbag.py:588} INFO - Filling up the DagBag from /opt/homebrew/Caskroom/miniconda/base/envs/airflow_env/lib/python3.9/site-packages/airflow/example_dags/tutorial_taskflow_api.py
[2024-10-13T14:14:11.705+0100] {processor.py:925} INFO - DAG(s) 'tutorial_taskflow_api' retrieved from /opt/homebrew/Caskroom/miniconda/base/envs/airflow_env/lib/python3.9/site-packages/airflow/example_dags/tutorial_taskflow_api.py
[2024-10-13T14:14:11.739+0100] {logging_mixin.py:190} INFO - [2024-10-13T14:14:11.739+0100] {dag.py:3239} INFO - Sync 1 DAGs
[2024-10-13T14:14:11.743+0100] {logging_mixin.py:190} INFO - [2024-10-13T14:14:11.743+0100] {dag.py:4180} INFO - Setting next_dagrun for tutorial_taskflow_api to None, run_after=None
[2024-10-13T14:14:11.749+0100] {processor.py:208} INFO - Processing /opt/homebrew/Caskroom/miniconda/base/envs/airflow_env/lib/python3.9/site-packages/airflow/example_dags/tutorial_taskflow_api.py took 0.088 seconds
[2024-10-13T14:15:17.159+0100] {processor.py:186} INFO - Started process (PID=67635) to work on /opt/homebrew/Caskroom/miniconda/base/envs/airflow_env/lib/python3.9/site-packages/airflow/example_dags/tutorial_taskflow_api.py
[2024-10-13T14:15:17.159+0100] {processor.py:914} INFO - Processing file /opt/homebrew/Caskroom/miniconda/base/envs/airflow_env/lib/python3.9/site-packages/airflow/example_dags/tutorial_taskflow_api.py for tasks to queue
[2024-10-13T14:15:17.160+0100] {logging_mixin.py:190} INFO - [2024-10-13T14:15:17.160+0100] {dagbag.py:588} INFO - Filling up the DagBag from /opt/homebrew/Caskroom/miniconda/base/envs/airflow_env/lib/python3.9/site-packages/airflow/example_dags/tutorial_taskflow_api.py
[2024-10-13T14:15:17.193+0100] {processor.py:925} INFO - DAG(s) 'tutorial_taskflow_api' retrieved from /opt/homebrew/Caskroom/miniconda/base/envs/airflow_env/lib/python3.9/site-packages/airflow/example_dags/tutorial_taskflow_api.py
[2024-10-13T14:15:17.228+0100] {logging_mixin.py:190} INFO - [2024-10-13T14:15:17.227+0100] {dag.py:3239} INFO - Sync 1 DAGs
[2024-10-13T14:15:17.231+0100] {logging_mixin.py:190} INFO - [2024-10-13T14:15:17.231+0100] {dag.py:4180} INFO - Setting next_dagrun for tutorial_taskflow_api to None, run_after=None
[2024-10-13T14:15:17.237+0100] {processor.py:208} INFO - Processing /opt/homebrew/Caskroom/miniconda/base/envs/airflow_env/lib/python3.9/site-packages/airflow/example_dags/tutorial_taskflow_api.py took 0.080 seconds
[2024-10-13T14:16:24.088+0100] {processor.py:186} INFO - Started process (PID=67709) to work on /opt/homebrew/Caskroom/miniconda/base/envs/airflow_env/lib/python3.9/site-packages/airflow/example_dags/tutorial_taskflow_api.py
[2024-10-13T14:16:24.089+0100] {processor.py:914} INFO - Processing file /opt/homebrew/Caskroom/miniconda/base/envs/airflow_env/lib/python3.9/site-packages/airflow/example_dags/tutorial_taskflow_api.py for tasks to queue
[2024-10-13T14:16:24.089+0100] {logging_mixin.py:190} INFO - [2024-10-13T14:16:24.089+0100] {dagbag.py:588} INFO - Filling up the DagBag from /opt/homebrew/Caskroom/miniconda/base/envs/airflow_env/lib/python3.9/site-packages/airflow/example_dags/tutorial_taskflow_api.py
[2024-10-13T14:16:24.125+0100] {processor.py:925} INFO - DAG(s) 'tutorial_taskflow_api' retrieved from /opt/homebrew/Caskroom/miniconda/base/envs/airflow_env/lib/python3.9/site-packages/airflow/example_dags/tutorial_taskflow_api.py
[2024-10-13T14:16:24.165+0100] {logging_mixin.py:190} INFO - [2024-10-13T14:16:24.165+0100] {dag.py:3239} INFO - Sync 1 DAGs
[2024-10-13T14:16:24.169+0100] {logging_mixin.py:190} INFO - [2024-10-13T14:16:24.169+0100] {dag.py:4180} INFO - Setting next_dagrun for tutorial_taskflow_api to None, run_after=None
[2024-10-13T14:16:24.176+0100] {processor.py:208} INFO - Processing /opt/homebrew/Caskroom/miniconda/base/envs/airflow_env/lib/python3.9/site-packages/airflow/example_dags/tutorial_taskflow_api.py took 0.090 seconds
[2024-10-13T14:18:38.743+0100] {processor.py:186} INFO - Started process (PID=67768) to work on /opt/homebrew/Caskroom/miniconda/base/envs/airflow_env/lib/python3.9/site-packages/airflow/example_dags/tutorial_taskflow_api.py
[2024-10-13T14:18:38.743+0100] {processor.py:914} INFO - Processing file /opt/homebrew/Caskroom/miniconda/base/envs/airflow_env/lib/python3.9/site-packages/airflow/example_dags/tutorial_taskflow_api.py for tasks to queue
[2024-10-13T14:18:38.743+0100] {logging_mixin.py:190} INFO - [2024-10-13T14:18:38.743+0100] {dagbag.py:588} INFO - Filling up the DagBag from /opt/homebrew/Caskroom/miniconda/base/envs/airflow_env/lib/python3.9/site-packages/airflow/example_dags/tutorial_taskflow_api.py
[2024-10-13T14:18:38.776+0100] {processor.py:925} INFO - DAG(s) 'tutorial_taskflow_api' retrieved from /opt/homebrew/Caskroom/miniconda/base/envs/airflow_env/lib/python3.9/site-packages/airflow/example_dags/tutorial_taskflow_api.py
[2024-10-13T14:18:38.809+0100] {logging_mixin.py:190} INFO - [2024-10-13T14:18:38.809+0100] {dag.py:3239} INFO - Sync 1 DAGs
[2024-10-13T14:18:38.813+0100] {logging_mixin.py:190} INFO - [2024-10-13T14:18:38.813+0100] {dag.py:4180} INFO - Setting next_dagrun for tutorial_taskflow_api to None, run_after=None
[2024-10-13T14:18:38.819+0100] {processor.py:208} INFO - Processing /opt/homebrew/Caskroom/miniconda/base/envs/airflow_env/lib/python3.9/site-packages/airflow/example_dags/tutorial_taskflow_api.py took 0.078 seconds
[2024-10-13T15:13:51.320+0100] {processor.py:186} INFO - Started process (PID=67927) to work on /opt/homebrew/Caskroom/miniconda/base/envs/airflow_env/lib/python3.9/site-packages/airflow/example_dags/tutorial_taskflow_api.py
[2024-10-13T15:13:51.321+0100] {processor.py:914} INFO - Processing file /opt/homebrew/Caskroom/miniconda/base/envs/airflow_env/lib/python3.9/site-packages/airflow/example_dags/tutorial_taskflow_api.py for tasks to queue
[2024-10-13T15:13:51.321+0100] {logging_mixin.py:190} INFO - [2024-10-13T15:13:51.321+0100] {dagbag.py:588} INFO - Filling up the DagBag from /opt/homebrew/Caskroom/miniconda/base/envs/airflow_env/lib/python3.9/site-packages/airflow/example_dags/tutorial_taskflow_api.py
[2024-10-13T15:13:51.356+0100] {processor.py:925} INFO - DAG(s) 'tutorial_taskflow_api' retrieved from /opt/homebrew/Caskroom/miniconda/base/envs/airflow_env/lib/python3.9/site-packages/airflow/example_dags/tutorial_taskflow_api.py
[2024-10-13T15:13:51.395+0100] {logging_mixin.py:190} INFO - [2024-10-13T15:13:51.395+0100] {dag.py:3239} INFO - Sync 1 DAGs
[2024-10-13T15:13:51.400+0100] {logging_mixin.py:190} INFO - [2024-10-13T15:13:51.399+0100] {dag.py:4180} INFO - Setting next_dagrun for tutorial_taskflow_api to None, run_after=None
[2024-10-13T15:13:51.406+0100] {processor.py:208} INFO - Processing /opt/homebrew/Caskroom/miniconda/base/envs/airflow_env/lib/python3.9/site-packages/airflow/example_dags/tutorial_taskflow_api.py took 0.088 seconds
[2024-10-13T15:15:06.094+0100] {processor.py:186} INFO - Started process (PID=68022) to work on /opt/homebrew/Caskroom/miniconda/base/envs/airflow_env/lib/python3.9/site-packages/airflow/example_dags/tutorial_taskflow_api.py
[2024-10-13T15:15:06.095+0100] {processor.py:914} INFO - Processing file /opt/homebrew/Caskroom/miniconda/base/envs/airflow_env/lib/python3.9/site-packages/airflow/example_dags/tutorial_taskflow_api.py for tasks to queue
[2024-10-13T15:15:06.095+0100] {logging_mixin.py:190} INFO - [2024-10-13T15:15:06.095+0100] {dagbag.py:588} INFO - Filling up the DagBag from /opt/homebrew/Caskroom/miniconda/base/envs/airflow_env/lib/python3.9/site-packages/airflow/example_dags/tutorial_taskflow_api.py
[2024-10-13T15:15:06.128+0100] {processor.py:925} INFO - DAG(s) 'tutorial_taskflow_api' retrieved from /opt/homebrew/Caskroom/miniconda/base/envs/airflow_env/lib/python3.9/site-packages/airflow/example_dags/tutorial_taskflow_api.py
[2024-10-13T15:15:06.163+0100] {logging_mixin.py:190} INFO - [2024-10-13T15:15:06.163+0100] {dag.py:3239} INFO - Sync 1 DAGs
[2024-10-13T15:15:06.167+0100] {logging_mixin.py:190} INFO - [2024-10-13T15:15:06.167+0100] {dag.py:4180} INFO - Setting next_dagrun for tutorial_taskflow_api to None, run_after=None
[2024-10-13T15:15:06.173+0100] {processor.py:208} INFO - Processing /opt/homebrew/Caskroom/miniconda/base/envs/airflow_env/lib/python3.9/site-packages/airflow/example_dags/tutorial_taskflow_api.py took 0.081 seconds
[2024-10-13T15:16:13.320+0100] {processor.py:186} INFO - Started process (PID=68081) to work on /opt/homebrew/Caskroom/miniconda/base/envs/airflow_env/lib/python3.9/site-packages/airflow/example_dags/tutorial_taskflow_api.py
[2024-10-13T15:16:13.321+0100] {processor.py:914} INFO - Processing file /opt/homebrew/Caskroom/miniconda/base/envs/airflow_env/lib/python3.9/site-packages/airflow/example_dags/tutorial_taskflow_api.py for tasks to queue
[2024-10-13T15:16:13.321+0100] {logging_mixin.py:190} INFO - [2024-10-13T15:16:13.321+0100] {dagbag.py:588} INFO - Filling up the DagBag from /opt/homebrew/Caskroom/miniconda/base/envs/airflow_env/lib/python3.9/site-packages/airflow/example_dags/tutorial_taskflow_api.py
[2024-10-13T15:16:13.352+0100] {processor.py:925} INFO - DAG(s) 'tutorial_taskflow_api' retrieved from /opt/homebrew/Caskroom/miniconda/base/envs/airflow_env/lib/python3.9/site-packages/airflow/example_dags/tutorial_taskflow_api.py
[2024-10-13T15:16:13.388+0100] {logging_mixin.py:190} INFO - [2024-10-13T15:16:13.388+0100] {dag.py:3239} INFO - Sync 1 DAGs
[2024-10-13T15:16:13.392+0100] {logging_mixin.py:190} INFO - [2024-10-13T15:16:13.392+0100] {dag.py:4180} INFO - Setting next_dagrun for tutorial_taskflow_api to None, run_after=None
[2024-10-13T15:16:13.399+0100] {processor.py:208} INFO - Processing /opt/homebrew/Caskroom/miniconda/base/envs/airflow_env/lib/python3.9/site-packages/airflow/example_dags/tutorial_taskflow_api.py took 0.081 seconds
[2024-10-13T15:17:17.695+0100] {processor.py:186} INFO - Started process (PID=68140) to work on /opt/homebrew/Caskroom/miniconda/base/envs/airflow_env/lib/python3.9/site-packages/airflow/example_dags/tutorial_taskflow_api.py
[2024-10-13T15:17:17.695+0100] {processor.py:914} INFO - Processing file /opt/homebrew/Caskroom/miniconda/base/envs/airflow_env/lib/python3.9/site-packages/airflow/example_dags/tutorial_taskflow_api.py for tasks to queue
[2024-10-13T15:17:17.696+0100] {logging_mixin.py:190} INFO - [2024-10-13T15:17:17.696+0100] {dagbag.py:588} INFO - Filling up the DagBag from /opt/homebrew/Caskroom/miniconda/base/envs/airflow_env/lib/python3.9/site-packages/airflow/example_dags/tutorial_taskflow_api.py
[2024-10-13T15:17:17.728+0100] {processor.py:925} INFO - DAG(s) 'tutorial_taskflow_api' retrieved from /opt/homebrew/Caskroom/miniconda/base/envs/airflow_env/lib/python3.9/site-packages/airflow/example_dags/tutorial_taskflow_api.py
[2024-10-13T15:17:17.762+0100] {logging_mixin.py:190} INFO - [2024-10-13T15:17:17.762+0100] {dag.py:3239} INFO - Sync 1 DAGs
[2024-10-13T15:17:17.766+0100] {logging_mixin.py:190} INFO - [2024-10-13T15:17:17.766+0100] {dag.py:4180} INFO - Setting next_dagrun for tutorial_taskflow_api to None, run_after=None
[2024-10-13T15:17:17.772+0100] {processor.py:208} INFO - Processing /opt/homebrew/Caskroom/miniconda/base/envs/airflow_env/lib/python3.9/site-packages/airflow/example_dags/tutorial_taskflow_api.py took 0.078 seconds
[2024-10-13T15:18:23.947+0100] {processor.py:186} INFO - Started process (PID=68202) to work on /opt/homebrew/Caskroom/miniconda/base/envs/airflow_env/lib/python3.9/site-packages/airflow/example_dags/tutorial_taskflow_api.py
[2024-10-13T15:18:23.948+0100] {processor.py:914} INFO - Processing file /opt/homebrew/Caskroom/miniconda/base/envs/airflow_env/lib/python3.9/site-packages/airflow/example_dags/tutorial_taskflow_api.py for tasks to queue
[2024-10-13T15:18:23.948+0100] {logging_mixin.py:190} INFO - [2024-10-13T15:18:23.948+0100] {dagbag.py:588} INFO - Filling up the DagBag from /opt/homebrew/Caskroom/miniconda/base/envs/airflow_env/lib/python3.9/site-packages/airflow/example_dags/tutorial_taskflow_api.py
[2024-10-13T15:18:23.982+0100] {processor.py:925} INFO - DAG(s) 'tutorial_taskflow_api' retrieved from /opt/homebrew/Caskroom/miniconda/base/envs/airflow_env/lib/python3.9/site-packages/airflow/example_dags/tutorial_taskflow_api.py
[2024-10-13T15:18:24.020+0100] {logging_mixin.py:190} INFO - [2024-10-13T15:18:24.020+0100] {dag.py:3239} INFO - Sync 1 DAGs
[2024-10-13T15:18:24.024+0100] {logging_mixin.py:190} INFO - [2024-10-13T15:18:24.024+0100] {dag.py:4180} INFO - Setting next_dagrun for tutorial_taskflow_api to None, run_after=None
[2024-10-13T15:18:24.031+0100] {processor.py:208} INFO - Processing /opt/homebrew/Caskroom/miniconda/base/envs/airflow_env/lib/python3.9/site-packages/airflow/example_dags/tutorial_taskflow_api.py took 0.085 seconds
[2024-10-13T15:19:31.141+0100] {processor.py:186} INFO - Started process (PID=68283) to work on /opt/homebrew/Caskroom/miniconda/base/envs/airflow_env/lib/python3.9/site-packages/airflow/example_dags/tutorial_taskflow_api.py
[2024-10-13T15:19:31.142+0100] {processor.py:914} INFO - Processing file /opt/homebrew/Caskroom/miniconda/base/envs/airflow_env/lib/python3.9/site-packages/airflow/example_dags/tutorial_taskflow_api.py for tasks to queue
[2024-10-13T15:19:31.142+0100] {logging_mixin.py:190} INFO - [2024-10-13T15:19:31.142+0100] {dagbag.py:588} INFO - Filling up the DagBag from /opt/homebrew/Caskroom/miniconda/base/envs/airflow_env/lib/python3.9/site-packages/airflow/example_dags/tutorial_taskflow_api.py
[2024-10-13T15:19:31.178+0100] {processor.py:925} INFO - DAG(s) 'tutorial_taskflow_api' retrieved from /opt/homebrew/Caskroom/miniconda/base/envs/airflow_env/lib/python3.9/site-packages/airflow/example_dags/tutorial_taskflow_api.py
[2024-10-13T15:19:31.213+0100] {logging_mixin.py:190} INFO - [2024-10-13T15:19:31.213+0100] {dag.py:3239} INFO - Sync 1 DAGs
[2024-10-13T15:19:31.217+0100] {logging_mixin.py:190} INFO - [2024-10-13T15:19:31.217+0100] {dag.py:4180} INFO - Setting next_dagrun for tutorial_taskflow_api to None, run_after=None
[2024-10-13T15:19:31.223+0100] {processor.py:208} INFO - Processing /opt/homebrew/Caskroom/miniconda/base/envs/airflow_env/lib/python3.9/site-packages/airflow/example_dags/tutorial_taskflow_api.py took 0.083 seconds
[2024-10-13T15:20:36.922+0100] {processor.py:186} INFO - Started process (PID=68348) to work on /opt/homebrew/Caskroom/miniconda/base/envs/airflow_env/lib/python3.9/site-packages/airflow/example_dags/tutorial_taskflow_api.py
[2024-10-13T15:20:36.923+0100] {processor.py:914} INFO - Processing file /opt/homebrew/Caskroom/miniconda/base/envs/airflow_env/lib/python3.9/site-packages/airflow/example_dags/tutorial_taskflow_api.py for tasks to queue
[2024-10-13T15:20:36.923+0100] {logging_mixin.py:190} INFO - [2024-10-13T15:20:36.923+0100] {dagbag.py:588} INFO - Filling up the DagBag from /opt/homebrew/Caskroom/miniconda/base/envs/airflow_env/lib/python3.9/site-packages/airflow/example_dags/tutorial_taskflow_api.py
[2024-10-13T15:20:36.956+0100] {processor.py:925} INFO - DAG(s) 'tutorial_taskflow_api' retrieved from /opt/homebrew/Caskroom/miniconda/base/envs/airflow_env/lib/python3.9/site-packages/airflow/example_dags/tutorial_taskflow_api.py
[2024-10-13T15:20:36.995+0100] {logging_mixin.py:190} INFO - [2024-10-13T15:20:36.995+0100] {dag.py:3239} INFO - Sync 1 DAGs
[2024-10-13T15:20:36.999+0100] {logging_mixin.py:190} INFO - [2024-10-13T15:20:36.999+0100] {dag.py:4180} INFO - Setting next_dagrun for tutorial_taskflow_api to None, run_after=None
[2024-10-13T15:20:37.006+0100] {processor.py:208} INFO - Processing /opt/homebrew/Caskroom/miniconda/base/envs/airflow_env/lib/python3.9/site-packages/airflow/example_dags/tutorial_taskflow_api.py took 0.086 seconds
[2024-10-13T15:21:41.446+0100] {processor.py:186} INFO - Started process (PID=68424) to work on /opt/homebrew/Caskroom/miniconda/base/envs/airflow_env/lib/python3.9/site-packages/airflow/example_dags/tutorial_taskflow_api.py
[2024-10-13T15:21:41.447+0100] {processor.py:914} INFO - Processing file /opt/homebrew/Caskroom/miniconda/base/envs/airflow_env/lib/python3.9/site-packages/airflow/example_dags/tutorial_taskflow_api.py for tasks to queue
[2024-10-13T15:21:41.447+0100] {logging_mixin.py:190} INFO - [2024-10-13T15:21:41.447+0100] {dagbag.py:588} INFO - Filling up the DagBag from /opt/homebrew/Caskroom/miniconda/base/envs/airflow_env/lib/python3.9/site-packages/airflow/example_dags/tutorial_taskflow_api.py
[2024-10-13T15:21:41.480+0100] {processor.py:925} INFO - DAG(s) 'tutorial_taskflow_api' retrieved from /opt/homebrew/Caskroom/miniconda/base/envs/airflow_env/lib/python3.9/site-packages/airflow/example_dags/tutorial_taskflow_api.py
[2024-10-13T15:21:41.522+0100] {logging_mixin.py:190} INFO - [2024-10-13T15:21:41.522+0100] {dag.py:3239} INFO - Sync 1 DAGs
[2024-10-13T15:21:41.527+0100] {logging_mixin.py:190} INFO - [2024-10-13T15:21:41.527+0100] {dag.py:4180} INFO - Setting next_dagrun for tutorial_taskflow_api to None, run_after=None
[2024-10-13T15:21:41.534+0100] {processor.py:208} INFO - Processing /opt/homebrew/Caskroom/miniconda/base/envs/airflow_env/lib/python3.9/site-packages/airflow/example_dags/tutorial_taskflow_api.py took 0.090 seconds
[2024-10-13T15:22:44.580+0100] {processor.py:186} INFO - Started process (PID=68555) to work on /opt/homebrew/Caskroom/miniconda/base/envs/airflow_env/lib/python3.9/site-packages/airflow/example_dags/tutorial_taskflow_api.py
[2024-10-13T15:22:44.581+0100] {processor.py:914} INFO - Processing file /opt/homebrew/Caskroom/miniconda/base/envs/airflow_env/lib/python3.9/site-packages/airflow/example_dags/tutorial_taskflow_api.py for tasks to queue
[2024-10-13T15:22:44.581+0100] {logging_mixin.py:190} INFO - [2024-10-13T15:22:44.581+0100] {dagbag.py:588} INFO - Filling up the DagBag from /opt/homebrew/Caskroom/miniconda/base/envs/airflow_env/lib/python3.9/site-packages/airflow/example_dags/tutorial_taskflow_api.py
[2024-10-13T15:22:44.614+0100] {processor.py:925} INFO - DAG(s) 'tutorial_taskflow_api' retrieved from /opt/homebrew/Caskroom/miniconda/base/envs/airflow_env/lib/python3.9/site-packages/airflow/example_dags/tutorial_taskflow_api.py
[2024-10-13T15:22:44.649+0100] {logging_mixin.py:190} INFO - [2024-10-13T15:22:44.649+0100] {dag.py:3239} INFO - Sync 1 DAGs
[2024-10-13T15:22:44.652+0100] {logging_mixin.py:190} INFO - [2024-10-13T15:22:44.652+0100] {dag.py:4180} INFO - Setting next_dagrun for tutorial_taskflow_api to None, run_after=None
[2024-10-13T15:22:44.659+0100] {processor.py:208} INFO - Processing /opt/homebrew/Caskroom/miniconda/base/envs/airflow_env/lib/python3.9/site-packages/airflow/example_dags/tutorial_taskflow_api.py took 0.080 seconds
[2024-10-13T15:23:47.363+0100] {processor.py:186} INFO - Started process (PID=68611) to work on /opt/homebrew/Caskroom/miniconda/base/envs/airflow_env/lib/python3.9/site-packages/airflow/example_dags/tutorial_taskflow_api.py
[2024-10-13T15:23:47.364+0100] {processor.py:914} INFO - Processing file /opt/homebrew/Caskroom/miniconda/base/envs/airflow_env/lib/python3.9/site-packages/airflow/example_dags/tutorial_taskflow_api.py for tasks to queue
[2024-10-13T15:23:47.364+0100] {logging_mixin.py:190} INFO - [2024-10-13T15:23:47.364+0100] {dagbag.py:588} INFO - Filling up the DagBag from /opt/homebrew/Caskroom/miniconda/base/envs/airflow_env/lib/python3.9/site-packages/airflow/example_dags/tutorial_taskflow_api.py
[2024-10-13T15:23:47.399+0100] {processor.py:925} INFO - DAG(s) 'tutorial_taskflow_api' retrieved from /opt/homebrew/Caskroom/miniconda/base/envs/airflow_env/lib/python3.9/site-packages/airflow/example_dags/tutorial_taskflow_api.py
[2024-10-13T15:23:47.437+0100] {logging_mixin.py:190} INFO - [2024-10-13T15:23:47.437+0100] {dag.py:3239} INFO - Sync 1 DAGs
[2024-10-13T15:23:47.442+0100] {logging_mixin.py:190} INFO - [2024-10-13T15:23:47.442+0100] {dag.py:4180} INFO - Setting next_dagrun for tutorial_taskflow_api to None, run_after=None
[2024-10-13T15:23:47.450+0100] {processor.py:208} INFO - Processing /opt/homebrew/Caskroom/miniconda/base/envs/airflow_env/lib/python3.9/site-packages/airflow/example_dags/tutorial_taskflow_api.py took 0.089 seconds
[2024-10-13T15:24:53.422+0100] {processor.py:186} INFO - Started process (PID=68669) to work on /opt/homebrew/Caskroom/miniconda/base/envs/airflow_env/lib/python3.9/site-packages/airflow/example_dags/tutorial_taskflow_api.py
[2024-10-13T15:24:53.423+0100] {processor.py:914} INFO - Processing file /opt/homebrew/Caskroom/miniconda/base/envs/airflow_env/lib/python3.9/site-packages/airflow/example_dags/tutorial_taskflow_api.py for tasks to queue
[2024-10-13T15:24:53.423+0100] {logging_mixin.py:190} INFO - [2024-10-13T15:24:53.423+0100] {dagbag.py:588} INFO - Filling up the DagBag from /opt/homebrew/Caskroom/miniconda/base/envs/airflow_env/lib/python3.9/site-packages/airflow/example_dags/tutorial_taskflow_api.py
[2024-10-13T15:24:53.454+0100] {processor.py:925} INFO - DAG(s) 'tutorial_taskflow_api' retrieved from /opt/homebrew/Caskroom/miniconda/base/envs/airflow_env/lib/python3.9/site-packages/airflow/example_dags/tutorial_taskflow_api.py
[2024-10-13T15:24:53.488+0100] {logging_mixin.py:190} INFO - [2024-10-13T15:24:53.488+0100] {dag.py:3239} INFO - Sync 1 DAGs
[2024-10-13T15:24:53.492+0100] {logging_mixin.py:190} INFO - [2024-10-13T15:24:53.492+0100] {dag.py:4180} INFO - Setting next_dagrun for tutorial_taskflow_api to None, run_after=None
[2024-10-13T15:24:53.498+0100] {processor.py:208} INFO - Processing /opt/homebrew/Caskroom/miniconda/base/envs/airflow_env/lib/python3.9/site-packages/airflow/example_dags/tutorial_taskflow_api.py took 0.077 seconds
[2024-10-13T15:25:59.270+0100] {processor.py:186} INFO - Started process (PID=68785) to work on /opt/homebrew/Caskroom/miniconda/base/envs/airflow_env/lib/python3.9/site-packages/airflow/example_dags/tutorial_taskflow_api.py
[2024-10-13T15:25:59.271+0100] {processor.py:914} INFO - Processing file /opt/homebrew/Caskroom/miniconda/base/envs/airflow_env/lib/python3.9/site-packages/airflow/example_dags/tutorial_taskflow_api.py for tasks to queue
[2024-10-13T15:25:59.271+0100] {logging_mixin.py:190} INFO - [2024-10-13T15:25:59.271+0100] {dagbag.py:588} INFO - Filling up the DagBag from /opt/homebrew/Caskroom/miniconda/base/envs/airflow_env/lib/python3.9/site-packages/airflow/example_dags/tutorial_taskflow_api.py
[2024-10-13T15:25:59.304+0100] {processor.py:925} INFO - DAG(s) 'tutorial_taskflow_api' retrieved from /opt/homebrew/Caskroom/miniconda/base/envs/airflow_env/lib/python3.9/site-packages/airflow/example_dags/tutorial_taskflow_api.py
[2024-10-13T15:25:59.339+0100] {logging_mixin.py:190} INFO - [2024-10-13T15:25:59.338+0100] {dag.py:3239} INFO - Sync 1 DAGs
[2024-10-13T15:25:59.342+0100] {logging_mixin.py:190} INFO - [2024-10-13T15:25:59.342+0100] {dag.py:4180} INFO - Setting next_dagrun for tutorial_taskflow_api to None, run_after=None
[2024-10-13T15:25:59.348+0100] {processor.py:208} INFO - Processing /opt/homebrew/Caskroom/miniconda/base/envs/airflow_env/lib/python3.9/site-packages/airflow/example_dags/tutorial_taskflow_api.py took 0.080 seconds
