[2024-10-13T14:08:19.085+0100] {processor.py:186} INFO - Started process (PID=67164) to work on /opt/homebrew/Caskroom/miniconda/base/envs/airflow_env/lib/python3.9/site-packages/airflow/example_dags/tutorial_dag.py
[2024-10-13T14:08:19.086+0100] {processor.py:914} INFO - Processing file /opt/homebrew/Caskroom/miniconda/base/envs/airflow_env/lib/python3.9/site-packages/airflow/example_dags/tutorial_dag.py for tasks to queue
[2024-10-13T14:08:19.086+0100] {logging_mixin.py:190} INFO - [2024-10-13T14:08:19.086+0100] {dagbag.py:588} INFO - Filling up the DagBag from /opt/homebrew/Caskroom/miniconda/base/envs/airflow_env/lib/python3.9/site-packages/airflow/example_dags/tutorial_dag.py
[2024-10-13T14:08:19.115+0100] {processor.py:925} INFO - DAG(s) 'tutorial_dag' retrieved from /opt/homebrew/Caskroom/miniconda/base/envs/airflow_env/lib/python3.9/site-packages/airflow/example_dags/tutorial_dag.py
[2024-10-13T14:08:19.179+0100] {logging_mixin.py:190} INFO - [2024-10-13T14:08:19.178+0100] {override.py:1901} INFO - Created Permission View: can read on DAG:tutorial_dag
[2024-10-13T14:08:19.181+0100] {logging_mixin.py:190} INFO - [2024-10-13T14:08:19.181+0100] {override.py:1901} INFO - Created Permission View: can edit on DAG:tutorial_dag
[2024-10-13T14:08:19.183+0100] {logging_mixin.py:190} INFO - [2024-10-13T14:08:19.183+0100] {override.py:1901} INFO - Created Permission View: can delete on DAG:tutorial_dag
[2024-10-13T14:08:19.186+0100] {logging_mixin.py:190} INFO - [2024-10-13T14:08:19.186+0100] {override.py:1901} INFO - Created Permission View: can create on DAG Run:tutorial_dag
[2024-10-13T14:08:19.189+0100] {logging_mixin.py:190} INFO - [2024-10-13T14:08:19.189+0100] {override.py:1901} INFO - Created Permission View: can read on DAG Run:tutorial_dag
[2024-10-13T14:08:19.191+0100] {logging_mixin.py:190} INFO - [2024-10-13T14:08:19.191+0100] {override.py:1901} INFO - Created Permission View: menu access on DAG Run:tutorial_dag
[2024-10-13T14:08:19.192+0100] {logging_mixin.py:190} INFO - [2024-10-13T14:08:19.192+0100] {override.py:1901} INFO - Created Permission View: can delete on DAG Run:tutorial_dag
[2024-10-13T14:08:19.193+0100] {logging_mixin.py:190} INFO - [2024-10-13T14:08:19.193+0100] {dag.py:3239} INFO - Sync 1 DAGs
[2024-10-13T14:08:19.196+0100] {logging_mixin.py:190} INFO - [2024-10-13T14:08:19.196+0100] {dag.py:3262} INFO - Creating ORM DAG for tutorial_dag
[2024-10-13T14:08:19.197+0100] {logging_mixin.py:190} INFO - [2024-10-13T14:08:19.196+0100] {dag.py:4180} INFO - Setting next_dagrun for tutorial_dag to None, run_after=None
[2024-10-13T14:08:19.202+0100] {processor.py:208} INFO - Processing /opt/homebrew/Caskroom/miniconda/base/envs/airflow_env/lib/python3.9/site-packages/airflow/example_dags/tutorial_dag.py took 0.118 seconds
[2024-10-13T14:09:56.900+0100] {processor.py:186} INFO - Started process (PID=67285) to work on /opt/homebrew/Caskroom/miniconda/base/envs/airflow_env/lib/python3.9/site-packages/airflow/example_dags/tutorial_dag.py
[2024-10-13T14:09:56.903+0100] {processor.py:914} INFO - Processing file /opt/homebrew/Caskroom/miniconda/base/envs/airflow_env/lib/python3.9/site-packages/airflow/example_dags/tutorial_dag.py for tasks to queue
[2024-10-13T14:09:56.903+0100] {logging_mixin.py:190} INFO - [2024-10-13T14:09:56.903+0100] {dagbag.py:588} INFO - Filling up the DagBag from /opt/homebrew/Caskroom/miniconda/base/envs/airflow_env/lib/python3.9/site-packages/airflow/example_dags/tutorial_dag.py
[2024-10-13T14:09:56.929+0100] {processor.py:925} INFO - DAG(s) 'tutorial_dag' retrieved from /opt/homebrew/Caskroom/miniconda/base/envs/airflow_env/lib/python3.9/site-packages/airflow/example_dags/tutorial_dag.py
[2024-10-13T14:09:56.961+0100] {logging_mixin.py:190} INFO - [2024-10-13T14:09:56.961+0100] {dag.py:3239} INFO - Sync 1 DAGs
[2024-10-13T14:09:56.965+0100] {logging_mixin.py:190} INFO - [2024-10-13T14:09:56.965+0100] {dag.py:4180} INFO - Setting next_dagrun for tutorial_dag to None, run_after=None
[2024-10-13T14:09:56.971+0100] {processor.py:208} INFO - Processing /opt/homebrew/Caskroom/miniconda/base/envs/airflow_env/lib/python3.9/site-packages/airflow/example_dags/tutorial_dag.py took 0.073 seconds
[2024-10-13T14:11:04.290+0100] {processor.py:186} INFO - Started process (PID=67351) to work on /opt/homebrew/Caskroom/miniconda/base/envs/airflow_env/lib/python3.9/site-packages/airflow/example_dags/tutorial_dag.py
[2024-10-13T14:11:04.291+0100] {processor.py:914} INFO - Processing file /opt/homebrew/Caskroom/miniconda/base/envs/airflow_env/lib/python3.9/site-packages/airflow/example_dags/tutorial_dag.py for tasks to queue
[2024-10-13T14:11:04.291+0100] {logging_mixin.py:190} INFO - [2024-10-13T14:11:04.291+0100] {dagbag.py:588} INFO - Filling up the DagBag from /opt/homebrew/Caskroom/miniconda/base/envs/airflow_env/lib/python3.9/site-packages/airflow/example_dags/tutorial_dag.py
[2024-10-13T14:11:04.319+0100] {processor.py:925} INFO - DAG(s) 'tutorial_dag' retrieved from /opt/homebrew/Caskroom/miniconda/base/envs/airflow_env/lib/python3.9/site-packages/airflow/example_dags/tutorial_dag.py
[2024-10-13T14:11:04.352+0100] {logging_mixin.py:190} INFO - [2024-10-13T14:11:04.352+0100] {dag.py:3239} INFO - Sync 1 DAGs
[2024-10-13T14:11:04.356+0100] {logging_mixin.py:190} INFO - [2024-10-13T14:11:04.356+0100] {dag.py:4180} INFO - Setting next_dagrun for tutorial_dag to None, run_after=None
[2024-10-13T14:11:04.362+0100] {processor.py:208} INFO - Processing /opt/homebrew/Caskroom/miniconda/base/envs/airflow_env/lib/python3.9/site-packages/airflow/example_dags/tutorial_dag.py took 0.074 seconds
[2024-10-13T14:12:07.685+0100] {processor.py:186} INFO - Started process (PID=67438) to work on /opt/homebrew/Caskroom/miniconda/base/envs/airflow_env/lib/python3.9/site-packages/airflow/example_dags/tutorial_dag.py
[2024-10-13T14:12:07.685+0100] {processor.py:914} INFO - Processing file /opt/homebrew/Caskroom/miniconda/base/envs/airflow_env/lib/python3.9/site-packages/airflow/example_dags/tutorial_dag.py for tasks to queue
[2024-10-13T14:12:07.686+0100] {logging_mixin.py:190} INFO - [2024-10-13T14:12:07.686+0100] {dagbag.py:588} INFO - Filling up the DagBag from /opt/homebrew/Caskroom/miniconda/base/envs/airflow_env/lib/python3.9/site-packages/airflow/example_dags/tutorial_dag.py
[2024-10-13T14:12:07.711+0100] {processor.py:925} INFO - DAG(s) 'tutorial_dag' retrieved from /opt/homebrew/Caskroom/miniconda/base/envs/airflow_env/lib/python3.9/site-packages/airflow/example_dags/tutorial_dag.py
[2024-10-13T14:12:07.744+0100] {logging_mixin.py:190} INFO - [2024-10-13T14:12:07.743+0100] {dag.py:3239} INFO - Sync 1 DAGs
[2024-10-13T14:12:07.748+0100] {logging_mixin.py:190} INFO - [2024-10-13T14:12:07.748+0100] {dag.py:4180} INFO - Setting next_dagrun for tutorial_dag to None, run_after=None
[2024-10-13T14:12:07.755+0100] {processor.py:208} INFO - Processing /opt/homebrew/Caskroom/miniconda/base/envs/airflow_env/lib/python3.9/site-packages/airflow/example_dags/tutorial_dag.py took 0.072 seconds
[2024-10-13T14:13:10.360+0100] {processor.py:186} INFO - Started process (PID=67519) to work on /opt/homebrew/Caskroom/miniconda/base/envs/airflow_env/lib/python3.9/site-packages/airflow/example_dags/tutorial_dag.py
[2024-10-13T14:13:10.361+0100] {processor.py:914} INFO - Processing file /opt/homebrew/Caskroom/miniconda/base/envs/airflow_env/lib/python3.9/site-packages/airflow/example_dags/tutorial_dag.py for tasks to queue
[2024-10-13T14:13:10.361+0100] {logging_mixin.py:190} INFO - [2024-10-13T14:13:10.361+0100] {dagbag.py:588} INFO - Filling up the DagBag from /opt/homebrew/Caskroom/miniconda/base/envs/airflow_env/lib/python3.9/site-packages/airflow/example_dags/tutorial_dag.py
[2024-10-13T14:13:10.388+0100] {processor.py:925} INFO - DAG(s) 'tutorial_dag' retrieved from /opt/homebrew/Caskroom/miniconda/base/envs/airflow_env/lib/python3.9/site-packages/airflow/example_dags/tutorial_dag.py
[2024-10-13T14:13:10.421+0100] {logging_mixin.py:190} INFO - [2024-10-13T14:13:10.420+0100] {dag.py:3239} INFO - Sync 1 DAGs
[2024-10-13T14:13:10.424+0100] {logging_mixin.py:190} INFO - [2024-10-13T14:13:10.424+0100] {dag.py:4180} INFO - Setting next_dagrun for tutorial_dag to None, run_after=None
[2024-10-13T14:13:10.431+0100] {processor.py:208} INFO - Processing /opt/homebrew/Caskroom/miniconda/base/envs/airflow_env/lib/python3.9/site-packages/airflow/example_dags/tutorial_dag.py took 0.072 seconds
[2024-10-13T14:14:14.895+0100] {processor.py:186} INFO - Started process (PID=67591) to work on /opt/homebrew/Caskroom/miniconda/base/envs/airflow_env/lib/python3.9/site-packages/airflow/example_dags/tutorial_dag.py
[2024-10-13T14:14:14.896+0100] {processor.py:914} INFO - Processing file /opt/homebrew/Caskroom/miniconda/base/envs/airflow_env/lib/python3.9/site-packages/airflow/example_dags/tutorial_dag.py for tasks to queue
[2024-10-13T14:14:14.897+0100] {logging_mixin.py:190} INFO - [2024-10-13T14:14:14.897+0100] {dagbag.py:588} INFO - Filling up the DagBag from /opt/homebrew/Caskroom/miniconda/base/envs/airflow_env/lib/python3.9/site-packages/airflow/example_dags/tutorial_dag.py
[2024-10-13T14:14:14.924+0100] {processor.py:925} INFO - DAG(s) 'tutorial_dag' retrieved from /opt/homebrew/Caskroom/miniconda/base/envs/airflow_env/lib/python3.9/site-packages/airflow/example_dags/tutorial_dag.py
[2024-10-13T14:14:14.956+0100] {logging_mixin.py:190} INFO - [2024-10-13T14:14:14.956+0100] {dag.py:3239} INFO - Sync 1 DAGs
[2024-10-13T14:14:14.960+0100] {logging_mixin.py:190} INFO - [2024-10-13T14:14:14.960+0100] {dag.py:4180} INFO - Setting next_dagrun for tutorial_dag to None, run_after=None
[2024-10-13T14:14:14.966+0100] {processor.py:208} INFO - Processing /opt/homebrew/Caskroom/miniconda/base/envs/airflow_env/lib/python3.9/site-packages/airflow/example_dags/tutorial_dag.py took 0.073 seconds
[2024-10-13T14:15:19.973+0100] {processor.py:186} INFO - Started process (PID=67639) to work on /opt/homebrew/Caskroom/miniconda/base/envs/airflow_env/lib/python3.9/site-packages/airflow/example_dags/tutorial_dag.py
[2024-10-13T14:15:19.973+0100] {processor.py:914} INFO - Processing file /opt/homebrew/Caskroom/miniconda/base/envs/airflow_env/lib/python3.9/site-packages/airflow/example_dags/tutorial_dag.py for tasks to queue
[2024-10-13T14:15:19.973+0100] {logging_mixin.py:190} INFO - [2024-10-13T14:15:19.973+0100] {dagbag.py:588} INFO - Filling up the DagBag from /opt/homebrew/Caskroom/miniconda/base/envs/airflow_env/lib/python3.9/site-packages/airflow/example_dags/tutorial_dag.py
[2024-10-13T14:15:19.999+0100] {processor.py:925} INFO - DAG(s) 'tutorial_dag' retrieved from /opt/homebrew/Caskroom/miniconda/base/envs/airflow_env/lib/python3.9/site-packages/airflow/example_dags/tutorial_dag.py
[2024-10-13T14:15:20.031+0100] {logging_mixin.py:190} INFO - [2024-10-13T14:15:20.030+0100] {dag.py:3239} INFO - Sync 1 DAGs
[2024-10-13T14:15:20.034+0100] {logging_mixin.py:190} INFO - [2024-10-13T14:15:20.034+0100] {dag.py:4180} INFO - Setting next_dagrun for tutorial_dag to None, run_after=None
[2024-10-13T14:15:20.041+0100] {processor.py:208} INFO - Processing /opt/homebrew/Caskroom/miniconda/base/envs/airflow_env/lib/python3.9/site-packages/airflow/example_dags/tutorial_dag.py took 0.070 seconds
[2024-10-13T14:16:27.847+0100] {processor.py:186} INFO - Started process (PID=67711) to work on /opt/homebrew/Caskroom/miniconda/base/envs/airflow_env/lib/python3.9/site-packages/airflow/example_dags/tutorial_dag.py
[2024-10-13T14:16:27.847+0100] {processor.py:914} INFO - Processing file /opt/homebrew/Caskroom/miniconda/base/envs/airflow_env/lib/python3.9/site-packages/airflow/example_dags/tutorial_dag.py for tasks to queue
[2024-10-13T14:16:27.848+0100] {logging_mixin.py:190} INFO - [2024-10-13T14:16:27.847+0100] {dagbag.py:588} INFO - Filling up the DagBag from /opt/homebrew/Caskroom/miniconda/base/envs/airflow_env/lib/python3.9/site-packages/airflow/example_dags/tutorial_dag.py
[2024-10-13T14:16:27.877+0100] {processor.py:925} INFO - DAG(s) 'tutorial_dag' retrieved from /opt/homebrew/Caskroom/miniconda/base/envs/airflow_env/lib/python3.9/site-packages/airflow/example_dags/tutorial_dag.py
[2024-10-13T14:16:27.913+0100] {logging_mixin.py:190} INFO - [2024-10-13T14:16:27.913+0100] {dag.py:3239} INFO - Sync 1 DAGs
[2024-10-13T14:16:27.917+0100] {logging_mixin.py:190} INFO - [2024-10-13T14:16:27.917+0100] {dag.py:4180} INFO - Setting next_dagrun for tutorial_dag to None, run_after=None
[2024-10-13T14:16:27.925+0100] {processor.py:208} INFO - Processing /opt/homebrew/Caskroom/miniconda/base/envs/airflow_env/lib/python3.9/site-packages/airflow/example_dags/tutorial_dag.py took 0.080 seconds
[2024-10-13T14:18:42.291+0100] {processor.py:186} INFO - Started process (PID=67770) to work on /opt/homebrew/Caskroom/miniconda/base/envs/airflow_env/lib/python3.9/site-packages/airflow/example_dags/tutorial_dag.py
[2024-10-13T14:18:42.291+0100] {processor.py:914} INFO - Processing file /opt/homebrew/Caskroom/miniconda/base/envs/airflow_env/lib/python3.9/site-packages/airflow/example_dags/tutorial_dag.py for tasks to queue
[2024-10-13T14:18:42.291+0100] {logging_mixin.py:190} INFO - [2024-10-13T14:18:42.291+0100] {dagbag.py:588} INFO - Filling up the DagBag from /opt/homebrew/Caskroom/miniconda/base/envs/airflow_env/lib/python3.9/site-packages/airflow/example_dags/tutorial_dag.py
[2024-10-13T14:18:42.316+0100] {processor.py:925} INFO - DAG(s) 'tutorial_dag' retrieved from /opt/homebrew/Caskroom/miniconda/base/envs/airflow_env/lib/python3.9/site-packages/airflow/example_dags/tutorial_dag.py
[2024-10-13T14:18:42.348+0100] {logging_mixin.py:190} INFO - [2024-10-13T14:18:42.347+0100] {dag.py:3239} INFO - Sync 1 DAGs
[2024-10-13T14:18:42.351+0100] {logging_mixin.py:190} INFO - [2024-10-13T14:18:42.351+0100] {dag.py:4180} INFO - Setting next_dagrun for tutorial_dag to None, run_after=None
[2024-10-13T14:18:42.357+0100] {processor.py:208} INFO - Processing /opt/homebrew/Caskroom/miniconda/base/envs/airflow_env/lib/python3.9/site-packages/airflow/example_dags/tutorial_dag.py took 0.068 seconds
[2024-10-13T15:13:55.041+0100] {processor.py:186} INFO - Started process (PID=67934) to work on /opt/homebrew/Caskroom/miniconda/base/envs/airflow_env/lib/python3.9/site-packages/airflow/example_dags/tutorial_dag.py
[2024-10-13T15:13:55.042+0100] {processor.py:914} INFO - Processing file /opt/homebrew/Caskroom/miniconda/base/envs/airflow_env/lib/python3.9/site-packages/airflow/example_dags/tutorial_dag.py for tasks to queue
[2024-10-13T15:13:55.042+0100] {logging_mixin.py:190} INFO - [2024-10-13T15:13:55.042+0100] {dagbag.py:588} INFO - Filling up the DagBag from /opt/homebrew/Caskroom/miniconda/base/envs/airflow_env/lib/python3.9/site-packages/airflow/example_dags/tutorial_dag.py
[2024-10-13T15:13:55.072+0100] {processor.py:925} INFO - DAG(s) 'tutorial_dag' retrieved from /opt/homebrew/Caskroom/miniconda/base/envs/airflow_env/lib/python3.9/site-packages/airflow/example_dags/tutorial_dag.py
[2024-10-13T15:13:55.108+0100] {logging_mixin.py:190} INFO - [2024-10-13T15:13:55.107+0100] {dag.py:3239} INFO - Sync 1 DAGs
[2024-10-13T15:13:55.112+0100] {logging_mixin.py:190} INFO - [2024-10-13T15:13:55.111+0100] {dag.py:4180} INFO - Setting next_dagrun for tutorial_dag to None, run_after=None
[2024-10-13T15:13:55.118+0100] {processor.py:208} INFO - Processing /opt/homebrew/Caskroom/miniconda/base/envs/airflow_env/lib/python3.9/site-packages/airflow/example_dags/tutorial_dag.py took 0.079 seconds
[2024-10-13T15:15:09.735+0100] {processor.py:186} INFO - Started process (PID=68025) to work on /opt/homebrew/Caskroom/miniconda/base/envs/airflow_env/lib/python3.9/site-packages/airflow/example_dags/tutorial_dag.py
[2024-10-13T15:15:09.736+0100] {processor.py:914} INFO - Processing file /opt/homebrew/Caskroom/miniconda/base/envs/airflow_env/lib/python3.9/site-packages/airflow/example_dags/tutorial_dag.py for tasks to queue
[2024-10-13T15:15:09.736+0100] {logging_mixin.py:190} INFO - [2024-10-13T15:15:09.736+0100] {dagbag.py:588} INFO - Filling up the DagBag from /opt/homebrew/Caskroom/miniconda/base/envs/airflow_env/lib/python3.9/site-packages/airflow/example_dags/tutorial_dag.py
[2024-10-13T15:15:09.764+0100] {processor.py:925} INFO - DAG(s) 'tutorial_dag' retrieved from /opt/homebrew/Caskroom/miniconda/base/envs/airflow_env/lib/python3.9/site-packages/airflow/example_dags/tutorial_dag.py
[2024-10-13T15:15:09.796+0100] {logging_mixin.py:190} INFO - [2024-10-13T15:15:09.796+0100] {dag.py:3239} INFO - Sync 1 DAGs
[2024-10-13T15:15:09.800+0100] {logging_mixin.py:190} INFO - [2024-10-13T15:15:09.800+0100] {dag.py:4180} INFO - Setting next_dagrun for tutorial_dag to None, run_after=None
[2024-10-13T15:15:09.806+0100] {processor.py:208} INFO - Processing /opt/homebrew/Caskroom/miniconda/base/envs/airflow_env/lib/python3.9/site-packages/airflow/example_dags/tutorial_dag.py took 0.072 seconds
[2024-10-13T15:16:17.013+0100] {processor.py:186} INFO - Started process (PID=68083) to work on /opt/homebrew/Caskroom/miniconda/base/envs/airflow_env/lib/python3.9/site-packages/airflow/example_dags/tutorial_dag.py
[2024-10-13T15:16:17.014+0100] {processor.py:914} INFO - Processing file /opt/homebrew/Caskroom/miniconda/base/envs/airflow_env/lib/python3.9/site-packages/airflow/example_dags/tutorial_dag.py for tasks to queue
[2024-10-13T15:16:17.014+0100] {logging_mixin.py:190} INFO - [2024-10-13T15:16:17.014+0100] {dagbag.py:588} INFO - Filling up the DagBag from /opt/homebrew/Caskroom/miniconda/base/envs/airflow_env/lib/python3.9/site-packages/airflow/example_dags/tutorial_dag.py
[2024-10-13T15:16:17.042+0100] {processor.py:925} INFO - DAG(s) 'tutorial_dag' retrieved from /opt/homebrew/Caskroom/miniconda/base/envs/airflow_env/lib/python3.9/site-packages/airflow/example_dags/tutorial_dag.py
[2024-10-13T15:16:17.074+0100] {logging_mixin.py:190} INFO - [2024-10-13T15:16:17.074+0100] {dag.py:3239} INFO - Sync 1 DAGs
[2024-10-13T15:16:17.078+0100] {logging_mixin.py:190} INFO - [2024-10-13T15:16:17.078+0100] {dag.py:4180} INFO - Setting next_dagrun for tutorial_dag to None, run_after=None
[2024-10-13T15:16:17.084+0100] {processor.py:208} INFO - Processing /opt/homebrew/Caskroom/miniconda/base/envs/airflow_env/lib/python3.9/site-packages/airflow/example_dags/tutorial_dag.py took 0.072 seconds
[2024-10-13T15:17:21.313+0100] {processor.py:186} INFO - Started process (PID=68143) to work on /opt/homebrew/Caskroom/miniconda/base/envs/airflow_env/lib/python3.9/site-packages/airflow/example_dags/tutorial_dag.py
[2024-10-13T15:17:21.313+0100] {processor.py:914} INFO - Processing file /opt/homebrew/Caskroom/miniconda/base/envs/airflow_env/lib/python3.9/site-packages/airflow/example_dags/tutorial_dag.py for tasks to queue
[2024-10-13T15:17:21.314+0100] {logging_mixin.py:190} INFO - [2024-10-13T15:17:21.314+0100] {dagbag.py:588} INFO - Filling up the DagBag from /opt/homebrew/Caskroom/miniconda/base/envs/airflow_env/lib/python3.9/site-packages/airflow/example_dags/tutorial_dag.py
[2024-10-13T15:17:21.341+0100] {processor.py:925} INFO - DAG(s) 'tutorial_dag' retrieved from /opt/homebrew/Caskroom/miniconda/base/envs/airflow_env/lib/python3.9/site-packages/airflow/example_dags/tutorial_dag.py
[2024-10-13T15:17:21.373+0100] {logging_mixin.py:190} INFO - [2024-10-13T15:17:21.373+0100] {dag.py:3239} INFO - Sync 1 DAGs
[2024-10-13T15:17:21.377+0100] {logging_mixin.py:190} INFO - [2024-10-13T15:17:21.377+0100] {dag.py:4180} INFO - Setting next_dagrun for tutorial_dag to None, run_after=None
[2024-10-13T15:17:21.383+0100] {processor.py:208} INFO - Processing /opt/homebrew/Caskroom/miniconda/base/envs/airflow_env/lib/python3.9/site-packages/airflow/example_dags/tutorial_dag.py took 0.071 seconds
[2024-10-13T15:18:27.463+0100] {processor.py:186} INFO - Started process (PID=68207) to work on /opt/homebrew/Caskroom/miniconda/base/envs/airflow_env/lib/python3.9/site-packages/airflow/example_dags/tutorial_dag.py
[2024-10-13T15:18:27.463+0100] {processor.py:914} INFO - Processing file /opt/homebrew/Caskroom/miniconda/base/envs/airflow_env/lib/python3.9/site-packages/airflow/example_dags/tutorial_dag.py for tasks to queue
[2024-10-13T15:18:27.464+0100] {logging_mixin.py:190} INFO - [2024-10-13T15:18:27.463+0100] {dagbag.py:588} INFO - Filling up the DagBag from /opt/homebrew/Caskroom/miniconda/base/envs/airflow_env/lib/python3.9/site-packages/airflow/example_dags/tutorial_dag.py
[2024-10-13T15:18:27.493+0100] {processor.py:925} INFO - DAG(s) 'tutorial_dag' retrieved from /opt/homebrew/Caskroom/miniconda/base/envs/airflow_env/lib/python3.9/site-packages/airflow/example_dags/tutorial_dag.py
[2024-10-13T15:18:27.531+0100] {logging_mixin.py:190} INFO - [2024-10-13T15:18:27.531+0100] {dag.py:3239} INFO - Sync 1 DAGs
[2024-10-13T15:18:27.535+0100] {logging_mixin.py:190} INFO - [2024-10-13T15:18:27.535+0100] {dag.py:4180} INFO - Setting next_dagrun for tutorial_dag to None, run_after=None
[2024-10-13T15:18:27.543+0100] {processor.py:208} INFO - Processing /opt/homebrew/Caskroom/miniconda/base/envs/airflow_env/lib/python3.9/site-packages/airflow/example_dags/tutorial_dag.py took 0.082 seconds
[2024-10-13T15:19:34.765+0100] {processor.py:186} INFO - Started process (PID=68285) to work on /opt/homebrew/Caskroom/miniconda/base/envs/airflow_env/lib/python3.9/site-packages/airflow/example_dags/tutorial_dag.py
[2024-10-13T15:19:34.766+0100] {processor.py:914} INFO - Processing file /opt/homebrew/Caskroom/miniconda/base/envs/airflow_env/lib/python3.9/site-packages/airflow/example_dags/tutorial_dag.py for tasks to queue
[2024-10-13T15:19:34.766+0100] {logging_mixin.py:190} INFO - [2024-10-13T15:19:34.766+0100] {dagbag.py:588} INFO - Filling up the DagBag from /opt/homebrew/Caskroom/miniconda/base/envs/airflow_env/lib/python3.9/site-packages/airflow/example_dags/tutorial_dag.py
[2024-10-13T15:19:34.795+0100] {processor.py:925} INFO - DAG(s) 'tutorial_dag' retrieved from /opt/homebrew/Caskroom/miniconda/base/envs/airflow_env/lib/python3.9/site-packages/airflow/example_dags/tutorial_dag.py
[2024-10-13T15:19:34.830+0100] {logging_mixin.py:190} INFO - [2024-10-13T15:19:34.829+0100] {dag.py:3239} INFO - Sync 1 DAGs
[2024-10-13T15:19:34.833+0100] {logging_mixin.py:190} INFO - [2024-10-13T15:19:34.833+0100] {dag.py:4180} INFO - Setting next_dagrun for tutorial_dag to None, run_after=None
[2024-10-13T15:19:34.840+0100] {processor.py:208} INFO - Processing /opt/homebrew/Caskroom/miniconda/base/envs/airflow_env/lib/python3.9/site-packages/airflow/example_dags/tutorial_dag.py took 0.076 seconds
[2024-10-13T15:20:40.591+0100] {processor.py:186} INFO - Started process (PID=68352) to work on /opt/homebrew/Caskroom/miniconda/base/envs/airflow_env/lib/python3.9/site-packages/airflow/example_dags/tutorial_dag.py
[2024-10-13T15:20:40.591+0100] {processor.py:914} INFO - Processing file /opt/homebrew/Caskroom/miniconda/base/envs/airflow_env/lib/python3.9/site-packages/airflow/example_dags/tutorial_dag.py for tasks to queue
[2024-10-13T15:20:40.591+0100] {logging_mixin.py:190} INFO - [2024-10-13T15:20:40.591+0100] {dagbag.py:588} INFO - Filling up the DagBag from /opt/homebrew/Caskroom/miniconda/base/envs/airflow_env/lib/python3.9/site-packages/airflow/example_dags/tutorial_dag.py
[2024-10-13T15:20:40.617+0100] {processor.py:925} INFO - DAG(s) 'tutorial_dag' retrieved from /opt/homebrew/Caskroom/miniconda/base/envs/airflow_env/lib/python3.9/site-packages/airflow/example_dags/tutorial_dag.py
[2024-10-13T15:20:40.649+0100] {logging_mixin.py:190} INFO - [2024-10-13T15:20:40.649+0100] {dag.py:3239} INFO - Sync 1 DAGs
[2024-10-13T15:20:40.653+0100] {logging_mixin.py:190} INFO - [2024-10-13T15:20:40.653+0100] {dag.py:4180} INFO - Setting next_dagrun for tutorial_dag to None, run_after=None
[2024-10-13T15:20:40.659+0100] {processor.py:208} INFO - Processing /opt/homebrew/Caskroom/miniconda/base/envs/airflow_env/lib/python3.9/site-packages/airflow/example_dags/tutorial_dag.py took 0.070 seconds
[2024-10-13T15:21:45.114+0100] {processor.py:186} INFO - Started process (PID=68428) to work on /opt/homebrew/Caskroom/miniconda/base/envs/airflow_env/lib/python3.9/site-packages/airflow/example_dags/tutorial_dag.py
[2024-10-13T15:21:45.115+0100] {processor.py:914} INFO - Processing file /opt/homebrew/Caskroom/miniconda/base/envs/airflow_env/lib/python3.9/site-packages/airflow/example_dags/tutorial_dag.py for tasks to queue
[2024-10-13T15:21:45.115+0100] {logging_mixin.py:190} INFO - [2024-10-13T15:21:45.115+0100] {dagbag.py:588} INFO - Filling up the DagBag from /opt/homebrew/Caskroom/miniconda/base/envs/airflow_env/lib/python3.9/site-packages/airflow/example_dags/tutorial_dag.py
[2024-10-13T15:21:45.143+0100] {processor.py:925} INFO - DAG(s) 'tutorial_dag' retrieved from /opt/homebrew/Caskroom/miniconda/base/envs/airflow_env/lib/python3.9/site-packages/airflow/example_dags/tutorial_dag.py
[2024-10-13T15:21:45.176+0100] {logging_mixin.py:190} INFO - [2024-10-13T15:21:45.176+0100] {dag.py:3239} INFO - Sync 1 DAGs
[2024-10-13T15:21:45.181+0100] {logging_mixin.py:190} INFO - [2024-10-13T15:21:45.180+0100] {dag.py:4180} INFO - Setting next_dagrun for tutorial_dag to None, run_after=None
[2024-10-13T15:21:45.188+0100] {processor.py:208} INFO - Processing /opt/homebrew/Caskroom/miniconda/base/envs/airflow_env/lib/python3.9/site-packages/airflow/example_dags/tutorial_dag.py took 0.075 seconds
[2024-10-13T15:22:48.280+0100] {processor.py:186} INFO - Started process (PID=68557) to work on /opt/homebrew/Caskroom/miniconda/base/envs/airflow_env/lib/python3.9/site-packages/airflow/example_dags/tutorial_dag.py
[2024-10-13T15:22:48.281+0100] {processor.py:914} INFO - Processing file /opt/homebrew/Caskroom/miniconda/base/envs/airflow_env/lib/python3.9/site-packages/airflow/example_dags/tutorial_dag.py for tasks to queue
[2024-10-13T15:22:48.281+0100] {logging_mixin.py:190} INFO - [2024-10-13T15:22:48.281+0100] {dagbag.py:588} INFO - Filling up the DagBag from /opt/homebrew/Caskroom/miniconda/base/envs/airflow_env/lib/python3.9/site-packages/airflow/example_dags/tutorial_dag.py
[2024-10-13T15:22:48.312+0100] {processor.py:925} INFO - DAG(s) 'tutorial_dag' retrieved from /opt/homebrew/Caskroom/miniconda/base/envs/airflow_env/lib/python3.9/site-packages/airflow/example_dags/tutorial_dag.py
[2024-10-13T15:22:48.347+0100] {logging_mixin.py:190} INFO - [2024-10-13T15:22:48.346+0100] {dag.py:3239} INFO - Sync 1 DAGs
[2024-10-13T15:22:48.351+0100] {logging_mixin.py:190} INFO - [2024-10-13T15:22:48.351+0100] {dag.py:4180} INFO - Setting next_dagrun for tutorial_dag to None, run_after=None
[2024-10-13T15:22:48.357+0100] {processor.py:208} INFO - Processing /opt/homebrew/Caskroom/miniconda/base/envs/airflow_env/lib/python3.9/site-packages/airflow/example_dags/tutorial_dag.py took 0.079 seconds
[2024-10-13T15:23:51.123+0100] {processor.py:186} INFO - Started process (PID=68614) to work on /opt/homebrew/Caskroom/miniconda/base/envs/airflow_env/lib/python3.9/site-packages/airflow/example_dags/tutorial_dag.py
[2024-10-13T15:23:51.124+0100] {processor.py:914} INFO - Processing file /opt/homebrew/Caskroom/miniconda/base/envs/airflow_env/lib/python3.9/site-packages/airflow/example_dags/tutorial_dag.py for tasks to queue
[2024-10-13T15:23:51.124+0100] {logging_mixin.py:190} INFO - [2024-10-13T15:23:51.124+0100] {dagbag.py:588} INFO - Filling up the DagBag from /opt/homebrew/Caskroom/miniconda/base/envs/airflow_env/lib/python3.9/site-packages/airflow/example_dags/tutorial_dag.py
[2024-10-13T15:23:51.155+0100] {processor.py:925} INFO - DAG(s) 'tutorial_dag' retrieved from /opt/homebrew/Caskroom/miniconda/base/envs/airflow_env/lib/python3.9/site-packages/airflow/example_dags/tutorial_dag.py
[2024-10-13T15:23:51.191+0100] {logging_mixin.py:190} INFO - [2024-10-13T15:23:51.191+0100] {dag.py:3239} INFO - Sync 1 DAGs
[2024-10-13T15:23:51.196+0100] {logging_mixin.py:190} INFO - [2024-10-13T15:23:51.196+0100] {dag.py:4180} INFO - Setting next_dagrun for tutorial_dag to None, run_after=None
[2024-10-13T15:23:51.203+0100] {processor.py:208} INFO - Processing /opt/homebrew/Caskroom/miniconda/base/envs/airflow_env/lib/python3.9/site-packages/airflow/example_dags/tutorial_dag.py took 0.082 seconds
[2024-10-13T15:24:56.785+0100] {processor.py:186} INFO - Started process (PID=68671) to work on /opt/homebrew/Caskroom/miniconda/base/envs/airflow_env/lib/python3.9/site-packages/airflow/example_dags/tutorial_dag.py
[2024-10-13T15:24:56.785+0100] {processor.py:914} INFO - Processing file /opt/homebrew/Caskroom/miniconda/base/envs/airflow_env/lib/python3.9/site-packages/airflow/example_dags/tutorial_dag.py for tasks to queue
[2024-10-13T15:24:56.786+0100] {logging_mixin.py:190} INFO - [2024-10-13T15:24:56.786+0100] {dagbag.py:588} INFO - Filling up the DagBag from /opt/homebrew/Caskroom/miniconda/base/envs/airflow_env/lib/python3.9/site-packages/airflow/example_dags/tutorial_dag.py
[2024-10-13T15:24:56.815+0100] {processor.py:925} INFO - DAG(s) 'tutorial_dag' retrieved from /opt/homebrew/Caskroom/miniconda/base/envs/airflow_env/lib/python3.9/site-packages/airflow/example_dags/tutorial_dag.py
[2024-10-13T15:24:56.848+0100] {logging_mixin.py:190} INFO - [2024-10-13T15:24:56.848+0100] {dag.py:3239} INFO - Sync 1 DAGs
[2024-10-13T15:24:56.852+0100] {logging_mixin.py:190} INFO - [2024-10-13T15:24:56.852+0100] {dag.py:4180} INFO - Setting next_dagrun for tutorial_dag to None, run_after=None
[2024-10-13T15:24:56.859+0100] {processor.py:208} INFO - Processing /opt/homebrew/Caskroom/miniconda/base/envs/airflow_env/lib/python3.9/site-packages/airflow/example_dags/tutorial_dag.py took 0.077 seconds
[2024-10-13T15:26:01.431+0100] {processor.py:186} INFO - Started process (PID=68787) to work on /opt/homebrew/Caskroom/miniconda/base/envs/airflow_env/lib/python3.9/site-packages/airflow/example_dags/tutorial_dag.py
[2024-10-13T15:26:01.432+0100] {processor.py:914} INFO - Processing file /opt/homebrew/Caskroom/miniconda/base/envs/airflow_env/lib/python3.9/site-packages/airflow/example_dags/tutorial_dag.py for tasks to queue
[2024-10-13T15:26:01.432+0100] {logging_mixin.py:190} INFO - [2024-10-13T15:26:01.432+0100] {dagbag.py:588} INFO - Filling up the DagBag from /opt/homebrew/Caskroom/miniconda/base/envs/airflow_env/lib/python3.9/site-packages/airflow/example_dags/tutorial_dag.py
[2024-10-13T15:26:01.461+0100] {processor.py:925} INFO - DAG(s) 'tutorial_dag' retrieved from /opt/homebrew/Caskroom/miniconda/base/envs/airflow_env/lib/python3.9/site-packages/airflow/example_dags/tutorial_dag.py
[2024-10-13T15:26:01.495+0100] {logging_mixin.py:190} INFO - [2024-10-13T15:26:01.495+0100] {dag.py:3239} INFO - Sync 1 DAGs
[2024-10-13T15:26:01.500+0100] {logging_mixin.py:190} INFO - [2024-10-13T15:26:01.500+0100] {dag.py:4180} INFO - Setting next_dagrun for tutorial_dag to None, run_after=None
[2024-10-13T15:26:01.506+0100] {processor.py:208} INFO - Processing /opt/homebrew/Caskroom/miniconda/base/envs/airflow_env/lib/python3.9/site-packages/airflow/example_dags/tutorial_dag.py took 0.077 seconds
