[2024-10-13T14:08:21.011+0100] {processor.py:186} INFO - Started process (PID=67169) to work on /opt/homebrew/Caskroom/miniconda/base/envs/airflow_env/lib/python3.9/site-packages/airflow/example_dags/tutorial.py
[2024-10-13T14:08:21.012+0100] {processor.py:914} INFO - Processing file /opt/homebrew/Caskroom/miniconda/base/envs/airflow_env/lib/python3.9/site-packages/airflow/example_dags/tutorial.py for tasks to queue
[2024-10-13T14:08:21.012+0100] {logging_mixin.py:190} INFO - [2024-10-13T14:08:21.012+0100] {dagbag.py:588} INFO - Filling up the DagBag from /opt/homebrew/Caskroom/miniconda/base/envs/airflow_env/lib/python3.9/site-packages/airflow/example_dags/tutorial.py
[2024-10-13T14:08:21.037+0100] {processor.py:925} INFO - DAG(s) 'tutorial' retrieved from /opt/homebrew/Caskroom/miniconda/base/envs/airflow_env/lib/python3.9/site-packages/airflow/example_dags/tutorial.py
[2024-10-13T14:08:21.105+0100] {logging_mixin.py:190} INFO - [2024-10-13T14:08:21.105+0100] {override.py:1901} INFO - Created Permission View: can read on DAG:tutorial
[2024-10-13T14:08:21.109+0100] {logging_mixin.py:190} INFO - [2024-10-13T14:08:21.109+0100] {override.py:1901} INFO - Created Permission View: can delete on DAG:tutorial
[2024-10-13T14:08:21.111+0100] {logging_mixin.py:190} INFO - [2024-10-13T14:08:21.111+0100] {override.py:1901} INFO - Created Permission View: can edit on DAG:tutorial
[2024-10-13T14:08:21.113+0100] {logging_mixin.py:190} INFO - [2024-10-13T14:08:21.113+0100] {override.py:1901} INFO - Created Permission View: menu access on DAG Run:tutorial
[2024-10-13T14:08:21.115+0100] {logging_mixin.py:190} INFO - [2024-10-13T14:08:21.115+0100] {override.py:1901} INFO - Created Permission View: can read on DAG Run:tutorial
[2024-10-13T14:08:21.117+0100] {logging_mixin.py:190} INFO - [2024-10-13T14:08:21.117+0100] {override.py:1901} INFO - Created Permission View: can delete on DAG Run:tutorial
[2024-10-13T14:08:21.119+0100] {logging_mixin.py:190} INFO - [2024-10-13T14:08:21.119+0100] {override.py:1901} INFO - Created Permission View: can create on DAG Run:tutorial
[2024-10-13T14:08:21.120+0100] {logging_mixin.py:190} INFO - [2024-10-13T14:08:21.119+0100] {dag.py:3239} INFO - Sync 1 DAGs
[2024-10-13T14:08:21.124+0100] {logging_mixin.py:190} INFO - [2024-10-13T14:08:21.124+0100] {dag.py:3262} INFO - Creating ORM DAG for tutorial
[2024-10-13T14:08:21.127+0100] {logging_mixin.py:190} INFO - [2024-10-13T14:08:21.127+0100] {dag.py:4180} INFO - Setting next_dagrun for tutorial to 2024-10-12 00:00:00+00:00, run_after=2024-10-13 00:00:00+00:00
[2024-10-13T14:08:21.134+0100] {processor.py:208} INFO - Processing /opt/homebrew/Caskroom/miniconda/base/envs/airflow_env/lib/python3.9/site-packages/airflow/example_dags/tutorial.py took 0.124 seconds
[2024-10-13T14:09:58.662+0100] {processor.py:186} INFO - Started process (PID=67286) to work on /opt/homebrew/Caskroom/miniconda/base/envs/airflow_env/lib/python3.9/site-packages/airflow/example_dags/tutorial.py
[2024-10-13T14:09:58.663+0100] {processor.py:914} INFO - Processing file /opt/homebrew/Caskroom/miniconda/base/envs/airflow_env/lib/python3.9/site-packages/airflow/example_dags/tutorial.py for tasks to queue
[2024-10-13T14:09:58.663+0100] {logging_mixin.py:190} INFO - [2024-10-13T14:09:58.663+0100] {dagbag.py:588} INFO - Filling up the DagBag from /opt/homebrew/Caskroom/miniconda/base/envs/airflow_env/lib/python3.9/site-packages/airflow/example_dags/tutorial.py
[2024-10-13T14:09:58.683+0100] {processor.py:925} INFO - DAG(s) 'tutorial' retrieved from /opt/homebrew/Caskroom/miniconda/base/envs/airflow_env/lib/python3.9/site-packages/airflow/example_dags/tutorial.py
[2024-10-13T14:09:58.718+0100] {logging_mixin.py:190} INFO - [2024-10-13T14:09:58.718+0100] {dag.py:3239} INFO - Sync 1 DAGs
[2024-10-13T14:09:58.724+0100] {logging_mixin.py:190} INFO - [2024-10-13T14:09:58.724+0100] {dag.py:4180} INFO - Setting next_dagrun for tutorial to 2024-10-12 00:00:00+00:00, run_after=2024-10-13 00:00:00+00:00
[2024-10-13T14:09:58.731+0100] {processor.py:208} INFO - Processing /opt/homebrew/Caskroom/miniconda/base/envs/airflow_env/lib/python3.9/site-packages/airflow/example_dags/tutorial.py took 0.070 seconds
[2024-10-13T14:11:06.107+0100] {processor.py:186} INFO - Started process (PID=67352) to work on /opt/homebrew/Caskroom/miniconda/base/envs/airflow_env/lib/python3.9/site-packages/airflow/example_dags/tutorial.py
[2024-10-13T14:11:06.108+0100] {processor.py:914} INFO - Processing file /opt/homebrew/Caskroom/miniconda/base/envs/airflow_env/lib/python3.9/site-packages/airflow/example_dags/tutorial.py for tasks to queue
[2024-10-13T14:11:06.108+0100] {logging_mixin.py:190} INFO - [2024-10-13T14:11:06.108+0100] {dagbag.py:588} INFO - Filling up the DagBag from /opt/homebrew/Caskroom/miniconda/base/envs/airflow_env/lib/python3.9/site-packages/airflow/example_dags/tutorial.py
[2024-10-13T14:11:06.129+0100] {processor.py:925} INFO - DAG(s) 'tutorial' retrieved from /opt/homebrew/Caskroom/miniconda/base/envs/airflow_env/lib/python3.9/site-packages/airflow/example_dags/tutorial.py
[2024-10-13T14:11:06.162+0100] {logging_mixin.py:190} INFO - [2024-10-13T14:11:06.161+0100] {dag.py:3239} INFO - Sync 1 DAGs
[2024-10-13T14:11:06.167+0100] {logging_mixin.py:190} INFO - [2024-10-13T14:11:06.167+0100] {dag.py:4180} INFO - Setting next_dagrun for tutorial to 2024-10-12 00:00:00+00:00, run_after=2024-10-13 00:00:00+00:00
[2024-10-13T14:11:06.173+0100] {processor.py:208} INFO - Processing /opt/homebrew/Caskroom/miniconda/base/envs/airflow_env/lib/python3.9/site-packages/airflow/example_dags/tutorial.py took 0.068 seconds
[2024-10-13T14:12:09.514+0100] {processor.py:186} INFO - Started process (PID=67439) to work on /opt/homebrew/Caskroom/miniconda/base/envs/airflow_env/lib/python3.9/site-packages/airflow/example_dags/tutorial.py
[2024-10-13T14:12:09.514+0100] {processor.py:914} INFO - Processing file /opt/homebrew/Caskroom/miniconda/base/envs/airflow_env/lib/python3.9/site-packages/airflow/example_dags/tutorial.py for tasks to queue
[2024-10-13T14:12:09.515+0100] {logging_mixin.py:190} INFO - [2024-10-13T14:12:09.515+0100] {dagbag.py:588} INFO - Filling up the DagBag from /opt/homebrew/Caskroom/miniconda/base/envs/airflow_env/lib/python3.9/site-packages/airflow/example_dags/tutorial.py
[2024-10-13T14:12:09.536+0100] {processor.py:925} INFO - DAG(s) 'tutorial' retrieved from /opt/homebrew/Caskroom/miniconda/base/envs/airflow_env/lib/python3.9/site-packages/airflow/example_dags/tutorial.py
[2024-10-13T14:12:09.570+0100] {logging_mixin.py:190} INFO - [2024-10-13T14:12:09.570+0100] {dag.py:3239} INFO - Sync 1 DAGs
[2024-10-13T14:12:09.576+0100] {logging_mixin.py:190} INFO - [2024-10-13T14:12:09.576+0100] {dag.py:4180} INFO - Setting next_dagrun for tutorial to 2024-10-12 00:00:00+00:00, run_after=2024-10-13 00:00:00+00:00
[2024-10-13T14:12:09.582+0100] {processor.py:208} INFO - Processing /opt/homebrew/Caskroom/miniconda/base/envs/airflow_env/lib/python3.9/site-packages/airflow/example_dags/tutorial.py took 0.070 seconds
[2024-10-13T14:13:12.172+0100] {processor.py:186} INFO - Started process (PID=67521) to work on /opt/homebrew/Caskroom/miniconda/base/envs/airflow_env/lib/python3.9/site-packages/airflow/example_dags/tutorial.py
[2024-10-13T14:13:12.173+0100] {processor.py:914} INFO - Processing file /opt/homebrew/Caskroom/miniconda/base/envs/airflow_env/lib/python3.9/site-packages/airflow/example_dags/tutorial.py for tasks to queue
[2024-10-13T14:13:12.173+0100] {logging_mixin.py:190} INFO - [2024-10-13T14:13:12.173+0100] {dagbag.py:588} INFO - Filling up the DagBag from /opt/homebrew/Caskroom/miniconda/base/envs/airflow_env/lib/python3.9/site-packages/airflow/example_dags/tutorial.py
[2024-10-13T14:13:12.194+0100] {processor.py:925} INFO - DAG(s) 'tutorial' retrieved from /opt/homebrew/Caskroom/miniconda/base/envs/airflow_env/lib/python3.9/site-packages/airflow/example_dags/tutorial.py
[2024-10-13T14:13:12.228+0100] {logging_mixin.py:190} INFO - [2024-10-13T14:13:12.228+0100] {dag.py:3239} INFO - Sync 1 DAGs
[2024-10-13T14:13:12.234+0100] {logging_mixin.py:190} INFO - [2024-10-13T14:13:12.234+0100] {dag.py:4180} INFO - Setting next_dagrun for tutorial to 2024-10-12 00:00:00+00:00, run_after=2024-10-13 00:00:00+00:00
[2024-10-13T14:13:12.240+0100] {processor.py:208} INFO - Processing /opt/homebrew/Caskroom/miniconda/base/envs/airflow_env/lib/python3.9/site-packages/airflow/example_dags/tutorial.py took 0.069 seconds
[2024-10-13T14:14:16.725+0100] {processor.py:186} INFO - Started process (PID=67592) to work on /opt/homebrew/Caskroom/miniconda/base/envs/airflow_env/lib/python3.9/site-packages/airflow/example_dags/tutorial.py
[2024-10-13T14:14:16.725+0100] {processor.py:914} INFO - Processing file /opt/homebrew/Caskroom/miniconda/base/envs/airflow_env/lib/python3.9/site-packages/airflow/example_dags/tutorial.py for tasks to queue
[2024-10-13T14:14:16.726+0100] {logging_mixin.py:190} INFO - [2024-10-13T14:14:16.726+0100] {dagbag.py:588} INFO - Filling up the DagBag from /opt/homebrew/Caskroom/miniconda/base/envs/airflow_env/lib/python3.9/site-packages/airflow/example_dags/tutorial.py
[2024-10-13T14:14:16.749+0100] {processor.py:925} INFO - DAG(s) 'tutorial' retrieved from /opt/homebrew/Caskroom/miniconda/base/envs/airflow_env/lib/python3.9/site-packages/airflow/example_dags/tutorial.py
[2024-10-13T14:14:16.783+0100] {logging_mixin.py:190} INFO - [2024-10-13T14:14:16.783+0100] {dag.py:3239} INFO - Sync 1 DAGs
[2024-10-13T14:14:16.789+0100] {logging_mixin.py:190} INFO - [2024-10-13T14:14:16.789+0100] {dag.py:4180} INFO - Setting next_dagrun for tutorial to 2024-10-12 00:00:00+00:00, run_after=2024-10-13 00:00:00+00:00
[2024-10-13T14:14:16.796+0100] {processor.py:208} INFO - Processing /opt/homebrew/Caskroom/miniconda/base/envs/airflow_env/lib/python3.9/site-packages/airflow/example_dags/tutorial.py took 0.073 seconds
[2024-10-13T14:15:21.154+0100] {processor.py:186} INFO - Started process (PID=67641) to work on /opt/homebrew/Caskroom/miniconda/base/envs/airflow_env/lib/python3.9/site-packages/airflow/example_dags/tutorial.py
[2024-10-13T14:15:21.155+0100] {processor.py:914} INFO - Processing file /opt/homebrew/Caskroom/miniconda/base/envs/airflow_env/lib/python3.9/site-packages/airflow/example_dags/tutorial.py for tasks to queue
[2024-10-13T14:15:21.155+0100] {logging_mixin.py:190} INFO - [2024-10-13T14:15:21.155+0100] {dagbag.py:588} INFO - Filling up the DagBag from /opt/homebrew/Caskroom/miniconda/base/envs/airflow_env/lib/python3.9/site-packages/airflow/example_dags/tutorial.py
[2024-10-13T14:15:21.177+0100] {processor.py:925} INFO - DAG(s) 'tutorial' retrieved from /opt/homebrew/Caskroom/miniconda/base/envs/airflow_env/lib/python3.9/site-packages/airflow/example_dags/tutorial.py
[2024-10-13T14:15:21.213+0100] {logging_mixin.py:190} INFO - [2024-10-13T14:15:21.213+0100] {dag.py:3239} INFO - Sync 1 DAGs
[2024-10-13T14:15:21.219+0100] {logging_mixin.py:190} INFO - [2024-10-13T14:15:21.219+0100] {dag.py:4180} INFO - Setting next_dagrun for tutorial to 2024-10-12 00:00:00+00:00, run_after=2024-10-13 00:00:00+00:00
[2024-10-13T14:15:21.225+0100] {processor.py:208} INFO - Processing /opt/homebrew/Caskroom/miniconda/base/envs/airflow_env/lib/python3.9/site-packages/airflow/example_dags/tutorial.py took 0.073 seconds
[2024-10-13T14:16:29.728+0100] {processor.py:186} INFO - Started process (PID=67712) to work on /opt/homebrew/Caskroom/miniconda/base/envs/airflow_env/lib/python3.9/site-packages/airflow/example_dags/tutorial.py
[2024-10-13T14:16:29.728+0100] {processor.py:914} INFO - Processing file /opt/homebrew/Caskroom/miniconda/base/envs/airflow_env/lib/python3.9/site-packages/airflow/example_dags/tutorial.py for tasks to queue
[2024-10-13T14:16:29.729+0100] {logging_mixin.py:190} INFO - [2024-10-13T14:16:29.729+0100] {dagbag.py:588} INFO - Filling up the DagBag from /opt/homebrew/Caskroom/miniconda/base/envs/airflow_env/lib/python3.9/site-packages/airflow/example_dags/tutorial.py
[2024-10-13T14:16:29.753+0100] {processor.py:925} INFO - DAG(s) 'tutorial' retrieved from /opt/homebrew/Caskroom/miniconda/base/envs/airflow_env/lib/python3.9/site-packages/airflow/example_dags/tutorial.py
[2024-10-13T14:16:29.790+0100] {logging_mixin.py:190} INFO - [2024-10-13T14:16:29.790+0100] {dag.py:3239} INFO - Sync 1 DAGs
[2024-10-13T14:16:29.797+0100] {logging_mixin.py:190} INFO - [2024-10-13T14:16:29.797+0100] {dag.py:4180} INFO - Setting next_dagrun for tutorial to 2024-10-12 00:00:00+00:00, run_after=2024-10-13 00:00:00+00:00
[2024-10-13T14:16:29.804+0100] {processor.py:208} INFO - Processing /opt/homebrew/Caskroom/miniconda/base/envs/airflow_env/lib/python3.9/site-packages/airflow/example_dags/tutorial.py took 0.079 seconds
[2024-10-13T14:18:44.060+0100] {processor.py:186} INFO - Started process (PID=67771) to work on /opt/homebrew/Caskroom/miniconda/base/envs/airflow_env/lib/python3.9/site-packages/airflow/example_dags/tutorial.py
[2024-10-13T14:18:44.060+0100] {processor.py:914} INFO - Processing file /opt/homebrew/Caskroom/miniconda/base/envs/airflow_env/lib/python3.9/site-packages/airflow/example_dags/tutorial.py for tasks to queue
[2024-10-13T14:18:44.060+0100] {logging_mixin.py:190} INFO - [2024-10-13T14:18:44.060+0100] {dagbag.py:588} INFO - Filling up the DagBag from /opt/homebrew/Caskroom/miniconda/base/envs/airflow_env/lib/python3.9/site-packages/airflow/example_dags/tutorial.py
[2024-10-13T14:18:44.080+0100] {processor.py:925} INFO - DAG(s) 'tutorial' retrieved from /opt/homebrew/Caskroom/miniconda/base/envs/airflow_env/lib/python3.9/site-packages/airflow/example_dags/tutorial.py
[2024-10-13T14:18:44.113+0100] {logging_mixin.py:190} INFO - [2024-10-13T14:18:44.113+0100] {dag.py:3239} INFO - Sync 1 DAGs
[2024-10-13T14:18:44.118+0100] {logging_mixin.py:190} INFO - [2024-10-13T14:18:44.118+0100] {dag.py:4180} INFO - Setting next_dagrun for tutorial to 2024-10-12 00:00:00+00:00, run_after=2024-10-13 00:00:00+00:00
[2024-10-13T14:18:44.124+0100] {processor.py:208} INFO - Processing /opt/homebrew/Caskroom/miniconda/base/envs/airflow_env/lib/python3.9/site-packages/airflow/example_dags/tutorial.py took 0.067 seconds
[2024-10-13T15:13:56.894+0100] {processor.py:186} INFO - Started process (PID=67939) to work on /opt/homebrew/Caskroom/miniconda/base/envs/airflow_env/lib/python3.9/site-packages/airflow/example_dags/tutorial.py
[2024-10-13T15:13:56.895+0100] {processor.py:914} INFO - Processing file /opt/homebrew/Caskroom/miniconda/base/envs/airflow_env/lib/python3.9/site-packages/airflow/example_dags/tutorial.py for tasks to queue
[2024-10-13T15:13:56.895+0100] {logging_mixin.py:190} INFO - [2024-10-13T15:13:56.895+0100] {dagbag.py:588} INFO - Filling up the DagBag from /opt/homebrew/Caskroom/miniconda/base/envs/airflow_env/lib/python3.9/site-packages/airflow/example_dags/tutorial.py
[2024-10-13T15:13:56.918+0100] {processor.py:925} INFO - DAG(s) 'tutorial' retrieved from /opt/homebrew/Caskroom/miniconda/base/envs/airflow_env/lib/python3.9/site-packages/airflow/example_dags/tutorial.py
[2024-10-13T15:13:56.954+0100] {logging_mixin.py:190} INFO - [2024-10-13T15:13:56.954+0100] {dag.py:3239} INFO - Sync 1 DAGs
[2024-10-13T15:13:56.961+0100] {logging_mixin.py:190} INFO - [2024-10-13T15:13:56.961+0100] {dag.py:4180} INFO - Setting next_dagrun for tutorial to 2024-10-12 00:00:00+00:00, run_after=2024-10-13 00:00:00+00:00
[2024-10-13T15:13:56.968+0100] {processor.py:208} INFO - Processing /opt/homebrew/Caskroom/miniconda/base/envs/airflow_env/lib/python3.9/site-packages/airflow/example_dags/tutorial.py took 0.076 seconds
[2024-10-13T15:15:11.530+0100] {processor.py:186} INFO - Started process (PID=68026) to work on /opt/homebrew/Caskroom/miniconda/base/envs/airflow_env/lib/python3.9/site-packages/airflow/example_dags/tutorial.py
[2024-10-13T15:15:11.531+0100] {processor.py:914} INFO - Processing file /opt/homebrew/Caskroom/miniconda/base/envs/airflow_env/lib/python3.9/site-packages/airflow/example_dags/tutorial.py for tasks to queue
[2024-10-13T15:15:11.531+0100] {logging_mixin.py:190} INFO - [2024-10-13T15:15:11.531+0100] {dagbag.py:588} INFO - Filling up the DagBag from /opt/homebrew/Caskroom/miniconda/base/envs/airflow_env/lib/python3.9/site-packages/airflow/example_dags/tutorial.py
[2024-10-13T15:15:11.552+0100] {processor.py:925} INFO - DAG(s) 'tutorial' retrieved from /opt/homebrew/Caskroom/miniconda/base/envs/airflow_env/lib/python3.9/site-packages/airflow/example_dags/tutorial.py
[2024-10-13T15:15:11.584+0100] {logging_mixin.py:190} INFO - [2024-10-13T15:15:11.584+0100] {dag.py:3239} INFO - Sync 1 DAGs
[2024-10-13T15:15:11.590+0100] {logging_mixin.py:190} INFO - [2024-10-13T15:15:11.590+0100] {dag.py:4180} INFO - Setting next_dagrun for tutorial to 2024-10-12 00:00:00+00:00, run_after=2024-10-13 00:00:00+00:00
[2024-10-13T15:15:11.596+0100] {processor.py:208} INFO - Processing /opt/homebrew/Caskroom/miniconda/base/envs/airflow_env/lib/python3.9/site-packages/airflow/example_dags/tutorial.py took 0.068 seconds
[2024-10-13T15:16:18.936+0100] {processor.py:186} INFO - Started process (PID=68084) to work on /opt/homebrew/Caskroom/miniconda/base/envs/airflow_env/lib/python3.9/site-packages/airflow/example_dags/tutorial.py
[2024-10-13T15:16:18.937+0100] {processor.py:914} INFO - Processing file /opt/homebrew/Caskroom/miniconda/base/envs/airflow_env/lib/python3.9/site-packages/airflow/example_dags/tutorial.py for tasks to queue
[2024-10-13T15:16:18.937+0100] {logging_mixin.py:190} INFO - [2024-10-13T15:16:18.937+0100] {dagbag.py:588} INFO - Filling up the DagBag from /opt/homebrew/Caskroom/miniconda/base/envs/airflow_env/lib/python3.9/site-packages/airflow/example_dags/tutorial.py
[2024-10-13T15:16:18.962+0100] {processor.py:925} INFO - DAG(s) 'tutorial' retrieved from /opt/homebrew/Caskroom/miniconda/base/envs/airflow_env/lib/python3.9/site-packages/airflow/example_dags/tutorial.py
[2024-10-13T15:16:18.997+0100] {logging_mixin.py:190} INFO - [2024-10-13T15:16:18.997+0100] {dag.py:3239} INFO - Sync 1 DAGs
[2024-10-13T15:16:19.004+0100] {logging_mixin.py:190} INFO - [2024-10-13T15:16:19.003+0100] {dag.py:4180} INFO - Setting next_dagrun for tutorial to 2024-10-12 00:00:00+00:00, run_after=2024-10-13 00:00:00+00:00
[2024-10-13T15:16:19.010+0100] {processor.py:208} INFO - Processing /opt/homebrew/Caskroom/miniconda/base/envs/airflow_env/lib/python3.9/site-packages/airflow/example_dags/tutorial.py took 0.076 seconds
[2024-10-13T15:17:22.690+0100] {processor.py:186} INFO - Started process (PID=68144) to work on /opt/homebrew/Caskroom/miniconda/base/envs/airflow_env/lib/python3.9/site-packages/airflow/example_dags/tutorial.py
[2024-10-13T15:17:22.691+0100] {processor.py:914} INFO - Processing file /opt/homebrew/Caskroom/miniconda/base/envs/airflow_env/lib/python3.9/site-packages/airflow/example_dags/tutorial.py for tasks to queue
[2024-10-13T15:17:22.691+0100] {logging_mixin.py:190} INFO - [2024-10-13T15:17:22.691+0100] {dagbag.py:588} INFO - Filling up the DagBag from /opt/homebrew/Caskroom/miniconda/base/envs/airflow_env/lib/python3.9/site-packages/airflow/example_dags/tutorial.py
[2024-10-13T15:17:22.712+0100] {processor.py:925} INFO - DAG(s) 'tutorial' retrieved from /opt/homebrew/Caskroom/miniconda/base/envs/airflow_env/lib/python3.9/site-packages/airflow/example_dags/tutorial.py
[2024-10-13T15:17:22.745+0100] {logging_mixin.py:190} INFO - [2024-10-13T15:17:22.745+0100] {dag.py:3239} INFO - Sync 1 DAGs
[2024-10-13T15:17:22.751+0100] {logging_mixin.py:190} INFO - [2024-10-13T15:17:22.751+0100] {dag.py:4180} INFO - Setting next_dagrun for tutorial to 2024-10-12 00:00:00+00:00, run_after=2024-10-13 00:00:00+00:00
[2024-10-13T15:17:22.758+0100] {processor.py:208} INFO - Processing /opt/homebrew/Caskroom/miniconda/base/envs/airflow_env/lib/python3.9/site-packages/airflow/example_dags/tutorial.py took 0.069 seconds
[2024-10-13T15:18:29.512+0100] {processor.py:186} INFO - Started process (PID=68210) to work on /opt/homebrew/Caskroom/miniconda/base/envs/airflow_env/lib/python3.9/site-packages/airflow/example_dags/tutorial.py
[2024-10-13T15:18:29.513+0100] {processor.py:914} INFO - Processing file /opt/homebrew/Caskroom/miniconda/base/envs/airflow_env/lib/python3.9/site-packages/airflow/example_dags/tutorial.py for tasks to queue
[2024-10-13T15:18:29.513+0100] {logging_mixin.py:190} INFO - [2024-10-13T15:18:29.513+0100] {dagbag.py:588} INFO - Filling up the DagBag from /opt/homebrew/Caskroom/miniconda/base/envs/airflow_env/lib/python3.9/site-packages/airflow/example_dags/tutorial.py
[2024-10-13T15:18:29.536+0100] {processor.py:925} INFO - DAG(s) 'tutorial' retrieved from /opt/homebrew/Caskroom/miniconda/base/envs/airflow_env/lib/python3.9/site-packages/airflow/example_dags/tutorial.py
[2024-10-13T15:18:29.571+0100] {logging_mixin.py:190} INFO - [2024-10-13T15:18:29.571+0100] {dag.py:3239} INFO - Sync 1 DAGs
[2024-10-13T15:18:29.577+0100] {logging_mixin.py:190} INFO - [2024-10-13T15:18:29.577+0100] {dag.py:4180} INFO - Setting next_dagrun for tutorial to 2024-10-12 00:00:00+00:00, run_after=2024-10-13 00:00:00+00:00
[2024-10-13T15:18:29.584+0100] {processor.py:208} INFO - Processing /opt/homebrew/Caskroom/miniconda/base/envs/airflow_env/lib/python3.9/site-packages/airflow/example_dags/tutorial.py took 0.073 seconds
[2024-10-13T15:19:36.583+0100] {processor.py:186} INFO - Started process (PID=68286) to work on /opt/homebrew/Caskroom/miniconda/base/envs/airflow_env/lib/python3.9/site-packages/airflow/example_dags/tutorial.py
[2024-10-13T15:19:36.583+0100] {processor.py:914} INFO - Processing file /opt/homebrew/Caskroom/miniconda/base/envs/airflow_env/lib/python3.9/site-packages/airflow/example_dags/tutorial.py for tasks to queue
[2024-10-13T15:19:36.583+0100] {logging_mixin.py:190} INFO - [2024-10-13T15:19:36.583+0100] {dagbag.py:588} INFO - Filling up the DagBag from /opt/homebrew/Caskroom/miniconda/base/envs/airflow_env/lib/python3.9/site-packages/airflow/example_dags/tutorial.py
[2024-10-13T15:19:36.606+0100] {processor.py:925} INFO - DAG(s) 'tutorial' retrieved from /opt/homebrew/Caskroom/miniconda/base/envs/airflow_env/lib/python3.9/site-packages/airflow/example_dags/tutorial.py
[2024-10-13T15:19:36.640+0100] {logging_mixin.py:190} INFO - [2024-10-13T15:19:36.640+0100] {dag.py:3239} INFO - Sync 1 DAGs
[2024-10-13T15:19:36.647+0100] {logging_mixin.py:190} INFO - [2024-10-13T15:19:36.647+0100] {dag.py:4180} INFO - Setting next_dagrun for tutorial to 2024-10-12 00:00:00+00:00, run_after=2024-10-13 00:00:00+00:00
[2024-10-13T15:19:36.653+0100] {processor.py:208} INFO - Processing /opt/homebrew/Caskroom/miniconda/base/envs/airflow_env/lib/python3.9/site-packages/airflow/example_dags/tutorial.py took 0.072 seconds
[2024-10-13T15:20:42.416+0100] {processor.py:186} INFO - Started process (PID=68353) to work on /opt/homebrew/Caskroom/miniconda/base/envs/airflow_env/lib/python3.9/site-packages/airflow/example_dags/tutorial.py
[2024-10-13T15:20:42.417+0100] {processor.py:914} INFO - Processing file /opt/homebrew/Caskroom/miniconda/base/envs/airflow_env/lib/python3.9/site-packages/airflow/example_dags/tutorial.py for tasks to queue
[2024-10-13T15:20:42.417+0100] {logging_mixin.py:190} INFO - [2024-10-13T15:20:42.417+0100] {dagbag.py:588} INFO - Filling up the DagBag from /opt/homebrew/Caskroom/miniconda/base/envs/airflow_env/lib/python3.9/site-packages/airflow/example_dags/tutorial.py
[2024-10-13T15:20:42.442+0100] {processor.py:925} INFO - DAG(s) 'tutorial' retrieved from /opt/homebrew/Caskroom/miniconda/base/envs/airflow_env/lib/python3.9/site-packages/airflow/example_dags/tutorial.py
[2024-10-13T15:20:42.478+0100] {logging_mixin.py:190} INFO - [2024-10-13T15:20:42.478+0100] {dag.py:3239} INFO - Sync 1 DAGs
[2024-10-13T15:20:42.484+0100] {logging_mixin.py:190} INFO - [2024-10-13T15:20:42.484+0100] {dag.py:4180} INFO - Setting next_dagrun for tutorial to 2024-10-12 00:00:00+00:00, run_after=2024-10-13 00:00:00+00:00
[2024-10-13T15:20:42.490+0100] {processor.py:208} INFO - Processing /opt/homebrew/Caskroom/miniconda/base/envs/airflow_env/lib/python3.9/site-packages/airflow/example_dags/tutorial.py took 0.075 seconds
[2024-10-13T15:21:46.942+0100] {processor.py:186} INFO - Started process (PID=68429) to work on /opt/homebrew/Caskroom/miniconda/base/envs/airflow_env/lib/python3.9/site-packages/airflow/example_dags/tutorial.py
[2024-10-13T15:21:46.943+0100] {processor.py:914} INFO - Processing file /opt/homebrew/Caskroom/miniconda/base/envs/airflow_env/lib/python3.9/site-packages/airflow/example_dags/tutorial.py for tasks to queue
[2024-10-13T15:21:46.943+0100] {logging_mixin.py:190} INFO - [2024-10-13T15:21:46.943+0100] {dagbag.py:588} INFO - Filling up the DagBag from /opt/homebrew/Caskroom/miniconda/base/envs/airflow_env/lib/python3.9/site-packages/airflow/example_dags/tutorial.py
[2024-10-13T15:21:46.964+0100] {processor.py:925} INFO - DAG(s) 'tutorial' retrieved from /opt/homebrew/Caskroom/miniconda/base/envs/airflow_env/lib/python3.9/site-packages/airflow/example_dags/tutorial.py
[2024-10-13T15:21:46.998+0100] {logging_mixin.py:190} INFO - [2024-10-13T15:21:46.998+0100] {dag.py:3239} INFO - Sync 1 DAGs
[2024-10-13T15:21:47.005+0100] {logging_mixin.py:190} INFO - [2024-10-13T15:21:47.005+0100] {dag.py:4180} INFO - Setting next_dagrun for tutorial to 2024-10-12 00:00:00+00:00, run_after=2024-10-13 00:00:00+00:00
[2024-10-13T15:21:47.011+0100] {processor.py:208} INFO - Processing /opt/homebrew/Caskroom/miniconda/base/envs/airflow_env/lib/python3.9/site-packages/airflow/example_dags/tutorial.py took 0.070 seconds
[2024-10-13T15:22:50.099+0100] {processor.py:186} INFO - Started process (PID=68561) to work on /opt/homebrew/Caskroom/miniconda/base/envs/airflow_env/lib/python3.9/site-packages/airflow/example_dags/tutorial.py
[2024-10-13T15:22:50.100+0100] {processor.py:914} INFO - Processing file /opt/homebrew/Caskroom/miniconda/base/envs/airflow_env/lib/python3.9/site-packages/airflow/example_dags/tutorial.py for tasks to queue
[2024-10-13T15:22:50.100+0100] {logging_mixin.py:190} INFO - [2024-10-13T15:22:50.100+0100] {dagbag.py:588} INFO - Filling up the DagBag from /opt/homebrew/Caskroom/miniconda/base/envs/airflow_env/lib/python3.9/site-packages/airflow/example_dags/tutorial.py
[2024-10-13T15:22:50.122+0100] {processor.py:925} INFO - DAG(s) 'tutorial' retrieved from /opt/homebrew/Caskroom/miniconda/base/envs/airflow_env/lib/python3.9/site-packages/airflow/example_dags/tutorial.py
[2024-10-13T15:22:50.155+0100] {logging_mixin.py:190} INFO - [2024-10-13T15:22:50.155+0100] {dag.py:3239} INFO - Sync 1 DAGs
[2024-10-13T15:22:50.161+0100] {logging_mixin.py:190} INFO - [2024-10-13T15:22:50.161+0100] {dag.py:4180} INFO - Setting next_dagrun for tutorial to 2024-10-12 00:00:00+00:00, run_after=2024-10-13 00:00:00+00:00
[2024-10-13T15:22:50.167+0100] {processor.py:208} INFO - Processing /opt/homebrew/Caskroom/miniconda/base/envs/airflow_env/lib/python3.9/site-packages/airflow/example_dags/tutorial.py took 0.069 seconds
[2024-10-13T15:23:52.981+0100] {processor.py:186} INFO - Started process (PID=68615) to work on /opt/homebrew/Caskroom/miniconda/base/envs/airflow_env/lib/python3.9/site-packages/airflow/example_dags/tutorial.py
[2024-10-13T15:23:52.982+0100] {processor.py:914} INFO - Processing file /opt/homebrew/Caskroom/miniconda/base/envs/airflow_env/lib/python3.9/site-packages/airflow/example_dags/tutorial.py for tasks to queue
[2024-10-13T15:23:52.982+0100] {logging_mixin.py:190} INFO - [2024-10-13T15:23:52.982+0100] {dagbag.py:588} INFO - Filling up the DagBag from /opt/homebrew/Caskroom/miniconda/base/envs/airflow_env/lib/python3.9/site-packages/airflow/example_dags/tutorial.py
[2024-10-13T15:23:53.005+0100] {processor.py:925} INFO - DAG(s) 'tutorial' retrieved from /opt/homebrew/Caskroom/miniconda/base/envs/airflow_env/lib/python3.9/site-packages/airflow/example_dags/tutorial.py
[2024-10-13T15:23:53.041+0100] {logging_mixin.py:190} INFO - [2024-10-13T15:23:53.041+0100] {dag.py:3239} INFO - Sync 1 DAGs
[2024-10-13T15:23:53.048+0100] {logging_mixin.py:190} INFO - [2024-10-13T15:23:53.048+0100] {dag.py:4180} INFO - Setting next_dagrun for tutorial to 2024-10-12 00:00:00+00:00, run_after=2024-10-13 00:00:00+00:00
[2024-10-13T15:23:53.054+0100] {processor.py:208} INFO - Processing /opt/homebrew/Caskroom/miniconda/base/envs/airflow_env/lib/python3.9/site-packages/airflow/example_dags/tutorial.py took 0.074 seconds
[2024-10-13T15:24:58.608+0100] {processor.py:186} INFO - Started process (PID=68672) to work on /opt/homebrew/Caskroom/miniconda/base/envs/airflow_env/lib/python3.9/site-packages/airflow/example_dags/tutorial.py
[2024-10-13T15:24:58.609+0100] {processor.py:914} INFO - Processing file /opt/homebrew/Caskroom/miniconda/base/envs/airflow_env/lib/python3.9/site-packages/airflow/example_dags/tutorial.py for tasks to queue
[2024-10-13T15:24:58.609+0100] {logging_mixin.py:190} INFO - [2024-10-13T15:24:58.609+0100] {dagbag.py:588} INFO - Filling up the DagBag from /opt/homebrew/Caskroom/miniconda/base/envs/airflow_env/lib/python3.9/site-packages/airflow/example_dags/tutorial.py
[2024-10-13T15:24:58.630+0100] {processor.py:925} INFO - DAG(s) 'tutorial' retrieved from /opt/homebrew/Caskroom/miniconda/base/envs/airflow_env/lib/python3.9/site-packages/airflow/example_dags/tutorial.py
[2024-10-13T15:24:58.673+0100] {logging_mixin.py:190} INFO - [2024-10-13T15:24:58.673+0100] {dag.py:3239} INFO - Sync 1 DAGs
[2024-10-13T15:24:58.680+0100] {logging_mixin.py:190} INFO - [2024-10-13T15:24:58.680+0100] {dag.py:4180} INFO - Setting next_dagrun for tutorial to 2024-10-12 00:00:00+00:00, run_after=2024-10-13 00:00:00+00:00
[2024-10-13T15:24:58.689+0100] {processor.py:208} INFO - Processing /opt/homebrew/Caskroom/miniconda/base/envs/airflow_env/lib/python3.9/site-packages/airflow/example_dags/tutorial.py took 0.082 seconds
[2024-10-13T15:26:03.235+0100] {processor.py:186} INFO - Started process (PID=68788) to work on /opt/homebrew/Caskroom/miniconda/base/envs/airflow_env/lib/python3.9/site-packages/airflow/example_dags/tutorial.py
[2024-10-13T15:26:03.236+0100] {processor.py:914} INFO - Processing file /opt/homebrew/Caskroom/miniconda/base/envs/airflow_env/lib/python3.9/site-packages/airflow/example_dags/tutorial.py for tasks to queue
[2024-10-13T15:26:03.236+0100] {logging_mixin.py:190} INFO - [2024-10-13T15:26:03.236+0100] {dagbag.py:588} INFO - Filling up the DagBag from /opt/homebrew/Caskroom/miniconda/base/envs/airflow_env/lib/python3.9/site-packages/airflow/example_dags/tutorial.py
[2024-10-13T15:26:03.256+0100] {processor.py:925} INFO - DAG(s) 'tutorial' retrieved from /opt/homebrew/Caskroom/miniconda/base/envs/airflow_env/lib/python3.9/site-packages/airflow/example_dags/tutorial.py
[2024-10-13T15:26:03.290+0100] {logging_mixin.py:190} INFO - [2024-10-13T15:26:03.289+0100] {dag.py:3239} INFO - Sync 1 DAGs
[2024-10-13T15:26:03.297+0100] {logging_mixin.py:190} INFO - [2024-10-13T15:26:03.297+0100] {dag.py:4180} INFO - Setting next_dagrun for tutorial to 2024-10-12 00:00:00+00:00, run_after=2024-10-13 00:00:00+00:00
[2024-10-13T15:26:03.302+0100] {processor.py:208} INFO - Processing /opt/homebrew/Caskroom/miniconda/base/envs/airflow_env/lib/python3.9/site-packages/airflow/example_dags/tutorial.py took 0.069 seconds
