[2024-10-13T14:08:17.434+0100] {processor.py:186} INFO - Started process (PID=67163) to work on /opt/homebrew/Caskroom/miniconda/base/envs/airflow_env/lib/python3.9/site-packages/airflow/example_dags/tutorial_objectstorage.py
[2024-10-13T14:08:17.434+0100] {processor.py:914} INFO - Processing file /opt/homebrew/Caskroom/miniconda/base/envs/airflow_env/lib/python3.9/site-packages/airflow/example_dags/tutorial_objectstorage.py for tasks to queue
[2024-10-13T14:08:17.434+0100] {logging_mixin.py:190} INFO - [2024-10-13T14:08:17.434+0100] {dagbag.py:588} INFO - Filling up the DagBag from /opt/homebrew/Caskroom/miniconda/base/envs/airflow_env/lib/python3.9/site-packages/airflow/example_dags/tutorial_objectstorage.py
[2024-10-13T14:08:17.465+0100] {processor.py:925} INFO - DAG(s) 'tutorial_objectstorage' retrieved from /opt/homebrew/Caskroom/miniconda/base/envs/airflow_env/lib/python3.9/site-packages/airflow/example_dags/tutorial_objectstorage.py
[2024-10-13T14:08:17.528+0100] {logging_mixin.py:190} INFO - [2024-10-13T14:08:17.528+0100] {override.py:1901} INFO - Created Permission View: can delete on DAG:tutorial_objectstorage
[2024-10-13T14:08:17.531+0100] {logging_mixin.py:190} INFO - [2024-10-13T14:08:17.531+0100] {override.py:1901} INFO - Created Permission View: can read on DAG:tutorial_objectstorage
[2024-10-13T14:08:17.533+0100] {logging_mixin.py:190} INFO - [2024-10-13T14:08:17.533+0100] {override.py:1901} INFO - Created Permission View: can edit on DAG:tutorial_objectstorage
[2024-10-13T14:08:17.536+0100] {logging_mixin.py:190} INFO - [2024-10-13T14:08:17.535+0100] {override.py:1901} INFO - Created Permission View: menu access on DAG Run:tutorial_objectstorage
[2024-10-13T14:08:17.537+0100] {logging_mixin.py:190} INFO - [2024-10-13T14:08:17.537+0100] {override.py:1901} INFO - Created Permission View: can create on DAG Run:tutorial_objectstorage
[2024-10-13T14:08:17.539+0100] {logging_mixin.py:190} INFO - [2024-10-13T14:08:17.539+0100] {override.py:1901} INFO - Created Permission View: can delete on DAG Run:tutorial_objectstorage
[2024-10-13T14:08:17.541+0100] {logging_mixin.py:190} INFO - [2024-10-13T14:08:17.541+0100] {override.py:1901} INFO - Created Permission View: can read on DAG Run:tutorial_objectstorage
[2024-10-13T14:08:17.541+0100] {logging_mixin.py:190} INFO - [2024-10-13T14:08:17.541+0100] {dag.py:3239} INFO - Sync 1 DAGs
[2024-10-13T14:08:17.545+0100] {logging_mixin.py:190} INFO - [2024-10-13T14:08:17.545+0100] {dag.py:3262} INFO - Creating ORM DAG for tutorial_objectstorage
[2024-10-13T14:08:17.545+0100] {logging_mixin.py:190} INFO - [2024-10-13T14:08:17.545+0100] {dag.py:4180} INFO - Setting next_dagrun for tutorial_objectstorage to None, run_after=None
[2024-10-13T14:08:17.551+0100] {processor.py:208} INFO - Processing /opt/homebrew/Caskroom/miniconda/base/envs/airflow_env/lib/python3.9/site-packages/airflow/example_dags/tutorial_objectstorage.py took 0.119 seconds
[2024-10-13T14:09:55.118+0100] {processor.py:186} INFO - Started process (PID=67284) to work on /opt/homebrew/Caskroom/miniconda/base/envs/airflow_env/lib/python3.9/site-packages/airflow/example_dags/tutorial_objectstorage.py
[2024-10-13T14:09:55.119+0100] {processor.py:914} INFO - Processing file /opt/homebrew/Caskroom/miniconda/base/envs/airflow_env/lib/python3.9/site-packages/airflow/example_dags/tutorial_objectstorage.py for tasks to queue
[2024-10-13T14:09:55.119+0100] {logging_mixin.py:190} INFO - [2024-10-13T14:09:55.119+0100] {dagbag.py:588} INFO - Filling up the DagBag from /opt/homebrew/Caskroom/miniconda/base/envs/airflow_env/lib/python3.9/site-packages/airflow/example_dags/tutorial_objectstorage.py
[2024-10-13T14:09:55.150+0100] {processor.py:925} INFO - DAG(s) 'tutorial_objectstorage' retrieved from /opt/homebrew/Caskroom/miniconda/base/envs/airflow_env/lib/python3.9/site-packages/airflow/example_dags/tutorial_objectstorage.py
[2024-10-13T14:09:55.183+0100] {logging_mixin.py:190} INFO - [2024-10-13T14:09:55.182+0100] {dag.py:3239} INFO - Sync 1 DAGs
[2024-10-13T14:09:55.186+0100] {logging_mixin.py:190} INFO - [2024-10-13T14:09:55.186+0100] {dag.py:4180} INFO - Setting next_dagrun for tutorial_objectstorage to None, run_after=None
[2024-10-13T14:09:55.192+0100] {processor.py:208} INFO - Processing /opt/homebrew/Caskroom/miniconda/base/envs/airflow_env/lib/python3.9/site-packages/airflow/example_dags/tutorial_objectstorage.py took 0.076 seconds
[2024-10-13T14:11:02.449+0100] {processor.py:186} INFO - Started process (PID=67350) to work on /opt/homebrew/Caskroom/miniconda/base/envs/airflow_env/lib/python3.9/site-packages/airflow/example_dags/tutorial_objectstorage.py
[2024-10-13T14:11:02.450+0100] {processor.py:914} INFO - Processing file /opt/homebrew/Caskroom/miniconda/base/envs/airflow_env/lib/python3.9/site-packages/airflow/example_dags/tutorial_objectstorage.py for tasks to queue
[2024-10-13T14:11:02.450+0100] {logging_mixin.py:190} INFO - [2024-10-13T14:11:02.450+0100] {dagbag.py:588} INFO - Filling up the DagBag from /opt/homebrew/Caskroom/miniconda/base/envs/airflow_env/lib/python3.9/site-packages/airflow/example_dags/tutorial_objectstorage.py
[2024-10-13T14:11:02.485+0100] {processor.py:925} INFO - DAG(s) 'tutorial_objectstorage' retrieved from /opt/homebrew/Caskroom/miniconda/base/envs/airflow_env/lib/python3.9/site-packages/airflow/example_dags/tutorial_objectstorage.py
[2024-10-13T14:11:02.518+0100] {logging_mixin.py:190} INFO - [2024-10-13T14:11:02.517+0100] {dag.py:3239} INFO - Sync 1 DAGs
[2024-10-13T14:11:02.521+0100] {logging_mixin.py:190} INFO - [2024-10-13T14:11:02.521+0100] {dag.py:4180} INFO - Setting next_dagrun for tutorial_objectstorage to None, run_after=None
[2024-10-13T14:11:02.528+0100] {processor.py:208} INFO - Processing /opt/homebrew/Caskroom/miniconda/base/envs/airflow_env/lib/python3.9/site-packages/airflow/example_dags/tutorial_objectstorage.py took 0.080 seconds
[2024-10-13T14:12:06.805+0100] {processor.py:186} INFO - Started process (PID=67437) to work on /opt/homebrew/Caskroom/miniconda/base/envs/airflow_env/lib/python3.9/site-packages/airflow/example_dags/tutorial_objectstorage.py
[2024-10-13T14:12:06.806+0100] {processor.py:914} INFO - Processing file /opt/homebrew/Caskroom/miniconda/base/envs/airflow_env/lib/python3.9/site-packages/airflow/example_dags/tutorial_objectstorage.py for tasks to queue
[2024-10-13T14:12:06.807+0100] {logging_mixin.py:190} INFO - [2024-10-13T14:12:06.807+0100] {dagbag.py:588} INFO - Filling up the DagBag from /opt/homebrew/Caskroom/miniconda/base/envs/airflow_env/lib/python3.9/site-packages/airflow/example_dags/tutorial_objectstorage.py
[2024-10-13T14:12:06.838+0100] {processor.py:925} INFO - DAG(s) 'tutorial_objectstorage' retrieved from /opt/homebrew/Caskroom/miniconda/base/envs/airflow_env/lib/python3.9/site-packages/airflow/example_dags/tutorial_objectstorage.py
[2024-10-13T14:12:06.870+0100] {logging_mixin.py:190} INFO - [2024-10-13T14:12:06.870+0100] {dag.py:3239} INFO - Sync 1 DAGs
[2024-10-13T14:12:06.873+0100] {logging_mixin.py:190} INFO - [2024-10-13T14:12:06.873+0100] {dag.py:4180} INFO - Setting next_dagrun for tutorial_objectstorage to None, run_after=None
[2024-10-13T14:12:06.880+0100] {processor.py:208} INFO - Processing /opt/homebrew/Caskroom/miniconda/base/envs/airflow_env/lib/python3.9/site-packages/airflow/example_dags/tutorial_objectstorage.py took 0.077 seconds
[2024-10-13T14:13:08.987+0100] {processor.py:186} INFO - Started process (PID=67514) to work on /opt/homebrew/Caskroom/miniconda/base/envs/airflow_env/lib/python3.9/site-packages/airflow/example_dags/tutorial_objectstorage.py
[2024-10-13T14:13:08.988+0100] {processor.py:914} INFO - Processing file /opt/homebrew/Caskroom/miniconda/base/envs/airflow_env/lib/python3.9/site-packages/airflow/example_dags/tutorial_objectstorage.py for tasks to queue
[2024-10-13T14:13:08.989+0100] {logging_mixin.py:190} INFO - [2024-10-13T14:13:08.989+0100] {dagbag.py:588} INFO - Filling up the DagBag from /opt/homebrew/Caskroom/miniconda/base/envs/airflow_env/lib/python3.9/site-packages/airflow/example_dags/tutorial_objectstorage.py
[2024-10-13T14:13:09.019+0100] {processor.py:925} INFO - DAG(s) 'tutorial_objectstorage' retrieved from /opt/homebrew/Caskroom/miniconda/base/envs/airflow_env/lib/python3.9/site-packages/airflow/example_dags/tutorial_objectstorage.py
[2024-10-13T14:13:09.051+0100] {logging_mixin.py:190} INFO - [2024-10-13T14:13:09.051+0100] {dag.py:3239} INFO - Sync 1 DAGs
[2024-10-13T14:13:09.056+0100] {logging_mixin.py:190} INFO - [2024-10-13T14:13:09.055+0100] {dag.py:4180} INFO - Setting next_dagrun for tutorial_objectstorage to None, run_after=None
[2024-10-13T14:13:09.063+0100] {processor.py:208} INFO - Processing /opt/homebrew/Caskroom/miniconda/base/envs/airflow_env/lib/python3.9/site-packages/airflow/example_dags/tutorial_objectstorage.py took 0.078 seconds
[2024-10-13T14:14:13.537+0100] {processor.py:186} INFO - Started process (PID=67588) to work on /opt/homebrew/Caskroom/miniconda/base/envs/airflow_env/lib/python3.9/site-packages/airflow/example_dags/tutorial_objectstorage.py
[2024-10-13T14:14:13.538+0100] {processor.py:914} INFO - Processing file /opt/homebrew/Caskroom/miniconda/base/envs/airflow_env/lib/python3.9/site-packages/airflow/example_dags/tutorial_objectstorage.py for tasks to queue
[2024-10-13T14:14:13.538+0100] {logging_mixin.py:190} INFO - [2024-10-13T14:14:13.538+0100] {dagbag.py:588} INFO - Filling up the DagBag from /opt/homebrew/Caskroom/miniconda/base/envs/airflow_env/lib/python3.9/site-packages/airflow/example_dags/tutorial_objectstorage.py
[2024-10-13T14:14:13.574+0100] {processor.py:925} INFO - DAG(s) 'tutorial_objectstorage' retrieved from /opt/homebrew/Caskroom/miniconda/base/envs/airflow_env/lib/python3.9/site-packages/airflow/example_dags/tutorial_objectstorage.py
[2024-10-13T14:14:13.614+0100] {logging_mixin.py:190} INFO - [2024-10-13T14:14:13.614+0100] {dag.py:3239} INFO - Sync 1 DAGs
[2024-10-13T14:14:13.618+0100] {logging_mixin.py:190} INFO - [2024-10-13T14:14:13.618+0100] {dag.py:4180} INFO - Setting next_dagrun for tutorial_objectstorage to None, run_after=None
[2024-10-13T14:14:13.629+0100] {processor.py:208} INFO - Processing /opt/homebrew/Caskroom/miniconda/base/envs/airflow_env/lib/python3.9/site-packages/airflow/example_dags/tutorial_objectstorage.py took 0.094 seconds
[2024-10-13T14:15:18.199+0100] {processor.py:186} INFO - Started process (PID=67636) to work on /opt/homebrew/Caskroom/miniconda/base/envs/airflow_env/lib/python3.9/site-packages/airflow/example_dags/tutorial_objectstorage.py
[2024-10-13T14:15:18.199+0100] {processor.py:914} INFO - Processing file /opt/homebrew/Caskroom/miniconda/base/envs/airflow_env/lib/python3.9/site-packages/airflow/example_dags/tutorial_objectstorage.py for tasks to queue
[2024-10-13T14:15:18.200+0100] {logging_mixin.py:190} INFO - [2024-10-13T14:15:18.200+0100] {dagbag.py:588} INFO - Filling up the DagBag from /opt/homebrew/Caskroom/miniconda/base/envs/airflow_env/lib/python3.9/site-packages/airflow/example_dags/tutorial_objectstorage.py
[2024-10-13T14:15:18.230+0100] {processor.py:925} INFO - DAG(s) 'tutorial_objectstorage' retrieved from /opt/homebrew/Caskroom/miniconda/base/envs/airflow_env/lib/python3.9/site-packages/airflow/example_dags/tutorial_objectstorage.py
[2024-10-13T14:15:18.263+0100] {logging_mixin.py:190} INFO - [2024-10-13T14:15:18.262+0100] {dag.py:3239} INFO - Sync 1 DAGs
[2024-10-13T14:15:18.266+0100] {logging_mixin.py:190} INFO - [2024-10-13T14:15:18.266+0100] {dag.py:4180} INFO - Setting next_dagrun for tutorial_objectstorage to None, run_after=None
[2024-10-13T14:15:18.273+0100] {processor.py:208} INFO - Processing /opt/homebrew/Caskroom/miniconda/base/envs/airflow_env/lib/python3.9/site-packages/airflow/example_dags/tutorial_objectstorage.py took 0.076 seconds
[2024-10-13T14:16:25.970+0100] {processor.py:186} INFO - Started process (PID=67710) to work on /opt/homebrew/Caskroom/miniconda/base/envs/airflow_env/lib/python3.9/site-packages/airflow/example_dags/tutorial_objectstorage.py
[2024-10-13T14:16:25.971+0100] {processor.py:914} INFO - Processing file /opt/homebrew/Caskroom/miniconda/base/envs/airflow_env/lib/python3.9/site-packages/airflow/example_dags/tutorial_objectstorage.py for tasks to queue
[2024-10-13T14:16:25.971+0100] {logging_mixin.py:190} INFO - [2024-10-13T14:16:25.971+0100] {dagbag.py:588} INFO - Filling up the DagBag from /opt/homebrew/Caskroom/miniconda/base/envs/airflow_env/lib/python3.9/site-packages/airflow/example_dags/tutorial_objectstorage.py
[2024-10-13T14:16:26.006+0100] {processor.py:925} INFO - DAG(s) 'tutorial_objectstorage' retrieved from /opt/homebrew/Caskroom/miniconda/base/envs/airflow_env/lib/python3.9/site-packages/airflow/example_dags/tutorial_objectstorage.py
[2024-10-13T14:16:26.044+0100] {logging_mixin.py:190} INFO - [2024-10-13T14:16:26.044+0100] {dag.py:3239} INFO - Sync 1 DAGs
[2024-10-13T14:16:26.048+0100] {logging_mixin.py:190} INFO - [2024-10-13T14:16:26.048+0100] {dag.py:4180} INFO - Setting next_dagrun for tutorial_objectstorage to None, run_after=None
[2024-10-13T14:16:26.055+0100] {processor.py:208} INFO - Processing /opt/homebrew/Caskroom/miniconda/base/envs/airflow_env/lib/python3.9/site-packages/airflow/example_dags/tutorial_objectstorage.py took 0.087 seconds
[2024-10-13T14:18:40.520+0100] {processor.py:186} INFO - Started process (PID=67769) to work on /opt/homebrew/Caskroom/miniconda/base/envs/airflow_env/lib/python3.9/site-packages/airflow/example_dags/tutorial_objectstorage.py
[2024-10-13T14:18:40.520+0100] {processor.py:914} INFO - Processing file /opt/homebrew/Caskroom/miniconda/base/envs/airflow_env/lib/python3.9/site-packages/airflow/example_dags/tutorial_objectstorage.py for tasks to queue
[2024-10-13T14:18:40.520+0100] {logging_mixin.py:190} INFO - [2024-10-13T14:18:40.520+0100] {dagbag.py:588} INFO - Filling up the DagBag from /opt/homebrew/Caskroom/miniconda/base/envs/airflow_env/lib/python3.9/site-packages/airflow/example_dags/tutorial_objectstorage.py
[2024-10-13T14:18:40.549+0100] {processor.py:925} INFO - DAG(s) 'tutorial_objectstorage' retrieved from /opt/homebrew/Caskroom/miniconda/base/envs/airflow_env/lib/python3.9/site-packages/airflow/example_dags/tutorial_objectstorage.py
[2024-10-13T14:18:40.580+0100] {logging_mixin.py:190} INFO - [2024-10-13T14:18:40.580+0100] {dag.py:3239} INFO - Sync 1 DAGs
[2024-10-13T14:18:40.584+0100] {logging_mixin.py:190} INFO - [2024-10-13T14:18:40.584+0100] {dag.py:4180} INFO - Setting next_dagrun for tutorial_objectstorage to None, run_after=None
[2024-10-13T14:18:40.590+0100] {processor.py:208} INFO - Processing /opt/homebrew/Caskroom/miniconda/base/envs/airflow_env/lib/python3.9/site-packages/airflow/example_dags/tutorial_objectstorage.py took 0.072 seconds
[2024-10-13T15:13:53.188+0100] {processor.py:186} INFO - Started process (PID=67932) to work on /opt/homebrew/Caskroom/miniconda/base/envs/airflow_env/lib/python3.9/site-packages/airflow/example_dags/tutorial_objectstorage.py
[2024-10-13T15:13:53.188+0100] {processor.py:914} INFO - Processing file /opt/homebrew/Caskroom/miniconda/base/envs/airflow_env/lib/python3.9/site-packages/airflow/example_dags/tutorial_objectstorage.py for tasks to queue
[2024-10-13T15:13:53.189+0100] {logging_mixin.py:190} INFO - [2024-10-13T15:13:53.189+0100] {dagbag.py:588} INFO - Filling up the DagBag from /opt/homebrew/Caskroom/miniconda/base/envs/airflow_env/lib/python3.9/site-packages/airflow/example_dags/tutorial_objectstorage.py
[2024-10-13T15:13:53.223+0100] {processor.py:925} INFO - DAG(s) 'tutorial_objectstorage' retrieved from /opt/homebrew/Caskroom/miniconda/base/envs/airflow_env/lib/python3.9/site-packages/airflow/example_dags/tutorial_objectstorage.py
[2024-10-13T15:13:53.257+0100] {logging_mixin.py:190} INFO - [2024-10-13T15:13:53.257+0100] {dag.py:3239} INFO - Sync 1 DAGs
[2024-10-13T15:13:53.261+0100] {logging_mixin.py:190} INFO - [2024-10-13T15:13:53.261+0100] {dag.py:4180} INFO - Setting next_dagrun for tutorial_objectstorage to None, run_after=None
[2024-10-13T15:13:53.267+0100] {processor.py:208} INFO - Processing /opt/homebrew/Caskroom/miniconda/base/envs/airflow_env/lib/python3.9/site-packages/airflow/example_dags/tutorial_objectstorage.py took 0.082 seconds
[2024-10-13T15:15:07.895+0100] {processor.py:186} INFO - Started process (PID=68024) to work on /opt/homebrew/Caskroom/miniconda/base/envs/airflow_env/lib/python3.9/site-packages/airflow/example_dags/tutorial_objectstorage.py
[2024-10-13T15:15:07.895+0100] {processor.py:914} INFO - Processing file /opt/homebrew/Caskroom/miniconda/base/envs/airflow_env/lib/python3.9/site-packages/airflow/example_dags/tutorial_objectstorage.py for tasks to queue
[2024-10-13T15:15:07.895+0100] {logging_mixin.py:190} INFO - [2024-10-13T15:15:07.895+0100] {dagbag.py:588} INFO - Filling up the DagBag from /opt/homebrew/Caskroom/miniconda/base/envs/airflow_env/lib/python3.9/site-packages/airflow/example_dags/tutorial_objectstorage.py
[2024-10-13T15:15:07.926+0100] {processor.py:925} INFO - DAG(s) 'tutorial_objectstorage' retrieved from /opt/homebrew/Caskroom/miniconda/base/envs/airflow_env/lib/python3.9/site-packages/airflow/example_dags/tutorial_objectstorage.py
[2024-10-13T15:15:07.958+0100] {logging_mixin.py:190} INFO - [2024-10-13T15:15:07.958+0100] {dag.py:3239} INFO - Sync 1 DAGs
[2024-10-13T15:15:07.962+0100] {logging_mixin.py:190} INFO - [2024-10-13T15:15:07.961+0100] {dag.py:4180} INFO - Setting next_dagrun for tutorial_objectstorage to None, run_after=None
[2024-10-13T15:15:07.968+0100] {processor.py:208} INFO - Processing /opt/homebrew/Caskroom/miniconda/base/envs/airflow_env/lib/python3.9/site-packages/airflow/example_dags/tutorial_objectstorage.py took 0.076 seconds
[2024-10-13T15:16:15.160+0100] {processor.py:186} INFO - Started process (PID=68082) to work on /opt/homebrew/Caskroom/miniconda/base/envs/airflow_env/lib/python3.9/site-packages/airflow/example_dags/tutorial_objectstorage.py
[2024-10-13T15:16:15.160+0100] {processor.py:914} INFO - Processing file /opt/homebrew/Caskroom/miniconda/base/envs/airflow_env/lib/python3.9/site-packages/airflow/example_dags/tutorial_objectstorage.py for tasks to queue
[2024-10-13T15:16:15.161+0100] {logging_mixin.py:190} INFO - [2024-10-13T15:16:15.160+0100] {dagbag.py:588} INFO - Filling up the DagBag from /opt/homebrew/Caskroom/miniconda/base/envs/airflow_env/lib/python3.9/site-packages/airflow/example_dags/tutorial_objectstorage.py
[2024-10-13T15:16:15.193+0100] {processor.py:925} INFO - DAG(s) 'tutorial_objectstorage' retrieved from /opt/homebrew/Caskroom/miniconda/base/envs/airflow_env/lib/python3.9/site-packages/airflow/example_dags/tutorial_objectstorage.py
[2024-10-13T15:16:15.226+0100] {logging_mixin.py:190} INFO - [2024-10-13T15:16:15.225+0100] {dag.py:3239} INFO - Sync 1 DAGs
[2024-10-13T15:16:15.229+0100] {logging_mixin.py:190} INFO - [2024-10-13T15:16:15.229+0100] {dag.py:4180} INFO - Setting next_dagrun for tutorial_objectstorage to None, run_after=None
[2024-10-13T15:16:15.235+0100] {processor.py:208} INFO - Processing /opt/homebrew/Caskroom/miniconda/base/envs/airflow_env/lib/python3.9/site-packages/airflow/example_dags/tutorial_objectstorage.py took 0.077 seconds
[2024-10-13T15:17:19.534+0100] {processor.py:186} INFO - Started process (PID=68142) to work on /opt/homebrew/Caskroom/miniconda/base/envs/airflow_env/lib/python3.9/site-packages/airflow/example_dags/tutorial_objectstorage.py
[2024-10-13T15:17:19.535+0100] {processor.py:914} INFO - Processing file /opt/homebrew/Caskroom/miniconda/base/envs/airflow_env/lib/python3.9/site-packages/airflow/example_dags/tutorial_objectstorage.py for tasks to queue
[2024-10-13T15:17:19.535+0100] {logging_mixin.py:190} INFO - [2024-10-13T15:17:19.535+0100] {dagbag.py:588} INFO - Filling up the DagBag from /opt/homebrew/Caskroom/miniconda/base/envs/airflow_env/lib/python3.9/site-packages/airflow/example_dags/tutorial_objectstorage.py
[2024-10-13T15:17:19.568+0100] {processor.py:925} INFO - DAG(s) 'tutorial_objectstorage' retrieved from /opt/homebrew/Caskroom/miniconda/base/envs/airflow_env/lib/python3.9/site-packages/airflow/example_dags/tutorial_objectstorage.py
[2024-10-13T15:17:19.601+0100] {logging_mixin.py:190} INFO - [2024-10-13T15:17:19.601+0100] {dag.py:3239} INFO - Sync 1 DAGs
[2024-10-13T15:17:19.605+0100] {logging_mixin.py:190} INFO - [2024-10-13T15:17:19.605+0100] {dag.py:4180} INFO - Setting next_dagrun for tutorial_objectstorage to None, run_after=None
[2024-10-13T15:17:19.611+0100] {processor.py:208} INFO - Processing /opt/homebrew/Caskroom/miniconda/base/envs/airflow_env/lib/python3.9/site-packages/airflow/example_dags/tutorial_objectstorage.py took 0.079 seconds
[2024-10-13T15:18:25.438+0100] {processor.py:186} INFO - Started process (PID=68204) to work on /opt/homebrew/Caskroom/miniconda/base/envs/airflow_env/lib/python3.9/site-packages/airflow/example_dags/tutorial_objectstorage.py
[2024-10-13T15:18:25.438+0100] {processor.py:914} INFO - Processing file /opt/homebrew/Caskroom/miniconda/base/envs/airflow_env/lib/python3.9/site-packages/airflow/example_dags/tutorial_objectstorage.py for tasks to queue
[2024-10-13T15:18:25.439+0100] {logging_mixin.py:190} INFO - [2024-10-13T15:18:25.439+0100] {dagbag.py:588} INFO - Filling up the DagBag from /opt/homebrew/Caskroom/miniconda/base/envs/airflow_env/lib/python3.9/site-packages/airflow/example_dags/tutorial_objectstorage.py
[2024-10-13T15:18:25.490+0100] {processor.py:925} INFO - DAG(s) 'tutorial_objectstorage' retrieved from /opt/homebrew/Caskroom/miniconda/base/envs/airflow_env/lib/python3.9/site-packages/airflow/example_dags/tutorial_objectstorage.py
[2024-10-13T15:18:25.533+0100] {logging_mixin.py:190} INFO - [2024-10-13T15:18:25.533+0100] {dag.py:3239} INFO - Sync 1 DAGs
[2024-10-13T15:18:25.538+0100] {logging_mixin.py:190} INFO - [2024-10-13T15:18:25.537+0100] {dag.py:4180} INFO - Setting next_dagrun for tutorial_objectstorage to None, run_after=None
[2024-10-13T15:18:25.545+0100] {processor.py:208} INFO - Processing /opt/homebrew/Caskroom/miniconda/base/envs/airflow_env/lib/python3.9/site-packages/airflow/example_dags/tutorial_objectstorage.py took 0.109 seconds
[2024-10-13T15:19:32.962+0100] {processor.py:186} INFO - Started process (PID=68284) to work on /opt/homebrew/Caskroom/miniconda/base/envs/airflow_env/lib/python3.9/site-packages/airflow/example_dags/tutorial_objectstorage.py
[2024-10-13T15:19:32.962+0100] {processor.py:914} INFO - Processing file /opt/homebrew/Caskroom/miniconda/base/envs/airflow_env/lib/python3.9/site-packages/airflow/example_dags/tutorial_objectstorage.py for tasks to queue
[2024-10-13T15:19:32.963+0100] {logging_mixin.py:190} INFO - [2024-10-13T15:19:32.962+0100] {dagbag.py:588} INFO - Filling up the DagBag from /opt/homebrew/Caskroom/miniconda/base/envs/airflow_env/lib/python3.9/site-packages/airflow/example_dags/tutorial_objectstorage.py
[2024-10-13T15:19:32.993+0100] {processor.py:925} INFO - DAG(s) 'tutorial_objectstorage' retrieved from /opt/homebrew/Caskroom/miniconda/base/envs/airflow_env/lib/python3.9/site-packages/airflow/example_dags/tutorial_objectstorage.py
[2024-10-13T15:19:33.027+0100] {logging_mixin.py:190} INFO - [2024-10-13T15:19:33.027+0100] {dag.py:3239} INFO - Sync 1 DAGs
[2024-10-13T15:19:33.031+0100] {logging_mixin.py:190} INFO - [2024-10-13T15:19:33.031+0100] {dag.py:4180} INFO - Setting next_dagrun for tutorial_objectstorage to None, run_after=None
[2024-10-13T15:19:33.037+0100] {processor.py:208} INFO - Processing /opt/homebrew/Caskroom/miniconda/base/envs/airflow_env/lib/python3.9/site-packages/airflow/example_dags/tutorial_objectstorage.py took 0.077 seconds
[2024-10-13T15:20:38.769+0100] {processor.py:186} INFO - Started process (PID=68351) to work on /opt/homebrew/Caskroom/miniconda/base/envs/airflow_env/lib/python3.9/site-packages/airflow/example_dags/tutorial_objectstorage.py
[2024-10-13T15:20:38.769+0100] {processor.py:914} INFO - Processing file /opt/homebrew/Caskroom/miniconda/base/envs/airflow_env/lib/python3.9/site-packages/airflow/example_dags/tutorial_objectstorage.py for tasks to queue
[2024-10-13T15:20:38.770+0100] {logging_mixin.py:190} INFO - [2024-10-13T15:20:38.770+0100] {dagbag.py:588} INFO - Filling up the DagBag from /opt/homebrew/Caskroom/miniconda/base/envs/airflow_env/lib/python3.9/site-packages/airflow/example_dags/tutorial_objectstorage.py
[2024-10-13T15:20:38.800+0100] {processor.py:925} INFO - DAG(s) 'tutorial_objectstorage' retrieved from /opt/homebrew/Caskroom/miniconda/base/envs/airflow_env/lib/python3.9/site-packages/airflow/example_dags/tutorial_objectstorage.py
[2024-10-13T15:20:38.834+0100] {logging_mixin.py:190} INFO - [2024-10-13T15:20:38.834+0100] {dag.py:3239} INFO - Sync 1 DAGs
[2024-10-13T15:20:38.838+0100] {logging_mixin.py:190} INFO - [2024-10-13T15:20:38.838+0100] {dag.py:4180} INFO - Setting next_dagrun for tutorial_objectstorage to None, run_after=None
[2024-10-13T15:20:38.846+0100] {processor.py:208} INFO - Processing /opt/homebrew/Caskroom/miniconda/base/envs/airflow_env/lib/python3.9/site-packages/airflow/example_dags/tutorial_objectstorage.py took 0.079 seconds
[2024-10-13T15:21:43.278+0100] {processor.py:186} INFO - Started process (PID=68426) to work on /opt/homebrew/Caskroom/miniconda/base/envs/airflow_env/lib/python3.9/site-packages/airflow/example_dags/tutorial_objectstorage.py
[2024-10-13T15:21:43.279+0100] {processor.py:914} INFO - Processing file /opt/homebrew/Caskroom/miniconda/base/envs/airflow_env/lib/python3.9/site-packages/airflow/example_dags/tutorial_objectstorage.py for tasks to queue
[2024-10-13T15:21:43.279+0100] {logging_mixin.py:190} INFO - [2024-10-13T15:21:43.279+0100] {dagbag.py:588} INFO - Filling up the DagBag from /opt/homebrew/Caskroom/miniconda/base/envs/airflow_env/lib/python3.9/site-packages/airflow/example_dags/tutorial_objectstorage.py
[2024-10-13T15:21:43.314+0100] {processor.py:925} INFO - DAG(s) 'tutorial_objectstorage' retrieved from /opt/homebrew/Caskroom/miniconda/base/envs/airflow_env/lib/python3.9/site-packages/airflow/example_dags/tutorial_objectstorage.py
[2024-10-13T15:21:43.350+0100] {logging_mixin.py:190} INFO - [2024-10-13T15:21:43.350+0100] {dag.py:3239} INFO - Sync 1 DAGs
[2024-10-13T15:21:43.354+0100] {logging_mixin.py:190} INFO - [2024-10-13T15:21:43.353+0100] {dag.py:4180} INFO - Setting next_dagrun for tutorial_objectstorage to None, run_after=None
[2024-10-13T15:21:43.361+0100] {processor.py:208} INFO - Processing /opt/homebrew/Caskroom/miniconda/base/envs/airflow_env/lib/python3.9/site-packages/airflow/example_dags/tutorial_objectstorage.py took 0.085 seconds
[2024-10-13T15:22:46.370+0100] {processor.py:186} INFO - Started process (PID=68556) to work on /opt/homebrew/Caskroom/miniconda/base/envs/airflow_env/lib/python3.9/site-packages/airflow/example_dags/tutorial_objectstorage.py
[2024-10-13T15:22:46.371+0100] {processor.py:914} INFO - Processing file /opt/homebrew/Caskroom/miniconda/base/envs/airflow_env/lib/python3.9/site-packages/airflow/example_dags/tutorial_objectstorage.py for tasks to queue
[2024-10-13T15:22:46.372+0100] {logging_mixin.py:190} INFO - [2024-10-13T15:22:46.371+0100] {dagbag.py:588} INFO - Filling up the DagBag from /opt/homebrew/Caskroom/miniconda/base/envs/airflow_env/lib/python3.9/site-packages/airflow/example_dags/tutorial_objectstorage.py
[2024-10-13T15:22:46.403+0100] {processor.py:925} INFO - DAG(s) 'tutorial_objectstorage' retrieved from /opt/homebrew/Caskroom/miniconda/base/envs/airflow_env/lib/python3.9/site-packages/airflow/example_dags/tutorial_objectstorage.py
[2024-10-13T15:22:46.435+0100] {logging_mixin.py:190} INFO - [2024-10-13T15:22:46.435+0100] {dag.py:3239} INFO - Sync 1 DAGs
[2024-10-13T15:22:46.439+0100] {logging_mixin.py:190} INFO - [2024-10-13T15:22:46.439+0100] {dag.py:4180} INFO - Setting next_dagrun for tutorial_objectstorage to None, run_after=None
[2024-10-13T15:22:46.446+0100] {processor.py:208} INFO - Processing /opt/homebrew/Caskroom/miniconda/base/envs/airflow_env/lib/python3.9/site-packages/airflow/example_dags/tutorial_objectstorage.py took 0.078 seconds
[2024-10-13T15:23:49.211+0100] {processor.py:186} INFO - Started process (PID=68613) to work on /opt/homebrew/Caskroom/miniconda/base/envs/airflow_env/lib/python3.9/site-packages/airflow/example_dags/tutorial_objectstorage.py
[2024-10-13T15:23:49.212+0100] {processor.py:914} INFO - Processing file /opt/homebrew/Caskroom/miniconda/base/envs/airflow_env/lib/python3.9/site-packages/airflow/example_dags/tutorial_objectstorage.py for tasks to queue
[2024-10-13T15:23:49.212+0100] {logging_mixin.py:190} INFO - [2024-10-13T15:23:49.212+0100] {dagbag.py:588} INFO - Filling up the DagBag from /opt/homebrew/Caskroom/miniconda/base/envs/airflow_env/lib/python3.9/site-packages/airflow/example_dags/tutorial_objectstorage.py
[2024-10-13T15:23:49.247+0100] {processor.py:925} INFO - DAG(s) 'tutorial_objectstorage' retrieved from /opt/homebrew/Caskroom/miniconda/base/envs/airflow_env/lib/python3.9/site-packages/airflow/example_dags/tutorial_objectstorage.py
[2024-10-13T15:23:49.283+0100] {logging_mixin.py:190} INFO - [2024-10-13T15:23:49.283+0100] {dag.py:3239} INFO - Sync 1 DAGs
[2024-10-13T15:23:49.288+0100] {logging_mixin.py:190} INFO - [2024-10-13T15:23:49.288+0100] {dag.py:4180} INFO - Setting next_dagrun for tutorial_objectstorage to None, run_after=None
[2024-10-13T15:23:49.295+0100] {processor.py:208} INFO - Processing /opt/homebrew/Caskroom/miniconda/base/envs/airflow_env/lib/python3.9/site-packages/airflow/example_dags/tutorial_objectstorage.py took 0.086 seconds
[2024-10-13T15:24:55.307+0100] {processor.py:186} INFO - Started process (PID=68670) to work on /opt/homebrew/Caskroom/miniconda/base/envs/airflow_env/lib/python3.9/site-packages/airflow/example_dags/tutorial_objectstorage.py
[2024-10-13T15:24:55.309+0100] {processor.py:914} INFO - Processing file /opt/homebrew/Caskroom/miniconda/base/envs/airflow_env/lib/python3.9/site-packages/airflow/example_dags/tutorial_objectstorage.py for tasks to queue
[2024-10-13T15:24:55.310+0100] {logging_mixin.py:190} INFO - [2024-10-13T15:24:55.310+0100] {dagbag.py:588} INFO - Filling up the DagBag from /opt/homebrew/Caskroom/miniconda/base/envs/airflow_env/lib/python3.9/site-packages/airflow/example_dags/tutorial_objectstorage.py
[2024-10-13T15:24:55.351+0100] {processor.py:925} INFO - DAG(s) 'tutorial_objectstorage' retrieved from /opt/homebrew/Caskroom/miniconda/base/envs/airflow_env/lib/python3.9/site-packages/airflow/example_dags/tutorial_objectstorage.py
[2024-10-13T15:24:55.386+0100] {logging_mixin.py:190} INFO - [2024-10-13T15:24:55.386+0100] {dag.py:3239} INFO - Sync 1 DAGs
[2024-10-13T15:24:55.390+0100] {logging_mixin.py:190} INFO - [2024-10-13T15:24:55.390+0100] {dag.py:4180} INFO - Setting next_dagrun for tutorial_objectstorage to None, run_after=None
[2024-10-13T15:24:55.398+0100] {processor.py:208} INFO - Processing /opt/homebrew/Caskroom/miniconda/base/envs/airflow_env/lib/python3.9/site-packages/airflow/example_dags/tutorial_objectstorage.py took 0.093 seconds
[2024-10-13T15:26:00.103+0100] {processor.py:186} INFO - Started process (PID=68786) to work on /opt/homebrew/Caskroom/miniconda/base/envs/airflow_env/lib/python3.9/site-packages/airflow/example_dags/tutorial_objectstorage.py
[2024-10-13T15:26:00.105+0100] {processor.py:914} INFO - Processing file /opt/homebrew/Caskroom/miniconda/base/envs/airflow_env/lib/python3.9/site-packages/airflow/example_dags/tutorial_objectstorage.py for tasks to queue
[2024-10-13T15:26:00.106+0100] {logging_mixin.py:190} INFO - [2024-10-13T15:26:00.106+0100] {dagbag.py:588} INFO - Filling up the DagBag from /opt/homebrew/Caskroom/miniconda/base/envs/airflow_env/lib/python3.9/site-packages/airflow/example_dags/tutorial_objectstorage.py
[2024-10-13T15:26:00.137+0100] {processor.py:925} INFO - DAG(s) 'tutorial_objectstorage' retrieved from /opt/homebrew/Caskroom/miniconda/base/envs/airflow_env/lib/python3.9/site-packages/airflow/example_dags/tutorial_objectstorage.py
[2024-10-13T15:26:00.169+0100] {logging_mixin.py:190} INFO - [2024-10-13T15:26:00.169+0100] {dag.py:3239} INFO - Sync 1 DAGs
[2024-10-13T15:26:00.173+0100] {logging_mixin.py:190} INFO - [2024-10-13T15:26:00.173+0100] {dag.py:4180} INFO - Setting next_dagrun for tutorial_objectstorage to None, run_after=None
[2024-10-13T15:26:00.180+0100] {processor.py:208} INFO - Processing /opt/homebrew/Caskroom/miniconda/base/envs/airflow_env/lib/python3.9/site-packages/airflow/example_dags/tutorial_objectstorage.py took 0.078 seconds
